[0.529s] DEBUG:colcon:Command line arguments: ['/usr/bin/colcon', 'build', '--symlink-install']
[0.529s] DEBUG:colcon:Parsed command line arguments: Namespace(log_base=None, log_level=None, verb_name='build', build_base='build', install_base='install', merge_install=False, symlink_install=True, test_result_base=None, continue_on_error=False, executor='parallel', parallel_workers=16, event_handlers=None, ignore_user_meta=False, metas=['./colcon.meta'], base_paths=['.'], packages_ignore=None, packages_ignore_regex=None, paths=None, packages_up_to=None, packages_up_to_regex=None, packages_above=None, packages_above_and_dependencies=None, packages_above_depth=None, packages_select_by_dep=None, packages_skip_by_dep=None, packages_skip_up_to=None, packages_select_build_failed=False, packages_skip_build_finished=False, packages_select_test_failures=False, packages_skip_test_passed=False, packages_select=None, packages_skip=None, packages_select_regex=None, packages_skip_regex=None, packages_start=None, packages_end=None, allow_overriding=[], cmake_args=None, cmake_target=None, cmake_target_skip_unavailable=False, cmake_clean_cache=False, cmake_clean_first=False, cmake_force_configure=False, ament_cmake_args=None, catkin_cmake_args=None, catkin_skip_building_tests=False, mixin_files=None, mixin=None, verb_parser=<colcon_mixin.mixin.mixin_argument.MixinArgumentDecorator object at 0x7f5a45a0d5e0>, verb_extension=<colcon_core.verb.build.BuildVerb object at 0x7f5a45b4bb60>, main=<bound method BuildVerb.main of <colcon_core.verb.build.BuildVerb object at 0x7f5a45b4bb60>>, mixin_verb=('build',))
[0.595s] Level 1:colcon.colcon_core.package_discovery:discover_packages(colcon_meta) check parameters
[0.596s] Level 1:colcon.colcon_core.package_discovery:discover_packages(recursive) check parameters
[0.596s] Level 1:colcon.colcon_core.package_discovery:discover_packages(ignore) check parameters
[0.596s] Level 1:colcon.colcon_core.package_discovery:discover_packages(path) check parameters
[0.596s] Level 1:colcon.colcon_core.package_discovery:discover_packages(colcon_meta) discover
[0.596s] Level 1:colcon.colcon_core.package_discovery:discover_packages(recursive) discover
[0.596s] INFO:colcon.colcon_core.package_discovery:Crawling recursively for packages in '/home/ubuntu/quadro_ws'
[0.596s] Level 1:colcon.colcon_core.package_identification:_identify(.) by extensions ['ignore', 'ignore_ament_install']
[0.596s] Level 1:colcon.colcon_core.package_identification:_identify(.) by extension 'ignore'
[0.597s] Level 1:colcon.colcon_core.package_identification:_identify(.) by extension 'ignore_ament_install'
[0.597s] Level 1:colcon.colcon_core.package_identification:_identify(.) by extensions ['colcon_pkg']
[0.597s] Level 1:colcon.colcon_core.package_identification:_identify(.) by extension 'colcon_pkg'
[0.597s] Level 1:colcon.colcon_core.package_identification:_identify(.) by extensions ['colcon_meta']
[0.597s] Level 1:colcon.colcon_core.package_identification:_identify(.) by extension 'colcon_meta'
[0.597s] Level 1:colcon.colcon_core.package_identification:_identify(.) by extensions ['ros']
[0.597s] Level 1:colcon.colcon_core.package_identification:_identify(.) by extension 'ros'
[0.646s] Level 1:colcon.colcon_core.package_identification:_identify(.) by extensions ['cmake', 'python']
[0.646s] Level 1:colcon.colcon_core.package_identification:_identify(.) by extension 'cmake'
[0.646s] Level 1:colcon.colcon_core.package_identification:_identify(.) by extension 'python'
[0.646s] Level 1:colcon.colcon_core.package_identification:_identify(.) by extensions ['python_setup_py']
[0.646s] Level 1:colcon.colcon_core.package_identification:_identify(.) by extension 'python_setup_py'
[0.646s] Level 1:colcon.colcon_core.package_identification:_identify(build) by extensions ['ignore', 'ignore_ament_install']
[0.647s] Level 1:colcon.colcon_core.package_identification:_identify(build) by extension 'ignore'
[0.647s] Level 1:colcon.colcon_core.package_identification:_identify(build) ignored
[0.647s] Level 1:colcon.colcon_core.package_identification:_identify(install) by extensions ['ignore', 'ignore_ament_install']
[0.647s] Level 1:colcon.colcon_core.package_identification:_identify(install) by extension 'ignore'
[0.647s] Level 1:colcon.colcon_core.package_identification:_identify(install) ignored
[0.647s] Level 1:colcon.colcon_core.package_identification:_identify(log) by extensions ['ignore', 'ignore_ament_install']
[0.648s] Level 1:colcon.colcon_core.package_identification:_identify(log) by extension 'ignore'
[0.648s] Level 1:colcon.colcon_core.package_identification:_identify(log) ignored
[0.648s] Level 1:colcon.colcon_core.package_identification:_identify(src) by extensions ['ignore', 'ignore_ament_install']
[0.648s] Level 1:colcon.colcon_core.package_identification:_identify(src) by extension 'ignore'
[0.648s] Level 1:colcon.colcon_core.package_identification:_identify(src) by extension 'ignore_ament_install'
[0.648s] Level 1:colcon.colcon_core.package_identification:_identify(src) by extensions ['colcon_pkg']
[0.648s] Level 1:colcon.colcon_core.package_identification:_identify(src) by extension 'colcon_pkg'
[0.648s] Level 1:colcon.colcon_core.package_identification:_identify(src) by extensions ['colcon_meta']
[0.649s] Level 1:colcon.colcon_core.package_identification:_identify(src) by extension 'colcon_meta'
[0.649s] Level 1:colcon.colcon_core.package_identification:_identify(src) by extensions ['ros']
[0.649s] Level 1:colcon.colcon_core.package_identification:_identify(src) by extension 'ros'
[0.649s] Level 1:colcon.colcon_core.package_identification:_identify(src) by extensions ['cmake', 'python']
[0.649s] Level 1:colcon.colcon_core.package_identification:_identify(src) by extension 'cmake'
[0.649s] Level 1:colcon.colcon_core.package_identification:_identify(src) by extension 'python'
[0.649s] Level 1:colcon.colcon_core.package_identification:_identify(src) by extensions ['python_setup_py']
[0.649s] Level 1:colcon.colcon_core.package_identification:_identify(src) by extension 'python_setup_py'
[0.649s] Level 1:colcon.colcon_core.package_identification:_identify(src/dgz_keyboard) by extensions ['ignore', 'ignore_ament_install']
[0.649s] Level 1:colcon.colcon_core.package_identification:_identify(src/dgz_keyboard) by extension 'ignore'
[0.650s] Level 1:colcon.colcon_core.package_identification:_identify(src/dgz_keyboard) by extension 'ignore_ament_install'
[0.650s] Level 1:colcon.colcon_core.package_identification:_identify(src/dgz_keyboard) by extensions ['colcon_pkg']
[0.650s] Level 1:colcon.colcon_core.package_identification:_identify(src/dgz_keyboard) by extension 'colcon_pkg'
[0.650s] Level 1:colcon.colcon_core.package_identification:_identify(src/dgz_keyboard) by extensions ['colcon_meta']
[0.650s] Level 1:colcon.colcon_core.package_identification:_identify(src/dgz_keyboard) by extension 'colcon_meta'
[0.650s] Level 1:colcon.colcon_core.package_identification:_identify(src/dgz_keyboard) by extensions ['ros']
[0.650s] Level 1:colcon.colcon_core.package_identification:_identify(src/dgz_keyboard) by extension 'ros'
[0.654s] DEBUG:colcon.colcon_core.package_identification:Package 'src/dgz_keyboard' with type 'ros.ament_cmake' and name 'dgz_keyboard'
[0.654s] Level 1:colcon.colcon_core.package_identification:_identify(src/dgz_viewer) by extensions ['ignore', 'ignore_ament_install']
[0.654s] Level 1:colcon.colcon_core.package_identification:_identify(src/dgz_viewer) by extension 'ignore'
[0.654s] Level 1:colcon.colcon_core.package_identification:_identify(src/dgz_viewer) by extension 'ignore_ament_install'
[0.655s] Level 1:colcon.colcon_core.package_identification:_identify(src/dgz_viewer) by extensions ['colcon_pkg']
[0.655s] Level 1:colcon.colcon_core.package_identification:_identify(src/dgz_viewer) by extension 'colcon_pkg'
[0.655s] Level 1:colcon.colcon_core.package_identification:_identify(src/dgz_viewer) by extensions ['colcon_meta']
[0.655s] Level 1:colcon.colcon_core.package_identification:_identify(src/dgz_viewer) by extension 'colcon_meta'
[0.655s] Level 1:colcon.colcon_core.package_identification:_identify(src/dgz_viewer) by extensions ['ros']
[0.655s] Level 1:colcon.colcon_core.package_identification:_identify(src/dgz_viewer) by extension 'ros'
[0.656s] DEBUG:colcon.colcon_core.package_identification:Package 'src/dgz_viewer' with type 'ros.ament_cmake' and name 'dgz_viewer'
[0.656s] Level 1:colcon.colcon_core.package_identification:_identify(src/quadrobot_viewer) by extensions ['ignore', 'ignore_ament_install']
[0.657s] Level 1:colcon.colcon_core.package_identification:_identify(src/quadrobot_viewer) by extension 'ignore'
[0.657s] Level 1:colcon.colcon_core.package_identification:_identify(src/quadrobot_viewer) by extension 'ignore_ament_install'
[0.657s] Level 1:colcon.colcon_core.package_identification:_identify(src/quadrobot_viewer) by extensions ['colcon_pkg']
[0.657s] Level 1:colcon.colcon_core.package_identification:_identify(src/quadrobot_viewer) by extension 'colcon_pkg'
[0.657s] Level 1:colcon.colcon_core.package_identification:_identify(src/quadrobot_viewer) by extensions ['colcon_meta']
[0.657s] Level 1:colcon.colcon_core.package_identification:_identify(src/quadrobot_viewer) by extension 'colcon_meta'
[0.657s] Level 1:colcon.colcon_core.package_identification:_identify(src/quadrobot_viewer) by extensions ['ros']
[0.657s] Level 1:colcon.colcon_core.package_identification:_identify(src/quadrobot_viewer) by extension 'ros'
[0.659s] DEBUG:colcon.colcon_core.package_identification:Package 'src/quadrobot_viewer' with type 'ros.ament_cmake' and name 'quadrobot_viewer'
[0.659s] Level 1:colcon.colcon_core.package_identification:_identify(src/ros_gz_bridge_test) by extensions ['ignore', 'ignore_ament_install']
[0.660s] Level 1:colcon.colcon_core.package_identification:_identify(src/ros_gz_bridge_test) by extension 'ignore'
[0.660s] Level 1:colcon.colcon_core.package_identification:_identify(src/ros_gz_bridge_test) by extension 'ignore_ament_install'
[0.660s] Level 1:colcon.colcon_core.package_identification:_identify(src/ros_gz_bridge_test) by extensions ['colcon_pkg']
[0.660s] Level 1:colcon.colcon_core.package_identification:_identify(src/ros_gz_bridge_test) by extension 'colcon_pkg'
[0.660s] Level 1:colcon.colcon_core.package_identification:_identify(src/ros_gz_bridge_test) by extensions ['colcon_meta']
[0.660s] Level 1:colcon.colcon_core.package_identification:_identify(src/ros_gz_bridge_test) by extension 'colcon_meta'
[0.660s] Level 1:colcon.colcon_core.package_identification:_identify(src/ros_gz_bridge_test) by extensions ['ros']
[0.660s] Level 1:colcon.colcon_core.package_identification:_identify(src/ros_gz_bridge_test) by extension 'ros'
[0.661s] DEBUG:colcon.colcon_core.package_identification:Package 'src/ros_gz_bridge_test' with type 'ros.ament_cmake' and name 'ros_gz_bridge_test'
[0.661s] Level 1:colcon.colcon_core.package_identification:_identify(src/space_interfaces) by extensions ['ignore', 'ignore_ament_install']
[0.661s] Level 1:colcon.colcon_core.package_identification:_identify(src/space_interfaces) by extension 'ignore'
[0.661s] Level 1:colcon.colcon_core.package_identification:_identify(src/space_interfaces) by extension 'ignore_ament_install'
[0.662s] Level 1:colcon.colcon_core.package_identification:_identify(src/space_interfaces) by extensions ['colcon_pkg']
[0.662s] Level 1:colcon.colcon_core.package_identification:_identify(src/space_interfaces) by extension 'colcon_pkg'
[0.662s] Level 1:colcon.colcon_core.package_identification:_identify(src/space_interfaces) by extensions ['colcon_meta']
[0.662s] Level 1:colcon.colcon_core.package_identification:_identify(src/space_interfaces) by extension 'colcon_meta'
[0.662s] Level 1:colcon.colcon_core.package_identification:_identify(src/space_interfaces) by extensions ['ros']
[0.662s] Level 1:colcon.colcon_core.package_identification:_identify(src/space_interfaces) by extension 'ros'
[0.663s] DEBUG:colcon.colcon_core.package_identification:Package 'src/space_interfaces' with type 'ros.ament_cmake' and name 'space_interfaces'
[0.663s] Level 1:colcon.colcon_core.package_discovery:discover_packages(recursive) using defaults
[0.663s] Level 1:colcon.colcon_core.package_discovery:discover_packages(ignore) discover
[0.663s] Level 1:colcon.colcon_core.package_discovery:discover_packages(ignore) using defaults
[0.663s] Level 1:colcon.colcon_core.package_discovery:discover_packages(path) discover
[0.663s] Level 1:colcon.colcon_core.package_discovery:discover_packages(path) using defaults
[0.693s] Level 1:colcon.colcon_core.package_discovery:discover_packages(prefix_path) check parameters
[0.693s] Level 1:colcon.colcon_core.package_discovery:discover_packages(prefix_path) discover
[0.697s] DEBUG:colcon.colcon_installed_package_information.package_discovery:Found 377 installed packages in /opt/ros/jazzy
[0.699s] Level 1:colcon.colcon_core.package_discovery:discover_packages(prefix_path) using defaults
[0.795s] Level 5:colcon.colcon_core.verb:set package 'dgz_viewer' build argument 'cmake_args' from command line to 'None'
[0.795s] Level 5:colcon.colcon_core.verb:set package 'dgz_viewer' build argument 'cmake_target' from command line to 'None'
[0.795s] Level 5:colcon.colcon_core.verb:set package 'dgz_viewer' build argument 'cmake_target_skip_unavailable' from command line to 'False'
[0.795s] Level 5:colcon.colcon_core.verb:set package 'dgz_viewer' build argument 'cmake_clean_cache' from command line to 'False'
[0.795s] Level 5:colcon.colcon_core.verb:set package 'dgz_viewer' build argument 'cmake_clean_first' from command line to 'False'
[0.795s] Level 5:colcon.colcon_core.verb:set package 'dgz_viewer' build argument 'cmake_force_configure' from command line to 'False'
[0.795s] Level 5:colcon.colcon_core.verb:set package 'dgz_viewer' build argument 'ament_cmake_args' from command line to 'None'
[0.795s] Level 5:colcon.colcon_core.verb:set package 'dgz_viewer' build argument 'catkin_cmake_args' from command line to 'None'
[0.795s] Level 5:colcon.colcon_core.verb:set package 'dgz_viewer' build argument 'catkin_skip_building_tests' from command line to 'False'
[0.795s] DEBUG:colcon.colcon_core.verb:Building package 'dgz_viewer' with the following arguments: {'ament_cmake_args': None, 'build_base': '/home/ubuntu/quadro_ws/build/dgz_viewer', 'catkin_cmake_args': None, 'catkin_skip_building_tests': False, 'cmake_args': None, 'cmake_clean_cache': False, 'cmake_clean_first': False, 'cmake_force_configure': False, 'cmake_target': None, 'cmake_target_skip_unavailable': False, 'install_base': '/home/ubuntu/quadro_ws/install/dgz_viewer', 'merge_install': False, 'path': '/home/ubuntu/quadro_ws/src/dgz_viewer', 'symlink_install': True, 'test_result_base': None}
[0.796s] Level 5:colcon.colcon_core.verb:set package 'quadrobot_viewer' build argument 'cmake_args' from command line to 'None'
[0.796s] Level 5:colcon.colcon_core.verb:set package 'quadrobot_viewer' build argument 'cmake_target' from command line to 'None'
[0.796s] Level 5:colcon.colcon_core.verb:set package 'quadrobot_viewer' build argument 'cmake_target_skip_unavailable' from command line to 'False'
[0.796s] Level 5:colcon.colcon_core.verb:set package 'quadrobot_viewer' build argument 'cmake_clean_cache' from command line to 'False'
[0.796s] Level 5:colcon.colcon_core.verb:set package 'quadrobot_viewer' build argument 'cmake_clean_first' from command line to 'False'
[0.796s] Level 5:colcon.colcon_core.verb:set package 'quadrobot_viewer' build argument 'cmake_force_configure' from command line to 'False'
[0.796s] Level 5:colcon.colcon_core.verb:set package 'quadrobot_viewer' build argument 'ament_cmake_args' from command line to 'None'
[0.796s] Level 5:colcon.colcon_core.verb:set package 'quadrobot_viewer' build argument 'catkin_cmake_args' from command line to 'None'
[0.796s] Level 5:colcon.colcon_core.verb:set package 'quadrobot_viewer' build argument 'catkin_skip_building_tests' from command line to 'False'
[0.796s] DEBUG:colcon.colcon_core.verb:Building package 'quadrobot_viewer' with the following arguments: {'ament_cmake_args': None, 'build_base': '/home/ubuntu/quadro_ws/build/quadrobot_viewer', 'catkin_cmake_args': None, 'catkin_skip_building_tests': False, 'cmake_args': None, 'cmake_clean_cache': False, 'cmake_clean_first': False, 'cmake_force_configure': False, 'cmake_target': None, 'cmake_target_skip_unavailable': False, 'install_base': '/home/ubuntu/quadro_ws/install/quadrobot_viewer', 'merge_install': False, 'path': '/home/ubuntu/quadro_ws/src/quadrobot_viewer', 'symlink_install': True, 'test_result_base': None}
[0.796s] Level 5:colcon.colcon_core.verb:set package 'ros_gz_bridge_test' build argument 'cmake_args' from command line to 'None'
[0.797s] Level 5:colcon.colcon_core.verb:set package 'ros_gz_bridge_test' build argument 'cmake_target' from command line to 'None'
[0.797s] Level 5:colcon.colcon_core.verb:set package 'ros_gz_bridge_test' build argument 'cmake_target_skip_unavailable' from command line to 'False'
[0.797s] Level 5:colcon.colcon_core.verb:set package 'ros_gz_bridge_test' build argument 'cmake_clean_cache' from command line to 'False'
[0.797s] Level 5:colcon.colcon_core.verb:set package 'ros_gz_bridge_test' build argument 'cmake_clean_first' from command line to 'False'
[0.797s] Level 5:colcon.colcon_core.verb:set package 'ros_gz_bridge_test' build argument 'cmake_force_configure' from command line to 'False'
[0.797s] Level 5:colcon.colcon_core.verb:set package 'ros_gz_bridge_test' build argument 'ament_cmake_args' from command line to 'None'
[0.797s] Level 5:colcon.colcon_core.verb:set package 'ros_gz_bridge_test' build argument 'catkin_cmake_args' from command line to 'None'
[0.797s] Level 5:colcon.colcon_core.verb:set package 'ros_gz_bridge_test' build argument 'catkin_skip_building_tests' from command line to 'False'
[0.797s] DEBUG:colcon.colcon_core.verb:Building package 'ros_gz_bridge_test' with the following arguments: {'ament_cmake_args': None, 'build_base': '/home/ubuntu/quadro_ws/build/ros_gz_bridge_test', 'catkin_cmake_args': None, 'catkin_skip_building_tests': False, 'cmake_args': None, 'cmake_clean_cache': False, 'cmake_clean_first': False, 'cmake_force_configure': False, 'cmake_target': None, 'cmake_target_skip_unavailable': False, 'install_base': '/home/ubuntu/quadro_ws/install/ros_gz_bridge_test', 'merge_install': False, 'path': '/home/ubuntu/quadro_ws/src/ros_gz_bridge_test', 'symlink_install': True, 'test_result_base': None}
[0.797s] Level 5:colcon.colcon_core.verb:set package 'space_interfaces' build argument 'cmake_args' from command line to 'None'
[0.797s] Level 5:colcon.colcon_core.verb:set package 'space_interfaces' build argument 'cmake_target' from command line to 'None'
[0.797s] Level 5:colcon.colcon_core.verb:set package 'space_interfaces' build argument 'cmake_target_skip_unavailable' from command line to 'False'
[0.797s] Level 5:colcon.colcon_core.verb:set package 'space_interfaces' build argument 'cmake_clean_cache' from command line to 'False'
[0.797s] Level 5:colcon.colcon_core.verb:set package 'space_interfaces' build argument 'cmake_clean_first' from command line to 'False'
[0.797s] Level 5:colcon.colcon_core.verb:set package 'space_interfaces' build argument 'cmake_force_configure' from command line to 'False'
[0.797s] Level 5:colcon.colcon_core.verb:set package 'space_interfaces' build argument 'ament_cmake_args' from command line to 'None'
[0.797s] Level 5:colcon.colcon_core.verb:set package 'space_interfaces' build argument 'catkin_cmake_args' from command line to 'None'
[0.798s] Level 5:colcon.colcon_core.verb:set package 'space_interfaces' build argument 'catkin_skip_building_tests' from command line to 'False'
[0.798s] DEBUG:colcon.colcon_core.verb:Building package 'space_interfaces' with the following arguments: {'ament_cmake_args': None, 'build_base': '/home/ubuntu/quadro_ws/build/space_interfaces', 'catkin_cmake_args': None, 'catkin_skip_building_tests': False, 'cmake_args': None, 'cmake_clean_cache': False, 'cmake_clean_first': False, 'cmake_force_configure': False, 'cmake_target': None, 'cmake_target_skip_unavailable': False, 'install_base': '/home/ubuntu/quadro_ws/install/space_interfaces', 'merge_install': False, 'path': '/home/ubuntu/quadro_ws/src/space_interfaces', 'symlink_install': True, 'test_result_base': None}
[0.798s] Level 5:colcon.colcon_core.verb:set package 'dgz_keyboard' build argument 'cmake_args' from command line to 'None'
[0.798s] Level 5:colcon.colcon_core.verb:set package 'dgz_keyboard' build argument 'cmake_target' from command line to 'None'
[0.798s] Level 5:colcon.colcon_core.verb:set package 'dgz_keyboard' build argument 'cmake_target_skip_unavailable' from command line to 'False'
[0.798s] Level 5:colcon.colcon_core.verb:set package 'dgz_keyboard' build argument 'cmake_clean_cache' from command line to 'False'
[0.799s] Level 5:colcon.colcon_core.verb:set package 'dgz_keyboard' build argument 'cmake_clean_first' from command line to 'False'
[0.799s] Level 5:colcon.colcon_core.verb:set package 'dgz_keyboard' build argument 'cmake_force_configure' from command line to 'False'
[0.799s] Level 5:colcon.colcon_core.verb:set package 'dgz_keyboard' build argument 'ament_cmake_args' from command line to 'None'
[0.799s] Level 5:colcon.colcon_core.verb:set package 'dgz_keyboard' build argument 'catkin_cmake_args' from command line to 'None'
[0.799s] Level 5:colcon.colcon_core.verb:set package 'dgz_keyboard' build argument 'catkin_skip_building_tests' from command line to 'False'
[0.799s] DEBUG:colcon.colcon_core.verb:Building package 'dgz_keyboard' with the following arguments: {'ament_cmake_args': None, 'build_base': '/home/ubuntu/quadro_ws/build/dgz_keyboard', 'catkin_cmake_args': None, 'catkin_skip_building_tests': False, 'cmake_args': None, 'cmake_clean_cache': False, 'cmake_clean_first': False, 'cmake_force_configure': False, 'cmake_target': None, 'cmake_target_skip_unavailable': False, 'install_base': '/home/ubuntu/quadro_ws/install/dgz_keyboard', 'merge_install': False, 'path': '/home/ubuntu/quadro_ws/src/dgz_keyboard', 'symlink_install': True, 'test_result_base': None}
[0.799s] INFO:colcon.colcon_core.executor:Executing jobs using 'parallel' executor
[0.801s] DEBUG:colcon.colcon_parallel_executor.executor.parallel:run_until_complete
[0.801s] INFO:colcon.colcon_ros.task.ament_cmake.build:Building ROS package in '/home/ubuntu/quadro_ws/src/space_interfaces' with build type 'ament_cmake'
[0.802s] INFO:colcon.colcon_cmake.task.cmake.build:Building CMake package in '/home/ubuntu/quadro_ws/src/space_interfaces'
[0.805s] INFO:colcon.colcon_core.plugin_system:Skipping extension 'colcon_core.shell.bat': Not used on non-Windows systems
[0.805s] INFO:colcon.colcon_core.shell:Skip shell extension 'powershell' for command environment: Not usable outside of PowerShell
[0.805s] DEBUG:colcon.colcon_core.shell:Skip shell extension 'dsv' for command environment
[0.810s] INFO:colcon.colcon_ros.task.ament_cmake.build:Building ROS package in '/home/ubuntu/quadro_ws/src/dgz_viewer' with build type 'ament_cmake'
[0.810s] INFO:colcon.colcon_cmake.task.cmake.build:Building CMake package in '/home/ubuntu/quadro_ws/src/dgz_viewer'
[0.810s] INFO:colcon.colcon_core.shell:Skip shell extension 'powershell' for command environment: Not usable outside of PowerShell
[0.810s] DEBUG:colcon.colcon_core.shell:Skip shell extension 'dsv' for command environment
[0.816s] INFO:colcon.colcon_ros.task.ament_cmake.build:Building ROS package in '/home/ubuntu/quadro_ws/src/quadrobot_viewer' with build type 'ament_cmake'
[0.816s] INFO:colcon.colcon_cmake.task.cmake.build:Building CMake package in '/home/ubuntu/quadro_ws/src/quadrobot_viewer'
[0.816s] INFO:colcon.colcon_core.shell:Skip shell extension 'powershell' for command environment: Not usable outside of PowerShell
[0.816s] DEBUG:colcon.colcon_core.shell:Skip shell extension 'dsv' for command environment
[0.822s] INFO:colcon.colcon_ros.task.ament_cmake.build:Building ROS package in '/home/ubuntu/quadro_ws/src/ros_gz_bridge_test' with build type 'ament_cmake'
[0.822s] INFO:colcon.colcon_cmake.task.cmake.build:Building CMake package in '/home/ubuntu/quadro_ws/src/ros_gz_bridge_test'
[0.823s] INFO:colcon.colcon_core.shell:Skip shell extension 'powershell' for command environment: Not usable outside of PowerShell
[0.823s] DEBUG:colcon.colcon_core.shell:Skip shell extension 'dsv' for command environment
[0.834s] DEBUG:colcon.colcon_core.event_handler.log_command:Invoking command in '/home/ubuntu/quadro_ws/build/space_interfaces': CMAKE_PREFIX_PATH=${CMAKE_PREFIX_PATH}:/opt/ros/jazzy /usr/bin/cmake /home/ubuntu/quadro_ws/src/space_interfaces -DAMENT_CMAKE_SYMLINK_INSTALL=1 -DCMAKE_INSTALL_PREFIX=/home/ubuntu/quadro_ws/install/space_interfaces
[0.837s] DEBUG:colcon.colcon_core.event_handler.log_command:Invoking command in '/home/ubuntu/quadro_ws/build/dgz_viewer': CMAKE_PREFIX_PATH=${CMAKE_PREFIX_PATH}:/opt/ros/jazzy /usr/bin/cmake /home/ubuntu/quadro_ws/src/dgz_viewer -DAMENT_CMAKE_SYMLINK_INSTALL=1 -DCMAKE_INSTALL_PREFIX=/home/ubuntu/quadro_ws/install/dgz_viewer
[0.842s] DEBUG:colcon.colcon_core.event_handler.log_command:Invoking command in '/home/ubuntu/quadro_ws/build/quadrobot_viewer': CMAKE_PREFIX_PATH=${CMAKE_PREFIX_PATH}:/opt/ros/jazzy /usr/bin/cmake /home/ubuntu/quadro_ws/src/quadrobot_viewer -DAMENT_CMAKE_SYMLINK_INSTALL=1 -DCMAKE_INSTALL_PREFIX=/home/ubuntu/quadro_ws/install/quadrobot_viewer
[0.848s] DEBUG:colcon.colcon_core.event_handler.log_command:Invoking command in '/home/ubuntu/quadro_ws/build/ros_gz_bridge_test': CMAKE_PREFIX_PATH=${CMAKE_PREFIX_PATH}:/opt/ros/jazzy /usr/bin/cmake /home/ubuntu/quadro_ws/src/ros_gz_bridge_test -DAMENT_CMAKE_SYMLINK_INSTALL=1 -DCMAKE_INSTALL_PREFIX=/home/ubuntu/quadro_ws/install/ros_gz_bridge_test
[6.826s] DEBUG:colcon.colcon_core.event_handler.log_command:Invoked command in '/home/ubuntu/quadro_ws/build/dgz_viewer' returned '0': CMAKE_PREFIX_PATH=${CMAKE_PREFIX_PATH}:/opt/ros/jazzy /usr/bin/cmake /home/ubuntu/quadro_ws/src/dgz_viewer -DAMENT_CMAKE_SYMLINK_INSTALL=1 -DCMAKE_INSTALL_PREFIX=/home/ubuntu/quadro_ws/install/dgz_viewer
[6.829s] DEBUG:colcon.colcon_core.event_handler.log_command:Invoking command in '/home/ubuntu/quadro_ws/build/dgz_viewer': CMAKE_PREFIX_PATH=${CMAKE_PREFIX_PATH}:/opt/ros/jazzy /usr/bin/cmake --build /home/ubuntu/quadro_ws/build/dgz_viewer -- -j16 -l16
[6.881s] DEBUG:colcon.colcon_core.event_handler.log_command:Invoked command in '/home/ubuntu/quadro_ws/build/dgz_viewer' returned '0': CMAKE_PREFIX_PATH=${CMAKE_PREFIX_PATH}:/opt/ros/jazzy /usr/bin/cmake --build /home/ubuntu/quadro_ws/build/dgz_viewer -- -j16 -l16
[6.922s] DEBUG:colcon.colcon_core.event_handler.log_command:Invoking command in '/home/ubuntu/quadro_ws/build/dgz_viewer': CMAKE_PREFIX_PATH=${CMAKE_PREFIX_PATH}:/opt/ros/jazzy /usr/bin/cmake --install /home/ubuntu/quadro_ws/build/dgz_viewer
[6.925s] DEBUG:colcon.colcon_core.event_handler.log_command:Invoked command in '/home/ubuntu/quadro_ws/build/quadrobot_viewer' returned '0': CMAKE_PREFIX_PATH=${CMAKE_PREFIX_PATH}:/opt/ros/jazzy /usr/bin/cmake /home/ubuntu/quadro_ws/src/quadrobot_viewer -DAMENT_CMAKE_SYMLINK_INSTALL=1 -DCMAKE_INSTALL_PREFIX=/home/ubuntu/quadro_ws/install/quadrobot_viewer
[6.927s] DEBUG:colcon.colcon_core.event_handler.log_command:Invoking command in '/home/ubuntu/quadro_ws/build/quadrobot_viewer': CMAKE_PREFIX_PATH=${CMAKE_PREFIX_PATH}:/opt/ros/jazzy /usr/bin/cmake --build /home/ubuntu/quadro_ws/build/quadrobot_viewer -- -j16 -l16
[6.972s] DEBUG:colcon.colcon_core.event_handler.log_command:Invoked command in '/home/ubuntu/quadro_ws/build/quadrobot_viewer' returned '0': CMAKE_PREFIX_PATH=${CMAKE_PREFIX_PATH}:/opt/ros/jazzy /usr/bin/cmake --build /home/ubuntu/quadro_ws/build/quadrobot_viewer -- -j16 -l16
[7.004s] DEBUG:colcon.colcon_core.event_handler.log_command:Invoking command in '/home/ubuntu/quadro_ws/build/quadrobot_viewer': CMAKE_PREFIX_PATH=${CMAKE_PREFIX_PATH}:/opt/ros/jazzy /usr/bin/cmake --install /home/ubuntu/quadro_ws/build/quadrobot_viewer
[7.522s] Level 1:colcon.colcon_core.environment:create_environment_scripts_only(quadrobot_viewer)
[7.524s] DEBUG:colcon.colcon_core.event_handler.log_command:Invoked command in '/home/ubuntu/quadro_ws/build/quadrobot_viewer' returned '0': CMAKE_PREFIX_PATH=${CMAKE_PREFIX_PATH}:/opt/ros/jazzy /usr/bin/cmake --install /home/ubuntu/quadro_ws/build/quadrobot_viewer
[7.528s] Level 1:colcon.colcon_core.environment:checking '/home/ubuntu/quadro_ws/install/quadrobot_viewer' for CMake module files
[7.529s] Level 1:colcon.colcon_core.environment:checking '/home/ubuntu/quadro_ws/install/quadrobot_viewer' for CMake config files
[7.529s] Level 1:colcon.colcon_core.shell:create_environment_hook('quadrobot_viewer', 'cmake_prefix_path')
[7.529s] INFO:colcon.colcon_core.shell:Creating environment hook '/home/ubuntu/quadro_ws/install/quadrobot_viewer/share/quadrobot_viewer/hook/cmake_prefix_path.ps1'
[7.530s] INFO:colcon.colcon_core.shell:Creating environment descriptor '/home/ubuntu/quadro_ws/install/quadrobot_viewer/share/quadrobot_viewer/hook/cmake_prefix_path.dsv'
[7.531s] INFO:colcon.colcon_core.shell:Creating environment hook '/home/ubuntu/quadro_ws/install/quadrobot_viewer/share/quadrobot_viewer/hook/cmake_prefix_path.sh'
[7.532s] Level 1:colcon.colcon_core.environment:checking '/home/ubuntu/quadro_ws/install/quadrobot_viewer/bin'
[7.532s] Level 1:colcon.colcon_core.environment:checking '/home/ubuntu/quadro_ws/install/quadrobot_viewer/lib/pkgconfig/quadrobot_viewer.pc'
[7.533s] Level 1:colcon.colcon_core.environment:checking '/home/ubuntu/quadro_ws/install/quadrobot_viewer/lib/python3.12/site-packages'
[7.533s] Level 1:colcon.colcon_core.environment:checking '/home/ubuntu/quadro_ws/install/quadrobot_viewer/bin'
[7.533s] INFO:colcon.colcon_core.shell:Creating package script '/home/ubuntu/quadro_ws/install/quadrobot_viewer/share/quadrobot_viewer/package.ps1'
[7.534s] INFO:colcon.colcon_core.shell:Creating package descriptor '/home/ubuntu/quadro_ws/install/quadrobot_viewer/share/quadrobot_viewer/package.dsv'
[7.536s] INFO:colcon.colcon_core.shell:Creating package script '/home/ubuntu/quadro_ws/install/quadrobot_viewer/share/quadrobot_viewer/package.sh'
[7.537s] INFO:colcon.colcon_core.shell:Creating package script '/home/ubuntu/quadro_ws/install/quadrobot_viewer/share/quadrobot_viewer/package.bash'
[7.538s] INFO:colcon.colcon_core.shell:Creating package script '/home/ubuntu/quadro_ws/install/quadrobot_viewer/share/quadrobot_viewer/package.zsh'
[7.539s] Level 1:colcon.colcon_core.environment:create_file_with_runtime_dependencies(/home/ubuntu/quadro_ws/install/quadrobot_viewer/share/colcon-core/packages/quadrobot_viewer)
[7.577s] Level 1:colcon.colcon_core.environment:create_environment_scripts_only(quadrobot_viewer)
[7.577s] Level 1:colcon.colcon_core.environment:checking '/home/ubuntu/quadro_ws/install/quadrobot_viewer' for CMake module files
[7.579s] Level 1:colcon.colcon_core.environment:checking '/home/ubuntu/quadro_ws/install/quadrobot_viewer' for CMake config files
[7.579s] Level 1:colcon.colcon_core.shell:create_environment_hook('quadrobot_viewer', 'cmake_prefix_path')
[7.580s] INFO:colcon.colcon_core.shell:Creating environment hook '/home/ubuntu/quadro_ws/install/quadrobot_viewer/share/quadrobot_viewer/hook/cmake_prefix_path.ps1'
[7.580s] INFO:colcon.colcon_core.shell:Creating environment descriptor '/home/ubuntu/quadro_ws/install/quadrobot_viewer/share/quadrobot_viewer/hook/cmake_prefix_path.dsv'
[7.581s] INFO:colcon.colcon_core.shell:Creating environment hook '/home/ubuntu/quadro_ws/install/quadrobot_viewer/share/quadrobot_viewer/hook/cmake_prefix_path.sh'
[7.582s] Level 1:colcon.colcon_core.environment:checking '/home/ubuntu/quadro_ws/install/quadrobot_viewer/bin'
[7.583s] Level 1:colcon.colcon_core.environment:checking '/home/ubuntu/quadro_ws/install/quadrobot_viewer/lib/pkgconfig/quadrobot_viewer.pc'
[7.583s] Level 1:colcon.colcon_core.environment:checking '/home/ubuntu/quadro_ws/install/quadrobot_viewer/lib/python3.12/site-packages'
[7.583s] Level 1:colcon.colcon_core.environment:checking '/home/ubuntu/quadro_ws/install/quadrobot_viewer/bin'
[7.584s] INFO:colcon.colcon_core.shell:Creating package script '/home/ubuntu/quadro_ws/install/quadrobot_viewer/share/quadrobot_viewer/package.ps1'
[7.585s] INFO:colcon.colcon_core.shell:Creating package descriptor '/home/ubuntu/quadro_ws/install/quadrobot_viewer/share/quadrobot_viewer/package.dsv'
[7.586s] INFO:colcon.colcon_core.shell:Creating package script '/home/ubuntu/quadro_ws/install/quadrobot_viewer/share/quadrobot_viewer/package.sh'
[7.587s] INFO:colcon.colcon_core.shell:Creating package script '/home/ubuntu/quadro_ws/install/quadrobot_viewer/share/quadrobot_viewer/package.bash'
[7.588s] INFO:colcon.colcon_core.shell:Creating package script '/home/ubuntu/quadro_ws/install/quadrobot_viewer/share/quadrobot_viewer/package.zsh'
[7.589s] Level 1:colcon.colcon_core.environment:create_file_with_runtime_dependencies(/home/ubuntu/quadro_ws/install/quadrobot_viewer/share/colcon-core/packages/quadrobot_viewer)
[7.725s] Level 1:colcon.colcon_core.environment:create_environment_scripts_only(dgz_viewer)
[7.726s] Level 1:colcon.colcon_core.environment:checking '/home/ubuntu/quadro_ws/install/dgz_viewer' for CMake module files
[7.727s] DEBUG:colcon.colcon_core.event_handler.log_command:Invoked command in '/home/ubuntu/quadro_ws/build/dgz_viewer' returned '0': CMAKE_PREFIX_PATH=${CMAKE_PREFIX_PATH}:/opt/ros/jazzy /usr/bin/cmake --install /home/ubuntu/quadro_ws/build/dgz_viewer
[7.728s] Level 1:colcon.colcon_core.environment:checking '/home/ubuntu/quadro_ws/install/dgz_viewer' for CMake config files
[7.728s] Level 1:colcon.colcon_core.shell:create_environment_hook('dgz_viewer', 'cmake_prefix_path')
[7.729s] INFO:colcon.colcon_core.shell:Creating environment hook '/home/ubuntu/quadro_ws/install/dgz_viewer/share/dgz_viewer/hook/cmake_prefix_path.ps1'
[7.729s] INFO:colcon.colcon_core.shell:Creating environment descriptor '/home/ubuntu/quadro_ws/install/dgz_viewer/share/dgz_viewer/hook/cmake_prefix_path.dsv'
[7.730s] INFO:colcon.colcon_core.shell:Creating environment hook '/home/ubuntu/quadro_ws/install/dgz_viewer/share/dgz_viewer/hook/cmake_prefix_path.sh'
[7.731s] Level 1:colcon.colcon_core.environment:checking '/home/ubuntu/quadro_ws/install/dgz_viewer/bin'
[7.731s] Level 1:colcon.colcon_core.environment:checking '/home/ubuntu/quadro_ws/install/dgz_viewer/lib/pkgconfig/dgz_viewer.pc'
[7.731s] Level 1:colcon.colcon_core.environment:checking '/home/ubuntu/quadro_ws/install/dgz_viewer/lib/python3.12/site-packages'
[7.732s] Level 1:colcon.colcon_core.environment:checking '/home/ubuntu/quadro_ws/install/dgz_viewer/bin'
[7.732s] INFO:colcon.colcon_core.shell:Creating package script '/home/ubuntu/quadro_ws/install/dgz_viewer/share/dgz_viewer/package.ps1'
[7.733s] INFO:colcon.colcon_core.shell:Creating package descriptor '/home/ubuntu/quadro_ws/install/dgz_viewer/share/dgz_viewer/package.dsv'
[7.733s] INFO:colcon.colcon_core.shell:Creating package script '/home/ubuntu/quadro_ws/install/dgz_viewer/share/dgz_viewer/package.sh'
[7.734s] INFO:colcon.colcon_core.shell:Creating package script '/home/ubuntu/quadro_ws/install/dgz_viewer/share/dgz_viewer/package.bash'
[7.734s] INFO:colcon.colcon_core.shell:Creating package script '/home/ubuntu/quadro_ws/install/dgz_viewer/share/dgz_viewer/package.zsh'
[7.735s] Level 1:colcon.colcon_core.environment:create_file_with_runtime_dependencies(/home/ubuntu/quadro_ws/install/dgz_viewer/share/colcon-core/packages/dgz_viewer)
[7.767s] Level 1:colcon.colcon_core.environment:create_environment_scripts_only(dgz_viewer)
[7.768s] Level 1:colcon.colcon_core.environment:checking '/home/ubuntu/quadro_ws/install/dgz_viewer' for CMake module files
[7.768s] Level 1:colcon.colcon_core.environment:checking '/home/ubuntu/quadro_ws/install/dgz_viewer' for CMake config files
[7.769s] Level 1:colcon.colcon_core.shell:create_environment_hook('dgz_viewer', 'cmake_prefix_path')
[7.769s] INFO:colcon.colcon_core.shell:Creating environment hook '/home/ubuntu/quadro_ws/install/dgz_viewer/share/dgz_viewer/hook/cmake_prefix_path.ps1'
[7.769s] INFO:colcon.colcon_core.shell:Creating environment descriptor '/home/ubuntu/quadro_ws/install/dgz_viewer/share/dgz_viewer/hook/cmake_prefix_path.dsv'
[7.770s] INFO:colcon.colcon_core.shell:Creating environment hook '/home/ubuntu/quadro_ws/install/dgz_viewer/share/dgz_viewer/hook/cmake_prefix_path.sh'
[7.771s] Level 1:colcon.colcon_core.environment:checking '/home/ubuntu/quadro_ws/install/dgz_viewer/bin'
[7.771s] Level 1:colcon.colcon_core.environment:checking '/home/ubuntu/quadro_ws/install/dgz_viewer/lib/pkgconfig/dgz_viewer.pc'
[7.771s] Level 1:colcon.colcon_core.environment:checking '/home/ubuntu/quadro_ws/install/dgz_viewer/lib/python3.12/site-packages'
[7.772s] Level 1:colcon.colcon_core.environment:checking '/home/ubuntu/quadro_ws/install/dgz_viewer/bin'
[7.772s] INFO:colcon.colcon_core.shell:Creating package script '/home/ubuntu/quadro_ws/install/dgz_viewer/share/dgz_viewer/package.ps1'
[7.773s] INFO:colcon.colcon_core.shell:Creating package descriptor '/home/ubuntu/quadro_ws/install/dgz_viewer/share/dgz_viewer/package.dsv'
[7.774s] INFO:colcon.colcon_core.shell:Creating package script '/home/ubuntu/quadro_ws/install/dgz_viewer/share/dgz_viewer/package.sh'
[7.775s] INFO:colcon.colcon_core.shell:Creating package script '/home/ubuntu/quadro_ws/install/dgz_viewer/share/dgz_viewer/package.bash'
[7.776s] INFO:colcon.colcon_core.shell:Creating package script '/home/ubuntu/quadro_ws/install/dgz_viewer/share/dgz_viewer/package.zsh'
[7.776s] Level 1:colcon.colcon_core.environment:create_file_with_runtime_dependencies(/home/ubuntu/quadro_ws/install/dgz_viewer/share/colcon-core/packages/dgz_viewer)
[10.464s] DEBUG:colcon.colcon_core.event_handler.log_command:Invoked command in '/home/ubuntu/quadro_ws/build/ros_gz_bridge_test' returned '0': CMAKE_PREFIX_PATH=${CMAKE_PREFIX_PATH}:/opt/ros/jazzy /usr/bin/cmake /home/ubuntu/quadro_ws/src/ros_gz_bridge_test -DAMENT_CMAKE_SYMLINK_INSTALL=1 -DCMAKE_INSTALL_PREFIX=/home/ubuntu/quadro_ws/install/ros_gz_bridge_test
[10.467s] DEBUG:colcon.colcon_core.event_handler.log_command:Invoking command in '/home/ubuntu/quadro_ws/build/ros_gz_bridge_test': CMAKE_PREFIX_PATH=${CMAKE_PREFIX_PATH}:/opt/ros/jazzy /usr/bin/cmake --build /home/ubuntu/quadro_ws/build/ros_gz_bridge_test -- -j16 -l16
[12.097s] DEBUG:colcon.colcon_core.event_handler.log_command:Invoked command in '/home/ubuntu/quadro_ws/build/space_interfaces' returned '0': CMAKE_PREFIX_PATH=${CMAKE_PREFIX_PATH}:/opt/ros/jazzy /usr/bin/cmake /home/ubuntu/quadro_ws/src/space_interfaces -DAMENT_CMAKE_SYMLINK_INSTALL=1 -DCMAKE_INSTALL_PREFIX=/home/ubuntu/quadro_ws/install/space_interfaces
[12.099s] DEBUG:colcon.colcon_core.event_handler.log_command:Invoking command in '/home/ubuntu/quadro_ws/build/space_interfaces': CMAKE_PREFIX_PATH=${CMAKE_PREFIX_PATH}:/opt/ros/jazzy /usr/bin/cmake --build /home/ubuntu/quadro_ws/build/space_interfaces -- -j16 -l16
[17.577s] DEBUG:colcon.colcon_core.event_handler.log_command:Invoked command in '/home/ubuntu/quadro_ws/build/space_interfaces' returned '0': CMAKE_PREFIX_PATH=${CMAKE_PREFIX_PATH}:/opt/ros/jazzy /usr/bin/cmake --build /home/ubuntu/quadro_ws/build/space_interfaces -- -j16 -l16
[17.671s] DEBUG:colcon.colcon_core.event_handler.log_command:Invoking command in '/home/ubuntu/quadro_ws/build/space_interfaces': CMAKE_PREFIX_PATH=${CMAKE_PREFIX_PATH}:/opt/ros/jazzy /usr/bin/cmake --install /home/ubuntu/quadro_ws/build/space_interfaces
[18.567s] Level 1:colcon.colcon_core.environment:create_environment_scripts_only(space_interfaces)
[18.567s] Level 1:colcon.colcon_core.environment:checking '/home/ubuntu/quadro_ws/install/space_interfaces' for CMake module files
[18.568s] DEBUG:colcon.colcon_core.event_handler.log_command:Invoked command in '/home/ubuntu/quadro_ws/build/space_interfaces' returned '0': CMAKE_PREFIX_PATH=${CMAKE_PREFIX_PATH}:/opt/ros/jazzy /usr/bin/cmake --install /home/ubuntu/quadro_ws/build/space_interfaces
[18.570s] Level 1:colcon.colcon_core.environment:checking '/home/ubuntu/quadro_ws/install/space_interfaces' for CMake config files
[18.571s] Level 1:colcon.colcon_core.shell:create_environment_hook('space_interfaces', 'cmake_prefix_path')
[18.571s] INFO:colcon.colcon_core.shell:Creating environment hook '/home/ubuntu/quadro_ws/install/space_interfaces/share/space_interfaces/hook/cmake_prefix_path.ps1'
[18.572s] INFO:colcon.colcon_core.shell:Creating environment descriptor '/home/ubuntu/quadro_ws/install/space_interfaces/share/space_interfaces/hook/cmake_prefix_path.dsv'
[18.573s] INFO:colcon.colcon_core.shell:Creating environment hook '/home/ubuntu/quadro_ws/install/space_interfaces/share/space_interfaces/hook/cmake_prefix_path.sh'
[18.574s] Level 1:colcon.colcon_core.environment:checking '/home/ubuntu/quadro_ws/install/space_interfaces/lib'
[18.575s] Level 1:colcon.colcon_core.shell:create_environment_hook('space_interfaces', 'ld_library_path_lib')
[18.575s] INFO:colcon.colcon_core.shell:Creating environment hook '/home/ubuntu/quadro_ws/install/space_interfaces/share/space_interfaces/hook/ld_library_path_lib.ps1'
[18.576s] INFO:colcon.colcon_core.shell:Creating environment descriptor '/home/ubuntu/quadro_ws/install/space_interfaces/share/space_interfaces/hook/ld_library_path_lib.dsv'
[18.577s] INFO:colcon.colcon_core.shell:Creating environment hook '/home/ubuntu/quadro_ws/install/space_interfaces/share/space_interfaces/hook/ld_library_path_lib.sh'
[18.578s] Level 1:colcon.colcon_core.environment:checking '/home/ubuntu/quadro_ws/install/space_interfaces/bin'
[18.578s] Level 1:colcon.colcon_core.environment:checking '/home/ubuntu/quadro_ws/install/space_interfaces/lib/pkgconfig/space_interfaces.pc'
[18.578s] Level 1:colcon.colcon_core.environment:checking '/home/ubuntu/quadro_ws/install/space_interfaces/lib/python3.12/site-packages'
[18.579s] Level 1:colcon.colcon_core.shell:create_environment_hook('space_interfaces', 'pythonpath')
[18.579s] INFO:colcon.colcon_core.shell:Creating environment hook '/home/ubuntu/quadro_ws/install/space_interfaces/share/space_interfaces/hook/pythonpath.ps1'
[18.580s] INFO:colcon.colcon_core.shell:Creating environment descriptor '/home/ubuntu/quadro_ws/install/space_interfaces/share/space_interfaces/hook/pythonpath.dsv'
[18.581s] INFO:colcon.colcon_core.shell:Creating environment hook '/home/ubuntu/quadro_ws/install/space_interfaces/share/space_interfaces/hook/pythonpath.sh'
[18.582s] Level 1:colcon.colcon_core.environment:checking '/home/ubuntu/quadro_ws/install/space_interfaces/bin'
[18.583s] INFO:colcon.colcon_core.shell:Creating package script '/home/ubuntu/quadro_ws/install/space_interfaces/share/space_interfaces/package.ps1'
[18.584s] INFO:colcon.colcon_core.shell:Creating package descriptor '/home/ubuntu/quadro_ws/install/space_interfaces/share/space_interfaces/package.dsv'
[18.585s] INFO:colcon.colcon_core.shell:Creating package script '/home/ubuntu/quadro_ws/install/space_interfaces/share/space_interfaces/package.sh'
[18.586s] INFO:colcon.colcon_core.shell:Creating package script '/home/ubuntu/quadro_ws/install/space_interfaces/share/space_interfaces/package.bash'
[18.587s] INFO:colcon.colcon_core.shell:Creating package script '/home/ubuntu/quadro_ws/install/space_interfaces/share/space_interfaces/package.zsh'
[18.587s] Level 1:colcon.colcon_core.environment:create_file_with_runtime_dependencies(/home/ubuntu/quadro_ws/install/space_interfaces/share/colcon-core/packages/space_interfaces)
[18.674s] Level 1:colcon.colcon_core.environment:create_environment_scripts_only(space_interfaces)
[18.674s] Level 1:colcon.colcon_core.environment:checking '/home/ubuntu/quadro_ws/install/space_interfaces' for CMake module files
[18.675s] Level 1:colcon.colcon_core.environment:checking '/home/ubuntu/quadro_ws/install/space_interfaces' for CMake config files
[18.676s] Level 1:colcon.colcon_core.shell:create_environment_hook('space_interfaces', 'cmake_prefix_path')
[18.676s] INFO:colcon.colcon_core.shell:Creating environment hook '/home/ubuntu/quadro_ws/install/space_interfaces/share/space_interfaces/hook/cmake_prefix_path.ps1'
[18.677s] INFO:colcon.colcon_core.shell:Creating environment descriptor '/home/ubuntu/quadro_ws/install/space_interfaces/share/space_interfaces/hook/cmake_prefix_path.dsv'
[18.677s] INFO:colcon.colcon_core.shell:Creating environment hook '/home/ubuntu/quadro_ws/install/space_interfaces/share/space_interfaces/hook/cmake_prefix_path.sh'
[18.678s] Level 1:colcon.colcon_core.environment:checking '/home/ubuntu/quadro_ws/install/space_interfaces/lib'
[18.678s] Level 1:colcon.colcon_core.shell:create_environment_hook('space_interfaces', 'ld_library_path_lib')
[18.679s] INFO:colcon.colcon_core.shell:Creating environment hook '/home/ubuntu/quadro_ws/install/space_interfaces/share/space_interfaces/hook/ld_library_path_lib.ps1'
[18.679s] INFO:colcon.colcon_core.shell:Creating environment descriptor '/home/ubuntu/quadro_ws/install/space_interfaces/share/space_interfaces/hook/ld_library_path_lib.dsv'
[18.680s] INFO:colcon.colcon_core.shell:Creating environment hook '/home/ubuntu/quadro_ws/install/space_interfaces/share/space_interfaces/hook/ld_library_path_lib.sh'
[18.680s] Level 1:colcon.colcon_core.environment:checking '/home/ubuntu/quadro_ws/install/space_interfaces/bin'
[18.681s] Level 1:colcon.colcon_core.environment:checking '/home/ubuntu/quadro_ws/install/space_interfaces/lib/pkgconfig/space_interfaces.pc'
[18.681s] Level 1:colcon.colcon_core.environment:checking '/home/ubuntu/quadro_ws/install/space_interfaces/lib/python3.12/site-packages'
[18.681s] Level 1:colcon.colcon_core.shell:create_environment_hook('space_interfaces', 'pythonpath')
[18.681s] INFO:colcon.colcon_core.shell:Creating environment hook '/home/ubuntu/quadro_ws/install/space_interfaces/share/space_interfaces/hook/pythonpath.ps1'
[18.682s] INFO:colcon.colcon_core.shell:Creating environment descriptor '/home/ubuntu/quadro_ws/install/space_interfaces/share/space_interfaces/hook/pythonpath.dsv'
[18.682s] INFO:colcon.colcon_core.shell:Creating environment hook '/home/ubuntu/quadro_ws/install/space_interfaces/share/space_interfaces/hook/pythonpath.sh'
[18.684s] Level 1:colcon.colcon_core.environment:checking '/home/ubuntu/quadro_ws/install/space_interfaces/bin'
[18.684s] INFO:colcon.colcon_core.shell:Creating package script '/home/ubuntu/quadro_ws/install/space_interfaces/share/space_interfaces/package.ps1'
[18.686s] INFO:colcon.colcon_core.shell:Creating package descriptor '/home/ubuntu/quadro_ws/install/space_interfaces/share/space_interfaces/package.dsv'
[18.687s] INFO:colcon.colcon_core.shell:Creating package script '/home/ubuntu/quadro_ws/install/space_interfaces/share/space_interfaces/package.sh'
[18.688s] INFO:colcon.colcon_core.shell:Creating package script '/home/ubuntu/quadro_ws/install/space_interfaces/share/space_interfaces/package.bash'
[18.689s] INFO:colcon.colcon_core.shell:Creating package script '/home/ubuntu/quadro_ws/install/space_interfaces/share/space_interfaces/package.zsh'
[18.689s] Level 1:colcon.colcon_core.environment:create_file_with_runtime_dependencies(/home/ubuntu/quadro_ws/install/space_interfaces/share/colcon-core/packages/space_interfaces)
[18.690s] INFO:colcon.colcon_ros.task.ament_cmake.build:Building ROS package in '/home/ubuntu/quadro_ws/src/dgz_keyboard' with build type 'ament_cmake'
[18.690s] INFO:colcon.colcon_cmake.task.cmake.build:Building CMake package in '/home/ubuntu/quadro_ws/src/dgz_keyboard'
[18.691s] INFO:colcon.colcon_core.shell:Skip shell extension 'powershell' for command environment: Not usable outside of PowerShell
[18.691s] DEBUG:colcon.colcon_core.shell:Skip shell extension 'dsv' for command environment
[19.262s] DEBUG:colcon.colcon_core.event_handler.log_command:Invoking command in '/home/ubuntu/quadro_ws/build/dgz_keyboard': AMENT_PREFIX_PATH=/home/ubuntu/quadro_ws/install/space_interfaces:${AMENT_PREFIX_PATH} CMAKE_PREFIX_PATH=/home/ubuntu/quadro_ws/install/space_interfaces:/opt/ros/jazzy/opt/gz_sim_vendor:/opt/ros/jazzy/opt/gz_sensors_vendor:/opt/ros/jazzy/opt/gz_physics_vendor:/opt/ros/jazzy/opt/sdformat_vendor:/opt/ros/jazzy/opt/gz_gui_vendor:/opt/ros/jazzy/opt/gz_transport_vendor:/opt/ros/jazzy/opt/gz_rendering_vendor:/opt/ros/jazzy/opt/gz_plugin_vendor:/opt/ros/jazzy/opt/gz_fuel_tools_vendor:/opt/ros/jazzy/opt/gz_msgs_vendor:/opt/ros/jazzy/opt/gz_common_vendor:/opt/ros/jazzy/opt/gz_math_vendor:/opt/ros/jazzy/opt/gz_utils_vendor:/opt/ros/jazzy/opt/gz_tools_vendor:/opt/ros/jazzy/opt/gz_ogre_next_vendor:/opt/ros/jazzy/opt/gz_dartsim_vendor:/opt/ros/jazzy/opt/gz_cmake_vendor:/opt/ros/jazzy LD_LIBRARY_PATH=/home/ubuntu/quadro_ws/install/space_interfaces/lib:${LD_LIBRARY_PATH} PYTHONPATH=/home/ubuntu/quadro_ws/install/space_interfaces/lib/python3.12/site-packages:${PYTHONPATH} /usr/bin/cmake /home/ubuntu/quadro_ws/src/dgz_keyboard -DAMENT_CMAKE_SYMLINK_INSTALL=1 -DCMAKE_INSTALL_PREFIX=/home/ubuntu/quadro_ws/install/dgz_keyboard
[29.923s] DEBUG:colcon.colcon_core.event_handler.log_command:Invoked command in '/home/ubuntu/quadro_ws/build/ros_gz_bridge_test' returned '0': CMAKE_PREFIX_PATH=${CMAKE_PREFIX_PATH}:/opt/ros/jazzy /usr/bin/cmake --build /home/ubuntu/quadro_ws/build/ros_gz_bridge_test -- -j16 -l16
[29.953s] DEBUG:colcon.colcon_core.event_handler.log_command:Invoking command in '/home/ubuntu/quadro_ws/build/ros_gz_bridge_test': CMAKE_PREFIX_PATH=${CMAKE_PREFIX_PATH}:/opt/ros/jazzy /usr/bin/cmake --install /home/ubuntu/quadro_ws/build/ros_gz_bridge_test
[30.222s] Level 1:colcon.colcon_core.environment:create_environment_scripts_only(ros_gz_bridge_test)
[30.223s] Level 1:colcon.colcon_core.environment:checking '/home/ubuntu/quadro_ws/install/ros_gz_bridge_test' for CMake module files
[30.224s] DEBUG:colcon.colcon_core.event_handler.log_command:Invoked command in '/home/ubuntu/quadro_ws/build/ros_gz_bridge_test' returned '0': CMAKE_PREFIX_PATH=${CMAKE_PREFIX_PATH}:/opt/ros/jazzy /usr/bin/cmake --install /home/ubuntu/quadro_ws/build/ros_gz_bridge_test
[30.225s] Level 1:colcon.colcon_core.environment:checking '/home/ubuntu/quadro_ws/install/ros_gz_bridge_test' for CMake config files
[30.226s] Level 1:colcon.colcon_core.shell:create_environment_hook('ros_gz_bridge_test', 'cmake_prefix_path')
[30.226s] INFO:colcon.colcon_core.shell:Creating environment hook '/home/ubuntu/quadro_ws/install/ros_gz_bridge_test/share/ros_gz_bridge_test/hook/cmake_prefix_path.ps1'
[30.227s] INFO:colcon.colcon_core.shell:Creating environment descriptor '/home/ubuntu/quadro_ws/install/ros_gz_bridge_test/share/ros_gz_bridge_test/hook/cmake_prefix_path.dsv'
[30.228s] INFO:colcon.colcon_core.shell:Creating environment hook '/home/ubuntu/quadro_ws/install/ros_gz_bridge_test/share/ros_gz_bridge_test/hook/cmake_prefix_path.sh'
[30.229s] Level 1:colcon.colcon_core.environment:checking '/home/ubuntu/quadro_ws/install/ros_gz_bridge_test/lib'
[30.230s] Level 1:colcon.colcon_core.environment:checking '/home/ubuntu/quadro_ws/install/ros_gz_bridge_test/bin'
[30.230s] Level 1:colcon.colcon_core.environment:checking '/home/ubuntu/quadro_ws/install/ros_gz_bridge_test/lib/pkgconfig/ros_gz_bridge_test.pc'
[30.230s] Level 1:colcon.colcon_core.environment:checking '/home/ubuntu/quadro_ws/install/ros_gz_bridge_test/lib/python3.12/site-packages'
[30.231s] Level 1:colcon.colcon_core.environment:checking '/home/ubuntu/quadro_ws/install/ros_gz_bridge_test/bin'
[30.231s] INFO:colcon.colcon_core.shell:Creating package script '/home/ubuntu/quadro_ws/install/ros_gz_bridge_test/share/ros_gz_bridge_test/package.ps1'
[30.232s] INFO:colcon.colcon_core.shell:Creating package descriptor '/home/ubuntu/quadro_ws/install/ros_gz_bridge_test/share/ros_gz_bridge_test/package.dsv'
[30.233s] INFO:colcon.colcon_core.shell:Creating package script '/home/ubuntu/quadro_ws/install/ros_gz_bridge_test/share/ros_gz_bridge_test/package.sh'
[30.234s] INFO:colcon.colcon_core.shell:Creating package script '/home/ubuntu/quadro_ws/install/ros_gz_bridge_test/share/ros_gz_bridge_test/package.bash'
[30.235s] INFO:colcon.colcon_core.shell:Creating package script '/home/ubuntu/quadro_ws/install/ros_gz_bridge_test/share/ros_gz_bridge_test/package.zsh'
[30.236s] Level 1:colcon.colcon_core.environment:create_file_with_runtime_dependencies(/home/ubuntu/quadro_ws/install/ros_gz_bridge_test/share/colcon-core/packages/ros_gz_bridge_test)
[30.281s] Level 1:colcon.colcon_core.environment:create_environment_scripts_only(ros_gz_bridge_test)
[30.282s] Level 1:colcon.colcon_core.environment:checking '/home/ubuntu/quadro_ws/install/ros_gz_bridge_test' for CMake module files
[30.283s] Level 1:colcon.colcon_core.environment:checking '/home/ubuntu/quadro_ws/install/ros_gz_bridge_test' for CMake config files
[30.284s] Level 1:colcon.colcon_core.shell:create_environment_hook('ros_gz_bridge_test', 'cmake_prefix_path')
[30.284s] INFO:colcon.colcon_core.shell:Creating environment hook '/home/ubuntu/quadro_ws/install/ros_gz_bridge_test/share/ros_gz_bridge_test/hook/cmake_prefix_path.ps1'
[30.285s] INFO:colcon.colcon_core.shell:Creating environment descriptor '/home/ubuntu/quadro_ws/install/ros_gz_bridge_test/share/ros_gz_bridge_test/hook/cmake_prefix_path.dsv'
[30.285s] INFO:colcon.colcon_core.shell:Creating environment hook '/home/ubuntu/quadro_ws/install/ros_gz_bridge_test/share/ros_gz_bridge_test/hook/cmake_prefix_path.sh'
[30.287s] Level 1:colcon.colcon_core.environment:checking '/home/ubuntu/quadro_ws/install/ros_gz_bridge_test/lib'
[30.287s] Level 1:colcon.colcon_core.environment:checking '/home/ubuntu/quadro_ws/install/ros_gz_bridge_test/bin'
[30.287s] Level 1:colcon.colcon_core.environment:checking '/home/ubuntu/quadro_ws/install/ros_gz_bridge_test/lib/pkgconfig/ros_gz_bridge_test.pc'
[30.287s] Level 1:colcon.colcon_core.environment:checking '/home/ubuntu/quadro_ws/install/ros_gz_bridge_test/lib/python3.12/site-packages'
[30.288s] Level 1:colcon.colcon_core.environment:checking '/home/ubuntu/quadro_ws/install/ros_gz_bridge_test/bin'
[30.288s] INFO:colcon.colcon_core.shell:Creating package script '/home/ubuntu/quadro_ws/install/ros_gz_bridge_test/share/ros_gz_bridge_test/package.ps1'
[30.290s] INFO:colcon.colcon_core.shell:Creating package descriptor '/home/ubuntu/quadro_ws/install/ros_gz_bridge_test/share/ros_gz_bridge_test/package.dsv'
[30.291s] INFO:colcon.colcon_core.shell:Creating package script '/home/ubuntu/quadro_ws/install/ros_gz_bridge_test/share/ros_gz_bridge_test/package.sh'
[30.292s] INFO:colcon.colcon_core.shell:Creating package script '/home/ubuntu/quadro_ws/install/ros_gz_bridge_test/share/ros_gz_bridge_test/package.bash'
[30.293s] INFO:colcon.colcon_core.shell:Creating package script '/home/ubuntu/quadro_ws/install/ros_gz_bridge_test/share/ros_gz_bridge_test/package.zsh'
[30.293s] Level 1:colcon.colcon_core.environment:create_file_with_runtime_dependencies(/home/ubuntu/quadro_ws/install/ros_gz_bridge_test/share/colcon-core/packages/ros_gz_bridge_test)
[31.138s] DEBUG:colcon.colcon_core.event_handler.log_command:Invoked command in '/home/ubuntu/quadro_ws/build/dgz_keyboard' returned '0': AMENT_PREFIX_PATH=/home/ubuntu/quadro_ws/install/space_interfaces:${AMENT_PREFIX_PATH} CMAKE_PREFIX_PATH=/home/ubuntu/quadro_ws/install/space_interfaces:/opt/ros/jazzy/opt/gz_sim_vendor:/opt/ros/jazzy/opt/gz_sensors_vendor:/opt/ros/jazzy/opt/gz_physics_vendor:/opt/ros/jazzy/opt/sdformat_vendor:/opt/ros/jazzy/opt/gz_gui_vendor:/opt/ros/jazzy/opt/gz_transport_vendor:/opt/ros/jazzy/opt/gz_rendering_vendor:/opt/ros/jazzy/opt/gz_plugin_vendor:/opt/ros/jazzy/opt/gz_fuel_tools_vendor:/opt/ros/jazzy/opt/gz_msgs_vendor:/opt/ros/jazzy/opt/gz_common_vendor:/opt/ros/jazzy/opt/gz_math_vendor:/opt/ros/jazzy/opt/gz_utils_vendor:/opt/ros/jazzy/opt/gz_tools_vendor:/opt/ros/jazzy/opt/gz_ogre_next_vendor:/opt/ros/jazzy/opt/gz_dartsim_vendor:/opt/ros/jazzy/opt/gz_cmake_vendor:/opt/ros/jazzy LD_LIBRARY_PATH=/home/ubuntu/quadro_ws/install/space_interfaces/lib:${LD_LIBRARY_PATH} PYTHONPATH=/home/ubuntu/quadro_ws/install/space_interfaces/lib/python3.12/site-packages:${PYTHONPATH} /usr/bin/cmake /home/ubuntu/quadro_ws/src/dgz_keyboard -DAMENT_CMAKE_SYMLINK_INSTALL=1 -DCMAKE_INSTALL_PREFIX=/home/ubuntu/quadro_ws/install/dgz_keyboard
[31.139s] DEBUG:colcon.colcon_core.event_handler.log_command:Invoking command in '/home/ubuntu/quadro_ws/build/dgz_keyboard': AMENT_PREFIX_PATH=/home/ubuntu/quadro_ws/install/space_interfaces:${AMENT_PREFIX_PATH} CMAKE_PREFIX_PATH=/home/ubuntu/quadro_ws/install/space_interfaces:/opt/ros/jazzy/opt/gz_sim_vendor:/opt/ros/jazzy/opt/gz_sensors_vendor:/opt/ros/jazzy/opt/gz_physics_vendor:/opt/ros/jazzy/opt/sdformat_vendor:/opt/ros/jazzy/opt/gz_gui_vendor:/opt/ros/jazzy/opt/gz_transport_vendor:/opt/ros/jazzy/opt/gz_rendering_vendor:/opt/ros/jazzy/opt/gz_plugin_vendor:/opt/ros/jazzy/opt/gz_fuel_tools_vendor:/opt/ros/jazzy/opt/gz_msgs_vendor:/opt/ros/jazzy/opt/gz_common_vendor:/opt/ros/jazzy/opt/gz_math_vendor:/opt/ros/jazzy/opt/gz_utils_vendor:/opt/ros/jazzy/opt/gz_tools_vendor:/opt/ros/jazzy/opt/gz_ogre_next_vendor:/opt/ros/jazzy/opt/gz_dartsim_vendor:/opt/ros/jazzy/opt/gz_cmake_vendor:/opt/ros/jazzy LD_LIBRARY_PATH=/home/ubuntu/quadro_ws/install/space_interfaces/lib:${LD_LIBRARY_PATH} PYTHONPATH=/home/ubuntu/quadro_ws/install/space_interfaces/lib/python3.12/site-packages:${PYTHONPATH} /usr/bin/cmake --build /home/ubuntu/quadro_ws/build/dgz_keyboard -- -j16 -l16
[42.480s] DEBUG:colcon.colcon_core.event_handler.log_command:Invoked command in '/home/ubuntu/quadro_ws/build/dgz_keyboard' returned '0': AMENT_PREFIX_PATH=/home/ubuntu/quadro_ws/install/space_interfaces:${AMENT_PREFIX_PATH} CMAKE_PREFIX_PATH=/home/ubuntu/quadro_ws/install/space_interfaces:/opt/ros/jazzy/opt/gz_sim_vendor:/opt/ros/jazzy/opt/gz_sensors_vendor:/opt/ros/jazzy/opt/gz_physics_vendor:/opt/ros/jazzy/opt/sdformat_vendor:/opt/ros/jazzy/opt/gz_gui_vendor:/opt/ros/jazzy/opt/gz_transport_vendor:/opt/ros/jazzy/opt/gz_rendering_vendor:/opt/ros/jazzy/opt/gz_plugin_vendor:/opt/ros/jazzy/opt/gz_fuel_tools_vendor:/opt/ros/jazzy/opt/gz_msgs_vendor:/opt/ros/jazzy/opt/gz_common_vendor:/opt/ros/jazzy/opt/gz_math_vendor:/opt/ros/jazzy/opt/gz_utils_vendor:/opt/ros/jazzy/opt/gz_tools_vendor:/opt/ros/jazzy/opt/gz_ogre_next_vendor:/opt/ros/jazzy/opt/gz_dartsim_vendor:/opt/ros/jazzy/opt/gz_cmake_vendor:/opt/ros/jazzy LD_LIBRARY_PATH=/home/ubuntu/quadro_ws/install/space_interfaces/lib:${LD_LIBRARY_PATH} PYTHONPATH=/home/ubuntu/quadro_ws/install/space_interfaces/lib/python3.12/site-packages:${PYTHONPATH} /usr/bin/cmake --build /home/ubuntu/quadro_ws/build/dgz_keyboard -- -j16 -l16
[42.518s] DEBUG:colcon.colcon_core.event_handler.log_command:Invoking command in '/home/ubuntu/quadro_ws/build/dgz_keyboard': AMENT_PREFIX_PATH=/home/ubuntu/quadro_ws/install/space_interfaces:${AMENT_PREFIX_PATH} CMAKE_PREFIX_PATH=/home/ubuntu/quadro_ws/install/space_interfaces:/opt/ros/jazzy/opt/gz_sim_vendor:/opt/ros/jazzy/opt/gz_sensors_vendor:/opt/ros/jazzy/opt/gz_physics_vendor:/opt/ros/jazzy/opt/sdformat_vendor:/opt/ros/jazzy/opt/gz_gui_vendor:/opt/ros/jazzy/opt/gz_transport_vendor:/opt/ros/jazzy/opt/gz_rendering_vendor:/opt/ros/jazzy/opt/gz_plugin_vendor:/opt/ros/jazzy/opt/gz_fuel_tools_vendor:/opt/ros/jazzy/opt/gz_msgs_vendor:/opt/ros/jazzy/opt/gz_common_vendor:/opt/ros/jazzy/opt/gz_math_vendor:/opt/ros/jazzy/opt/gz_utils_vendor:/opt/ros/jazzy/opt/gz_tools_vendor:/opt/ros/jazzy/opt/gz_ogre_next_vendor:/opt/ros/jazzy/opt/gz_dartsim_vendor:/opt/ros/jazzy/opt/gz_cmake_vendor:/opt/ros/jazzy LD_LIBRARY_PATH=/home/ubuntu/quadro_ws/install/space_interfaces/lib:${LD_LIBRARY_PATH} PYTHONPATH=/home/ubuntu/quadro_ws/install/space_interfaces/lib/python3.12/site-packages:${PYTHONPATH} /usr/bin/cmake --install /home/ubuntu/quadro_ws/build/dgz_keyboard
[42.755s] Level 1:colcon.colcon_core.environment:create_environment_scripts_only(dgz_keyboard)
[42.755s] Level 1:colcon.colcon_core.environment:checking '/home/ubuntu/quadro_ws/install/dgz_keyboard' for CMake module files
[42.756s] DEBUG:colcon.colcon_core.event_handler.log_command:Invoked command in '/home/ubuntu/quadro_ws/build/dgz_keyboard' returned '0': AMENT_PREFIX_PATH=/home/ubuntu/quadro_ws/install/space_interfaces:${AMENT_PREFIX_PATH} CMAKE_PREFIX_PATH=/home/ubuntu/quadro_ws/install/space_interfaces:/opt/ros/jazzy/opt/gz_sim_vendor:/opt/ros/jazzy/opt/gz_sensors_vendor:/opt/ros/jazzy/opt/gz_physics_vendor:/opt/ros/jazzy/opt/sdformat_vendor:/opt/ros/jazzy/opt/gz_gui_vendor:/opt/ros/jazzy/opt/gz_transport_vendor:/opt/ros/jazzy/opt/gz_rendering_vendor:/opt/ros/jazzy/opt/gz_plugin_vendor:/opt/ros/jazzy/opt/gz_fuel_tools_vendor:/opt/ros/jazzy/opt/gz_msgs_vendor:/opt/ros/jazzy/opt/gz_common_vendor:/opt/ros/jazzy/opt/gz_math_vendor:/opt/ros/jazzy/opt/gz_utils_vendor:/opt/ros/jazzy/opt/gz_tools_vendor:/opt/ros/jazzy/opt/gz_ogre_next_vendor:/opt/ros/jazzy/opt/gz_dartsim_vendor:/opt/ros/jazzy/opt/gz_cmake_vendor:/opt/ros/jazzy LD_LIBRARY_PATH=/home/ubuntu/quadro_ws/install/space_interfaces/lib:${LD_LIBRARY_PATH} PYTHONPATH=/home/ubuntu/quadro_ws/install/space_interfaces/lib/python3.12/site-packages:${PYTHONPATH} /usr/bin/cmake --install /home/ubuntu/quadro_ws/build/dgz_keyboard
[42.757s] Level 1:colcon.colcon_core.environment:checking '/home/ubuntu/quadro_ws/install/dgz_keyboard' for CMake config files
[42.757s] Level 1:colcon.colcon_core.shell:create_environment_hook('dgz_keyboard', 'cmake_prefix_path')
[42.758s] INFO:colcon.colcon_core.shell:Creating environment hook '/home/ubuntu/quadro_ws/install/dgz_keyboard/share/dgz_keyboard/hook/cmake_prefix_path.ps1'
[42.759s] INFO:colcon.colcon_core.shell:Creating environment descriptor '/home/ubuntu/quadro_ws/install/dgz_keyboard/share/dgz_keyboard/hook/cmake_prefix_path.dsv'
[42.759s] INFO:colcon.colcon_core.shell:Creating environment hook '/home/ubuntu/quadro_ws/install/dgz_keyboard/share/dgz_keyboard/hook/cmake_prefix_path.sh'
[42.760s] Level 1:colcon.colcon_core.environment:checking '/home/ubuntu/quadro_ws/install/dgz_keyboard/lib'
[42.760s] Level 1:colcon.colcon_core.environment:checking '/home/ubuntu/quadro_ws/install/dgz_keyboard/bin'
[42.760s] Level 1:colcon.colcon_core.environment:checking '/home/ubuntu/quadro_ws/install/dgz_keyboard/lib/pkgconfig/dgz_keyboard.pc'
[42.761s] Level 1:colcon.colcon_core.environment:checking '/home/ubuntu/quadro_ws/install/dgz_keyboard/lib/python3.12/site-packages'
[42.761s] Level 1:colcon.colcon_core.environment:checking '/home/ubuntu/quadro_ws/install/dgz_keyboard/bin'
[42.761s] INFO:colcon.colcon_core.shell:Creating package script '/home/ubuntu/quadro_ws/install/dgz_keyboard/share/dgz_keyboard/package.ps1'
[42.762s] INFO:colcon.colcon_core.shell:Creating package descriptor '/home/ubuntu/quadro_ws/install/dgz_keyboard/share/dgz_keyboard/package.dsv'
[42.763s] INFO:colcon.colcon_core.shell:Creating package script '/home/ubuntu/quadro_ws/install/dgz_keyboard/share/dgz_keyboard/package.sh'
[42.764s] INFO:colcon.colcon_core.shell:Creating package script '/home/ubuntu/quadro_ws/install/dgz_keyboard/share/dgz_keyboard/package.bash'
[42.764s] INFO:colcon.colcon_core.shell:Creating package script '/home/ubuntu/quadro_ws/install/dgz_keyboard/share/dgz_keyboard/package.zsh'
[42.765s] Level 1:colcon.colcon_core.environment:create_file_with_runtime_dependencies(/home/ubuntu/quadro_ws/install/dgz_keyboard/share/colcon-core/packages/dgz_keyboard)
[42.799s] Level 1:colcon.colcon_core.environment:create_environment_scripts_only(dgz_keyboard)
[42.799s] Level 1:colcon.colcon_core.environment:checking '/home/ubuntu/quadro_ws/install/dgz_keyboard' for CMake module files
[42.800s] Level 1:colcon.colcon_core.environment:checking '/home/ubuntu/quadro_ws/install/dgz_keyboard' for CMake config files
[42.800s] Level 1:colcon.colcon_core.shell:create_environment_hook('dgz_keyboard', 'cmake_prefix_path')
[42.800s] INFO:colcon.colcon_core.shell:Creating environment hook '/home/ubuntu/quadro_ws/install/dgz_keyboard/share/dgz_keyboard/hook/cmake_prefix_path.ps1'
[42.801s] INFO:colcon.colcon_core.shell:Creating environment descriptor '/home/ubuntu/quadro_ws/install/dgz_keyboard/share/dgz_keyboard/hook/cmake_prefix_path.dsv'
[42.801s] INFO:colcon.colcon_core.shell:Creating environment hook '/home/ubuntu/quadro_ws/install/dgz_keyboard/share/dgz_keyboard/hook/cmake_prefix_path.sh'
[42.802s] Level 1:colcon.colcon_core.environment:checking '/home/ubuntu/quadro_ws/install/dgz_keyboard/lib'
[42.803s] Level 1:colcon.colcon_core.environment:checking '/home/ubuntu/quadro_ws/install/dgz_keyboard/bin'
[42.803s] Level 1:colcon.colcon_core.environment:checking '/home/ubuntu/quadro_ws/install/dgz_keyboard/lib/pkgconfig/dgz_keyboard.pc'
[42.803s] Level 1:colcon.colcon_core.environment:checking '/home/ubuntu/quadro_ws/install/dgz_keyboard/lib/python3.12/site-packages'
[42.803s] Level 1:colcon.colcon_core.environment:checking '/home/ubuntu/quadro_ws/install/dgz_keyboard/bin'
[42.804s] INFO:colcon.colcon_core.shell:Creating package script '/home/ubuntu/quadro_ws/install/dgz_keyboard/share/dgz_keyboard/package.ps1'
[42.804s] INFO:colcon.colcon_core.shell:Creating package descriptor '/home/ubuntu/quadro_ws/install/dgz_keyboard/share/dgz_keyboard/package.dsv'
[42.806s] INFO:colcon.colcon_core.shell:Creating package script '/home/ubuntu/quadro_ws/install/dgz_keyboard/share/dgz_keyboard/package.sh'
[42.806s] INFO:colcon.colcon_core.shell:Creating package script '/home/ubuntu/quadro_ws/install/dgz_keyboard/share/dgz_keyboard/package.bash'
[42.807s] INFO:colcon.colcon_core.shell:Creating package script '/home/ubuntu/quadro_ws/install/dgz_keyboard/share/dgz_keyboard/package.zsh'
[42.808s] Level 1:colcon.colcon_core.environment:create_file_with_runtime_dependencies(/home/ubuntu/quadro_ws/install/dgz_keyboard/share/colcon-core/packages/dgz_keyboard)
[42.808s] DEBUG:colcon.colcon_parallel_executor.executor.parallel:closing loop
[42.808s] DEBUG:colcon.colcon_parallel_executor.executor.parallel:loop closed
[42.808s] DEBUG:colcon.colcon_parallel_executor.executor.parallel:run_until_complete finished with '0'
[42.808s] DEBUG:colcon.colcon_core.event_reactor:joining thread
[43.093s] INFO:colcon.colcon_core.plugin_system:Skipping extension 'colcon_notification.desktop_notification.notify_send': Could not find 'notify-send'
[43.094s] INFO:colcon.colcon_core.plugin_system:Skipping extension 'colcon_notification.desktop_notification.terminal_notifier': Not used on non-Darwin systems
[43.094s] INFO:colcon.colcon_core.plugin_system:Skipping extension 'colcon_notification.desktop_notification.win32': Not used on non-Windows systems
[43.094s] INFO:colcon.colcon_notification.desktop_notification:Sending desktop notification using 'notify2'
[43.096s] DEBUG:colcon.colcon_notification.desktop_notification.notify2:Failed to initialize notify2: org.freedesktop.DBus.Error.ServiceUnknown: The name org.freedesktop.Notifications was not provided by any .service files
[43.097s] DEBUG:colcon.colcon_core.event_reactor:joined thread
[43.097s] INFO:colcon.colcon_core.shell:Creating prefix script '/home/ubuntu/quadro_ws/install/local_setup.ps1'
[43.099s] INFO:colcon.colcon_core.shell:Creating prefix util module '/home/ubuntu/quadro_ws/install/_local_setup_util_ps1.py'
[43.102s] INFO:colcon.colcon_core.shell:Creating prefix chain script '/home/ubuntu/quadro_ws/install/setup.ps1'
[43.104s] INFO:colcon.colcon_core.shell:Creating prefix script '/home/ubuntu/quadro_ws/install/local_setup.sh'
[43.105s] INFO:colcon.colcon_core.shell:Creating prefix util module '/home/ubuntu/quadro_ws/install/_local_setup_util_sh.py'
[43.106s] INFO:colcon.colcon_core.shell:Creating prefix chain script '/home/ubuntu/quadro_ws/install/setup.sh'
[43.108s] INFO:colcon.colcon_core.shell:Creating prefix script '/home/ubuntu/quadro_ws/install/local_setup.bash'
[43.109s] INFO:colcon.colcon_core.shell:Creating prefix chain script '/home/ubuntu/quadro_ws/install/setup.bash'
[43.111s] INFO:colcon.colcon_core.shell:Creating prefix script '/home/ubuntu/quadro_ws/install/local_setup.zsh'
[43.112s] INFO:colcon.colcon_core.shell:Creating prefix chain script '/home/ubuntu/quadro_ws/install/setup.zsh'
