[0.061s] Invoking command in '/home/MKGL/quadro_ws/build/serial': CMAKE_PREFIX_PATH=${CMAKE_PREFIX_PATH}:/opt/ros/jazzy DEBUGINFOD_URLS=https://debuginfod.ubuntu.com /usr/bin/cmake --build /home/MKGL/quadro_ws/build/serial -- -j4 -l4
[0.364s] [ 50%] Built target serial_lib
[0.536s] [ 75%] [32mBuilding CXX object CMakeFiles/testlib_node.dir/src/testlib_node.cpp.o[0m
[15.722s] [100%] [32m[1mLinking CXX executable testlib_node[0m
[16.410s] [100%] Built target testlib_node
[16.464s] Invoked command in '/home/MKGL/quadro_ws/build/serial' returned '0': CMAKE_PREFIX_PATH=${CMAKE_PREFIX_PATH}:/opt/ros/jazzy DEBUGINFOD_URLS=https://debuginfod.ubuntu.com /usr/bin/cmake --build /home/MKGL/quadro_ws/build/serial -- -j4 -l4
[16.675s] Invoking command in '/home/MKGL/quadro_ws/build/serial': CMAKE_PREFIX_PATH=${CMAKE_PREFIX_PATH}:/opt/ros/jazzy DEBUGINFOD_URLS=https://debuginfod.ubuntu.com /usr/bin/cmake --install /home/MKGL/quadro_ws/build/serial
[16.712s] -- Install configuration: ""
[16.713s] -- Execute custom install script
[16.715s] -- Up-to-date symlink: /home/MKGL/quadro_ws/install/serial/share/serial/environment/library_path.sh
[16.716s] -- Up-to-date symlink: /home/MKGL/quadro_ws/install/serial/share/serial/environment/library_path.dsv
[16.717s] -- Up-to-date symlink: /home/MKGL/quadro_ws/install/serial/include/serial/serial.hpp
[16.719s] -- Up-to-date symlink: /home/MKGL/quadro_ws/install/serial/lib/serial/testlib_node
[16.720s] -- Up-to-date symlink: /home/MKGL/quadro_ws/install/serial/share/ament_index/resource_index/package_run_dependencies/serial
[16.721s] -- Up-to-date symlink: /home/MKGL/quadro_ws/install/serial/share/ament_index/resource_index/parent_prefix_path/serial
[16.723s] -- Up-to-date symlink: /home/MKGL/quadro_ws/install/serial/share/serial/environment/ament_prefix_path.sh
[16.723s] -- Up-to-date symlink: /home/MKGL/quadro_ws/install/serial/share/serial/environment/ament_prefix_path.dsv
[16.724s] -- Up-to-date symlink: /home/MKGL/quadro_ws/install/serial/share/serial/environment/path.sh
[16.725s] -- Up-to-date symlink: /home/MKGL/quadro_ws/install/serial/share/serial/environment/path.dsv
[16.726s] -- Up-to-date symlink: /home/MKGL/quadro_ws/install/serial/share/serial/local_setup.bash
[16.727s] -- Up-to-date symlink: /home/MKGL/quadro_ws/install/serial/share/serial/local_setup.sh
[16.728s] -- Up-to-date symlink: /home/MKGL/quadro_ws/install/serial/share/serial/local_setup.zsh
[16.729s] -- Up-to-date symlink: /home/MKGL/quadro_ws/install/serial/share/serial/local_setup.dsv
[16.730s] -- Symlinking: /home/MKGL/quadro_ws/install/serial/share/serial/package.dsv
[16.776s] -- Up-to-date symlink: /home/MKGL/quadro_ws/install/serial/share/ament_index/resource_index/packages/serial
[16.777s] -- Up-to-date symlink: /home/MKGL/quadro_ws/install/serial/share/serial/cmake/ament_cmake_export_targets-extras.cmake
[16.778s] -- Up-to-date symlink: /home/MKGL/quadro_ws/install/serial/share/serial/cmake/serialConfig.cmake
[16.779s] -- Up-to-date symlink: /home/MKGL/quadro_ws/install/serial/share/serial/cmake/serialConfig-version.cmake
[16.780s] -- Up-to-date symlink: /home/MKGL/quadro_ws/install/serial/share/serial/package.xml
[16.782s] -- Up-to-date: /home/MKGL/quadro_ws/install/serial/lib/libserial_lib.so
[16.783s] -- Up-to-date: /home/MKGL/quadro_ws/install/serial/share/serial/cmake/export_serialExport.cmake
[16.784s] -- Up-to-date: /home/MKGL/quadro_ws/install/serial/share/serial/cmake/export_serialExport-noconfig.cmake
[16.793s] Invoked command in '/home/MKGL/quadro_ws/build/serial' returned '0': CMAKE_PREFIX_PATH=${CMAKE_PREFIX_PATH}:/opt/ros/jazzy DEBUGINFOD_URLS=https://debuginfod.ubuntu.com /usr/bin/cmake --install /home/MKGL/quadro_ws/build/serial
