[0.019s] Invoking command in '/home/ubuntu/quadro_ws/build/quadro_move_ctrl': CMAKE_PREFIX_PATH=${CMAKE_PREFIX_PATH}:/opt/ros/jazzy /usr/bin/cmake /home/ubuntu/quadro_ws/src/quadro_move_ctrl -DAMENT_CMAKE_SYMLINK_INSTALL=1 -DCMAKE_INSTALL_PREFIX=/home/ubuntu/quadro_ws/install/quadro_move_ctrl
[0.245s] -- The C compiler identification is GNU 13.2.0
[1.430s] -- The CXX compiler identification is GNU 13.2.0
[2.679s] -- Detecting C compiler ABI info
[3.135s] -- Detecting C compiler ABI info - done
[3.150s] -- Check for working C compiler: /usr/bin/cc - skipped
[3.150s] -- Detecting C compile features
[3.151s] -- Detecting C compile features - done
[3.331s] -- Detecting CXX compiler ABI info
[3.800s] -- Detecting CXX compiler ABI info - done
[3.811s] -- Check for working CXX compiler: /usr/bin/c++ - skipped
[3.811s] -- Detecting CXX compile features
[3.812s] -- Detecting CXX compile features - done
[3.816s] -- Found ament_cmake: 2.5.2 (/opt/ros/jazzy/share/ament_cmake/cmake)
[4.016s] -- Found Python3: /usr/bin/python3 (found version "3.12.3") found components: Interpreter 
[4.155s] -- Override CMake install command with custom implementation using symlinks instead of copying resources
[4.215s] -- Found rclcpp: 28.1.5 (/opt/ros/jazzy/share/rclcpp/cmake)
[4.486s] -- Found rosidl_generator_c: 4.6.4 (/opt/ros/jazzy/share/rosidl_generator_c/cmake)
[4.507s] -- Found rosidl_generator_cpp: 4.6.4 (/opt/ros/jazzy/share/rosidl_generator_cpp/cmake)
[4.536s] -- Using all available rosidl_typesupport_c: rosidl_typesupport_fastrtps_c;rosidl_typesupport_introspection_c
[4.567s] -- Using all available rosidl_typesupport_cpp: rosidl_typesupport_fastrtps_cpp;rosidl_typesupport_introspection_cpp
[4.695s] -- Found rmw_implementation_cmake: 7.3.1 (/opt/ros/jazzy/share/rmw_implementation_cmake/cmake)
[4.702s] -- Found rmw_fastrtps_cpp: 8.4.1 (/opt/ros/jazzy/share/rmw_fastrtps_cpp/cmake)
[4.826s] -- Found OpenSSL: /usr/lib/x86_64-linux-gnu/libcrypto.so (found version "3.0.13")  
[5.290s] -- Found FastRTPS: /opt/ros/jazzy/include (Required is at least version "2.13") 
[5.489s] -- Using RMW implementation 'rmw_fastrtps_cpp' as default
[5.821s] -- Found std_msgs: 5.3.5 (/opt/ros/jazzy/share/std_msgs/cmake)
[5.843s] -- Found ament_lint_auto: 0.17.1 (/opt/ros/jazzy/share/ament_lint_auto/cmake)
[5.971s] -- Added test 'cppcheck' to perform static code analysis on C / C++ code
[5.971s] -- Configured cppcheck include dirs: 
[5.971s] -- Configured cppcheck exclude dirs and/or files: 
[5.973s] -- Added test 'lint_cmake' to check CMake code style
[5.975s] -- Added test 'uncrustify' to check C / C++ code style
[5.975s] -- Configured uncrustify additional arguments: 
[5.977s] -- Added test 'xmllint' to check XML markup files
[5.981s] -- Configuring done (6.0s)
[5.997s] -- Generating done (0.0s)
[5.999s] -- Build files have been written to: /home/ubuntu/quadro_ws/build/quadro_move_ctrl
[6.012s] Invoked command in '/home/ubuntu/quadro_ws/build/quadro_move_ctrl' returned '0': CMAKE_PREFIX_PATH=${CMAKE_PREFIX_PATH}:/opt/ros/jazzy /usr/bin/cmake /home/ubuntu/quadro_ws/src/quadro_move_ctrl -DAMENT_CMAKE_SYMLINK_INSTALL=1 -DCMAKE_INSTALL_PREFIX=/home/ubuntu/quadro_ws/install/quadro_move_ctrl
[6.014s] Invoking command in '/home/ubuntu/quadro_ws/build/quadro_move_ctrl': CMAKE_PREFIX_PATH=${CMAKE_PREFIX_PATH}:/opt/ros/jazzy /usr/bin/cmake --build /home/ubuntu/quadro_ws/build/quadro_move_ctrl -- -j16 -l16
[6.068s] [ 50%] [32mBuilding CXX object CMakeFiles/quadro_move_ctrl_node.dir/src/quadro_move_ctrl_node.cpp.o[0m
[16.684s] [100%] [32m[1mLinking CXX executable quadro_move_ctrl_node[0m
[17.126s] [100%] Built target quadro_move_ctrl_node
[17.134s] Invoked command in '/home/ubuntu/quadro_ws/build/quadro_move_ctrl' returned '0': CMAKE_PREFIX_PATH=${CMAKE_PREFIX_PATH}:/opt/ros/jazzy /usr/bin/cmake --build /home/ubuntu/quadro_ws/build/quadro_move_ctrl -- -j16 -l16
[17.153s] Invoking command in '/home/ubuntu/quadro_ws/build/quadro_move_ctrl': CMAKE_PREFIX_PATH=${CMAKE_PREFIX_PATH}:/opt/ros/jazzy /usr/bin/cmake --install /home/ubuntu/quadro_ws/build/quadro_move_ctrl
[17.159s] -- Install configuration: ""
[17.160s] -- Execute custom install script
[17.160s] -- Symlinking: /home/ubuntu/quadro_ws/install/quadro_move_ctrl/lib/quadro_move_ctrl/quadro_move_ctrl_node
[17.168s] -- Symlinking: /home/ubuntu/quadro_ws/install/quadro_move_ctrl/share/ament_index/resource_index/package_run_dependencies/quadro_move_ctrl
[17.175s] -- Symlinking: /home/ubuntu/quadro_ws/install/quadro_move_ctrl/share/ament_index/resource_index/parent_prefix_path/quadro_move_ctrl
[17.181s] -- Symlinking: /home/ubuntu/quadro_ws/install/quadro_move_ctrl/share/quadro_move_ctrl/environment/ament_prefix_path.sh
[17.188s] -- Symlinking: /home/ubuntu/quadro_ws/install/quadro_move_ctrl/share/quadro_move_ctrl/environment/ament_prefix_path.dsv
[17.196s] -- Symlinking: /home/ubuntu/quadro_ws/install/quadro_move_ctrl/share/quadro_move_ctrl/environment/path.sh
[17.204s] -- Symlinking: /home/ubuntu/quadro_ws/install/quadro_move_ctrl/share/quadro_move_ctrl/environment/path.dsv
[17.214s] -- Symlinking: /home/ubuntu/quadro_ws/install/quadro_move_ctrl/share/quadro_move_ctrl/local_setup.bash
[17.221s] -- Symlinking: /home/ubuntu/quadro_ws/install/quadro_move_ctrl/share/quadro_move_ctrl/local_setup.sh
[17.231s] -- Symlinking: /home/ubuntu/quadro_ws/install/quadro_move_ctrl/share/quadro_move_ctrl/local_setup.zsh
[17.239s] -- Symlinking: /home/ubuntu/quadro_ws/install/quadro_move_ctrl/share/quadro_move_ctrl/local_setup.dsv
[17.246s] -- Symlinking: /home/ubuntu/quadro_ws/install/quadro_move_ctrl/share/quadro_move_ctrl/package.dsv
[17.254s] -- Symlinking: /home/ubuntu/quadro_ws/install/quadro_move_ctrl/share/ament_index/resource_index/packages/quadro_move_ctrl
[17.262s] -- Symlinking: /home/ubuntu/quadro_ws/install/quadro_move_ctrl/share/quadro_move_ctrl/cmake/quadro_move_ctrlConfig.cmake
[17.270s] -- Symlinking: /home/ubuntu/quadro_ws/install/quadro_move_ctrl/share/quadro_move_ctrl/cmake/quadro_move_ctrlConfig-version.cmake
[17.277s] -- Symlinking: /home/ubuntu/quadro_ws/install/quadro_move_ctrl/share/quadro_move_ctrl/package.xml
[17.286s] Invoked command in '/home/ubuntu/quadro_ws/build/quadro_move_ctrl' returned '0': CMAKE_PREFIX_PATH=${CMAKE_PREFIX_PATH}:/opt/ros/jazzy /usr/bin/cmake --install /home/ubuntu/quadro_ws/build/quadro_move_ctrl
