[0.088s] Invoking command in '/home/MKGL/quadro_ws/build/dgz_description': CMAKE_PREFIX_PATH=${CMAKE_PREFIX_PATH}:/opt/ros/jazzy DEBUGINFOD_URLS=https://debuginfod.ubuntu.com /usr/bin/cmake --build /home/MKGL/quadro_ws/build/dgz_description -- -j4 -l4
[0.354s] Invoked command in '/home/MKGL/quadro_ws/build/dgz_description' returned '0': CMAKE_PREFIX_PATH=${CMAKE_PREFIX_PATH}:/opt/ros/jazzy DEBUGINFOD_URLS=https://debuginfod.ubuntu.com /usr/bin/cmake --build /home/MKGL/quadro_ws/build/dgz_description -- -j4 -l4
[0.688s] Invoking command in '/home/MKGL/quadro_ws/build/dgz_description': CMAKE_PREFIX_PATH=${CMAKE_PREFIX_PATH}:/opt/ros/jazzy DEBUGINFOD_URLS=https://debuginfod.ubuntu.com /usr/bin/cmake --install /home/MKGL/quadro_ws/build/dgz_description
[0.765s] -- Install configuration: ""
[0.779s] -- Execute custom install script
[0.780s] -- Up-to-date symlink: /home/MKGL/quadro_ws/install/dgz_description/share/dgz_description/launch/dgz_description.launch.py
[0.781s] -- Up-to-date symlink: /home/MKGL/quadro_ws/install/dgz_description/share/ament_index/resource_index/package_run_dependencies/dgz_description
[0.781s] -- Up-to-date symlink: /home/MKGL/quadro_ws/install/dgz_description/share/ament_index/resource_index/parent_prefix_path/dgz_description
[0.793s] -- Up-to-date symlink: /home/MKGL/quadro_ws/install/dgz_description/share/dgz_description/environment/ament_prefix_path.sh
[0.797s] -- Up-to-date symlink: /home/MKGL/quadro_ws/install/dgz_description/share/dgz_description/environment/ament_prefix_path.dsv
[0.805s] -- Up-to-date symlink: /home/MKGL/quadro_ws/install/dgz_description/share/dgz_description/environment/path.sh
[0.811s] -- Up-to-date symlink: /home/MKGL/quadro_ws/install/dgz_description/share/dgz_description/environment/path.dsv
[0.816s] -- Up-to-date symlink: /home/MKGL/quadro_ws/install/dgz_description/share/dgz_description/local_setup.bash
[0.820s] -- Up-to-date symlink: /home/MKGL/quadro_ws/install/dgz_description/share/dgz_description/local_setup.sh
[0.828s] -- Up-to-date symlink: /home/MKGL/quadro_ws/install/dgz_description/share/dgz_description/local_setup.zsh
[0.832s] -- Up-to-date symlink: /home/MKGL/quadro_ws/install/dgz_description/share/dgz_description/local_setup.dsv
[0.838s] -- Symlinking: /home/MKGL/quadro_ws/install/dgz_description/share/dgz_description/package.dsv
[0.849s] -- Up-to-date symlink: /home/MKGL/quadro_ws/install/dgz_description/share/ament_index/resource_index/packages/dgz_description
[0.854s] -- Up-to-date symlink: /home/MKGL/quadro_ws/install/dgz_description/share/dgz_description/cmake/dgz_descriptionConfig.cmake
[0.855s] -- Up-to-date symlink: /home/MKGL/quadro_ws/install/dgz_description/share/dgz_description/cmake/dgz_descriptionConfig-version.cmake
[0.864s] -- Up-to-date symlink: /home/MKGL/quadro_ws/install/dgz_description/share/dgz_description/package.xml
[0.880s] Invoked command in '/home/MKGL/quadro_ws/build/dgz_description' returned '0': CMAKE_PREFIX_PATH=${CMAKE_PREFIX_PATH}:/opt/ros/jazzy DEBUGINFOD_URLS=https://debuginfod.ubuntu.com /usr/bin/cmake --install /home/MKGL/quadro_ws/build/dgz_description
