[0.092s] Invoking command in '/home/MKGL/quadro_ws/build/dgz_description': CMAKE_PREFIX_PATH=${CMAKE_PREFIX_PATH}:/opt/ros/jazzy DEBUGINFOD_URLS=https://debuginfod.ubuntu.com /usr/bin/cmake --build /home/MKGL/quadro_ws/build/dgz_description -- -j4 -l4
[0.314s] Invoked command in '/home/MKGL/quadro_ws/build/dgz_description' returned '0': CMAKE_PREFIX_PATH=${CMAKE_PREFIX_PATH}:/opt/ros/jazzy DEBUGINFOD_URLS=https://debuginfod.ubuntu.com /usr/bin/cmake --build /home/MKGL/quadro_ws/build/dgz_description -- -j4 -l4
[0.596s] Invoking command in '/home/MKGL/quadro_ws/build/dgz_description': CMAKE_PREFIX_PATH=${CMAKE_PREFIX_PATH}:/opt/ros/jazzy DEBUGINFOD_URLS=https://debuginfod.ubuntu.com /usr/bin/cmake --install /home/MKGL/quadro_ws/build/dgz_description
[0.668s] -- Install configuration: ""
[0.673s] -- Execute custom install script
[0.677s] -- Up-to-date symlink: /home/MKGL/quadro_ws/install/dgz_description/share/dgz_description/launch/dgz_description.launch.py
[0.681s] -- Up-to-date symlink: /home/MKGL/quadro_ws/install/dgz_description/share/ament_index/resource_index/package_run_dependencies/dgz_description
[0.685s] -- Up-to-date symlink: /home/MKGL/quadro_ws/install/dgz_description/share/ament_index/resource_index/parent_prefix_path/dgz_description
[0.690s] -- Up-to-date symlink: /home/MKGL/quadro_ws/install/dgz_description/share/dgz_description/environment/ament_prefix_path.sh
[0.691s] -- Up-to-date symlink: /home/MKGL/quadro_ws/install/dgz_description/share/dgz_description/environment/ament_prefix_path.dsv
[0.692s] -- Up-to-date symlink: /home/MKGL/quadro_ws/install/dgz_description/share/dgz_description/environment/path.sh
[0.701s] -- Up-to-date symlink: /home/MKGL/quadro_ws/install/dgz_description/share/dgz_description/environment/path.dsv
[0.701s] -- Up-to-date symlink: /home/MKGL/quadro_ws/install/dgz_description/share/dgz_description/local_setup.bash
[0.702s] -- Up-to-date symlink: /home/MKGL/quadro_ws/install/dgz_description/share/dgz_description/local_setup.sh
[0.703s] -- Up-to-date symlink: /home/MKGL/quadro_ws/install/dgz_description/share/dgz_description/local_setup.zsh
[0.712s] -- Up-to-date symlink: /home/MKGL/quadro_ws/install/dgz_description/share/dgz_description/local_setup.dsv
[0.713s] -- Symlinking: /home/MKGL/quadro_ws/install/dgz_description/share/dgz_description/package.dsv
[0.883s] -- Up-to-date symlink: /home/MKGL/quadro_ws/install/dgz_description/share/ament_index/resource_index/packages/dgz_description
[0.888s] -- Up-to-date symlink: /home/MKGL/quadro_ws/install/dgz_description/share/dgz_description/cmake/dgz_descriptionConfig.cmake
[0.889s] -- Up-to-date symlink: /home/MKGL/quadro_ws/install/dgz_description/share/dgz_description/cmake/dgz_descriptionConfig-version.cmake
[0.899s] -- Up-to-date symlink: /home/MKGL/quadro_ws/install/dgz_description/share/dgz_description/package.xml
[0.909s] Invoked command in '/home/MKGL/quadro_ws/build/dgz_description' returned '0': CMAKE_PREFIX_PATH=${CMAKE_PREFIX_PATH}:/opt/ros/jazzy DEBUGINFOD_URLS=https://debuginfod.ubuntu.com /usr/bin/cmake --install /home/MKGL/quadro_ws/build/dgz_description
