[0.085s] Invoking command in '/home/MKGL/quadro_ws/build/dgz_description': CMAKE_PREFIX_PATH=${CMAKE_PREFIX_PATH}:/opt/ros/jazzy DEBUGINFOD_URLS=https://debuginfod.ubuntu.com /usr/bin/cmake --build /home/MKGL/quadro_ws/build/dgz_description -- -j4 -l4
[0.343s] Invoked command in '/home/MKGL/quadro_ws/build/dgz_description' returned '0': CMAKE_PREFIX_PATH=${CMAKE_PREFIX_PATH}:/opt/ros/jazzy DEBUGINFOD_URLS=https://debuginfod.ubuntu.com /usr/bin/cmake --build /home/MKGL/quadro_ws/build/dgz_description -- -j4 -l4
[0.606s] Invoking command in '/home/MKGL/quadro_ws/build/dgz_description': CMAKE_PREFIX_PATH=${CMAKE_PREFIX_PATH}:/opt/ros/jazzy DEBUGINFOD_URLS=https://debuginfod.ubuntu.com /usr/bin/cmake --install /home/MKGL/quadro_ws/build/dgz_description
[0.660s] -- Install configuration: ""
[0.661s] -- Execute custom install script
[0.661s] -- Up-to-date symlink: /home/MKGL/quadro_ws/install/dgz_description/share/dgz_description/launch/dgz_description.launch.py
[0.669s] -- Up-to-date symlink: /home/MKGL/quadro_ws/install/dgz_description/share/ament_index/resource_index/package_run_dependencies/dgz_description
[0.677s] -- Up-to-date symlink: /home/MKGL/quadro_ws/install/dgz_description/share/ament_index/resource_index/parent_prefix_path/dgz_description
[0.681s] -- Up-to-date symlink: /home/MKGL/quadro_ws/install/dgz_description/share/dgz_description/environment/ament_prefix_path.sh
[0.682s] -- Up-to-date symlink: /home/MKGL/quadro_ws/install/dgz_description/share/dgz_description/environment/ament_prefix_path.dsv
[0.682s] -- Up-to-date symlink: /home/MKGL/quadro_ws/install/dgz_description/share/dgz_description/environment/path.sh
[0.690s] -- Up-to-date symlink: /home/MKGL/quadro_ws/install/dgz_description/share/dgz_description/environment/path.dsv
[0.691s] -- Up-to-date symlink: /home/MKGL/quadro_ws/install/dgz_description/share/dgz_description/local_setup.bash
[0.692s] -- Up-to-date symlink: /home/MKGL/quadro_ws/install/dgz_description/share/dgz_description/local_setup.sh
[0.699s] -- Up-to-date symlink: /home/MKGL/quadro_ws/install/dgz_description/share/dgz_description/local_setup.zsh
[0.699s] -- Up-to-date symlink: /home/MKGL/quadro_ws/install/dgz_description/share/dgz_description/local_setup.dsv
[0.704s] -- Symlinking: /home/MKGL/quadro_ws/install/dgz_description/share/dgz_description/package.dsv
[0.795s] -- Up-to-date symlink: /home/MKGL/quadro_ws/install/dgz_description/share/ament_index/resource_index/packages/dgz_description
[0.795s] -- Up-to-date symlink: /home/MKGL/quadro_ws/install/dgz_description/share/dgz_description/cmake/dgz_descriptionConfig.cmake
[0.813s] -- Up-to-date symlink: /home/MKGL/quadro_ws/install/dgz_description/share/dgz_description/cmake/dgz_descriptionConfig-version.cmake
[0.813s] -- Up-to-date symlink: /home/MKGL/quadro_ws/install/dgz_description/share/dgz_description/package.xml
[0.830s] Invoked command in '/home/MKGL/quadro_ws/build/dgz_description' returned '0': CMAKE_PREFIX_PATH=${CMAKE_PREFIX_PATH}:/opt/ros/jazzy DEBUGINFOD_URLS=https://debuginfod.ubuntu.com /usr/bin/cmake --install /home/MKGL/quadro_ws/build/dgz_description
