[0.424s] DEBUG:colcon:Command line arguments: ['/usr/bin/colcon', 'build', '--symlink-install']
[0.424s] DEBUG:colcon:Parsed command line arguments: Namespace(log_base=None, log_level=None, verb_name='build', build_base='build', install_base='install', merge_install=False, symlink_install=True, test_result_base=None, continue_on_error=False, executor='parallel', parallel_workers=16, event_handlers=None, ignore_user_meta=False, metas=['./colcon.meta'], base_paths=['.'], packages_ignore=None, packages_ignore_regex=None, paths=None, packages_up_to=None, packages_up_to_regex=None, packages_above=None, packages_above_and_dependencies=None, packages_above_depth=None, packages_select_by_dep=None, packages_skip_by_dep=None, packages_skip_up_to=None, packages_select_build_failed=False, packages_skip_build_finished=False, packages_select_test_failures=False, packages_skip_test_passed=False, packages_select=None, packages_skip=None, packages_select_regex=None, packages_skip_regex=None, packages_start=None, packages_end=None, allow_overriding=[], cmake_args=None, cmake_target=None, cmake_target_skip_unavailable=False, cmake_clean_cache=False, cmake_clean_first=False, cmake_force_configure=False, ament_cmake_args=None, catkin_cmake_args=None, catkin_skip_building_tests=False, mixin_files=None, mixin=None, verb_parser=<colcon_mixin.mixin.mixin_argument.MixinArgumentDecorator object at 0x7f9fd3bfd190>, verb_extension=<colcon_core.verb.build.BuildVerb object at 0x7f9fd3d33680>, main=<bound method BuildVerb.main of <colcon_core.verb.build.BuildVerb object at 0x7f9fd3d33680>>, mixin_verb=('build',))
[0.499s] Level 1:colcon.colcon_core.package_discovery:discover_packages(colcon_meta) check parameters
[0.499s] Level 1:colcon.colcon_core.package_discovery:discover_packages(recursive) check parameters
[0.499s] Level 1:colcon.colcon_core.package_discovery:discover_packages(ignore) check parameters
[0.499s] Level 1:colcon.colcon_core.package_discovery:discover_packages(path) check parameters
[0.499s] Level 1:colcon.colcon_core.package_discovery:discover_packages(colcon_meta) discover
[0.499s] Level 1:colcon.colcon_core.package_discovery:discover_packages(recursive) discover
[0.499s] INFO:colcon.colcon_core.package_discovery:Crawling recursively for packages in '/home/ubuntu/quadro_ws'
[0.500s] Level 1:colcon.colcon_core.package_identification:_identify(.) by extensions ['ignore', 'ignore_ament_install']
[0.500s] Level 1:colcon.colcon_core.package_identification:_identify(.) by extension 'ignore'
[0.500s] Level 1:colcon.colcon_core.package_identification:_identify(.) by extension 'ignore_ament_install'
[0.501s] Level 1:colcon.colcon_core.package_identification:_identify(.) by extensions ['colcon_pkg']
[0.501s] Level 1:colcon.colcon_core.package_identification:_identify(.) by extension 'colcon_pkg'
[0.501s] Level 1:colcon.colcon_core.package_identification:_identify(.) by extensions ['colcon_meta']
[0.501s] Level 1:colcon.colcon_core.package_identification:_identify(.) by extension 'colcon_meta'
[0.501s] Level 1:colcon.colcon_core.package_identification:_identify(.) by extensions ['ros']
[0.501s] Level 1:colcon.colcon_core.package_identification:_identify(.) by extension 'ros'
[0.554s] Level 1:colcon.colcon_core.package_identification:_identify(.) by extensions ['cmake', 'python']
[0.554s] Level 1:colcon.colcon_core.package_identification:_identify(.) by extension 'cmake'
[0.555s] Level 1:colcon.colcon_core.package_identification:_identify(.) by extension 'python'
[0.555s] Level 1:colcon.colcon_core.package_identification:_identify(.) by extensions ['python_setup_py']
[0.555s] Level 1:colcon.colcon_core.package_identification:_identify(.) by extension 'python_setup_py'
[0.555s] Level 1:colcon.colcon_core.package_identification:_identify(build) by extensions ['ignore', 'ignore_ament_install']
[0.555s] Level 1:colcon.colcon_core.package_identification:_identify(build) by extension 'ignore'
[0.556s] Level 1:colcon.colcon_core.package_identification:_identify(build) ignored
[0.556s] Level 1:colcon.colcon_core.package_identification:_identify(install) by extensions ['ignore', 'ignore_ament_install']
[0.556s] Level 1:colcon.colcon_core.package_identification:_identify(install) by extension 'ignore'
[0.556s] Level 1:colcon.colcon_core.package_identification:_identify(install) ignored
[0.556s] Level 1:colcon.colcon_core.package_identification:_identify(log) by extensions ['ignore', 'ignore_ament_install']
[0.557s] Level 1:colcon.colcon_core.package_identification:_identify(log) by extension 'ignore'
[0.557s] Level 1:colcon.colcon_core.package_identification:_identify(log) ignored
[0.557s] Level 1:colcon.colcon_core.package_identification:_identify(src) by extensions ['ignore', 'ignore_ament_install']
[0.557s] Level 1:colcon.colcon_core.package_identification:_identify(src) by extension 'ignore'
[0.558s] Level 1:colcon.colcon_core.package_identification:_identify(src) by extension 'ignore_ament_install'
[0.558s] Level 1:colcon.colcon_core.package_identification:_identify(src) by extensions ['colcon_pkg']
[0.558s] Level 1:colcon.colcon_core.package_identification:_identify(src) by extension 'colcon_pkg'
[0.558s] Level 1:colcon.colcon_core.package_identification:_identify(src) by extensions ['colcon_meta']
[0.558s] Level 1:colcon.colcon_core.package_identification:_identify(src) by extension 'colcon_meta'
[0.558s] Level 1:colcon.colcon_core.package_identification:_identify(src) by extensions ['ros']
[0.558s] Level 1:colcon.colcon_core.package_identification:_identify(src) by extension 'ros'
[0.558s] Level 1:colcon.colcon_core.package_identification:_identify(src) by extensions ['cmake', 'python']
[0.559s] Level 1:colcon.colcon_core.package_identification:_identify(src) by extension 'cmake'
[0.559s] Level 1:colcon.colcon_core.package_identification:_identify(src) by extension 'python'
[0.559s] Level 1:colcon.colcon_core.package_identification:_identify(src) by extensions ['python_setup_py']
[0.559s] Level 1:colcon.colcon_core.package_identification:_identify(src) by extension 'python_setup_py'
[0.559s] Level 1:colcon.colcon_core.package_identification:_identify(src/cerbere) by extensions ['ignore', 'ignore_ament_install']
[0.559s] Level 1:colcon.colcon_core.package_identification:_identify(src/cerbere) by extension 'ignore'
[0.560s] Level 1:colcon.colcon_core.package_identification:_identify(src/cerbere) by extension 'ignore_ament_install'
[0.560s] Level 1:colcon.colcon_core.package_identification:_identify(src/cerbere) by extensions ['colcon_pkg']
[0.560s] Level 1:colcon.colcon_core.package_identification:_identify(src/cerbere) by extension 'colcon_pkg'
[0.560s] Level 1:colcon.colcon_core.package_identification:_identify(src/cerbere) by extensions ['colcon_meta']
[0.560s] Level 1:colcon.colcon_core.package_identification:_identify(src/cerbere) by extension 'colcon_meta'
[0.560s] Level 1:colcon.colcon_core.package_identification:_identify(src/cerbere) by extensions ['ros']
[0.560s] Level 1:colcon.colcon_core.package_identification:_identify(src/cerbere) by extension 'ros'
[0.567s] DEBUG:colcon.colcon_core.package_identification:Package 'src/cerbere' with type 'ros.ament_cmake' and name 'cerbere'
[0.567s] Level 1:colcon.colcon_core.package_identification:_identify(src/dgz_keyboard) by extensions ['ignore', 'ignore_ament_install']
[0.568s] Level 1:colcon.colcon_core.package_identification:_identify(src/dgz_keyboard) by extension 'ignore'
[0.568s] Level 1:colcon.colcon_core.package_identification:_identify(src/dgz_keyboard) by extension 'ignore_ament_install'
[0.568s] Level 1:colcon.colcon_core.package_identification:_identify(src/dgz_keyboard) by extensions ['colcon_pkg']
[0.568s] Level 1:colcon.colcon_core.package_identification:_identify(src/dgz_keyboard) by extension 'colcon_pkg'
[0.568s] Level 1:colcon.colcon_core.package_identification:_identify(src/dgz_keyboard) by extensions ['colcon_meta']
[0.569s] Level 1:colcon.colcon_core.package_identification:_identify(src/dgz_keyboard) by extension 'colcon_meta'
[0.569s] Level 1:colcon.colcon_core.package_identification:_identify(src/dgz_keyboard) by extensions ['ros']
[0.569s] Level 1:colcon.colcon_core.package_identification:_identify(src/dgz_keyboard) by extension 'ros'
[0.571s] DEBUG:colcon.colcon_core.package_identification:Package 'src/dgz_keyboard' with type 'ros.ament_cmake' and name 'dgz_keyboard'
[0.571s] Level 1:colcon.colcon_core.package_identification:_identify(src/dgz_viewer) by extensions ['ignore', 'ignore_ament_install']
[0.571s] Level 1:colcon.colcon_core.package_identification:_identify(src/dgz_viewer) by extension 'ignore'
[0.571s] Level 1:colcon.colcon_core.package_identification:_identify(src/dgz_viewer) by extension 'ignore_ament_install'
[0.571s] Level 1:colcon.colcon_core.package_identification:_identify(src/dgz_viewer) by extensions ['colcon_pkg']
[0.572s] Level 1:colcon.colcon_core.package_identification:_identify(src/dgz_viewer) by extension 'colcon_pkg'
[0.572s] Level 1:colcon.colcon_core.package_identification:_identify(src/dgz_viewer) by extensions ['colcon_meta']
[0.572s] Level 1:colcon.colcon_core.package_identification:_identify(src/dgz_viewer) by extension 'colcon_meta'
[0.572s] Level 1:colcon.colcon_core.package_identification:_identify(src/dgz_viewer) by extensions ['ros']
[0.572s] Level 1:colcon.colcon_core.package_identification:_identify(src/dgz_viewer) by extension 'ros'
[0.575s] DEBUG:colcon.colcon_core.package_identification:Package 'src/dgz_viewer' with type 'ros.ament_cmake' and name 'dgz_viewer'
[0.575s] Level 1:colcon.colcon_core.package_identification:_identify(src/quadro_move_ctrl) by extensions ['ignore', 'ignore_ament_install']
[0.575s] Level 1:colcon.colcon_core.package_identification:_identify(src/quadro_move_ctrl) by extension 'ignore'
[0.575s] Level 1:colcon.colcon_core.package_identification:_identify(src/quadro_move_ctrl) by extension 'ignore_ament_install'
[0.576s] Level 1:colcon.colcon_core.package_identification:_identify(src/quadro_move_ctrl) by extensions ['colcon_pkg']
[0.576s] Level 1:colcon.colcon_core.package_identification:_identify(src/quadro_move_ctrl) by extension 'colcon_pkg'
[0.576s] Level 1:colcon.colcon_core.package_identification:_identify(src/quadro_move_ctrl) by extensions ['colcon_meta']
[0.576s] Level 1:colcon.colcon_core.package_identification:_identify(src/quadro_move_ctrl) by extension 'colcon_meta'
[0.576s] Level 1:colcon.colcon_core.package_identification:_identify(src/quadro_move_ctrl) by extensions ['ros']
[0.576s] Level 1:colcon.colcon_core.package_identification:_identify(src/quadro_move_ctrl) by extension 'ros'
[0.578s] DEBUG:colcon.colcon_core.package_identification:Package 'src/quadro_move_ctrl' with type 'ros.ament_cmake' and name 'quadro_move_ctrl'
[0.578s] Level 1:colcon.colcon_core.package_identification:_identify(src/quadrobot_viewer) by extensions ['ignore', 'ignore_ament_install']
[0.579s] Level 1:colcon.colcon_core.package_identification:_identify(src/quadrobot_viewer) by extension 'ignore'
[0.579s] Level 1:colcon.colcon_core.package_identification:_identify(src/quadrobot_viewer) by extension 'ignore_ament_install'
[0.579s] Level 1:colcon.colcon_core.package_identification:_identify(src/quadrobot_viewer) by extensions ['colcon_pkg']
[0.579s] Level 1:colcon.colcon_core.package_identification:_identify(src/quadrobot_viewer) by extension 'colcon_pkg'
[0.579s] Level 1:colcon.colcon_core.package_identification:_identify(src/quadrobot_viewer) by extensions ['colcon_meta']
[0.579s] Level 1:colcon.colcon_core.package_identification:_identify(src/quadrobot_viewer) by extension 'colcon_meta'
[0.579s] Level 1:colcon.colcon_core.package_identification:_identify(src/quadrobot_viewer) by extensions ['ros']
[0.580s] Level 1:colcon.colcon_core.package_identification:_identify(src/quadrobot_viewer) by extension 'ros'
[0.582s] DEBUG:colcon.colcon_core.package_identification:Package 'src/quadrobot_viewer' with type 'ros.ament_cmake' and name 'quadrobot_viewer'
[0.582s] Level 1:colcon.colcon_core.package_identification:_identify(src/ros_gz_bridge_test) by extensions ['ignore', 'ignore_ament_install']
[0.582s] Level 1:colcon.colcon_core.package_identification:_identify(src/ros_gz_bridge_test) by extension 'ignore'
[0.582s] Level 1:colcon.colcon_core.package_identification:_identify(src/ros_gz_bridge_test) by extension 'ignore_ament_install'
[0.583s] Level 1:colcon.colcon_core.package_identification:_identify(src/ros_gz_bridge_test) by extensions ['colcon_pkg']
[0.583s] Level 1:colcon.colcon_core.package_identification:_identify(src/ros_gz_bridge_test) by extension 'colcon_pkg'
[0.583s] Level 1:colcon.colcon_core.package_identification:_identify(src/ros_gz_bridge_test) by extensions ['colcon_meta']
[0.583s] Level 1:colcon.colcon_core.package_identification:_identify(src/ros_gz_bridge_test) by extension 'colcon_meta'
[0.583s] Level 1:colcon.colcon_core.package_identification:_identify(src/ros_gz_bridge_test) by extensions ['ros']
[0.583s] Level 1:colcon.colcon_core.package_identification:_identify(src/ros_gz_bridge_test) by extension 'ros'
[0.585s] DEBUG:colcon.colcon_core.package_identification:Package 'src/ros_gz_bridge_test' with type 'ros.ament_cmake' and name 'ros_gz_bridge_test'
[0.585s] Level 1:colcon.colcon_core.package_identification:_identify(src/space_interfaces) by extensions ['ignore', 'ignore_ament_install']
[0.585s] Level 1:colcon.colcon_core.package_identification:_identify(src/space_interfaces) by extension 'ignore'
[0.585s] Level 1:colcon.colcon_core.package_identification:_identify(src/space_interfaces) by extension 'ignore_ament_install'
[0.586s] Level 1:colcon.colcon_core.package_identification:_identify(src/space_interfaces) by extensions ['colcon_pkg']
[0.586s] Level 1:colcon.colcon_core.package_identification:_identify(src/space_interfaces) by extension 'colcon_pkg'
[0.586s] Level 1:colcon.colcon_core.package_identification:_identify(src/space_interfaces) by extensions ['colcon_meta']
[0.586s] Level 1:colcon.colcon_core.package_identification:_identify(src/space_interfaces) by extension 'colcon_meta'
[0.586s] Level 1:colcon.colcon_core.package_identification:_identify(src/space_interfaces) by extensions ['ros']
[0.586s] Level 1:colcon.colcon_core.package_identification:_identify(src/space_interfaces) by extension 'ros'
[0.587s] DEBUG:colcon.colcon_core.package_identification:Package 'src/space_interfaces' with type 'ros.ament_cmake' and name 'space_interfaces'
[0.587s] Level 1:colcon.colcon_core.package_discovery:discover_packages(recursive) using defaults
[0.587s] Level 1:colcon.colcon_core.package_discovery:discover_packages(ignore) discover
[0.588s] Level 1:colcon.colcon_core.package_discovery:discover_packages(ignore) using defaults
[0.588s] Level 1:colcon.colcon_core.package_discovery:discover_packages(path) discover
[0.588s] Level 1:colcon.colcon_core.package_discovery:discover_packages(path) using defaults
[0.623s] Level 1:colcon.colcon_core.package_discovery:discover_packages(prefix_path) check parameters
[0.624s] Level 1:colcon.colcon_core.package_discovery:discover_packages(prefix_path) discover
[0.627s] DEBUG:colcon.colcon_installed_package_information.package_discovery:Found 7 installed packages in /home/ubuntu/quadro_ws/install
[0.631s] DEBUG:colcon.colcon_installed_package_information.package_discovery:Found 377 installed packages in /opt/ros/jazzy
[0.634s] Level 1:colcon.colcon_core.package_discovery:discover_packages(prefix_path) using defaults
[0.756s] Level 5:colcon.colcon_core.verb:set package 'cerbere' build argument 'cmake_args' from command line to 'None'
[0.756s] Level 5:colcon.colcon_core.verb:set package 'cerbere' build argument 'cmake_target' from command line to 'None'
[0.756s] Level 5:colcon.colcon_core.verb:set package 'cerbere' build argument 'cmake_target_skip_unavailable' from command line to 'False'
[0.756s] Level 5:colcon.colcon_core.verb:set package 'cerbere' build argument 'cmake_clean_cache' from command line to 'False'
[0.756s] Level 5:colcon.colcon_core.verb:set package 'cerbere' build argument 'cmake_clean_first' from command line to 'False'
[0.756s] Level 5:colcon.colcon_core.verb:set package 'cerbere' build argument 'cmake_force_configure' from command line to 'False'
[0.756s] Level 5:colcon.colcon_core.verb:set package 'cerbere' build argument 'ament_cmake_args' from command line to 'None'
[0.756s] Level 5:colcon.colcon_core.verb:set package 'cerbere' build argument 'catkin_cmake_args' from command line to 'None'
[0.756s] Level 5:colcon.colcon_core.verb:set package 'cerbere' build argument 'catkin_skip_building_tests' from command line to 'False'
[0.756s] DEBUG:colcon.colcon_core.verb:Building package 'cerbere' with the following arguments: {'ament_cmake_args': None, 'build_base': '/home/ubuntu/quadro_ws/build/cerbere', 'catkin_cmake_args': None, 'catkin_skip_building_tests': False, 'cmake_args': None, 'cmake_clean_cache': False, 'cmake_clean_first': False, 'cmake_force_configure': False, 'cmake_target': None, 'cmake_target_skip_unavailable': False, 'install_base': '/home/ubuntu/quadro_ws/install/cerbere', 'merge_install': False, 'path': '/home/ubuntu/quadro_ws/src/cerbere', 'symlink_install': True, 'test_result_base': None}
[0.757s] Level 5:colcon.colcon_core.verb:set package 'dgz_viewer' build argument 'cmake_args' from command line to 'None'
[0.757s] Level 5:colcon.colcon_core.verb:set package 'dgz_viewer' build argument 'cmake_target' from command line to 'None'
[0.757s] Level 5:colcon.colcon_core.verb:set package 'dgz_viewer' build argument 'cmake_target_skip_unavailable' from command line to 'False'
[0.757s] Level 5:colcon.colcon_core.verb:set package 'dgz_viewer' build argument 'cmake_clean_cache' from command line to 'False'
[0.757s] Level 5:colcon.colcon_core.verb:set package 'dgz_viewer' build argument 'cmake_clean_first' from command line to 'False'
[0.757s] Level 5:colcon.colcon_core.verb:set package 'dgz_viewer' build argument 'cmake_force_configure' from command line to 'False'
[0.757s] Level 5:colcon.colcon_core.verb:set package 'dgz_viewer' build argument 'ament_cmake_args' from command line to 'None'
[0.757s] Level 5:colcon.colcon_core.verb:set package 'dgz_viewer' build argument 'catkin_cmake_args' from command line to 'None'
[0.757s] Level 5:colcon.colcon_core.verb:set package 'dgz_viewer' build argument 'catkin_skip_building_tests' from command line to 'False'
[0.757s] DEBUG:colcon.colcon_core.verb:Building package 'dgz_viewer' with the following arguments: {'ament_cmake_args': None, 'build_base': '/home/ubuntu/quadro_ws/build/dgz_viewer', 'catkin_cmake_args': None, 'catkin_skip_building_tests': False, 'cmake_args': None, 'cmake_clean_cache': False, 'cmake_clean_first': False, 'cmake_force_configure': False, 'cmake_target': None, 'cmake_target_skip_unavailable': False, 'install_base': '/home/ubuntu/quadro_ws/install/dgz_viewer', 'merge_install': False, 'path': '/home/ubuntu/quadro_ws/src/dgz_viewer', 'symlink_install': True, 'test_result_base': None}
[0.757s] Level 5:colcon.colcon_core.verb:set package 'quadro_move_ctrl' build argument 'cmake_args' from command line to 'None'
[0.758s] Level 5:colcon.colcon_core.verb:set package 'quadro_move_ctrl' build argument 'cmake_target' from command line to 'None'
[0.758s] Level 5:colcon.colcon_core.verb:set package 'quadro_move_ctrl' build argument 'cmake_target_skip_unavailable' from command line to 'False'
[0.758s] Level 5:colcon.colcon_core.verb:set package 'quadro_move_ctrl' build argument 'cmake_clean_cache' from command line to 'False'
[0.758s] Level 5:colcon.colcon_core.verb:set package 'quadro_move_ctrl' build argument 'cmake_clean_first' from command line to 'False'
[0.758s] Level 5:colcon.colcon_core.verb:set package 'quadro_move_ctrl' build argument 'cmake_force_configure' from command line to 'False'
[0.758s] Level 5:colcon.colcon_core.verb:set package 'quadro_move_ctrl' build argument 'ament_cmake_args' from command line to 'None'
[0.758s] Level 5:colcon.colcon_core.verb:set package 'quadro_move_ctrl' build argument 'catkin_cmake_args' from command line to 'None'
[0.758s] Level 5:colcon.colcon_core.verb:set package 'quadro_move_ctrl' build argument 'catkin_skip_building_tests' from command line to 'False'
[0.758s] DEBUG:colcon.colcon_core.verb:Building package 'quadro_move_ctrl' with the following arguments: {'ament_cmake_args': None, 'build_base': '/home/ubuntu/quadro_ws/build/quadro_move_ctrl', 'catkin_cmake_args': None, 'catkin_skip_building_tests': False, 'cmake_args': None, 'cmake_clean_cache': False, 'cmake_clean_first': False, 'cmake_force_configure': False, 'cmake_target': None, 'cmake_target_skip_unavailable': False, 'install_base': '/home/ubuntu/quadro_ws/install/quadro_move_ctrl', 'merge_install': False, 'path': '/home/ubuntu/quadro_ws/src/quadro_move_ctrl', 'symlink_install': True, 'test_result_base': None}
[0.758s] Level 5:colcon.colcon_core.verb:set package 'quadrobot_viewer' build argument 'cmake_args' from command line to 'None'
[0.758s] Level 5:colcon.colcon_core.verb:set package 'quadrobot_viewer' build argument 'cmake_target' from command line to 'None'
[0.758s] Level 5:colcon.colcon_core.verb:set package 'quadrobot_viewer' build argument 'cmake_target_skip_unavailable' from command line to 'False'
[0.758s] Level 5:colcon.colcon_core.verb:set package 'quadrobot_viewer' build argument 'cmake_clean_cache' from command line to 'False'
[0.759s] Level 5:colcon.colcon_core.verb:set package 'quadrobot_viewer' build argument 'cmake_clean_first' from command line to 'False'
[0.759s] Level 5:colcon.colcon_core.verb:set package 'quadrobot_viewer' build argument 'cmake_force_configure' from command line to 'False'
[0.759s] Level 5:colcon.colcon_core.verb:set package 'quadrobot_viewer' build argument 'ament_cmake_args' from command line to 'None'
[0.759s] Level 5:colcon.colcon_core.verb:set package 'quadrobot_viewer' build argument 'catkin_cmake_args' from command line to 'None'
[0.759s] Level 5:colcon.colcon_core.verb:set package 'quadrobot_viewer' build argument 'catkin_skip_building_tests' from command line to 'False'
[0.759s] DEBUG:colcon.colcon_core.verb:Building package 'quadrobot_viewer' with the following arguments: {'ament_cmake_args': None, 'build_base': '/home/ubuntu/quadro_ws/build/quadrobot_viewer', 'catkin_cmake_args': None, 'catkin_skip_building_tests': False, 'cmake_args': None, 'cmake_clean_cache': False, 'cmake_clean_first': False, 'cmake_force_configure': False, 'cmake_target': None, 'cmake_target_skip_unavailable': False, 'install_base': '/home/ubuntu/quadro_ws/install/quadrobot_viewer', 'merge_install': False, 'path': '/home/ubuntu/quadro_ws/src/quadrobot_viewer', 'symlink_install': True, 'test_result_base': None}
[0.759s] Level 5:colcon.colcon_core.verb:set package 'ros_gz_bridge_test' build argument 'cmake_args' from command line to 'None'
[0.759s] Level 5:colcon.colcon_core.verb:set package 'ros_gz_bridge_test' build argument 'cmake_target' from command line to 'None'
[0.759s] Level 5:colcon.colcon_core.verb:set package 'ros_gz_bridge_test' build argument 'cmake_target_skip_unavailable' from command line to 'False'
[0.759s] Level 5:colcon.colcon_core.verb:set package 'ros_gz_bridge_test' build argument 'cmake_clean_cache' from command line to 'False'
[0.759s] Level 5:colcon.colcon_core.verb:set package 'ros_gz_bridge_test' build argument 'cmake_clean_first' from command line to 'False'
[0.759s] Level 5:colcon.colcon_core.verb:set package 'ros_gz_bridge_test' build argument 'cmake_force_configure' from command line to 'False'
[0.759s] Level 5:colcon.colcon_core.verb:set package 'ros_gz_bridge_test' build argument 'ament_cmake_args' from command line to 'None'
[0.759s] Level 5:colcon.colcon_core.verb:set package 'ros_gz_bridge_test' build argument 'catkin_cmake_args' from command line to 'None'
[0.760s] Level 5:colcon.colcon_core.verb:set package 'ros_gz_bridge_test' build argument 'catkin_skip_building_tests' from command line to 'False'
[0.760s] DEBUG:colcon.colcon_core.verb:Building package 'ros_gz_bridge_test' with the following arguments: {'ament_cmake_args': None, 'build_base': '/home/ubuntu/quadro_ws/build/ros_gz_bridge_test', 'catkin_cmake_args': None, 'catkin_skip_building_tests': False, 'cmake_args': None, 'cmake_clean_cache': False, 'cmake_clean_first': False, 'cmake_force_configure': False, 'cmake_target': None, 'cmake_target_skip_unavailable': False, 'install_base': '/home/ubuntu/quadro_ws/install/ros_gz_bridge_test', 'merge_install': False, 'path': '/home/ubuntu/quadro_ws/src/ros_gz_bridge_test', 'symlink_install': True, 'test_result_base': None}
[0.760s] Level 5:colcon.colcon_core.verb:set package 'space_interfaces' build argument 'cmake_args' from command line to 'None'
[0.760s] Level 5:colcon.colcon_core.verb:set package 'space_interfaces' build argument 'cmake_target' from command line to 'None'
[0.760s] Level 5:colcon.colcon_core.verb:set package 'space_interfaces' build argument 'cmake_target_skip_unavailable' from command line to 'False'
[0.760s] Level 5:colcon.colcon_core.verb:set package 'space_interfaces' build argument 'cmake_clean_cache' from command line to 'False'
[0.760s] Level 5:colcon.colcon_core.verb:set package 'space_interfaces' build argument 'cmake_clean_first' from command line to 'False'
[0.760s] Level 5:colcon.colcon_core.verb:set package 'space_interfaces' build argument 'cmake_force_configure' from command line to 'False'
[0.760s] Level 5:colcon.colcon_core.verb:set package 'space_interfaces' build argument 'ament_cmake_args' from command line to 'None'
[0.760s] Level 5:colcon.colcon_core.verb:set package 'space_interfaces' build argument 'catkin_cmake_args' from command line to 'None'
[0.760s] Level 5:colcon.colcon_core.verb:set package 'space_interfaces' build argument 'catkin_skip_building_tests' from command line to 'False'
[0.760s] DEBUG:colcon.colcon_core.verb:Building package 'space_interfaces' with the following arguments: {'ament_cmake_args': None, 'build_base': '/home/ubuntu/quadro_ws/build/space_interfaces', 'catkin_cmake_args': None, 'catkin_skip_building_tests': False, 'cmake_args': None, 'cmake_clean_cache': False, 'cmake_clean_first': False, 'cmake_force_configure': False, 'cmake_target': None, 'cmake_target_skip_unavailable': False, 'install_base': '/home/ubuntu/quadro_ws/install/space_interfaces', 'merge_install': False, 'path': '/home/ubuntu/quadro_ws/src/space_interfaces', 'symlink_install': True, 'test_result_base': None}
[0.761s] Level 5:colcon.colcon_core.verb:set package 'dgz_keyboard' build argument 'cmake_args' from command line to 'None'
[0.761s] Level 5:colcon.colcon_core.verb:set package 'dgz_keyboard' build argument 'cmake_target' from command line to 'None'
[0.761s] Level 5:colcon.colcon_core.verb:set package 'dgz_keyboard' build argument 'cmake_target_skip_unavailable' from command line to 'False'
[0.761s] Level 5:colcon.colcon_core.verb:set package 'dgz_keyboard' build argument 'cmake_clean_cache' from command line to 'False'
[0.761s] Level 5:colcon.colcon_core.verb:set package 'dgz_keyboard' build argument 'cmake_clean_first' from command line to 'False'
[0.761s] Level 5:colcon.colcon_core.verb:set package 'dgz_keyboard' build argument 'cmake_force_configure' from command line to 'False'
[0.761s] Level 5:colcon.colcon_core.verb:set package 'dgz_keyboard' build argument 'ament_cmake_args' from command line to 'None'
[0.761s] Level 5:colcon.colcon_core.verb:set package 'dgz_keyboard' build argument 'catkin_cmake_args' from command line to 'None'
[0.761s] Level 5:colcon.colcon_core.verb:set package 'dgz_keyboard' build argument 'catkin_skip_building_tests' from command line to 'False'
[0.761s] DEBUG:colcon.colcon_core.verb:Building package 'dgz_keyboard' with the following arguments: {'ament_cmake_args': None, 'build_base': '/home/ubuntu/quadro_ws/build/dgz_keyboard', 'catkin_cmake_args': None, 'catkin_skip_building_tests': False, 'cmake_args': None, 'cmake_clean_cache': False, 'cmake_clean_first': False, 'cmake_force_configure': False, 'cmake_target': None, 'cmake_target_skip_unavailable': False, 'install_base': '/home/ubuntu/quadro_ws/install/dgz_keyboard', 'merge_install': False, 'path': '/home/ubuntu/quadro_ws/src/dgz_keyboard', 'symlink_install': True, 'test_result_base': None}
[0.761s] INFO:colcon.colcon_core.executor:Executing jobs using 'parallel' executor
[0.763s] DEBUG:colcon.colcon_parallel_executor.executor.parallel:run_until_complete
[0.763s] INFO:colcon.colcon_ros.task.ament_cmake.build:Building ROS package in '/home/ubuntu/quadro_ws/src/space_interfaces' with build type 'ament_cmake'
[0.764s] INFO:colcon.colcon_cmake.task.cmake.build:Building CMake package in '/home/ubuntu/quadro_ws/src/space_interfaces'
[0.768s] INFO:colcon.colcon_core.plugin_system:Skipping extension 'colcon_core.shell.bat': Not used on non-Windows systems
[0.769s] INFO:colcon.colcon_core.shell:Skip shell extension 'powershell' for command environment: Not usable outside of PowerShell
[0.769s] DEBUG:colcon.colcon_core.shell:Skip shell extension 'dsv' for command environment
[0.774s] INFO:colcon.colcon_ros.task.ament_cmake.build:Building ROS package in '/home/ubuntu/quadro_ws/src/cerbere' with build type 'ament_cmake'
[0.775s] INFO:colcon.colcon_cmake.task.cmake.build:Building CMake package in '/home/ubuntu/quadro_ws/src/cerbere'
[0.775s] INFO:colcon.colcon_core.shell:Skip shell extension 'powershell' for command environment: Not usable outside of PowerShell
[0.776s] DEBUG:colcon.colcon_core.shell:Skip shell extension 'dsv' for command environment
[0.781s] INFO:colcon.colcon_ros.task.ament_cmake.build:Building ROS package in '/home/ubuntu/quadro_ws/src/dgz_viewer' with build type 'ament_cmake'
[0.781s] INFO:colcon.colcon_cmake.task.cmake.build:Building CMake package in '/home/ubuntu/quadro_ws/src/dgz_viewer'
[0.782s] INFO:colcon.colcon_core.shell:Skip shell extension 'powershell' for command environment: Not usable outside of PowerShell
[0.782s] DEBUG:colcon.colcon_core.shell:Skip shell extension 'dsv' for command environment
[0.788s] INFO:colcon.colcon_ros.task.ament_cmake.build:Building ROS package in '/home/ubuntu/quadro_ws/src/quadro_move_ctrl' with build type 'ament_cmake'
[0.788s] INFO:colcon.colcon_cmake.task.cmake.build:Building CMake package in '/home/ubuntu/quadro_ws/src/quadro_move_ctrl'
[0.788s] INFO:colcon.colcon_core.shell:Skip shell extension 'powershell' for command environment: Not usable outside of PowerShell
[0.789s] DEBUG:colcon.colcon_core.shell:Skip shell extension 'dsv' for command environment
[0.794s] INFO:colcon.colcon_ros.task.ament_cmake.build:Building ROS package in '/home/ubuntu/quadro_ws/src/quadrobot_viewer' with build type 'ament_cmake'
[0.794s] INFO:colcon.colcon_cmake.task.cmake.build:Building CMake package in '/home/ubuntu/quadro_ws/src/quadrobot_viewer'
[0.795s] INFO:colcon.colcon_core.shell:Skip shell extension 'powershell' for command environment: Not usable outside of PowerShell
[0.795s] DEBUG:colcon.colcon_core.shell:Skip shell extension 'dsv' for command environment
[0.801s] INFO:colcon.colcon_ros.task.ament_cmake.build:Building ROS package in '/home/ubuntu/quadro_ws/src/ros_gz_bridge_test' with build type 'ament_cmake'
[0.801s] INFO:colcon.colcon_cmake.task.cmake.build:Building CMake package in '/home/ubuntu/quadro_ws/src/ros_gz_bridge_test'
[0.802s] INFO:colcon.colcon_core.shell:Skip shell extension 'powershell' for command environment: Not usable outside of PowerShell
[0.802s] DEBUG:colcon.colcon_core.shell:Skip shell extension 'dsv' for command environment
[0.819s] DEBUG:colcon.colcon_core.event_handler.log_command:Invoking command in '/home/ubuntu/quadro_ws/build/space_interfaces': CMAKE_PREFIX_PATH=${CMAKE_PREFIX_PATH}:/opt/ros/jazzy /usr/bin/cmake --build /home/ubuntu/quadro_ws/build/space_interfaces -- -j16 -l16
[0.825s] DEBUG:colcon.colcon_core.event_handler.log_command:Invoking command in '/home/ubuntu/quadro_ws/build/cerbere': CMAKE_PREFIX_PATH=${CMAKE_PREFIX_PATH}:/opt/ros/jazzy /usr/bin/cmake --build /home/ubuntu/quadro_ws/build/cerbere -- -j16 -l16
[0.830s] DEBUG:colcon.colcon_core.event_handler.log_command:Invoking command in '/home/ubuntu/quadro_ws/build/dgz_viewer': CMAKE_PREFIX_PATH=${CMAKE_PREFIX_PATH}:/opt/ros/jazzy /usr/bin/cmake --build /home/ubuntu/quadro_ws/build/dgz_viewer -- -j16 -l16
[0.835s] DEBUG:colcon.colcon_core.event_handler.log_command:Invoking command in '/home/ubuntu/quadro_ws/build/quadro_move_ctrl': CMAKE_PREFIX_PATH=${CMAKE_PREFIX_PATH}:/opt/ros/jazzy /usr/bin/cmake --build /home/ubuntu/quadro_ws/build/quadro_move_ctrl -- -j16 -l16
[0.849s] DEBUG:colcon.colcon_core.event_handler.log_command:Invoking command in '/home/ubuntu/quadro_ws/build/quadrobot_viewer': CMAKE_PREFIX_PATH=${CMAKE_PREFIX_PATH}:/opt/ros/jazzy /usr/bin/cmake --build /home/ubuntu/quadro_ws/build/quadrobot_viewer -- -j16 -l16
[0.858s] DEBUG:colcon.colcon_core.event_handler.log_command:Invoking command in '/home/ubuntu/quadro_ws/build/ros_gz_bridge_test': CMAKE_PREFIX_PATH=${CMAKE_PREFIX_PATH}:/opt/ros/jazzy /usr/bin/cmake --build /home/ubuntu/quadro_ws/build/ros_gz_bridge_test -- -j16 -l16
[0.900s] DEBUG:colcon.colcon_core.event_handler.log_command:Invoked command in '/home/ubuntu/quadro_ws/build/dgz_viewer' returned '0': CMAKE_PREFIX_PATH=${CMAKE_PREFIX_PATH}:/opt/ros/jazzy /usr/bin/cmake --build /home/ubuntu/quadro_ws/build/dgz_viewer -- -j16 -l16
[0.906s] DEBUG:colcon.colcon_core.event_handler.log_command:Invoked command in '/home/ubuntu/quadro_ws/build/quadrobot_viewer' returned '0': CMAKE_PREFIX_PATH=${CMAKE_PREFIX_PATH}:/opt/ros/jazzy /usr/bin/cmake --build /home/ubuntu/quadro_ws/build/quadrobot_viewer -- -j16 -l16
[0.959s] DEBUG:colcon.colcon_core.event_handler.log_command:Invoking command in '/home/ubuntu/quadro_ws/build/dgz_viewer': CMAKE_PREFIX_PATH=${CMAKE_PREFIX_PATH}:/opt/ros/jazzy /usr/bin/cmake --install /home/ubuntu/quadro_ws/build/dgz_viewer
[0.965s] DEBUG:colcon.colcon_core.event_handler.log_command:Invoking command in '/home/ubuntu/quadro_ws/build/quadrobot_viewer': CMAKE_PREFIX_PATH=${CMAKE_PREFIX_PATH}:/opt/ros/jazzy /usr/bin/cmake --install /home/ubuntu/quadro_ws/build/quadrobot_viewer
[0.970s] DEBUG:colcon.colcon_core.event_handler.log_command:Invoked command in '/home/ubuntu/quadro_ws/build/quadro_move_ctrl' returned '0': CMAKE_PREFIX_PATH=${CMAKE_PREFIX_PATH}:/opt/ros/jazzy /usr/bin/cmake --build /home/ubuntu/quadro_ws/build/quadro_move_ctrl -- -j16 -l16
[0.987s] DEBUG:colcon.colcon_core.event_handler.log_command:Invoked command in '/home/ubuntu/quadro_ws/build/ros_gz_bridge_test' returned '0': CMAKE_PREFIX_PATH=${CMAKE_PREFIX_PATH}:/opt/ros/jazzy /usr/bin/cmake --build /home/ubuntu/quadro_ws/build/ros_gz_bridge_test -- -j16 -l16
[1.023s] Level 1:colcon.colcon_core.environment:create_environment_scripts_only(quadrobot_viewer)
[1.039s] Level 1:colcon.colcon_core.environment:checking '/home/ubuntu/quadro_ws/install/quadrobot_viewer' for CMake module files
[1.044s] Level 1:colcon.colcon_core.environment:checking '/home/ubuntu/quadro_ws/install/quadrobot_viewer' for CMake config files
[1.056s] Level 1:colcon.colcon_core.shell:create_environment_hook('quadrobot_viewer', 'cmake_prefix_path')
[1.057s] INFO:colcon.colcon_core.shell:Creating environment hook '/home/ubuntu/quadro_ws/install/quadrobot_viewer/share/quadrobot_viewer/hook/cmake_prefix_path.ps1'
[1.059s] INFO:colcon.colcon_core.shell:Creating environment descriptor '/home/ubuntu/quadro_ws/install/quadrobot_viewer/share/quadrobot_viewer/hook/cmake_prefix_path.dsv'
[1.063s] INFO:colcon.colcon_core.shell:Creating environment hook '/home/ubuntu/quadro_ws/install/quadrobot_viewer/share/quadrobot_viewer/hook/cmake_prefix_path.sh'
[1.066s] Level 1:colcon.colcon_core.environment:checking '/home/ubuntu/quadro_ws/install/quadrobot_viewer/bin'
[1.067s] Level 1:colcon.colcon_core.environment:checking '/home/ubuntu/quadro_ws/install/quadrobot_viewer/lib/pkgconfig/quadrobot_viewer.pc'
[1.069s] Level 1:colcon.colcon_core.environment:checking '/home/ubuntu/quadro_ws/install/quadrobot_viewer/lib/python3.12/site-packages'
[1.070s] Level 1:colcon.colcon_core.environment:checking '/home/ubuntu/quadro_ws/install/quadrobot_viewer/bin'
[1.072s] INFO:colcon.colcon_core.shell:Creating package script '/home/ubuntu/quadro_ws/install/quadrobot_viewer/share/quadrobot_viewer/package.ps1'
[1.072s] DEBUG:colcon.colcon_core.event_handler.log_command:Invoking command in '/home/ubuntu/quadro_ws/build/quadro_move_ctrl': CMAKE_PREFIX_PATH=${CMAKE_PREFIX_PATH}:/opt/ros/jazzy /usr/bin/cmake --install /home/ubuntu/quadro_ws/build/quadro_move_ctrl
[1.074s] INFO:colcon.colcon_core.shell:Creating package descriptor '/home/ubuntu/quadro_ws/install/quadrobot_viewer/share/quadrobot_viewer/package.dsv'
[1.074s] DEBUG:colcon.colcon_core.event_handler.log_command:Invoked command in '/home/ubuntu/quadro_ws/build/quadrobot_viewer' returned '0': CMAKE_PREFIX_PATH=${CMAKE_PREFIX_PATH}:/opt/ros/jazzy /usr/bin/cmake --install /home/ubuntu/quadro_ws/build/quadrobot_viewer
[1.076s] INFO:colcon.colcon_core.shell:Creating package script '/home/ubuntu/quadro_ws/install/quadrobot_viewer/share/quadrobot_viewer/package.sh'
[1.079s] INFO:colcon.colcon_core.shell:Creating package script '/home/ubuntu/quadro_ws/install/quadrobot_viewer/share/quadrobot_viewer/package.bash'
[1.081s] INFO:colcon.colcon_core.shell:Creating package script '/home/ubuntu/quadro_ws/install/quadrobot_viewer/share/quadrobot_viewer/package.zsh'
[1.085s] Level 1:colcon.colcon_core.environment:create_file_with_runtime_dependencies(/home/ubuntu/quadro_ws/install/quadrobot_viewer/share/colcon-core/packages/quadrobot_viewer)
[1.091s] Level 1:colcon.colcon_core.environment:create_environment_scripts_only(dgz_viewer)
[1.092s] Level 1:colcon.colcon_core.environment:checking '/home/ubuntu/quadro_ws/install/dgz_viewer' for CMake module files
[1.096s] Level 1:colcon.colcon_core.environment:checking '/home/ubuntu/quadro_ws/install/dgz_viewer' for CMake config files
[1.097s] DEBUG:colcon.colcon_core.event_handler.log_command:Invoked command in '/home/ubuntu/quadro_ws/build/dgz_viewer' returned '0': CMAKE_PREFIX_PATH=${CMAKE_PREFIX_PATH}:/opt/ros/jazzy /usr/bin/cmake --install /home/ubuntu/quadro_ws/build/dgz_viewer
[1.098s] Level 1:colcon.colcon_core.shell:create_environment_hook('dgz_viewer', 'cmake_prefix_path')
[1.099s] INFO:colcon.colcon_core.shell:Creating environment hook '/home/ubuntu/quadro_ws/install/dgz_viewer/share/dgz_viewer/hook/cmake_prefix_path.ps1'
[1.100s] INFO:colcon.colcon_core.shell:Creating environment descriptor '/home/ubuntu/quadro_ws/install/dgz_viewer/share/dgz_viewer/hook/cmake_prefix_path.dsv'
[1.100s] INFO:colcon.colcon_core.shell:Creating environment hook '/home/ubuntu/quadro_ws/install/dgz_viewer/share/dgz_viewer/hook/cmake_prefix_path.sh'
[1.101s] Level 1:colcon.colcon_core.environment:checking '/home/ubuntu/quadro_ws/install/dgz_viewer/bin'
[1.102s] Level 1:colcon.colcon_core.environment:checking '/home/ubuntu/quadro_ws/install/dgz_viewer/lib/pkgconfig/dgz_viewer.pc'
[1.102s] Level 1:colcon.colcon_core.environment:checking '/home/ubuntu/quadro_ws/install/dgz_viewer/lib/python3.12/site-packages'
[1.103s] Level 1:colcon.colcon_core.environment:checking '/home/ubuntu/quadro_ws/install/dgz_viewer/bin'
[1.103s] INFO:colcon.colcon_core.shell:Creating package script '/home/ubuntu/quadro_ws/install/dgz_viewer/share/dgz_viewer/package.ps1'
[1.104s] INFO:colcon.colcon_core.shell:Creating package descriptor '/home/ubuntu/quadro_ws/install/dgz_viewer/share/dgz_viewer/package.dsv'
[1.105s] INFO:colcon.colcon_core.shell:Creating package script '/home/ubuntu/quadro_ws/install/dgz_viewer/share/dgz_viewer/package.sh'
[1.106s] INFO:colcon.colcon_core.shell:Creating package script '/home/ubuntu/quadro_ws/install/dgz_viewer/share/dgz_viewer/package.bash'
[1.107s] INFO:colcon.colcon_core.shell:Creating package script '/home/ubuntu/quadro_ws/install/dgz_viewer/share/dgz_viewer/package.zsh'
[1.107s] Level 1:colcon.colcon_core.environment:create_file_with_runtime_dependencies(/home/ubuntu/quadro_ws/install/dgz_viewer/share/colcon-core/packages/dgz_viewer)
[1.111s] DEBUG:colcon.colcon_core.event_handler.log_command:Invoking command in '/home/ubuntu/quadro_ws/build/ros_gz_bridge_test': CMAKE_PREFIX_PATH=${CMAKE_PREFIX_PATH}:/opt/ros/jazzy /usr/bin/cmake --install /home/ubuntu/quadro_ws/build/ros_gz_bridge_test
[1.115s] Level 1:colcon.colcon_core.environment:create_environment_scripts_only(quadro_move_ctrl)
[1.116s] Level 1:colcon.colcon_core.environment:checking '/home/ubuntu/quadro_ws/install/quadro_move_ctrl' for CMake module files
[1.116s] DEBUG:colcon.colcon_core.event_handler.log_command:Invoked command in '/home/ubuntu/quadro_ws/build/quadro_move_ctrl' returned '0': CMAKE_PREFIX_PATH=${CMAKE_PREFIX_PATH}:/opt/ros/jazzy /usr/bin/cmake --install /home/ubuntu/quadro_ws/build/quadro_move_ctrl
[1.118s] Level 1:colcon.colcon_core.environment:checking '/home/ubuntu/quadro_ws/install/quadro_move_ctrl' for CMake config files
[1.119s] Level 1:colcon.colcon_core.shell:create_environment_hook('quadro_move_ctrl', 'cmake_prefix_path')
[1.120s] INFO:colcon.colcon_core.shell:Creating environment hook '/home/ubuntu/quadro_ws/install/quadro_move_ctrl/share/quadro_move_ctrl/hook/cmake_prefix_path.ps1'
[1.121s] INFO:colcon.colcon_core.shell:Creating environment descriptor '/home/ubuntu/quadro_ws/install/quadro_move_ctrl/share/quadro_move_ctrl/hook/cmake_prefix_path.dsv'
[1.121s] INFO:colcon.colcon_core.shell:Creating environment hook '/home/ubuntu/quadro_ws/install/quadro_move_ctrl/share/quadro_move_ctrl/hook/cmake_prefix_path.sh'
[1.123s] Level 1:colcon.colcon_core.environment:checking '/home/ubuntu/quadro_ws/install/quadro_move_ctrl/lib'
[1.123s] Level 1:colcon.colcon_core.environment:checking '/home/ubuntu/quadro_ws/install/quadro_move_ctrl/bin'
[1.123s] Level 1:colcon.colcon_core.environment:checking '/home/ubuntu/quadro_ws/install/quadro_move_ctrl/lib/pkgconfig/quadro_move_ctrl.pc'
[1.124s] Level 1:colcon.colcon_core.environment:checking '/home/ubuntu/quadro_ws/install/quadro_move_ctrl/lib/python3.12/site-packages'
[1.124s] Level 1:colcon.colcon_core.environment:checking '/home/ubuntu/quadro_ws/install/quadro_move_ctrl/bin'
[1.125s] INFO:colcon.colcon_core.shell:Creating package script '/home/ubuntu/quadro_ws/install/quadro_move_ctrl/share/quadro_move_ctrl/package.ps1'
[1.131s] INFO:colcon.colcon_core.shell:Creating package descriptor '/home/ubuntu/quadro_ws/install/quadro_move_ctrl/share/quadro_move_ctrl/package.dsv'
[1.137s] INFO:colcon.colcon_core.shell:Creating package script '/home/ubuntu/quadro_ws/install/quadro_move_ctrl/share/quadro_move_ctrl/package.sh'
[1.140s] INFO:colcon.colcon_core.shell:Creating package script '/home/ubuntu/quadro_ws/install/quadro_move_ctrl/share/quadro_move_ctrl/package.bash'
[1.141s] INFO:colcon.colcon_core.shell:Creating package script '/home/ubuntu/quadro_ws/install/quadro_move_ctrl/share/quadro_move_ctrl/package.zsh'
[1.141s] Level 1:colcon.colcon_core.environment:create_file_with_runtime_dependencies(/home/ubuntu/quadro_ws/install/quadro_move_ctrl/share/colcon-core/packages/quadro_move_ctrl)
[1.144s] Level 1:colcon.colcon_core.environment:create_environment_scripts_only(quadrobot_viewer)
[1.145s] Level 1:colcon.colcon_core.environment:checking '/home/ubuntu/quadro_ws/install/quadrobot_viewer' for CMake module files
[1.146s] Level 1:colcon.colcon_core.environment:checking '/home/ubuntu/quadro_ws/install/quadrobot_viewer' for CMake config files
[1.150s] Level 1:colcon.colcon_core.shell:create_environment_hook('quadrobot_viewer', 'cmake_prefix_path')
[1.150s] INFO:colcon.colcon_core.shell:Creating environment hook '/home/ubuntu/quadro_ws/install/quadrobot_viewer/share/quadrobot_viewer/hook/cmake_prefix_path.ps1'
[1.151s] INFO:colcon.colcon_core.shell:Creating environment descriptor '/home/ubuntu/quadro_ws/install/quadrobot_viewer/share/quadrobot_viewer/hook/cmake_prefix_path.dsv'
[1.152s] INFO:colcon.colcon_core.shell:Creating environment hook '/home/ubuntu/quadro_ws/install/quadrobot_viewer/share/quadrobot_viewer/hook/cmake_prefix_path.sh'
[1.153s] Level 1:colcon.colcon_core.environment:checking '/home/ubuntu/quadro_ws/install/quadrobot_viewer/bin'
[1.153s] Level 1:colcon.colcon_core.environment:checking '/home/ubuntu/quadro_ws/install/quadrobot_viewer/lib/pkgconfig/quadrobot_viewer.pc'
[1.154s] Level 1:colcon.colcon_core.environment:checking '/home/ubuntu/quadro_ws/install/quadrobot_viewer/lib/python3.12/site-packages'
[1.154s] Level 1:colcon.colcon_core.environment:checking '/home/ubuntu/quadro_ws/install/quadrobot_viewer/bin'
[1.155s] INFO:colcon.colcon_core.shell:Creating package script '/home/ubuntu/quadro_ws/install/quadrobot_viewer/share/quadrobot_viewer/package.ps1'
[1.156s] INFO:colcon.colcon_core.shell:Creating package descriptor '/home/ubuntu/quadro_ws/install/quadrobot_viewer/share/quadrobot_viewer/package.dsv'
[1.158s] INFO:colcon.colcon_core.shell:Creating package script '/home/ubuntu/quadro_ws/install/quadrobot_viewer/share/quadrobot_viewer/package.sh'
[1.159s] INFO:colcon.colcon_core.shell:Creating package script '/home/ubuntu/quadro_ws/install/quadrobot_viewer/share/quadrobot_viewer/package.bash'
[1.160s] INFO:colcon.colcon_core.shell:Creating package script '/home/ubuntu/quadro_ws/install/quadrobot_viewer/share/quadrobot_viewer/package.zsh'
[1.161s] Level 1:colcon.colcon_core.environment:create_file_with_runtime_dependencies(/home/ubuntu/quadro_ws/install/quadrobot_viewer/share/colcon-core/packages/quadrobot_viewer)
[1.162s] Level 1:colcon.colcon_core.environment:create_environment_scripts_only(dgz_viewer)
[1.162s] Level 1:colcon.colcon_core.environment:checking '/home/ubuntu/quadro_ws/install/dgz_viewer' for CMake module files
[1.167s] Level 1:colcon.colcon_core.environment:checking '/home/ubuntu/quadro_ws/install/dgz_viewer' for CMake config files
[1.168s] Level 1:colcon.colcon_core.shell:create_environment_hook('dgz_viewer', 'cmake_prefix_path')
[1.168s] INFO:colcon.colcon_core.shell:Creating environment hook '/home/ubuntu/quadro_ws/install/dgz_viewer/share/dgz_viewer/hook/cmake_prefix_path.ps1'
[1.170s] INFO:colcon.colcon_core.shell:Creating environment descriptor '/home/ubuntu/quadro_ws/install/dgz_viewer/share/dgz_viewer/hook/cmake_prefix_path.dsv'
[1.171s] INFO:colcon.colcon_core.shell:Creating environment hook '/home/ubuntu/quadro_ws/install/dgz_viewer/share/dgz_viewer/hook/cmake_prefix_path.sh'
[1.173s] Level 1:colcon.colcon_core.environment:checking '/home/ubuntu/quadro_ws/install/dgz_viewer/bin'
[1.173s] Level 1:colcon.colcon_core.environment:checking '/home/ubuntu/quadro_ws/install/dgz_viewer/lib/pkgconfig/dgz_viewer.pc'
[1.174s] Level 1:colcon.colcon_core.environment:checking '/home/ubuntu/quadro_ws/install/dgz_viewer/lib/python3.12/site-packages'
[1.175s] Level 1:colcon.colcon_core.environment:checking '/home/ubuntu/quadro_ws/install/dgz_viewer/bin'
[1.175s] INFO:colcon.colcon_core.shell:Creating package script '/home/ubuntu/quadro_ws/install/dgz_viewer/share/dgz_viewer/package.ps1'
[1.177s] INFO:colcon.colcon_core.shell:Creating package descriptor '/home/ubuntu/quadro_ws/install/dgz_viewer/share/dgz_viewer/package.dsv'
[1.178s] INFO:colcon.colcon_core.shell:Creating package script '/home/ubuntu/quadro_ws/install/dgz_viewer/share/dgz_viewer/package.sh'
[1.179s] INFO:colcon.colcon_core.shell:Creating package script '/home/ubuntu/quadro_ws/install/dgz_viewer/share/dgz_viewer/package.bash'
[1.180s] INFO:colcon.colcon_core.shell:Creating package script '/home/ubuntu/quadro_ws/install/dgz_viewer/share/dgz_viewer/package.zsh'
[1.181s] Level 1:colcon.colcon_core.environment:create_file_with_runtime_dependencies(/home/ubuntu/quadro_ws/install/dgz_viewer/share/colcon-core/packages/dgz_viewer)
[1.185s] Level 1:colcon.colcon_core.environment:create_environment_scripts_only(quadro_move_ctrl)
[1.185s] Level 1:colcon.colcon_core.environment:checking '/home/ubuntu/quadro_ws/install/quadro_move_ctrl' for CMake module files
[1.187s] Level 1:colcon.colcon_core.environment:checking '/home/ubuntu/quadro_ws/install/quadro_move_ctrl' for CMake config files
[1.188s] Level 1:colcon.colcon_core.shell:create_environment_hook('quadro_move_ctrl', 'cmake_prefix_path')
[1.188s] INFO:colcon.colcon_core.shell:Creating environment hook '/home/ubuntu/quadro_ws/install/quadro_move_ctrl/share/quadro_move_ctrl/hook/cmake_prefix_path.ps1'
[1.189s] INFO:colcon.colcon_core.shell:Creating environment descriptor '/home/ubuntu/quadro_ws/install/quadro_move_ctrl/share/quadro_move_ctrl/hook/cmake_prefix_path.dsv'
[1.190s] INFO:colcon.colcon_core.shell:Creating environment hook '/home/ubuntu/quadro_ws/install/quadro_move_ctrl/share/quadro_move_ctrl/hook/cmake_prefix_path.sh'
[1.192s] Level 1:colcon.colcon_core.environment:checking '/home/ubuntu/quadro_ws/install/quadro_move_ctrl/lib'
[1.192s] Level 1:colcon.colcon_core.environment:checking '/home/ubuntu/quadro_ws/install/quadro_move_ctrl/bin'
[1.192s] Level 1:colcon.colcon_core.environment:checking '/home/ubuntu/quadro_ws/install/quadro_move_ctrl/lib/pkgconfig/quadro_move_ctrl.pc'
[1.193s] Level 1:colcon.colcon_core.environment:checking '/home/ubuntu/quadro_ws/install/quadro_move_ctrl/lib/python3.12/site-packages'
[1.193s] Level 1:colcon.colcon_core.environment:checking '/home/ubuntu/quadro_ws/install/quadro_move_ctrl/bin'
[1.194s] INFO:colcon.colcon_core.shell:Creating package script '/home/ubuntu/quadro_ws/install/quadro_move_ctrl/share/quadro_move_ctrl/package.ps1'
[1.195s] INFO:colcon.colcon_core.shell:Creating package descriptor '/home/ubuntu/quadro_ws/install/quadro_move_ctrl/share/quadro_move_ctrl/package.dsv'
[1.197s] INFO:colcon.colcon_core.shell:Creating package script '/home/ubuntu/quadro_ws/install/quadro_move_ctrl/share/quadro_move_ctrl/package.sh'
[1.198s] INFO:colcon.colcon_core.shell:Creating package script '/home/ubuntu/quadro_ws/install/quadro_move_ctrl/share/quadro_move_ctrl/package.bash'
[1.200s] INFO:colcon.colcon_core.shell:Creating package script '/home/ubuntu/quadro_ws/install/quadro_move_ctrl/share/quadro_move_ctrl/package.zsh'
[1.201s] Level 1:colcon.colcon_core.environment:create_file_with_runtime_dependencies(/home/ubuntu/quadro_ws/install/quadro_move_ctrl/share/colcon-core/packages/quadro_move_ctrl)
[1.203s] Level 1:colcon.colcon_core.environment:create_environment_scripts_only(ros_gz_bridge_test)
[1.203s] Level 1:colcon.colcon_core.environment:checking '/home/ubuntu/quadro_ws/install/ros_gz_bridge_test' for CMake module files
[1.208s] Level 1:colcon.colcon_core.environment:checking '/home/ubuntu/quadro_ws/install/ros_gz_bridge_test' for CMake config files
[1.208s] DEBUG:colcon.colcon_core.event_handler.log_command:Invoked command in '/home/ubuntu/quadro_ws/build/ros_gz_bridge_test' returned '0': CMAKE_PREFIX_PATH=${CMAKE_PREFIX_PATH}:/opt/ros/jazzy /usr/bin/cmake --install /home/ubuntu/quadro_ws/build/ros_gz_bridge_test
[1.209s] Level 1:colcon.colcon_core.shell:create_environment_hook('ros_gz_bridge_test', 'cmake_prefix_path')
[1.210s] INFO:colcon.colcon_core.shell:Creating environment hook '/home/ubuntu/quadro_ws/install/ros_gz_bridge_test/share/ros_gz_bridge_test/hook/cmake_prefix_path.ps1'
[1.211s] INFO:colcon.colcon_core.shell:Creating environment descriptor '/home/ubuntu/quadro_ws/install/ros_gz_bridge_test/share/ros_gz_bridge_test/hook/cmake_prefix_path.dsv'
[1.212s] INFO:colcon.colcon_core.shell:Creating environment hook '/home/ubuntu/quadro_ws/install/ros_gz_bridge_test/share/ros_gz_bridge_test/hook/cmake_prefix_path.sh'
[1.213s] Level 1:colcon.colcon_core.environment:checking '/home/ubuntu/quadro_ws/install/ros_gz_bridge_test/lib'
[1.213s] Level 1:colcon.colcon_core.environment:checking '/home/ubuntu/quadro_ws/install/ros_gz_bridge_test/bin'
[1.214s] Level 1:colcon.colcon_core.environment:checking '/home/ubuntu/quadro_ws/install/ros_gz_bridge_test/lib/pkgconfig/ros_gz_bridge_test.pc'
[1.214s] Level 1:colcon.colcon_core.environment:checking '/home/ubuntu/quadro_ws/install/ros_gz_bridge_test/lib/python3.12/site-packages'
[1.215s] Level 1:colcon.colcon_core.environment:checking '/home/ubuntu/quadro_ws/install/ros_gz_bridge_test/bin'
[1.215s] INFO:colcon.colcon_core.shell:Creating package script '/home/ubuntu/quadro_ws/install/ros_gz_bridge_test/share/ros_gz_bridge_test/package.ps1'
[1.216s] INFO:colcon.colcon_core.shell:Creating package descriptor '/home/ubuntu/quadro_ws/install/ros_gz_bridge_test/share/ros_gz_bridge_test/package.dsv'
[1.217s] INFO:colcon.colcon_core.shell:Creating package script '/home/ubuntu/quadro_ws/install/ros_gz_bridge_test/share/ros_gz_bridge_test/package.sh'
[1.218s] INFO:colcon.colcon_core.shell:Creating package script '/home/ubuntu/quadro_ws/install/ros_gz_bridge_test/share/ros_gz_bridge_test/package.bash'
[1.219s] INFO:colcon.colcon_core.shell:Creating package script '/home/ubuntu/quadro_ws/install/ros_gz_bridge_test/share/ros_gz_bridge_test/package.zsh'
[1.220s] Level 1:colcon.colcon_core.environment:create_file_with_runtime_dependencies(/home/ubuntu/quadro_ws/install/ros_gz_bridge_test/share/colcon-core/packages/ros_gz_bridge_test)
[1.250s] Level 1:colcon.colcon_core.environment:create_environment_scripts_only(ros_gz_bridge_test)
[1.251s] Level 1:colcon.colcon_core.environment:checking '/home/ubuntu/quadro_ws/install/ros_gz_bridge_test' for CMake module files
[1.252s] Level 1:colcon.colcon_core.environment:checking '/home/ubuntu/quadro_ws/install/ros_gz_bridge_test' for CMake config files
[1.252s] Level 1:colcon.colcon_core.shell:create_environment_hook('ros_gz_bridge_test', 'cmake_prefix_path')
[1.253s] INFO:colcon.colcon_core.shell:Creating environment hook '/home/ubuntu/quadro_ws/install/ros_gz_bridge_test/share/ros_gz_bridge_test/hook/cmake_prefix_path.ps1'
[1.254s] INFO:colcon.colcon_core.shell:Creating environment descriptor '/home/ubuntu/quadro_ws/install/ros_gz_bridge_test/share/ros_gz_bridge_test/hook/cmake_prefix_path.dsv'
[1.254s] INFO:colcon.colcon_core.shell:Creating environment hook '/home/ubuntu/quadro_ws/install/ros_gz_bridge_test/share/ros_gz_bridge_test/hook/cmake_prefix_path.sh'
[1.256s] Level 1:colcon.colcon_core.environment:checking '/home/ubuntu/quadro_ws/install/ros_gz_bridge_test/lib'
[1.256s] Level 1:colcon.colcon_core.environment:checking '/home/ubuntu/quadro_ws/install/ros_gz_bridge_test/bin'
[1.256s] Level 1:colcon.colcon_core.environment:checking '/home/ubuntu/quadro_ws/install/ros_gz_bridge_test/lib/pkgconfig/ros_gz_bridge_test.pc'
[1.257s] Level 1:colcon.colcon_core.environment:checking '/home/ubuntu/quadro_ws/install/ros_gz_bridge_test/lib/python3.12/site-packages'
[1.257s] Level 1:colcon.colcon_core.environment:checking '/home/ubuntu/quadro_ws/install/ros_gz_bridge_test/bin'
[1.258s] INFO:colcon.colcon_core.shell:Creating package script '/home/ubuntu/quadro_ws/install/ros_gz_bridge_test/share/ros_gz_bridge_test/package.ps1'
[1.259s] INFO:colcon.colcon_core.shell:Creating package descriptor '/home/ubuntu/quadro_ws/install/ros_gz_bridge_test/share/ros_gz_bridge_test/package.dsv'
[1.260s] INFO:colcon.colcon_core.shell:Creating package script '/home/ubuntu/quadro_ws/install/ros_gz_bridge_test/share/ros_gz_bridge_test/package.sh'
[1.261s] INFO:colcon.colcon_core.shell:Creating package script '/home/ubuntu/quadro_ws/install/ros_gz_bridge_test/share/ros_gz_bridge_test/package.bash'
[1.262s] INFO:colcon.colcon_core.shell:Creating package script '/home/ubuntu/quadro_ws/install/ros_gz_bridge_test/share/ros_gz_bridge_test/package.zsh'
[1.262s] Level 1:colcon.colcon_core.environment:create_file_with_runtime_dependencies(/home/ubuntu/quadro_ws/install/ros_gz_bridge_test/share/colcon-core/packages/ros_gz_bridge_test)
[1.640s] DEBUG:colcon.colcon_core.event_handler.log_command:Invoked command in '/home/ubuntu/quadro_ws/build/space_interfaces' returned '0': CMAKE_PREFIX_PATH=${CMAKE_PREFIX_PATH}:/opt/ros/jazzy /usr/bin/cmake --build /home/ubuntu/quadro_ws/build/space_interfaces -- -j16 -l16
[1.734s] DEBUG:colcon.colcon_core.event_handler.log_command:Invoking command in '/home/ubuntu/quadro_ws/build/space_interfaces': CMAKE_PREFIX_PATH=${CMAKE_PREFIX_PATH}:/opt/ros/jazzy /usr/bin/cmake --install /home/ubuntu/quadro_ws/build/space_interfaces
[1.846s] Level 1:colcon.colcon_core.environment:create_environment_scripts_only(space_interfaces)
[1.846s] Level 1:colcon.colcon_core.environment:checking '/home/ubuntu/quadro_ws/install/space_interfaces' for CMake module files
[1.847s] DEBUG:colcon.colcon_core.event_handler.log_command:Invoked command in '/home/ubuntu/quadro_ws/build/space_interfaces' returned '0': CMAKE_PREFIX_PATH=${CMAKE_PREFIX_PATH}:/opt/ros/jazzy /usr/bin/cmake --install /home/ubuntu/quadro_ws/build/space_interfaces
[1.848s] Level 1:colcon.colcon_core.environment:checking '/home/ubuntu/quadro_ws/install/space_interfaces' for CMake config files
[1.848s] Level 1:colcon.colcon_core.shell:create_environment_hook('space_interfaces', 'cmake_prefix_path')
[1.849s] INFO:colcon.colcon_core.shell:Creating environment hook '/home/ubuntu/quadro_ws/install/space_interfaces/share/space_interfaces/hook/cmake_prefix_path.ps1'
[1.849s] INFO:colcon.colcon_core.shell:Creating environment descriptor '/home/ubuntu/quadro_ws/install/space_interfaces/share/space_interfaces/hook/cmake_prefix_path.dsv'
[1.850s] INFO:colcon.colcon_core.shell:Creating environment hook '/home/ubuntu/quadro_ws/install/space_interfaces/share/space_interfaces/hook/cmake_prefix_path.sh'
[1.850s] Level 1:colcon.colcon_core.environment:checking '/home/ubuntu/quadro_ws/install/space_interfaces/lib'
[1.851s] Level 1:colcon.colcon_core.shell:create_environment_hook('space_interfaces', 'ld_library_path_lib')
[1.851s] INFO:colcon.colcon_core.shell:Creating environment hook '/home/ubuntu/quadro_ws/install/space_interfaces/share/space_interfaces/hook/ld_library_path_lib.ps1'
[1.851s] INFO:colcon.colcon_core.shell:Creating environment descriptor '/home/ubuntu/quadro_ws/install/space_interfaces/share/space_interfaces/hook/ld_library_path_lib.dsv'
[1.852s] INFO:colcon.colcon_core.shell:Creating environment hook '/home/ubuntu/quadro_ws/install/space_interfaces/share/space_interfaces/hook/ld_library_path_lib.sh'
[1.852s] Level 1:colcon.colcon_core.environment:checking '/home/ubuntu/quadro_ws/install/space_interfaces/bin'
[1.853s] Level 1:colcon.colcon_core.environment:checking '/home/ubuntu/quadro_ws/install/space_interfaces/lib/pkgconfig/space_interfaces.pc'
[1.853s] Level 1:colcon.colcon_core.environment:checking '/home/ubuntu/quadro_ws/install/space_interfaces/lib/python3.12/site-packages'
[1.853s] Level 1:colcon.colcon_core.shell:create_environment_hook('space_interfaces', 'pythonpath')
[1.853s] INFO:colcon.colcon_core.shell:Creating environment hook '/home/ubuntu/quadro_ws/install/space_interfaces/share/space_interfaces/hook/pythonpath.ps1'
[1.854s] INFO:colcon.colcon_core.shell:Creating environment descriptor '/home/ubuntu/quadro_ws/install/space_interfaces/share/space_interfaces/hook/pythonpath.dsv'
[1.854s] INFO:colcon.colcon_core.shell:Creating environment hook '/home/ubuntu/quadro_ws/install/space_interfaces/share/space_interfaces/hook/pythonpath.sh'
[1.855s] Level 1:colcon.colcon_core.environment:checking '/home/ubuntu/quadro_ws/install/space_interfaces/bin'
[1.856s] INFO:colcon.colcon_core.shell:Creating package script '/home/ubuntu/quadro_ws/install/space_interfaces/share/space_interfaces/package.ps1'
[1.856s] INFO:colcon.colcon_core.shell:Creating package descriptor '/home/ubuntu/quadro_ws/install/space_interfaces/share/space_interfaces/package.dsv'
[1.857s] INFO:colcon.colcon_core.shell:Creating package script '/home/ubuntu/quadro_ws/install/space_interfaces/share/space_interfaces/package.sh'
[1.858s] INFO:colcon.colcon_core.shell:Creating package script '/home/ubuntu/quadro_ws/install/space_interfaces/share/space_interfaces/package.bash'
[1.858s] INFO:colcon.colcon_core.shell:Creating package script '/home/ubuntu/quadro_ws/install/space_interfaces/share/space_interfaces/package.zsh'
[1.859s] Level 1:colcon.colcon_core.environment:create_file_with_runtime_dependencies(/home/ubuntu/quadro_ws/install/space_interfaces/share/colcon-core/packages/space_interfaces)
[1.936s] Level 1:colcon.colcon_core.environment:create_environment_scripts_only(space_interfaces)
[1.936s] Level 1:colcon.colcon_core.environment:checking '/home/ubuntu/quadro_ws/install/space_interfaces' for CMake module files
[1.937s] Level 1:colcon.colcon_core.environment:checking '/home/ubuntu/quadro_ws/install/space_interfaces' for CMake config files
[1.938s] Level 1:colcon.colcon_core.shell:create_environment_hook('space_interfaces', 'cmake_prefix_path')
[1.938s] INFO:colcon.colcon_core.shell:Creating environment hook '/home/ubuntu/quadro_ws/install/space_interfaces/share/space_interfaces/hook/cmake_prefix_path.ps1'
[1.939s] INFO:colcon.colcon_core.shell:Creating environment descriptor '/home/ubuntu/quadro_ws/install/space_interfaces/share/space_interfaces/hook/cmake_prefix_path.dsv'
[1.939s] INFO:colcon.colcon_core.shell:Creating environment hook '/home/ubuntu/quadro_ws/install/space_interfaces/share/space_interfaces/hook/cmake_prefix_path.sh'
[1.940s] Level 1:colcon.colcon_core.environment:checking '/home/ubuntu/quadro_ws/install/space_interfaces/lib'
[1.940s] Level 1:colcon.colcon_core.shell:create_environment_hook('space_interfaces', 'ld_library_path_lib')
[1.940s] INFO:colcon.colcon_core.shell:Creating environment hook '/home/ubuntu/quadro_ws/install/space_interfaces/share/space_interfaces/hook/ld_library_path_lib.ps1'
[1.941s] INFO:colcon.colcon_core.shell:Creating environment descriptor '/home/ubuntu/quadro_ws/install/space_interfaces/share/space_interfaces/hook/ld_library_path_lib.dsv'
[1.941s] INFO:colcon.colcon_core.shell:Creating environment hook '/home/ubuntu/quadro_ws/install/space_interfaces/share/space_interfaces/hook/ld_library_path_lib.sh'
[1.942s] Level 1:colcon.colcon_core.environment:checking '/home/ubuntu/quadro_ws/install/space_interfaces/bin'
[1.942s] Level 1:colcon.colcon_core.environment:checking '/home/ubuntu/quadro_ws/install/space_interfaces/lib/pkgconfig/space_interfaces.pc'
[1.942s] Level 1:colcon.colcon_core.environment:checking '/home/ubuntu/quadro_ws/install/space_interfaces/lib/python3.12/site-packages'
[1.942s] Level 1:colcon.colcon_core.shell:create_environment_hook('space_interfaces', 'pythonpath')
[1.943s] INFO:colcon.colcon_core.shell:Creating environment hook '/home/ubuntu/quadro_ws/install/space_interfaces/share/space_interfaces/hook/pythonpath.ps1'
[1.943s] INFO:colcon.colcon_core.shell:Creating environment descriptor '/home/ubuntu/quadro_ws/install/space_interfaces/share/space_interfaces/hook/pythonpath.dsv'
[1.944s] INFO:colcon.colcon_core.shell:Creating environment hook '/home/ubuntu/quadro_ws/install/space_interfaces/share/space_interfaces/hook/pythonpath.sh'
[1.944s] Level 1:colcon.colcon_core.environment:checking '/home/ubuntu/quadro_ws/install/space_interfaces/bin'
[1.945s] INFO:colcon.colcon_core.shell:Creating package script '/home/ubuntu/quadro_ws/install/space_interfaces/share/space_interfaces/package.ps1'
[1.946s] INFO:colcon.colcon_core.shell:Creating package descriptor '/home/ubuntu/quadro_ws/install/space_interfaces/share/space_interfaces/package.dsv'
[1.947s] INFO:colcon.colcon_core.shell:Creating package script '/home/ubuntu/quadro_ws/install/space_interfaces/share/space_interfaces/package.sh'
[1.947s] INFO:colcon.colcon_core.shell:Creating package script '/home/ubuntu/quadro_ws/install/space_interfaces/share/space_interfaces/package.bash'
[1.948s] INFO:colcon.colcon_core.shell:Creating package script '/home/ubuntu/quadro_ws/install/space_interfaces/share/space_interfaces/package.zsh'
[1.949s] Level 1:colcon.colcon_core.environment:create_file_with_runtime_dependencies(/home/ubuntu/quadro_ws/install/space_interfaces/share/colcon-core/packages/space_interfaces)
[1.949s] INFO:colcon.colcon_ros.task.ament_cmake.build:Building ROS package in '/home/ubuntu/quadro_ws/src/dgz_keyboard' with build type 'ament_cmake'
[1.950s] INFO:colcon.colcon_cmake.task.cmake.build:Building CMake package in '/home/ubuntu/quadro_ws/src/dgz_keyboard'
[1.951s] INFO:colcon.colcon_core.shell:Skip shell extension 'powershell' for command environment: Not usable outside of PowerShell
[1.951s] DEBUG:colcon.colcon_core.shell:Skip shell extension 'dsv' for command environment
[2.368s] DEBUG:colcon.colcon_core.event_handler.log_command:Invoking command in '/home/ubuntu/quadro_ws/build/dgz_keyboard': CMAKE_PREFIX_PATH=/home/ubuntu/quadro_ws/install/space_interfaces:/home/ubuntu/quadro_ws/install/dgz_keyboard:/home/ubuntu/quadro_ws/install/ros_gz_bridge_test:/home/ubuntu/quadro_ws/install/quadrobot_viewer:/home/ubuntu/quadro_ws/install/quadro_move_ctrl:/home/ubuntu/quadro_ws/install/dgz_viewer:/home/ubuntu/quadro_ws/install/cerbere:/opt/ros/jazzy/opt/gz_sim_vendor:/opt/ros/jazzy/opt/gz_sensors_vendor:/opt/ros/jazzy/opt/gz_physics_vendor:/opt/ros/jazzy/opt/sdformat_vendor:/opt/ros/jazzy/opt/gz_gui_vendor:/opt/ros/jazzy/opt/gz_transport_vendor:/opt/ros/jazzy/opt/gz_rendering_vendor:/opt/ros/jazzy/opt/gz_plugin_vendor:/opt/ros/jazzy/opt/gz_fuel_tools_vendor:/opt/ros/jazzy/opt/gz_msgs_vendor:/opt/ros/jazzy/opt/gz_common_vendor:/opt/ros/jazzy/opt/gz_math_vendor:/opt/ros/jazzy/opt/gz_utils_vendor:/opt/ros/jazzy/opt/gz_tools_vendor:/opt/ros/jazzy/opt/gz_ogre_next_vendor:/opt/ros/jazzy/opt/gz_dartsim_vendor:/opt/ros/jazzy/opt/gz_cmake_vendor:/opt/ros/jazzy /usr/bin/cmake --build /home/ubuntu/quadro_ws/build/dgz_keyboard -- -j16 -l16
[2.453s] DEBUG:colcon.colcon_core.event_handler.log_command:Invoked command in '/home/ubuntu/quadro_ws/build/dgz_keyboard' returned '0': CMAKE_PREFIX_PATH=/home/ubuntu/quadro_ws/install/space_interfaces:/home/ubuntu/quadro_ws/install/dgz_keyboard:/home/ubuntu/quadro_ws/install/ros_gz_bridge_test:/home/ubuntu/quadro_ws/install/quadrobot_viewer:/home/ubuntu/quadro_ws/install/quadro_move_ctrl:/home/ubuntu/quadro_ws/install/dgz_viewer:/home/ubuntu/quadro_ws/install/cerbere:/opt/ros/jazzy/opt/gz_sim_vendor:/opt/ros/jazzy/opt/gz_sensors_vendor:/opt/ros/jazzy/opt/gz_physics_vendor:/opt/ros/jazzy/opt/sdformat_vendor:/opt/ros/jazzy/opt/gz_gui_vendor:/opt/ros/jazzy/opt/gz_transport_vendor:/opt/ros/jazzy/opt/gz_rendering_vendor:/opt/ros/jazzy/opt/gz_plugin_vendor:/opt/ros/jazzy/opt/gz_fuel_tools_vendor:/opt/ros/jazzy/opt/gz_msgs_vendor:/opt/ros/jazzy/opt/gz_common_vendor:/opt/ros/jazzy/opt/gz_math_vendor:/opt/ros/jazzy/opt/gz_utils_vendor:/opt/ros/jazzy/opt/gz_tools_vendor:/opt/ros/jazzy/opt/gz_ogre_next_vendor:/opt/ros/jazzy/opt/gz_dartsim_vendor:/opt/ros/jazzy/opt/gz_cmake_vendor:/opt/ros/jazzy /usr/bin/cmake --build /home/ubuntu/quadro_ws/build/dgz_keyboard -- -j16 -l16
[2.490s] DEBUG:colcon.colcon_core.event_handler.log_command:Invoking command in '/home/ubuntu/quadro_ws/build/dgz_keyboard': CMAKE_PREFIX_PATH=/home/ubuntu/quadro_ws/install/space_interfaces:/home/ubuntu/quadro_ws/install/dgz_keyboard:/home/ubuntu/quadro_ws/install/ros_gz_bridge_test:/home/ubuntu/quadro_ws/install/quadrobot_viewer:/home/ubuntu/quadro_ws/install/quadro_move_ctrl:/home/ubuntu/quadro_ws/install/dgz_viewer:/home/ubuntu/quadro_ws/install/cerbere:/opt/ros/jazzy/opt/gz_sim_vendor:/opt/ros/jazzy/opt/gz_sensors_vendor:/opt/ros/jazzy/opt/gz_physics_vendor:/opt/ros/jazzy/opt/sdformat_vendor:/opt/ros/jazzy/opt/gz_gui_vendor:/opt/ros/jazzy/opt/gz_transport_vendor:/opt/ros/jazzy/opt/gz_rendering_vendor:/opt/ros/jazzy/opt/gz_plugin_vendor:/opt/ros/jazzy/opt/gz_fuel_tools_vendor:/opt/ros/jazzy/opt/gz_msgs_vendor:/opt/ros/jazzy/opt/gz_common_vendor:/opt/ros/jazzy/opt/gz_math_vendor:/opt/ros/jazzy/opt/gz_utils_vendor:/opt/ros/jazzy/opt/gz_tools_vendor:/opt/ros/jazzy/opt/gz_ogre_next_vendor:/opt/ros/jazzy/opt/gz_dartsim_vendor:/opt/ros/jazzy/opt/gz_cmake_vendor:/opt/ros/jazzy /usr/bin/cmake --install /home/ubuntu/quadro_ws/build/dgz_keyboard
[2.524s] Level 1:colcon.colcon_core.environment:create_environment_scripts_only(dgz_keyboard)
[2.524s] Level 1:colcon.colcon_core.environment:checking '/home/ubuntu/quadro_ws/install/dgz_keyboard' for CMake module files
[2.526s] DEBUG:colcon.colcon_core.event_handler.log_command:Invoked command in '/home/ubuntu/quadro_ws/build/dgz_keyboard' returned '0': CMAKE_PREFIX_PATH=/home/ubuntu/quadro_ws/install/space_interfaces:/home/ubuntu/quadro_ws/install/dgz_keyboard:/home/ubuntu/quadro_ws/install/ros_gz_bridge_test:/home/ubuntu/quadro_ws/install/quadrobot_viewer:/home/ubuntu/quadro_ws/install/quadro_move_ctrl:/home/ubuntu/quadro_ws/install/dgz_viewer:/home/ubuntu/quadro_ws/install/cerbere:/opt/ros/jazzy/opt/gz_sim_vendor:/opt/ros/jazzy/opt/gz_sensors_vendor:/opt/ros/jazzy/opt/gz_physics_vendor:/opt/ros/jazzy/opt/sdformat_vendor:/opt/ros/jazzy/opt/gz_gui_vendor:/opt/ros/jazzy/opt/gz_transport_vendor:/opt/ros/jazzy/opt/gz_rendering_vendor:/opt/ros/jazzy/opt/gz_plugin_vendor:/opt/ros/jazzy/opt/gz_fuel_tools_vendor:/opt/ros/jazzy/opt/gz_msgs_vendor:/opt/ros/jazzy/opt/gz_common_vendor:/opt/ros/jazzy/opt/gz_math_vendor:/opt/ros/jazzy/opt/gz_utils_vendor:/opt/ros/jazzy/opt/gz_tools_vendor:/opt/ros/jazzy/opt/gz_ogre_next_vendor:/opt/ros/jazzy/opt/gz_dartsim_vendor:/opt/ros/jazzy/opt/gz_cmake_vendor:/opt/ros/jazzy /usr/bin/cmake --install /home/ubuntu/quadro_ws/build/dgz_keyboard
[2.527s] Level 1:colcon.colcon_core.environment:checking '/home/ubuntu/quadro_ws/install/dgz_keyboard' for CMake config files
[2.528s] Level 1:colcon.colcon_core.shell:create_environment_hook('dgz_keyboard', 'cmake_prefix_path')
[2.528s] INFO:colcon.colcon_core.shell:Creating environment hook '/home/ubuntu/quadro_ws/install/dgz_keyboard/share/dgz_keyboard/hook/cmake_prefix_path.ps1'
[2.529s] INFO:colcon.colcon_core.shell:Creating environment descriptor '/home/ubuntu/quadro_ws/install/dgz_keyboard/share/dgz_keyboard/hook/cmake_prefix_path.dsv'
[2.530s] INFO:colcon.colcon_core.shell:Creating environment hook '/home/ubuntu/quadro_ws/install/dgz_keyboard/share/dgz_keyboard/hook/cmake_prefix_path.sh'
[2.531s] Level 1:colcon.colcon_core.environment:checking '/home/ubuntu/quadro_ws/install/dgz_keyboard/lib'
[2.531s] Level 1:colcon.colcon_core.environment:checking '/home/ubuntu/quadro_ws/install/dgz_keyboard/bin'
[2.532s] Level 1:colcon.colcon_core.environment:checking '/home/ubuntu/quadro_ws/install/dgz_keyboard/lib/pkgconfig/dgz_keyboard.pc'
[2.532s] Level 1:colcon.colcon_core.environment:checking '/home/ubuntu/quadro_ws/install/dgz_keyboard/lib/python3.12/site-packages'
[2.532s] Level 1:colcon.colcon_core.environment:checking '/home/ubuntu/quadro_ws/install/dgz_keyboard/bin'
[2.533s] INFO:colcon.colcon_core.shell:Creating package script '/home/ubuntu/quadro_ws/install/dgz_keyboard/share/dgz_keyboard/package.ps1'
[2.534s] INFO:colcon.colcon_core.shell:Creating package descriptor '/home/ubuntu/quadro_ws/install/dgz_keyboard/share/dgz_keyboard/package.dsv'
[2.535s] INFO:colcon.colcon_core.shell:Creating package script '/home/ubuntu/quadro_ws/install/dgz_keyboard/share/dgz_keyboard/package.sh'
[2.535s] INFO:colcon.colcon_core.shell:Creating package script '/home/ubuntu/quadro_ws/install/dgz_keyboard/share/dgz_keyboard/package.bash'
[2.536s] INFO:colcon.colcon_core.shell:Creating package script '/home/ubuntu/quadro_ws/install/dgz_keyboard/share/dgz_keyboard/package.zsh'
[2.537s] Level 1:colcon.colcon_core.environment:create_file_with_runtime_dependencies(/home/ubuntu/quadro_ws/install/dgz_keyboard/share/colcon-core/packages/dgz_keyboard)
[2.578s] Level 1:colcon.colcon_core.environment:create_environment_scripts_only(dgz_keyboard)
[2.579s] Level 1:colcon.colcon_core.environment:checking '/home/ubuntu/quadro_ws/install/dgz_keyboard' for CMake module files
[2.580s] Level 1:colcon.colcon_core.environment:checking '/home/ubuntu/quadro_ws/install/dgz_keyboard' for CMake config files
[2.581s] Level 1:colcon.colcon_core.shell:create_environment_hook('dgz_keyboard', 'cmake_prefix_path')
[2.581s] INFO:colcon.colcon_core.shell:Creating environment hook '/home/ubuntu/quadro_ws/install/dgz_keyboard/share/dgz_keyboard/hook/cmake_prefix_path.ps1'
[2.582s] INFO:colcon.colcon_core.shell:Creating environment descriptor '/home/ubuntu/quadro_ws/install/dgz_keyboard/share/dgz_keyboard/hook/cmake_prefix_path.dsv'
[2.583s] INFO:colcon.colcon_core.shell:Creating environment hook '/home/ubuntu/quadro_ws/install/dgz_keyboard/share/dgz_keyboard/hook/cmake_prefix_path.sh'
[2.584s] Level 1:colcon.colcon_core.environment:checking '/home/ubuntu/quadro_ws/install/dgz_keyboard/lib'
[2.584s] Level 1:colcon.colcon_core.environment:checking '/home/ubuntu/quadro_ws/install/dgz_keyboard/bin'
[2.585s] Level 1:colcon.colcon_core.environment:checking '/home/ubuntu/quadro_ws/install/dgz_keyboard/lib/pkgconfig/dgz_keyboard.pc'
[2.585s] Level 1:colcon.colcon_core.environment:checking '/home/ubuntu/quadro_ws/install/dgz_keyboard/lib/python3.12/site-packages'
[2.586s] Level 1:colcon.colcon_core.environment:checking '/home/ubuntu/quadro_ws/install/dgz_keyboard/bin'
[2.586s] INFO:colcon.colcon_core.shell:Creating package script '/home/ubuntu/quadro_ws/install/dgz_keyboard/share/dgz_keyboard/package.ps1'
[2.587s] INFO:colcon.colcon_core.shell:Creating package descriptor '/home/ubuntu/quadro_ws/install/dgz_keyboard/share/dgz_keyboard/package.dsv'
[2.588s] INFO:colcon.colcon_core.shell:Creating package script '/home/ubuntu/quadro_ws/install/dgz_keyboard/share/dgz_keyboard/package.sh'
[2.589s] INFO:colcon.colcon_core.shell:Creating package script '/home/ubuntu/quadro_ws/install/dgz_keyboard/share/dgz_keyboard/package.bash'
[2.590s] INFO:colcon.colcon_core.shell:Creating package script '/home/ubuntu/quadro_ws/install/dgz_keyboard/share/dgz_keyboard/package.zsh'
[2.590s] Level 1:colcon.colcon_core.environment:create_file_with_runtime_dependencies(/home/ubuntu/quadro_ws/install/dgz_keyboard/share/colcon-core/packages/dgz_keyboard)
[16.606s] DEBUG:colcon.colcon_core.event_handler.log_command:Invoked command in '/home/ubuntu/quadro_ws/build/cerbere' returned '0': CMAKE_PREFIX_PATH=${CMAKE_PREFIX_PATH}:/opt/ros/jazzy /usr/bin/cmake --build /home/ubuntu/quadro_ws/build/cerbere -- -j16 -l16
[16.643s] DEBUG:colcon.colcon_core.event_handler.log_command:Invoking command in '/home/ubuntu/quadro_ws/build/cerbere': CMAKE_PREFIX_PATH=${CMAKE_PREFIX_PATH}:/opt/ros/jazzy /usr/bin/cmake --install /home/ubuntu/quadro_ws/build/cerbere
[16.675s] Level 1:colcon.colcon_core.environment:create_environment_scripts_only(cerbere)
[16.675s] DEBUG:colcon.colcon_core.event_handler.log_command:Invoked command in '/home/ubuntu/quadro_ws/build/cerbere' returned '0': CMAKE_PREFIX_PATH=${CMAKE_PREFIX_PATH}:/opt/ros/jazzy /usr/bin/cmake --install /home/ubuntu/quadro_ws/build/cerbere
[16.676s] Level 1:colcon.colcon_core.environment:checking '/home/ubuntu/quadro_ws/install/cerbere' for CMake module files
[16.677s] Level 1:colcon.colcon_core.environment:checking '/home/ubuntu/quadro_ws/install/cerbere' for CMake config files
[16.677s] Level 1:colcon.colcon_core.shell:create_environment_hook('cerbere', 'cmake_prefix_path')
[16.678s] INFO:colcon.colcon_core.shell:Creating environment hook '/home/ubuntu/quadro_ws/install/cerbere/share/cerbere/hook/cmake_prefix_path.ps1'
[16.678s] INFO:colcon.colcon_core.shell:Creating environment descriptor '/home/ubuntu/quadro_ws/install/cerbere/share/cerbere/hook/cmake_prefix_path.dsv'
[16.679s] INFO:colcon.colcon_core.shell:Creating environment hook '/home/ubuntu/quadro_ws/install/cerbere/share/cerbere/hook/cmake_prefix_path.sh'
[16.680s] Level 1:colcon.colcon_core.environment:checking '/home/ubuntu/quadro_ws/install/cerbere/lib'
[16.680s] Level 1:colcon.colcon_core.environment:checking '/home/ubuntu/quadro_ws/install/cerbere/bin'
[16.680s] Level 1:colcon.colcon_core.environment:checking '/home/ubuntu/quadro_ws/install/cerbere/lib/pkgconfig/cerbere.pc'
[16.680s] Level 1:colcon.colcon_core.environment:checking '/home/ubuntu/quadro_ws/install/cerbere/lib/python3.12/site-packages'
[16.681s] Level 1:colcon.colcon_core.environment:checking '/home/ubuntu/quadro_ws/install/cerbere/bin'
[16.681s] INFO:colcon.colcon_core.shell:Creating package script '/home/ubuntu/quadro_ws/install/cerbere/share/cerbere/package.ps1'
[16.682s] INFO:colcon.colcon_core.shell:Creating package descriptor '/home/ubuntu/quadro_ws/install/cerbere/share/cerbere/package.dsv'
[16.682s] INFO:colcon.colcon_core.shell:Creating package script '/home/ubuntu/quadro_ws/install/cerbere/share/cerbere/package.sh'
[16.683s] INFO:colcon.colcon_core.shell:Creating package script '/home/ubuntu/quadro_ws/install/cerbere/share/cerbere/package.bash'
[16.683s] INFO:colcon.colcon_core.shell:Creating package script '/home/ubuntu/quadro_ws/install/cerbere/share/cerbere/package.zsh'
[16.684s] Level 1:colcon.colcon_core.environment:create_file_with_runtime_dependencies(/home/ubuntu/quadro_ws/install/cerbere/share/colcon-core/packages/cerbere)
[16.722s] Level 1:colcon.colcon_core.environment:create_environment_scripts_only(cerbere)
[16.722s] Level 1:colcon.colcon_core.environment:checking '/home/ubuntu/quadro_ws/install/cerbere' for CMake module files
[16.723s] Level 1:colcon.colcon_core.environment:checking '/home/ubuntu/quadro_ws/install/cerbere' for CMake config files
[16.724s] Level 1:colcon.colcon_core.shell:create_environment_hook('cerbere', 'cmake_prefix_path')
[16.724s] INFO:colcon.colcon_core.shell:Creating environment hook '/home/ubuntu/quadro_ws/install/cerbere/share/cerbere/hook/cmake_prefix_path.ps1'
[16.725s] INFO:colcon.colcon_core.shell:Creating environment descriptor '/home/ubuntu/quadro_ws/install/cerbere/share/cerbere/hook/cmake_prefix_path.dsv'
[16.725s] INFO:colcon.colcon_core.shell:Creating environment hook '/home/ubuntu/quadro_ws/install/cerbere/share/cerbere/hook/cmake_prefix_path.sh'
[16.727s] Level 1:colcon.colcon_core.environment:checking '/home/ubuntu/quadro_ws/install/cerbere/lib'
[16.727s] Level 1:colcon.colcon_core.environment:checking '/home/ubuntu/quadro_ws/install/cerbere/bin'
[16.727s] Level 1:colcon.colcon_core.environment:checking '/home/ubuntu/quadro_ws/install/cerbere/lib/pkgconfig/cerbere.pc'
[16.728s] Level 1:colcon.colcon_core.environment:checking '/home/ubuntu/quadro_ws/install/cerbere/lib/python3.12/site-packages'
[16.729s] Level 1:colcon.colcon_core.environment:checking '/home/ubuntu/quadro_ws/install/cerbere/bin'
[16.729s] INFO:colcon.colcon_core.shell:Creating package script '/home/ubuntu/quadro_ws/install/cerbere/share/cerbere/package.ps1'
[16.731s] INFO:colcon.colcon_core.shell:Creating package descriptor '/home/ubuntu/quadro_ws/install/cerbere/share/cerbere/package.dsv'
[16.732s] INFO:colcon.colcon_core.shell:Creating package script '/home/ubuntu/quadro_ws/install/cerbere/share/cerbere/package.sh'
[16.733s] INFO:colcon.colcon_core.shell:Creating package script '/home/ubuntu/quadro_ws/install/cerbere/share/cerbere/package.bash'
[16.734s] INFO:colcon.colcon_core.shell:Creating package script '/home/ubuntu/quadro_ws/install/cerbere/share/cerbere/package.zsh'
[16.735s] Level 1:colcon.colcon_core.environment:create_file_with_runtime_dependencies(/home/ubuntu/quadro_ws/install/cerbere/share/colcon-core/packages/cerbere)
[16.736s] DEBUG:colcon.colcon_parallel_executor.executor.parallel:closing loop
[16.737s] DEBUG:colcon.colcon_parallel_executor.executor.parallel:loop closed
[16.738s] DEBUG:colcon.colcon_parallel_executor.executor.parallel:run_until_complete finished with '0'
[16.739s] DEBUG:colcon.colcon_core.event_reactor:joining thread
[16.942s] INFO:colcon.colcon_core.plugin_system:Skipping extension 'colcon_notification.desktop_notification.notify_send': Could not find 'notify-send'
[16.942s] INFO:colcon.colcon_core.plugin_system:Skipping extension 'colcon_notification.desktop_notification.terminal_notifier': Not used on non-Darwin systems
[16.943s] INFO:colcon.colcon_core.plugin_system:Skipping extension 'colcon_notification.desktop_notification.win32': Not used on non-Windows systems
[16.943s] INFO:colcon.colcon_notification.desktop_notification:Sending desktop notification using 'notify2'
[16.945s] DEBUG:colcon.colcon_notification.desktop_notification.notify2:Failed to initialize notify2: org.freedesktop.DBus.Error.ServiceUnknown: The name org.freedesktop.Notifications was not provided by any .service files
[16.945s] DEBUG:colcon.colcon_core.event_reactor:joined thread
[16.946s] INFO:colcon.colcon_core.shell:Creating prefix script '/home/ubuntu/quadro_ws/install/local_setup.ps1'
[16.948s] INFO:colcon.colcon_core.shell:Creating prefix util module '/home/ubuntu/quadro_ws/install/_local_setup_util_ps1.py'
[16.949s] INFO:colcon.colcon_core.shell:Creating prefix chain script '/home/ubuntu/quadro_ws/install/setup.ps1'
[16.951s] INFO:colcon.colcon_core.shell:Creating prefix script '/home/ubuntu/quadro_ws/install/local_setup.sh'
[16.952s] INFO:colcon.colcon_core.shell:Creating prefix util module '/home/ubuntu/quadro_ws/install/_local_setup_util_sh.py'
[16.953s] INFO:colcon.colcon_core.shell:Creating prefix chain script '/home/ubuntu/quadro_ws/install/setup.sh'
[16.955s] INFO:colcon.colcon_core.shell:Creating prefix script '/home/ubuntu/quadro_ws/install/local_setup.bash'
[16.955s] INFO:colcon.colcon_core.shell:Creating prefix chain script '/home/ubuntu/quadro_ws/install/setup.bash'
[16.957s] INFO:colcon.colcon_core.shell:Creating prefix script '/home/ubuntu/quadro_ws/install/local_setup.zsh'
[16.958s] INFO:colcon.colcon_core.shell:Creating prefix chain script '/home/ubuntu/quadro_ws/install/setup.zsh'
