[0.056s] Invoking command in '/home/MKGL/quadro_ws/build/serial': CMAKE_PREFIX_PATH=${CMAKE_PREFIX_PATH}:/opt/ros/jazzy DEBUGINFOD_URLS=https://debuginfod.ubuntu.com /usr/bin/cmake --build /home/MKGL/quadro_ws/build/serial -- -j4 -l4
[0.315s] [ 50%] Built target serial_lib
[0.479s] [ 75%] [32mBuilding CXX object CMakeFiles/testlib_node.dir/src/testlib_node.cpp.o[0m
[18.011s] [100%] [32m[1mLinking CXX executable testlib_node[0m
[18.760s] [100%] Built target testlib_node
[18.810s] Invoked command in '/home/MKGL/quadro_ws/build/serial' returned '0': CMAKE_PREFIX_PATH=${CMAKE_PREFIX_PATH}:/opt/ros/jazzy DEBUGINFOD_URLS=https://debuginfod.ubuntu.com /usr/bin/cmake --build /home/MKGL/quadro_ws/build/serial -- -j4 -l4
[19.016s] Invoking command in '/home/MKGL/quadro_ws/build/serial': CMAKE_PREFIX_PATH=${CMAKE_PREFIX_PATH}:/opt/ros/jazzy DEBUGINFOD_URLS=https://debuginfod.ubuntu.com /usr/bin/cmake --install /home/MKGL/quadro_ws/build/serial
[19.055s] -- Install configuration: ""
[19.056s] -- Up-to-date: /home/MKGL/quadro_ws/install/serial/share/serial/environment/library_path.sh
[19.056s] -- Up-to-date: /home/MKGL/quadro_ws/install/serial/share/serial/environment/library_path.dsv
[19.057s] -- Up-to-date: /home/MKGL/quadro_ws/install/serial/include/serial
[19.057s] -- Up-to-date: /home/MKGL/quadro_ws/install/serial/include/serial/serial
[19.058s] -- Up-to-date: /home/MKGL/quadro_ws/install/serial/include/serial/serial/serial.hpp
[19.058s] -- Up-to-date: /home/MKGL/quadro_ws/install/serial/lib/libserial_lib.so
[19.059s] -- Installing: /home/MKGL/quadro_ws/install/serial/lib/serial/testlib_node
[19.063s] -- Set non-toolchain portion of runtime path of "/home/MKGL/quadro_ws/install/serial/lib/serial/testlib_node" to ""
[19.063s] -- Up-to-date: /home/MKGL/quadro_ws/install/serial/share/ament_index/resource_index/package_run_dependencies/serial
[19.064s] -- Up-to-date: /home/MKGL/quadro_ws/install/serial/share/ament_index/resource_index/parent_prefix_path/serial
[19.065s] -- Up-to-date: /home/MKGL/quadro_ws/install/serial/share/serial/environment/ament_prefix_path.sh
[19.065s] -- Up-to-date: /home/MKGL/quadro_ws/install/serial/share/serial/environment/ament_prefix_path.dsv
[19.067s] -- Up-to-date: /home/MKGL/quadro_ws/install/serial/share/serial/environment/path.sh
[19.068s] -- Up-to-date: /home/MKGL/quadro_ws/install/serial/share/serial/environment/path.dsv
[19.068s] -- Up-to-date: /home/MKGL/quadro_ws/install/serial/share/serial/local_setup.bash
[19.069s] -- Up-to-date: /home/MKGL/quadro_ws/install/serial/share/serial/local_setup.sh
[19.070s] -- Up-to-date: /home/MKGL/quadro_ws/install/serial/share/serial/local_setup.zsh
[19.070s] -- Up-to-date: /home/MKGL/quadro_ws/install/serial/share/serial/local_setup.dsv
[19.071s] -- Installing: /home/MKGL/quadro_ws/install/serial/share/serial/package.dsv
[19.072s] -- Up-to-date: /home/MKGL/quadro_ws/install/serial/share/ament_index/resource_index/packages/serial
[19.072s] -- Up-to-date: /home/MKGL/quadro_ws/install/serial/share/serial/cmake/export_serialExport.cmake
[19.073s] -- Up-to-date: /home/MKGL/quadro_ws/install/serial/share/serial/cmake/export_serialExport-noconfig.cmake
[19.073s] -- Up-to-date: /home/MKGL/quadro_ws/install/serial/share/serial/cmake/ament_cmake_export_targets-extras.cmake
[19.074s] -- Up-to-date: /home/MKGL/quadro_ws/install/serial/share/serial/cmake/ament_cmake_export_dependencies-extras.cmake
[19.074s] -- Up-to-date: /home/MKGL/quadro_ws/install/serial/share/serial/cmake/ament_cmake_export_include_directories-extras.cmake
[19.075s] -- Up-to-date: /home/MKGL/quadro_ws/install/serial/share/serial/cmake/ament_cmake_export_libraries-extras.cmake
[19.075s] -- Up-to-date: /home/MKGL/quadro_ws/install/serial/share/serial/cmake/serialConfig.cmake
[19.076s] -- Up-to-date: /home/MKGL/quadro_ws/install/serial/share/serial/cmake/serialConfig-version.cmake
[19.076s] -- Up-to-date: /home/MKGL/quadro_ws/install/serial/share/serial/package.xml
[19.079s] Invoked command in '/home/MKGL/quadro_ws/build/serial' returned '0': CMAKE_PREFIX_PATH=${CMAKE_PREFIX_PATH}:/opt/ros/jazzy DEBUGINFOD_URLS=https://debuginfod.ubuntu.com /usr/bin/cmake --install /home/MKGL/quadro_ws/build/serial
