[0.047s] Invoking command in '/home/ubuntu/quadro_ws/build/cerbere': CMAKE_PREFIX_PATH=${CMAKE_PREFIX_PATH}:/opt/ros/jazzy /usr/bin/cmake --build /home/ubuntu/quadro_ws/build/cerbere -- -j16 -l16
[0.137s] [ 50%] Built target autorun_node
[0.145s] [ 75%] [32mBuilding CXX object CMakeFiles/imu_test_node.dir/src/imu_test_node.cpp.o[0m
[13.343s] [100%] [32m[1mLinking CXX executable imu_test_node[0m
[14.412s] [100%] Built target imu_test_node
[14.428s] Invoked command in '/home/ubuntu/quadro_ws/build/cerbere' returned '0': CMAKE_PREFIX_PATH=${CMAKE_PREFIX_PATH}:/opt/ros/jazzy /usr/bin/cmake --build /home/ubuntu/quadro_ws/build/cerbere -- -j16 -l16
[14.490s] Invoking command in '/home/ubuntu/quadro_ws/build/cerbere': CMAKE_PREFIX_PATH=${CMAKE_PREFIX_PATH}:/opt/ros/jazzy /usr/bin/cmake --install /home/ubuntu/quadro_ws/build/cerbere
[14.511s] -- Install configuration: ""
[14.513s] -- Execute custom install script
[14.514s] -- Up-to-date symlink: /home/ubuntu/quadro_ws/install/cerbere/share/cerbere//config/config.yaml
[14.515s] -- Up-to-date symlink: /home/ubuntu/quadro_ws/install/cerbere/share/cerbere//config/joint_names_cerbere.yaml
[14.516s] -- Up-to-date symlink: /home/ubuntu/quadro_ws/install/cerbere/share/cerbere//config/ros2_control.yaml
[14.517s] -- Up-to-date symlink: /home/ubuntu/quadro_ws/install/cerbere/share/cerbere//config/ros_gz_bridge.yaml
[14.517s] -- Up-to-date symlink: /home/ubuntu/quadro_ws/install/cerbere/share/cerbere//config/rviz.yaml
[14.518s] -- Up-to-date symlink: /home/ubuntu/quadro_ws/install/cerbere/share/cerbere//launch/cerbere.launch.py
[14.519s] -- Up-to-date symlink: /home/ubuntu/quadro_ws/install/cerbere/share/cerbere//meshes/LinkCARD.STL
[14.520s] -- Up-to-date symlink: /home/ubuntu/quadro_ws/install/cerbere/share/cerbere//meshes/LinkCARG.STL
[14.521s] -- Up-to-date symlink: /home/ubuntu/quadro_ws/install/cerbere/share/cerbere//meshes/LinkCAVD.STL
[14.522s] -- Up-to-date symlink: /home/ubuntu/quadro_ws/install/cerbere/share/cerbere//meshes/LinkCAVG.STL
[14.523s] -- Up-to-date symlink: /home/ubuntu/quadro_ws/install/cerbere/share/cerbere//meshes/LinkHARD.STL
[14.524s] -- Up-to-date symlink: /home/ubuntu/quadro_ws/install/cerbere/share/cerbere//meshes/LinkHARG.STL
[14.524s] -- Up-to-date symlink: /home/ubuntu/quadro_ws/install/cerbere/share/cerbere//meshes/LinkHAVD.STL
[14.525s] -- Up-to-date symlink: /home/ubuntu/quadro_ws/install/cerbere/share/cerbere//meshes/LinkHAVG.STL
[14.526s] -- Up-to-date symlink: /home/ubuntu/quadro_ws/install/cerbere/share/cerbere//meshes/LinkMARD.STL
[14.527s] -- Up-to-date symlink: /home/ubuntu/quadro_ws/install/cerbere/share/cerbere//meshes/LinkMARG.STL
[14.528s] -- Up-to-date symlink: /home/ubuntu/quadro_ws/install/cerbere/share/cerbere//meshes/LinkMAVD.STL
[14.529s] -- Up-to-date symlink: /home/ubuntu/quadro_ws/install/cerbere/share/cerbere//meshes/LinkMAVG.STL
[14.530s] -- Up-to-date symlink: /home/ubuntu/quadro_ws/install/cerbere/share/cerbere//meshes/base_link.STL
[14.530s] -- Up-to-date symlink: /home/ubuntu/quadro_ws/install/cerbere/share/cerbere//models/worlds/empty.world.sdf
[14.531s] -- Up-to-date symlink: /home/ubuntu/quadro_ws/install/cerbere/share/cerbere//urdf/cerbere.csv
[14.532s] -- Up-to-date symlink: /home/ubuntu/quadro_ws/install/cerbere/share/cerbere//urdf/cerbere.ros2_control.xacro
[14.533s] -- Up-to-date symlink: /home/ubuntu/quadro_ws/install/cerbere/share/cerbere//urdf/cerbere.urdf.xacro
[14.534s] -- Up-to-date symlink: /home/ubuntu/quadro_ws/install/cerbere/share/cerbere//urdf/cerbere.xacro
[14.535s] -- Up-to-date symlink: /home/ubuntu/quadro_ws/install/cerbere/lib/cerbere/autorun_node
[14.536s] -- Up-to-date symlink: /home/ubuntu/quadro_ws/install/cerbere/lib/cerbere/imu_test_node
[14.536s] -- Up-to-date symlink: /home/ubuntu/quadro_ws/install/cerbere/share/ament_index/resource_index/package_run_dependencies/cerbere
[14.536s] -- Up-to-date symlink: /home/ubuntu/quadro_ws/install/cerbere/share/ament_index/resource_index/parent_prefix_path/cerbere
[14.537s] -- Up-to-date symlink: /home/ubuntu/quadro_ws/install/cerbere/share/cerbere/environment/ament_prefix_path.sh
[14.537s] -- Up-to-date symlink: /home/ubuntu/quadro_ws/install/cerbere/share/cerbere/environment/ament_prefix_path.dsv
[14.537s] -- Up-to-date symlink: /home/ubuntu/quadro_ws/install/cerbere/share/cerbere/environment/path.sh
[14.538s] -- Up-to-date symlink: /home/ubuntu/quadro_ws/install/cerbere/share/cerbere/environment/path.dsv
[14.538s] -- Up-to-date symlink: /home/ubuntu/quadro_ws/install/cerbere/share/cerbere/local_setup.bash
[14.538s] -- Up-to-date symlink: /home/ubuntu/quadro_ws/install/cerbere/share/cerbere/local_setup.sh
[14.538s] -- Up-to-date symlink: /home/ubuntu/quadro_ws/install/cerbere/share/cerbere/local_setup.zsh
[14.539s] -- Up-to-date symlink: /home/ubuntu/quadro_ws/install/cerbere/share/cerbere/local_setup.dsv
[14.539s] -- Symlinking: /home/ubuntu/quadro_ws/install/cerbere/share/cerbere/package.dsv
[14.560s] -- Up-to-date symlink: /home/ubuntu/quadro_ws/install/cerbere/share/ament_index/resource_index/packages/cerbere
[14.561s] -- Up-to-date symlink: /home/ubuntu/quadro_ws/install/cerbere/share/cerbere/cmake/cerbereConfig.cmake
[14.562s] -- Up-to-date symlink: /home/ubuntu/quadro_ws/install/cerbere/share/cerbere/cmake/cerbereConfig-version.cmake
[14.563s] -- Up-to-date symlink: /home/ubuntu/quadro_ws/install/cerbere/share/cerbere/package.xml
[14.567s] Invoked command in '/home/ubuntu/quadro_ws/build/cerbere' returned '0': CMAKE_PREFIX_PATH=${CMAKE_PREFIX_PATH}:/opt/ros/jazzy /usr/bin/cmake --install /home/ubuntu/quadro_ws/build/cerbere
