[0.098s] Invoking command in '/home/MKGL/quadro_ws/build/dgz_description': CMAKE_PREFIX_PATH=${CMAKE_PREFIX_PATH}:/opt/ros/jazzy DEBUGINFOD_URLS=https://debuginfod.ubuntu.com /usr/bin/cmake /home/MKGL/quadro_ws/src/dgz_description -DAMENT_CMAKE_SYMLINK_INSTALL=1 -DCMAKE_INSTALL_PREFIX=/home/MKGL/quadro_ws/install/dgz_description
[0.520s] -- The C compiler identification is GNU 13.2.0
[1.069s] -- The CXX compiler identification is GNU 13.2.0
[1.183s] -- Detecting C compiler ABI info
[1.819s] -- Detecting C compiler ABI info - done
[1.889s] -- Check for working C compiler: /usr/bin/cc - skipped
[1.893s] -- Detecting C compile features
[1.896s] -- Detecting C compile features - done
[1.970s] -- Detecting CXX compiler ABI info
[2.746s] -- Detecting CXX compiler ABI info - done
[2.801s] -- Check for working CXX compiler: /usr/bin/c++ - skipped
[2.802s] -- Detecting CXX compile features
[2.806s] -- Detecting CXX compile features - done
[2.826s] -- Found ament_cmake: 2.5.2 (/opt/ros/jazzy/share/ament_cmake/cmake)
[4.093s] -- Found Python3: /usr/bin/python3 (found version "3.12.3") found components: Interpreter 
[4.624s] -- Override CMake install command with custom implementation using symlinks instead of copying resources
[4.878s] -- Found ament_lint_auto: 0.17.1 (/opt/ros/jazzy/share/ament_lint_auto/cmake)
[5.677s] -- Added test 'flake8' to check Python code syntax and style conventions
[5.682s] -- Configured 'flake8' exclude dirs and/or files: 
[5.683s] -- Added test 'lint_cmake' to check CMake code style
[5.687s] -- Added test 'pep257' to check Python code against some of the docstring style conventions in PEP 257
[5.688s] -- Added test 'xmllint' to check XML markup files
[5.704s] -- Configuring done (5.6s)
[5.776s] -- Generating done (0.1s)
[5.794s] -- Build files have been written to: /home/MKGL/quadro_ws/build/dgz_description
[5.834s] Invoked command in '/home/MKGL/quadro_ws/build/dgz_description' returned '0': CMAKE_PREFIX_PATH=${CMAKE_PREFIX_PATH}:/opt/ros/jazzy DEBUGINFOD_URLS=https://debuginfod.ubuntu.com /usr/bin/cmake /home/MKGL/quadro_ws/src/dgz_description -DAMENT_CMAKE_SYMLINK_INSTALL=1 -DCMAKE_INSTALL_PREFIX=/home/MKGL/quadro_ws/install/dgz_description
[5.840s] Invoking command in '/home/MKGL/quadro_ws/build/dgz_description': CMAKE_PREFIX_PATH=${CMAKE_PREFIX_PATH}:/opt/ros/jazzy DEBUGINFOD_URLS=https://debuginfod.ubuntu.com /usr/bin/cmake --build /home/MKGL/quadro_ws/build/dgz_description -- -j4 -l4
[6.239s] Invoked command in '/home/MKGL/quadro_ws/build/dgz_description' returned '0': CMAKE_PREFIX_PATH=${CMAKE_PREFIX_PATH}:/opt/ros/jazzy DEBUGINFOD_URLS=https://debuginfod.ubuntu.com /usr/bin/cmake --build /home/MKGL/quadro_ws/build/dgz_description -- -j4 -l4
[6.415s] Invoking command in '/home/MKGL/quadro_ws/build/dgz_description': CMAKE_PREFIX_PATH=${CMAKE_PREFIX_PATH}:/opt/ros/jazzy DEBUGINFOD_URLS=https://debuginfod.ubuntu.com /usr/bin/cmake --install /home/MKGL/quadro_ws/build/dgz_description
[6.466s] -- Install configuration: ""
[6.469s] -- Execute custom install script
[6.472s] -- Symlinking: /home/MKGL/quadro_ws/install/dgz_description/share/dgz_description/launch/dgz_description.launch.py
[6.529s] -- Symlinking: /home/MKGL/quadro_ws/install/dgz_description/share/ament_index/resource_index/package_run_dependencies/dgz_description
[6.590s] -- Symlinking: /home/MKGL/quadro_ws/install/dgz_description/share/ament_index/resource_index/parent_prefix_path/dgz_description
[6.651s] -- Symlinking: /home/MKGL/quadro_ws/install/dgz_description/share/dgz_description/environment/ament_prefix_path.sh
[6.727s] -- Symlinking: /home/MKGL/quadro_ws/install/dgz_description/share/dgz_description/environment/ament_prefix_path.dsv
[6.811s] -- Symlinking: /home/MKGL/quadro_ws/install/dgz_description/share/dgz_description/environment/path.sh
[6.875s] -- Symlinking: /home/MKGL/quadro_ws/install/dgz_description/share/dgz_description/environment/path.dsv
[6.926s] -- Symlinking: /home/MKGL/quadro_ws/install/dgz_description/share/dgz_description/local_setup.bash
[6.977s] -- Symlinking: /home/MKGL/quadro_ws/install/dgz_description/share/dgz_description/local_setup.sh
[7.030s] -- Symlinking: /home/MKGL/quadro_ws/install/dgz_description/share/dgz_description/local_setup.zsh
[7.112s] -- Symlinking: /home/MKGL/quadro_ws/install/dgz_description/share/dgz_description/local_setup.dsv
[7.185s] -- Symlinking: /home/MKGL/quadro_ws/install/dgz_description/share/dgz_description/package.dsv
[7.254s] -- Symlinking: /home/MKGL/quadro_ws/install/dgz_description/share/ament_index/resource_index/packages/dgz_description
[7.349s] -- Symlinking: /home/MKGL/quadro_ws/install/dgz_description/share/dgz_description/cmake/dgz_descriptionConfig.cmake
[7.450s] -- Symlinking: /home/MKGL/quadro_ws/install/dgz_description/share/dgz_description/cmake/dgz_descriptionConfig-version.cmake
[7.503s] -- Symlinking: /home/MKGL/quadro_ws/install/dgz_description/share/dgz_description/package.xml
[7.580s] Invoked command in '/home/MKGL/quadro_ws/build/dgz_description' returned '0': CMAKE_PREFIX_PATH=${CMAKE_PREFIX_PATH}:/opt/ros/jazzy DEBUGINFOD_URLS=https://debuginfod.ubuntu.com /usr/bin/cmake --install /home/MKGL/quadro_ws/build/dgz_description
