[0.090s] Invoking command in '/home/MKGL/quadro_ws/build/space_interfaces': CMAKE_PREFIX_PATH=${CMAKE_PREFIX_PATH}:/opt/ros/jazzy DEBUGINFOD_URLS=https://debuginfod.ubuntu.com /usr/bin/cmake --build /home/MKGL/quadro_ws/build/space_interfaces -- -j4 -l4
[0.433s] [  2%] Built target space_interfaces__rosidl_generator_type_description
[0.496s] [  2%] Built target ament_cmake_python_symlink_space_interfaces
[0.607s] [ 17%] Built target space_interfaces__rosidl_generator_c
[0.610s] [ 20%] Built target space_interfaces__cpp
[0.887s] [ 29%] Built target space_interfaces__rosidl_typesupport_introspection_c
[0.903s] [ 38%] Built target space_interfaces__rosidl_typesupport_c
[0.913s] [ 47%] Built target space_interfaces__rosidl_typesupport_fastrtps_c
[1.091s] [ 61%] Built target space_interfaces__rosidl_typesupport_cpp
[1.096s] [ 64%] Built target space_interfaces__rosidl_typesupport_fastrtps_cpp
[1.103s] [ 73%] Built target space_interfaces__rosidl_typesupport_introspection_cpp
[1.259s] [ 73%] Built target space_interfaces
[1.424s] [ 76%] Built target space_interfaces__py
[1.569s] [ 82%] Built target space_interfaces__rosidl_generator_py
[1.769s] [ 88%] Built target space_interfaces_s__rosidl_typesupport_fastrtps_c
[1.772s] [ 94%] Built target space_interfaces_s__rosidl_typesupport_introspection_c
[1.809s] [100%] Built target space_interfaces_s__rosidl_typesupport_c
[2.131s] running egg_info
[2.228s] writing space_interfaces.egg-info/PKG-INFO
[2.229s] writing dependency_links to space_interfaces.egg-info/dependency_links.txt
[2.231s] writing top-level names to space_interfaces.egg-info/top_level.txt
[2.548s] reading manifest file 'space_interfaces.egg-info/SOURCES.txt'
[2.550s] writing manifest file 'space_interfaces.egg-info/SOURCES.txt'
[2.709s] [100%] Built target ament_cmake_python_build_space_interfaces_egg
[2.763s] Invoked command in '/home/MKGL/quadro_ws/build/space_interfaces' returned '0': CMAKE_PREFIX_PATH=${CMAKE_PREFIX_PATH}:/opt/ros/jazzy DEBUGINFOD_URLS=https://debuginfod.ubuntu.com /usr/bin/cmake --build /home/MKGL/quadro_ws/build/space_interfaces -- -j4 -l4
[3.122s] Invoking command in '/home/MKGL/quadro_ws/build/space_interfaces': CMAKE_PREFIX_PATH=${CMAKE_PREFIX_PATH}:/opt/ros/jazzy DEBUGINFOD_URLS=https://debuginfod.ubuntu.com /usr/bin/cmake --install /home/MKGL/quadro_ws/build/space_interfaces
[3.159s] -- Install configuration: ""
[3.161s] -- Execute custom install script
[3.163s] -- Up-to-date symlink: /home/MKGL/quadro_ws/install/space_interfaces/share/ament_index/resource_index/rosidl_interfaces/space_interfaces
[3.164s] -- Up-to-date symlink: /home/MKGL/quadro_ws/install/space_interfaces/share/space_interfaces/msg/Position.json
[3.167s] -- Up-to-date symlink: /home/MKGL/quadro_ws/install/space_interfaces/include/space_interfaces/space_interfaces/msg/detail/position__functions.h
[3.168s] -- Up-to-date symlink: /home/MKGL/quadro_ws/install/space_interfaces/include/space_interfaces/space_interfaces/msg/detail/position__struct.h
[3.169s] -- Up-to-date symlink: /home/MKGL/quadro_ws/install/space_interfaces/include/space_interfaces/space_interfaces/msg/detail/position__type_support.h
[3.170s] -- Up-to-date symlink: /home/MKGL/quadro_ws/install/space_interfaces/include/space_interfaces/space_interfaces/msg/position.h
[3.171s] -- Up-to-date symlink: /home/MKGL/quadro_ws/install/space_interfaces/include/space_interfaces/space_interfaces/msg/rosidl_generator_c__visibility_control.h
[3.172s] -- Up-to-date symlink: /home/MKGL/quadro_ws/install/space_interfaces/share/space_interfaces/environment/library_path.sh
[3.173s] -- Up-to-date symlink: /home/MKGL/quadro_ws/install/space_interfaces/share/space_interfaces/environment/library_path.dsv
[3.176s] -- Up-to-date symlink: /home/MKGL/quadro_ws/install/space_interfaces/include/space_interfaces/space_interfaces/msg/detail/position__rosidl_typesupport_fastrtps_c.h
[3.177s] -- Up-to-date symlink: /home/MKGL/quadro_ws/install/space_interfaces/include/space_interfaces/space_interfaces/msg/rosidl_typesupport_fastrtps_c__visibility_control.h
[3.180s] -- Up-to-date symlink: /home/MKGL/quadro_ws/install/space_interfaces/include/space_interfaces/space_interfaces/msg/detail/position__rosidl_typesupport_introspection_c.h
[3.181s] -- Up-to-date symlink: /home/MKGL/quadro_ws/install/space_interfaces/include/space_interfaces/space_interfaces/msg/rosidl_typesupport_introspection_c__visibility_control.h
[3.183s] -- Up-to-date symlink: /home/MKGL/quadro_ws/install/space_interfaces/include/space_interfaces/space_interfaces/msg/detail/position__builder.hpp
[3.184s] -- Up-to-date symlink: /home/MKGL/quadro_ws/install/space_interfaces/include/space_interfaces/space_interfaces/msg/detail/position__struct.hpp
[3.185s] -- Up-to-date symlink: /home/MKGL/quadro_ws/install/space_interfaces/include/space_interfaces/space_interfaces/msg/detail/position__traits.hpp
[3.186s] -- Up-to-date symlink: /home/MKGL/quadro_ws/install/space_interfaces/include/space_interfaces/space_interfaces/msg/detail/position__type_support.hpp
[3.187s] -- Up-to-date symlink: /home/MKGL/quadro_ws/install/space_interfaces/include/space_interfaces/space_interfaces/msg/position.hpp
[3.188s] -- Up-to-date symlink: /home/MKGL/quadro_ws/install/space_interfaces/include/space_interfaces/space_interfaces/msg/rosidl_generator_cpp__visibility_control.hpp
[3.196s] -- Up-to-date symlink: /home/MKGL/quadro_ws/install/space_interfaces/include/space_interfaces/space_interfaces/msg/detail/position__rosidl_typesupport_fastrtps_cpp.hpp
[3.197s] -- Up-to-date symlink: /home/MKGL/quadro_ws/install/space_interfaces/include/space_interfaces/space_interfaces/msg/rosidl_typesupport_fastrtps_cpp__visibility_control.h
[3.197s] -- Up-to-date symlink: /home/MKGL/quadro_ws/install/space_interfaces/include/space_interfaces/space_interfaces/msg/detail/position__rosidl_typesupport_introspection_cpp.hpp
[3.198s] -- Up-to-date symlink: /home/MKGL/quadro_ws/install/space_interfaces/share/space_interfaces/environment/pythonpath.sh
[3.198s] -- Up-to-date symlink: /home/MKGL/quadro_ws/install/space_interfaces/share/space_interfaces/environment/pythonpath.dsv
[3.203s] -- Up-to-date symlink: /home/MKGL/quadro_ws/install/space_interfaces/lib/python3.12/site-packages/space_interfaces-0.0.0-py3.12.egg-info/PKG-INFO
[3.203s] -- Up-to-date symlink: /home/MKGL/quadro_ws/install/space_interfaces/lib/python3.12/site-packages/space_interfaces-0.0.0-py3.12.egg-info/SOURCES.txt
[3.204s] -- Up-to-date symlink: /home/MKGL/quadro_ws/install/space_interfaces/lib/python3.12/site-packages/space_interfaces-0.0.0-py3.12.egg-info/dependency_links.txt
[3.204s] -- Up-to-date symlink: /home/MKGL/quadro_ws/install/space_interfaces/lib/python3.12/site-packages/space_interfaces-0.0.0-py3.12.egg-info/top_level.txt
[3.206s] -- Up-to-date symlink: /home/MKGL/quadro_ws/install/space_interfaces/lib/python3.12/site-packages/space_interfaces/__init__.py
[3.208s] -- Up-to-date symlink: /home/MKGL/quadro_ws/install/space_interfaces/lib/python3.12/site-packages/space_interfaces/_space_interfaces_s.ep.rosidl_typesupport_c.c
[3.209s] -- Up-to-date symlink: /home/MKGL/quadro_ws/install/space_interfaces/lib/python3.12/site-packages/space_interfaces/_space_interfaces_s.ep.rosidl_typesupport_fastrtps_c.c
[3.210s] -- Up-to-date symlink: /home/MKGL/quadro_ws/install/space_interfaces/lib/python3.12/site-packages/space_interfaces/_space_interfaces_s.ep.rosidl_typesupport_introspection_c.c
[3.211s] -- Up-to-date symlink: /home/MKGL/quadro_ws/install/space_interfaces/lib/python3.12/site-packages/space_interfaces/msg/__init__.py
[3.212s] -- Up-to-date symlink: /home/MKGL/quadro_ws/install/space_interfaces/lib/python3.12/site-packages/space_interfaces/msg/_position.py
[3.213s] -- Up-to-date symlink: /home/MKGL/quadro_ws/install/space_interfaces/lib/python3.12/site-packages/space_interfaces/msg/_position_s.c
[3.216s] -- Up-to-date symlink: /home/MKGL/quadro_ws/install/space_interfaces/lib/python3.12/site-packages/space_interfaces/space_interfaces_s__rosidl_typesupport_c.so
[3.216s] -- Up-to-date symlink: /home/MKGL/quadro_ws/install/space_interfaces/lib/python3.12/site-packages/space_interfaces/space_interfaces_s__rosidl_typesupport_fastrtps_c.so
[3.219s] -- Up-to-date symlink: /home/MKGL/quadro_ws/install/space_interfaces/lib/python3.12/site-packages/space_interfaces/space_interfaces_s__rosidl_typesupport_introspection_c.so
[3.222s] -- Up-to-date symlink: /home/MKGL/quadro_ws/install/space_interfaces/lib/python3.12/site-packages/space_interfaces/space_interfaces_s__rosidl_typesupport_fastrtps_c.so
[3.223s] -- Up-to-date symlink: /home/MKGL/quadro_ws/install/space_interfaces/lib/python3.12/site-packages/space_interfaces/space_interfaces_s__rosidl_typesupport_introspection_c.so
[3.224s] -- Up-to-date symlink: /home/MKGL/quadro_ws/install/space_interfaces/lib/python3.12/site-packages/space_interfaces/space_interfaces_s__rosidl_typesupport_c.so
[3.224s] -- Up-to-date symlink: /home/MKGL/quadro_ws/install/space_interfaces/share/space_interfaces/msg/Position.idl
[3.225s] -- Up-to-date symlink: /home/MKGL/quadro_ws/install/space_interfaces/share/space_interfaces/msg/Position.msg
[3.227s] -- Up-to-date symlink: /home/MKGL/quadro_ws/install/space_interfaces/share/ament_index/resource_index/package_run_dependencies/space_interfaces
[3.228s] -- Up-to-date symlink: /home/MKGL/quadro_ws/install/space_interfaces/share/ament_index/resource_index/parent_prefix_path/space_interfaces
[3.228s] -- Up-to-date symlink: /home/MKGL/quadro_ws/install/space_interfaces/share/space_interfaces/environment/ament_prefix_path.sh
[3.230s] -- Up-to-date symlink: /home/MKGL/quadro_ws/install/space_interfaces/share/space_interfaces/environment/ament_prefix_path.dsv
[3.231s] -- Up-to-date symlink: /home/MKGL/quadro_ws/install/space_interfaces/share/space_interfaces/environment/path.sh
[3.232s] -- Up-to-date symlink: /home/MKGL/quadro_ws/install/space_interfaces/share/space_interfaces/environment/path.dsv
[3.232s] -- Up-to-date symlink: /home/MKGL/quadro_ws/install/space_interfaces/share/space_interfaces/local_setup.bash
[3.233s] -- Up-to-date symlink: /home/MKGL/quadro_ws/install/space_interfaces/share/space_interfaces/local_setup.sh
[3.234s] -- Up-to-date symlink: /home/MKGL/quadro_ws/install/space_interfaces/share/space_interfaces/local_setup.zsh
[3.235s] -- Up-to-date symlink: /home/MKGL/quadro_ws/install/space_interfaces/share/space_interfaces/local_setup.dsv
[3.236s] -- Symlinking: /home/MKGL/quadro_ws/install/space_interfaces/share/space_interfaces/package.dsv
[3.281s] -- Up-to-date symlink: /home/MKGL/quadro_ws/install/space_interfaces/share/ament_index/resource_index/packages/space_interfaces
[3.282s] -- Up-to-date symlink: /home/MKGL/quadro_ws/install/space_interfaces/share/space_interfaces/cmake/rosidl_cmake-extras.cmake
[3.283s] -- Up-to-date symlink: /home/MKGL/quadro_ws/install/space_interfaces/share/space_interfaces/cmake/ament_cmake_export_include_directories-extras.cmake
[3.286s] -- Up-to-date symlink: /home/MKGL/quadro_ws/install/space_interfaces/share/space_interfaces/cmake/ament_cmake_export_libraries-extras.cmake
[3.287s] -- Up-to-date symlink: /home/MKGL/quadro_ws/install/space_interfaces/share/space_interfaces/cmake/ament_cmake_export_targets-extras.cmake
[3.290s] -- Up-to-date symlink: /home/MKGL/quadro_ws/install/space_interfaces/share/space_interfaces/cmake/rosidl_cmake_export_typesupport_targets-extras.cmake
[3.291s] -- Up-to-date symlink: /home/MKGL/quadro_ws/install/space_interfaces/share/space_interfaces/cmake/ament_cmake_export_dependencies-extras.cmake
[3.292s] -- Up-to-date symlink: /home/MKGL/quadro_ws/install/space_interfaces/share/space_interfaces/cmake/rosidl_cmake_export_typesupport_libraries-extras.cmake
[3.293s] -- Up-to-date symlink: /home/MKGL/quadro_ws/install/space_interfaces/share/space_interfaces/cmake/space_interfacesConfig.cmake
[3.294s] -- Up-to-date symlink: /home/MKGL/quadro_ws/install/space_interfaces/share/space_interfaces/cmake/space_interfacesConfig-version.cmake
[3.296s] -- Up-to-date symlink: /home/MKGL/quadro_ws/install/space_interfaces/share/space_interfaces/package.xml
[3.297s] -- Up-to-date: /home/MKGL/quadro_ws/install/space_interfaces/lib/libspace_interfaces__rosidl_generator_c.so
[3.300s] -- Up-to-date: /home/MKGL/quadro_ws/install/space_interfaces/lib/libspace_interfaces__rosidl_typesupport_fastrtps_c.so
[3.302s] -- Up-to-date: /home/MKGL/quadro_ws/install/space_interfaces/lib/libspace_interfaces__rosidl_typesupport_introspection_c.so
[3.305s] -- Up-to-date: /home/MKGL/quadro_ws/install/space_interfaces/lib/libspace_interfaces__rosidl_typesupport_c.so
[3.307s] -- Up-to-date: /home/MKGL/quadro_ws/install/space_interfaces/lib/libspace_interfaces__rosidl_typesupport_fastrtps_cpp.so
[3.309s] -- Up-to-date: /home/MKGL/quadro_ws/install/space_interfaces/lib/libspace_interfaces__rosidl_typesupport_introspection_cpp.so
[3.311s] -- Up-to-date: /home/MKGL/quadro_ws/install/space_interfaces/lib/libspace_interfaces__rosidl_typesupport_cpp.so
[3.491s] Listing '/home/MKGL/quadro_ws/install/space_interfaces/lib/python3.12/site-packages/space_interfaces'...
[3.493s] Listing '/home/MKGL/quadro_ws/install/space_interfaces/lib/python3.12/site-packages/space_interfaces/msg'...
[3.527s] -- Up-to-date: /home/MKGL/quadro_ws/install/space_interfaces/lib/libspace_interfaces__rosidl_generator_py.so
[3.529s] -- Up-to-date: /home/MKGL/quadro_ws/install/space_interfaces/share/space_interfaces/cmake/export_space_interfaces__rosidl_generator_cExport.cmake
[3.530s] -- Up-to-date: /home/MKGL/quadro_ws/install/space_interfaces/share/space_interfaces/cmake/export_space_interfaces__rosidl_generator_cExport-noconfig.cmake
[3.531s] -- Up-to-date: /home/MKGL/quadro_ws/install/space_interfaces/share/space_interfaces/cmake/export_space_interfaces__rosidl_typesupport_fastrtps_cExport.cmake
[3.533s] -- Up-to-date: /home/MKGL/quadro_ws/install/space_interfaces/share/space_interfaces/cmake/export_space_interfaces__rosidl_typesupport_fastrtps_cExport-noconfig.cmake
[3.534s] -- Up-to-date: /home/MKGL/quadro_ws/install/space_interfaces/share/space_interfaces/cmake/space_interfaces__rosidl_typesupport_introspection_cExport.cmake
[3.534s] -- Up-to-date: /home/MKGL/quadro_ws/install/space_interfaces/share/space_interfaces/cmake/space_interfaces__rosidl_typesupport_introspection_cExport-noconfig.cmake
[3.536s] -- Up-to-date: /home/MKGL/quadro_ws/install/space_interfaces/share/space_interfaces/cmake/space_interfaces__rosidl_typesupport_cExport.cmake
[3.538s] -- Up-to-date: /home/MKGL/quadro_ws/install/space_interfaces/share/space_interfaces/cmake/space_interfaces__rosidl_typesupport_cExport-noconfig.cmake
[3.538s] -- Up-to-date: /home/MKGL/quadro_ws/install/space_interfaces/share/space_interfaces/cmake/export_space_interfaces__rosidl_generator_cppExport.cmake
[3.540s] -- Up-to-date: /home/MKGL/quadro_ws/install/space_interfaces/share/space_interfaces/cmake/export_space_interfaces__rosidl_typesupport_fastrtps_cppExport.cmake
[3.540s] -- Up-to-date: /home/MKGL/quadro_ws/install/space_interfaces/share/space_interfaces/cmake/export_space_interfaces__rosidl_typesupport_fastrtps_cppExport-noconfig.cmake
[3.542s] -- Up-to-date: /home/MKGL/quadro_ws/install/space_interfaces/share/space_interfaces/cmake/space_interfaces__rosidl_typesupport_introspection_cppExport.cmake
[3.542s] -- Up-to-date: /home/MKGL/quadro_ws/install/space_interfaces/share/space_interfaces/cmake/space_interfaces__rosidl_typesupport_introspection_cppExport-noconfig.cmake
[3.544s] -- Up-to-date: /home/MKGL/quadro_ws/install/space_interfaces/share/space_interfaces/cmake/space_interfaces__rosidl_typesupport_cppExport.cmake
[3.544s] -- Up-to-date: /home/MKGL/quadro_ws/install/space_interfaces/share/space_interfaces/cmake/space_interfaces__rosidl_typesupport_cppExport-noconfig.cmake
[3.545s] -- Up-to-date: /home/MKGL/quadro_ws/install/space_interfaces/share/space_interfaces/cmake/export_space_interfaces__rosidl_generator_pyExport.cmake
[3.546s] -- Up-to-date: /home/MKGL/quadro_ws/install/space_interfaces/share/space_interfaces/cmake/export_space_interfaces__rosidl_generator_pyExport-noconfig.cmake
[3.555s] Invoked command in '/home/MKGL/quadro_ws/build/space_interfaces' returned '0': CMAKE_PREFIX_PATH=${CMAKE_PREFIX_PATH}:/opt/ros/jazzy DEBUGINFOD_URLS=https://debuginfod.ubuntu.com /usr/bin/cmake --install /home/MKGL/quadro_ws/build/space_interfaces
