[0.059s] Invoking command in '/home/MKGL/quadro_ws/build/serial': CMAKE_PREFIX_PATH=${CMAKE_PREFIX_PATH}:/opt/ros/jazzy DEBUGINFOD_URLS=https://debuginfod.ubuntu.com /usr/bin/cmake --build /home/MKGL/quadro_ws/build/serial -- -j4 -l4
[0.344s] [ 50%] Built target serial_lib
[0.484s] [ 75%] [32mBuilding CXX object CMakeFiles/testlib_node.dir/src/testlib_node.cpp.o[0m
[19.177s] [100%] [32m[1mLinking CXX executable testlib_node[0m
[20.055s] [100%] Built target testlib_node
[20.110s] Invoked command in '/home/MKGL/quadro_ws/build/serial' returned '0': CMAKE_PREFIX_PATH=${CMAKE_PREFIX_PATH}:/opt/ros/jazzy DEBUGINFOD_URLS=https://debuginfod.ubuntu.com /usr/bin/cmake --build /home/MKGL/quadro_ws/build/serial -- -j4 -l4
[20.321s] Invoking command in '/home/MKGL/quadro_ws/build/serial': CMAKE_PREFIX_PATH=${CMAKE_PREFIX_PATH}:/opt/ros/jazzy DEBUGINFOD_URLS=https://debuginfod.ubuntu.com /usr/bin/cmake --install /home/MKGL/quadro_ws/build/serial
[20.360s] -- Install configuration: ""
[20.362s] -- Execute custom install script
[20.363s] -- Up-to-date symlink: /home/MKGL/quadro_ws/install/serial/share/serial/environment/library_path.sh
[20.364s] -- Up-to-date symlink: /home/MKGL/quadro_ws/install/serial/share/serial/environment/library_path.dsv
[20.366s] -- Up-to-date symlink: /home/MKGL/quadro_ws/install/serial/include/serial/serial.hpp
[20.367s] -- Up-to-date symlink: /home/MKGL/quadro_ws/install/serial/lib/serial/testlib_node
[20.368s] -- Up-to-date symlink: /home/MKGL/quadro_ws/install/serial/share/ament_index/resource_index/package_run_dependencies/serial
[20.369s] -- Up-to-date symlink: /home/MKGL/quadro_ws/install/serial/share/ament_index/resource_index/parent_prefix_path/serial
[20.370s] -- Up-to-date symlink: /home/MKGL/quadro_ws/install/serial/share/serial/environment/ament_prefix_path.sh
[20.371s] -- Up-to-date symlink: /home/MKGL/quadro_ws/install/serial/share/serial/environment/ament_prefix_path.dsv
[20.372s] -- Up-to-date symlink: /home/MKGL/quadro_ws/install/serial/share/serial/environment/path.sh
[20.373s] -- Up-to-date symlink: /home/MKGL/quadro_ws/install/serial/share/serial/environment/path.dsv
[20.374s] -- Up-to-date symlink: /home/MKGL/quadro_ws/install/serial/share/serial/local_setup.bash
[20.375s] -- Up-to-date symlink: /home/MKGL/quadro_ws/install/serial/share/serial/local_setup.sh
[20.376s] -- Up-to-date symlink: /home/MKGL/quadro_ws/install/serial/share/serial/local_setup.zsh
[20.377s] -- Up-to-date symlink: /home/MKGL/quadro_ws/install/serial/share/serial/local_setup.dsv
[20.378s] -- Symlinking: /home/MKGL/quadro_ws/install/serial/share/serial/package.dsv
[20.421s] -- Up-to-date symlink: /home/MKGL/quadro_ws/install/serial/share/ament_index/resource_index/packages/serial
[20.422s] -- Up-to-date symlink: /home/MKGL/quadro_ws/install/serial/share/serial/cmake/ament_cmake_export_targets-extras.cmake
[20.423s] -- Up-to-date symlink: /home/MKGL/quadro_ws/install/serial/share/serial/cmake/serialConfig.cmake
[20.424s] -- Up-to-date symlink: /home/MKGL/quadro_ws/install/serial/share/serial/cmake/serialConfig-version.cmake
[20.425s] -- Up-to-date symlink: /home/MKGL/quadro_ws/install/serial/share/serial/package.xml
[20.427s] -- Up-to-date: /home/MKGL/quadro_ws/install/serial/lib/libserial_lib.so
[20.428s] -- Up-to-date: /home/MKGL/quadro_ws/install/serial/share/serial/cmake/export_serialExport.cmake
[20.429s] -- Up-to-date: /home/MKGL/quadro_ws/install/serial/share/serial/cmake/export_serialExport-noconfig.cmake
[20.437s] Invoked command in '/home/MKGL/quadro_ws/build/serial' returned '0': CMAKE_PREFIX_PATH=${CMAKE_PREFIX_PATH}:/opt/ros/jazzy DEBUGINFOD_URLS=https://debuginfod.ubuntu.com /usr/bin/cmake --install /home/MKGL/quadro_ws/build/serial
