[100%] Built target manette_node
-- Install configuration: ""
-- Execute custom install script
-- Symlinking: /home/MKGL/quadro_ws/install/manette/lib/manette/manette_node
-- Symlinking: /home/MKGL/quadro_ws/install/manette/share/manette//config/manette_params.yaml
-- Symlinking: /home/MKGL/quadro_ws/install/manette/share/manette//launch/manette.launch.py
-- Symlinking: /home/MKGL/quadro_ws/install/manette/share/ament_index/resource_index/package_run_dependencies/manette
-- Symlinking: /home/MKGL/quadro_ws/install/manette/share/ament_index/resource_index/parent_prefix_path/manette
-- Symlinking: /home/MKGL/quadro_ws/install/manette/share/manette/environment/ament_prefix_path.sh
-- Symlinking: /home/MKGL/quadro_ws/install/manette/share/manette/environment/ament_prefix_path.dsv
-- Symlinking: /home/MKGL/quadro_ws/install/manette/share/manette/environment/path.sh
-- Symlinking: /home/MKGL/quadro_ws/install/manette/share/manette/environment/path.dsv
-- Symlinking: /home/MKGL/quadro_ws/install/manette/share/manette/local_setup.bash
-- Symlinking: /home/MKGL/quadro_ws/install/manette/share/manette/local_setup.sh
-- Symlinking: /home/MKGL/quadro_ws/install/manette/share/manette/local_setup.zsh
-- Symlinking: /home/MKGL/quadro_ws/install/manette/share/manette/local_setup.dsv
-- Symlinking: /home/MKGL/quadro_ws/install/manette/share/manette/package.dsv
-- Symlinking: /home/MKGL/quadro_ws/install/manette/share/ament_index/resource_index/packages/manette
-- Symlinking: /home/MKGL/quadro_ws/install/manette/share/manette/cmake/manetteConfig.cmake
-- Symlinking: /home/MKGL/quadro_ws/install/manette/share/manette/cmake/manetteConfig-version.cmake
-- Symlinking: /home/MKGL/quadro_ws/install/manette/share/manette/package.xml
