[0.054s] Invoking command in '/home/MKGL/quadro_ws/build/serial': CMAKE_PREFIX_PATH=${CMAKE_PREFIX_PATH}:/opt/ros/jazzy DEBUGINFOD_URLS=https://debuginfod.ubuntu.com /usr/bin/cmake --build /home/MKGL/quadro_ws/build/serial -- -j4 -l4
[0.323s] [ 50%] Built target serial_lib
[0.475s] [ 75%] [32mBuilding CXX object CMakeFiles/testlib_node.dir/src/testlib_node.cpp.o[0m
[11.856s] [01m[K/home/MKGL/quadro_ws/src/serial/src/testlib_node.cpp:[m[K In constructor ‘[01m[KTestLibNode::[01;32m[KTestLibNode[m[K()[m[K’:
[11.857s] [01m[K/home/MKGL/quadro_ws/src/serial/src/testlib_node.cpp:38:9:[m[K [01;31m[Kerror: [m[K‘[01m[KSerial[m[K’ was not declared in this scope; did you mean ‘[01m[Kserial[m[K’?
[11.858s]    38 |         [01;31m[KSerial[m[K serial_(device.c_str(), baudrate, databits, stopbits, parity, min_buf_read, max_timeout_read_ds);
[11.859s]       |         [01;31m[K^~~~~~[m[K
[11.860s]       |         [32m[Kserial[m[K
[11.878s] [01m[K/home/MKGL/quadro_ws/src/serial/src/testlib_node.cpp:39:14:[m[K [01;31m[Kerror: [m[K‘[01m[Kserial_[m[K’ was not declared in this scope; did you mean ‘[01m[Kserial[m[K’?
[11.878s]    39 |         if (![01;31m[Kserial_[m[K.init())
[11.879s]       |              [01;31m[K^~~~~~~[m[K
[11.879s]       |              [32m[Kserial[m[K
[11.904s] [01m[K/home/MKGL/quadro_ws/src/serial/src/testlib_node.cpp:50:18:[m[K [01;31m[Kerror: [m[K‘[01m[Kserial_[m[K’ was not declared in this scope; did you mean ‘[01m[Kserial[m[K’?
[11.905s]    50 |             if (![01;31m[Kserial_[m[K.write(reinterpret_cast<const uint8_t *>(str_data.c_str()), str_data.size()))
[11.905s]       |                  [01;31m[K^~~~~~~[m[K
[11.906s]       |                  [32m[Kserial[m[K
[11.930s] [01m[K/home/MKGL/quadro_ws/src/serial/src/testlib_node.cpp:58:18:[m[K [01;31m[Kerror: [m[K‘[01m[Kserial_[m[K’ was not declared in this scope; did you mean ‘[01m[Kserial[m[K’?
[11.930s]    58 |             if (![01;31m[Kserial_[m[K.read(data, str_data.size()))
[11.931s]       |                  [01;31m[K^~~~~~~[m[K
[11.931s]       |                  [32m[Kserial[m[K
[14.961s] gmake[2]: *** [CMakeFiles/testlib_node.dir/build.make:76: CMakeFiles/testlib_node.dir/src/testlib_node.cpp.o] Error 1
[14.963s] gmake[1]: *** [CMakeFiles/Makefile2:165: CMakeFiles/testlib_node.dir/all] Error 2
[14.964s] gmake: *** [Makefile:146: all] Error 2
[14.971s] Invoked command in '/home/MKGL/quadro_ws/build/serial' returned '2': CMAKE_PREFIX_PATH=${CMAKE_PREFIX_PATH}:/opt/ros/jazzy DEBUGINFOD_URLS=https://debuginfod.ubuntu.com /usr/bin/cmake --build /home/MKGL/quadro_ws/build/serial -- -j4 -l4
