[0.064s] Invoking command in '/home/MKGL/quadro_ws/build/serial': CMAKE_PREFIX_PATH=${CMAKE_PREFIX_PATH}:/opt/ros/jazzy DEBUGINFOD_URLS=https://debuginfod.ubuntu.com /usr/bin/cmake /home/MKGL/quadro_ws/src/serial -DAMENT_CMAKE_SYMLINK_INSTALL=1 -DCMAKE_INSTALL_PREFIX=/home/MKGL/quadro_ws/install/serial
[0.435s] -- The C compiler identification is GNU 13.2.0
[0.878s] -- The CXX compiler identification is GNU 13.2.0
[0.975s] -- Detecting C compiler ABI info
[1.564s] -- Detecting C compiler ABI info - done
[1.613s] -- Check for working C compiler: /usr/bin/cc - skipped
[1.619s] -- Detecting C compile features
[1.619s] -- Detecting C compile features - done
[1.665s] -- Detecting CXX compiler ABI info
[2.337s] -- Detecting CXX compiler ABI info - done
[2.379s] -- Check for working CXX compiler: /usr/bin/c++ - skipped
[2.381s] -- Detecting CXX compile features
[2.385s] -- Detecting CXX compile features - done
[2.403s] -- Found ament_cmake: 2.5.2 (/opt/ros/jazzy/share/ament_cmake/cmake)
[3.513s] -- Found Python3: /usr/bin/python3 (found version "3.12.3") found components: Interpreter 
[4.004s] -- Override CMake install command with custom implementation using symlinks instead of copying resources
[4.244s] -- Found rclcpp: 28.1.5 (/opt/ros/jazzy/share/rclcpp/cmake)
[4.500s] -- Found rosidl_generator_c: 4.6.4 (/opt/ros/jazzy/share/rosidl_generator_c/cmake)
[4.591s] -- Found rosidl_generator_cpp: 4.6.4 (/opt/ros/jazzy/share/rosidl_generator_cpp/cmake)
[4.696s] -- Using all available rosidl_typesupport_c: rosidl_typesupport_fastrtps_c;rosidl_typesupport_introspection_c
[4.799s] -- Using all available rosidl_typesupport_cpp: rosidl_typesupport_fastrtps_cpp;rosidl_typesupport_introspection_cpp
[5.279s] -- Found rmw_implementation_cmake: 7.3.1 (/opt/ros/jazzy/share/rmw_implementation_cmake/cmake)
[5.301s] -- Found rmw_fastrtps_cpp: 8.4.1 (/opt/ros/jazzy/share/rmw_fastrtps_cpp/cmake)
[5.813s] -- Found OpenSSL: /usr/lib/aarch64-linux-gnu/libcrypto.so (found version "3.0.13")  
[5.893s] -- Found FastRTPS: /opt/ros/jazzy/include (Required is at least version "2.13") 
[6.012s] -- Using RMW implementation 'rmw_fastrtps_cpp' as default
[6.478s] -- Found ament_lint_auto: 0.17.1 (/opt/ros/jazzy/share/ament_lint_auto/cmake)
[7.129s] -- Added test 'cppcheck' to perform static code analysis on C / C++ code
[7.132s] -- Configured cppcheck include dirs: /home/MKGL/quadro_ws/src/serial/include;$<BUILD_INTERFACE:/home/MKGL/quadro_ws/src/serial/include>
[7.133s] -- Configured cppcheck exclude dirs and/or files: 
[7.138s] -- Added test 'lint_cmake' to check CMake code style
[7.147s] -- Added test 'uncrustify' to check C / C++ code style
[7.148s] -- Configured uncrustify additional arguments: 
[7.151s] -- Added test 'xmllint' to check XML markup files
[7.168s] -- Configuring done (7.1s)
[7.260s] [0mCMake Error: INSTALL(EXPORT) given unknown export "export_serial_lib"[0m
[7.265s] -- Generating done (0.1s)
[7.270s] [0mCMake Generate step failed.  Build files cannot be regenerated correctly.[0m
[7.313s] Invoked command in '/home/MKGL/quadro_ws/build/serial' returned '1': CMAKE_PREFIX_PATH=${CMAKE_PREFIX_PATH}:/opt/ros/jazzy DEBUGINFOD_URLS=https://debuginfod.ubuntu.com /usr/bin/cmake /home/MKGL/quadro_ws/src/serial -DAMENT_CMAKE_SYMLINK_INSTALL=1 -DCMAKE_INSTALL_PREFIX=/home/MKGL/quadro_ws/install/serial
