[0.481s] DEBUG:colcon:Command line arguments: ['/usr/bin/colcon', 'build', '--packages-select', 'serial']
[0.481s] DEBUG:colcon:Parsed command line arguments: Namespace(log_base=None, log_level=None, verb_name='build', build_base='build', install_base='install', merge_install=False, symlink_install=False, test_result_base=None, continue_on_error=False, executor='parallel', parallel_workers=4, event_handlers=None, ignore_user_meta=False, metas=['./colcon.meta'], base_paths=['.'], packages_ignore=None, packages_ignore_regex=None, paths=None, packages_up_to=None, packages_up_to_regex=None, packages_above=None, packages_above_and_dependencies=None, packages_above_depth=None, packages_select_by_dep=None, packages_skip_by_dep=None, packages_skip_up_to=None, packages_select_build_failed=False, packages_skip_build_finished=False, packages_select_test_failures=False, packages_skip_test_passed=False, packages_select=['serial'], packages_skip=None, packages_select_regex=None, packages_skip_regex=None, packages_start=None, packages_end=None, allow_overriding=[], cmake_args=None, cmake_target=None, cmake_target_skip_unavailable=False, cmake_clean_cache=False, cmake_clean_first=False, cmake_force_configure=False, ament_cmake_args=None, catkin_cmake_args=None, catkin_skip_building_tests=False, mixin_files=None, mixin=None, verb_parser=<colcon_mixin.mixin.mixin_argument.MixinArgumentDecorator object at 0xffff8535e270>, verb_extension=<colcon_core.verb.build.BuildVerb object at 0xffff8548cd10>, main=<bound method BuildVerb.main of <colcon_core.verb.build.BuildVerb object at 0xffff8548cd10>>, mixin_verb=('build',))
[0.768s] Level 1:colcon.colcon_core.package_discovery:discover_packages(colcon_meta) check parameters
[0.770s] Level 1:colcon.colcon_core.package_discovery:discover_packages(recursive) check parameters
[0.770s] Level 1:colcon.colcon_core.package_discovery:discover_packages(ignore) check parameters
[0.771s] Level 1:colcon.colcon_core.package_discovery:discover_packages(path) check parameters
[0.771s] Level 1:colcon.colcon_core.package_discovery:discover_packages(colcon_meta) discover
[0.772s] Level 1:colcon.colcon_core.package_discovery:discover_packages(recursive) discover
[0.772s] INFO:colcon.colcon_core.package_discovery:Crawling recursively for packages in '/home/MKGL/quadro_ws'
[0.773s] Level 1:colcon.colcon_core.package_identification:_identify(.) by extensions ['ignore', 'ignore_ament_install']
[0.774s] Level 1:colcon.colcon_core.package_identification:_identify(.) by extension 'ignore'
[0.775s] Level 1:colcon.colcon_core.package_identification:_identify(.) by extension 'ignore_ament_install'
[0.776s] Level 1:colcon.colcon_core.package_identification:_identify(.) by extensions ['colcon_pkg']
[0.777s] Level 1:colcon.colcon_core.package_identification:_identify(.) by extension 'colcon_pkg'
[0.778s] Level 1:colcon.colcon_core.package_identification:_identify(.) by extensions ['colcon_meta']
[0.778s] Level 1:colcon.colcon_core.package_identification:_identify(.) by extension 'colcon_meta'
[0.778s] Level 1:colcon.colcon_core.package_identification:_identify(.) by extensions ['ros']
[0.779s] Level 1:colcon.colcon_core.package_identification:_identify(.) by extension 'ros'
[0.964s] Level 1:colcon.colcon_core.package_identification:_identify(.) by extensions ['cmake', 'python']
[0.965s] Level 1:colcon.colcon_core.package_identification:_identify(.) by extension 'cmake'
[0.966s] Level 1:colcon.colcon_core.package_identification:_identify(.) by extension 'python'
[0.966s] Level 1:colcon.colcon_core.package_identification:_identify(.) by extensions ['python_setup_py']
[0.967s] Level 1:colcon.colcon_core.package_identification:_identify(.) by extension 'python_setup_py'
[0.968s] Level 1:colcon.colcon_core.package_identification:_identify(build) by extensions ['ignore', 'ignore_ament_install']
[0.970s] Level 1:colcon.colcon_core.package_identification:_identify(build) by extension 'ignore'
[0.970s] Level 1:colcon.colcon_core.package_identification:_identify(build) ignored
[0.971s] Level 1:colcon.colcon_core.package_identification:_identify(install) by extensions ['ignore', 'ignore_ament_install']
[0.972s] Level 1:colcon.colcon_core.package_identification:_identify(install) by extension 'ignore'
[0.973s] Level 1:colcon.colcon_core.package_identification:_identify(install) ignored
[0.974s] Level 1:colcon.colcon_core.package_identification:_identify(log) by extensions ['ignore', 'ignore_ament_install']
[0.975s] Level 1:colcon.colcon_core.package_identification:_identify(log) by extension 'ignore'
[0.976s] Level 1:colcon.colcon_core.package_identification:_identify(log) ignored
[0.977s] Level 1:colcon.colcon_core.package_identification:_identify(src) by extensions ['ignore', 'ignore_ament_install']
[0.978s] Level 1:colcon.colcon_core.package_identification:_identify(src) by extension 'ignore'
[0.978s] Level 1:colcon.colcon_core.package_identification:_identify(src) by extension 'ignore_ament_install'
[0.979s] Level 1:colcon.colcon_core.package_identification:_identify(src) by extensions ['colcon_pkg']
[0.980s] Level 1:colcon.colcon_core.package_identification:_identify(src) by extension 'colcon_pkg'
[0.981s] Level 1:colcon.colcon_core.package_identification:_identify(src) by extensions ['colcon_meta']
[0.981s] Level 1:colcon.colcon_core.package_identification:_identify(src) by extension 'colcon_meta'
[0.982s] Level 1:colcon.colcon_core.package_identification:_identify(src) by extensions ['ros']
[0.982s] Level 1:colcon.colcon_core.package_identification:_identify(src) by extension 'ros'
[0.983s] Level 1:colcon.colcon_core.package_identification:_identify(src) by extensions ['cmake', 'python']
[0.983s] Level 1:colcon.colcon_core.package_identification:_identify(src) by extension 'cmake'
[0.984s] Level 1:colcon.colcon_core.package_identification:_identify(src) by extension 'python'
[0.985s] Level 1:colcon.colcon_core.package_identification:_identify(src) by extensions ['python_setup_py']
[0.985s] Level 1:colcon.colcon_core.package_identification:_identify(src) by extension 'python_setup_py'
[0.988s] Level 1:colcon.colcon_core.package_identification:_identify(src/dgz) by extensions ['ignore', 'ignore_ament_install']
[0.989s] Level 1:colcon.colcon_core.package_identification:_identify(src/dgz) by extension 'ignore'
[0.989s] Level 1:colcon.colcon_core.package_identification:_identify(src/dgz) by extension 'ignore_ament_install'
[0.989s] Level 1:colcon.colcon_core.package_identification:_identify(src/dgz) by extensions ['colcon_pkg']
[0.990s] Level 1:colcon.colcon_core.package_identification:_identify(src/dgz) by extension 'colcon_pkg'
[0.992s] Level 1:colcon.colcon_core.package_identification:_identify(src/dgz) by extensions ['colcon_meta']
[0.992s] Level 1:colcon.colcon_core.package_identification:_identify(src/dgz) by extension 'colcon_meta'
[0.993s] Level 1:colcon.colcon_core.package_identification:_identify(src/dgz) by extensions ['ros']
[0.994s] Level 1:colcon.colcon_core.package_identification:_identify(src/dgz) by extension 'ros'
[1.011s] DEBUG:colcon.colcon_core.package_identification:Package 'src/dgz' with type 'ros.ament_cmake' and name 'dgz'
[1.012s] Level 1:colcon.colcon_core.package_identification:_identify(src/dgz_description) by extensions ['ignore', 'ignore_ament_install']
[1.013s] Level 1:colcon.colcon_core.package_identification:_identify(src/dgz_description) by extension 'ignore'
[1.013s] Level 1:colcon.colcon_core.package_identification:_identify(src/dgz_description) by extension 'ignore_ament_install'
[1.014s] Level 1:colcon.colcon_core.package_identification:_identify(src/dgz_description) by extensions ['colcon_pkg']
[1.014s] Level 1:colcon.colcon_core.package_identification:_identify(src/dgz_description) by extension 'colcon_pkg'
[1.015s] Level 1:colcon.colcon_core.package_identification:_identify(src/dgz_description) by extensions ['colcon_meta']
[1.016s] Level 1:colcon.colcon_core.package_identification:_identify(src/dgz_description) by extension 'colcon_meta'
[1.017s] Level 1:colcon.colcon_core.package_identification:_identify(src/dgz_description) by extensions ['ros']
[1.017s] Level 1:colcon.colcon_core.package_identification:_identify(src/dgz_description) by extension 'ros'
[1.021s] DEBUG:colcon.colcon_core.package_identification:Package 'src/dgz_description' with type 'ros.ament_cmake' and name 'dgz_description'
[1.023s] Level 1:colcon.colcon_core.package_identification:_identify(src/manette) by extensions ['ignore', 'ignore_ament_install']
[1.024s] Level 1:colcon.colcon_core.package_identification:_identify(src/manette) by extension 'ignore'
[1.025s] Level 1:colcon.colcon_core.package_identification:_identify(src/manette) by extension 'ignore_ament_install'
[1.026s] Level 1:colcon.colcon_core.package_identification:_identify(src/manette) by extensions ['colcon_pkg']
[1.026s] Level 1:colcon.colcon_core.package_identification:_identify(src/manette) by extension 'colcon_pkg'
[1.026s] Level 1:colcon.colcon_core.package_identification:_identify(src/manette) by extensions ['colcon_meta']
[1.026s] Level 1:colcon.colcon_core.package_identification:_identify(src/manette) by extension 'colcon_meta'
[1.027s] Level 1:colcon.colcon_core.package_identification:_identify(src/manette) by extensions ['ros']
[1.028s] Level 1:colcon.colcon_core.package_identification:_identify(src/manette) by extension 'ros'
[1.033s] DEBUG:colcon.colcon_core.package_identification:Package 'src/manette' with type 'ros.ament_cmake' and name 'manette'
[1.034s] Level 1:colcon.colcon_core.package_identification:_identify(src/serial) by extensions ['ignore', 'ignore_ament_install']
[1.035s] Level 1:colcon.colcon_core.package_identification:_identify(src/serial) by extension 'ignore'
[1.035s] Level 1:colcon.colcon_core.package_identification:_identify(src/serial) by extension 'ignore_ament_install'
[1.036s] Level 1:colcon.colcon_core.package_identification:_identify(src/serial) by extensions ['colcon_pkg']
[1.036s] Level 1:colcon.colcon_core.package_identification:_identify(src/serial) by extension 'colcon_pkg'
[1.036s] Level 1:colcon.colcon_core.package_identification:_identify(src/serial) by extensions ['colcon_meta']
[1.036s] Level 1:colcon.colcon_core.package_identification:_identify(src/serial) by extension 'colcon_meta'
[1.037s] Level 1:colcon.colcon_core.package_identification:_identify(src/serial) by extensions ['ros']
[1.038s] Level 1:colcon.colcon_core.package_identification:_identify(src/serial) by extension 'ros'
[1.042s] DEBUG:colcon.colcon_core.package_identification:Package 'src/serial' with type 'ros.ament_cmake' and name 'serial'
[1.043s] Level 1:colcon.colcon_core.package_identification:_identify(src/space_interfaces) by extensions ['ignore', 'ignore_ament_install']
[1.043s] Level 1:colcon.colcon_core.package_identification:_identify(src/space_interfaces) by extension 'ignore'
[1.044s] Level 1:colcon.colcon_core.package_identification:_identify(src/space_interfaces) by extension 'ignore_ament_install'
[1.045s] Level 1:colcon.colcon_core.package_identification:_identify(src/space_interfaces) by extensions ['colcon_pkg']
[1.046s] Level 1:colcon.colcon_core.package_identification:_identify(src/space_interfaces) by extension 'colcon_pkg'
[1.046s] Level 1:colcon.colcon_core.package_identification:_identify(src/space_interfaces) by extensions ['colcon_meta']
[1.046s] Level 1:colcon.colcon_core.package_identification:_identify(src/space_interfaces) by extension 'colcon_meta'
[1.047s] Level 1:colcon.colcon_core.package_identification:_identify(src/space_interfaces) by extensions ['ros']
[1.047s] Level 1:colcon.colcon_core.package_identification:_identify(src/space_interfaces) by extension 'ros'
[1.051s] DEBUG:colcon.colcon_core.package_identification:Package 'src/space_interfaces' with type 'ros.ament_cmake' and name 'space_interfaces'
[1.052s] Level 1:colcon.colcon_core.package_discovery:discover_packages(recursive) using defaults
[1.053s] Level 1:colcon.colcon_core.package_discovery:discover_packages(ignore) discover
[1.053s] Level 1:colcon.colcon_core.package_discovery:discover_packages(ignore) using defaults
[1.053s] Level 1:colcon.colcon_core.package_discovery:discover_packages(path) discover
[1.053s] Level 1:colcon.colcon_core.package_discovery:discover_packages(path) using defaults
[1.190s] INFO:colcon.colcon_core.package_selection:Skipping not selected package 'dgz_description' in 'src/dgz_description'
[1.191s] INFO:colcon.colcon_core.package_selection:Skipping not selected package 'space_interfaces' in 'src/space_interfaces'
[1.191s] INFO:colcon.colcon_core.package_selection:Skipping not selected package 'dgz' in 'src/dgz'
[1.191s] INFO:colcon.colcon_core.package_selection:Skipping not selected package 'manette' in 'src/manette'
[1.194s] Level 1:colcon.colcon_core.package_discovery:discover_packages(prefix_path) check parameters
[1.194s] Level 1:colcon.colcon_core.package_discovery:discover_packages(prefix_path) discover
[1.201s] WARNING:colcon.colcon_ros.prefix_path.ament:The path '/home/MKGL/quadro_ws/install/space_interfaces' in the environment variable AMENT_PREFIX_PATH doesn't exist
[1.203s] WARNING:colcon.colcon_ros.prefix_path.ament:The path '/home/MKGL/quadro_ws/install/dgz_description' in the environment variable AMENT_PREFIX_PATH doesn't exist
[1.204s] WARNING:colcon.colcon_ros.prefix_path.catkin:The path '/home/MKGL/quadro_ws/install/space_interfaces' in the environment variable CMAKE_PREFIX_PATH doesn't exist
[1.205s] WARNING:colcon.colcon_ros.prefix_path.catkin:The path '/home/MKGL/quadro_ws/install/dgz_description' in the environment variable CMAKE_PREFIX_PATH doesn't exist
[1.211s] DEBUG:colcon.colcon_installed_package_information.package_discovery:Found 1 installed packages in /home/MKGL/quadro_ws/install
[1.222s] DEBUG:colcon.colcon_installed_package_information.package_discovery:Found 198 installed packages in /opt/ros/jazzy
[1.226s] Level 1:colcon.colcon_core.package_discovery:discover_packages(prefix_path) using defaults
[1.583s] Level 5:colcon.colcon_core.verb:set package 'serial' build argument 'cmake_args' from command line to 'None'
[1.584s] Level 5:colcon.colcon_core.verb:set package 'serial' build argument 'cmake_target' from command line to 'None'
[1.584s] Level 5:colcon.colcon_core.verb:set package 'serial' build argument 'cmake_target_skip_unavailable' from command line to 'False'
[1.584s] Level 5:colcon.colcon_core.verb:set package 'serial' build argument 'cmake_clean_cache' from command line to 'False'
[1.584s] Level 5:colcon.colcon_core.verb:set package 'serial' build argument 'cmake_clean_first' from command line to 'False'
[1.584s] Level 5:colcon.colcon_core.verb:set package 'serial' build argument 'cmake_force_configure' from command line to 'False'
[1.584s] Level 5:colcon.colcon_core.verb:set package 'serial' build argument 'ament_cmake_args' from command line to 'None'
[1.584s] Level 5:colcon.colcon_core.verb:set package 'serial' build argument 'catkin_cmake_args' from command line to 'None'
[1.584s] Level 5:colcon.colcon_core.verb:set package 'serial' build argument 'catkin_skip_building_tests' from command line to 'False'
[1.585s] DEBUG:colcon.colcon_core.verb:Building package 'serial' with the following arguments: {'ament_cmake_args': None, 'build_base': '/home/MKGL/quadro_ws/build/serial', 'catkin_cmake_args': None, 'catkin_skip_building_tests': False, 'cmake_args': None, 'cmake_clean_cache': False, 'cmake_clean_first': False, 'cmake_force_configure': False, 'cmake_target': None, 'cmake_target_skip_unavailable': False, 'install_base': '/home/MKGL/quadro_ws/install/serial', 'merge_install': False, 'path': '/home/MKGL/quadro_ws/src/serial', 'symlink_install': False, 'test_result_base': None}
[1.585s] INFO:colcon.colcon_core.executor:Executing jobs using 'parallel' executor
[1.588s] DEBUG:colcon.colcon_parallel_executor.executor.parallel:run_until_complete
[1.589s] INFO:colcon.colcon_ros.task.ament_cmake.build:Building ROS package in '/home/MKGL/quadro_ws/src/serial' with build type 'ament_cmake'
[1.590s] INFO:colcon.colcon_cmake.task.cmake.build:Building CMake package in '/home/MKGL/quadro_ws/src/serial'
[1.599s] INFO:colcon.colcon_core.plugin_system:Skipping extension 'colcon_core.shell.bat': Not used on non-Windows systems
[1.600s] INFO:colcon.colcon_core.shell:Skip shell extension 'powershell' for command environment: Not usable outside of PowerShell
[1.600s] DEBUG:colcon.colcon_core.shell:Skip shell extension 'dsv' for command environment
[1.650s] DEBUG:colcon.colcon_core.event_handler.log_command:Invoking command in '/home/MKGL/quadro_ws/build/serial': CMAKE_PREFIX_PATH=${CMAKE_PREFIX_PATH}:/opt/ros/jazzy DEBUGINFOD_URLS=https://debuginfod.ubuntu.com /usr/bin/cmake --build /home/MKGL/quadro_ws/build/serial -- -j4 -l4
[18.298s] DEBUG:colcon.colcon_core.event_handler.log_command:Invoked command in '/home/MKGL/quadro_ws/build/serial' returned '0': CMAKE_PREFIX_PATH=${CMAKE_PREFIX_PATH}:/opt/ros/jazzy DEBUGINFOD_URLS=https://debuginfod.ubuntu.com /usr/bin/cmake --build /home/MKGL/quadro_ws/build/serial -- -j4 -l4
[18.503s] DEBUG:colcon.colcon_core.event_handler.log_command:Invoking command in '/home/MKGL/quadro_ws/build/serial': CMAKE_PREFIX_PATH=${CMAKE_PREFIX_PATH}:/opt/ros/jazzy DEBUGINFOD_URLS=https://debuginfod.ubuntu.com /usr/bin/cmake --install /home/MKGL/quadro_ws/build/serial
[18.565s] Level 1:colcon.colcon_core.environment:create_environment_scripts_only(serial)
[18.567s] DEBUG:colcon.colcon_core.event_handler.log_command:Invoked command in '/home/MKGL/quadro_ws/build/serial' returned '0': CMAKE_PREFIX_PATH=${CMAKE_PREFIX_PATH}:/opt/ros/jazzy DEBUGINFOD_URLS=https://debuginfod.ubuntu.com /usr/bin/cmake --install /home/MKGL/quadro_ws/build/serial
[18.577s] Level 1:colcon.colcon_core.environment:checking '/home/MKGL/quadro_ws/install/serial' for CMake module files
[18.581s] Level 1:colcon.colcon_core.environment:checking '/home/MKGL/quadro_ws/install/serial' for CMake config files
[18.582s] Level 1:colcon.colcon_core.shell:create_environment_hook('serial', 'cmake_prefix_path')
[18.583s] INFO:colcon.colcon_core.shell:Creating environment hook '/home/MKGL/quadro_ws/install/serial/share/serial/hook/cmake_prefix_path.ps1'
[18.586s] INFO:colcon.colcon_core.shell:Creating environment descriptor '/home/MKGL/quadro_ws/install/serial/share/serial/hook/cmake_prefix_path.dsv'
[18.587s] INFO:colcon.colcon_core.shell:Creating environment hook '/home/MKGL/quadro_ws/install/serial/share/serial/hook/cmake_prefix_path.sh'
[18.591s] Level 1:colcon.colcon_core.environment:checking '/home/MKGL/quadro_ws/install/serial/lib'
[18.592s] Level 1:colcon.colcon_core.shell:create_environment_hook('serial', 'ld_library_path_lib')
[18.593s] INFO:colcon.colcon_core.shell:Creating environment hook '/home/MKGL/quadro_ws/install/serial/share/serial/hook/ld_library_path_lib.ps1'
[18.595s] INFO:colcon.colcon_core.shell:Creating environment descriptor '/home/MKGL/quadro_ws/install/serial/share/serial/hook/ld_library_path_lib.dsv'
[18.597s] INFO:colcon.colcon_core.shell:Creating environment hook '/home/MKGL/quadro_ws/install/serial/share/serial/hook/ld_library_path_lib.sh'
[18.599s] Level 1:colcon.colcon_core.environment:checking '/home/MKGL/quadro_ws/install/serial/bin'
[18.600s] Level 1:colcon.colcon_core.environment:checking '/home/MKGL/quadro_ws/install/serial/lib/pkgconfig/serial.pc'
[18.601s] Level 1:colcon.colcon_core.environment:checking '/home/MKGL/quadro_ws/install/serial/lib/python3.12/site-packages'
[18.601s] Level 1:colcon.colcon_core.environment:checking '/home/MKGL/quadro_ws/install/serial/bin'
[18.602s] INFO:colcon.colcon_core.shell:Creating package script '/home/MKGL/quadro_ws/install/serial/share/serial/package.ps1'
[18.605s] INFO:colcon.colcon_core.shell:Creating package descriptor '/home/MKGL/quadro_ws/install/serial/share/serial/package.dsv'
[18.608s] INFO:colcon.colcon_core.shell:Creating package script '/home/MKGL/quadro_ws/install/serial/share/serial/package.sh'
[18.611s] INFO:colcon.colcon_core.shell:Creating package script '/home/MKGL/quadro_ws/install/serial/share/serial/package.bash'
[18.613s] INFO:colcon.colcon_core.shell:Creating package script '/home/MKGL/quadro_ws/install/serial/share/serial/package.zsh'
[18.616s] Level 1:colcon.colcon_core.environment:create_file_with_runtime_dependencies(/home/MKGL/quadro_ws/install/serial/share/colcon-core/packages/serial)
[18.809s] Level 1:colcon.colcon_core.environment:create_environment_scripts_only(serial)
[18.810s] Level 1:colcon.colcon_core.environment:checking '/home/MKGL/quadro_ws/install/serial' for CMake module files
[18.815s] Level 1:colcon.colcon_core.environment:checking '/home/MKGL/quadro_ws/install/serial' for CMake config files
[18.817s] Level 1:colcon.colcon_core.shell:create_environment_hook('serial', 'cmake_prefix_path')
[18.818s] INFO:colcon.colcon_core.shell:Creating environment hook '/home/MKGL/quadro_ws/install/serial/share/serial/hook/cmake_prefix_path.ps1'
[18.821s] INFO:colcon.colcon_core.shell:Creating environment descriptor '/home/MKGL/quadro_ws/install/serial/share/serial/hook/cmake_prefix_path.dsv'
[18.825s] INFO:colcon.colcon_core.shell:Creating environment hook '/home/MKGL/quadro_ws/install/serial/share/serial/hook/cmake_prefix_path.sh'
[18.829s] Level 1:colcon.colcon_core.environment:checking '/home/MKGL/quadro_ws/install/serial/lib'
[18.829s] Level 1:colcon.colcon_core.shell:create_environment_hook('serial', 'ld_library_path_lib')
[18.831s] INFO:colcon.colcon_core.shell:Creating environment hook '/home/MKGL/quadro_ws/install/serial/share/serial/hook/ld_library_path_lib.ps1'
[18.834s] INFO:colcon.colcon_core.shell:Creating environment descriptor '/home/MKGL/quadro_ws/install/serial/share/serial/hook/ld_library_path_lib.dsv'
[18.838s] INFO:colcon.colcon_core.shell:Creating environment hook '/home/MKGL/quadro_ws/install/serial/share/serial/hook/ld_library_path_lib.sh'
[18.841s] Level 1:colcon.colcon_core.environment:checking '/home/MKGL/quadro_ws/install/serial/bin'
[18.841s] Level 1:colcon.colcon_core.environment:checking '/home/MKGL/quadro_ws/install/serial/lib/pkgconfig/serial.pc'
[18.842s] Level 1:colcon.colcon_core.environment:checking '/home/MKGL/quadro_ws/install/serial/lib/python3.12/site-packages'
[18.844s] Level 1:colcon.colcon_core.environment:checking '/home/MKGL/quadro_ws/install/serial/bin'
[18.846s] INFO:colcon.colcon_core.shell:Creating package script '/home/MKGL/quadro_ws/install/serial/share/serial/package.ps1'
[18.849s] INFO:colcon.colcon_core.shell:Creating package descriptor '/home/MKGL/quadro_ws/install/serial/share/serial/package.dsv'
[18.854s] INFO:colcon.colcon_core.shell:Creating package script '/home/MKGL/quadro_ws/install/serial/share/serial/package.sh'
[18.861s] INFO:colcon.colcon_core.shell:Creating package script '/home/MKGL/quadro_ws/install/serial/share/serial/package.bash'
[18.865s] INFO:colcon.colcon_core.shell:Creating package script '/home/MKGL/quadro_ws/install/serial/share/serial/package.zsh'
[18.868s] Level 1:colcon.colcon_core.environment:create_file_with_runtime_dependencies(/home/MKGL/quadro_ws/install/serial/share/colcon-core/packages/serial)
[18.870s] DEBUG:colcon.colcon_parallel_executor.executor.parallel:closing loop
[18.871s] DEBUG:colcon.colcon_parallel_executor.executor.parallel:loop closed
[18.872s] DEBUG:colcon.colcon_parallel_executor.executor.parallel:run_until_complete finished with '0'
[18.873s] DEBUG:colcon.colcon_core.event_reactor:joining thread
[18.920s] INFO:colcon.colcon_core.plugin_system:Skipping extension 'colcon_notification.desktop_notification.notify_send': Could not find 'notify-send'
[18.921s] INFO:colcon.colcon_core.plugin_system:Skipping extension 'colcon_notification.desktop_notification.terminal_notifier': Not used on non-Darwin systems
[18.922s] INFO:colcon.colcon_core.plugin_system:Skipping extension 'colcon_notification.desktop_notification.win32': Not used on non-Windows systems
[18.922s] INFO:colcon.colcon_notification.desktop_notification:Sending desktop notification using 'notify2'
[18.932s] DEBUG:colcon.colcon_notification.desktop_notification.notify2:Failed to initialize notify2: org.freedesktop.DBus.Error.ServiceUnknown: The name org.freedesktop.Notifications was not provided by any .service files
[18.934s] DEBUG:colcon.colcon_core.event_reactor:joined thread
[18.936s] INFO:colcon.colcon_core.shell:Creating prefix script '/home/MKGL/quadro_ws/install/local_setup.ps1'
[18.945s] INFO:colcon.colcon_core.shell:Creating prefix util module '/home/MKGL/quadro_ws/install/_local_setup_util_ps1.py'
[18.956s] INFO:colcon.colcon_core.shell:Creating prefix chain script '/home/MKGL/quadro_ws/install/setup.ps1'
[18.962s] INFO:colcon.colcon_core.shell:Creating prefix script '/home/MKGL/quadro_ws/install/local_setup.sh'
[18.964s] INFO:colcon.colcon_core.shell:Creating prefix util module '/home/MKGL/quadro_ws/install/_local_setup_util_sh.py'
[18.967s] INFO:colcon.colcon_core.shell:Creating prefix chain script '/home/MKGL/quadro_ws/install/setup.sh'
[18.970s] INFO:colcon.colcon_core.shell:Creating prefix script '/home/MKGL/quadro_ws/install/local_setup.bash'
[18.973s] INFO:colcon.colcon_core.shell:Creating prefix chain script '/home/MKGL/quadro_ws/install/setup.bash'
[18.977s] INFO:colcon.colcon_core.shell:Creating prefix script '/home/MKGL/quadro_ws/install/local_setup.zsh'
[18.979s] INFO:colcon.colcon_core.shell:Creating prefix chain script '/home/MKGL/quadro_ws/install/setup.zsh'
