[1.095s] DEBUG:colcon:Command line arguments: ['/usr/bin/colcon', 'build', '--symlink-install']
[1.095s] DEBUG:colcon:Parsed command line arguments: Namespace(log_base=None, log_level=None, verb_name='build', build_base='build', install_base='install', merge_install=False, symlink_install=True, test_result_base=None, continue_on_error=False, executor='parallel', parallel_workers=16, event_handlers=None, ignore_user_meta=False, metas=['./colcon.meta'], base_paths=['.'], packages_ignore=None, packages_ignore_regex=None, paths=None, packages_up_to=None, packages_up_to_regex=None, packages_above=None, packages_above_and_dependencies=None, packages_above_depth=None, packages_select_by_dep=None, packages_skip_by_dep=None, packages_skip_up_to=None, packages_select_build_failed=False, packages_skip_build_finished=False, packages_select_test_failures=False, packages_skip_test_passed=False, packages_select=None, packages_skip=None, packages_select_regex=None, packages_skip_regex=None, packages_start=None, packages_end=None, allow_overriding=[], cmake_args=None, cmake_target=None, cmake_target_skip_unavailable=False, cmake_clean_cache=False, cmake_clean_first=False, cmake_force_configure=False, ament_cmake_args=None, catkin_cmake_args=None, catkin_skip_building_tests=False, mixin_files=None, mixin=None, verb_parser=<colcon_mixin.mixin.mixin_argument.MixinArgumentDecorator object at 0x7fd8652512e0>, verb_extension=<colcon_core.verb.build.BuildVerb object at 0x7fd865382930>, main=<bound method BuildVerb.main of <colcon_core.verb.build.BuildVerb object at 0x7fd865382930>>, mixin_verb=('build',))
[1.245s] Level 1:colcon.colcon_core.package_discovery:discover_packages(colcon_meta) check parameters
[1.246s] Level 1:colcon.colcon_core.package_discovery:discover_packages(recursive) check parameters
[1.246s] Level 1:colcon.colcon_core.package_discovery:discover_packages(ignore) check parameters
[1.246s] Level 1:colcon.colcon_core.package_discovery:discover_packages(path) check parameters
[1.246s] Level 1:colcon.colcon_core.package_discovery:discover_packages(colcon_meta) discover
[1.246s] Level 1:colcon.colcon_core.package_discovery:discover_packages(recursive) discover
[1.246s] INFO:colcon.colcon_core.package_discovery:Crawling recursively for packages in '/home/ubuntu/quadro_ws'
[1.247s] Level 1:colcon.colcon_core.package_identification:_identify(.) by extensions ['ignore', 'ignore_ament_install']
[1.248s] Level 1:colcon.colcon_core.package_identification:_identify(.) by extension 'ignore'
[1.248s] Level 1:colcon.colcon_core.package_identification:_identify(.) by extension 'ignore_ament_install'
[1.248s] Level 1:colcon.colcon_core.package_identification:_identify(.) by extensions ['colcon_pkg']
[1.248s] Level 1:colcon.colcon_core.package_identification:_identify(.) by extension 'colcon_pkg'
[1.249s] Level 1:colcon.colcon_core.package_identification:_identify(.) by extensions ['colcon_meta']
[1.249s] Level 1:colcon.colcon_core.package_identification:_identify(.) by extension 'colcon_meta'
[1.249s] Level 1:colcon.colcon_core.package_identification:_identify(.) by extensions ['ros']
[1.249s] Level 1:colcon.colcon_core.package_identification:_identify(.) by extension 'ros'
[1.364s] Level 1:colcon.colcon_core.package_identification:_identify(.) by extensions ['cmake', 'python']
[1.365s] Level 1:colcon.colcon_core.package_identification:_identify(.) by extension 'cmake'
[1.365s] Level 1:colcon.colcon_core.package_identification:_identify(.) by extension 'python'
[1.365s] Level 1:colcon.colcon_core.package_identification:_identify(.) by extensions ['python_setup_py']
[1.365s] Level 1:colcon.colcon_core.package_identification:_identify(.) by extension 'python_setup_py'
[1.366s] Level 1:colcon.colcon_core.package_identification:_identify(build) by extensions ['ignore', 'ignore_ament_install']
[1.366s] Level 1:colcon.colcon_core.package_identification:_identify(build) by extension 'ignore'
[1.367s] Level 1:colcon.colcon_core.package_identification:_identify(build) ignored
[1.367s] Level 1:colcon.colcon_core.package_identification:_identify(install) by extensions ['ignore', 'ignore_ament_install']
[1.368s] Level 1:colcon.colcon_core.package_identification:_identify(install) by extension 'ignore'
[1.368s] Level 1:colcon.colcon_core.package_identification:_identify(install) ignored
[1.368s] Level 1:colcon.colcon_core.package_identification:_identify(log) by extensions ['ignore', 'ignore_ament_install']
[1.369s] Level 1:colcon.colcon_core.package_identification:_identify(log) by extension 'ignore'
[1.369s] Level 1:colcon.colcon_core.package_identification:_identify(log) ignored
[1.370s] Level 1:colcon.colcon_core.package_identification:_identify(src) by extensions ['ignore', 'ignore_ament_install']
[1.370s] Level 1:colcon.colcon_core.package_identification:_identify(src) by extension 'ignore'
[1.370s] Level 1:colcon.colcon_core.package_identification:_identify(src) by extension 'ignore_ament_install'
[1.371s] Level 1:colcon.colcon_core.package_identification:_identify(src) by extensions ['colcon_pkg']
[1.371s] Level 1:colcon.colcon_core.package_identification:_identify(src) by extension 'colcon_pkg'
[1.371s] Level 1:colcon.colcon_core.package_identification:_identify(src) by extensions ['colcon_meta']
[1.372s] Level 1:colcon.colcon_core.package_identification:_identify(src) by extension 'colcon_meta'
[1.372s] Level 1:colcon.colcon_core.package_identification:_identify(src) by extensions ['ros']
[1.372s] Level 1:colcon.colcon_core.package_identification:_identify(src) by extension 'ros'
[1.372s] Level 1:colcon.colcon_core.package_identification:_identify(src) by extensions ['cmake', 'python']
[1.373s] Level 1:colcon.colcon_core.package_identification:_identify(src) by extension 'cmake'
[1.373s] Level 1:colcon.colcon_core.package_identification:_identify(src) by extension 'python'
[1.373s] Level 1:colcon.colcon_core.package_identification:_identify(src) by extensions ['python_setup_py']
[1.374s] Level 1:colcon.colcon_core.package_identification:_identify(src) by extension 'python_setup_py'
[1.374s] Level 1:colcon.colcon_core.package_identification:_identify(src/dgz_keyboard) by extensions ['ignore', 'ignore_ament_install']
[1.375s] Level 1:colcon.colcon_core.package_identification:_identify(src/dgz_keyboard) by extension 'ignore'
[1.375s] Level 1:colcon.colcon_core.package_identification:_identify(src/dgz_keyboard) by extension 'ignore_ament_install'
[1.376s] Level 1:colcon.colcon_core.package_identification:_identify(src/dgz_keyboard) by extensions ['colcon_pkg']
[1.376s] Level 1:colcon.colcon_core.package_identification:_identify(src/dgz_keyboard) by extension 'colcon_pkg'
[1.376s] Level 1:colcon.colcon_core.package_identification:_identify(src/dgz_keyboard) by extensions ['colcon_meta']
[1.376s] Level 1:colcon.colcon_core.package_identification:_identify(src/dgz_keyboard) by extension 'colcon_meta'
[1.376s] Level 1:colcon.colcon_core.package_identification:_identify(src/dgz_keyboard) by extensions ['ros']
[1.377s] Level 1:colcon.colcon_core.package_identification:_identify(src/dgz_keyboard) by extension 'ros'
[1.387s] DEBUG:colcon.colcon_core.package_identification:Package 'src/dgz_keyboard' with type 'ros.ament_cmake' and name 'dgz_keyboard'
[1.387s] Level 1:colcon.colcon_core.package_identification:_identify(src/dgz_viewer) by extensions ['ignore', 'ignore_ament_install']
[1.388s] Level 1:colcon.colcon_core.package_identification:_identify(src/dgz_viewer) by extension 'ignore'
[1.388s] Level 1:colcon.colcon_core.package_identification:_identify(src/dgz_viewer) by extension 'ignore_ament_install'
[1.389s] Level 1:colcon.colcon_core.package_identification:_identify(src/dgz_viewer) by extensions ['colcon_pkg']
[1.389s] Level 1:colcon.colcon_core.package_identification:_identify(src/dgz_viewer) by extension 'colcon_pkg'
[1.389s] Level 1:colcon.colcon_core.package_identification:_identify(src/dgz_viewer) by extensions ['colcon_meta']
[1.389s] Level 1:colcon.colcon_core.package_identification:_identify(src/dgz_viewer) by extension 'colcon_meta'
[1.390s] Level 1:colcon.colcon_core.package_identification:_identify(src/dgz_viewer) by extensions ['ros']
[1.390s] Level 1:colcon.colcon_core.package_identification:_identify(src/dgz_viewer) by extension 'ros'
[1.395s] DEBUG:colcon.colcon_core.package_identification:Package 'src/dgz_viewer' with type 'ros.ament_cmake' and name 'dgz_viewer'
[1.396s] Level 1:colcon.colcon_core.package_identification:_identify(src/quadrobot_viewer) by extensions ['ignore', 'ignore_ament_install']
[1.396s] Level 1:colcon.colcon_core.package_identification:_identify(src/quadrobot_viewer) by extension 'ignore'
[1.397s] Level 1:colcon.colcon_core.package_identification:_identify(src/quadrobot_viewer) by extension 'ignore_ament_install'
[1.397s] Level 1:colcon.colcon_core.package_identification:_identify(src/quadrobot_viewer) by extensions ['colcon_pkg']
[1.397s] Level 1:colcon.colcon_core.package_identification:_identify(src/quadrobot_viewer) by extension 'colcon_pkg'
[1.397s] Level 1:colcon.colcon_core.package_identification:_identify(src/quadrobot_viewer) by extensions ['colcon_meta']
[1.397s] Level 1:colcon.colcon_core.package_identification:_identify(src/quadrobot_viewer) by extension 'colcon_meta'
[1.398s] Level 1:colcon.colcon_core.package_identification:_identify(src/quadrobot_viewer) by extensions ['ros']
[1.398s] Level 1:colcon.colcon_core.package_identification:_identify(src/quadrobot_viewer) by extension 'ros'
[1.403s] DEBUG:colcon.colcon_core.package_identification:Package 'src/quadrobot_viewer' with type 'ros.ament_cmake' and name 'quadrobot_viewer'
[1.403s] Level 1:colcon.colcon_core.package_identification:_identify(src/space_interfaces) by extensions ['ignore', 'ignore_ament_install']
[1.404s] Level 1:colcon.colcon_core.package_identification:_identify(src/space_interfaces) by extension 'ignore'
[1.404s] Level 1:colcon.colcon_core.package_identification:_identify(src/space_interfaces) by extension 'ignore_ament_install'
[1.404s] Level 1:colcon.colcon_core.package_identification:_identify(src/space_interfaces) by extensions ['colcon_pkg']
[1.404s] Level 1:colcon.colcon_core.package_identification:_identify(src/space_interfaces) by extension 'colcon_pkg'
[1.405s] Level 1:colcon.colcon_core.package_identification:_identify(src/space_interfaces) by extensions ['colcon_meta']
[1.405s] Level 1:colcon.colcon_core.package_identification:_identify(src/space_interfaces) by extension 'colcon_meta'
[1.405s] Level 1:colcon.colcon_core.package_identification:_identify(src/space_interfaces) by extensions ['ros']
[1.405s] Level 1:colcon.colcon_core.package_identification:_identify(src/space_interfaces) by extension 'ros'
[-1.081s] DEBUG:colcon.colcon_core.package_identification:Package 'src/space_interfaces' with type 'ros.ament_cmake' and name 'space_interfaces'
[-1.081s] Level 1:colcon.colcon_core.package_discovery:discover_packages(recursive) using defaults
[-1.080s] Level 1:colcon.colcon_core.package_discovery:discover_packages(ignore) discover
[-1.080s] Level 1:colcon.colcon_core.package_discovery:discover_packages(ignore) using defaults
[-1.080s] Level 1:colcon.colcon_core.package_discovery:discover_packages(path) discover
[-1.080s] Level 1:colcon.colcon_core.package_discovery:discover_packages(path) using defaults
[-1.009s] Level 1:colcon.colcon_core.package_discovery:discover_packages(prefix_path) check parameters
[-1.009s] Level 1:colcon.colcon_core.package_discovery:discover_packages(prefix_path) discover
[-1.005s] WARNING:colcon.colcon_ros.prefix_path.ament:The path '/home/ubuntu/quadro_ws/install/dgz_keyboard' in the environment variable AMENT_PREFIX_PATH doesn't exist
[-1.005s] WARNING:colcon.colcon_ros.prefix_path.ament:The path '/home/ubuntu/quadro_ws/install/space_interfaces' in the environment variable AMENT_PREFIX_PATH doesn't exist
[-1.005s] WARNING:colcon.colcon_ros.prefix_path.ament:The path '/home/ubuntu/quadro_ws/install/quadrobot_viewer' in the environment variable AMENT_PREFIX_PATH doesn't exist
[-1.004s] WARNING:colcon.colcon_ros.prefix_path.ament:The path '/home/ubuntu/quadro_ws/install/dgz_viewer' in the environment variable AMENT_PREFIX_PATH doesn't exist
[-1.004s] WARNING:colcon.colcon_ros.prefix_path.catkin:The path '/home/ubuntu/quadro_ws/install/dgz_keyboard' in the environment variable CMAKE_PREFIX_PATH doesn't exist
[-1.003s] WARNING:colcon.colcon_ros.prefix_path.catkin:The path '/home/ubuntu/quadro_ws/install/space_interfaces' in the environment variable CMAKE_PREFIX_PATH doesn't exist
[-1.002s] WARNING:colcon.colcon_ros.prefix_path.catkin:The path '/home/ubuntu/quadro_ws/install/quadrobot_viewer' in the environment variable CMAKE_PREFIX_PATH doesn't exist
[-1.002s] WARNING:colcon.colcon_ros.prefix_path.catkin:The path '/home/ubuntu/quadro_ws/install/dgz_viewer' in the environment variable CMAKE_PREFIX_PATH doesn't exist
[-0.998s] DEBUG:colcon.colcon_installed_package_information.package_discovery:Found 0 installed packages in /home/ubuntu/quadro_ws/install
[-0.992s] DEBUG:colcon.colcon_installed_package_information.package_discovery:Found 377 installed packages in /opt/ros/jazzy
[-0.985s] Level 1:colcon.colcon_core.package_discovery:discover_packages(prefix_path) using defaults
[-0.728s] Level 5:colcon.colcon_core.verb:set package 'dgz_viewer' build argument 'cmake_args' from command line to 'None'
[-0.728s] Level 5:colcon.colcon_core.verb:set package 'dgz_viewer' build argument 'cmake_target' from command line to 'None'
[-0.728s] Level 5:colcon.colcon_core.verb:set package 'dgz_viewer' build argument 'cmake_target_skip_unavailable' from command line to 'False'
[-0.728s] Level 5:colcon.colcon_core.verb:set package 'dgz_viewer' build argument 'cmake_clean_cache' from command line to 'False'
[-0.728s] Level 5:colcon.colcon_core.verb:set package 'dgz_viewer' build argument 'cmake_clean_first' from command line to 'False'
[-0.728s] Level 5:colcon.colcon_core.verb:set package 'dgz_viewer' build argument 'cmake_force_configure' from command line to 'False'
[-0.728s] Level 5:colcon.colcon_core.verb:set package 'dgz_viewer' build argument 'ament_cmake_args' from command line to 'None'
[-0.727s] Level 5:colcon.colcon_core.verb:set package 'dgz_viewer' build argument 'catkin_cmake_args' from command line to 'None'
[-0.727s] Level 5:colcon.colcon_core.verb:set package 'dgz_viewer' build argument 'catkin_skip_building_tests' from command line to 'False'
[-0.727s] DEBUG:colcon.colcon_core.verb:Building package 'dgz_viewer' with the following arguments: {'ament_cmake_args': None, 'build_base': '/home/ubuntu/quadro_ws/build/dgz_viewer', 'catkin_cmake_args': None, 'catkin_skip_building_tests': False, 'cmake_args': None, 'cmake_clean_cache': False, 'cmake_clean_first': False, 'cmake_force_configure': False, 'cmake_target': None, 'cmake_target_skip_unavailable': False, 'install_base': '/home/ubuntu/quadro_ws/install/dgz_viewer', 'merge_install': False, 'path': '/home/ubuntu/quadro_ws/src/dgz_viewer', 'symlink_install': True, 'test_result_base': None}
[-0.726s] Level 5:colcon.colcon_core.verb:set package 'quadrobot_viewer' build argument 'cmake_args' from command line to 'None'
[-0.726s] Level 5:colcon.colcon_core.verb:set package 'quadrobot_viewer' build argument 'cmake_target' from command line to 'None'
[-0.726s] Level 5:colcon.colcon_core.verb:set package 'quadrobot_viewer' build argument 'cmake_target_skip_unavailable' from command line to 'False'
[-0.726s] Level 5:colcon.colcon_core.verb:set package 'quadrobot_viewer' build argument 'cmake_clean_cache' from command line to 'False'
[-0.726s] Level 5:colcon.colcon_core.verb:set package 'quadrobot_viewer' build argument 'cmake_clean_first' from command line to 'False'
[-0.725s] Level 5:colcon.colcon_core.verb:set package 'quadrobot_viewer' build argument 'cmake_force_configure' from command line to 'False'
[-0.725s] Level 5:colcon.colcon_core.verb:set package 'quadrobot_viewer' build argument 'ament_cmake_args' from command line to 'None'
[-0.725s] Level 5:colcon.colcon_core.verb:set package 'quadrobot_viewer' build argument 'catkin_cmake_args' from command line to 'None'
[-0.725s] Level 5:colcon.colcon_core.verb:set package 'quadrobot_viewer' build argument 'catkin_skip_building_tests' from command line to 'False'
[-0.725s] DEBUG:colcon.colcon_core.verb:Building package 'quadrobot_viewer' with the following arguments: {'ament_cmake_args': None, 'build_base': '/home/ubuntu/quadro_ws/build/quadrobot_viewer', 'catkin_cmake_args': None, 'catkin_skip_building_tests': False, 'cmake_args': None, 'cmake_clean_cache': False, 'cmake_clean_first': False, 'cmake_force_configure': False, 'cmake_target': None, 'cmake_target_skip_unavailable': False, 'install_base': '/home/ubuntu/quadro_ws/install/quadrobot_viewer', 'merge_install': False, 'path': '/home/ubuntu/quadro_ws/src/quadrobot_viewer', 'symlink_install': True, 'test_result_base': None}
[-0.724s] Level 5:colcon.colcon_core.verb:set package 'space_interfaces' build argument 'cmake_args' from command line to 'None'
[-0.724s] Level 5:colcon.colcon_core.verb:set package 'space_interfaces' build argument 'cmake_target' from command line to 'None'
[-0.724s] Level 5:colcon.colcon_core.verb:set package 'space_interfaces' build argument 'cmake_target_skip_unavailable' from command line to 'False'
[-0.723s] Level 5:colcon.colcon_core.verb:set package 'space_interfaces' build argument 'cmake_clean_cache' from command line to 'False'
[-0.723s] Level 5:colcon.colcon_core.verb:set package 'space_interfaces' build argument 'cmake_clean_first' from command line to 'False'
[-0.723s] Level 5:colcon.colcon_core.verb:set package 'space_interfaces' build argument 'cmake_force_configure' from command line to 'False'
[-0.723s] Level 5:colcon.colcon_core.verb:set package 'space_interfaces' build argument 'ament_cmake_args' from command line to 'None'
[-0.723s] Level 5:colcon.colcon_core.verb:set package 'space_interfaces' build argument 'catkin_cmake_args' from command line to 'None'
[-0.723s] Level 5:colcon.colcon_core.verb:set package 'space_interfaces' build argument 'catkin_skip_building_tests' from command line to 'False'
[-0.723s] DEBUG:colcon.colcon_core.verb:Building package 'space_interfaces' with the following arguments: {'ament_cmake_args': None, 'build_base': '/home/ubuntu/quadro_ws/build/space_interfaces', 'catkin_cmake_args': None, 'catkin_skip_building_tests': False, 'cmake_args': None, 'cmake_clean_cache': False, 'cmake_clean_first': False, 'cmake_force_configure': False, 'cmake_target': None, 'cmake_target_skip_unavailable': False, 'install_base': '/home/ubuntu/quadro_ws/install/space_interfaces', 'merge_install': False, 'path': '/home/ubuntu/quadro_ws/src/space_interfaces', 'symlink_install': True, 'test_result_base': None}
[-0.722s] Level 5:colcon.colcon_core.verb:set package 'dgz_keyboard' build argument 'cmake_args' from command line to 'None'
[-0.721s] Level 5:colcon.colcon_core.verb:set package 'dgz_keyboard' build argument 'cmake_target' from command line to 'None'
[-0.721s] Level 5:colcon.colcon_core.verb:set package 'dgz_keyboard' build argument 'cmake_target_skip_unavailable' from command line to 'False'
[-0.721s] Level 5:colcon.colcon_core.verb:set package 'dgz_keyboard' build argument 'cmake_clean_cache' from command line to 'False'
[-0.721s] Level 5:colcon.colcon_core.verb:set package 'dgz_keyboard' build argument 'cmake_clean_first' from command line to 'False'
[-0.721s] Level 5:colcon.colcon_core.verb:set package 'dgz_keyboard' build argument 'cmake_force_configure' from command line to 'False'
[-0.721s] Level 5:colcon.colcon_core.verb:set package 'dgz_keyboard' build argument 'ament_cmake_args' from command line to 'None'
[-0.721s] Level 5:colcon.colcon_core.verb:set package 'dgz_keyboard' build argument 'catkin_cmake_args' from command line to 'None'
[-0.721s] Level 5:colcon.colcon_core.verb:set package 'dgz_keyboard' build argument 'catkin_skip_building_tests' from command line to 'False'
[-0.721s] DEBUG:colcon.colcon_core.verb:Building package 'dgz_keyboard' with the following arguments: {'ament_cmake_args': None, 'build_base': '/home/ubuntu/quadro_ws/build/dgz_keyboard', 'catkin_cmake_args': None, 'catkin_skip_building_tests': False, 'cmake_args': None, 'cmake_clean_cache': False, 'cmake_clean_first': False, 'cmake_force_configure': False, 'cmake_target': None, 'cmake_target_skip_unavailable': False, 'install_base': '/home/ubuntu/quadro_ws/install/dgz_keyboard', 'merge_install': False, 'path': '/home/ubuntu/quadro_ws/src/dgz_keyboard', 'symlink_install': True, 'test_result_base': None}
[-0.720s] INFO:colcon.colcon_core.executor:Executing jobs using 'parallel' executor
[-0.714s] DEBUG:colcon.colcon_parallel_executor.executor.parallel:run_until_complete
[-0.713s] INFO:colcon.colcon_ros.task.ament_cmake.build:Building ROS package in '/home/ubuntu/quadro_ws/src/space_interfaces' with build type 'ament_cmake'
[-0.712s] INFO:colcon.colcon_cmake.task.cmake.build:Building CMake package in '/home/ubuntu/quadro_ws/src/space_interfaces'
[-0.704s] INFO:colcon.colcon_core.plugin_system:Skipping extension 'colcon_core.shell.bat': Not used on non-Windows systems
[-0.703s] INFO:colcon.colcon_core.shell:Skip shell extension 'powershell' for command environment: Not usable outside of PowerShell
[-0.703s] DEBUG:colcon.colcon_core.shell:Skip shell extension 'dsv' for command environment
[-0.689s] INFO:colcon.colcon_ros.task.ament_cmake.build:Building ROS package in '/home/ubuntu/quadro_ws/src/dgz_viewer' with build type 'ament_cmake'
[-0.688s] INFO:colcon.colcon_cmake.task.cmake.build:Building CMake package in '/home/ubuntu/quadro_ws/src/dgz_viewer'
[-0.688s] INFO:colcon.colcon_core.shell:Skip shell extension 'powershell' for command environment: Not usable outside of PowerShell
[-0.687s] DEBUG:colcon.colcon_core.shell:Skip shell extension 'dsv' for command environment
[-0.672s] INFO:colcon.colcon_ros.task.ament_cmake.build:Building ROS package in '/home/ubuntu/quadro_ws/src/quadrobot_viewer' with build type 'ament_cmake'
[-0.671s] INFO:colcon.colcon_cmake.task.cmake.build:Building CMake package in '/home/ubuntu/quadro_ws/src/quadrobot_viewer'
[-0.670s] INFO:colcon.colcon_core.shell:Skip shell extension 'powershell' for command environment: Not usable outside of PowerShell
[-0.670s] DEBUG:colcon.colcon_core.shell:Skip shell extension 'dsv' for command environment
[-0.641s] DEBUG:colcon.colcon_core.event_handler.log_command:Invoking command in '/home/ubuntu/quadro_ws/build/space_interfaces': CMAKE_PREFIX_PATH=${CMAKE_PREFIX_PATH}:/opt/ros/jazzy /usr/bin/cmake /home/ubuntu/quadro_ws/src/space_interfaces -DAMENT_CMAKE_SYMLINK_INSTALL=1 -DCMAKE_INSTALL_PREFIX=/home/ubuntu/quadro_ws/install/space_interfaces
[-0.630s] DEBUG:colcon.colcon_core.event_handler.log_command:Invoking command in '/home/ubuntu/quadro_ws/build/dgz_viewer': CMAKE_PREFIX_PATH=${CMAKE_PREFIX_PATH}:/opt/ros/jazzy /usr/bin/cmake /home/ubuntu/quadro_ws/src/dgz_viewer -DAMENT_CMAKE_SYMLINK_INSTALL=1 -DCMAKE_INSTALL_PREFIX=/home/ubuntu/quadro_ws/install/dgz_viewer
[-0.611s] DEBUG:colcon.colcon_core.event_handler.log_command:Invoking command in '/home/ubuntu/quadro_ws/build/quadrobot_viewer': CMAKE_PREFIX_PATH=${CMAKE_PREFIX_PATH}:/opt/ros/jazzy /usr/bin/cmake /home/ubuntu/quadro_ws/src/quadrobot_viewer -DAMENT_CMAKE_SYMLINK_INSTALL=1 -DCMAKE_INSTALL_PREFIX=/home/ubuntu/quadro_ws/install/quadrobot_viewer
[17.285s] DEBUG:colcon.colcon_core.event_handler.log_command:Invoked command in '/home/ubuntu/quadro_ws/build/dgz_viewer' returned '0': CMAKE_PREFIX_PATH=${CMAKE_PREFIX_PATH}:/opt/ros/jazzy /usr/bin/cmake /home/ubuntu/quadro_ws/src/dgz_viewer -DAMENT_CMAKE_SYMLINK_INSTALL=1 -DCMAKE_INSTALL_PREFIX=/home/ubuntu/quadro_ws/install/dgz_viewer
[17.287s] DEBUG:colcon.colcon_core.event_handler.log_command:Invoking command in '/home/ubuntu/quadro_ws/build/dgz_viewer': CMAKE_PREFIX_PATH=${CMAKE_PREFIX_PATH}:/opt/ros/jazzy /usr/bin/cmake --build /home/ubuntu/quadro_ws/build/dgz_viewer -- -j16 -l16
[17.405s] DEBUG:colcon.colcon_core.event_handler.log_command:Invoked command in '/home/ubuntu/quadro_ws/build/dgz_viewer' returned '0': CMAKE_PREFIX_PATH=${CMAKE_PREFIX_PATH}:/opt/ros/jazzy /usr/bin/cmake --build /home/ubuntu/quadro_ws/build/dgz_viewer -- -j16 -l16
[17.513s] DEBUG:colcon.colcon_core.event_handler.log_command:Invoking command in '/home/ubuntu/quadro_ws/build/dgz_viewer': CMAKE_PREFIX_PATH=${CMAKE_PREFIX_PATH}:/opt/ros/jazzy /usr/bin/cmake --install /home/ubuntu/quadro_ws/build/dgz_viewer
[17.854s] DEBUG:colcon.colcon_core.event_handler.log_command:Invoked command in '/home/ubuntu/quadro_ws/build/quadrobot_viewer' returned '0': CMAKE_PREFIX_PATH=${CMAKE_PREFIX_PATH}:/opt/ros/jazzy /usr/bin/cmake /home/ubuntu/quadro_ws/src/quadrobot_viewer -DAMENT_CMAKE_SYMLINK_INSTALL=1 -DCMAKE_INSTALL_PREFIX=/home/ubuntu/quadro_ws/install/quadrobot_viewer
[17.860s] DEBUG:colcon.colcon_core.event_handler.log_command:Invoking command in '/home/ubuntu/quadro_ws/build/quadrobot_viewer': CMAKE_PREFIX_PATH=${CMAKE_PREFIX_PATH}:/opt/ros/jazzy /usr/bin/cmake --build /home/ubuntu/quadro_ws/build/quadrobot_viewer -- -j16 -l16
[17.987s] DEBUG:colcon.colcon_core.event_handler.log_command:Invoked command in '/home/ubuntu/quadro_ws/build/quadrobot_viewer' returned '0': CMAKE_PREFIX_PATH=${CMAKE_PREFIX_PATH}:/opt/ros/jazzy /usr/bin/cmake --build /home/ubuntu/quadro_ws/build/quadrobot_viewer -- -j16 -l16
[18.064s] DEBUG:colcon.colcon_core.event_handler.log_command:Invoking command in '/home/ubuntu/quadro_ws/build/quadrobot_viewer': CMAKE_PREFIX_PATH=${CMAKE_PREFIX_PATH}:/opt/ros/jazzy /usr/bin/cmake --install /home/ubuntu/quadro_ws/build/quadrobot_viewer
[19.331s] Level 1:colcon.colcon_core.environment:create_environment_scripts_only(quadrobot_viewer)
[19.334s] DEBUG:colcon.colcon_core.event_handler.log_command:Invoked command in '/home/ubuntu/quadro_ws/build/quadrobot_viewer' returned '0': CMAKE_PREFIX_PATH=${CMAKE_PREFIX_PATH}:/opt/ros/jazzy /usr/bin/cmake --install /home/ubuntu/quadro_ws/build/quadrobot_viewer
[19.346s] Level 1:colcon.colcon_core.environment:checking '/home/ubuntu/quadro_ws/install/quadrobot_viewer' for CMake module files
[19.350s] Level 1:colcon.colcon_core.environment:checking '/home/ubuntu/quadro_ws/install/quadrobot_viewer' for CMake config files
[19.352s] Level 1:colcon.colcon_core.shell:create_environment_hook('quadrobot_viewer', 'cmake_prefix_path')
[19.353s] INFO:colcon.colcon_core.shell:Creating environment hook '/home/ubuntu/quadro_ws/install/quadrobot_viewer/share/quadrobot_viewer/hook/cmake_prefix_path.ps1'
[19.356s] INFO:colcon.colcon_core.shell:Creating environment descriptor '/home/ubuntu/quadro_ws/install/quadrobot_viewer/share/quadrobot_viewer/hook/cmake_prefix_path.dsv'
[19.358s] INFO:colcon.colcon_core.shell:Creating environment hook '/home/ubuntu/quadro_ws/install/quadrobot_viewer/share/quadrobot_viewer/hook/cmake_prefix_path.sh'
[19.366s] Level 1:colcon.colcon_core.environment:checking '/home/ubuntu/quadro_ws/install/quadrobot_viewer/bin'
[19.367s] Level 1:colcon.colcon_core.environment:checking '/home/ubuntu/quadro_ws/install/quadrobot_viewer/lib/pkgconfig/quadrobot_viewer.pc'
[19.369s] Level 1:colcon.colcon_core.environment:checking '/home/ubuntu/quadro_ws/install/quadrobot_viewer/lib/python3.12/site-packages'
[19.371s] Level 1:colcon.colcon_core.environment:checking '/home/ubuntu/quadro_ws/install/quadrobot_viewer/bin'
[19.372s] INFO:colcon.colcon_core.shell:Creating package script '/home/ubuntu/quadro_ws/install/quadrobot_viewer/share/quadrobot_viewer/package.ps1'
[19.376s] INFO:colcon.colcon_core.shell:Creating package descriptor '/home/ubuntu/quadro_ws/install/quadrobot_viewer/share/quadrobot_viewer/package.dsv'
[19.379s] INFO:colcon.colcon_core.shell:Creating package script '/home/ubuntu/quadro_ws/install/quadrobot_viewer/share/quadrobot_viewer/package.sh'
[19.383s] INFO:colcon.colcon_core.shell:Creating package script '/home/ubuntu/quadro_ws/install/quadrobot_viewer/share/quadrobot_viewer/package.bash'
[19.388s] INFO:colcon.colcon_core.shell:Creating package script '/home/ubuntu/quadro_ws/install/quadrobot_viewer/share/quadrobot_viewer/package.zsh'
[19.391s] Level 1:colcon.colcon_core.environment:create_file_with_runtime_dependencies(/home/ubuntu/quadro_ws/install/quadrobot_viewer/share/colcon-core/packages/quadrobot_viewer)
[19.483s] Level 1:colcon.colcon_core.environment:create_environment_scripts_only(quadrobot_viewer)
[19.483s] Level 1:colcon.colcon_core.environment:checking '/home/ubuntu/quadro_ws/install/quadrobot_viewer' for CMake module files
[19.485s] Level 1:colcon.colcon_core.environment:checking '/home/ubuntu/quadro_ws/install/quadrobot_viewer' for CMake config files
[19.487s] Level 1:colcon.colcon_core.shell:create_environment_hook('quadrobot_viewer', 'cmake_prefix_path')
[19.487s] INFO:colcon.colcon_core.shell:Creating environment hook '/home/ubuntu/quadro_ws/install/quadrobot_viewer/share/quadrobot_viewer/hook/cmake_prefix_path.ps1'
[19.489s] INFO:colcon.colcon_core.shell:Creating environment descriptor '/home/ubuntu/quadro_ws/install/quadrobot_viewer/share/quadrobot_viewer/hook/cmake_prefix_path.dsv'
[19.491s] INFO:colcon.colcon_core.shell:Creating environment hook '/home/ubuntu/quadro_ws/install/quadrobot_viewer/share/quadrobot_viewer/hook/cmake_prefix_path.sh'
[19.494s] Level 1:colcon.colcon_core.environment:checking '/home/ubuntu/quadro_ws/install/quadrobot_viewer/bin'
[19.495s] Level 1:colcon.colcon_core.environment:checking '/home/ubuntu/quadro_ws/install/quadrobot_viewer/lib/pkgconfig/quadrobot_viewer.pc'
[19.496s] Level 1:colcon.colcon_core.environment:checking '/home/ubuntu/quadro_ws/install/quadrobot_viewer/lib/python3.12/site-packages'
[19.498s] Level 1:colcon.colcon_core.environment:checking '/home/ubuntu/quadro_ws/install/quadrobot_viewer/bin'
[19.499s] INFO:colcon.colcon_core.shell:Creating package script '/home/ubuntu/quadro_ws/install/quadrobot_viewer/share/quadrobot_viewer/package.ps1'
[19.501s] INFO:colcon.colcon_core.shell:Creating package descriptor '/home/ubuntu/quadro_ws/install/quadrobot_viewer/share/quadrobot_viewer/package.dsv'
[19.503s] INFO:colcon.colcon_core.shell:Creating package script '/home/ubuntu/quadro_ws/install/quadrobot_viewer/share/quadrobot_viewer/package.sh'
[19.505s] INFO:colcon.colcon_core.shell:Creating package script '/home/ubuntu/quadro_ws/install/quadrobot_viewer/share/quadrobot_viewer/package.bash'
[19.506s] INFO:colcon.colcon_core.shell:Creating package script '/home/ubuntu/quadro_ws/install/quadrobot_viewer/share/quadrobot_viewer/package.zsh'
[19.508s] Level 1:colcon.colcon_core.environment:create_file_with_runtime_dependencies(/home/ubuntu/quadro_ws/install/quadrobot_viewer/share/colcon-core/packages/quadrobot_viewer)
[19.516s] Level 1:colcon.colcon_core.environment:create_environment_scripts_only(dgz_viewer)
[19.517s] Level 1:colcon.colcon_core.environment:checking '/home/ubuntu/quadro_ws/install/dgz_viewer' for CMake module files
[19.519s] DEBUG:colcon.colcon_core.event_handler.log_command:Invoked command in '/home/ubuntu/quadro_ws/build/dgz_viewer' returned '0': CMAKE_PREFIX_PATH=${CMAKE_PREFIX_PATH}:/opt/ros/jazzy /usr/bin/cmake --install /home/ubuntu/quadro_ws/build/dgz_viewer
[19.520s] Level 1:colcon.colcon_core.environment:checking '/home/ubuntu/quadro_ws/install/dgz_viewer' for CMake config files
[19.521s] Level 1:colcon.colcon_core.shell:create_environment_hook('dgz_viewer', 'cmake_prefix_path')
[19.521s] INFO:colcon.colcon_core.shell:Creating environment hook '/home/ubuntu/quadro_ws/install/dgz_viewer/share/dgz_viewer/hook/cmake_prefix_path.ps1'
[19.523s] INFO:colcon.colcon_core.shell:Creating environment descriptor '/home/ubuntu/quadro_ws/install/dgz_viewer/share/dgz_viewer/hook/cmake_prefix_path.dsv'
[19.524s] INFO:colcon.colcon_core.shell:Creating environment hook '/home/ubuntu/quadro_ws/install/dgz_viewer/share/dgz_viewer/hook/cmake_prefix_path.sh'
[19.526s] Level 1:colcon.colcon_core.environment:checking '/home/ubuntu/quadro_ws/install/dgz_viewer/bin'
[19.527s] Level 1:colcon.colcon_core.environment:checking '/home/ubuntu/quadro_ws/install/dgz_viewer/lib/pkgconfig/dgz_viewer.pc'
[19.528s] Level 1:colcon.colcon_core.environment:checking '/home/ubuntu/quadro_ws/install/dgz_viewer/lib/python3.12/site-packages'
[19.529s] Level 1:colcon.colcon_core.environment:checking '/home/ubuntu/quadro_ws/install/dgz_viewer/bin'
[19.530s] INFO:colcon.colcon_core.shell:Creating package script '/home/ubuntu/quadro_ws/install/dgz_viewer/share/dgz_viewer/package.ps1'
[19.531s] INFO:colcon.colcon_core.shell:Creating package descriptor '/home/ubuntu/quadro_ws/install/dgz_viewer/share/dgz_viewer/package.dsv'
[19.533s] INFO:colcon.colcon_core.shell:Creating package script '/home/ubuntu/quadro_ws/install/dgz_viewer/share/dgz_viewer/package.sh'
[19.534s] INFO:colcon.colcon_core.shell:Creating package script '/home/ubuntu/quadro_ws/install/dgz_viewer/share/dgz_viewer/package.bash'
[19.535s] INFO:colcon.colcon_core.shell:Creating package script '/home/ubuntu/quadro_ws/install/dgz_viewer/share/dgz_viewer/package.zsh'
[19.537s] Level 1:colcon.colcon_core.environment:create_file_with_runtime_dependencies(/home/ubuntu/quadro_ws/install/dgz_viewer/share/colcon-core/packages/dgz_viewer)
[19.619s] Level 1:colcon.colcon_core.environment:create_environment_scripts_only(dgz_viewer)
[19.621s] Level 1:colcon.colcon_core.environment:checking '/home/ubuntu/quadro_ws/install/dgz_viewer' for CMake module files
[19.623s] Level 1:colcon.colcon_core.environment:checking '/home/ubuntu/quadro_ws/install/dgz_viewer' for CMake config files
[19.624s] Level 1:colcon.colcon_core.shell:create_environment_hook('dgz_viewer', 'cmake_prefix_path')
[19.625s] INFO:colcon.colcon_core.shell:Creating environment hook '/home/ubuntu/quadro_ws/install/dgz_viewer/share/dgz_viewer/hook/cmake_prefix_path.ps1'
[19.627s] INFO:colcon.colcon_core.shell:Creating environment descriptor '/home/ubuntu/quadro_ws/install/dgz_viewer/share/dgz_viewer/hook/cmake_prefix_path.dsv'
[19.630s] INFO:colcon.colcon_core.shell:Creating environment hook '/home/ubuntu/quadro_ws/install/dgz_viewer/share/dgz_viewer/hook/cmake_prefix_path.sh'
[19.632s] Level 1:colcon.colcon_core.environment:checking '/home/ubuntu/quadro_ws/install/dgz_viewer/bin'
[19.632s] Level 1:colcon.colcon_core.environment:checking '/home/ubuntu/quadro_ws/install/dgz_viewer/lib/pkgconfig/dgz_viewer.pc'
[19.633s] Level 1:colcon.colcon_core.environment:checking '/home/ubuntu/quadro_ws/install/dgz_viewer/lib/python3.12/site-packages'
[19.634s] Level 1:colcon.colcon_core.environment:checking '/home/ubuntu/quadro_ws/install/dgz_viewer/bin'
[19.634s] INFO:colcon.colcon_core.shell:Creating package script '/home/ubuntu/quadro_ws/install/dgz_viewer/share/dgz_viewer/package.ps1'
[19.636s] INFO:colcon.colcon_core.shell:Creating package descriptor '/home/ubuntu/quadro_ws/install/dgz_viewer/share/dgz_viewer/package.dsv'
[19.638s] INFO:colcon.colcon_core.shell:Creating package script '/home/ubuntu/quadro_ws/install/dgz_viewer/share/dgz_viewer/package.sh'
[19.640s] INFO:colcon.colcon_core.shell:Creating package script '/home/ubuntu/quadro_ws/install/dgz_viewer/share/dgz_viewer/package.bash'
[19.641s] INFO:colcon.colcon_core.shell:Creating package script '/home/ubuntu/quadro_ws/install/dgz_viewer/share/dgz_viewer/package.zsh'
[19.643s] Level 1:colcon.colcon_core.environment:create_file_with_runtime_dependencies(/home/ubuntu/quadro_ws/install/dgz_viewer/share/colcon-core/packages/dgz_viewer)
[26.029s] DEBUG:colcon.colcon_core.event_handler.log_command:Invoked command in '/home/ubuntu/quadro_ws/build/space_interfaces' returned '0': CMAKE_PREFIX_PATH=${CMAKE_PREFIX_PATH}:/opt/ros/jazzy /usr/bin/cmake /home/ubuntu/quadro_ws/src/space_interfaces -DAMENT_CMAKE_SYMLINK_INSTALL=1 -DCMAKE_INSTALL_PREFIX=/home/ubuntu/quadro_ws/install/space_interfaces
[26.031s] DEBUG:colcon.colcon_core.event_handler.log_command:Invoking command in '/home/ubuntu/quadro_ws/build/space_interfaces': CMAKE_PREFIX_PATH=${CMAKE_PREFIX_PATH}:/opt/ros/jazzy /usr/bin/cmake --build /home/ubuntu/quadro_ws/build/space_interfaces -- -j16 -l16
[33.790s] DEBUG:colcon.colcon_core.event_handler.log_command:Invoked command in '/home/ubuntu/quadro_ws/build/space_interfaces' returned '0': CMAKE_PREFIX_PATH=${CMAKE_PREFIX_PATH}:/opt/ros/jazzy /usr/bin/cmake --build /home/ubuntu/quadro_ws/build/space_interfaces -- -j16 -l16
[33.957s] DEBUG:colcon.colcon_core.event_handler.log_command:Invoking command in '/home/ubuntu/quadro_ws/build/space_interfaces': CMAKE_PREFIX_PATH=${CMAKE_PREFIX_PATH}:/opt/ros/jazzy /usr/bin/cmake --install /home/ubuntu/quadro_ws/build/space_interfaces
[35.497s] Level 1:colcon.colcon_core.environment:create_environment_scripts_only(space_interfaces)
[35.498s] Level 1:colcon.colcon_core.environment:checking '/home/ubuntu/quadro_ws/install/space_interfaces' for CMake module files
[35.501s] DEBUG:colcon.colcon_core.event_handler.log_command:Invoked command in '/home/ubuntu/quadro_ws/build/space_interfaces' returned '0': CMAKE_PREFIX_PATH=${CMAKE_PREFIX_PATH}:/opt/ros/jazzy /usr/bin/cmake --install /home/ubuntu/quadro_ws/build/space_interfaces
[35.503s] Level 1:colcon.colcon_core.environment:checking '/home/ubuntu/quadro_ws/install/space_interfaces' for CMake config files
[35.504s] Level 1:colcon.colcon_core.shell:create_environment_hook('space_interfaces', 'cmake_prefix_path')
[35.505s] INFO:colcon.colcon_core.shell:Creating environment hook '/home/ubuntu/quadro_ws/install/space_interfaces/share/space_interfaces/hook/cmake_prefix_path.ps1'
[35.507s] INFO:colcon.colcon_core.shell:Creating environment descriptor '/home/ubuntu/quadro_ws/install/space_interfaces/share/space_interfaces/hook/cmake_prefix_path.dsv'
[35.509s] INFO:colcon.colcon_core.shell:Creating environment hook '/home/ubuntu/quadro_ws/install/space_interfaces/share/space_interfaces/hook/cmake_prefix_path.sh'
[35.511s] Level 1:colcon.colcon_core.environment:checking '/home/ubuntu/quadro_ws/install/space_interfaces/lib'
[35.511s] Level 1:colcon.colcon_core.shell:create_environment_hook('space_interfaces', 'ld_library_path_lib')
[35.512s] INFO:colcon.colcon_core.shell:Creating environment hook '/home/ubuntu/quadro_ws/install/space_interfaces/share/space_interfaces/hook/ld_library_path_lib.ps1'
[35.513s] INFO:colcon.colcon_core.shell:Creating environment descriptor '/home/ubuntu/quadro_ws/install/space_interfaces/share/space_interfaces/hook/ld_library_path_lib.dsv'
[35.515s] INFO:colcon.colcon_core.shell:Creating environment hook '/home/ubuntu/quadro_ws/install/space_interfaces/share/space_interfaces/hook/ld_library_path_lib.sh'
[35.516s] Level 1:colcon.colcon_core.environment:checking '/home/ubuntu/quadro_ws/install/space_interfaces/bin'
[35.517s] Level 1:colcon.colcon_core.environment:checking '/home/ubuntu/quadro_ws/install/space_interfaces/lib/pkgconfig/space_interfaces.pc'
[35.518s] Level 1:colcon.colcon_core.environment:checking '/home/ubuntu/quadro_ws/install/space_interfaces/lib/python3.12/site-packages'
[35.518s] Level 1:colcon.colcon_core.shell:create_environment_hook('space_interfaces', 'pythonpath')
[35.519s] INFO:colcon.colcon_core.shell:Creating environment hook '/home/ubuntu/quadro_ws/install/space_interfaces/share/space_interfaces/hook/pythonpath.ps1'
[35.520s] INFO:colcon.colcon_core.shell:Creating environment descriptor '/home/ubuntu/quadro_ws/install/space_interfaces/share/space_interfaces/hook/pythonpath.dsv'
[35.522s] INFO:colcon.colcon_core.shell:Creating environment hook '/home/ubuntu/quadro_ws/install/space_interfaces/share/space_interfaces/hook/pythonpath.sh'
[35.524s] Level 1:colcon.colcon_core.environment:checking '/home/ubuntu/quadro_ws/install/space_interfaces/bin'
[35.525s] INFO:colcon.colcon_core.shell:Creating package script '/home/ubuntu/quadro_ws/install/space_interfaces/share/space_interfaces/package.ps1'
[35.526s] INFO:colcon.colcon_core.shell:Creating package descriptor '/home/ubuntu/quadro_ws/install/space_interfaces/share/space_interfaces/package.dsv'
[35.528s] INFO:colcon.colcon_core.shell:Creating package script '/home/ubuntu/quadro_ws/install/space_interfaces/share/space_interfaces/package.sh'
[35.530s] INFO:colcon.colcon_core.shell:Creating package script '/home/ubuntu/quadro_ws/install/space_interfaces/share/space_interfaces/package.bash'
[35.531s] INFO:colcon.colcon_core.shell:Creating package script '/home/ubuntu/quadro_ws/install/space_interfaces/share/space_interfaces/package.zsh'
[35.532s] Level 1:colcon.colcon_core.environment:create_file_with_runtime_dependencies(/home/ubuntu/quadro_ws/install/space_interfaces/share/colcon-core/packages/space_interfaces)
[35.739s] Level 1:colcon.colcon_core.environment:create_environment_scripts_only(space_interfaces)
[35.740s] Level 1:colcon.colcon_core.environment:checking '/home/ubuntu/quadro_ws/install/space_interfaces' for CMake module files
[35.742s] Level 1:colcon.colcon_core.environment:checking '/home/ubuntu/quadro_ws/install/space_interfaces' for CMake config files
[35.744s] Level 1:colcon.colcon_core.shell:create_environment_hook('space_interfaces', 'cmake_prefix_path')
[35.744s] INFO:colcon.colcon_core.shell:Creating environment hook '/home/ubuntu/quadro_ws/install/space_interfaces/share/space_interfaces/hook/cmake_prefix_path.ps1'
[35.746s] INFO:colcon.colcon_core.shell:Creating environment descriptor '/home/ubuntu/quadro_ws/install/space_interfaces/share/space_interfaces/hook/cmake_prefix_path.dsv'
[35.748s] INFO:colcon.colcon_core.shell:Creating environment hook '/home/ubuntu/quadro_ws/install/space_interfaces/share/space_interfaces/hook/cmake_prefix_path.sh'
[35.751s] Level 1:colcon.colcon_core.environment:checking '/home/ubuntu/quadro_ws/install/space_interfaces/lib'
[35.751s] Level 1:colcon.colcon_core.shell:create_environment_hook('space_interfaces', 'ld_library_path_lib')
[35.752s] INFO:colcon.colcon_core.shell:Creating environment hook '/home/ubuntu/quadro_ws/install/space_interfaces/share/space_interfaces/hook/ld_library_path_lib.ps1'
[35.754s] INFO:colcon.colcon_core.shell:Creating environment descriptor '/home/ubuntu/quadro_ws/install/space_interfaces/share/space_interfaces/hook/ld_library_path_lib.dsv'
[35.756s] INFO:colcon.colcon_core.shell:Creating environment hook '/home/ubuntu/quadro_ws/install/space_interfaces/share/space_interfaces/hook/ld_library_path_lib.sh'
[35.758s] Level 1:colcon.colcon_core.environment:checking '/home/ubuntu/quadro_ws/install/space_interfaces/bin'
[35.758s] Level 1:colcon.colcon_core.environment:checking '/home/ubuntu/quadro_ws/install/space_interfaces/lib/pkgconfig/space_interfaces.pc'
[35.759s] Level 1:colcon.colcon_core.environment:checking '/home/ubuntu/quadro_ws/install/space_interfaces/lib/python3.12/site-packages'
[35.760s] Level 1:colcon.colcon_core.shell:create_environment_hook('space_interfaces', 'pythonpath')
[35.760s] INFO:colcon.colcon_core.shell:Creating environment hook '/home/ubuntu/quadro_ws/install/space_interfaces/share/space_interfaces/hook/pythonpath.ps1'
[35.762s] INFO:colcon.colcon_core.shell:Creating environment descriptor '/home/ubuntu/quadro_ws/install/space_interfaces/share/space_interfaces/hook/pythonpath.dsv'
[35.763s] INFO:colcon.colcon_core.shell:Creating environment hook '/home/ubuntu/quadro_ws/install/space_interfaces/share/space_interfaces/hook/pythonpath.sh'
[35.766s] Level 1:colcon.colcon_core.environment:checking '/home/ubuntu/quadro_ws/install/space_interfaces/bin'
[35.767s] INFO:colcon.colcon_core.shell:Creating package script '/home/ubuntu/quadro_ws/install/space_interfaces/share/space_interfaces/package.ps1'
[35.770s] INFO:colcon.colcon_core.shell:Creating package descriptor '/home/ubuntu/quadro_ws/install/space_interfaces/share/space_interfaces/package.dsv'
[35.772s] INFO:colcon.colcon_core.shell:Creating package script '/home/ubuntu/quadro_ws/install/space_interfaces/share/space_interfaces/package.sh'
[35.774s] INFO:colcon.colcon_core.shell:Creating package script '/home/ubuntu/quadro_ws/install/space_interfaces/share/space_interfaces/package.bash'
[35.776s] INFO:colcon.colcon_core.shell:Creating package script '/home/ubuntu/quadro_ws/install/space_interfaces/share/space_interfaces/package.zsh'
[35.779s] Level 1:colcon.colcon_core.environment:create_file_with_runtime_dependencies(/home/ubuntu/quadro_ws/install/space_interfaces/share/colcon-core/packages/space_interfaces)
[35.781s] INFO:colcon.colcon_ros.task.ament_cmake.build:Building ROS package in '/home/ubuntu/quadro_ws/src/dgz_keyboard' with build type 'ament_cmake'
[35.781s] INFO:colcon.colcon_cmake.task.cmake.build:Building CMake package in '/home/ubuntu/quadro_ws/src/dgz_keyboard'
[35.782s] INFO:colcon.colcon_core.shell:Skip shell extension 'powershell' for command environment: Not usable outside of PowerShell
[35.782s] DEBUG:colcon.colcon_core.shell:Skip shell extension 'dsv' for command environment
[36.869s] DEBUG:colcon.colcon_core.event_handler.log_command:Invoking command in '/home/ubuntu/quadro_ws/build/dgz_keyboard': CMAKE_PREFIX_PATH=/home/ubuntu/quadro_ws/install/space_interfaces:/home/ubuntu/quadro_ws/install/dgz_keyboard:/home/ubuntu/quadro_ws/install/quadrobot_viewer:/home/ubuntu/quadro_ws/install/dgz_viewer:/opt/ros/jazzy/opt/gz_sim_vendor:/opt/ros/jazzy/opt/gz_sensors_vendor:/opt/ros/jazzy/opt/gz_physics_vendor:/opt/ros/jazzy/opt/sdformat_vendor:/opt/ros/jazzy/opt/gz_gui_vendor:/opt/ros/jazzy/opt/gz_transport_vendor:/opt/ros/jazzy/opt/gz_rendering_vendor:/opt/ros/jazzy/opt/gz_plugin_vendor:/opt/ros/jazzy/opt/gz_fuel_tools_vendor:/opt/ros/jazzy/opt/gz_msgs_vendor:/opt/ros/jazzy/opt/gz_common_vendor:/opt/ros/jazzy/opt/gz_math_vendor:/opt/ros/jazzy/opt/gz_utils_vendor:/opt/ros/jazzy/opt/gz_tools_vendor:/opt/ros/jazzy/opt/gz_ogre_next_vendor:/opt/ros/jazzy/opt/gz_dartsim_vendor:/opt/ros/jazzy/opt/gz_cmake_vendor:/opt/ros/jazzy /usr/bin/cmake /home/ubuntu/quadro_ws/src/dgz_keyboard -DAMENT_CMAKE_SYMLINK_INSTALL=1 -DCMAKE_INSTALL_PREFIX=/home/ubuntu/quadro_ws/install/dgz_keyboard
[57.654s] DEBUG:colcon.colcon_core.event_handler.log_command:Invoked command in '/home/ubuntu/quadro_ws/build/dgz_keyboard' returned '0': CMAKE_PREFIX_PATH=/home/ubuntu/quadro_ws/install/space_interfaces:/home/ubuntu/quadro_ws/install/dgz_keyboard:/home/ubuntu/quadro_ws/install/quadrobot_viewer:/home/ubuntu/quadro_ws/install/dgz_viewer:/opt/ros/jazzy/opt/gz_sim_vendor:/opt/ros/jazzy/opt/gz_sensors_vendor:/opt/ros/jazzy/opt/gz_physics_vendor:/opt/ros/jazzy/opt/sdformat_vendor:/opt/ros/jazzy/opt/gz_gui_vendor:/opt/ros/jazzy/opt/gz_transport_vendor:/opt/ros/jazzy/opt/gz_rendering_vendor:/opt/ros/jazzy/opt/gz_plugin_vendor:/opt/ros/jazzy/opt/gz_fuel_tools_vendor:/opt/ros/jazzy/opt/gz_msgs_vendor:/opt/ros/jazzy/opt/gz_common_vendor:/opt/ros/jazzy/opt/gz_math_vendor:/opt/ros/jazzy/opt/gz_utils_vendor:/opt/ros/jazzy/opt/gz_tools_vendor:/opt/ros/jazzy/opt/gz_ogre_next_vendor:/opt/ros/jazzy/opt/gz_dartsim_vendor:/opt/ros/jazzy/opt/gz_cmake_vendor:/opt/ros/jazzy /usr/bin/cmake /home/ubuntu/quadro_ws/src/dgz_keyboard -DAMENT_CMAKE_SYMLINK_INSTALL=1 -DCMAKE_INSTALL_PREFIX=/home/ubuntu/quadro_ws/install/dgz_keyboard
[57.660s] DEBUG:colcon.colcon_core.event_handler.log_command:Invoking command in '/home/ubuntu/quadro_ws/build/dgz_keyboard': CMAKE_PREFIX_PATH=/home/ubuntu/quadro_ws/install/space_interfaces:/home/ubuntu/quadro_ws/install/dgz_keyboard:/home/ubuntu/quadro_ws/install/quadrobot_viewer:/home/ubuntu/quadro_ws/install/dgz_viewer:/opt/ros/jazzy/opt/gz_sim_vendor:/opt/ros/jazzy/opt/gz_sensors_vendor:/opt/ros/jazzy/opt/gz_physics_vendor:/opt/ros/jazzy/opt/sdformat_vendor:/opt/ros/jazzy/opt/gz_gui_vendor:/opt/ros/jazzy/opt/gz_transport_vendor:/opt/ros/jazzy/opt/gz_rendering_vendor:/opt/ros/jazzy/opt/gz_plugin_vendor:/opt/ros/jazzy/opt/gz_fuel_tools_vendor:/opt/ros/jazzy/opt/gz_msgs_vendor:/opt/ros/jazzy/opt/gz_common_vendor:/opt/ros/jazzy/opt/gz_math_vendor:/opt/ros/jazzy/opt/gz_utils_vendor:/opt/ros/jazzy/opt/gz_tools_vendor:/opt/ros/jazzy/opt/gz_ogre_next_vendor:/opt/ros/jazzy/opt/gz_dartsim_vendor:/opt/ros/jazzy/opt/gz_cmake_vendor:/opt/ros/jazzy /usr/bin/cmake --build /home/ubuntu/quadro_ws/build/dgz_keyboard -- -j16 -l16
[71.933s] DEBUG:colcon.colcon_core.event_handler.log_command:Invoked command in '/home/ubuntu/quadro_ws/build/dgz_keyboard' returned '0': CMAKE_PREFIX_PATH=/home/ubuntu/quadro_ws/install/space_interfaces:/home/ubuntu/quadro_ws/install/dgz_keyboard:/home/ubuntu/quadro_ws/install/quadrobot_viewer:/home/ubuntu/quadro_ws/install/dgz_viewer:/opt/ros/jazzy/opt/gz_sim_vendor:/opt/ros/jazzy/opt/gz_sensors_vendor:/opt/ros/jazzy/opt/gz_physics_vendor:/opt/ros/jazzy/opt/sdformat_vendor:/opt/ros/jazzy/opt/gz_gui_vendor:/opt/ros/jazzy/opt/gz_transport_vendor:/opt/ros/jazzy/opt/gz_rendering_vendor:/opt/ros/jazzy/opt/gz_plugin_vendor:/opt/ros/jazzy/opt/gz_fuel_tools_vendor:/opt/ros/jazzy/opt/gz_msgs_vendor:/opt/ros/jazzy/opt/gz_common_vendor:/opt/ros/jazzy/opt/gz_math_vendor:/opt/ros/jazzy/opt/gz_utils_vendor:/opt/ros/jazzy/opt/gz_tools_vendor:/opt/ros/jazzy/opt/gz_ogre_next_vendor:/opt/ros/jazzy/opt/gz_dartsim_vendor:/opt/ros/jazzy/opt/gz_cmake_vendor:/opt/ros/jazzy /usr/bin/cmake --build /home/ubuntu/quadro_ws/build/dgz_keyboard -- -j16 -l16
[71.997s] DEBUG:colcon.colcon_core.event_handler.log_command:Invoking command in '/home/ubuntu/quadro_ws/build/dgz_keyboard': CMAKE_PREFIX_PATH=/home/ubuntu/quadro_ws/install/space_interfaces:/home/ubuntu/quadro_ws/install/dgz_keyboard:/home/ubuntu/quadro_ws/install/quadrobot_viewer:/home/ubuntu/quadro_ws/install/dgz_viewer:/opt/ros/jazzy/opt/gz_sim_vendor:/opt/ros/jazzy/opt/gz_sensors_vendor:/opt/ros/jazzy/opt/gz_physics_vendor:/opt/ros/jazzy/opt/sdformat_vendor:/opt/ros/jazzy/opt/gz_gui_vendor:/opt/ros/jazzy/opt/gz_transport_vendor:/opt/ros/jazzy/opt/gz_rendering_vendor:/opt/ros/jazzy/opt/gz_plugin_vendor:/opt/ros/jazzy/opt/gz_fuel_tools_vendor:/opt/ros/jazzy/opt/gz_msgs_vendor:/opt/ros/jazzy/opt/gz_common_vendor:/opt/ros/jazzy/opt/gz_math_vendor:/opt/ros/jazzy/opt/gz_utils_vendor:/opt/ros/jazzy/opt/gz_tools_vendor:/opt/ros/jazzy/opt/gz_ogre_next_vendor:/opt/ros/jazzy/opt/gz_dartsim_vendor:/opt/ros/jazzy/opt/gz_cmake_vendor:/opt/ros/jazzy /usr/bin/cmake --install /home/ubuntu/quadro_ws/build/dgz_keyboard
[72.533s] Level 1:colcon.colcon_core.environment:create_environment_scripts_only(dgz_keyboard)
[72.534s] DEBUG:colcon.colcon_core.event_handler.log_command:Invoked command in '/home/ubuntu/quadro_ws/build/dgz_keyboard' returned '0': CMAKE_PREFIX_PATH=/home/ubuntu/quadro_ws/install/space_interfaces:/home/ubuntu/quadro_ws/install/dgz_keyboard:/home/ubuntu/quadro_ws/install/quadrobot_viewer:/home/ubuntu/quadro_ws/install/dgz_viewer:/opt/ros/jazzy/opt/gz_sim_vendor:/opt/ros/jazzy/opt/gz_sensors_vendor:/opt/ros/jazzy/opt/gz_physics_vendor:/opt/ros/jazzy/opt/sdformat_vendor:/opt/ros/jazzy/opt/gz_gui_vendor:/opt/ros/jazzy/opt/gz_transport_vendor:/opt/ros/jazzy/opt/gz_rendering_vendor:/opt/ros/jazzy/opt/gz_plugin_vendor:/opt/ros/jazzy/opt/gz_fuel_tools_vendor:/opt/ros/jazzy/opt/gz_msgs_vendor:/opt/ros/jazzy/opt/gz_common_vendor:/opt/ros/jazzy/opt/gz_math_vendor:/opt/ros/jazzy/opt/gz_utils_vendor:/opt/ros/jazzy/opt/gz_tools_vendor:/opt/ros/jazzy/opt/gz_ogre_next_vendor:/opt/ros/jazzy/opt/gz_dartsim_vendor:/opt/ros/jazzy/opt/gz_cmake_vendor:/opt/ros/jazzy /usr/bin/cmake --install /home/ubuntu/quadro_ws/build/dgz_keyboard
[72.536s] Level 1:colcon.colcon_core.environment:checking '/home/ubuntu/quadro_ws/install/dgz_keyboard' for CMake module files
[72.539s] Level 1:colcon.colcon_core.environment:checking '/home/ubuntu/quadro_ws/install/dgz_keyboard' for CMake config files
[72.539s] Level 1:colcon.colcon_core.shell:create_environment_hook('dgz_keyboard', 'cmake_prefix_path')
[72.540s] INFO:colcon.colcon_core.shell:Creating environment hook '/home/ubuntu/quadro_ws/install/dgz_keyboard/share/dgz_keyboard/hook/cmake_prefix_path.ps1'
[72.542s] INFO:colcon.colcon_core.shell:Creating environment descriptor '/home/ubuntu/quadro_ws/install/dgz_keyboard/share/dgz_keyboard/hook/cmake_prefix_path.dsv'
[72.545s] INFO:colcon.colcon_core.shell:Creating environment hook '/home/ubuntu/quadro_ws/install/dgz_keyboard/share/dgz_keyboard/hook/cmake_prefix_path.sh'
[72.548s] Level 1:colcon.colcon_core.environment:checking '/home/ubuntu/quadro_ws/install/dgz_keyboard/lib'
[72.548s] Level 1:colcon.colcon_core.environment:checking '/home/ubuntu/quadro_ws/install/dgz_keyboard/bin'
[72.548s] Level 1:colcon.colcon_core.environment:checking '/home/ubuntu/quadro_ws/install/dgz_keyboard/lib/pkgconfig/dgz_keyboard.pc'
[72.549s] Level 1:colcon.colcon_core.environment:checking '/home/ubuntu/quadro_ws/install/dgz_keyboard/lib/python3.12/site-packages'
[72.550s] Level 1:colcon.colcon_core.environment:checking '/home/ubuntu/quadro_ws/install/dgz_keyboard/bin'
[72.551s] INFO:colcon.colcon_core.shell:Creating package script '/home/ubuntu/quadro_ws/install/dgz_keyboard/share/dgz_keyboard/package.ps1'
[72.553s] INFO:colcon.colcon_core.shell:Creating package descriptor '/home/ubuntu/quadro_ws/install/dgz_keyboard/share/dgz_keyboard/package.dsv'
[72.555s] INFO:colcon.colcon_core.shell:Creating package script '/home/ubuntu/quadro_ws/install/dgz_keyboard/share/dgz_keyboard/package.sh'
[72.556s] INFO:colcon.colcon_core.shell:Creating package script '/home/ubuntu/quadro_ws/install/dgz_keyboard/share/dgz_keyboard/package.bash'
[72.558s] INFO:colcon.colcon_core.shell:Creating package script '/home/ubuntu/quadro_ws/install/dgz_keyboard/share/dgz_keyboard/package.zsh'
[72.559s] Level 1:colcon.colcon_core.environment:create_file_with_runtime_dependencies(/home/ubuntu/quadro_ws/install/dgz_keyboard/share/colcon-core/packages/dgz_keyboard)
[72.648s] Level 1:colcon.colcon_core.environment:create_environment_scripts_only(dgz_keyboard)
[72.648s] Level 1:colcon.colcon_core.environment:checking '/home/ubuntu/quadro_ws/install/dgz_keyboard' for CMake module files
[72.651s] Level 1:colcon.colcon_core.environment:checking '/home/ubuntu/quadro_ws/install/dgz_keyboard' for CMake config files
[72.652s] Level 1:colcon.colcon_core.shell:create_environment_hook('dgz_keyboard', 'cmake_prefix_path')
[72.653s] INFO:colcon.colcon_core.shell:Creating environment hook '/home/ubuntu/quadro_ws/install/dgz_keyboard/share/dgz_keyboard/hook/cmake_prefix_path.ps1'
[72.655s] INFO:colcon.colcon_core.shell:Creating environment descriptor '/home/ubuntu/quadro_ws/install/dgz_keyboard/share/dgz_keyboard/hook/cmake_prefix_path.dsv'
[72.656s] INFO:colcon.colcon_core.shell:Creating environment hook '/home/ubuntu/quadro_ws/install/dgz_keyboard/share/dgz_keyboard/hook/cmake_prefix_path.sh'
[72.658s] Level 1:colcon.colcon_core.environment:checking '/home/ubuntu/quadro_ws/install/dgz_keyboard/lib'
[72.659s] Level 1:colcon.colcon_core.environment:checking '/home/ubuntu/quadro_ws/install/dgz_keyboard/bin'
[72.659s] Level 1:colcon.colcon_core.environment:checking '/home/ubuntu/quadro_ws/install/dgz_keyboard/lib/pkgconfig/dgz_keyboard.pc'
[72.660s] Level 1:colcon.colcon_core.environment:checking '/home/ubuntu/quadro_ws/install/dgz_keyboard/lib/python3.12/site-packages'
[72.661s] Level 1:colcon.colcon_core.environment:checking '/home/ubuntu/quadro_ws/install/dgz_keyboard/bin'
[72.662s] INFO:colcon.colcon_core.shell:Creating package script '/home/ubuntu/quadro_ws/install/dgz_keyboard/share/dgz_keyboard/package.ps1'
[72.664s] INFO:colcon.colcon_core.shell:Creating package descriptor '/home/ubuntu/quadro_ws/install/dgz_keyboard/share/dgz_keyboard/package.dsv'
[72.667s] INFO:colcon.colcon_core.shell:Creating package script '/home/ubuntu/quadro_ws/install/dgz_keyboard/share/dgz_keyboard/package.sh'
[72.668s] INFO:colcon.colcon_core.shell:Creating package script '/home/ubuntu/quadro_ws/install/dgz_keyboard/share/dgz_keyboard/package.bash'
[72.670s] INFO:colcon.colcon_core.shell:Creating package script '/home/ubuntu/quadro_ws/install/dgz_keyboard/share/dgz_keyboard/package.zsh'
[72.672s] Level 1:colcon.colcon_core.environment:create_file_with_runtime_dependencies(/home/ubuntu/quadro_ws/install/dgz_keyboard/share/colcon-core/packages/dgz_keyboard)
[72.673s] DEBUG:colcon.colcon_parallel_executor.executor.parallel:closing loop
[72.674s] DEBUG:colcon.colcon_parallel_executor.executor.parallel:loop closed
[72.674s] DEBUG:colcon.colcon_parallel_executor.executor.parallel:run_until_complete finished with '0'
[72.674s] DEBUG:colcon.colcon_core.event_reactor:joining thread
[73.048s] INFO:colcon.colcon_core.plugin_system:Skipping extension 'colcon_notification.desktop_notification.notify_send': Could not find 'notify-send'
[73.049s] INFO:colcon.colcon_core.plugin_system:Skipping extension 'colcon_notification.desktop_notification.terminal_notifier': Not used on non-Darwin systems
[73.049s] INFO:colcon.colcon_core.plugin_system:Skipping extension 'colcon_notification.desktop_notification.win32': Not used on non-Windows systems
[73.049s] INFO:colcon.colcon_notification.desktop_notification:Sending desktop notification using 'notify2'
[73.054s] DEBUG:colcon.colcon_notification.desktop_notification.notify2:Failed to initialize notify2: org.freedesktop.DBus.Error.ServiceUnknown: The name org.freedesktop.Notifications was not provided by any .service files
[73.055s] DEBUG:colcon.colcon_core.event_reactor:joined thread
[73.056s] INFO:colcon.colcon_core.shell:Creating prefix script '/home/ubuntu/quadro_ws/install/local_setup.ps1'
[73.058s] INFO:colcon.colcon_core.shell:Creating prefix util module '/home/ubuntu/quadro_ws/install/_local_setup_util_ps1.py'
[73.063s] INFO:colcon.colcon_core.shell:Creating prefix chain script '/home/ubuntu/quadro_ws/install/setup.ps1'
[73.066s] INFO:colcon.colcon_core.shell:Creating prefix script '/home/ubuntu/quadro_ws/install/local_setup.sh'
[73.068s] INFO:colcon.colcon_core.shell:Creating prefix util module '/home/ubuntu/quadro_ws/install/_local_setup_util_sh.py'
[73.070s] INFO:colcon.colcon_core.shell:Creating prefix chain script '/home/ubuntu/quadro_ws/install/setup.sh'
[73.074s] INFO:colcon.colcon_core.shell:Creating prefix script '/home/ubuntu/quadro_ws/install/local_setup.bash'
[73.076s] INFO:colcon.colcon_core.shell:Creating prefix chain script '/home/ubuntu/quadro_ws/install/setup.bash'
[73.079s] INFO:colcon.colcon_core.shell:Creating prefix script '/home/ubuntu/quadro_ws/install/local_setup.zsh'
[73.081s] INFO:colcon.colcon_core.shell:Creating prefix chain script '/home/ubuntu/quadro_ws/install/setup.zsh'
