[0.060s] Invoking command in '/home/MKGL/quadro_ws/build/dgz': CMAKE_PREFIX_PATH=${CMAKE_PREFIX_PATH}:/opt/ros/jazzy DEBUGINFOD_URLS=https://debuginfod.ubuntu.com /usr/bin/cmake --build /home/MKGL/quadro_ws/build/dgz -- -j4 -l4
[0.188s] -- Found ament_cmake: 2.5.2 (/opt/ros/jazzy/share/ament_cmake/cmake)
[1.354s] -- Override CMake install command with custom implementation using symlinks instead of copying resources
[1.390s] -- Found rclcpp: 28.1.5 (/opt/ros/jazzy/share/rclcpp/cmake)
[1.520s] -- Found rosidl_generator_c: 4.6.4 (/opt/ros/jazzy/share/rosidl_generator_c/cmake)
[1.560s] -- Found rosidl_generator_cpp: 4.6.4 (/opt/ros/jazzy/share/rosidl_generator_cpp/cmake)
[1.608s] -- Using all available rosidl_typesupport_c: rosidl_typesupport_fastrtps_c;rosidl_typesupport_introspection_c
[1.664s] -- Using all available rosidl_typesupport_cpp: rosidl_typesupport_fastrtps_cpp;rosidl_typesupport_introspection_cpp
[1.904s] -- Found rmw_implementation_cmake: 7.3.1 (/opt/ros/jazzy/share/rmw_implementation_cmake/cmake)
[1.910s] -- Found rmw_fastrtps_cpp: 8.4.1 (/opt/ros/jazzy/share/rmw_fastrtps_cpp/cmake)
[2.167s] -- Using RMW implementation 'rmw_fastrtps_cpp' as default
[2.415s] -- Found std_msgs: 5.3.5 (/opt/ros/jazzy/share/std_msgs/cmake)
[2.468s] -- Found space_interfaces: 0.0.0 (/home/MKGL/quadro_ws/install/space_interfaces/share/space_interfaces/cmake)
[2.509s] -- Found serial: 0.0.0 (/home/MKGL/quadro_ws/install/serial/share/serial/cmake)
[2.530s] -- Found ament_lint_auto: 0.17.1 (/opt/ros/jazzy/share/ament_lint_auto/cmake)
[2.967s] -- Added test 'copyright' to check source files copyright and LICENSE
[2.977s] -- Added test 'cppcheck' to perform static code analysis on C / C++ code
[2.978s] -- Configured cppcheck include dirs: /home/MKGL/quadro_ws/src/dgz/include
[2.978s] -- Configured cppcheck exclude dirs and/or files: 
[2.980s] -- Added test 'flake8' to check Python code syntax and style conventions
[2.981s] -- Configured 'flake8' exclude dirs and/or files: 
[2.984s] -- Added test 'lint_cmake' to check CMake code style
[2.986s] -- Added test 'pep257' to check Python code against some of the docstring style conventions in PEP 257
[2.994s] -- Added test 'uncrustify' to check C / C++ code style
[2.995s] -- Configured uncrustify additional arguments: 
[2.998s] -- Added test 'xmllint' to check XML markup files
[3.003s] -- Configuring done (2.8s)
[3.107s] -- Generating done (0.1s)
[3.124s] -- Build files have been written to: /home/MKGL/quadro_ws/build/dgz
[3.316s] [ 33%] Built target dgz_frame_lib
[3.366s] [ 66%] Built target move_ctrl_node
[3.431s] [ 83%] [32mBuilding CXX object CMakeFiles/dgz_ctrl_node.dir/src/dgz_ctrl_node.cpp.o[0m
[4.998s] [01m[K/home/MKGL/quadro_ws/src/dgz/src/dgz_ctrl_node.cpp:3:10:[m[K [01;31m[Kfatal error: [m[Kserial/serial.hpp: No such file or directory
[4.998s]     3 | #include [01;31m[K"serial/serial.hpp"[m[K
[4.999s]       |          [01;31m[K^~~~~~~~~~~~~~~~~~~[m[K
[4.999s] compilation terminated.
[5.010s] gmake[2]: *** [CMakeFiles/dgz_ctrl_node.dir/build.make:76: CMakeFiles/dgz_ctrl_node.dir/src/dgz_ctrl_node.cpp.o] Error 1
[5.011s] gmake[1]: *** [CMakeFiles/Makefile2:193: CMakeFiles/dgz_ctrl_node.dir/all] Error 2
[5.013s] gmake: *** [Makefile:146: all] Error 2
[5.020s] Invoked command in '/home/MKGL/quadro_ws/build/dgz' returned '2': CMAKE_PREFIX_PATH=${CMAKE_PREFIX_PATH}:/opt/ros/jazzy DEBUGINFOD_URLS=https://debuginfod.ubuntu.com /usr/bin/cmake --build /home/MKGL/quadro_ws/build/dgz -- -j4 -l4
