[0.069s] Invoking command in '/home/MKGL/quadro_ws/build/dgz_description': CMAKE_PREFIX_PATH=${CMAKE_PREFIX_PATH}:/opt/ros/jazzy DEBUGINFOD_URLS=https://debuginfod.ubuntu.com /usr/bin/cmake /home/MKGL/quadro_ws/src/dgz_description -DAMENT_CMAKE_SYMLINK_INSTALL=1 -DCMAKE_INSTALL_PREFIX=/home/MKGL/quadro_ws/install/dgz_description
[0.448s] -- The C compiler identification is GNU 13.2.0
[0.850s] -- The CXX compiler identification is GNU 13.2.0
[0.962s] -- Detecting C compiler ABI info
[1.618s] -- Detecting C compiler ABI info - done
[1.664s] -- Check for working C compiler: /usr/bin/cc - skipped
[1.666s] -- Detecting C compile features
[1.666s] -- Detecting C compile features - done
[1.717s] -- Detecting CXX compiler ABI info
[2.448s] -- Detecting CXX compiler ABI info - done
[2.500s] -- Check for working CXX compiler: /usr/bin/c++ - skipped
[2.503s] -- Detecting CXX compile features
[2.505s] -- Detecting CXX compile features - done
[2.526s] -- Found ament_cmake: 2.5.2 (/opt/ros/jazzy/share/ament_cmake/cmake)
[3.589s] -- Found Python3: /usr/bin/python3 (found version "3.12.3") found components: Interpreter 
[4.088s] -- Override CMake install command with custom implementation using symlinks instead of copying resources
[4.325s] -- Found ament_lint_auto: 0.17.1 (/opt/ros/jazzy/share/ament_lint_auto/cmake)
[4.927s] -- Added test 'flake8' to check Python code syntax and style conventions
[4.928s] -- Configured 'flake8' exclude dirs and/or files: 
[4.935s] -- Added test 'lint_cmake' to check CMake code style
[4.936s] -- Added test 'pep257' to check Python code against some of the docstring style conventions in PEP 257
[4.940s] -- Added test 'xmllint' to check XML markup files
[4.952s] -- Configuring done (4.8s)
[4.979s] -- Generating done (0.0s)
[4.988s] -- Build files have been written to: /home/MKGL/quadro_ws/build/dgz_description
[5.011s] Invoked command in '/home/MKGL/quadro_ws/build/dgz_description' returned '0': CMAKE_PREFIX_PATH=${CMAKE_PREFIX_PATH}:/opt/ros/jazzy DEBUGINFOD_URLS=https://debuginfod.ubuntu.com /usr/bin/cmake /home/MKGL/quadro_ws/src/dgz_description -DAMENT_CMAKE_SYMLINK_INSTALL=1 -DCMAKE_INSTALL_PREFIX=/home/MKGL/quadro_ws/install/dgz_description
[5.018s] Invoking command in '/home/MKGL/quadro_ws/build/dgz_description': CMAKE_PREFIX_PATH=${CMAKE_PREFIX_PATH}:/opt/ros/jazzy DEBUGINFOD_URLS=https://debuginfod.ubuntu.com /usr/bin/cmake --build /home/MKGL/quadro_ws/build/dgz_description -- -j4 -l4
[5.255s] Invoked command in '/home/MKGL/quadro_ws/build/dgz_description' returned '0': CMAKE_PREFIX_PATH=${CMAKE_PREFIX_PATH}:/opt/ros/jazzy DEBUGINFOD_URLS=https://debuginfod.ubuntu.com /usr/bin/cmake --build /home/MKGL/quadro_ws/build/dgz_description -- -j4 -l4
[5.463s] Invoking command in '/home/MKGL/quadro_ws/build/dgz_description': CMAKE_PREFIX_PATH=${CMAKE_PREFIX_PATH}:/opt/ros/jazzy DEBUGINFOD_URLS=https://debuginfod.ubuntu.com /usr/bin/cmake --install /home/MKGL/quadro_ws/build/dgz_description
[5.503s] -- Install configuration: ""
[5.506s] -- Execute custom install script
[5.508s] -- Symlinking: /home/MKGL/quadro_ws/install/dgz_description/share/dgz_description//launch/dgz_description.launch.py
[5.569s] -- Symlinking: /home/MKGL/quadro_ws/install/dgz_description/share/ament_index/resource_index/package_run_dependencies/dgz_description
[5.615s] -- Symlinking: /home/MKGL/quadro_ws/install/dgz_description/share/ament_index/resource_index/parent_prefix_path/dgz_description
[5.664s] -- Symlinking: /home/MKGL/quadro_ws/install/dgz_description/share/dgz_description/environment/ament_prefix_path.sh
[5.726s] -- Symlinking: /home/MKGL/quadro_ws/install/dgz_description/share/dgz_description/environment/ament_prefix_path.dsv
[5.775s] -- Symlinking: /home/MKGL/quadro_ws/install/dgz_description/share/dgz_description/environment/path.sh
[5.824s] -- Symlinking: /home/MKGL/quadro_ws/install/dgz_description/share/dgz_description/environment/path.dsv
[5.878s] -- Symlinking: /home/MKGL/quadro_ws/install/dgz_description/share/dgz_description/local_setup.bash
[5.934s] -- Symlinking: /home/MKGL/quadro_ws/install/dgz_description/share/dgz_description/local_setup.sh
[5.990s] -- Symlinking: /home/MKGL/quadro_ws/install/dgz_description/share/dgz_description/local_setup.zsh
[6.035s] -- Symlinking: /home/MKGL/quadro_ws/install/dgz_description/share/dgz_description/local_setup.dsv
[6.088s] -- Symlinking: /home/MKGL/quadro_ws/install/dgz_description/share/dgz_description/package.dsv
[6.138s] -- Symlinking: /home/MKGL/quadro_ws/install/dgz_description/share/ament_index/resource_index/packages/dgz_description
[6.192s] -- Symlinking: /home/MKGL/quadro_ws/install/dgz_description/share/dgz_description/cmake/dgz_descriptionConfig.cmake
[6.253s] -- Symlinking: /home/MKGL/quadro_ws/install/dgz_description/share/dgz_description/cmake/dgz_descriptionConfig-version.cmake
[6.305s] -- Symlinking: /home/MKGL/quadro_ws/install/dgz_description/share/dgz_description/package.xml
[6.361s] Invoked command in '/home/MKGL/quadro_ws/build/dgz_description' returned '0': CMAKE_PREFIX_PATH=${CMAKE_PREFIX_PATH}:/opt/ros/jazzy DEBUGINFOD_URLS=https://debuginfod.ubuntu.com /usr/bin/cmake --install /home/MKGL/quadro_ws/build/dgz_description
