[0.379s] Invoking command in '/home/ubuntu/dev_ws/build/frame_listener': AMENT_PREFIX_PATH=/home/ubuntu/dev_ws/install/space_interfaces:${AMENT_PREFIX_PATH} CMAKE_PREFIX_PATH=/home/ubuntu/dev_ws/install/space_interfaces:/opt/ros/jazzy/opt/gz_sim_vendor:/opt/ros/jazzy/opt/gz_sensors_vendor:/opt/ros/jazzy/opt/gz_physics_vendor:/opt/ros/jazzy/opt/sdformat_vendor:/opt/ros/jazzy/opt/gz_gui_vendor:/opt/ros/jazzy/opt/gz_transport_vendor:/opt/ros/jazzy/opt/gz_rendering_vendor:/opt/ros/jazzy/opt/gz_plugin_vendor:/opt/ros/jazzy/opt/gz_fuel_tools_vendor:/opt/ros/jazzy/opt/gz_msgs_vendor:/opt/ros/jazzy/opt/gz_common_vendor:/opt/ros/jazzy/opt/gz_math_vendor:/opt/ros/jazzy/opt/gz_utils_vendor:/opt/ros/jazzy/opt/gz_tools_vendor:/opt/ros/jazzy/opt/gz_ogre_next_vendor:/opt/ros/jazzy/opt/gz_dartsim_vendor:/opt/ros/jazzy/opt/gz_cmake_vendor:/opt/ros/jazzy LD_LIBRARY_PATH=/home/ubuntu/dev_ws/install/space_interfaces/lib:${LD_LIBRARY_PATH} PYTHONPATH=/home/ubuntu/dev_ws/install/space_interfaces/lib/python3.12/site-packages:${PYTHONPATH} /usr/bin/cmake /home/ubuntu/dev_ws/src/frame_listener -DAMENT_CMAKE_SYMLINK_INSTALL=1 -DCMAKE_INSTALL_PREFIX=/home/ubuntu/dev_ws/install/frame_listener
[0.667s] -- The C compiler identification is GNU 13.2.0
[2.748s] -- The CXX compiler identification is GNU 13.2.0
[4.139s] -- Detecting C compiler ABI info
[4.664s] -- Detecting C compiler ABI info - done
[4.690s] -- Check for working C compiler: /usr/bin/cc - skipped
[4.692s] -- Detecting C compile features
[4.693s] -- Detecting C compile features - done
[4.898s] -- Detecting CXX compiler ABI info
[5.437s] -- Detecting CXX compiler ABI info - done
[5.450s] -- Check for working CXX compiler: /usr/bin/c++ - skipped
[5.450s] -- Detecting CXX compile features
[5.451s] -- Detecting CXX compile features - done
[5.455s] -- Found ament_cmake: 2.5.2 (/opt/ros/jazzy/share/ament_cmake/cmake)
[5.664s] -- Found Python3: /usr/bin/python3 (found version "3.12.3") found components: Interpreter 
[5.819s] -- Override CMake install command with custom implementation using symlinks instead of copying resources
[5.906s] -- Found rclcpp: 28.1.5 (/opt/ros/jazzy/share/rclcpp/cmake)
[6.704s] -- Found rosidl_generator_c: 4.6.4 (/opt/ros/jazzy/share/rosidl_generator_c/cmake)
[6.730s] -- Found rosidl_generator_cpp: 4.6.4 (/opt/ros/jazzy/share/rosidl_generator_cpp/cmake)
[6.754s] -- Using all available rosidl_typesupport_c: rosidl_typesupport_fastrtps_c;rosidl_typesupport_introspection_c
[6.783s] -- Using all available rosidl_typesupport_cpp: rosidl_typesupport_fastrtps_cpp;rosidl_typesupport_introspection_cpp
[7.195s] -- Found rmw_implementation_cmake: 7.3.1 (/opt/ros/jazzy/share/rmw_implementation_cmake/cmake)
[7.218s] -- Found rmw_fastrtps_cpp: 8.4.1 (/opt/ros/jazzy/share/rmw_fastrtps_cpp/cmake)
[7.602s] -- Found OpenSSL: /usr/lib/x86_64-linux-gnu/libcrypto.so (found version "3.0.13")  
[8.532s] -- Found FastRTPS: /opt/ros/jazzy/include (Required is at least version "2.13") 
[9.068s] -- Using RMW implementation 'rmw_fastrtps_cpp' as default
[10.187s] -- Found geometry_msgs: 5.3.5 (/opt/ros/jazzy/share/geometry_msgs/cmake)
[10.374s] -- Found tf2: 0.36.4 (/opt/ros/jazzy/share/tf2/cmake)
[10.397s] -- Found tf2_ros: 0.36.4 (/opt/ros/jazzy/share/tf2_ros/cmake)
[10.836s] -- Found space_interfaces: 0.0.0 (/home/ubuntu/dev_ws/install/space_interfaces/share/space_interfaces/cmake)
[10.862s] -- Found ament_lint_auto: 0.17.1 (/opt/ros/jazzy/share/ament_lint_auto/cmake)
[11.058s] -- Added test 'cppcheck' to perform static code analysis on C / C++ code
[11.058s] -- Configured cppcheck include dirs: 
[11.059s] -- Configured cppcheck exclude dirs and/or files: 
[11.061s] -- Added test 'lint_cmake' to check CMake code style
[11.064s] -- Added test 'uncrustify' to check C / C++ code style
[11.064s] -- Configured uncrustify additional arguments: 
[11.066s] -- Added test 'xmllint' to check XML markup files
[11.070s] -- Configuring done (10.7s)
[11.099s] -- Generating done (0.0s)
[11.102s] -- Build files have been written to: /home/ubuntu/dev_ws/build/frame_listener
[11.122s] Invoked command in '/home/ubuntu/dev_ws/build/frame_listener' returned '0': AMENT_PREFIX_PATH=/home/ubuntu/dev_ws/install/space_interfaces:${AMENT_PREFIX_PATH} CMAKE_PREFIX_PATH=/home/ubuntu/dev_ws/install/space_interfaces:/opt/ros/jazzy/opt/gz_sim_vendor:/opt/ros/jazzy/opt/gz_sensors_vendor:/opt/ros/jazzy/opt/gz_physics_vendor:/opt/ros/jazzy/opt/sdformat_vendor:/opt/ros/jazzy/opt/gz_gui_vendor:/opt/ros/jazzy/opt/gz_transport_vendor:/opt/ros/jazzy/opt/gz_rendering_vendor:/opt/ros/jazzy/opt/gz_plugin_vendor:/opt/ros/jazzy/opt/gz_fuel_tools_vendor:/opt/ros/jazzy/opt/gz_msgs_vendor:/opt/ros/jazzy/opt/gz_common_vendor:/opt/ros/jazzy/opt/gz_math_vendor:/opt/ros/jazzy/opt/gz_utils_vendor:/opt/ros/jazzy/opt/gz_tools_vendor:/opt/ros/jazzy/opt/gz_ogre_next_vendor:/opt/ros/jazzy/opt/gz_dartsim_vendor:/opt/ros/jazzy/opt/gz_cmake_vendor:/opt/ros/jazzy LD_LIBRARY_PATH=/home/ubuntu/dev_ws/install/space_interfaces/lib:${LD_LIBRARY_PATH} PYTHONPATH=/home/ubuntu/dev_ws/install/space_interfaces/lib/python3.12/site-packages:${PYTHONPATH} /usr/bin/cmake /home/ubuntu/dev_ws/src/frame_listener -DAMENT_CMAKE_SYMLINK_INSTALL=1 -DCMAKE_INSTALL_PREFIX=/home/ubuntu/dev_ws/install/frame_listener
[11.124s] Invoking command in '/home/ubuntu/dev_ws/build/frame_listener': AMENT_PREFIX_PATH=/home/ubuntu/dev_ws/install/space_interfaces:${AMENT_PREFIX_PATH} CMAKE_PREFIX_PATH=/home/ubuntu/dev_ws/install/space_interfaces:/opt/ros/jazzy/opt/gz_sim_vendor:/opt/ros/jazzy/opt/gz_sensors_vendor:/opt/ros/jazzy/opt/gz_physics_vendor:/opt/ros/jazzy/opt/sdformat_vendor:/opt/ros/jazzy/opt/gz_gui_vendor:/opt/ros/jazzy/opt/gz_transport_vendor:/opt/ros/jazzy/opt/gz_rendering_vendor:/opt/ros/jazzy/opt/gz_plugin_vendor:/opt/ros/jazzy/opt/gz_fuel_tools_vendor:/opt/ros/jazzy/opt/gz_msgs_vendor:/opt/ros/jazzy/opt/gz_common_vendor:/opt/ros/jazzy/opt/gz_math_vendor:/opt/ros/jazzy/opt/gz_utils_vendor:/opt/ros/jazzy/opt/gz_tools_vendor:/opt/ros/jazzy/opt/gz_ogre_next_vendor:/opt/ros/jazzy/opt/gz_dartsim_vendor:/opt/ros/jazzy/opt/gz_cmake_vendor:/opt/ros/jazzy LD_LIBRARY_PATH=/home/ubuntu/dev_ws/install/space_interfaces/lib:${LD_LIBRARY_PATH} PYTHONPATH=/home/ubuntu/dev_ws/install/space_interfaces/lib/python3.12/site-packages:${PYTHONPATH} /usr/bin/cmake --build /home/ubuntu/dev_ws/build/frame_listener -- -j16 -l16
[11.210s] [ 50%] [32mBuilding CXX object CMakeFiles/listener_transform.dir/src/listener_transform.cpp.o[0m
[25.590s] [100%] [32m[1mLinking CXX executable listener_transform[0m
[26.461s] [100%] Built target listener_transform
[26.479s] Invoked command in '/home/ubuntu/dev_ws/build/frame_listener' returned '0': AMENT_PREFIX_PATH=/home/ubuntu/dev_ws/install/space_interfaces:${AMENT_PREFIX_PATH} CMAKE_PREFIX_PATH=/home/ubuntu/dev_ws/install/space_interfaces:/opt/ros/jazzy/opt/gz_sim_vendor:/opt/ros/jazzy/opt/gz_sensors_vendor:/opt/ros/jazzy/opt/gz_physics_vendor:/opt/ros/jazzy/opt/sdformat_vendor:/opt/ros/jazzy/opt/gz_gui_vendor:/opt/ros/jazzy/opt/gz_transport_vendor:/opt/ros/jazzy/opt/gz_rendering_vendor:/opt/ros/jazzy/opt/gz_plugin_vendor:/opt/ros/jazzy/opt/gz_fuel_tools_vendor:/opt/ros/jazzy/opt/gz_msgs_vendor:/opt/ros/jazzy/opt/gz_common_vendor:/opt/ros/jazzy/opt/gz_math_vendor:/opt/ros/jazzy/opt/gz_utils_vendor:/opt/ros/jazzy/opt/gz_tools_vendor:/opt/ros/jazzy/opt/gz_ogre_next_vendor:/opt/ros/jazzy/opt/gz_dartsim_vendor:/opt/ros/jazzy/opt/gz_cmake_vendor:/opt/ros/jazzy LD_LIBRARY_PATH=/home/ubuntu/dev_ws/install/space_interfaces/lib:${LD_LIBRARY_PATH} PYTHONPATH=/home/ubuntu/dev_ws/install/space_interfaces/lib/python3.12/site-packages:${PYTHONPATH} /usr/bin/cmake --build /home/ubuntu/dev_ws/build/frame_listener -- -j16 -l16
[26.541s] Invoking command in '/home/ubuntu/dev_ws/build/frame_listener': AMENT_PREFIX_PATH=/home/ubuntu/dev_ws/install/space_interfaces:${AMENT_PREFIX_PATH} CMAKE_PREFIX_PATH=/home/ubuntu/dev_ws/install/space_interfaces:/opt/ros/jazzy/opt/gz_sim_vendor:/opt/ros/jazzy/opt/gz_sensors_vendor:/opt/ros/jazzy/opt/gz_physics_vendor:/opt/ros/jazzy/opt/sdformat_vendor:/opt/ros/jazzy/opt/gz_gui_vendor:/opt/ros/jazzy/opt/gz_transport_vendor:/opt/ros/jazzy/opt/gz_rendering_vendor:/opt/ros/jazzy/opt/gz_plugin_vendor:/opt/ros/jazzy/opt/gz_fuel_tools_vendor:/opt/ros/jazzy/opt/gz_msgs_vendor:/opt/ros/jazzy/opt/gz_common_vendor:/opt/ros/jazzy/opt/gz_math_vendor:/opt/ros/jazzy/opt/gz_utils_vendor:/opt/ros/jazzy/opt/gz_tools_vendor:/opt/ros/jazzy/opt/gz_ogre_next_vendor:/opt/ros/jazzy/opt/gz_dartsim_vendor:/opt/ros/jazzy/opt/gz_cmake_vendor:/opt/ros/jazzy LD_LIBRARY_PATH=/home/ubuntu/dev_ws/install/space_interfaces/lib:${LD_LIBRARY_PATH} PYTHONPATH=/home/ubuntu/dev_ws/install/space_interfaces/lib/python3.12/site-packages:${PYTHONPATH} /usr/bin/cmake --install /home/ubuntu/dev_ws/build/frame_listener
[26.564s] -- Install configuration: ""
[26.566s] -- Execute custom install script
[26.569s] -- Symlinking: /home/ubuntu/dev_ws/install/frame_listener/lib/frame_listener/listener_transform
[26.596s] -- Symlinking: /home/ubuntu/dev_ws/install/frame_listener/share/ament_index/resource_index/package_run_dependencies/frame_listener
[26.621s] -- Symlinking: /home/ubuntu/dev_ws/install/frame_listener/share/ament_index/resource_index/parent_prefix_path/frame_listener
[26.652s] -- Symlinking: /home/ubuntu/dev_ws/install/frame_listener/share/frame_listener/environment/ament_prefix_path.sh
[26.679s] -- Symlinking: /home/ubuntu/dev_ws/install/frame_listener/share/frame_listener/environment/ament_prefix_path.dsv
[26.704s] -- Symlinking: /home/ubuntu/dev_ws/install/frame_listener/share/frame_listener/environment/path.sh
[26.729s] -- Symlinking: /home/ubuntu/dev_ws/install/frame_listener/share/frame_listener/environment/path.dsv
[26.758s] -- Symlinking: /home/ubuntu/dev_ws/install/frame_listener/share/frame_listener/local_setup.bash
[26.787s] -- Symlinking: /home/ubuntu/dev_ws/install/frame_listener/share/frame_listener/local_setup.sh
[26.816s] -- Symlinking: /home/ubuntu/dev_ws/install/frame_listener/share/frame_listener/local_setup.zsh
[26.845s] -- Symlinking: /home/ubuntu/dev_ws/install/frame_listener/share/frame_listener/local_setup.dsv
[26.874s] -- Symlinking: /home/ubuntu/dev_ws/install/frame_listener/share/frame_listener/package.dsv
[26.906s] -- Symlinking: /home/ubuntu/dev_ws/install/frame_listener/share/ament_index/resource_index/packages/frame_listener
[26.936s] -- Symlinking: /home/ubuntu/dev_ws/install/frame_listener/share/frame_listener/cmake/frame_listenerConfig.cmake
[26.965s] -- Symlinking: /home/ubuntu/dev_ws/install/frame_listener/share/frame_listener/cmake/frame_listenerConfig-version.cmake
[26.995s] -- Symlinking: /home/ubuntu/dev_ws/install/frame_listener/share/frame_listener/package.xml
[27.028s] Invoked command in '/home/ubuntu/dev_ws/build/frame_listener' returned '0': AMENT_PREFIX_PATH=/home/ubuntu/dev_ws/install/space_interfaces:${AMENT_PREFIX_PATH} CMAKE_PREFIX_PATH=/home/ubuntu/dev_ws/install/space_interfaces:/opt/ros/jazzy/opt/gz_sim_vendor:/opt/ros/jazzy/opt/gz_sensors_vendor:/opt/ros/jazzy/opt/gz_physics_vendor:/opt/ros/jazzy/opt/sdformat_vendor:/opt/ros/jazzy/opt/gz_gui_vendor:/opt/ros/jazzy/opt/gz_transport_vendor:/opt/ros/jazzy/opt/gz_rendering_vendor:/opt/ros/jazzy/opt/gz_plugin_vendor:/opt/ros/jazzy/opt/gz_fuel_tools_vendor:/opt/ros/jazzy/opt/gz_msgs_vendor:/opt/ros/jazzy/opt/gz_common_vendor:/opt/ros/jazzy/opt/gz_math_vendor:/opt/ros/jazzy/opt/gz_utils_vendor:/opt/ros/jazzy/opt/gz_tools_vendor:/opt/ros/jazzy/opt/gz_ogre_next_vendor:/opt/ros/jazzy/opt/gz_dartsim_vendor:/opt/ros/jazzy/opt/gz_cmake_vendor:/opt/ros/jazzy LD_LIBRARY_PATH=/home/ubuntu/dev_ws/install/space_interfaces/lib:${LD_LIBRARY_PATH} PYTHONPATH=/home/ubuntu/dev_ws/install/space_interfaces/lib/python3.12/site-packages:${PYTHONPATH} /usr/bin/cmake --install /home/ubuntu/dev_ws/build/frame_listener
