[0.477s] Invoking command in '/home/ubuntu/quadro_ws/build/dgz_keyboard': AMENT_PREFIX_PATH=/home/ubuntu/quadro_ws/install/space_interfaces:${AMENT_PREFIX_PATH} CMAKE_PREFIX_PATH=/home/ubuntu/quadro_ws/install/space_interfaces:/opt/ros/jazzy/opt/gz_sim_vendor:/opt/ros/jazzy/opt/gz_sensors_vendor:/opt/ros/jazzy/opt/gz_physics_vendor:/opt/ros/jazzy/opt/sdformat_vendor:/opt/ros/jazzy/opt/gz_gui_vendor:/opt/ros/jazzy/opt/gz_transport_vendor:/opt/ros/jazzy/opt/gz_rendering_vendor:/opt/ros/jazzy/opt/gz_plugin_vendor:/opt/ros/jazzy/opt/gz_fuel_tools_vendor:/opt/ros/jazzy/opt/gz_msgs_vendor:/opt/ros/jazzy/opt/gz_common_vendor:/opt/ros/jazzy/opt/gz_math_vendor:/opt/ros/jazzy/opt/gz_utils_vendor:/opt/ros/jazzy/opt/gz_tools_vendor:/opt/ros/jazzy/opt/gz_ogre_next_vendor:/opt/ros/jazzy/opt/gz_dartsim_vendor:/opt/ros/jazzy/opt/gz_cmake_vendor:/opt/ros/jazzy LD_LIBRARY_PATH=/home/ubuntu/quadro_ws/install/space_interfaces/lib:${LD_LIBRARY_PATH} PYTHONPATH=/home/ubuntu/quadro_ws/install/space_interfaces/lib/python3.12/site-packages:${PYTHONPATH} /usr/bin/cmake /home/ubuntu/quadro_ws/src/dgz_keyboard -DAMENT_CMAKE_SYMLINK_INSTALL=1 -DCMAKE_INSTALL_PREFIX=/home/ubuntu/quadro_ws/install/dgz_keyboard
[0.897s] -- The C compiler identification is GNU 13.2.0
[3.152s] -- The CXX compiler identification is GNU 13.2.0
[5.109s] -- Detecting C compiler ABI info
[5.648s] -- Detecting C compiler ABI info - done
[5.667s] -- Check for working C compiler: /usr/bin/cc - skipped
[5.667s] -- Detecting C compile features
[5.668s] -- Detecting C compile features - done
[5.994s] -- Detecting CXX compiler ABI info
[6.680s] -- Detecting CXX compiler ABI info - done
[6.694s] -- Check for working CXX compiler: /usr/bin/c++ - skipped
[6.695s] -- Detecting CXX compile features
[6.696s] -- Detecting CXX compile features - done
[6.701s] -- Found ament_cmake: 2.5.2 (/opt/ros/jazzy/share/ament_cmake/cmake)
[6.954s] -- Found Python3: /usr/bin/python3 (found version "3.12.3") found components: Interpreter 
[7.067s] -- Override CMake install command with custom implementation using symlinks instead of copying resources
[7.144s] -- Found rclcpp: 28.1.5 (/opt/ros/jazzy/share/rclcpp/cmake)
[7.668s] -- Found rosidl_generator_c: 4.6.4 (/opt/ros/jazzy/share/rosidl_generator_c/cmake)
[7.697s] -- Found rosidl_generator_cpp: 4.6.4 (/opt/ros/jazzy/share/rosidl_generator_cpp/cmake)
[7.727s] -- Using all available rosidl_typesupport_c: rosidl_typesupport_fastrtps_c;rosidl_typesupport_introspection_c
[7.765s] -- Using all available rosidl_typesupport_cpp: rosidl_typesupport_fastrtps_cpp;rosidl_typesupport_introspection_cpp
[7.912s] -- Found rmw_implementation_cmake: 7.3.1 (/opt/ros/jazzy/share/rmw_implementation_cmake/cmake)
[7.917s] -- Found rmw_fastrtps_cpp: 8.4.1 (/opt/ros/jazzy/share/rmw_fastrtps_cpp/cmake)
[8.045s] -- Found OpenSSL: /usr/lib/x86_64-linux-gnu/libcrypto.so (found version "3.0.13")  
[8.632s] -- Found FastRTPS: /opt/ros/jazzy/include (Required is at least version "2.13") 
[8.863s] -- Using RMW implementation 'rmw_fastrtps_cpp' as default
[9.272s] -- Found geometry_msgs: 5.3.5 (/opt/ros/jazzy/share/geometry_msgs/cmake)
[9.319s] -- Found space_interfaces: 0.0.0 (/home/ubuntu/quadro_ws/install/space_interfaces/share/space_interfaces/cmake)
[9.337s] -- Found ament_lint_auto: 0.17.1 (/opt/ros/jazzy/share/ament_lint_auto/cmake)
[9.476s] -- Added test 'cppcheck' to perform static code analysis on C / C++ code
[9.476s] -- Configured cppcheck include dirs: 
[9.476s] -- Configured cppcheck exclude dirs and/or files: 
[9.477s] -- Added test 'flake8' to check Python code syntax and style conventions
[9.477s] -- Configured 'flake8' exclude dirs and/or files: 
[9.479s] -- Added test 'lint_cmake' to check CMake code style
[9.480s] -- Added test 'pep257' to check Python code against some of the docstring style conventions in PEP 257
[9.481s] -- Added test 'uncrustify' to check C / C++ code style
[9.481s] -- Configured uncrustify additional arguments: 
[9.482s] -- Added test 'xmllint' to check XML markup files
[9.485s] -- Configuring done (9.0s)
[9.498s] -- Generating done (0.0s)
[9.500s] -- Build files have been written to: /home/ubuntu/quadro_ws/build/dgz_keyboard
[9.511s] Invoked command in '/home/ubuntu/quadro_ws/build/dgz_keyboard' returned '0': AMENT_PREFIX_PATH=/home/ubuntu/quadro_ws/install/space_interfaces:${AMENT_PREFIX_PATH} CMAKE_PREFIX_PATH=/home/ubuntu/quadro_ws/install/space_interfaces:/opt/ros/jazzy/opt/gz_sim_vendor:/opt/ros/jazzy/opt/gz_sensors_vendor:/opt/ros/jazzy/opt/gz_physics_vendor:/opt/ros/jazzy/opt/sdformat_vendor:/opt/ros/jazzy/opt/gz_gui_vendor:/opt/ros/jazzy/opt/gz_transport_vendor:/opt/ros/jazzy/opt/gz_rendering_vendor:/opt/ros/jazzy/opt/gz_plugin_vendor:/opt/ros/jazzy/opt/gz_fuel_tools_vendor:/opt/ros/jazzy/opt/gz_msgs_vendor:/opt/ros/jazzy/opt/gz_common_vendor:/opt/ros/jazzy/opt/gz_math_vendor:/opt/ros/jazzy/opt/gz_utils_vendor:/opt/ros/jazzy/opt/gz_tools_vendor:/opt/ros/jazzy/opt/gz_ogre_next_vendor:/opt/ros/jazzy/opt/gz_dartsim_vendor:/opt/ros/jazzy/opt/gz_cmake_vendor:/opt/ros/jazzy LD_LIBRARY_PATH=/home/ubuntu/quadro_ws/install/space_interfaces/lib:${LD_LIBRARY_PATH} PYTHONPATH=/home/ubuntu/quadro_ws/install/space_interfaces/lib/python3.12/site-packages:${PYTHONPATH} /usr/bin/cmake /home/ubuntu/quadro_ws/src/dgz_keyboard -DAMENT_CMAKE_SYMLINK_INSTALL=1 -DCMAKE_INSTALL_PREFIX=/home/ubuntu/quadro_ws/install/dgz_keyboard
[9.512s] Invoking command in '/home/ubuntu/quadro_ws/build/dgz_keyboard': AMENT_PREFIX_PATH=/home/ubuntu/quadro_ws/install/space_interfaces:${AMENT_PREFIX_PATH} CMAKE_PREFIX_PATH=/home/ubuntu/quadro_ws/install/space_interfaces:/opt/ros/jazzy/opt/gz_sim_vendor:/opt/ros/jazzy/opt/gz_sensors_vendor:/opt/ros/jazzy/opt/gz_physics_vendor:/opt/ros/jazzy/opt/sdformat_vendor:/opt/ros/jazzy/opt/gz_gui_vendor:/opt/ros/jazzy/opt/gz_transport_vendor:/opt/ros/jazzy/opt/gz_rendering_vendor:/opt/ros/jazzy/opt/gz_plugin_vendor:/opt/ros/jazzy/opt/gz_fuel_tools_vendor:/opt/ros/jazzy/opt/gz_msgs_vendor:/opt/ros/jazzy/opt/gz_common_vendor:/opt/ros/jazzy/opt/gz_math_vendor:/opt/ros/jazzy/opt/gz_utils_vendor:/opt/ros/jazzy/opt/gz_tools_vendor:/opt/ros/jazzy/opt/gz_ogre_next_vendor:/opt/ros/jazzy/opt/gz_dartsim_vendor:/opt/ros/jazzy/opt/gz_cmake_vendor:/opt/ros/jazzy LD_LIBRARY_PATH=/home/ubuntu/quadro_ws/install/space_interfaces/lib:${LD_LIBRARY_PATH} PYTHONPATH=/home/ubuntu/quadro_ws/install/space_interfaces/lib/python3.12/site-packages:${PYTHONPATH} /usr/bin/cmake --build /home/ubuntu/quadro_ws/build/dgz_keyboard -- -j16 -l16
[9.572s] [ 50%] [32mBuilding CXX object CMakeFiles/dgz_keyboard_node.dir/src/dgz_keyboard_node.cpp.o[0m
[21.487s] [100%] [32m[1mLinking CXX executable dgz_keyboard_node[0m
[22.028s] [100%] Built target dgz_keyboard_node
[22.040s] Invoked command in '/home/ubuntu/quadro_ws/build/dgz_keyboard' returned '0': AMENT_PREFIX_PATH=/home/ubuntu/quadro_ws/install/space_interfaces:${AMENT_PREFIX_PATH} CMAKE_PREFIX_PATH=/home/ubuntu/quadro_ws/install/space_interfaces:/opt/ros/jazzy/opt/gz_sim_vendor:/opt/ros/jazzy/opt/gz_sensors_vendor:/opt/ros/jazzy/opt/gz_physics_vendor:/opt/ros/jazzy/opt/sdformat_vendor:/opt/ros/jazzy/opt/gz_gui_vendor:/opt/ros/jazzy/opt/gz_transport_vendor:/opt/ros/jazzy/opt/gz_rendering_vendor:/opt/ros/jazzy/opt/gz_plugin_vendor:/opt/ros/jazzy/opt/gz_fuel_tools_vendor:/opt/ros/jazzy/opt/gz_msgs_vendor:/opt/ros/jazzy/opt/gz_common_vendor:/opt/ros/jazzy/opt/gz_math_vendor:/opt/ros/jazzy/opt/gz_utils_vendor:/opt/ros/jazzy/opt/gz_tools_vendor:/opt/ros/jazzy/opt/gz_ogre_next_vendor:/opt/ros/jazzy/opt/gz_dartsim_vendor:/opt/ros/jazzy/opt/gz_cmake_vendor:/opt/ros/jazzy LD_LIBRARY_PATH=/home/ubuntu/quadro_ws/install/space_interfaces/lib:${LD_LIBRARY_PATH} PYTHONPATH=/home/ubuntu/quadro_ws/install/space_interfaces/lib/python3.12/site-packages:${PYTHONPATH} /usr/bin/cmake --build /home/ubuntu/quadro_ws/build/dgz_keyboard -- -j16 -l16
[22.065s] Invoking command in '/home/ubuntu/quadro_ws/build/dgz_keyboard': AMENT_PREFIX_PATH=/home/ubuntu/quadro_ws/install/space_interfaces:${AMENT_PREFIX_PATH} CMAKE_PREFIX_PATH=/home/ubuntu/quadro_ws/install/space_interfaces:/opt/ros/jazzy/opt/gz_sim_vendor:/opt/ros/jazzy/opt/gz_sensors_vendor:/opt/ros/jazzy/opt/gz_physics_vendor:/opt/ros/jazzy/opt/sdformat_vendor:/opt/ros/jazzy/opt/gz_gui_vendor:/opt/ros/jazzy/opt/gz_transport_vendor:/opt/ros/jazzy/opt/gz_rendering_vendor:/opt/ros/jazzy/opt/gz_plugin_vendor:/opt/ros/jazzy/opt/gz_fuel_tools_vendor:/opt/ros/jazzy/opt/gz_msgs_vendor:/opt/ros/jazzy/opt/gz_common_vendor:/opt/ros/jazzy/opt/gz_math_vendor:/opt/ros/jazzy/opt/gz_utils_vendor:/opt/ros/jazzy/opt/gz_tools_vendor:/opt/ros/jazzy/opt/gz_ogre_next_vendor:/opt/ros/jazzy/opt/gz_dartsim_vendor:/opt/ros/jazzy/opt/gz_cmake_vendor:/opt/ros/jazzy LD_LIBRARY_PATH=/home/ubuntu/quadro_ws/install/space_interfaces/lib:${LD_LIBRARY_PATH} PYTHONPATH=/home/ubuntu/quadro_ws/install/space_interfaces/lib/python3.12/site-packages:${PYTHONPATH} /usr/bin/cmake --install /home/ubuntu/quadro_ws/build/dgz_keyboard
[22.072s] -- Install configuration: ""
[22.073s] -- Execute custom install script
[22.074s] -- Symlinking: /home/ubuntu/quadro_ws/install/dgz_keyboard/lib/dgz_keyboard/dgz_keyboard_node
[22.083s] -- Symlinking: /home/ubuntu/quadro_ws/install/dgz_keyboard/share/dgz_keyboard//launch/dgz_keyboard.launch.py
[22.092s] -- Symlinking: /home/ubuntu/quadro_ws/install/dgz_keyboard/share/ament_index/resource_index/package_run_dependencies/dgz_keyboard
[22.100s] -- Symlinking: /home/ubuntu/quadro_ws/install/dgz_keyboard/share/ament_index/resource_index/parent_prefix_path/dgz_keyboard
[22.109s] -- Symlinking: /home/ubuntu/quadro_ws/install/dgz_keyboard/share/dgz_keyboard/environment/ament_prefix_path.sh
[22.117s] -- Symlinking: /home/ubuntu/quadro_ws/install/dgz_keyboard/share/dgz_keyboard/environment/ament_prefix_path.dsv
[22.127s] -- Symlinking: /home/ubuntu/quadro_ws/install/dgz_keyboard/share/dgz_keyboard/environment/path.sh
[22.136s] -- Symlinking: /home/ubuntu/quadro_ws/install/dgz_keyboard/share/dgz_keyboard/environment/path.dsv
[22.144s] -- Symlinking: /home/ubuntu/quadro_ws/install/dgz_keyboard/share/dgz_keyboard/local_setup.bash
[22.153s] -- Symlinking: /home/ubuntu/quadro_ws/install/dgz_keyboard/share/dgz_keyboard/local_setup.sh
[22.162s] -- Symlinking: /home/ubuntu/quadro_ws/install/dgz_keyboard/share/dgz_keyboard/local_setup.zsh
[22.171s] -- Symlinking: /home/ubuntu/quadro_ws/install/dgz_keyboard/share/dgz_keyboard/local_setup.dsv
[22.180s] -- Symlinking: /home/ubuntu/quadro_ws/install/dgz_keyboard/share/dgz_keyboard/package.dsv
[22.189s] -- Symlinking: /home/ubuntu/quadro_ws/install/dgz_keyboard/share/ament_index/resource_index/packages/dgz_keyboard
[22.197s] -- Symlinking: /home/ubuntu/quadro_ws/install/dgz_keyboard/share/dgz_keyboard/cmake/dgz_keyboardConfig.cmake
[22.205s] -- Symlinking: /home/ubuntu/quadro_ws/install/dgz_keyboard/share/dgz_keyboard/cmake/dgz_keyboardConfig-version.cmake
[22.214s] -- Symlinking: /home/ubuntu/quadro_ws/install/dgz_keyboard/share/dgz_keyboard/package.xml
[22.225s] Invoked command in '/home/ubuntu/quadro_ws/build/dgz_keyboard' returned '0': AMENT_PREFIX_PATH=/home/ubuntu/quadro_ws/install/space_interfaces:${AMENT_PREFIX_PATH} CMAKE_PREFIX_PATH=/home/ubuntu/quadro_ws/install/space_interfaces:/opt/ros/jazzy/opt/gz_sim_vendor:/opt/ros/jazzy/opt/gz_sensors_vendor:/opt/ros/jazzy/opt/gz_physics_vendor:/opt/ros/jazzy/opt/sdformat_vendor:/opt/ros/jazzy/opt/gz_gui_vendor:/opt/ros/jazzy/opt/gz_transport_vendor:/opt/ros/jazzy/opt/gz_rendering_vendor:/opt/ros/jazzy/opt/gz_plugin_vendor:/opt/ros/jazzy/opt/gz_fuel_tools_vendor:/opt/ros/jazzy/opt/gz_msgs_vendor:/opt/ros/jazzy/opt/gz_common_vendor:/opt/ros/jazzy/opt/gz_math_vendor:/opt/ros/jazzy/opt/gz_utils_vendor:/opt/ros/jazzy/opt/gz_tools_vendor:/opt/ros/jazzy/opt/gz_ogre_next_vendor:/opt/ros/jazzy/opt/gz_dartsim_vendor:/opt/ros/jazzy/opt/gz_cmake_vendor:/opt/ros/jazzy LD_LIBRARY_PATH=/home/ubuntu/quadro_ws/install/space_interfaces/lib:${LD_LIBRARY_PATH} PYTHONPATH=/home/ubuntu/quadro_ws/install/space_interfaces/lib/python3.12/site-packages:${PYTHONPATH} /usr/bin/cmake --install /home/ubuntu/quadro_ws/build/dgz_keyboard
