[ 25%] [32mBuilding CXX object CMakeFiles/serial_lib.dir/src/serial.cpp.o[0m
[ 50%] [32m[1mLinking CXX shared library libserial_lib.so[0m
[ 50%] Built target serial_lib
[ 75%] [32m[1mLinking CXX executable testlib_node[0m
[100%] Built target testlib_node
-- Install configuration: ""
-- Up-to-date: /home/MKGL/quadro_ws/install/serial/share/serial/environment/library_path.sh
-- Up-to-date: /home/MKGL/quadro_ws/install/serial/share/serial/environment/library_path.dsv
-- Up-to-date: /home/MKGL/quadro_ws/install/serial/include/serial
-- Up-to-date: /home/MKGL/quadro_ws/install/serial/include/serial/serial
-- Up-to-date: /home/MKGL/quadro_ws/install/serial/include/serial/serial/serial.hpp
-- Installing: /home/MKGL/quadro_ws/install/serial/lib/libserial_lib.so
-- Installing: /home/MKGL/quadro_ws/install/serial/lib/serial/testlib_node
-- Set non-toolchain portion of runtime path of "/home/MKGL/quadro_ws/install/serial/lib/serial/testlib_node" to ""
-- Up-to-date: /home/MKGL/quadro_ws/install/serial/share/ament_index/resource_index/package_run_dependencies/serial
-- Up-to-date: /home/MKGL/quadro_ws/install/serial/share/ament_index/resource_index/parent_prefix_path/serial
-- Up-to-date: /home/MKGL/quadro_ws/install/serial/share/serial/environment/ament_prefix_path.sh
-- Up-to-date: /home/MKGL/quadro_ws/install/serial/share/serial/environment/ament_prefix_path.dsv
-- Up-to-date: /home/MKGL/quadro_ws/install/serial/share/serial/environment/path.sh
-- Up-to-date: /home/MKGL/quadro_ws/install/serial/share/serial/environment/path.dsv
-- Up-to-date: /home/MKGL/quadro_ws/install/serial/share/serial/local_setup.bash
-- Up-to-date: /home/MKGL/quadro_ws/install/serial/share/serial/local_setup.sh
-- Up-to-date: /home/MKGL/quadro_ws/install/serial/share/serial/local_setup.zsh
-- Up-to-date: /home/MKGL/quadro_ws/install/serial/share/serial/local_setup.dsv
-- Installing: /home/MKGL/quadro_ws/install/serial/share/serial/package.dsv
-- Up-to-date: /home/MKGL/quadro_ws/install/serial/share/ament_index/resource_index/packages/serial
-- Up-to-date: /home/MKGL/quadro_ws/install/serial/share/serial/cmake/export_serialExport.cmake
-- Up-to-date: /home/MKGL/quadro_ws/install/serial/share/serial/cmake/export_serialExport-noconfig.cmake
-- Up-to-date: /home/MKGL/quadro_ws/install/serial/share/serial/cmake/ament_cmake_export_targets-extras.cmake
-- Up-to-date: /home/MKGL/quadro_ws/install/serial/share/serial/cmake/ament_cmake_export_dependencies-extras.cmake
-- Up-to-date: /home/MKGL/quadro_ws/install/serial/share/serial/cmake/ament_cmake_export_include_directories-extras.cmake
-- Up-to-date: /home/MKGL/quadro_ws/install/serial/share/serial/cmake/ament_cmake_export_libraries-extras.cmake
-- Up-to-date: /home/MKGL/quadro_ws/install/serial/share/serial/cmake/serialConfig.cmake
-- Up-to-date: /home/MKGL/quadro_ws/install/serial/share/serial/cmake/serialConfig-version.cmake
-- Up-to-date: /home/MKGL/quadro_ws/install/serial/share/serial/package.xml
