In file included from [01m[K/opt/ros/jazzy/include/rclcpp/rclcpp/logging.hpp:24[m[K,
                 from [01m[K/opt/ros/jazzy/include/rclcpp/rclcpp/copy_all_parameter_values.hpp:27[m[K,
                 from [01m[K/opt/ros/jazzy/include/rclcpp/rclcpp/rclcpp.hpp:171[m[K,
                 from [01m[K/home/ubuntu/quadro_ws/src/cerbere/src/imu_test_node.cpp:1[m[K:
[01m[K/home/ubuntu/quadro_ws/src/cerbere/src/imu_test_node.cpp:[m[K In member function ‘[01m[Kvoid imu_test_node::[01;32m[Kimu_callback[m[K(sensor_msgs::msg::Imu_<std::allocator<void> >::SharedPtr)[m[K’:
[01m[K/home/ubuntu/quadro_ws/src/cerbere/src/imu_test_node.cpp:79:38:[m[K [01;31m[Kerror: [m[K‘[01m[Kusing geometry_msgs::msg::PoseStamped_<std::allocator<void> >::_pose_type = struct geometry_msgs::msg::Pose_<std::allocator<void> >[m[K’ {aka ‘[01m[Kstruct geometry_msgs::msg::Pose_<std::allocator<void> >[m[K’} has no member named ‘[01m[Kx[m[K’
   79 |                     orientation.pose.[01;31m[Kx[m[K, orientation.pose.position.y, orientation.pose.z,
      |                                      [01;31m[K^[m[K
[01m[K/home/ubuntu/quadro_ws/src/cerbere/src/imu_test_node.cpp:79:87:[m[K [01;31m[Kerror: [m[K‘[01m[Kusing geometry_msgs::msg::PoseStamped_<std::allocator<void> >::_pose_type = struct geometry_msgs::msg::Pose_<std::allocator<void> >[m[K’ {aka ‘[01m[Kstruct geometry_msgs::msg::Pose_<std::allocator<void> >[m[K’} has no member named ‘[01m[Kz[m[K’
   79 |                     orientation.pose.x, orientation.pose.position.y, orientation.pose.[01;31m[Kz[m[K,
      |                                                                                       [01;31m[K^[m[K
[01m[K/home/ubuntu/quadro_ws/src/cerbere/src/imu_test_node.cpp:80:49:[m[K [01;31m[Kerror: [m[K‘[01m[Kusing geometry_msgs::msg::PoseStamped_<std::allocator<void> >::_pose_type = struct geometry_msgs::msg::Pose_<std::allocator<void> >[m[K’ {aka ‘[01m[Kstruct geometry_msgs::msg::Pose_<std::allocator<void> >[m[K’} has no member named ‘[01m[Kx[m[K’
   80 |                     orientation_covariance.pose.[01;31m[Kx[m[K, orientation_covariance.pose.position.y, orientation_covariance.pose.z,
      |                                                 [01;31m[K^[m[K
[01m[K/home/ubuntu/quadro_ws/src/cerbere/src/imu_test_node.cpp:80:120:[m[K [01;31m[Kerror: [m[K‘[01m[Kusing geometry_msgs::msg::PoseStamped_<std::allocator<void> >::_pose_type = struct geometry_msgs::msg::Pose_<std::allocator<void> >[m[K’ {aka ‘[01m[Kstruct geometry_msgs::msg::Pose_<std::allocator<void> >[m[K’} has no member named ‘[01m[Kz[m[K’
   80 |                     orientation_covariance.pose.x, orientation_covariance.pose.position.y, orientation_covariance.pose.[01;31m[Kz[m[K,
      |                                                                                                                        [01;31m[K^[m[K
[01m[K/home/ubuntu/quadro_ws/src/cerbere/src/imu_test_node.cpp:81:43:[m[K [01;31m[Kerror: [m[K‘[01m[Kusing geometry_msgs::msg::PoseStamped_<std::allocator<void> >::_pose_type = struct geometry_msgs::msg::Pose_<std::allocator<void> >[m[K’ {aka ‘[01m[Kstruct geometry_msgs::msg::Pose_<std::allocator<void> >[m[K’} has no member named ‘[01m[Kx[m[K’
   81 |                     angular_velocity.pose.[01;31m[Kx[m[K, angular_velocity.pose.position.y, angular_velocity.pose.z,
      |                                           [01;31m[K^[m[K
[01m[K/home/ubuntu/quadro_ws/src/cerbere/src/imu_test_node.cpp:81:102:[m[K [01;31m[Kerror: [m[K‘[01m[Kusing geometry_msgs::msg::PoseStamped_<std::allocator<void> >::_pose_type = struct geometry_msgs::msg::Pose_<std::allocator<void> >[m[K’ {aka ‘[01m[Kstruct geometry_msgs::msg::Pose_<std::allocator<void> >[m[K’} has no member named ‘[01m[Kz[m[K’
   81 |                     angular_velocity.pose.x, angular_velocity.pose.position.y, angular_velocity.pose.[01;31m[Kz[m[K,
      |                                                                                                      [01;31m[K^[m[K
[01m[K/home/ubuntu/quadro_ws/src/cerbere/src/imu_test_node.cpp:82:54:[m[K [01;31m[Kerror: [m[K‘[01m[Kusing geometry_msgs::msg::PoseStamped_<std::allocator<void> >::_pose_type = struct geometry_msgs::msg::Pose_<std::allocator<void> >[m[K’ {aka ‘[01m[Kstruct geometry_msgs::msg::Pose_<std::allocator<void> >[m[K’} has no member named ‘[01m[Kx[m[K’
   82 |                     angular_velocity_covariance.pose.[01;31m[Kx[m[K, angular_velocity_covariance.pose.position.y, angular_velocity_covariance.pose.z,
      |                                                      [01;31m[K^[m[K
[01m[K/home/ubuntu/quadro_ws/src/cerbere/src/imu_test_node.cpp:82:135:[m[K [01;31m[Kerror: [m[K‘[01m[Kusing geometry_msgs::msg::PoseStamped_<std::allocator<void> >::_pose_type = struct geometry_msgs::msg::Pose_<std::allocator<void> >[m[K’ {aka ‘[01m[Kstruct geometry_msgs::msg::Pose_<std::allocator<void> >[m[K’} has no member named ‘[01m[Kz[m[K’
   82 |                     angular_velocity_covariance.pose.x, angular_velocity_covariance.pose.position.y, angular_velocity_covariance.pose.[01;31m[Kz[m[K,
      |                                                                                                                                       [01;31m[K^[m[K
[01m[K/home/ubuntu/quadro_ws/src/cerbere/src/imu_test_node.cpp:83:46:[m[K [01;31m[Kerror: [m[K‘[01m[Kusing geometry_msgs::msg::PoseStamped_<std::allocator<void> >::_pose_type = struct geometry_msgs::msg::Pose_<std::allocator<void> >[m[K’ {aka ‘[01m[Kstruct geometry_msgs::msg::Pose_<std::allocator<void> >[m[K’} has no member named ‘[01m[Kx[m[K’
   83 |                     linear_acceleration.pose.[01;31m[Kx[m[K, linear_acceleration.pose.position.y, linear_acceleration.pose.z,
      |                                              [01;31m[K^[m[K
[01m[K/home/ubuntu/quadro_ws/src/cerbere/src/imu_test_node.cpp:83:111:[m[K [01;31m[Kerror: [m[K‘[01m[Kusing geometry_msgs::msg::PoseStamped_<std::allocator<void> >::_pose_type = struct geometry_msgs::msg::Pose_<std::allocator<void> >[m[K’ {aka ‘[01m[Kstruct geometry_msgs::msg::Pose_<std::allocator<void> >[m[K’} has no member named ‘[01m[Kz[m[K’
   83 |                     linear_acceleration.pose.x, linear_acceleration.pose.position.y, linear_acceleration.pose.[01;31m[Kz[m[K,
      |                                                                                                               [01;31m[K^[m[K
[01m[K/home/ubuntu/quadro_ws/src/cerbere/src/imu_test_node.cpp:84:57:[m[K [01;31m[Kerror: [m[K‘[01m[Kusing geometry_msgs::msg::PoseStamped_<std::allocator<void> >::_pose_type = struct geometry_msgs::msg::Pose_<std::allocator<void> >[m[K’ {aka ‘[01m[Kstruct geometry_msgs::msg::Pose_<std::allocator<void> >[m[K’} has no member named ‘[01m[Kx[m[K’
   84 |                     linear_acceleration_covariance.pose.[01;31m[Kx[m[K, linear_acceleration_covariance.pose.position.y, linear_acceleration_covariance.pose.z);
      |                                                         [01;31m[K^[m[K
[01m[K/home/ubuntu/quadro_ws/src/cerbere/src/imu_test_node.cpp:84:144:[m[K [01;31m[Kerror: [m[K‘[01m[Kusing geometry_msgs::msg::PoseStamped_<std::allocator<void> >::_pose_type = struct geometry_msgs::msg::Pose_<std::allocator<void> >[m[K’ {aka ‘[01m[Kstruct geometry_msgs::msg::Pose_<std::allocator<void> >[m[K’} has no member named ‘[01m[Kz[m[K’
   84 |                     linear_acceleration_covariance.pose.x, linear_acceleration_covariance.pose.position.y, linear_acceleration_covariance.pose.[01;31m[Kz[m[K);
      |                                                                                                                                                [01;31m[K^[m[K
gmake[2]: *** [CMakeFiles/imu_test_node.dir/build.make:76: CMakeFiles/imu_test_node.dir/src/imu_test_node.cpp.o] Error 1
gmake[1]: *** [CMakeFiles/Makefile2:165: CMakeFiles/imu_test_node.dir/all] Error 2
gmake[1]: *** Waiting for unfinished jobs....
gmake: *** [Makefile:146: all] Error 2
