[0.042s] Invoking command in '/home/ubuntu/quadro_ws/build/cerbere': CMAKE_PREFIX_PATH=${CMAKE_PREFIX_PATH}:/opt/ros/jazzy /usr/bin/cmake /home/ubuntu/quadro_ws/src/cerbere -DAMENT_CMAKE_SYMLINK_INSTALL=1 -DCMAKE_INSTALL_PREFIX=/home/ubuntu/quadro_ws/install/cerbere
[0.458s] -- The C compiler identification is GNU 13.2.0
[3.969s] -- The CXX compiler identification is GNU 13.2.0
[9.608s] -- Detecting C compiler ABI info
[10.895s] -- Detecting C compiler ABI info - done
[10.916s] -- Check for working C compiler: /usr/bin/cc - skipped
[10.916s] -- Detecting C compile features
[10.917s] -- Detecting C compile features - done
[11.269s] -- Detecting CXX compiler ABI info
[11.861s] -- Detecting CXX compiler ABI info - done
[11.885s] -- Check for working CXX compiler: /usr/bin/c++ - skipped
[11.886s] -- Detecting CXX compile features
[11.886s] -- Detecting CXX compile features - done
[11.893s] -- Found ament_cmake: 2.5.2 (/opt/ros/jazzy/share/ament_cmake/cmake)
[12.233s] -- Found Python3: /usr/bin/python3 (found version "3.12.3") found components: Interpreter 
[12.393s] -- Override CMake install command with custom implementation using symlinks instead of copying resources
[12.466s] -- Found rclcpp: 28.1.5 (/opt/ros/jazzy/share/rclcpp/cmake)
[12.830s] -- Found rosidl_generator_c: 4.6.4 (/opt/ros/jazzy/share/rosidl_generator_c/cmake)
[12.865s] -- Found rosidl_generator_cpp: 4.6.4 (/opt/ros/jazzy/share/rosidl_generator_cpp/cmake)
[12.897s] -- Using all available rosidl_typesupport_c: rosidl_typesupport_fastrtps_c;rosidl_typesupport_introspection_c
[12.929s] -- Using all available rosidl_typesupport_cpp: rosidl_typesupport_fastrtps_cpp;rosidl_typesupport_introspection_cpp
[13.070s] -- Found rmw_implementation_cmake: 7.3.1 (/opt/ros/jazzy/share/rmw_implementation_cmake/cmake)
[13.076s] -- Found rmw_fastrtps_cpp: 8.4.1 (/opt/ros/jazzy/share/rmw_fastrtps_cpp/cmake)
[13.218s] -- Found OpenSSL: /usr/lib/x86_64-linux-gnu/libcrypto.so (found version "3.0.13")  
[13.892s] -- Found FastRTPS: /opt/ros/jazzy/include (Required is at least version "2.13") 
[14.322s] -- Using RMW implementation 'rmw_fastrtps_cpp' as default
[15.354s] -- Found std_msgs: 5.3.5 (/opt/ros/jazzy/share/std_msgs/cmake)
[15.397s] -- Found geometry_msgs: 5.3.5 (/opt/ros/jazzy/share/geometry_msgs/cmake)
[15.431s] -- Found sensor_msgs: 5.3.5 (/opt/ros/jazzy/share/sensor_msgs/cmake)
[15.504s] -- Found ament_lint_auto: 0.17.1 (/opt/ros/jazzy/share/ament_lint_auto/cmake)
[15.721s] -- Added test 'cppcheck' to perform static code analysis on C / C++ code
[15.721s] -- Configured cppcheck include dirs: 
[15.721s] -- Configured cppcheck exclude dirs and/or files: 
[15.723s] -- Added test 'flake8' to check Python code syntax and style conventions
[15.723s] -- Configured 'flake8' exclude dirs and/or files: 
[15.725s] -- Added test 'lint_cmake' to check CMake code style
[15.727s] -- Added test 'pep257' to check Python code against some of the docstring style conventions in PEP 257
[15.729s] -- Added test 'uncrustify' to check C / C++ code style
[15.729s] -- Configured uncrustify additional arguments: 
[15.731s] -- Added test 'xmllint' to check XML markup files
[15.735s] -- Configuring done (15.7s)
[15.760s] -- Generating done (0.0s)
[15.762s] -- Build files have been written to: /home/ubuntu/quadro_ws/build/cerbere
[15.779s] Invoked command in '/home/ubuntu/quadro_ws/build/cerbere' returned '0': CMAKE_PREFIX_PATH=${CMAKE_PREFIX_PATH}:/opt/ros/jazzy /usr/bin/cmake /home/ubuntu/quadro_ws/src/cerbere -DAMENT_CMAKE_SYMLINK_INSTALL=1 -DCMAKE_INSTALL_PREFIX=/home/ubuntu/quadro_ws/install/cerbere
[15.781s] Invoking command in '/home/ubuntu/quadro_ws/build/cerbere': CMAKE_PREFIX_PATH=${CMAKE_PREFIX_PATH}:/opt/ros/jazzy /usr/bin/cmake --build /home/ubuntu/quadro_ws/build/cerbere -- -j16 -l16
[15.852s] [ 50%] [32mBuilding CXX object CMakeFiles/autorun_node.dir/src/autorun_node.cpp.o[0m
[15.852s] [ 50%] [32mBuilding CXX object CMakeFiles/imu_test_node.dir/src/imu_test_node.cpp.o[0m
[21.181s] In file included from [01m[K/opt/ros/jazzy/include/rclcpp/rclcpp/logging.hpp:24[m[K,
[21.182s]                  from [01m[K/opt/ros/jazzy/include/rclcpp/rclcpp/copy_all_parameter_values.hpp:27[m[K,
[21.182s]                  from [01m[K/opt/ros/jazzy/include/rclcpp/rclcpp/rclcpp.hpp:171[m[K,
[21.182s]                  from [01m[K/home/ubuntu/quadro_ws/src/cerbere/src/imu_test_node.cpp:1[m[K:
[21.183s] [01m[K/home/ubuntu/quadro_ws/src/cerbere/src/imu_test_node.cpp:[m[K In member function ‘[01m[Kvoid imu_test_node::[01;32m[Kimu_callback[m[K(sensor_msgs::msg::Imu_<std::allocator<void> >::SharedPtr)[m[K’:
[21.183s] [01m[K/home/ubuntu/quadro_ws/src/cerbere/src/imu_test_node.cpp:79:38:[m[K [01;31m[Kerror: [m[K‘[01m[Kusing geometry_msgs::msg::PoseStamped_<std::allocator<void> >::_pose_type = struct geometry_msgs::msg::Pose_<std::allocator<void> >[m[K’ {aka ‘[01m[Kstruct geometry_msgs::msg::Pose_<std::allocator<void> >[m[K’} has no member named ‘[01m[Kx[m[K’
[21.183s]    79 |                     orientation.pose.[01;31m[Kx[m[K, orientation.pose.position.y, orientation.pose.z,
[21.183s]       |                                      [01;31m[K^[m[K
[21.184s] [01m[K/home/ubuntu/quadro_ws/src/cerbere/src/imu_test_node.cpp:79:87:[m[K [01;31m[Kerror: [m[K‘[01m[Kusing geometry_msgs::msg::PoseStamped_<std::allocator<void> >::_pose_type = struct geometry_msgs::msg::Pose_<std::allocator<void> >[m[K’ {aka ‘[01m[Kstruct geometry_msgs::msg::Pose_<std::allocator<void> >[m[K’} has no member named ‘[01m[Kz[m[K’
[21.184s]    79 |                     orientation.pose.x, orientation.pose.position.y, orientation.pose.[01;31m[Kz[m[K,
[21.184s]       |                                                                                       [01;31m[K^[m[K
[21.184s] [01m[K/home/ubuntu/quadro_ws/src/cerbere/src/imu_test_node.cpp:80:49:[m[K [01;31m[Kerror: [m[K‘[01m[Kusing geometry_msgs::msg::PoseStamped_<std::allocator<void> >::_pose_type = struct geometry_msgs::msg::Pose_<std::allocator<void> >[m[K’ {aka ‘[01m[Kstruct geometry_msgs::msg::Pose_<std::allocator<void> >[m[K’} has no member named ‘[01m[Kx[m[K’
[21.185s]    80 |                     orientation_covariance.pose.[01;31m[Kx[m[K, orientation_covariance.pose.position.y, orientation_covariance.pose.z,
[21.185s]       |                                                 [01;31m[K^[m[K
[21.186s] [01m[K/home/ubuntu/quadro_ws/src/cerbere/src/imu_test_node.cpp:80:120:[m[K [01;31m[Kerror: [m[K‘[01m[Kusing geometry_msgs::msg::PoseStamped_<std::allocator<void> >::_pose_type = struct geometry_msgs::msg::Pose_<std::allocator<void> >[m[K’ {aka ‘[01m[Kstruct geometry_msgs::msg::Pose_<std::allocator<void> >[m[K’} has no member named ‘[01m[Kz[m[K’
[21.186s]    80 |                     orientation_covariance.pose.x, orientation_covariance.pose.position.y, orientation_covariance.pose.[01;31m[Kz[m[K,
[21.187s]       |                                                                                                                        [01;31m[K^[m[K
[21.187s] [01m[K/home/ubuntu/quadro_ws/src/cerbere/src/imu_test_node.cpp:81:43:[m[K [01;31m[Kerror: [m[K‘[01m[Kusing geometry_msgs::msg::PoseStamped_<std::allocator<void> >::_pose_type = struct geometry_msgs::msg::Pose_<std::allocator<void> >[m[K’ {aka ‘[01m[Kstruct geometry_msgs::msg::Pose_<std::allocator<void> >[m[K’} has no member named ‘[01m[Kx[m[K’
[21.188s]    81 |                     angular_velocity.pose.[01;31m[Kx[m[K, angular_velocity.pose.position.y, angular_velocity.pose.z,
[21.188s]       |                                           [01;31m[K^[m[K
[21.188s] [01m[K/home/ubuntu/quadro_ws/src/cerbere/src/imu_test_node.cpp:81:102:[m[K [01;31m[Kerror: [m[K‘[01m[Kusing geometry_msgs::msg::PoseStamped_<std::allocator<void> >::_pose_type = struct geometry_msgs::msg::Pose_<std::allocator<void> >[m[K’ {aka ‘[01m[Kstruct geometry_msgs::msg::Pose_<std::allocator<void> >[m[K’} has no member named ‘[01m[Kz[m[K’
[21.188s]    81 |                     angular_velocity.pose.x, angular_velocity.pose.position.y, angular_velocity.pose.[01;31m[Kz[m[K,
[21.188s]       |                                                                                                      [01;31m[K^[m[K
[21.189s] [01m[K/home/ubuntu/quadro_ws/src/cerbere/src/imu_test_node.cpp:82:54:[m[K [01;31m[Kerror: [m[K‘[01m[Kusing geometry_msgs::msg::PoseStamped_<std::allocator<void> >::_pose_type = struct geometry_msgs::msg::Pose_<std::allocator<void> >[m[K’ {aka ‘[01m[Kstruct geometry_msgs::msg::Pose_<std::allocator<void> >[m[K’} has no member named ‘[01m[Kx[m[K’
[21.189s]    82 |                     angular_velocity_covariance.pose.[01;31m[Kx[m[K, angular_velocity_covariance.pose.position.y, angular_velocity_covariance.pose.z,
[21.189s]       |                                                      [01;31m[K^[m[K
[21.189s] [01m[K/home/ubuntu/quadro_ws/src/cerbere/src/imu_test_node.cpp:82:135:[m[K [01;31m[Kerror: [m[K‘[01m[Kusing geometry_msgs::msg::PoseStamped_<std::allocator<void> >::_pose_type = struct geometry_msgs::msg::Pose_<std::allocator<void> >[m[K’ {aka ‘[01m[Kstruct geometry_msgs::msg::Pose_<std::allocator<void> >[m[K’} has no member named ‘[01m[Kz[m[K’
[21.190s]    82 |                     angular_velocity_covariance.pose.x, angular_velocity_covariance.pose.position.y, angular_velocity_covariance.pose.[01;31m[Kz[m[K,
[21.190s]       |                                                                                                                                       [01;31m[K^[m[K
[21.190s] [01m[K/home/ubuntu/quadro_ws/src/cerbere/src/imu_test_node.cpp:83:46:[m[K [01;31m[Kerror: [m[K‘[01m[Kusing geometry_msgs::msg::PoseStamped_<std::allocator<void> >::_pose_type = struct geometry_msgs::msg::Pose_<std::allocator<void> >[m[K’ {aka ‘[01m[Kstruct geometry_msgs::msg::Pose_<std::allocator<void> >[m[K’} has no member named ‘[01m[Kx[m[K’
[21.190s]    83 |                     linear_acceleration.pose.[01;31m[Kx[m[K, linear_acceleration.pose.position.y, linear_acceleration.pose.z,
[21.190s]       |                                              [01;31m[K^[m[K
[21.191s] [01m[K/home/ubuntu/quadro_ws/src/cerbere/src/imu_test_node.cpp:83:111:[m[K [01;31m[Kerror: [m[K‘[01m[Kusing geometry_msgs::msg::PoseStamped_<std::allocator<void> >::_pose_type = struct geometry_msgs::msg::Pose_<std::allocator<void> >[m[K’ {aka ‘[01m[Kstruct geometry_msgs::msg::Pose_<std::allocator<void> >[m[K’} has no member named ‘[01m[Kz[m[K’
[21.191s]    83 |                     linear_acceleration.pose.x, linear_acceleration.pose.position.y, linear_acceleration.pose.[01;31m[Kz[m[K,
[21.191s]       |                                                                                                               [01;31m[K^[m[K
[21.191s] [01m[K/home/ubuntu/quadro_ws/src/cerbere/src/imu_test_node.cpp:84:57:[m[K [01;31m[Kerror: [m[K‘[01m[Kusing geometry_msgs::msg::PoseStamped_<std::allocator<void> >::_pose_type = struct geometry_msgs::msg::Pose_<std::allocator<void> >[m[K’ {aka ‘[01m[Kstruct geometry_msgs::msg::Pose_<std::allocator<void> >[m[K’} has no member named ‘[01m[Kx[m[K’
[21.191s]    84 |                     linear_acceleration_covariance.pose.[01;31m[Kx[m[K, linear_acceleration_covariance.pose.position.y, linear_acceleration_covariance.pose.z);
[21.192s]       |                                                         [01;31m[K^[m[K
[21.192s] [01m[K/home/ubuntu/quadro_ws/src/cerbere/src/imu_test_node.cpp:84:144:[m[K [01;31m[Kerror: [m[K‘[01m[Kusing geometry_msgs::msg::PoseStamped_<std::allocator<void> >::_pose_type = struct geometry_msgs::msg::Pose_<std::allocator<void> >[m[K’ {aka ‘[01m[Kstruct geometry_msgs::msg::Pose_<std::allocator<void> >[m[K’} has no member named ‘[01m[Kz[m[K’
[21.192s]    84 |                     linear_acceleration_covariance.pose.x, linear_acceleration_covariance.pose.position.y, linear_acceleration_covariance.pose.[01;31m[Kz[m[K);
[21.192s]       |                                                                                                                                                [01;31m[K^[m[K
[26.692s] gmake[2]: *** [CMakeFiles/imu_test_node.dir/build.make:76: CMakeFiles/imu_test_node.dir/src/imu_test_node.cpp.o] Error 1
[26.692s] gmake[1]: *** [CMakeFiles/Makefile2:165: CMakeFiles/imu_test_node.dir/all] Error 2
[26.693s] gmake[1]: *** Waiting for unfinished jobs....
[34.266s] [ 75%] [32m[1mLinking CXX executable autorun_node[0m
[35.017s] [ 75%] Built target autorun_node
[35.018s] gmake: *** [Makefile:146: all] Error 2
[35.021s] Invoked command in '/home/ubuntu/quadro_ws/build/cerbere' returned '2': CMAKE_PREFIX_PATH=${CMAKE_PREFIX_PATH}:/opt/ros/jazzy /usr/bin/cmake --build /home/ubuntu/quadro_ws/build/cerbere -- -j16 -l16
