[0.442s] DEBUG:colcon:Command line arguments: ['/usr/bin/colcon', 'build', '--packages-select', 'serial']
[0.442s] DEBUG:colcon:Parsed command line arguments: Namespace(log_base=None, log_level=None, verb_name='build', build_base='build', install_base='install', merge_install=False, symlink_install=False, test_result_base=None, continue_on_error=False, executor='parallel', parallel_workers=4, event_handlers=None, ignore_user_meta=False, metas=['./colcon.meta'], base_paths=['.'], packages_ignore=None, packages_ignore_regex=None, paths=None, packages_up_to=None, packages_up_to_regex=None, packages_above=None, packages_above_and_dependencies=None, packages_above_depth=None, packages_select_by_dep=None, packages_skip_by_dep=None, packages_skip_up_to=None, packages_select_build_failed=False, packages_skip_build_finished=False, packages_select_test_failures=False, packages_skip_test_passed=False, packages_select=['serial'], packages_skip=None, packages_select_regex=None, packages_skip_regex=None, packages_start=None, packages_end=None, allow_overriding=[], cmake_args=None, cmake_target=None, cmake_target_skip_unavailable=False, cmake_clean_cache=False, cmake_clean_first=False, cmake_force_configure=False, ament_cmake_args=None, catkin_cmake_args=None, catkin_skip_building_tests=False, mixin_files=None, mixin=None, verb_parser=<colcon_mixin.mixin.mixin_argument.MixinArgumentDecorator object at 0xffffb4c16090>, verb_extension=<colcon_core.verb.build.BuildVerb object at 0xffffb4dd4dd0>, main=<bound method BuildVerb.main of <colcon_core.verb.build.BuildVerb object at 0xffffb4dd4dd0>>, mixin_verb=('build',))
[0.628s] Level 1:colcon.colcon_core.package_discovery:discover_packages(colcon_meta) check parameters
[0.628s] Level 1:colcon.colcon_core.package_discovery:discover_packages(recursive) check parameters
[0.628s] Level 1:colcon.colcon_core.package_discovery:discover_packages(ignore) check parameters
[0.628s] Level 1:colcon.colcon_core.package_discovery:discover_packages(path) check parameters
[0.628s] Level 1:colcon.colcon_core.package_discovery:discover_packages(colcon_meta) discover
[0.629s] Level 1:colcon.colcon_core.package_discovery:discover_packages(recursive) discover
[0.629s] INFO:colcon.colcon_core.package_discovery:Crawling recursively for packages in '/home/MKGL/quadro_ws'
[0.629s] Level 1:colcon.colcon_core.package_identification:_identify(.) by extensions ['ignore', 'ignore_ament_install']
[0.630s] Level 1:colcon.colcon_core.package_identification:_identify(.) by extension 'ignore'
[0.630s] Level 1:colcon.colcon_core.package_identification:_identify(.) by extension 'ignore_ament_install'
[0.630s] Level 1:colcon.colcon_core.package_identification:_identify(.) by extensions ['colcon_pkg']
[0.630s] Level 1:colcon.colcon_core.package_identification:_identify(.) by extension 'colcon_pkg'
[0.631s] Level 1:colcon.colcon_core.package_identification:_identify(.) by extensions ['colcon_meta']
[0.631s] Level 1:colcon.colcon_core.package_identification:_identify(.) by extension 'colcon_meta'
[0.631s] Level 1:colcon.colcon_core.package_identification:_identify(.) by extensions ['ros']
[0.631s] Level 1:colcon.colcon_core.package_identification:_identify(.) by extension 'ros'
[0.752s] Level 1:colcon.colcon_core.package_identification:_identify(.) by extensions ['cmake', 'python']
[0.753s] Level 1:colcon.colcon_core.package_identification:_identify(.) by extension 'cmake'
[0.753s] Level 1:colcon.colcon_core.package_identification:_identify(.) by extension 'python'
[0.754s] Level 1:colcon.colcon_core.package_identification:_identify(.) by extensions ['python_setup_py']
[0.754s] Level 1:colcon.colcon_core.package_identification:_identify(.) by extension 'python_setup_py'
[0.756s] Level 1:colcon.colcon_core.package_identification:_identify(build) by extensions ['ignore', 'ignore_ament_install']
[0.757s] Level 1:colcon.colcon_core.package_identification:_identify(build) by extension 'ignore'
[0.758s] Level 1:colcon.colcon_core.package_identification:_identify(build) ignored
[0.760s] Level 1:colcon.colcon_core.package_identification:_identify(install) by extensions ['ignore', 'ignore_ament_install']
[0.761s] Level 1:colcon.colcon_core.package_identification:_identify(install) by extension 'ignore'
[0.762s] Level 1:colcon.colcon_core.package_identification:_identify(install) ignored
[0.763s] Level 1:colcon.colcon_core.package_identification:_identify(log) by extensions ['ignore', 'ignore_ament_install']
[0.764s] Level 1:colcon.colcon_core.package_identification:_identify(log) by extension 'ignore'
[0.765s] Level 1:colcon.colcon_core.package_identification:_identify(log) ignored
[0.766s] Level 1:colcon.colcon_core.package_identification:_identify(src) by extensions ['ignore', 'ignore_ament_install']
[0.766s] Level 1:colcon.colcon_core.package_identification:_identify(src) by extension 'ignore'
[0.767s] Level 1:colcon.colcon_core.package_identification:_identify(src) by extension 'ignore_ament_install'
[0.767s] Level 1:colcon.colcon_core.package_identification:_identify(src) by extensions ['colcon_pkg']
[0.768s] Level 1:colcon.colcon_core.package_identification:_identify(src) by extension 'colcon_pkg'
[0.768s] Level 1:colcon.colcon_core.package_identification:_identify(src) by extensions ['colcon_meta']
[0.768s] Level 1:colcon.colcon_core.package_identification:_identify(src) by extension 'colcon_meta'
[0.768s] Level 1:colcon.colcon_core.package_identification:_identify(src) by extensions ['ros']
[0.768s] Level 1:colcon.colcon_core.package_identification:_identify(src) by extension 'ros'
[0.769s] Level 1:colcon.colcon_core.package_identification:_identify(src) by extensions ['cmake', 'python']
[0.769s] Level 1:colcon.colcon_core.package_identification:_identify(src) by extension 'cmake'
[0.769s] Level 1:colcon.colcon_core.package_identification:_identify(src) by extension 'python'
[0.769s] Level 1:colcon.colcon_core.package_identification:_identify(src) by extensions ['python_setup_py']
[0.770s] Level 1:colcon.colcon_core.package_identification:_identify(src) by extension 'python_setup_py'
[0.770s] Level 1:colcon.colcon_core.package_identification:_identify(src/dgz) by extensions ['ignore', 'ignore_ament_install']
[0.771s] Level 1:colcon.colcon_core.package_identification:_identify(src/dgz) by extension 'ignore'
[0.771s] Level 1:colcon.colcon_core.package_identification:_identify(src/dgz) by extension 'ignore_ament_install'
[0.772s] Level 1:colcon.colcon_core.package_identification:_identify(src/dgz) by extensions ['colcon_pkg']
[0.772s] Level 1:colcon.colcon_core.package_identification:_identify(src/dgz) by extension 'colcon_pkg'
[0.772s] Level 1:colcon.colcon_core.package_identification:_identify(src/dgz) by extensions ['colcon_meta']
[0.772s] Level 1:colcon.colcon_core.package_identification:_identify(src/dgz) by extension 'colcon_meta'
[0.773s] Level 1:colcon.colcon_core.package_identification:_identify(src/dgz) by extensions ['ros']
[0.773s] Level 1:colcon.colcon_core.package_identification:_identify(src/dgz) by extension 'ros'
[0.789s] DEBUG:colcon.colcon_core.package_identification:Package 'src/dgz' with type 'ros.ament_cmake' and name 'dgz'
[0.790s] Level 1:colcon.colcon_core.package_identification:_identify(src/dgz_description) by extensions ['ignore', 'ignore_ament_install']
[0.790s] Level 1:colcon.colcon_core.package_identification:_identify(src/dgz_description) by extension 'ignore'
[0.791s] Level 1:colcon.colcon_core.package_identification:_identify(src/dgz_description) by extension 'ignore_ament_install'
[0.792s] Level 1:colcon.colcon_core.package_identification:_identify(src/dgz_description) by extensions ['colcon_pkg']
[0.792s] Level 1:colcon.colcon_core.package_identification:_identify(src/dgz_description) by extension 'colcon_pkg'
[0.793s] Level 1:colcon.colcon_core.package_identification:_identify(src/dgz_description) by extensions ['colcon_meta']
[0.794s] Level 1:colcon.colcon_core.package_identification:_identify(src/dgz_description) by extension 'colcon_meta'
[0.794s] Level 1:colcon.colcon_core.package_identification:_identify(src/dgz_description) by extensions ['ros']
[0.795s] Level 1:colcon.colcon_core.package_identification:_identify(src/dgz_description) by extension 'ros'
[0.800s] DEBUG:colcon.colcon_core.package_identification:Package 'src/dgz_description' with type 'ros.ament_cmake' and name 'dgz_description'
[0.802s] Level 1:colcon.colcon_core.package_identification:_identify(src/manette) by extensions ['ignore', 'ignore_ament_install']
[0.802s] Level 1:colcon.colcon_core.package_identification:_identify(src/manette) by extension 'ignore'
[0.803s] Level 1:colcon.colcon_core.package_identification:_identify(src/manette) by extension 'ignore_ament_install'
[0.805s] Level 1:colcon.colcon_core.package_identification:_identify(src/manette) by extensions ['colcon_pkg']
[0.805s] Level 1:colcon.colcon_core.package_identification:_identify(src/manette) by extension 'colcon_pkg'
[0.806s] Level 1:colcon.colcon_core.package_identification:_identify(src/manette) by extensions ['colcon_meta']
[0.807s] Level 1:colcon.colcon_core.package_identification:_identify(src/manette) by extension 'colcon_meta'
[0.808s] Level 1:colcon.colcon_core.package_identification:_identify(src/manette) by extensions ['ros']
[0.809s] Level 1:colcon.colcon_core.package_identification:_identify(src/manette) by extension 'ros'
[0.814s] DEBUG:colcon.colcon_core.package_identification:Package 'src/manette' with type 'ros.ament_cmake' and name 'manette'
[0.816s] Level 1:colcon.colcon_core.package_identification:_identify(src/serial) by extensions ['ignore', 'ignore_ament_install']
[0.817s] Level 1:colcon.colcon_core.package_identification:_identify(src/serial) by extension 'ignore'
[0.818s] Level 1:colcon.colcon_core.package_identification:_identify(src/serial) by extension 'ignore_ament_install'
[0.819s] Level 1:colcon.colcon_core.package_identification:_identify(src/serial) by extensions ['colcon_pkg']
[0.820s] Level 1:colcon.colcon_core.package_identification:_identify(src/serial) by extension 'colcon_pkg'
[0.820s] Level 1:colcon.colcon_core.package_identification:_identify(src/serial) by extensions ['colcon_meta']
[0.821s] Level 1:colcon.colcon_core.package_identification:_identify(src/serial) by extension 'colcon_meta'
[0.821s] Level 1:colcon.colcon_core.package_identification:_identify(src/serial) by extensions ['ros']
[0.821s] Level 1:colcon.colcon_core.package_identification:_identify(src/serial) by extension 'ros'
[0.824s] DEBUG:colcon.colcon_core.package_identification:Package 'src/serial' with type 'ros.ament_cmake' and name 'serial'
[0.825s] Level 1:colcon.colcon_core.package_identification:_identify(src/space_interfaces) by extensions ['ignore', 'ignore_ament_install']
[0.826s] Level 1:colcon.colcon_core.package_identification:_identify(src/space_interfaces) by extension 'ignore'
[0.826s] Level 1:colcon.colcon_core.package_identification:_identify(src/space_interfaces) by extension 'ignore_ament_install'
[0.826s] Level 1:colcon.colcon_core.package_identification:_identify(src/space_interfaces) by extensions ['colcon_pkg']
[0.827s] Level 1:colcon.colcon_core.package_identification:_identify(src/space_interfaces) by extension 'colcon_pkg'
[0.827s] Level 1:colcon.colcon_core.package_identification:_identify(src/space_interfaces) by extensions ['colcon_meta']
[0.827s] Level 1:colcon.colcon_core.package_identification:_identify(src/space_interfaces) by extension 'colcon_meta'
[0.827s] Level 1:colcon.colcon_core.package_identification:_identify(src/space_interfaces) by extensions ['ros']
[0.827s] Level 1:colcon.colcon_core.package_identification:_identify(src/space_interfaces) by extension 'ros'
[0.829s] DEBUG:colcon.colcon_core.package_identification:Package 'src/space_interfaces' with type 'ros.ament_cmake' and name 'space_interfaces'
[0.830s] Level 1:colcon.colcon_core.package_discovery:discover_packages(recursive) using defaults
[0.830s] Level 1:colcon.colcon_core.package_discovery:discover_packages(ignore) discover
[0.830s] Level 1:colcon.colcon_core.package_discovery:discover_packages(ignore) using defaults
[0.830s] Level 1:colcon.colcon_core.package_discovery:discover_packages(path) discover
[0.830s] Level 1:colcon.colcon_core.package_discovery:discover_packages(path) using defaults
[0.909s] INFO:colcon.colcon_core.package_selection:Skipping not selected package 'dgz_description' in 'src/dgz_description'
[0.910s] INFO:colcon.colcon_core.package_selection:Skipping not selected package 'space_interfaces' in 'src/space_interfaces'
[0.910s] INFO:colcon.colcon_core.package_selection:Skipping not selected package 'dgz' in 'src/dgz'
[0.910s] INFO:colcon.colcon_core.package_selection:Skipping not selected package 'manette' in 'src/manette'
[0.912s] Level 1:colcon.colcon_core.package_discovery:discover_packages(prefix_path) check parameters
[0.912s] Level 1:colcon.colcon_core.package_discovery:discover_packages(prefix_path) discover
[0.916s] WARNING:colcon.colcon_ros.prefix_path.ament:The path '/home/MKGL/quadro_ws/install/space_interfaces' in the environment variable AMENT_PREFIX_PATH doesn't exist
[0.917s] WARNING:colcon.colcon_ros.prefix_path.ament:The path '/home/MKGL/quadro_ws/install/dgz_description' in the environment variable AMENT_PREFIX_PATH doesn't exist
[0.918s] WARNING:colcon.colcon_ros.prefix_path.catkin:The path '/home/MKGL/quadro_ws/install/space_interfaces' in the environment variable CMAKE_PREFIX_PATH doesn't exist
[0.918s] WARNING:colcon.colcon_ros.prefix_path.catkin:The path '/home/MKGL/quadro_ws/install/dgz_description' in the environment variable CMAKE_PREFIX_PATH doesn't exist
[0.921s] DEBUG:colcon.colcon_installed_package_information.package_discovery:Found 1 installed packages in /home/MKGL/quadro_ws/install
[0.929s] DEBUG:colcon.colcon_installed_package_information.package_discovery:Found 198 installed packages in /opt/ros/jazzy
[0.931s] Level 1:colcon.colcon_core.package_discovery:discover_packages(prefix_path) using defaults
[1.068s] Level 5:colcon.colcon_core.verb:set package 'serial' build argument 'cmake_args' from command line to 'None'
[1.068s] Level 5:colcon.colcon_core.verb:set package 'serial' build argument 'cmake_target' from command line to 'None'
[1.068s] Level 5:colcon.colcon_core.verb:set package 'serial' build argument 'cmake_target_skip_unavailable' from command line to 'False'
[1.068s] Level 5:colcon.colcon_core.verb:set package 'serial' build argument 'cmake_clean_cache' from command line to 'False'
[1.068s] Level 5:colcon.colcon_core.verb:set package 'serial' build argument 'cmake_clean_first' from command line to 'False'
[1.068s] Level 5:colcon.colcon_core.verb:set package 'serial' build argument 'cmake_force_configure' from command line to 'False'
[1.068s] Level 5:colcon.colcon_core.verb:set package 'serial' build argument 'ament_cmake_args' from command line to 'None'
[1.068s] Level 5:colcon.colcon_core.verb:set package 'serial' build argument 'catkin_cmake_args' from command line to 'None'
[1.069s] Level 5:colcon.colcon_core.verb:set package 'serial' build argument 'catkin_skip_building_tests' from command line to 'False'
[1.069s] DEBUG:colcon.colcon_core.verb:Building package 'serial' with the following arguments: {'ament_cmake_args': None, 'build_base': '/home/MKGL/quadro_ws/build/serial', 'catkin_cmake_args': None, 'catkin_skip_building_tests': False, 'cmake_args': None, 'cmake_clean_cache': False, 'cmake_clean_first': False, 'cmake_force_configure': False, 'cmake_target': None, 'cmake_target_skip_unavailable': False, 'install_base': '/home/MKGL/quadro_ws/install/serial', 'merge_install': False, 'path': '/home/MKGL/quadro_ws/src/serial', 'symlink_install': False, 'test_result_base': None}
[1.069s] INFO:colcon.colcon_core.executor:Executing jobs using 'parallel' executor
[1.073s] DEBUG:colcon.colcon_parallel_executor.executor.parallel:run_until_complete
[1.073s] INFO:colcon.colcon_ros.task.ament_cmake.build:Building ROS package in '/home/MKGL/quadro_ws/src/serial' with build type 'ament_cmake'
[1.074s] INFO:colcon.colcon_cmake.task.cmake.build:Building CMake package in '/home/MKGL/quadro_ws/src/serial'
[1.083s] INFO:colcon.colcon_core.plugin_system:Skipping extension 'colcon_core.shell.bat': Not used on non-Windows systems
[1.084s] INFO:colcon.colcon_core.shell:Skip shell extension 'powershell' for command environment: Not usable outside of PowerShell
[1.084s] DEBUG:colcon.colcon_core.shell:Skip shell extension 'dsv' for command environment
[1.129s] DEBUG:colcon.colcon_core.event_handler.log_command:Invoking command in '/home/MKGL/quadro_ws/build/serial': CMAKE_PREFIX_PATH=${CMAKE_PREFIX_PATH}:/opt/ros/jazzy DEBUGINFOD_URLS=https://debuginfod.ubuntu.com /usr/bin/cmake --build /home/MKGL/quadro_ws/build/serial -- -j4 -l4
[16.047s] DEBUG:colcon.colcon_core.event_handler.log_command:Invoked command in '/home/MKGL/quadro_ws/build/serial' returned '2': CMAKE_PREFIX_PATH=${CMAKE_PREFIX_PATH}:/opt/ros/jazzy DEBUGINFOD_URLS=https://debuginfod.ubuntu.com /usr/bin/cmake --build /home/MKGL/quadro_ws/build/serial -- -j4 -l4
[16.212s] Level 1:colcon.colcon_core.environment:create_environment_scripts_only(serial)
[16.222s] Level 1:colcon.colcon_core.environment:checking '/home/MKGL/quadro_ws/install/serial' for CMake module files
[16.226s] Level 1:colcon.colcon_core.environment:checking '/home/MKGL/quadro_ws/install/serial' for CMake config files
[16.228s] Level 1:colcon.colcon_core.shell:create_environment_hook('serial', 'cmake_prefix_path')
[16.228s] INFO:colcon.colcon_core.shell:Creating environment hook '/home/MKGL/quadro_ws/install/serial/share/serial/hook/cmake_prefix_path.ps1'
[16.231s] INFO:colcon.colcon_core.shell:Creating environment descriptor '/home/MKGL/quadro_ws/install/serial/share/serial/hook/cmake_prefix_path.dsv'
[16.232s] INFO:colcon.colcon_core.shell:Creating environment hook '/home/MKGL/quadro_ws/install/serial/share/serial/hook/cmake_prefix_path.sh'
[16.236s] Level 1:colcon.colcon_core.environment:checking '/home/MKGL/quadro_ws/install/serial/lib'
[16.237s] Level 1:colcon.colcon_core.shell:create_environment_hook('serial', 'ld_library_path_lib')
[16.237s] INFO:colcon.colcon_core.shell:Creating environment hook '/home/MKGL/quadro_ws/install/serial/share/serial/hook/ld_library_path_lib.ps1'
[16.239s] INFO:colcon.colcon_core.shell:Creating environment descriptor '/home/MKGL/quadro_ws/install/serial/share/serial/hook/ld_library_path_lib.dsv'
[16.242s] INFO:colcon.colcon_core.shell:Creating environment hook '/home/MKGL/quadro_ws/install/serial/share/serial/hook/ld_library_path_lib.sh'
[16.244s] Level 1:colcon.colcon_core.environment:checking '/home/MKGL/quadro_ws/install/serial/bin'
[16.245s] Level 1:colcon.colcon_core.environment:checking '/home/MKGL/quadro_ws/install/serial/lib/pkgconfig/serial.pc'
[16.246s] Level 1:colcon.colcon_core.environment:checking '/home/MKGL/quadro_ws/install/serial/lib/python3.12/site-packages'
[16.246s] Level 1:colcon.colcon_core.environment:checking '/home/MKGL/quadro_ws/install/serial/bin'
[16.247s] INFO:colcon.colcon_core.shell:Creating package script '/home/MKGL/quadro_ws/install/serial/share/serial/package.ps1'
[16.251s] INFO:colcon.colcon_core.shell:Creating package descriptor '/home/MKGL/quadro_ws/install/serial/share/serial/package.dsv'
[16.253s] INFO:colcon.colcon_core.shell:Creating package script '/home/MKGL/quadro_ws/install/serial/share/serial/package.sh'
[16.256s] INFO:colcon.colcon_core.shell:Creating package script '/home/MKGL/quadro_ws/install/serial/share/serial/package.bash'
[16.259s] INFO:colcon.colcon_core.shell:Creating package script '/home/MKGL/quadro_ws/install/serial/share/serial/package.zsh'
[16.262s] Level 1:colcon.colcon_core.environment:create_file_with_runtime_dependencies(/home/MKGL/quadro_ws/install/serial/share/colcon-core/packages/serial)
[16.273s] DEBUG:colcon.colcon_parallel_executor.executor.parallel:closing loop
[16.274s] DEBUG:colcon.colcon_parallel_executor.executor.parallel:loop closed
[16.275s] DEBUG:colcon.colcon_parallel_executor.executor.parallel:run_until_complete finished with '2'
[16.275s] DEBUG:colcon.colcon_core.event_reactor:joining thread
[16.302s] INFO:colcon.colcon_core.plugin_system:Skipping extension 'colcon_notification.desktop_notification.notify_send': Could not find 'notify-send'
[16.303s] INFO:colcon.colcon_core.plugin_system:Skipping extension 'colcon_notification.desktop_notification.terminal_notifier': Not used on non-Darwin systems
[16.303s] INFO:colcon.colcon_core.plugin_system:Skipping extension 'colcon_notification.desktop_notification.win32': Not used on non-Windows systems
[16.303s] INFO:colcon.colcon_notification.desktop_notification:Sending desktop notification using 'notify2'
[16.306s] DEBUG:colcon.colcon_notification.desktop_notification.notify2:Failed to initialize notify2: org.freedesktop.DBus.Error.ServiceUnknown: The name org.freedesktop.Notifications was not provided by any .service files
[16.307s] DEBUG:colcon.colcon_core.event_reactor:joined thread
[16.307s] INFO:colcon.colcon_core.shell:Creating prefix script '/home/MKGL/quadro_ws/install/local_setup.ps1'
[16.310s] INFO:colcon.colcon_core.shell:Creating prefix util module '/home/MKGL/quadro_ws/install/_local_setup_util_ps1.py'
[16.315s] INFO:colcon.colcon_core.shell:Creating prefix chain script '/home/MKGL/quadro_ws/install/setup.ps1'
[16.320s] INFO:colcon.colcon_core.shell:Creating prefix script '/home/MKGL/quadro_ws/install/local_setup.sh'
[16.324s] INFO:colcon.colcon_core.shell:Creating prefix util module '/home/MKGL/quadro_ws/install/_local_setup_util_sh.py'
[16.327s] INFO:colcon.colcon_core.shell:Creating prefix chain script '/home/MKGL/quadro_ws/install/setup.sh'
[16.331s] INFO:colcon.colcon_core.shell:Creating prefix script '/home/MKGL/quadro_ws/install/local_setup.bash'
[16.333s] INFO:colcon.colcon_core.shell:Creating prefix chain script '/home/MKGL/quadro_ws/install/setup.bash'
[16.337s] INFO:colcon.colcon_core.shell:Creating prefix script '/home/MKGL/quadro_ws/install/local_setup.zsh'
[16.339s] INFO:colcon.colcon_core.shell:Creating prefix chain script '/home/MKGL/quadro_ws/install/setup.zsh'
