[0.459s] DEBUG:colcon:Command line arguments: ['/usr/bin/colcon', 'build', '--packages-select', 'serial']
[0.459s] DEBUG:colcon:Parsed command line arguments: Namespace(log_base=None, log_level=None, verb_name='build', build_base='build', install_base='install', merge_install=False, symlink_install=False, test_result_base=None, continue_on_error=False, executor='parallel', parallel_workers=4, event_handlers=None, ignore_user_meta=False, metas=['./colcon.meta'], base_paths=['.'], packages_ignore=None, packages_ignore_regex=None, paths=None, packages_up_to=None, packages_up_to_regex=None, packages_above=None, packages_above_and_dependencies=None, packages_above_depth=None, packages_select_by_dep=None, packages_skip_by_dep=None, packages_skip_up_to=None, packages_select_build_failed=False, packages_skip_build_finished=False, packages_select_test_failures=False, packages_skip_test_passed=False, packages_select=['serial'], packages_skip=None, packages_select_regex=None, packages_skip_regex=None, packages_start=None, packages_end=None, allow_overriding=[], cmake_args=None, cmake_target=None, cmake_target_skip_unavailable=False, cmake_clean_cache=False, cmake_clean_first=False, cmake_force_configure=False, ament_cmake_args=None, catkin_cmake_args=None, catkin_skip_building_tests=False, mixin_files=None, mixin=None, verb_parser=<colcon_mixin.mixin.mixin_argument.MixinArgumentDecorator object at 0xffffb32d5f40>, verb_extension=<colcon_core.verb.build.BuildVerb object at 0xffffb34943e0>, main=<bound method BuildVerb.main of <colcon_core.verb.build.BuildVerb object at 0xffffb34943e0>>, mixin_verb=('build',))
[0.650s] Level 1:colcon.colcon_core.package_discovery:discover_packages(colcon_meta) check parameters
[0.651s] Level 1:colcon.colcon_core.package_discovery:discover_packages(recursive) check parameters
[0.651s] Level 1:colcon.colcon_core.package_discovery:discover_packages(ignore) check parameters
[0.651s] Level 1:colcon.colcon_core.package_discovery:discover_packages(path) check parameters
[0.651s] Level 1:colcon.colcon_core.package_discovery:discover_packages(colcon_meta) discover
[0.652s] Level 1:colcon.colcon_core.package_discovery:discover_packages(recursive) discover
[0.652s] INFO:colcon.colcon_core.package_discovery:Crawling recursively for packages in '/home/MKGL/quadro_ws'
[0.652s] Level 1:colcon.colcon_core.package_identification:_identify(.) by extensions ['ignore', 'ignore_ament_install']
[0.653s] Level 1:colcon.colcon_core.package_identification:_identify(.) by extension 'ignore'
[0.653s] Level 1:colcon.colcon_core.package_identification:_identify(.) by extension 'ignore_ament_install'
[0.653s] Level 1:colcon.colcon_core.package_identification:_identify(.) by extensions ['colcon_pkg']
[0.653s] Level 1:colcon.colcon_core.package_identification:_identify(.) by extension 'colcon_pkg'
[0.653s] Level 1:colcon.colcon_core.package_identification:_identify(.) by extensions ['colcon_meta']
[0.654s] Level 1:colcon.colcon_core.package_identification:_identify(.) by extension 'colcon_meta'
[0.654s] Level 1:colcon.colcon_core.package_identification:_identify(.) by extensions ['ros']
[0.654s] Level 1:colcon.colcon_core.package_identification:_identify(.) by extension 'ros'
[0.784s] Level 1:colcon.colcon_core.package_identification:_identify(.) by extensions ['cmake', 'python']
[0.785s] Level 1:colcon.colcon_core.package_identification:_identify(.) by extension 'cmake'
[0.786s] Level 1:colcon.colcon_core.package_identification:_identify(.) by extension 'python'
[0.786s] Level 1:colcon.colcon_core.package_identification:_identify(.) by extensions ['python_setup_py']
[0.787s] Level 1:colcon.colcon_core.package_identification:_identify(.) by extension 'python_setup_py'
[0.787s] Level 1:colcon.colcon_core.package_identification:_identify(build) by extensions ['ignore', 'ignore_ament_install']
[0.788s] Level 1:colcon.colcon_core.package_identification:_identify(build) by extension 'ignore'
[0.788s] Level 1:colcon.colcon_core.package_identification:_identify(build) ignored
[0.789s] Level 1:colcon.colcon_core.package_identification:_identify(install) by extensions ['ignore', 'ignore_ament_install']
[0.790s] Level 1:colcon.colcon_core.package_identification:_identify(install) by extension 'ignore'
[0.790s] Level 1:colcon.colcon_core.package_identification:_identify(install) ignored
[0.791s] Level 1:colcon.colcon_core.package_identification:_identify(log) by extensions ['ignore', 'ignore_ament_install']
[0.792s] Level 1:colcon.colcon_core.package_identification:_identify(log) by extension 'ignore'
[0.792s] Level 1:colcon.colcon_core.package_identification:_identify(log) ignored
[0.794s] Level 1:colcon.colcon_core.package_identification:_identify(src) by extensions ['ignore', 'ignore_ament_install']
[0.795s] Level 1:colcon.colcon_core.package_identification:_identify(src) by extension 'ignore'
[0.796s] Level 1:colcon.colcon_core.package_identification:_identify(src) by extension 'ignore_ament_install'
[0.797s] Level 1:colcon.colcon_core.package_identification:_identify(src) by extensions ['colcon_pkg']
[0.798s] Level 1:colcon.colcon_core.package_identification:_identify(src) by extension 'colcon_pkg'
[0.799s] Level 1:colcon.colcon_core.package_identification:_identify(src) by extensions ['colcon_meta']
[0.799s] Level 1:colcon.colcon_core.package_identification:_identify(src) by extension 'colcon_meta'
[0.800s] Level 1:colcon.colcon_core.package_identification:_identify(src) by extensions ['ros']
[0.800s] Level 1:colcon.colcon_core.package_identification:_identify(src) by extension 'ros'
[0.802s] Level 1:colcon.colcon_core.package_identification:_identify(src) by extensions ['cmake', 'python']
[0.802s] Level 1:colcon.colcon_core.package_identification:_identify(src) by extension 'cmake'
[0.803s] Level 1:colcon.colcon_core.package_identification:_identify(src) by extension 'python'
[0.804s] Level 1:colcon.colcon_core.package_identification:_identify(src) by extensions ['python_setup_py']
[0.805s] Level 1:colcon.colcon_core.package_identification:_identify(src) by extension 'python_setup_py'
[0.806s] Level 1:colcon.colcon_core.package_identification:_identify(src/dgz) by extensions ['ignore', 'ignore_ament_install']
[0.808s] Level 1:colcon.colcon_core.package_identification:_identify(src/dgz) by extension 'ignore'
[0.808s] Level 1:colcon.colcon_core.package_identification:_identify(src/dgz) by extension 'ignore_ament_install'
[0.810s] Level 1:colcon.colcon_core.package_identification:_identify(src/dgz) by extensions ['colcon_pkg']
[0.810s] Level 1:colcon.colcon_core.package_identification:_identify(src/dgz) by extension 'colcon_pkg'
[0.811s] Level 1:colcon.colcon_core.package_identification:_identify(src/dgz) by extensions ['colcon_meta']
[0.812s] Level 1:colcon.colcon_core.package_identification:_identify(src/dgz) by extension 'colcon_meta'
[0.813s] Level 1:colcon.colcon_core.package_identification:_identify(src/dgz) by extensions ['ros']
[0.813s] Level 1:colcon.colcon_core.package_identification:_identify(src/dgz) by extension 'ros'
[0.833s] DEBUG:colcon.colcon_core.package_identification:Package 'src/dgz' with type 'ros.ament_cmake' and name 'dgz'
[0.834s] Level 1:colcon.colcon_core.package_identification:_identify(src/dgz_description) by extensions ['ignore', 'ignore_ament_install']
[0.835s] Level 1:colcon.colcon_core.package_identification:_identify(src/dgz_description) by extension 'ignore'
[0.835s] Level 1:colcon.colcon_core.package_identification:_identify(src/dgz_description) by extension 'ignore_ament_install'
[0.835s] Level 1:colcon.colcon_core.package_identification:_identify(src/dgz_description) by extensions ['colcon_pkg']
[0.836s] Level 1:colcon.colcon_core.package_identification:_identify(src/dgz_description) by extension 'colcon_pkg'
[0.836s] Level 1:colcon.colcon_core.package_identification:_identify(src/dgz_description) by extensions ['colcon_meta']
[0.836s] Level 1:colcon.colcon_core.package_identification:_identify(src/dgz_description) by extension 'colcon_meta'
[0.837s] Level 1:colcon.colcon_core.package_identification:_identify(src/dgz_description) by extensions ['ros']
[0.837s] Level 1:colcon.colcon_core.package_identification:_identify(src/dgz_description) by extension 'ros'
[0.840s] DEBUG:colcon.colcon_core.package_identification:Package 'src/dgz_description' with type 'ros.ament_cmake' and name 'dgz_description'
[0.840s] Level 1:colcon.colcon_core.package_identification:_identify(src/manette) by extensions ['ignore', 'ignore_ament_install']
[0.841s] Level 1:colcon.colcon_core.package_identification:_identify(src/manette) by extension 'ignore'
[0.842s] Level 1:colcon.colcon_core.package_identification:_identify(src/manette) by extension 'ignore_ament_install'
[0.842s] Level 1:colcon.colcon_core.package_identification:_identify(src/manette) by extensions ['colcon_pkg']
[0.842s] Level 1:colcon.colcon_core.package_identification:_identify(src/manette) by extension 'colcon_pkg'
[0.843s] Level 1:colcon.colcon_core.package_identification:_identify(src/manette) by extensions ['colcon_meta']
[0.843s] Level 1:colcon.colcon_core.package_identification:_identify(src/manette) by extension 'colcon_meta'
[0.843s] Level 1:colcon.colcon_core.package_identification:_identify(src/manette) by extensions ['ros']
[0.843s] Level 1:colcon.colcon_core.package_identification:_identify(src/manette) by extension 'ros'
[0.847s] DEBUG:colcon.colcon_core.package_identification:Package 'src/manette' with type 'ros.ament_cmake' and name 'manette'
[0.847s] Level 1:colcon.colcon_core.package_identification:_identify(src/serial) by extensions ['ignore', 'ignore_ament_install']
[0.848s] Level 1:colcon.colcon_core.package_identification:_identify(src/serial) by extension 'ignore'
[0.849s] Level 1:colcon.colcon_core.package_identification:_identify(src/serial) by extension 'ignore_ament_install'
[0.850s] Level 1:colcon.colcon_core.package_identification:_identify(src/serial) by extensions ['colcon_pkg']
[0.850s] Level 1:colcon.colcon_core.package_identification:_identify(src/serial) by extension 'colcon_pkg'
[0.850s] Level 1:colcon.colcon_core.package_identification:_identify(src/serial) by extensions ['colcon_meta']
[0.851s] Level 1:colcon.colcon_core.package_identification:_identify(src/serial) by extension 'colcon_meta'
[0.851s] Level 1:colcon.colcon_core.package_identification:_identify(src/serial) by extensions ['ros']
[0.851s] Level 1:colcon.colcon_core.package_identification:_identify(src/serial) by extension 'ros'
[0.854s] DEBUG:colcon.colcon_core.package_identification:Package 'src/serial' with type 'ros.ament_cmake' and name 'serial'
[0.855s] Level 1:colcon.colcon_core.package_identification:_identify(src/space_interfaces) by extensions ['ignore', 'ignore_ament_install']
[0.856s] Level 1:colcon.colcon_core.package_identification:_identify(src/space_interfaces) by extension 'ignore'
[0.856s] Level 1:colcon.colcon_core.package_identification:_identify(src/space_interfaces) by extension 'ignore_ament_install'
[0.857s] Level 1:colcon.colcon_core.package_identification:_identify(src/space_interfaces) by extensions ['colcon_pkg']
[0.857s] Level 1:colcon.colcon_core.package_identification:_identify(src/space_interfaces) by extension 'colcon_pkg'
[0.857s] Level 1:colcon.colcon_core.package_identification:_identify(src/space_interfaces) by extensions ['colcon_meta']
[0.857s] Level 1:colcon.colcon_core.package_identification:_identify(src/space_interfaces) by extension 'colcon_meta'
[0.858s] Level 1:colcon.colcon_core.package_identification:_identify(src/space_interfaces) by extensions ['ros']
[0.858s] Level 1:colcon.colcon_core.package_identification:_identify(src/space_interfaces) by extension 'ros'
[0.860s] DEBUG:colcon.colcon_core.package_identification:Package 'src/space_interfaces' with type 'ros.ament_cmake' and name 'space_interfaces'
[0.861s] Level 1:colcon.colcon_core.package_discovery:discover_packages(recursive) using defaults
[0.861s] Level 1:colcon.colcon_core.package_discovery:discover_packages(ignore) discover
[0.861s] Level 1:colcon.colcon_core.package_discovery:discover_packages(ignore) using defaults
[0.861s] Level 1:colcon.colcon_core.package_discovery:discover_packages(path) discover
[0.861s] Level 1:colcon.colcon_core.package_discovery:discover_packages(path) using defaults
[0.978s] INFO:colcon.colcon_core.package_selection:Skipping not selected package 'dgz_description' in 'src/dgz_description'
[0.978s] INFO:colcon.colcon_core.package_selection:Skipping not selected package 'space_interfaces' in 'src/space_interfaces'
[0.978s] INFO:colcon.colcon_core.package_selection:Skipping not selected package 'dgz' in 'src/dgz'
[0.978s] INFO:colcon.colcon_core.package_selection:Skipping not selected package 'manette' in 'src/manette'
[0.980s] Level 1:colcon.colcon_core.package_discovery:discover_packages(prefix_path) check parameters
[0.980s] Level 1:colcon.colcon_core.package_discovery:discover_packages(prefix_path) discover
[0.984s] WARNING:colcon.colcon_ros.prefix_path.ament:The path '/home/MKGL/quadro_ws/install/space_interfaces' in the environment variable AMENT_PREFIX_PATH doesn't exist
[0.985s] WARNING:colcon.colcon_ros.prefix_path.ament:The path '/home/MKGL/quadro_ws/install/dgz_description' in the environment variable AMENT_PREFIX_PATH doesn't exist
[0.986s] WARNING:colcon.colcon_ros.prefix_path.catkin:The path '/home/MKGL/quadro_ws/install/space_interfaces' in the environment variable CMAKE_PREFIX_PATH doesn't exist
[0.986s] WARNING:colcon.colcon_ros.prefix_path.catkin:The path '/home/MKGL/quadro_ws/install/dgz_description' in the environment variable CMAKE_PREFIX_PATH doesn't exist
[0.990s] DEBUG:colcon.colcon_installed_package_information.package_discovery:Found 1 installed packages in /home/MKGL/quadro_ws/install
[0.998s] DEBUG:colcon.colcon_installed_package_information.package_discovery:Found 198 installed packages in /opt/ros/jazzy
[1.001s] Level 1:colcon.colcon_core.package_discovery:discover_packages(prefix_path) using defaults
[1.139s] Level 5:colcon.colcon_core.verb:set package 'serial' build argument 'cmake_args' from command line to 'None'
[1.139s] Level 5:colcon.colcon_core.verb:set package 'serial' build argument 'cmake_target' from command line to 'None'
[1.139s] Level 5:colcon.colcon_core.verb:set package 'serial' build argument 'cmake_target_skip_unavailable' from command line to 'False'
[1.139s] Level 5:colcon.colcon_core.verb:set package 'serial' build argument 'cmake_clean_cache' from command line to 'False'
[1.139s] Level 5:colcon.colcon_core.verb:set package 'serial' build argument 'cmake_clean_first' from command line to 'False'
[1.140s] Level 5:colcon.colcon_core.verb:set package 'serial' build argument 'cmake_force_configure' from command line to 'False'
[1.140s] Level 5:colcon.colcon_core.verb:set package 'serial' build argument 'ament_cmake_args' from command line to 'None'
[1.140s] Level 5:colcon.colcon_core.verb:set package 'serial' build argument 'catkin_cmake_args' from command line to 'None'
[1.140s] Level 5:colcon.colcon_core.verb:set package 'serial' build argument 'catkin_skip_building_tests' from command line to 'False'
[1.140s] DEBUG:colcon.colcon_core.verb:Building package 'serial' with the following arguments: {'ament_cmake_args': None, 'build_base': '/home/MKGL/quadro_ws/build/serial', 'catkin_cmake_args': None, 'catkin_skip_building_tests': False, 'cmake_args': None, 'cmake_clean_cache': False, 'cmake_clean_first': False, 'cmake_force_configure': False, 'cmake_target': None, 'cmake_target_skip_unavailable': False, 'install_base': '/home/MKGL/quadro_ws/install/serial', 'merge_install': False, 'path': '/home/MKGL/quadro_ws/src/serial', 'symlink_install': False, 'test_result_base': None}
[1.141s] INFO:colcon.colcon_core.executor:Executing jobs using 'parallel' executor
[1.144s] DEBUG:colcon.colcon_parallel_executor.executor.parallel:run_until_complete
[1.145s] INFO:colcon.colcon_ros.task.ament_cmake.build:Building ROS package in '/home/MKGL/quadro_ws/src/serial' with build type 'ament_cmake'
[1.146s] INFO:colcon.colcon_cmake.task.cmake.build:Building CMake package in '/home/MKGL/quadro_ws/src/serial'
[1.154s] INFO:colcon.colcon_core.plugin_system:Skipping extension 'colcon_core.shell.bat': Not used on non-Windows systems
[1.155s] INFO:colcon.colcon_core.shell:Skip shell extension 'powershell' for command environment: Not usable outside of PowerShell
[1.155s] DEBUG:colcon.colcon_core.shell:Skip shell extension 'dsv' for command environment
[1.203s] DEBUG:colcon.colcon_core.event_handler.log_command:Invoking command in '/home/MKGL/quadro_ws/build/serial': CMAKE_PREFIX_PATH=${CMAKE_PREFIX_PATH}:/opt/ros/jazzy DEBUGINFOD_URLS=https://debuginfod.ubuntu.com /usr/bin/cmake --build /home/MKGL/quadro_ws/build/serial -- -j4 -l4
[1.687s] DEBUG:colcon.colcon_core.event_handler.log_command:Invoked command in '/home/MKGL/quadro_ws/build/serial' returned '0': CMAKE_PREFIX_PATH=${CMAKE_PREFIX_PATH}:/opt/ros/jazzy DEBUGINFOD_URLS=https://debuginfod.ubuntu.com /usr/bin/cmake --build /home/MKGL/quadro_ws/build/serial -- -j4 -l4
[1.887s] DEBUG:colcon.colcon_core.event_handler.log_command:Invoking command in '/home/MKGL/quadro_ws/build/serial': CMAKE_PREFIX_PATH=${CMAKE_PREFIX_PATH}:/opt/ros/jazzy DEBUGINFOD_URLS=https://debuginfod.ubuntu.com /usr/bin/cmake --install /home/MKGL/quadro_ws/build/serial
[1.943s] Level 1:colcon.colcon_core.environment:create_environment_scripts_only(serial)
[1.945s] DEBUG:colcon.colcon_core.event_handler.log_command:Invoked command in '/home/MKGL/quadro_ws/build/serial' returned '0': CMAKE_PREFIX_PATH=${CMAKE_PREFIX_PATH}:/opt/ros/jazzy DEBUGINFOD_URLS=https://debuginfod.ubuntu.com /usr/bin/cmake --install /home/MKGL/quadro_ws/build/serial
[1.955s] Level 1:colcon.colcon_core.environment:checking '/home/MKGL/quadro_ws/install/serial' for CMake module files
[1.958s] Level 1:colcon.colcon_core.environment:checking '/home/MKGL/quadro_ws/install/serial' for CMake config files
[1.961s] Level 1:colcon.colcon_core.shell:create_environment_hook('serial', 'cmake_prefix_path')
[1.961s] INFO:colcon.colcon_core.shell:Creating environment hook '/home/MKGL/quadro_ws/install/serial/share/serial/hook/cmake_prefix_path.ps1'
[1.964s] INFO:colcon.colcon_core.shell:Creating environment descriptor '/home/MKGL/quadro_ws/install/serial/share/serial/hook/cmake_prefix_path.dsv'
[1.966s] INFO:colcon.colcon_core.shell:Creating environment hook '/home/MKGL/quadro_ws/install/serial/share/serial/hook/cmake_prefix_path.sh'
[1.969s] Level 1:colcon.colcon_core.environment:checking '/home/MKGL/quadro_ws/install/serial/lib'
[1.970s] Level 1:colcon.colcon_core.shell:create_environment_hook('serial', 'ld_library_path_lib')
[1.971s] INFO:colcon.colcon_core.shell:Creating environment hook '/home/MKGL/quadro_ws/install/serial/share/serial/hook/ld_library_path_lib.ps1'
[1.973s] INFO:colcon.colcon_core.shell:Creating environment descriptor '/home/MKGL/quadro_ws/install/serial/share/serial/hook/ld_library_path_lib.dsv'
[1.974s] INFO:colcon.colcon_core.shell:Creating environment hook '/home/MKGL/quadro_ws/install/serial/share/serial/hook/ld_library_path_lib.sh'
[1.976s] Level 1:colcon.colcon_core.environment:checking '/home/MKGL/quadro_ws/install/serial/bin'
[1.976s] Level 1:colcon.colcon_core.environment:checking '/home/MKGL/quadro_ws/install/serial/lib/pkgconfig/serial.pc'
[1.977s] Level 1:colcon.colcon_core.environment:checking '/home/MKGL/quadro_ws/install/serial/lib/python3.12/site-packages'
[1.978s] Level 1:colcon.colcon_core.environment:checking '/home/MKGL/quadro_ws/install/serial/bin'
[1.979s] INFO:colcon.colcon_core.shell:Creating package script '/home/MKGL/quadro_ws/install/serial/share/serial/package.ps1'
[1.982s] INFO:colcon.colcon_core.shell:Creating package descriptor '/home/MKGL/quadro_ws/install/serial/share/serial/package.dsv'
[1.984s] INFO:colcon.colcon_core.shell:Creating package script '/home/MKGL/quadro_ws/install/serial/share/serial/package.sh'
[1.988s] INFO:colcon.colcon_core.shell:Creating package script '/home/MKGL/quadro_ws/install/serial/share/serial/package.bash'
[1.991s] INFO:colcon.colcon_core.shell:Creating package script '/home/MKGL/quadro_ws/install/serial/share/serial/package.zsh'
[1.994s] Level 1:colcon.colcon_core.environment:create_file_with_runtime_dependencies(/home/MKGL/quadro_ws/install/serial/share/colcon-core/packages/serial)
[2.188s] Level 1:colcon.colcon_core.environment:create_environment_scripts_only(serial)
[2.190s] Level 1:colcon.colcon_core.environment:checking '/home/MKGL/quadro_ws/install/serial' for CMake module files
[2.196s] Level 1:colcon.colcon_core.environment:checking '/home/MKGL/quadro_ws/install/serial' for CMake config files
[2.199s] Level 1:colcon.colcon_core.shell:create_environment_hook('serial', 'cmake_prefix_path')
[2.200s] INFO:colcon.colcon_core.shell:Creating environment hook '/home/MKGL/quadro_ws/install/serial/share/serial/hook/cmake_prefix_path.ps1'
[2.203s] INFO:colcon.colcon_core.shell:Creating environment descriptor '/home/MKGL/quadro_ws/install/serial/share/serial/hook/cmake_prefix_path.dsv'
[2.205s] INFO:colcon.colcon_core.shell:Creating environment hook '/home/MKGL/quadro_ws/install/serial/share/serial/hook/cmake_prefix_path.sh'
[2.210s] Level 1:colcon.colcon_core.environment:checking '/home/MKGL/quadro_ws/install/serial/lib'
[2.211s] Level 1:colcon.colcon_core.shell:create_environment_hook('serial', 'ld_library_path_lib')
[2.212s] INFO:colcon.colcon_core.shell:Creating environment hook '/home/MKGL/quadro_ws/install/serial/share/serial/hook/ld_library_path_lib.ps1'
[2.216s] INFO:colcon.colcon_core.shell:Creating environment descriptor '/home/MKGL/quadro_ws/install/serial/share/serial/hook/ld_library_path_lib.dsv'
[2.220s] INFO:colcon.colcon_core.shell:Creating environment hook '/home/MKGL/quadro_ws/install/serial/share/serial/hook/ld_library_path_lib.sh'
[2.223s] Level 1:colcon.colcon_core.environment:checking '/home/MKGL/quadro_ws/install/serial/bin'
[2.225s] Level 1:colcon.colcon_core.environment:checking '/home/MKGL/quadro_ws/install/serial/lib/pkgconfig/serial.pc'
[2.227s] Level 1:colcon.colcon_core.environment:checking '/home/MKGL/quadro_ws/install/serial/lib/python3.12/site-packages'
[2.229s] Level 1:colcon.colcon_core.environment:checking '/home/MKGL/quadro_ws/install/serial/bin'
[2.232s] INFO:colcon.colcon_core.shell:Creating package script '/home/MKGL/quadro_ws/install/serial/share/serial/package.ps1'
[2.238s] INFO:colcon.colcon_core.shell:Creating package descriptor '/home/MKGL/quadro_ws/install/serial/share/serial/package.dsv'
[2.244s] INFO:colcon.colcon_core.shell:Creating package script '/home/MKGL/quadro_ws/install/serial/share/serial/package.sh'
[2.251s] INFO:colcon.colcon_core.shell:Creating package script '/home/MKGL/quadro_ws/install/serial/share/serial/package.bash'
[2.255s] INFO:colcon.colcon_core.shell:Creating package script '/home/MKGL/quadro_ws/install/serial/share/serial/package.zsh'
[2.257s] Level 1:colcon.colcon_core.environment:create_file_with_runtime_dependencies(/home/MKGL/quadro_ws/install/serial/share/colcon-core/packages/serial)
[2.259s] DEBUG:colcon.colcon_parallel_executor.executor.parallel:closing loop
[2.261s] DEBUG:colcon.colcon_parallel_executor.executor.parallel:loop closed
[2.261s] DEBUG:colcon.colcon_parallel_executor.executor.parallel:run_until_complete finished with '0'
[2.262s] DEBUG:colcon.colcon_core.event_reactor:joining thread
[2.283s] INFO:colcon.colcon_core.plugin_system:Skipping extension 'colcon_notification.desktop_notification.notify_send': Could not find 'notify-send'
[2.283s] INFO:colcon.colcon_core.plugin_system:Skipping extension 'colcon_notification.desktop_notification.terminal_notifier': Not used on non-Darwin systems
[2.284s] INFO:colcon.colcon_core.plugin_system:Skipping extension 'colcon_notification.desktop_notification.win32': Not used on non-Windows systems
[2.284s] INFO:colcon.colcon_notification.desktop_notification:Sending desktop notification using 'notify2'
[2.287s] DEBUG:colcon.colcon_notification.desktop_notification.notify2:Failed to initialize notify2: org.freedesktop.DBus.Error.ServiceUnknown: The name org.freedesktop.Notifications was not provided by any .service files
[2.287s] DEBUG:colcon.colcon_core.event_reactor:joined thread
[2.288s] INFO:colcon.colcon_core.shell:Creating prefix script '/home/MKGL/quadro_ws/install/local_setup.ps1'
[2.292s] INFO:colcon.colcon_core.shell:Creating prefix util module '/home/MKGL/quadro_ws/install/_local_setup_util_ps1.py'
[2.298s] INFO:colcon.colcon_core.shell:Creating prefix chain script '/home/MKGL/quadro_ws/install/setup.ps1'
[2.304s] INFO:colcon.colcon_core.shell:Creating prefix script '/home/MKGL/quadro_ws/install/local_setup.sh'
[2.306s] INFO:colcon.colcon_core.shell:Creating prefix util module '/home/MKGL/quadro_ws/install/_local_setup_util_sh.py'
[2.309s] INFO:colcon.colcon_core.shell:Creating prefix chain script '/home/MKGL/quadro_ws/install/setup.sh'
[2.313s] INFO:colcon.colcon_core.shell:Creating prefix script '/home/MKGL/quadro_ws/install/local_setup.bash'
[2.315s] INFO:colcon.colcon_core.shell:Creating prefix chain script '/home/MKGL/quadro_ws/install/setup.bash'
[2.319s] INFO:colcon.colcon_core.shell:Creating prefix script '/home/MKGL/quadro_ws/install/local_setup.zsh'
[2.321s] INFO:colcon.colcon_core.shell:Creating prefix chain script '/home/MKGL/quadro_ws/install/setup.zsh'
