[0.086s] Invoking command in '/home/MKGL/quadro_ws/build/space_interfaces': CMAKE_PREFIX_PATH=${CMAKE_PREFIX_PATH}:/opt/ros/jazzy DEBUGINFOD_URLS=https://debuginfod.ubuntu.com /usr/bin/cmake --build /home/MKGL/quadro_ws/build/space_interfaces -- -j4 -l4
[0.446s] [  2%] Built target space_interfaces__rosidl_generator_type_description
[0.496s] [  2%] Built target ament_cmake_python_symlink_space_interfaces
[0.603s] [ 17%] Built target space_interfaces__rosidl_generator_c
[0.623s] [ 20%] Built target space_interfaces__cpp
[0.822s] [ 29%] Built target space_interfaces__rosidl_typesupport_fastrtps_c
[0.899s] [ 38%] Built target space_interfaces__rosidl_typesupport_introspection_c
[0.928s] [ 47%] Built target space_interfaces__rosidl_typesupport_c
[1.086s] [ 55%] Built target space_interfaces__rosidl_typesupport_fastrtps_cpp
[1.165s] [ 64%] Built target space_interfaces__rosidl_typesupport_introspection_cpp
[1.233s] [ 73%] Built target space_interfaces__rosidl_typesupport_cpp
[1.382s] [ 73%] Built target space_interfaces
[1.510s] [ 76%] Built target space_interfaces__py
[1.660s] [ 82%] Built target space_interfaces__rosidl_generator_py
[1.924s] [ 88%] Built target space_interfaces_s__rosidl_typesupport_c
[1.963s] [ 94%] Built target space_interfaces_s__rosidl_typesupport_introspection_c
[1.966s] [100%] Built target space_interfaces_s__rosidl_typesupport_fastrtps_c
[2.197s] running egg_info
[2.283s] writing space_interfaces.egg-info/PKG-INFO
[2.284s] writing dependency_links to space_interfaces.egg-info/dependency_links.txt
[2.285s] writing top-level names to space_interfaces.egg-info/top_level.txt
[2.561s] reading manifest file 'space_interfaces.egg-info/SOURCES.txt'
[2.565s] writing manifest file 'space_interfaces.egg-info/SOURCES.txt'
[2.726s] [100%] Built target ament_cmake_python_build_space_interfaces_egg
[2.783s] Invoked command in '/home/MKGL/quadro_ws/build/space_interfaces' returned '0': CMAKE_PREFIX_PATH=${CMAKE_PREFIX_PATH}:/opt/ros/jazzy DEBUGINFOD_URLS=https://debuginfod.ubuntu.com /usr/bin/cmake --build /home/MKGL/quadro_ws/build/space_interfaces -- -j4 -l4
[3.147s] Invoking command in '/home/MKGL/quadro_ws/build/space_interfaces': CMAKE_PREFIX_PATH=${CMAKE_PREFIX_PATH}:/opt/ros/jazzy DEBUGINFOD_URLS=https://debuginfod.ubuntu.com /usr/bin/cmake --install /home/MKGL/quadro_ws/build/space_interfaces
[3.186s] -- Install configuration: ""
[3.187s] -- Execute custom install script
[3.191s] -- Up-to-date symlink: /home/MKGL/quadro_ws/install/space_interfaces/share/ament_index/resource_index/rosidl_interfaces/space_interfaces
[3.191s] -- Up-to-date symlink: /home/MKGL/quadro_ws/install/space_interfaces/share/space_interfaces/msg/Position.json
[3.197s] -- Up-to-date symlink: /home/MKGL/quadro_ws/install/space_interfaces/include/space_interfaces/space_interfaces/msg/detail/position__functions.h
[3.200s] -- Up-to-date symlink: /home/MKGL/quadro_ws/install/space_interfaces/include/space_interfaces/space_interfaces/msg/detail/position__struct.h
[3.201s] -- Up-to-date symlink: /home/MKGL/quadro_ws/install/space_interfaces/include/space_interfaces/space_interfaces/msg/detail/position__type_support.h
[3.202s] -- Up-to-date symlink: /home/MKGL/quadro_ws/install/space_interfaces/include/space_interfaces/space_interfaces/msg/position.h
[3.203s] -- Up-to-date symlink: /home/MKGL/quadro_ws/install/space_interfaces/include/space_interfaces/space_interfaces/msg/rosidl_generator_c__visibility_control.h
[3.203s] -- Up-to-date symlink: /home/MKGL/quadro_ws/install/space_interfaces/share/space_interfaces/environment/library_path.sh
[3.204s] -- Up-to-date symlink: /home/MKGL/quadro_ws/install/space_interfaces/share/space_interfaces/environment/library_path.dsv
[3.205s] -- Up-to-date symlink: /home/MKGL/quadro_ws/install/space_interfaces/include/space_interfaces/space_interfaces/msg/detail/position__rosidl_typesupport_fastrtps_c.h
[3.207s] -- Up-to-date symlink: /home/MKGL/quadro_ws/install/space_interfaces/include/space_interfaces/space_interfaces/msg/rosidl_typesupport_fastrtps_c__visibility_control.h
[3.211s] -- Up-to-date symlink: /home/MKGL/quadro_ws/install/space_interfaces/include/space_interfaces/space_interfaces/msg/detail/position__rosidl_typesupport_introspection_c.h
[3.212s] -- Up-to-date symlink: /home/MKGL/quadro_ws/install/space_interfaces/include/space_interfaces/space_interfaces/msg/rosidl_typesupport_introspection_c__visibility_control.h
[3.213s] -- Up-to-date symlink: /home/MKGL/quadro_ws/install/space_interfaces/include/space_interfaces/space_interfaces/msg/detail/position__builder.hpp
[3.215s] -- Up-to-date symlink: /home/MKGL/quadro_ws/install/space_interfaces/include/space_interfaces/space_interfaces/msg/detail/position__struct.hpp
[3.215s] -- Up-to-date symlink: /home/MKGL/quadro_ws/install/space_interfaces/include/space_interfaces/space_interfaces/msg/detail/position__traits.hpp
[3.217s] -- Up-to-date symlink: /home/MKGL/quadro_ws/install/space_interfaces/include/space_interfaces/space_interfaces/msg/detail/position__type_support.hpp
[3.218s] -- Up-to-date symlink: /home/MKGL/quadro_ws/install/space_interfaces/include/space_interfaces/space_interfaces/msg/position.hpp
[3.220s] -- Up-to-date symlink: /home/MKGL/quadro_ws/install/space_interfaces/include/space_interfaces/space_interfaces/msg/rosidl_generator_cpp__visibility_control.hpp
[3.223s] -- Up-to-date symlink: /home/MKGL/quadro_ws/install/space_interfaces/include/space_interfaces/space_interfaces/msg/detail/position__rosidl_typesupport_fastrtps_cpp.hpp
[3.224s] -- Up-to-date symlink: /home/MKGL/quadro_ws/install/space_interfaces/include/space_interfaces/space_interfaces/msg/rosidl_typesupport_fastrtps_cpp__visibility_control.h
[3.227s] -- Up-to-date symlink: /home/MKGL/quadro_ws/install/space_interfaces/include/space_interfaces/space_interfaces/msg/detail/position__rosidl_typesupport_introspection_cpp.hpp
[3.228s] -- Up-to-date symlink: /home/MKGL/quadro_ws/install/space_interfaces/share/space_interfaces/environment/pythonpath.sh
[3.229s] -- Up-to-date symlink: /home/MKGL/quadro_ws/install/space_interfaces/share/space_interfaces/environment/pythonpath.dsv
[3.231s] -- Up-to-date symlink: /home/MKGL/quadro_ws/install/space_interfaces/lib/python3.12/site-packages/space_interfaces-0.0.0-py3.12.egg-info/PKG-INFO
[3.232s] -- Up-to-date symlink: /home/MKGL/quadro_ws/install/space_interfaces/lib/python3.12/site-packages/space_interfaces-0.0.0-py3.12.egg-info/SOURCES.txt
[3.233s] -- Up-to-date symlink: /home/MKGL/quadro_ws/install/space_interfaces/lib/python3.12/site-packages/space_interfaces-0.0.0-py3.12.egg-info/dependency_links.txt
[3.234s] -- Up-to-date symlink: /home/MKGL/quadro_ws/install/space_interfaces/lib/python3.12/site-packages/space_interfaces-0.0.0-py3.12.egg-info/top_level.txt
[3.238s] -- Up-to-date symlink: /home/MKGL/quadro_ws/install/space_interfaces/lib/python3.12/site-packages/space_interfaces/__init__.py
[3.239s] -- Up-to-date symlink: /home/MKGL/quadro_ws/install/space_interfaces/lib/python3.12/site-packages/space_interfaces/_space_interfaces_s.ep.rosidl_typesupport_c.c
[3.240s] -- Up-to-date symlink: /home/MKGL/quadro_ws/install/space_interfaces/lib/python3.12/site-packages/space_interfaces/_space_interfaces_s.ep.rosidl_typesupport_fastrtps_c.c
[3.241s] -- Up-to-date symlink: /home/MKGL/quadro_ws/install/space_interfaces/lib/python3.12/site-packages/space_interfaces/_space_interfaces_s.ep.rosidl_typesupport_introspection_c.c
[3.243s] -- Up-to-date symlink: /home/MKGL/quadro_ws/install/space_interfaces/lib/python3.12/site-packages/space_interfaces/msg/__init__.py
[3.244s] -- Up-to-date symlink: /home/MKGL/quadro_ws/install/space_interfaces/lib/python3.12/site-packages/space_interfaces/msg/_position.py
[3.245s] -- Up-to-date symlink: /home/MKGL/quadro_ws/install/space_interfaces/lib/python3.12/site-packages/space_interfaces/msg/_position_s.c
[3.246s] -- Up-to-date symlink: /home/MKGL/quadro_ws/install/space_interfaces/lib/python3.12/site-packages/space_interfaces/space_interfaces_s__rosidl_typesupport_c.so
[3.247s] -- Up-to-date symlink: /home/MKGL/quadro_ws/install/space_interfaces/lib/python3.12/site-packages/space_interfaces/space_interfaces_s__rosidl_typesupport_fastrtps_c.so
[3.248s] -- Up-to-date symlink: /home/MKGL/quadro_ws/install/space_interfaces/lib/python3.12/site-packages/space_interfaces/space_interfaces_s__rosidl_typesupport_introspection_c.so
[3.249s] -- Up-to-date symlink: /home/MKGL/quadro_ws/install/space_interfaces/lib/python3.12/site-packages/space_interfaces/space_interfaces_s__rosidl_typesupport_fastrtps_c.so
[3.251s] -- Up-to-date symlink: /home/MKGL/quadro_ws/install/space_interfaces/lib/python3.12/site-packages/space_interfaces/space_interfaces_s__rosidl_typesupport_introspection_c.so
[3.253s] -- Up-to-date symlink: /home/MKGL/quadro_ws/install/space_interfaces/lib/python3.12/site-packages/space_interfaces/space_interfaces_s__rosidl_typesupport_c.so
[3.254s] -- Up-to-date symlink: /home/MKGL/quadro_ws/install/space_interfaces/share/space_interfaces/msg/Position.idl
[3.255s] -- Up-to-date symlink: /home/MKGL/quadro_ws/install/space_interfaces/share/space_interfaces/msg/Position.msg
[3.256s] -- Up-to-date symlink: /home/MKGL/quadro_ws/install/space_interfaces/share/ament_index/resource_index/package_run_dependencies/space_interfaces
[3.258s] -- Up-to-date symlink: /home/MKGL/quadro_ws/install/space_interfaces/share/ament_index/resource_index/parent_prefix_path/space_interfaces
[3.259s] -- Up-to-date symlink: /home/MKGL/quadro_ws/install/space_interfaces/share/space_interfaces/environment/ament_prefix_path.sh
[3.260s] -- Up-to-date symlink: /home/MKGL/quadro_ws/install/space_interfaces/share/space_interfaces/environment/ament_prefix_path.dsv
[3.261s] -- Up-to-date symlink: /home/MKGL/quadro_ws/install/space_interfaces/share/space_interfaces/environment/path.sh
[3.264s] -- Up-to-date symlink: /home/MKGL/quadro_ws/install/space_interfaces/share/space_interfaces/environment/path.dsv
[3.265s] -- Up-to-date symlink: /home/MKGL/quadro_ws/install/space_interfaces/share/space_interfaces/local_setup.bash
[3.266s] -- Up-to-date symlink: /home/MKGL/quadro_ws/install/space_interfaces/share/space_interfaces/local_setup.sh
[3.267s] -- Up-to-date symlink: /home/MKGL/quadro_ws/install/space_interfaces/share/space_interfaces/local_setup.zsh
[3.268s] -- Up-to-date symlink: /home/MKGL/quadro_ws/install/space_interfaces/share/space_interfaces/local_setup.dsv
[3.269s] -- Symlinking: /home/MKGL/quadro_ws/install/space_interfaces/share/space_interfaces/package.dsv
[3.313s] -- Up-to-date symlink: /home/MKGL/quadro_ws/install/space_interfaces/share/ament_index/resource_index/packages/space_interfaces
[3.314s] -- Up-to-date symlink: /home/MKGL/quadro_ws/install/space_interfaces/share/space_interfaces/cmake/rosidl_cmake-extras.cmake
[3.315s] -- Up-to-date symlink: /home/MKGL/quadro_ws/install/space_interfaces/share/space_interfaces/cmake/ament_cmake_export_include_directories-extras.cmake
[3.316s] -- Up-to-date symlink: /home/MKGL/quadro_ws/install/space_interfaces/share/space_interfaces/cmake/ament_cmake_export_libraries-extras.cmake
[3.318s] -- Up-to-date symlink: /home/MKGL/quadro_ws/install/space_interfaces/share/space_interfaces/cmake/ament_cmake_export_targets-extras.cmake
[3.319s] -- Up-to-date symlink: /home/MKGL/quadro_ws/install/space_interfaces/share/space_interfaces/cmake/rosidl_cmake_export_typesupport_targets-extras.cmake
[3.320s] -- Up-to-date symlink: /home/MKGL/quadro_ws/install/space_interfaces/share/space_interfaces/cmake/ament_cmake_export_dependencies-extras.cmake
[3.321s] -- Up-to-date symlink: /home/MKGL/quadro_ws/install/space_interfaces/share/space_interfaces/cmake/rosidl_cmake_export_typesupport_libraries-extras.cmake
[3.322s] -- Up-to-date symlink: /home/MKGL/quadro_ws/install/space_interfaces/share/space_interfaces/cmake/space_interfacesConfig.cmake
[3.323s] -- Up-to-date symlink: /home/MKGL/quadro_ws/install/space_interfaces/share/space_interfaces/cmake/space_interfacesConfig-version.cmake
[3.325s] -- Up-to-date symlink: /home/MKGL/quadro_ws/install/space_interfaces/share/space_interfaces/package.xml
[3.326s] -- Up-to-date: /home/MKGL/quadro_ws/install/space_interfaces/lib/libspace_interfaces__rosidl_generator_c.so
[3.329s] -- Up-to-date: /home/MKGL/quadro_ws/install/space_interfaces/lib/libspace_interfaces__rosidl_typesupport_fastrtps_c.so
[3.332s] -- Up-to-date: /home/MKGL/quadro_ws/install/space_interfaces/lib/libspace_interfaces__rosidl_typesupport_introspection_c.so
[3.334s] -- Up-to-date: /home/MKGL/quadro_ws/install/space_interfaces/lib/libspace_interfaces__rosidl_typesupport_c.so
[3.336s] -- Up-to-date: /home/MKGL/quadro_ws/install/space_interfaces/lib/libspace_interfaces__rosidl_typesupport_fastrtps_cpp.so
[3.339s] -- Up-to-date: /home/MKGL/quadro_ws/install/space_interfaces/lib/libspace_interfaces__rosidl_typesupport_introspection_cpp.so
[3.341s] -- Up-to-date: /home/MKGL/quadro_ws/install/space_interfaces/lib/libspace_interfaces__rosidl_typesupport_cpp.so
[3.525s] Listing '/home/MKGL/quadro_ws/install/space_interfaces/lib/python3.12/site-packages/space_interfaces'...
[3.527s] Listing '/home/MKGL/quadro_ws/install/space_interfaces/lib/python3.12/site-packages/space_interfaces/msg'...
[3.559s] -- Up-to-date: /home/MKGL/quadro_ws/install/space_interfaces/lib/libspace_interfaces__rosidl_generator_py.so
[3.561s] -- Up-to-date: /home/MKGL/quadro_ws/install/space_interfaces/share/space_interfaces/cmake/export_space_interfaces__rosidl_generator_cExport.cmake
[3.562s] -- Up-to-date: /home/MKGL/quadro_ws/install/space_interfaces/share/space_interfaces/cmake/export_space_interfaces__rosidl_generator_cExport-noconfig.cmake
[3.564s] -- Up-to-date: /home/MKGL/quadro_ws/install/space_interfaces/share/space_interfaces/cmake/export_space_interfaces__rosidl_typesupport_fastrtps_cExport.cmake
[3.566s] -- Up-to-date: /home/MKGL/quadro_ws/install/space_interfaces/share/space_interfaces/cmake/export_space_interfaces__rosidl_typesupport_fastrtps_cExport-noconfig.cmake
[3.567s] -- Up-to-date: /home/MKGL/quadro_ws/install/space_interfaces/share/space_interfaces/cmake/space_interfaces__rosidl_typesupport_introspection_cExport.cmake
[3.568s] -- Up-to-date: /home/MKGL/quadro_ws/install/space_interfaces/share/space_interfaces/cmake/space_interfaces__rosidl_typesupport_introspection_cExport-noconfig.cmake
[3.568s] -- Up-to-date: /home/MKGL/quadro_ws/install/space_interfaces/share/space_interfaces/cmake/space_interfaces__rosidl_typesupport_cExport.cmake
[3.569s] -- Up-to-date: /home/MKGL/quadro_ws/install/space_interfaces/share/space_interfaces/cmake/space_interfaces__rosidl_typesupport_cExport-noconfig.cmake
[3.569s] -- Up-to-date: /home/MKGL/quadro_ws/install/space_interfaces/share/space_interfaces/cmake/export_space_interfaces__rosidl_generator_cppExport.cmake
[3.570s] -- Up-to-date: /home/MKGL/quadro_ws/install/space_interfaces/share/space_interfaces/cmake/export_space_interfaces__rosidl_typesupport_fastrtps_cppExport.cmake
[3.571s] -- Up-to-date: /home/MKGL/quadro_ws/install/space_interfaces/share/space_interfaces/cmake/export_space_interfaces__rosidl_typesupport_fastrtps_cppExport-noconfig.cmake
[3.572s] -- Up-to-date: /home/MKGL/quadro_ws/install/space_interfaces/share/space_interfaces/cmake/space_interfaces__rosidl_typesupport_introspection_cppExport.cmake
[3.573s] -- Up-to-date: /home/MKGL/quadro_ws/install/space_interfaces/share/space_interfaces/cmake/space_interfaces__rosidl_typesupport_introspection_cppExport-noconfig.cmake
[3.574s] -- Up-to-date: /home/MKGL/quadro_ws/install/space_interfaces/share/space_interfaces/cmake/space_interfaces__rosidl_typesupport_cppExport.cmake
[3.574s] -- Up-to-date: /home/MKGL/quadro_ws/install/space_interfaces/share/space_interfaces/cmake/space_interfaces__rosidl_typesupport_cppExport-noconfig.cmake
[3.575s] -- Up-to-date: /home/MKGL/quadro_ws/install/space_interfaces/share/space_interfaces/cmake/export_space_interfaces__rosidl_generator_pyExport.cmake
[3.576s] -- Up-to-date: /home/MKGL/quadro_ws/install/space_interfaces/share/space_interfaces/cmake/export_space_interfaces__rosidl_generator_pyExport-noconfig.cmake
[3.585s] Invoked command in '/home/MKGL/quadro_ws/build/space_interfaces' returned '0': CMAKE_PREFIX_PATH=${CMAKE_PREFIX_PATH}:/opt/ros/jazzy DEBUGINFOD_URLS=https://debuginfod.ubuntu.com /usr/bin/cmake --install /home/MKGL/quadro_ws/build/space_interfaces
