[0.052s] Invoking command in '/home/MKGL/quadro_ws/build/manette': CMAKE_PREFIX_PATH=${CMAKE_PREFIX_PATH}:/opt/ros/jazzy DEBUGINFOD_URLS=https://debuginfod.ubuntu.com /usr/bin/cmake /home/MKGL/quadro_ws/src/manette -DAMENT_CMAKE_SYMLINK_INSTALL=1 -DCMAKE_INSTALL_PREFIX=/home/MKGL/quadro_ws/install/manette
[0.369s] -- The C compiler identification is GNU 13.2.0
[0.703s] -- The CXX compiler identification is GNU 13.2.0
[0.788s] -- Detecting C compiler ABI info
[1.273s] -- Detecting C compiler ABI info - done
[1.310s] -- Check for working C compiler: /usr/bin/cc - skipped
[1.311s] -- Detecting C compile features
[1.312s] -- Detecting C compile features - done
[1.358s] -- Detecting CXX compiler ABI info
[1.925s] -- Detecting CXX compiler ABI info - done
[1.962s] -- Check for working CXX compiler: /usr/bin/c++ - skipped
[1.963s] -- Detecting CXX compile features
[1.965s] -- Detecting CXX compile features - done
[1.986s] -- Found ament_cmake: 2.5.2 (/opt/ros/jazzy/share/ament_cmake/cmake)
[2.930s] -- Found Python3: /usr/bin/python3 (found version "3.12.3") found components: Interpreter 
[3.352s] -- Override CMake install command with custom implementation using symlinks instead of copying resources
[3.591s] -- Found rclcpp: 28.1.5 (/opt/ros/jazzy/share/rclcpp/cmake)
[3.840s] -- Found rosidl_generator_c: 4.6.4 (/opt/ros/jazzy/share/rosidl_generator_c/cmake)
[3.923s] -- Found rosidl_generator_cpp: 4.6.4 (/opt/ros/jazzy/share/rosidl_generator_cpp/cmake)
[4.017s] -- Using all available rosidl_typesupport_c: rosidl_typesupport_fastrtps_c;rosidl_typesupport_introspection_c
[4.120s] -- Using all available rosidl_typesupport_cpp: rosidl_typesupport_fastrtps_cpp;rosidl_typesupport_introspection_cpp
[4.515s] -- Found rmw_implementation_cmake: 7.3.1 (/opt/ros/jazzy/share/rmw_implementation_cmake/cmake)
[4.536s] -- Found rmw_fastrtps_cpp: 8.4.1 (/opt/ros/jazzy/share/rmw_fastrtps_cpp/cmake)
[4.972s] -- Found OpenSSL: /usr/lib/aarch64-linux-gnu/libcrypto.so (found version "3.0.13")  
[5.041s] -- Found FastRTPS: /opt/ros/jazzy/include (Required is at least version "2.13") 
[5.136s] -- Using RMW implementation 'rmw_fastrtps_cpp' as default
[5.479s] -- Found sensor_msgs: 5.3.5 (/opt/ros/jazzy/share/sensor_msgs/cmake)
[5.755s] -- Found space_interfaces: 0.0.0 (/home/MKGL/quadro_ws/install/space_interfaces/share/space_interfaces/cmake)
[5.826s] -- Found ament_lint_auto: 0.17.1 (/opt/ros/jazzy/share/ament_lint_auto/cmake)
[6.385s] -- Added test 'cppcheck' to perform static code analysis on C / C++ code
[6.385s] -- Configured cppcheck include dirs: 
[6.386s] -- Configured cppcheck exclude dirs and/or files: 
[6.388s] -- Added test 'flake8' to check Python code syntax and style conventions
[6.389s] -- Configured 'flake8' exclude dirs and/or files: 
[6.392s] -- Added test 'lint_cmake' to check CMake code style
[6.395s] -- Added test 'pep257' to check Python code against some of the docstring style conventions in PEP 257
[6.402s] -- Added test 'uncrustify' to check C / C++ code style
[6.402s] -- Configured uncrustify additional arguments: 
[6.405s] -- Added test 'xmllint' to check XML markup files
[6.414s] -- Configuring done (6.3s)
[6.485s] -- Generating done (0.0s)
[6.493s] -- Build files have been written to: /home/MKGL/quadro_ws/build/manette
