[0.030s] Invoking command in '/home/ubuntu/dev_ws/build/space_interfaces': CMAKE_PREFIX_PATH=${CMAKE_PREFIX_PATH}:/opt/ros/jazzy /usr/bin/cmake /home/ubuntu/dev_ws/src/space_interfaces -DAMENT_CMAKE_SYMLINK_INSTALL=1 -DCMAKE_INSTALL_PREFIX=/home/ubuntu/dev_ws/install/space_interfaces
[0.600s] -- The C compiler identification is GNU 13.2.0
[3.629s] -- The CXX compiler identification is GNU 13.2.0
[6.722s] -- Detecting C compiler ABI info
[7.881s] -- Detecting C compiler ABI info - done
[7.916s] -- Check for working C compiler: /usr/bin/cc - skipped
[7.919s] -- Detecting C compile features
[7.923s] -- Detecting C compile features - done
[8.359s] -- Detecting CXX compiler ABI info
[9.193s] -- Detecting CXX compiler ABI info - done
[9.214s] -- Check for working CXX compiler: /usr/bin/c++ - skipped
[9.215s] -- Detecting CXX compile features
[9.216s] -- Detecting CXX compile features - done
[9.307s] -- Found ament_cmake: 2.5.2 (/opt/ros/jazzy/share/ament_cmake/cmake)
[9.713s] -- Found Python3: /usr/bin/python3 (found version "3.12.3") found components: Interpreter 
[9.887s] -- Override CMake install command with custom implementation using symlinks instead of copying resources
[10.109s] -- Found rosidl_default_generators: 1.6.0 (/opt/ros/jazzy/share/rosidl_default_generators/cmake)
[10.154s] -- Using all available rosidl_typesupport_c: rosidl_typesupport_fastrtps_c;rosidl_typesupport_introspection_c
[11.043s] -- Using all available rosidl_typesupport_cpp: rosidl_typesupport_fastrtps_cpp;rosidl_typesupport_introspection_cpp
[11.180s] -- Found rosidl_adapter: 4.6.4 (/opt/ros/jazzy/share/rosidl_adapter/cmake)
[12.416s] -- Found ament_cmake_ros: 0.12.0 (/opt/ros/jazzy/share/ament_cmake_ros/cmake)
[13.579s] -- Using all available rosidl_typesupport_c: rosidl_typesupport_fastrtps_c;rosidl_typesupport_introspection_c
[14.738s] -- Using all available rosidl_typesupport_cpp: rosidl_typesupport_fastrtps_cpp;rosidl_typesupport_introspection_cpp
[14.746s] -- Found python_cmake_module: 0.11.1 (/opt/ros/jazzy/share/python_cmake_module/cmake)
[15.085s] -- Found PythonExtra: /usr/bin/python3  
[16.198s] -- Found Python3: /usr/bin/python3 (found version "3.12.3") found components: Interpreter Development NumPy Development.Module Development.Embed 
[16.255s] -- Found ament_lint_auto: 0.17.1 (/opt/ros/jazzy/share/ament_lint_auto/cmake)
[16.304s] -- Added test 'lint_cmake' to check CMake code style
[16.306s] -- Added test 'xmllint' to check XML markup files
[16.312s] -- Configuring done (16.3s)
[16.380s] -- Generating done (0.1s)
[16.386s] -- Build files have been written to: /home/ubuntu/dev_ws/build/space_interfaces
[16.401s] Invoked command in '/home/ubuntu/dev_ws/build/space_interfaces' returned '0': CMAKE_PREFIX_PATH=${CMAKE_PREFIX_PATH}:/opt/ros/jazzy /usr/bin/cmake /home/ubuntu/dev_ws/src/space_interfaces -DAMENT_CMAKE_SYMLINK_INSTALL=1 -DCMAKE_INSTALL_PREFIX=/home/ubuntu/dev_ws/install/space_interfaces
[16.402s] Invoking command in '/home/ubuntu/dev_ws/build/space_interfaces': CMAKE_PREFIX_PATH=${CMAKE_PREFIX_PATH}:/opt/ros/jazzy /usr/bin/cmake --build /home/ubuntu/dev_ws/build/space_interfaces -- -j16 -l16
[16.498s] [  2%] [34m[1mGenerating type hashes for ROS interfaces[0m
[16.514s] [  2%] Built target ament_cmake_python_symlink_space_interfaces
[16.886s] [  2%] Built target space_interfaces__rosidl_generator_type_description
[16.898s] [  5%] [34m[1mGenerating C code for ROS interfaces[0m
[16.911s] [  8%] [34m[1mGenerating C++ code for ROS interfaces[0m
[16.926s] running egg_info
[16.928s] creating space_interfaces.egg-info
[16.984s] writing space_interfaces.egg-info/PKG-INFO
[16.985s] writing dependency_links to space_interfaces.egg-info/dependency_links.txt
[16.985s] writing top-level names to space_interfaces.egg-info/top_level.txt
[16.985s] writing manifest file 'space_interfaces.egg-info/SOURCES.txt'
[17.101s] reading manifest file 'space_interfaces.egg-info/SOURCES.txt'
[17.102s] writing manifest file 'space_interfaces.egg-info/SOURCES.txt'
[17.133s] [  8%] Built target ament_cmake_python_build_space_interfaces_egg
[17.339s] [  8%] Built target space_interfaces__cpp
[17.395s] [ 11%] [32mBuilding C object CMakeFiles/space_interfaces__rosidl_generator_c.dir/rosidl_generator_c/space_interfaces/msg/detail/position__description.c.o[0m
[17.395s] [ 14%] [32mBuilding C object CMakeFiles/space_interfaces__rosidl_generator_c.dir/rosidl_generator_c/space_interfaces/msg/detail/position__functions.c.o[0m
[17.396s] [ 17%] [32mBuilding C object CMakeFiles/space_interfaces__rosidl_generator_c.dir/rosidl_generator_c/space_interfaces/msg/detail/position__type_support.c.o[0m
[17.675s] [ 20%] [32m[1mLinking C shared library libspace_interfaces__rosidl_generator_c.so[0m
[18.040s] [ 20%] Built target space_interfaces__rosidl_generator_c
[18.052s] [ 29%] [34m[1mGenerating C++ type support dispatch for ROS interfaces[0m
[18.052s] [ 29%] [34m[1mGenerating C type support for eProsima Fast-RTPS[0m
[18.052s] [ 29%] [34m[1mGenerating C introspection for ROS interfaces[0m
[18.053s] [ 32%] [34m[1mGenerating C++ introspection for ROS interfaces[0m
[18.055s] [ 35%] [34m[1mGenerating C type support dispatch for ROS interfaces[0m
[18.056s] [ 38%] [34m[1mGenerating C++ type support for eProsima Fast-RTPS[0m
[18.402s] [ 41%] [32mBuilding CXX object CMakeFiles/space_interfaces__rosidl_typesupport_c.dir/rosidl_typesupport_c/space_interfaces/msg/position__type_support.cpp.o[0m
[18.416s] [ 44%] [32mBuilding CXX object CMakeFiles/space_interfaces__rosidl_typesupport_cpp.dir/rosidl_typesupport_cpp/space_interfaces/msg/position__type_support.cpp.o[0m
[18.450s] [ 47%] [32mBuilding CXX object CMakeFiles/space_interfaces__rosidl_typesupport_fastrtps_cpp.dir/rosidl_typesupport_fastrtps_cpp/space_interfaces/msg/detail/dds_fastrtps/position__type_support.cpp.o[0m
[18.474s] [ 50%] [32mBuilding C object CMakeFiles/space_interfaces__rosidl_typesupport_introspection_c.dir/rosidl_typesupport_introspection_c/space_interfaces/msg/detail/position__type_support.c.o[0m
[18.481s] [ 52%] [32m[1mLinking CXX shared library libspace_interfaces__rosidl_typesupport_c.so[0m
[18.535s] [ 55%] [32m[1mLinking C shared library libspace_interfaces__rosidl_typesupport_introspection_c.so[0m
[18.554s] [ 58%] [32mBuilding CXX object CMakeFiles/space_interfaces__rosidl_typesupport_fastrtps_c.dir/rosidl_typesupport_fastrtps_c/space_interfaces/msg/detail/position__type_support_c.cpp.o[0m
[18.559s] [ 61%] [32mBuilding CXX object CMakeFiles/space_interfaces__rosidl_typesupport_introspection_cpp.dir/rosidl_typesupport_introspection_cpp/space_interfaces/msg/detail/position__type_support.cpp.o[0m
[18.754s] [ 61%] Built target space_interfaces__rosidl_typesupport_c
[18.777s] [ 61%] Built target space_interfaces__rosidl_typesupport_introspection_c
[19.118s] [ 64%] [32m[1mLinking CXX shared library libspace_interfaces__rosidl_typesupport_cpp.so[0m
[19.180s] [ 67%] [32m[1mLinking CXX shared library libspace_interfaces__rosidl_typesupport_introspection_cpp.so[0m
[19.398s] [ 67%] Built target space_interfaces__rosidl_typesupport_cpp
[19.399s] [ 70%] [32m[1mLinking CXX shared library libspace_interfaces__rosidl_typesupport_fastrtps_cpp.so[0m
[19.424s] [ 73%] [32m[1mLinking CXX shared library libspace_interfaces__rosidl_typesupport_fastrtps_c.so[0m
[19.483s] [ 73%] Built target space_interfaces__rosidl_typesupport_introspection_cpp
[19.854s] [ 73%] Built target space_interfaces__rosidl_typesupport_fastrtps_cpp
[19.870s] [ 73%] Built target space_interfaces__rosidl_typesupport_fastrtps_c
[19.896s] [ 73%] Built target space_interfaces
[19.924s] [ 76%] [34m[1mGenerating Python code for ROS interfaces[0m
[20.376s] [ 76%] Built target space_interfaces__py
[20.401s] [ 79%] [32mBuilding C object CMakeFiles/space_interfaces__rosidl_generator_py.dir/rosidl_generator_py/space_interfaces/msg/_position_s.c.o[0m
[20.706s] [ 82%] [32m[1mLinking C shared library libspace_interfaces__rosidl_generator_py.so[0m
[20.987s] [ 82%] Built target space_interfaces__rosidl_generator_py
[21.012s] [ 85%] [32mBuilding C object CMakeFiles/space_interfaces_s__rosidl_typesupport_introspection_c.dir/rosidl_generator_py/space_interfaces/_space_interfaces_s.ep.rosidl_typesupport_introspection_c.c.o[0m
[21.014s] [ 88%] [32mBuilding C object CMakeFiles/space_interfaces_s__rosidl_typesupport_fastrtps_c.dir/rosidl_generator_py/space_interfaces/_space_interfaces_s.ep.rosidl_typesupport_fastrtps_c.c.o[0m
[21.015s] [ 91%] [32mBuilding C object CMakeFiles/space_interfaces_s__rosidl_typesupport_c.dir/rosidl_generator_py/space_interfaces/_space_interfaces_s.ep.rosidl_typesupport_c.c.o[0m
[21.149s] [ 94%] [32m[1mLinking C shared module rosidl_generator_py/space_interfaces/space_interfaces_s__rosidl_typesupport_introspection_c.so[0m
[21.149s] [ 97%] [32m[1mLinking C shared module rosidl_generator_py/space_interfaces/space_interfaces_s__rosidl_typesupport_c.so[0m
[21.152s] [100%] [32m[1mLinking C shared module rosidl_generator_py/space_interfaces/space_interfaces_s__rosidl_typesupport_fastrtps_c.so[0m
[21.372s] [100%] Built target space_interfaces_s__rosidl_typesupport_introspection_c
[21.372s] [100%] Built target space_interfaces_s__rosidl_typesupport_c
[21.372s] [100%] Built target space_interfaces_s__rosidl_typesupport_fastrtps_c
[21.388s] Invoked command in '/home/ubuntu/dev_ws/build/space_interfaces' returned '0': CMAKE_PREFIX_PATH=${CMAKE_PREFIX_PATH}:/opt/ros/jazzy /usr/bin/cmake --build /home/ubuntu/dev_ws/build/space_interfaces -- -j16 -l16
[21.473s] Invoking command in '/home/ubuntu/dev_ws/build/space_interfaces': CMAKE_PREFIX_PATH=${CMAKE_PREFIX_PATH}:/opt/ros/jazzy /usr/bin/cmake --install /home/ubuntu/dev_ws/build/space_interfaces
[21.482s] -- Install configuration: ""
[21.483s] -- Execute custom install script
[21.484s] -- Symlinking: /home/ubuntu/dev_ws/install/space_interfaces/share/ament_index/resource_index/rosidl_interfaces/space_interfaces
[21.494s] -- Symlinking: /home/ubuntu/dev_ws/install/space_interfaces/share/space_interfaces/msg/Position.json
[21.506s] -- Symlinking: /home/ubuntu/dev_ws/install/space_interfaces/include/space_interfaces/space_interfaces/msg/detail/position__functions.h
[21.516s] -- Symlinking: /home/ubuntu/dev_ws/install/space_interfaces/include/space_interfaces/space_interfaces/msg/detail/position__struct.h
[21.528s] -- Symlinking: /home/ubuntu/dev_ws/install/space_interfaces/include/space_interfaces/space_interfaces/msg/detail/position__type_support.h
[21.543s] -- Symlinking: /home/ubuntu/dev_ws/install/space_interfaces/include/space_interfaces/space_interfaces/msg/position.h
[21.559s] -- Symlinking: /home/ubuntu/dev_ws/install/space_interfaces/include/space_interfaces/space_interfaces/msg/rosidl_generator_c__visibility_control.h
[21.570s] -- Symlinking: /home/ubuntu/dev_ws/install/space_interfaces/share/space_interfaces/environment/library_path.sh
[21.582s] -- Symlinking: /home/ubuntu/dev_ws/install/space_interfaces/share/space_interfaces/environment/library_path.dsv
[21.593s] -- Symlinking: /home/ubuntu/dev_ws/install/space_interfaces/include/space_interfaces/space_interfaces/msg/detail/position__rosidl_typesupport_fastrtps_c.h
[21.604s] -- Symlinking: /home/ubuntu/dev_ws/install/space_interfaces/include/space_interfaces/space_interfaces/msg/rosidl_typesupport_fastrtps_c__visibility_control.h
[21.615s] -- Symlinking: /home/ubuntu/dev_ws/install/space_interfaces/include/space_interfaces/space_interfaces/msg/detail/position__rosidl_typesupport_introspection_c.h
[21.626s] -- Symlinking: /home/ubuntu/dev_ws/install/space_interfaces/include/space_interfaces/space_interfaces/msg/rosidl_typesupport_introspection_c__visibility_control.h
[21.638s] -- Symlinking: /home/ubuntu/dev_ws/install/space_interfaces/include/space_interfaces/space_interfaces/msg/detail/position__builder.hpp
[21.648s] -- Symlinking: /home/ubuntu/dev_ws/install/space_interfaces/include/space_interfaces/space_interfaces/msg/detail/position__struct.hpp
[21.661s] -- Symlinking: /home/ubuntu/dev_ws/install/space_interfaces/include/space_interfaces/space_interfaces/msg/detail/position__traits.hpp
[21.672s] -- Symlinking: /home/ubuntu/dev_ws/install/space_interfaces/include/space_interfaces/space_interfaces/msg/detail/position__type_support.hpp
[21.683s] -- Symlinking: /home/ubuntu/dev_ws/install/space_interfaces/include/space_interfaces/space_interfaces/msg/position.hpp
[21.694s] -- Symlinking: /home/ubuntu/dev_ws/install/space_interfaces/include/space_interfaces/space_interfaces/msg/rosidl_generator_cpp__visibility_control.hpp
[21.705s] -- Symlinking: /home/ubuntu/dev_ws/install/space_interfaces/include/space_interfaces/space_interfaces/msg/detail/position__rosidl_typesupport_fastrtps_cpp.hpp
[21.716s] -- Symlinking: /home/ubuntu/dev_ws/install/space_interfaces/include/space_interfaces/space_interfaces/msg/rosidl_typesupport_fastrtps_cpp__visibility_control.h
[21.728s] -- Symlinking: /home/ubuntu/dev_ws/install/space_interfaces/include/space_interfaces/space_interfaces/msg/detail/position__rosidl_typesupport_introspection_cpp.hpp
[21.739s] -- Symlinking: /home/ubuntu/dev_ws/install/space_interfaces/share/space_interfaces/environment/pythonpath.sh
[21.750s] -- Symlinking: /home/ubuntu/dev_ws/install/space_interfaces/share/space_interfaces/environment/pythonpath.dsv
[21.761s] -- Symlinking: /home/ubuntu/dev_ws/install/space_interfaces/lib/python3.12/site-packages/space_interfaces-0.0.0-py3.12.egg-info/PKG-INFO
[21.772s] -- Symlinking: /home/ubuntu/dev_ws/install/space_interfaces/lib/python3.12/site-packages/space_interfaces-0.0.0-py3.12.egg-info/SOURCES.txt
[21.783s] -- Symlinking: /home/ubuntu/dev_ws/install/space_interfaces/lib/python3.12/site-packages/space_interfaces-0.0.0-py3.12.egg-info/dependency_links.txt
[21.795s] -- Symlinking: /home/ubuntu/dev_ws/install/space_interfaces/lib/python3.12/site-packages/space_interfaces-0.0.0-py3.12.egg-info/top_level.txt
[21.808s] -- Symlinking: /home/ubuntu/dev_ws/install/space_interfaces/lib/python3.12/site-packages/space_interfaces/__init__.py
[21.820s] -- Symlinking: /home/ubuntu/dev_ws/install/space_interfaces/lib/python3.12/site-packages/space_interfaces/_space_interfaces_s.ep.rosidl_typesupport_c.c
[21.832s] -- Symlinking: /home/ubuntu/dev_ws/install/space_interfaces/lib/python3.12/site-packages/space_interfaces/_space_interfaces_s.ep.rosidl_typesupport_fastrtps_c.c
[21.844s] -- Symlinking: /home/ubuntu/dev_ws/install/space_interfaces/lib/python3.12/site-packages/space_interfaces/_space_interfaces_s.ep.rosidl_typesupport_introspection_c.c
[21.857s] -- Symlinking: /home/ubuntu/dev_ws/install/space_interfaces/lib/python3.12/site-packages/space_interfaces/msg/__init__.py
[21.867s] -- Symlinking: /home/ubuntu/dev_ws/install/space_interfaces/lib/python3.12/site-packages/space_interfaces/msg/_position.py
[21.877s] -- Symlinking: /home/ubuntu/dev_ws/install/space_interfaces/lib/python3.12/site-packages/space_interfaces/msg/_position_s.c
[21.886s] -- Symlinking: /home/ubuntu/dev_ws/install/space_interfaces/lib/python3.12/site-packages/space_interfaces/space_interfaces_s__rosidl_typesupport_c.so
[21.896s] -- Symlinking: /home/ubuntu/dev_ws/install/space_interfaces/lib/python3.12/site-packages/space_interfaces/space_interfaces_s__rosidl_typesupport_fastrtps_c.so
[21.906s] -- Symlinking: /home/ubuntu/dev_ws/install/space_interfaces/lib/python3.12/site-packages/space_interfaces/space_interfaces_s__rosidl_typesupport_introspection_c.so
[21.917s] -- Up-to-date symlink: /home/ubuntu/dev_ws/install/space_interfaces/lib/python3.12/site-packages/space_interfaces/space_interfaces_s__rosidl_typesupport_fastrtps_c.so
[21.917s] -- Up-to-date symlink: /home/ubuntu/dev_ws/install/space_interfaces/lib/python3.12/site-packages/space_interfaces/space_interfaces_s__rosidl_typesupport_introspection_c.so
[21.918s] -- Up-to-date symlink: /home/ubuntu/dev_ws/install/space_interfaces/lib/python3.12/site-packages/space_interfaces/space_interfaces_s__rosidl_typesupport_c.so
[21.918s] -- Symlinking: /home/ubuntu/dev_ws/install/space_interfaces/share/space_interfaces/msg/Position.idl
[21.928s] -- Symlinking: /home/ubuntu/dev_ws/install/space_interfaces/share/space_interfaces/msg/Position.msg
[21.938s] -- Symlinking: /home/ubuntu/dev_ws/install/space_interfaces/share/ament_index/resource_index/package_run_dependencies/space_interfaces
[21.949s] -- Symlinking: /home/ubuntu/dev_ws/install/space_interfaces/share/ament_index/resource_index/parent_prefix_path/space_interfaces
[21.959s] -- Symlinking: /home/ubuntu/dev_ws/install/space_interfaces/share/space_interfaces/environment/ament_prefix_path.sh
[21.970s] -- Symlinking: /home/ubuntu/dev_ws/install/space_interfaces/share/space_interfaces/environment/ament_prefix_path.dsv
[21.980s] -- Symlinking: /home/ubuntu/dev_ws/install/space_interfaces/share/space_interfaces/environment/path.sh
[21.991s] -- Symlinking: /home/ubuntu/dev_ws/install/space_interfaces/share/space_interfaces/environment/path.dsv
[22.002s] -- Symlinking: /home/ubuntu/dev_ws/install/space_interfaces/share/space_interfaces/local_setup.bash
[22.013s] -- Symlinking: /home/ubuntu/dev_ws/install/space_interfaces/share/space_interfaces/local_setup.sh
[22.028s] -- Symlinking: /home/ubuntu/dev_ws/install/space_interfaces/share/space_interfaces/local_setup.zsh
[22.041s] -- Symlinking: /home/ubuntu/dev_ws/install/space_interfaces/share/space_interfaces/local_setup.dsv
[22.052s] -- Symlinking: /home/ubuntu/dev_ws/install/space_interfaces/share/space_interfaces/package.dsv
[22.063s] -- Symlinking: /home/ubuntu/dev_ws/install/space_interfaces/share/ament_index/resource_index/packages/space_interfaces
[22.074s] -- Symlinking: /home/ubuntu/dev_ws/install/space_interfaces/share/space_interfaces/cmake/rosidl_cmake-extras.cmake
[22.089s] -- Symlinking: /home/ubuntu/dev_ws/install/space_interfaces/share/space_interfaces/cmake/ament_cmake_export_include_directories-extras.cmake
[22.100s] -- Symlinking: /home/ubuntu/dev_ws/install/space_interfaces/share/space_interfaces/cmake/ament_cmake_export_libraries-extras.cmake
[22.111s] -- Symlinking: /home/ubuntu/dev_ws/install/space_interfaces/share/space_interfaces/cmake/ament_cmake_export_targets-extras.cmake
[22.122s] -- Symlinking: /home/ubuntu/dev_ws/install/space_interfaces/share/space_interfaces/cmake/rosidl_cmake_export_typesupport_targets-extras.cmake
[22.133s] -- Symlinking: /home/ubuntu/dev_ws/install/space_interfaces/share/space_interfaces/cmake/ament_cmake_export_dependencies-extras.cmake
[22.143s] -- Symlinking: /home/ubuntu/dev_ws/install/space_interfaces/share/space_interfaces/cmake/rosidl_cmake_export_typesupport_libraries-extras.cmake
[22.154s] -- Symlinking: /home/ubuntu/dev_ws/install/space_interfaces/share/space_interfaces/cmake/space_interfacesConfig.cmake
[22.165s] -- Symlinking: /home/ubuntu/dev_ws/install/space_interfaces/share/space_interfaces/cmake/space_interfacesConfig-version.cmake
[22.176s] -- Symlinking: /home/ubuntu/dev_ws/install/space_interfaces/share/space_interfaces/package.xml
[22.185s] -- Installing: /home/ubuntu/dev_ws/install/space_interfaces/lib/libspace_interfaces__rosidl_generator_c.so
[22.186s] -- Set non-toolchain portion of runtime path of "/home/ubuntu/dev_ws/install/space_interfaces/lib/libspace_interfaces__rosidl_generator_c.so" to ""
[22.186s] -- Installing: /home/ubuntu/dev_ws/install/space_interfaces/lib/libspace_interfaces__rosidl_typesupport_fastrtps_c.so
[22.188s] -- Set non-toolchain portion of runtime path of "/home/ubuntu/dev_ws/install/space_interfaces/lib/libspace_interfaces__rosidl_typesupport_fastrtps_c.so" to ""
[22.188s] -- Installing: /home/ubuntu/dev_ws/install/space_interfaces/lib/libspace_interfaces__rosidl_typesupport_introspection_c.so
[22.188s] -- Set non-toolchain portion of runtime path of "/home/ubuntu/dev_ws/install/space_interfaces/lib/libspace_interfaces__rosidl_typesupport_introspection_c.so" to ""
[22.188s] -- Installing: /home/ubuntu/dev_ws/install/space_interfaces/lib/libspace_interfaces__rosidl_typesupport_c.so
[22.189s] -- Set non-toolchain portion of runtime path of "/home/ubuntu/dev_ws/install/space_interfaces/lib/libspace_interfaces__rosidl_typesupport_c.so" to ""
[22.189s] -- Installing: /home/ubuntu/dev_ws/install/space_interfaces/lib/libspace_interfaces__rosidl_typesupport_fastrtps_cpp.so
[22.189s] -- Set non-toolchain portion of runtime path of "/home/ubuntu/dev_ws/install/space_interfaces/lib/libspace_interfaces__rosidl_typesupport_fastrtps_cpp.so" to ""
[22.190s] -- Installing: /home/ubuntu/dev_ws/install/space_interfaces/lib/libspace_interfaces__rosidl_typesupport_introspection_cpp.so
[22.190s] -- Set non-toolchain portion of runtime path of "/home/ubuntu/dev_ws/install/space_interfaces/lib/libspace_interfaces__rosidl_typesupport_introspection_cpp.so" to ""
[22.190s] -- Installing: /home/ubuntu/dev_ws/install/space_interfaces/lib/libspace_interfaces__rosidl_typesupport_cpp.so
[22.190s] -- Set non-toolchain portion of runtime path of "/home/ubuntu/dev_ws/install/space_interfaces/lib/libspace_interfaces__rosidl_typesupport_cpp.so" to ""
[22.242s] Listing '/home/ubuntu/dev_ws/install/space_interfaces/lib/python3.12/site-packages/space_interfaces'...
[22.242s] Compiling '/home/ubuntu/dev_ws/install/space_interfaces/lib/python3.12/site-packages/space_interfaces/__init__.py'...
[22.243s] Listing '/home/ubuntu/dev_ws/install/space_interfaces/lib/python3.12/site-packages/space_interfaces/msg'...
[22.243s] Compiling '/home/ubuntu/dev_ws/install/space_interfaces/lib/python3.12/site-packages/space_interfaces/msg/__init__.py'...
[22.243s] Compiling '/home/ubuntu/dev_ws/install/space_interfaces/lib/python3.12/site-packages/space_interfaces/msg/_position.py'...
[22.251s] -- Installing: /home/ubuntu/dev_ws/install/space_interfaces/lib/libspace_interfaces__rosidl_generator_py.so
[22.251s] -- Set non-toolchain portion of runtime path of "/home/ubuntu/dev_ws/install/space_interfaces/lib/libspace_interfaces__rosidl_generator_py.so" to ""
[22.251s] -- Installing: /home/ubuntu/dev_ws/install/space_interfaces/share/space_interfaces/cmake/export_space_interfaces__rosidl_generator_cExport.cmake
[22.252s] -- Installing: /home/ubuntu/dev_ws/install/space_interfaces/share/space_interfaces/cmake/export_space_interfaces__rosidl_generator_cExport-noconfig.cmake
[22.252s] -- Installing: /home/ubuntu/dev_ws/install/space_interfaces/share/space_interfaces/cmake/export_space_interfaces__rosidl_typesupport_fastrtps_cExport.cmake
[22.252s] -- Installing: /home/ubuntu/dev_ws/install/space_interfaces/share/space_interfaces/cmake/export_space_interfaces__rosidl_typesupport_fastrtps_cExport-noconfig.cmake
[22.253s] -- Installing: /home/ubuntu/dev_ws/install/space_interfaces/share/space_interfaces/cmake/space_interfaces__rosidl_typesupport_introspection_cExport.cmake
[22.253s] -- Installing: /home/ubuntu/dev_ws/install/space_interfaces/share/space_interfaces/cmake/space_interfaces__rosidl_typesupport_introspection_cExport-noconfig.cmake
[22.253s] -- Installing: /home/ubuntu/dev_ws/install/space_interfaces/share/space_interfaces/cmake/space_interfaces__rosidl_typesupport_cExport.cmake
[22.254s] -- Installing: /home/ubuntu/dev_ws/install/space_interfaces/share/space_interfaces/cmake/space_interfaces__rosidl_typesupport_cExport-noconfig.cmake
[22.254s] -- Installing: /home/ubuntu/dev_ws/install/space_interfaces/share/space_interfaces/cmake/export_space_interfaces__rosidl_generator_cppExport.cmake
[22.254s] -- Installing: /home/ubuntu/dev_ws/install/space_interfaces/share/space_interfaces/cmake/export_space_interfaces__rosidl_typesupport_fastrtps_cppExport.cmake
[22.254s] -- Installing: /home/ubuntu/dev_ws/install/space_interfaces/share/space_interfaces/cmake/export_space_interfaces__rosidl_typesupport_fastrtps_cppExport-noconfig.cmake
[22.254s] -- Installing: /home/ubuntu/dev_ws/install/space_interfaces/share/space_interfaces/cmake/space_interfaces__rosidl_typesupport_introspection_cppExport.cmake
[22.255s] -- Installing: /home/ubuntu/dev_ws/install/space_interfaces/share/space_interfaces/cmake/space_interfaces__rosidl_typesupport_introspection_cppExport-noconfig.cmake
[22.255s] -- Installing: /home/ubuntu/dev_ws/install/space_interfaces/share/space_interfaces/cmake/space_interfaces__rosidl_typesupport_cppExport.cmake
[22.255s] -- Installing: /home/ubuntu/dev_ws/install/space_interfaces/share/space_interfaces/cmake/space_interfaces__rosidl_typesupport_cppExport-noconfig.cmake
[22.255s] -- Installing: /home/ubuntu/dev_ws/install/space_interfaces/share/space_interfaces/cmake/export_space_interfaces__rosidl_generator_pyExport.cmake
[22.255s] -- Installing: /home/ubuntu/dev_ws/install/space_interfaces/share/space_interfaces/cmake/export_space_interfaces__rosidl_generator_pyExport-noconfig.cmake
[22.257s] Invoked command in '/home/ubuntu/dev_ws/build/space_interfaces' returned '0': CMAKE_PREFIX_PATH=${CMAKE_PREFIX_PATH}:/opt/ros/jazzy /usr/bin/cmake --install /home/ubuntu/dev_ws/build/space_interfaces
