[0.092s] Invoking command in '/home/MKGL/quadro_ws/build/space_interfaces': CMAKE_PREFIX_PATH=${CMAKE_PREFIX_PATH}:/opt/ros/jazzy DEBUGINFOD_URLS=https://debuginfod.ubuntu.com /usr/bin/cmake --build /home/MKGL/quadro_ws/build/space_interfaces -- -j4 -l4
[0.400s] [  2%] [34m[1mGenerating type hashes for ROS interfaces[0m
[0.483s] [  2%] Built target ament_cmake_python_symlink_space_interfaces
[1.846s] [  2%] Built target space_interfaces__rosidl_generator_type_description
[1.927s] [  5%] [34m[1mGenerating C code for ROS interfaces[0m
[1.967s] running egg_info
[1.972s] creating space_interfaces.egg-info
[1.978s] [  8%] [34m[1mGenerating C++ code for ROS interfaces[0m
[2.133s] writing space_interfaces.egg-info/PKG-INFO
[2.137s] writing dependency_links to space_interfaces.egg-info/dependency_links.txt
[2.142s] writing top-level names to space_interfaces.egg-info/top_level.txt
[2.145s] writing manifest file 'space_interfaces.egg-info/SOURCES.txt'
[2.653s] reading manifest file 'space_interfaces.egg-info/SOURCES.txt'
[2.663s] writing manifest file 'space_interfaces.egg-info/SOURCES.txt'
[2.878s] [  8%] Built target ament_cmake_python_build_space_interfaces_egg
[3.784s] [ 11%] [32mBuilding C object CMakeFiles/space_interfaces__rosidl_generator_c.dir/rosidl_generator_c/space_interfaces/msg/detail/position__description.c.o[0m
[3.788s] [ 14%] [32mBuilding C object CMakeFiles/space_interfaces__rosidl_generator_c.dir/rosidl_generator_c/space_interfaces/msg/detail/position__functions.c.o[0m
[3.834s] [ 17%] [32mBuilding C object CMakeFiles/space_interfaces__rosidl_generator_c.dir/rosidl_generator_c/space_interfaces/msg/detail/position__type_support.c.o[0m
[3.864s] [ 17%] Built target space_interfaces__cpp
[4.160s] [ 20%] [32m[1mLinking C shared library libspace_interfaces__rosidl_generator_c.so[0m
[4.346s] [ 20%] Built target space_interfaces__rosidl_generator_c
[4.406s] [ 23%] [34m[1mGenerating C++ introspection for ROS interfaces[0m
[4.407s] [ 26%] [34m[1mGenerating C introspection for ROS interfaces[0m
[4.411s] [ 29%] [34m[1mGenerating C type support for eProsima Fast-RTPS[0m
[4.418s] [ 32%] [34m[1mGenerating C++ type support dispatch for ROS interfaces[0m
[6.159s] [ 35%] [32mBuilding CXX object CMakeFiles/space_interfaces__rosidl_typesupport_cpp.dir/rosidl_typesupport_cpp/space_interfaces/msg/position__type_support.cpp.o[0m
[6.204s] [ 38%] [32mBuilding CXX object CMakeFiles/space_interfaces__rosidl_typesupport_fastrtps_c.dir/rosidl_typesupport_fastrtps_c/space_interfaces/msg/detail/position__type_support_c.cpp.o[0m
[6.214s] [ 41%] [32mBuilding CXX object CMakeFiles/space_interfaces__rosidl_typesupport_introspection_cpp.dir/rosidl_typesupport_introspection_cpp/space_interfaces/msg/detail/position__type_support.cpp.o[0m
[6.241s] [ 44%] [32mBuilding C object CMakeFiles/space_interfaces__rosidl_typesupport_introspection_c.dir/rosidl_typesupport_introspection_c/space_interfaces/msg/detail/position__type_support.c.o[0m
[6.478s] [ 47%] [32m[1mLinking C shared library libspace_interfaces__rosidl_typesupport_introspection_c.so[0m
[6.705s] [ 47%] Built target space_interfaces__rosidl_typesupport_introspection_c
[6.772s] [ 50%] [34m[1mGenerating C type support dispatch for ROS interfaces[0m
[8.498s] [ 52%] [32mBuilding CXX object CMakeFiles/space_interfaces__rosidl_typesupport_c.dir/rosidl_typesupport_c/space_interfaces/msg/position__type_support.cpp.o[0m
[8.819s] [ 55%] [32m[1mLinking CXX shared library libspace_interfaces__rosidl_typesupport_c.so[0m
[8.820s] [ 58%] [32m[1mLinking CXX shared library libspace_interfaces__rosidl_typesupport_cpp.so[0m
[8.896s] [ 61%] [32m[1mLinking CXX shared library libspace_interfaces__rosidl_typesupport_introspection_cpp.so[0m
[9.063s] [ 61%] Built target space_interfaces__rosidl_typesupport_c
[9.081s] [ 61%] Built target space_interfaces__rosidl_typesupport_cpp
[9.141s] [ 64%] [34m[1mGenerating C++ type support for eProsima Fast-RTPS[0m
[9.342s] [ 64%] Built target space_interfaces__rosidl_typesupport_introspection_cpp
[10.069s] [ 67%] [32m[1mLinking CXX shared library libspace_interfaces__rosidl_typesupport_fastrtps_c.so[0m
[10.425s] [ 67%] Built target space_interfaces__rosidl_typesupport_fastrtps_c
[10.619s] [ 70%] [32mBuilding CXX object CMakeFiles/space_interfaces__rosidl_typesupport_fastrtps_cpp.dir/rosidl_typesupport_fastrtps_cpp/space_interfaces/msg/detail/dds_fastrtps/position__type_support.cpp.o[0m
[13.242s] [ 73%] [32m[1mLinking CXX shared library libspace_interfaces__rosidl_typesupport_fastrtps_cpp.so[0m
[13.612s] [ 73%] Built target space_interfaces__rosidl_typesupport_fastrtps_cpp
[13.712s] [ 73%] Built target space_interfaces
[13.811s] [ 76%] [34m[1mGenerating Python code for ROS interfaces[0m
[15.321s] [ 76%] Built target space_interfaces__py
[15.420s] [ 79%] [32mBuilding C object CMakeFiles/space_interfaces__rosidl_generator_py.dir/rosidl_generator_py/space_interfaces/msg/_position_s.c.o[0m
[16.048s] [ 82%] [32m[1mLinking C shared library libspace_interfaces__rosidl_generator_py.so[0m
[16.253s] [ 82%] Built target space_interfaces__rosidl_generator_py
[16.362s] [ 88%] [32mBuilding C object CMakeFiles/space_interfaces_s__rosidl_typesupport_introspection_c.dir/rosidl_generator_py/space_interfaces/_space_interfaces_s.ep.rosidl_typesupport_introspection_c.c.o[0m
[16.368s] [ 88%] [32mBuilding C object CMakeFiles/space_interfaces_s__rosidl_typesupport_fastrtps_c.dir/rosidl_generator_py/space_interfaces/_space_interfaces_s.ep.rosidl_typesupport_fastrtps_c.c.o[0m
[16.371s] [ 91%] [32mBuilding C object CMakeFiles/space_interfaces_s__rosidl_typesupport_c.dir/rosidl_generator_py/space_interfaces/_space_interfaces_s.ep.rosidl_typesupport_c.c.o[0m
[16.948s] [ 94%] [32m[1mLinking C shared module rosidl_generator_py/space_interfaces/space_interfaces_s__rosidl_typesupport_c.so[0m
[16.976s] [ 97%] [32m[1mLinking C shared module rosidl_generator_py/space_interfaces/space_interfaces_s__rosidl_typesupport_introspection_c.so[0m
[17.022s] [100%] [32m[1mLinking C shared module rosidl_generator_py/space_interfaces/space_interfaces_s__rosidl_typesupport_fastrtps_c.so[0m
[17.135s] [100%] Built target space_interfaces_s__rosidl_typesupport_c
[17.160s] [100%] Built target space_interfaces_s__rosidl_typesupport_introspection_c
[17.204s] [100%] Built target space_interfaces_s__rosidl_typesupport_fastrtps_c
