[0.058s] Invoking command in '/home/ubuntu/quadro_ws/build/quadrobot_viewer': CMAKE_PREFIX_PATH=${CMAKE_PREFIX_PATH}:/opt/ros/jazzy /usr/bin/cmake /home/ubuntu/quadro_ws/src/quadrobot_viewer -DAMENT_CMAKE_SYMLINK_INSTALL=1 -DCMAKE_INSTALL_PREFIX=/home/ubuntu/quadro_ws/install/quadrobot_viewer
[1.155s] -- The C compiler identification is GNU 13.2.0
[6.890s] -- The CXX compiler identification is GNU 13.2.0
[12.481s] -- Detecting C compiler ABI info
[14.084s] -- Detecting C compiler ABI info - done
[14.126s] -- Check for working C compiler: /usr/bin/cc - skipped
[14.127s] -- Detecting C compile features
[14.129s] -- Detecting C compile features - done
[14.889s] -- Detecting CXX compiler ABI info
[16.855s] -- Detecting CXX compiler ABI info - done
[16.886s] -- Check for working CXX compiler: /usr/bin/c++ - skipped
[16.887s] -- Detecting CXX compile features
[16.888s] -- Detecting CXX compile features - done
[16.898s] -- Found ament_cmake: 2.5.2 (/opt/ros/jazzy/share/ament_cmake/cmake)
[17.522s] -- Found Python3: /usr/bin/python3 (found version "3.12.3") found components: Interpreter 
[17.839s] -- Override CMake install command with custom implementation using symlinks instead of copying resources
[18.002s] -- Found ament_lint_auto: 0.17.1 (/opt/ros/jazzy/share/ament_lint_auto/cmake)
[18.463s] -- Added test 'flake8' to check Python code syntax and style conventions
[18.463s] -- Configured 'flake8' exclude dirs and/or files: 
[18.468s] -- Added test 'lint_cmake' to check CMake code style
[18.472s] -- Added test 'pep257' to check Python code against some of the docstring style conventions in PEP 257
[18.481s] -- Added test 'xmllint' to check XML markup files
[18.491s] -- Configuring done (18.4s)
[18.504s] -- Generating done (0.0s)
[18.508s] -- Build files have been written to: /home/ubuntu/quadro_ws/build/quadrobot_viewer
[18.523s] Invoked command in '/home/ubuntu/quadro_ws/build/quadrobot_viewer' returned '0': CMAKE_PREFIX_PATH=${CMAKE_PREFIX_PATH}:/opt/ros/jazzy /usr/bin/cmake /home/ubuntu/quadro_ws/src/quadrobot_viewer -DAMENT_CMAKE_SYMLINK_INSTALL=1 -DCMAKE_INSTALL_PREFIX=/home/ubuntu/quadro_ws/install/quadrobot_viewer
[18.529s] Invoking command in '/home/ubuntu/quadro_ws/build/quadrobot_viewer': CMAKE_PREFIX_PATH=${CMAKE_PREFIX_PATH}:/opt/ros/jazzy /usr/bin/cmake --build /home/ubuntu/quadro_ws/build/quadrobot_viewer -- -j16 -l16
[18.655s] Invoked command in '/home/ubuntu/quadro_ws/build/quadrobot_viewer' returned '0': CMAKE_PREFIX_PATH=${CMAKE_PREFIX_PATH}:/opt/ros/jazzy /usr/bin/cmake --build /home/ubuntu/quadro_ws/build/quadrobot_viewer -- -j16 -l16
[18.733s] Invoking command in '/home/ubuntu/quadro_ws/build/quadrobot_viewer': CMAKE_PREFIX_PATH=${CMAKE_PREFIX_PATH}:/opt/ros/jazzy /usr/bin/cmake --install /home/ubuntu/quadro_ws/build/quadrobot_viewer
[18.760s] -- Install configuration: ""
[18.762s] -- Execute custom install script
[18.765s] -- Symlinking: /home/ubuntu/quadro_ws/install/quadrobot_viewer/share/quadrobot_viewer//config/config.yaml
[18.793s] -- Symlinking: /home/ubuntu/quadro_ws/install/quadrobot_viewer/share/quadrobot_viewer//config/joint_names_quadrobot.yaml
[18.822s] -- Symlinking: /home/ubuntu/quadro_ws/install/quadrobot_viewer/share/quadrobot_viewer//config/ros2_control.yaml
[18.850s] -- Symlinking: /home/ubuntu/quadro_ws/install/quadrobot_viewer/share/quadrobot_viewer//config/rviz.yaml
[18.891s] -- Symlinking: /home/ubuntu/quadro_ws/install/quadrobot_viewer/share/quadrobot_viewer//launch/quadrobot_viewer.launch.py
[18.923s] -- Symlinking: /home/ubuntu/quadro_ws/install/quadrobot_viewer/share/quadrobot_viewer//meshes/BLA.STL
[18.954s] -- Symlinking: /home/ubuntu/quadro_ws/install/quadrobot_viewer/share/quadrobot_viewer//meshes/BLB.STL
[18.984s] -- Symlinking: /home/ubuntu/quadro_ws/install/quadrobot_viewer/share/quadrobot_viewer//meshes/BLC.STL
[19.012s] -- Symlinking: /home/ubuntu/quadro_ws/install/quadrobot_viewer/share/quadrobot_viewer//meshes/BRA.STL
[19.043s] -- Symlinking: /home/ubuntu/quadro_ws/install/quadrobot_viewer/share/quadrobot_viewer//meshes/BRB.STL
[19.079s] -- Symlinking: /home/ubuntu/quadro_ws/install/quadrobot_viewer/share/quadrobot_viewer//meshes/BRC.STL
[19.110s] -- Symlinking: /home/ubuntu/quadro_ws/install/quadrobot_viewer/share/quadrobot_viewer//meshes/CAMERA.STL
[19.140s] -- Symlinking: /home/ubuntu/quadro_ws/install/quadrobot_viewer/share/quadrobot_viewer//meshes/FLA.STL
[19.160s] -- Symlinking: /home/ubuntu/quadro_ws/install/quadrobot_viewer/share/quadrobot_viewer//meshes/FLB.STL
[19.182s] -- Symlinking: /home/ubuntu/quadro_ws/install/quadrobot_viewer/share/quadrobot_viewer//meshes/FLC.STL
[19.212s] -- Symlinking: /home/ubuntu/quadro_ws/install/quadrobot_viewer/share/quadrobot_viewer//meshes/FRA.STL
[19.241s] -- Symlinking: /home/ubuntu/quadro_ws/install/quadrobot_viewer/share/quadrobot_viewer//meshes/FRB.STL
[19.277s] -- Symlinking: /home/ubuntu/quadro_ws/install/quadrobot_viewer/share/quadrobot_viewer//meshes/FRC.STL
[19.307s] -- Symlinking: /home/ubuntu/quadro_ws/install/quadrobot_viewer/share/quadrobot_viewer//meshes/LIDAR.STL
[19.343s] -- Symlinking: /home/ubuntu/quadro_ws/install/quadrobot_viewer/share/quadrobot_viewer//meshes/base_link.STL
[19.386s] -- Symlinking: /home/ubuntu/quadro_ws/install/quadrobot_viewer/share/quadrobot_viewer//models/worlds/empty.world.sdf
[19.418s] -- Symlinking: /home/ubuntu/quadro_ws/install/quadrobot_viewer/share/quadrobot_viewer//urdf/quadrobot.csv
[19.457s] -- Symlinking: /home/ubuntu/quadro_ws/install/quadrobot_viewer/share/quadrobot_viewer//urdf/quadrobot.ros2_control.xacro
[19.488s] -- Symlinking: /home/ubuntu/quadro_ws/install/quadrobot_viewer/share/quadrobot_viewer//urdf/quadrobot.urdf.xacro
[19.517s] -- Symlinking: /home/ubuntu/quadro_ws/install/quadrobot_viewer/share/quadrobot_viewer//urdf/quadrobot.xacro
[19.542s] -- Symlinking: /home/ubuntu/quadro_ws/install/quadrobot_viewer/share/ament_index/resource_index/package_run_dependencies/quadrobot_viewer
[19.572s] -- Symlinking: /home/ubuntu/quadro_ws/install/quadrobot_viewer/share/ament_index/resource_index/parent_prefix_path/quadrobot_viewer
[19.602s] -- Symlinking: /home/ubuntu/quadro_ws/install/quadrobot_viewer/share/quadrobot_viewer/environment/ament_prefix_path.sh
[19.632s] -- Symlinking: /home/ubuntu/quadro_ws/install/quadrobot_viewer/share/quadrobot_viewer/environment/ament_prefix_path.dsv
[19.661s] -- Symlinking: /home/ubuntu/quadro_ws/install/quadrobot_viewer/share/quadrobot_viewer/environment/path.sh
[19.688s] -- Symlinking: /home/ubuntu/quadro_ws/install/quadrobot_viewer/share/quadrobot_viewer/environment/path.dsv
[19.725s] -- Symlinking: /home/ubuntu/quadro_ws/install/quadrobot_viewer/share/quadrobot_viewer/local_setup.bash
[19.760s] -- Symlinking: /home/ubuntu/quadro_ws/install/quadrobot_viewer/share/quadrobot_viewer/local_setup.sh
[19.790s] -- Symlinking: /home/ubuntu/quadro_ws/install/quadrobot_viewer/share/quadrobot_viewer/local_setup.zsh
[19.817s] -- Symlinking: /home/ubuntu/quadro_ws/install/quadrobot_viewer/share/quadrobot_viewer/local_setup.dsv
[19.852s] -- Symlinking: /home/ubuntu/quadro_ws/install/quadrobot_viewer/share/quadrobot_viewer/package.dsv
[19.884s] -- Symlinking: /home/ubuntu/quadro_ws/install/quadrobot_viewer/share/ament_index/resource_index/packages/quadrobot_viewer
[19.916s] -- Symlinking: /home/ubuntu/quadro_ws/install/quadrobot_viewer/share/quadrobot_viewer/cmake/quadrobot_viewerConfig.cmake
[19.943s] -- Symlinking: /home/ubuntu/quadro_ws/install/quadrobot_viewer/share/quadrobot_viewer/cmake/quadrobot_viewerConfig-version.cmake
[19.967s] -- Symlinking: /home/ubuntu/quadro_ws/install/quadrobot_viewer/share/quadrobot_viewer/package.xml
[20.003s] Invoked command in '/home/ubuntu/quadro_ws/build/quadrobot_viewer' returned '0': CMAKE_PREFIX_PATH=${CMAKE_PREFIX_PATH}:/opt/ros/jazzy /usr/bin/cmake --install /home/ubuntu/quadro_ws/build/quadrobot_viewer
