[0.331s] Invoking command in '/home/ubuntu/quadro_ws/build/dgz_keyboard': CMAKE_PREFIX_PATH=/home/ubuntu/quadro_ws/install/space_interfaces:/home/ubuntu/quadro_ws/install/dgz_keyboard:/home/ubuntu/quadro_ws/install/ros_gz_bridge_test:/home/ubuntu/quadro_ws/install/quadrobot_viewer:/home/ubuntu/quadro_ws/install/quadro_move_ctrl:/home/ubuntu/quadro_ws/install/dgz_viewer:/opt/ros/jazzy/opt/gz_sim_vendor:/opt/ros/jazzy/opt/gz_sensors_vendor:/opt/ros/jazzy/opt/gz_physics_vendor:/opt/ros/jazzy/opt/sdformat_vendor:/opt/ros/jazzy/opt/gz_gui_vendor:/opt/ros/jazzy/opt/gz_transport_vendor:/opt/ros/jazzy/opt/gz_rendering_vendor:/opt/ros/jazzy/opt/gz_plugin_vendor:/opt/ros/jazzy/opt/gz_fuel_tools_vendor:/opt/ros/jazzy/opt/gz_msgs_vendor:/opt/ros/jazzy/opt/gz_common_vendor:/opt/ros/jazzy/opt/gz_math_vendor:/opt/ros/jazzy/opt/gz_utils_vendor:/opt/ros/jazzy/opt/gz_tools_vendor:/opt/ros/jazzy/opt/gz_ogre_next_vendor:/opt/ros/jazzy/opt/gz_dartsim_vendor:/opt/ros/jazzy/opt/gz_cmake_vendor:/opt/ros/jazzy /usr/bin/cmake /home/ubuntu/quadro_ws/src/dgz_keyboard -DAMENT_CMAKE_SYMLINK_INSTALL=1 -DCMAKE_INSTALL_PREFIX=/home/ubuntu/quadro_ws/install/dgz_keyboard
[0.698s] -- The C compiler identification is GNU 13.2.0
[1.909s] -- The CXX compiler identification is GNU 13.2.0
[2.902s] -- Detecting C compiler ABI info
[3.249s] -- Detecting C compiler ABI info - done
[3.270s] -- Check for working C compiler: /usr/bin/cc - skipped
[3.270s] -- Detecting C compile features
[3.271s] -- Detecting C compile features - done
[3.442s] -- Detecting CXX compiler ABI info
[3.817s] -- Detecting CXX compiler ABI info - done
[3.829s] -- Check for working CXX compiler: /usr/bin/c++ - skipped
[3.830s] -- Detecting CXX compile features
[3.830s] -- Detecting CXX compile features - done
[3.834s] -- Found ament_cmake: 2.5.2 (/opt/ros/jazzy/share/ament_cmake/cmake)
[4.036s] -- Found Python3: /usr/bin/python3 (found version "3.12.3") found components: Interpreter 
[4.108s] -- Override CMake install command with custom implementation using symlinks instead of copying resources
[4.153s] -- Found rclcpp: 28.1.5 (/opt/ros/jazzy/share/rclcpp/cmake)
[4.417s] -- Found rosidl_generator_c: 4.6.4 (/opt/ros/jazzy/share/rosidl_generator_c/cmake)
[4.434s] -- Found rosidl_generator_cpp: 4.6.4 (/opt/ros/jazzy/share/rosidl_generator_cpp/cmake)
[4.455s] -- Using all available rosidl_typesupport_c: rosidl_typesupport_fastrtps_c;rosidl_typesupport_introspection_c
[4.477s] -- Using all available rosidl_typesupport_cpp: rosidl_typesupport_fastrtps_cpp;rosidl_typesupport_introspection_cpp
[4.574s] -- Found rmw_implementation_cmake: 7.3.1 (/opt/ros/jazzy/share/rmw_implementation_cmake/cmake)
[4.578s] -- Found rmw_fastrtps_cpp: 8.4.1 (/opt/ros/jazzy/share/rmw_fastrtps_cpp/cmake)
[4.659s] -- Found OpenSSL: /usr/lib/x86_64-linux-gnu/libcrypto.so (found version "3.0.13")  
[4.972s] -- Found FastRTPS: /opt/ros/jazzy/include (Required is at least version "2.13") 
[5.141s] -- Using RMW implementation 'rmw_fastrtps_cpp' as default
[5.468s] -- Found geometry_msgs: 5.3.5 (/opt/ros/jazzy/share/geometry_msgs/cmake)
[5.509s] -- Found space_interfaces: 0.0.0 (/home/ubuntu/quadro_ws/install/space_interfaces/share/space_interfaces/cmake)
[5.525s] -- Found ament_lint_auto: 0.17.1 (/opt/ros/jazzy/share/ament_lint_auto/cmake)
[5.642s] -- Added test 'cppcheck' to perform static code analysis on C / C++ code
[5.643s] -- Configured cppcheck include dirs: 
[5.643s] -- Configured cppcheck exclude dirs and/or files: 
[5.644s] -- Added test 'flake8' to check Python code syntax and style conventions
[5.644s] -- Configured 'flake8' exclude dirs and/or files: 
[5.645s] -- Added test 'lint_cmake' to check CMake code style
[5.646s] -- Added test 'pep257' to check Python code against some of the docstring style conventions in PEP 257
[5.647s] -- Added test 'uncrustify' to check C / C++ code style
[5.647s] -- Configured uncrustify additional arguments: 
[5.648s] -- Added test 'xmllint' to check XML markup files
[5.651s] -- Configuring done (5.3s)
[5.670s] -- Generating done (0.0s)
[5.673s] -- Build files have been written to: /home/ubuntu/quadro_ws/build/dgz_keyboard
[5.685s] Invoked command in '/home/ubuntu/quadro_ws/build/dgz_keyboard' returned '0': CMAKE_PREFIX_PATH=/home/ubuntu/quadro_ws/install/space_interfaces:/home/ubuntu/quadro_ws/install/dgz_keyboard:/home/ubuntu/quadro_ws/install/ros_gz_bridge_test:/home/ubuntu/quadro_ws/install/quadrobot_viewer:/home/ubuntu/quadro_ws/install/quadro_move_ctrl:/home/ubuntu/quadro_ws/install/dgz_viewer:/opt/ros/jazzy/opt/gz_sim_vendor:/opt/ros/jazzy/opt/gz_sensors_vendor:/opt/ros/jazzy/opt/gz_physics_vendor:/opt/ros/jazzy/opt/sdformat_vendor:/opt/ros/jazzy/opt/gz_gui_vendor:/opt/ros/jazzy/opt/gz_transport_vendor:/opt/ros/jazzy/opt/gz_rendering_vendor:/opt/ros/jazzy/opt/gz_plugin_vendor:/opt/ros/jazzy/opt/gz_fuel_tools_vendor:/opt/ros/jazzy/opt/gz_msgs_vendor:/opt/ros/jazzy/opt/gz_common_vendor:/opt/ros/jazzy/opt/gz_math_vendor:/opt/ros/jazzy/opt/gz_utils_vendor:/opt/ros/jazzy/opt/gz_tools_vendor:/opt/ros/jazzy/opt/gz_ogre_next_vendor:/opt/ros/jazzy/opt/gz_dartsim_vendor:/opt/ros/jazzy/opt/gz_cmake_vendor:/opt/ros/jazzy /usr/bin/cmake /home/ubuntu/quadro_ws/src/dgz_keyboard -DAMENT_CMAKE_SYMLINK_INSTALL=1 -DCMAKE_INSTALL_PREFIX=/home/ubuntu/quadro_ws/install/dgz_keyboard
[5.686s] Invoking command in '/home/ubuntu/quadro_ws/build/dgz_keyboard': CMAKE_PREFIX_PATH=/home/ubuntu/quadro_ws/install/space_interfaces:/home/ubuntu/quadro_ws/install/dgz_keyboard:/home/ubuntu/quadro_ws/install/ros_gz_bridge_test:/home/ubuntu/quadro_ws/install/quadrobot_viewer:/home/ubuntu/quadro_ws/install/quadro_move_ctrl:/home/ubuntu/quadro_ws/install/dgz_viewer:/opt/ros/jazzy/opt/gz_sim_vendor:/opt/ros/jazzy/opt/gz_sensors_vendor:/opt/ros/jazzy/opt/gz_physics_vendor:/opt/ros/jazzy/opt/sdformat_vendor:/opt/ros/jazzy/opt/gz_gui_vendor:/opt/ros/jazzy/opt/gz_transport_vendor:/opt/ros/jazzy/opt/gz_rendering_vendor:/opt/ros/jazzy/opt/gz_plugin_vendor:/opt/ros/jazzy/opt/gz_fuel_tools_vendor:/opt/ros/jazzy/opt/gz_msgs_vendor:/opt/ros/jazzy/opt/gz_common_vendor:/opt/ros/jazzy/opt/gz_math_vendor:/opt/ros/jazzy/opt/gz_utils_vendor:/opt/ros/jazzy/opt/gz_tools_vendor:/opt/ros/jazzy/opt/gz_ogre_next_vendor:/opt/ros/jazzy/opt/gz_dartsim_vendor:/opt/ros/jazzy/opt/gz_cmake_vendor:/opt/ros/jazzy /usr/bin/cmake --build /home/ubuntu/quadro_ws/build/dgz_keyboard -- -j16 -l16
[5.735s] [ 50%] [32mBuilding CXX object CMakeFiles/dgz_keyboard_node.dir/src/dgz_keyboard_node.cpp.o[0m
[14.190s] [100%] [32m[1mLinking CXX executable dgz_keyboard_node[0m
[14.538s] [100%] Built target dgz_keyboard_node
[14.546s] Invoked command in '/home/ubuntu/quadro_ws/build/dgz_keyboard' returned '0': CMAKE_PREFIX_PATH=/home/ubuntu/quadro_ws/install/space_interfaces:/home/ubuntu/quadro_ws/install/dgz_keyboard:/home/ubuntu/quadro_ws/install/ros_gz_bridge_test:/home/ubuntu/quadro_ws/install/quadrobot_viewer:/home/ubuntu/quadro_ws/install/quadro_move_ctrl:/home/ubuntu/quadro_ws/install/dgz_viewer:/opt/ros/jazzy/opt/gz_sim_vendor:/opt/ros/jazzy/opt/gz_sensors_vendor:/opt/ros/jazzy/opt/gz_physics_vendor:/opt/ros/jazzy/opt/sdformat_vendor:/opt/ros/jazzy/opt/gz_gui_vendor:/opt/ros/jazzy/opt/gz_transport_vendor:/opt/ros/jazzy/opt/gz_rendering_vendor:/opt/ros/jazzy/opt/gz_plugin_vendor:/opt/ros/jazzy/opt/gz_fuel_tools_vendor:/opt/ros/jazzy/opt/gz_msgs_vendor:/opt/ros/jazzy/opt/gz_common_vendor:/opt/ros/jazzy/opt/gz_math_vendor:/opt/ros/jazzy/opt/gz_utils_vendor:/opt/ros/jazzy/opt/gz_tools_vendor:/opt/ros/jazzy/opt/gz_ogre_next_vendor:/opt/ros/jazzy/opt/gz_dartsim_vendor:/opt/ros/jazzy/opt/gz_cmake_vendor:/opt/ros/jazzy /usr/bin/cmake --build /home/ubuntu/quadro_ws/build/dgz_keyboard -- -j16 -l16
[14.565s] Invoking command in '/home/ubuntu/quadro_ws/build/dgz_keyboard': CMAKE_PREFIX_PATH=/home/ubuntu/quadro_ws/install/space_interfaces:/home/ubuntu/quadro_ws/install/dgz_keyboard:/home/ubuntu/quadro_ws/install/ros_gz_bridge_test:/home/ubuntu/quadro_ws/install/quadrobot_viewer:/home/ubuntu/quadro_ws/install/quadro_move_ctrl:/home/ubuntu/quadro_ws/install/dgz_viewer:/opt/ros/jazzy/opt/gz_sim_vendor:/opt/ros/jazzy/opt/gz_sensors_vendor:/opt/ros/jazzy/opt/gz_physics_vendor:/opt/ros/jazzy/opt/sdformat_vendor:/opt/ros/jazzy/opt/gz_gui_vendor:/opt/ros/jazzy/opt/gz_transport_vendor:/opt/ros/jazzy/opt/gz_rendering_vendor:/opt/ros/jazzy/opt/gz_plugin_vendor:/opt/ros/jazzy/opt/gz_fuel_tools_vendor:/opt/ros/jazzy/opt/gz_msgs_vendor:/opt/ros/jazzy/opt/gz_common_vendor:/opt/ros/jazzy/opt/gz_math_vendor:/opt/ros/jazzy/opt/gz_utils_vendor:/opt/ros/jazzy/opt/gz_tools_vendor:/opt/ros/jazzy/opt/gz_ogre_next_vendor:/opt/ros/jazzy/opt/gz_dartsim_vendor:/opt/ros/jazzy/opt/gz_cmake_vendor:/opt/ros/jazzy /usr/bin/cmake --install /home/ubuntu/quadro_ws/build/dgz_keyboard
[14.571s] -- Install configuration: ""
[14.571s] -- Execute custom install script
[14.572s] -- Symlinking: /home/ubuntu/quadro_ws/install/dgz_keyboard/lib/dgz_keyboard/dgz_keyboard_node
[14.578s] -- Symlinking: /home/ubuntu/quadro_ws/install/dgz_keyboard/share/dgz_keyboard//launch/dgz_keyboard.launch.py
[14.585s] -- Symlinking: /home/ubuntu/quadro_ws/install/dgz_keyboard/share/ament_index/resource_index/package_run_dependencies/dgz_keyboard
[14.592s] -- Symlinking: /home/ubuntu/quadro_ws/install/dgz_keyboard/share/ament_index/resource_index/parent_prefix_path/dgz_keyboard
[14.598s] -- Symlinking: /home/ubuntu/quadro_ws/install/dgz_keyboard/share/dgz_keyboard/environment/ament_prefix_path.sh
[14.605s] -- Symlinking: /home/ubuntu/quadro_ws/install/dgz_keyboard/share/dgz_keyboard/environment/ament_prefix_path.dsv
[14.611s] -- Symlinking: /home/ubuntu/quadro_ws/install/dgz_keyboard/share/dgz_keyboard/environment/path.sh
[14.617s] -- Symlinking: /home/ubuntu/quadro_ws/install/dgz_keyboard/share/dgz_keyboard/environment/path.dsv
[14.623s] -- Symlinking: /home/ubuntu/quadro_ws/install/dgz_keyboard/share/dgz_keyboard/local_setup.bash
[14.629s] -- Symlinking: /home/ubuntu/quadro_ws/install/dgz_keyboard/share/dgz_keyboard/local_setup.sh
[14.634s] -- Symlinking: /home/ubuntu/quadro_ws/install/dgz_keyboard/share/dgz_keyboard/local_setup.zsh
[14.640s] -- Symlinking: /home/ubuntu/quadro_ws/install/dgz_keyboard/share/dgz_keyboard/local_setup.dsv
[14.646s] -- Symlinking: /home/ubuntu/quadro_ws/install/dgz_keyboard/share/dgz_keyboard/package.dsv
[14.652s] -- Symlinking: /home/ubuntu/quadro_ws/install/dgz_keyboard/share/ament_index/resource_index/packages/dgz_keyboard
[14.658s] -- Symlinking: /home/ubuntu/quadro_ws/install/dgz_keyboard/share/dgz_keyboard/cmake/dgz_keyboardConfig.cmake
[14.664s] -- Symlinking: /home/ubuntu/quadro_ws/install/dgz_keyboard/share/dgz_keyboard/cmake/dgz_keyboardConfig-version.cmake
[14.670s] -- Symlinking: /home/ubuntu/quadro_ws/install/dgz_keyboard/share/dgz_keyboard/package.xml
[14.677s] Invoked command in '/home/ubuntu/quadro_ws/build/dgz_keyboard' returned '0': CMAKE_PREFIX_PATH=/home/ubuntu/quadro_ws/install/space_interfaces:/home/ubuntu/quadro_ws/install/dgz_keyboard:/home/ubuntu/quadro_ws/install/ros_gz_bridge_test:/home/ubuntu/quadro_ws/install/quadrobot_viewer:/home/ubuntu/quadro_ws/install/quadro_move_ctrl:/home/ubuntu/quadro_ws/install/dgz_viewer:/opt/ros/jazzy/opt/gz_sim_vendor:/opt/ros/jazzy/opt/gz_sensors_vendor:/opt/ros/jazzy/opt/gz_physics_vendor:/opt/ros/jazzy/opt/sdformat_vendor:/opt/ros/jazzy/opt/gz_gui_vendor:/opt/ros/jazzy/opt/gz_transport_vendor:/opt/ros/jazzy/opt/gz_rendering_vendor:/opt/ros/jazzy/opt/gz_plugin_vendor:/opt/ros/jazzy/opt/gz_fuel_tools_vendor:/opt/ros/jazzy/opt/gz_msgs_vendor:/opt/ros/jazzy/opt/gz_common_vendor:/opt/ros/jazzy/opt/gz_math_vendor:/opt/ros/jazzy/opt/gz_utils_vendor:/opt/ros/jazzy/opt/gz_tools_vendor:/opt/ros/jazzy/opt/gz_ogre_next_vendor:/opt/ros/jazzy/opt/gz_dartsim_vendor:/opt/ros/jazzy/opt/gz_cmake_vendor:/opt/ros/jazzy /usr/bin/cmake --install /home/ubuntu/quadro_ws/build/dgz_keyboard
