-- The C compiler identification is GNU 13.2.0
-- The CXX compiler identification is GNU 13.2.0
-- Detecting C compiler ABI info
-- Detecting C compiler ABI info - done
-- Check for working C compiler: /usr/bin/cc - skipped
-- Detecting C compile features
-- Detecting C compile features - done
-- Detecting CXX compiler ABI info
-- Detecting CXX compiler ABI info - done
-- Check for working CXX compiler: /usr/bin/c++ - skipped
-- Detecting CXX compile features
-- Detecting CXX compile features - done
-- Found ament_cmake: 2.5.2 (/opt/ros/jazzy/share/ament_cmake/cmake)
-- Found Python3: /usr/bin/python3 (found version "3.12.3") found components: Interpreter 
-- Override CMake install command with custom implementation using symlinks instead of copying resources
-- Found rclcpp: 28.1.5 (/opt/ros/jazzy/share/rclcpp/cmake)
-- Found rosidl_generator_c: 4.6.4 (/opt/ros/jazzy/share/rosidl_generator_c/cmake)
-- Found rosidl_generator_cpp: 4.6.4 (/opt/ros/jazzy/share/rosidl_generator_cpp/cmake)
-- Using all available rosidl_typesupport_c: rosidl_typesupport_fastrtps_c;rosidl_typesupport_introspection_c
-- Using all available rosidl_typesupport_cpp: rosidl_typesupport_fastrtps_cpp;rosidl_typesupport_introspection_cpp
-- Found rmw_implementation_cmake: 7.3.1 (/opt/ros/jazzy/share/rmw_implementation_cmake/cmake)
-- Found rmw_fastrtps_cpp: 8.4.1 (/opt/ros/jazzy/share/rmw_fastrtps_cpp/cmake)
-- Found OpenSSL: /usr/lib/aarch64-linux-gnu/libcrypto.so (found version "3.0.13")  
-- Found FastRTPS: /opt/ros/jazzy/include (Required is at least version "2.13") 
-- Using RMW implementation 'rmw_fastrtps_cpp' as default
-- Found sensor_msgs: 5.3.5 (/opt/ros/jazzy/share/sensor_msgs/cmake)
-- Found space_interfaces: 0.0.0 (/home/MKGL/quadro_ws/install/space_interfaces/share/space_interfaces/cmake)
-- Found ament_lint_auto: 0.17.1 (/opt/ros/jazzy/share/ament_lint_auto/cmake)
-- Added test 'cppcheck' to perform static code analysis on C / C++ code
-- Configured cppcheck include dirs: 
-- Configured cppcheck exclude dirs and/or files: 
-- Added test 'flake8' to check Python code syntax and style conventions
-- Configured 'flake8' exclude dirs and/or files: 
-- Added test 'lint_cmake' to check CMake code style
-- Added test 'pep257' to check Python code against some of the docstring style conventions in PEP 257
-- Added test 'uncrustify' to check C / C++ code style
-- Configured uncrustify additional arguments: 
-- Added test 'xmllint' to check XML markup files
-- Configuring done (7.3s)
-- Generating done (0.1s)
-- Build files have been written to: /home/MKGL/quadro_ws/build/manette
[ 50%] [32mBuilding CXX object CMakeFiles/manette_node.dir/src/manette_node.cpp.o[0m
[100%] [32m[1mLinking CXX executable manette_node[0m
[100%] Built target manette_node
-- Install configuration: ""
-- Execute custom install script
-- Symlinking: /home/MKGL/quadro_ws/install/manette/lib/manette/manette_node
-- Symlinking: /home/MKGL/quadro_ws/install/manette/share/manette//config/manette_params.yaml
-- Symlinking: /home/MKGL/quadro_ws/install/manette/share/manette//launch/manette.launch.py
-- Symlinking: /home/MKGL/quadro_ws/install/manette/share/ament_index/resource_index/package_run_dependencies/manette
-- Symlinking: /home/MKGL/quadro_ws/install/manette/share/ament_index/resource_index/parent_prefix_path/manette
-- Symlinking: /home/MKGL/quadro_ws/install/manette/share/manette/environment/ament_prefix_path.sh
-- Symlinking: /home/MKGL/quadro_ws/install/manette/share/manette/environment/ament_prefix_path.dsv
-- Symlinking: /home/MKGL/quadro_ws/install/manette/share/manette/environment/path.sh
-- Symlinking: /home/MKGL/quadro_ws/install/manette/share/manette/environment/path.dsv
-- Symlinking: /home/MKGL/quadro_ws/install/manette/share/manette/local_setup.bash
-- Symlinking: /home/MKGL/quadro_ws/install/manette/share/manette/local_setup.sh
-- Symlinking: /home/MKGL/quadro_ws/install/manette/share/manette/local_setup.zsh
-- Symlinking: /home/MKGL/quadro_ws/install/manette/share/manette/local_setup.dsv
-- Symlinking: /home/MKGL/quadro_ws/install/manette/share/manette/package.dsv
-- Symlinking: /home/MKGL/quadro_ws/install/manette/share/ament_index/resource_index/packages/manette
-- Symlinking: /home/MKGL/quadro_ws/install/manette/share/manette/cmake/manetteConfig.cmake
-- Symlinking: /home/MKGL/quadro_ws/install/manette/share/manette/cmake/manetteConfig-version.cmake
-- Symlinking: /home/MKGL/quadro_ws/install/manette/share/manette/package.xml
