[0.308s] Invoking command in '/home/ubuntu/dev_ws/build/frame_broadcaster': CMAKE_PREFIX_PATH=/home/ubuntu/dev_ws/install/space_interfaces:/home/ubuntu/dev_ws/install/frame_listener:/home/ubuntu/dev_ws/install/frame_broadcaster:/home/ubuntu/dev_ws/install/quadrobot:/opt/ros/jazzy/opt/gz_sim_vendor:/opt/ros/jazzy/opt/gz_sensors_vendor:/opt/ros/jazzy/opt/gz_physics_vendor:/opt/ros/jazzy/opt/sdformat_vendor:/opt/ros/jazzy/opt/gz_gui_vendor:/opt/ros/jazzy/opt/gz_transport_vendor:/opt/ros/jazzy/opt/gz_rendering_vendor:/opt/ros/jazzy/opt/gz_plugin_vendor:/opt/ros/jazzy/opt/gz_fuel_tools_vendor:/opt/ros/jazzy/opt/gz_msgs_vendor:/opt/ros/jazzy/opt/gz_common_vendor:/opt/ros/jazzy/opt/gz_math_vendor:/opt/ros/jazzy/opt/gz_utils_vendor:/opt/ros/jazzy/opt/gz_tools_vendor:/opt/ros/jazzy/opt/gz_ogre_next_vendor:/opt/ros/jazzy/opt/gz_dartsim_vendor:/opt/ros/jazzy/opt/gz_cmake_vendor:/opt/ros/jazzy /usr/bin/cmake /home/ubuntu/dev_ws/src/frame_broadcaster -DAMENT_CMAKE_SYMLINK_INSTALL=1 -DCMAKE_INSTALL_PREFIX=/home/ubuntu/dev_ws/install/frame_broadcaster
[0.569s] -- The C compiler identification is GNU 13.2.0
[2.420s] -- The CXX compiler identification is GNU 13.2.0
[3.795s] -- Detecting C compiler ABI info
[4.249s] -- Detecting C compiler ABI info - done
[4.266s] -- Check for working C compiler: /usr/bin/cc - skipped
[4.268s] -- Detecting C compile features
[4.268s] -- Detecting C compile features - done
[4.634s] -- Detecting CXX compiler ABI info
[5.306s] -- Detecting CXX compiler ABI info - done
[5.321s] -- Check for working CXX compiler: /usr/bin/c++ - skipped
[5.321s] -- Detecting CXX compile features
[5.322s] -- Detecting CXX compile features - done
[5.326s] -- Found ament_cmake: 2.5.2 (/opt/ros/jazzy/share/ament_cmake/cmake)
[5.604s] -- Found Python3: /usr/bin/python3 (found version "3.12.3") found components: Interpreter 
[5.772s] -- Override CMake install command with custom implementation using symlinks instead of copying resources
[5.839s] -- Found rclcpp: 28.1.5 (/opt/ros/jazzy/share/rclcpp/cmake)
[6.477s] -- Found rosidl_generator_c: 4.6.4 (/opt/ros/jazzy/share/rosidl_generator_c/cmake)
[6.545s] -- Found rosidl_generator_cpp: 4.6.4 (/opt/ros/jazzy/share/rosidl_generator_cpp/cmake)
[6.649s] -- Using all available rosidl_typesupport_c: rosidl_typesupport_fastrtps_c;rosidl_typesupport_introspection_c
[6.712s] -- Using all available rosidl_typesupport_cpp: rosidl_typesupport_fastrtps_cpp;rosidl_typesupport_introspection_cpp
[6.923s] -- Found rmw_implementation_cmake: 7.3.1 (/opt/ros/jazzy/share/rmw_implementation_cmake/cmake)
[6.935s] -- Found rmw_fastrtps_cpp: 8.4.1 (/opt/ros/jazzy/share/rmw_fastrtps_cpp/cmake)
[7.203s] -- Found OpenSSL: /usr/lib/x86_64-linux-gnu/libcrypto.so (found version "3.0.13")  
[7.951s] -- Found FastRTPS: /opt/ros/jazzy/include (Required is at least version "2.13") 
[8.489s] -- Using RMW implementation 'rmw_fastrtps_cpp' as default
[9.140s] -- Found geometry_msgs: 5.3.5 (/opt/ros/jazzy/share/geometry_msgs/cmake)
[9.238s] -- Found tf2: 0.36.4 (/opt/ros/jazzy/share/tf2/cmake)
[9.253s] -- Found tf2_ros: 0.36.4 (/opt/ros/jazzy/share/tf2_ros/cmake)
[9.475s] -- Found space_interfaces: 0.0.0 (/home/ubuntu/dev_ws/install/space_interfaces/share/space_interfaces/cmake)
[9.494s] -- Found ament_lint_auto: 0.17.1 (/opt/ros/jazzy/share/ament_lint_auto/cmake)
[9.648s] -- Added test 'cppcheck' to perform static code analysis on C / C++ code
[9.649s] -- Configured cppcheck include dirs: 
[9.649s] -- Configured cppcheck exclude dirs and/or files: 
[9.650s] -- Added test 'lint_cmake' to check CMake code style
[9.652s] -- Added test 'uncrustify' to check C / C++ code style
[9.652s] -- Configured uncrustify additional arguments: 
[9.653s] -- Added test 'xmllint' to check XML markup files
[9.656s] -- Configuring done (9.3s)
[9.674s] -- Generating done (0.0s)
[9.676s] -- Build files have been written to: /home/ubuntu/dev_ws/build/frame_broadcaster
[9.690s] Invoked command in '/home/ubuntu/dev_ws/build/frame_broadcaster' returned '0': CMAKE_PREFIX_PATH=/home/ubuntu/dev_ws/install/space_interfaces:/home/ubuntu/dev_ws/install/frame_listener:/home/ubuntu/dev_ws/install/frame_broadcaster:/home/ubuntu/dev_ws/install/quadrobot:/opt/ros/jazzy/opt/gz_sim_vendor:/opt/ros/jazzy/opt/gz_sensors_vendor:/opt/ros/jazzy/opt/gz_physics_vendor:/opt/ros/jazzy/opt/sdformat_vendor:/opt/ros/jazzy/opt/gz_gui_vendor:/opt/ros/jazzy/opt/gz_transport_vendor:/opt/ros/jazzy/opt/gz_rendering_vendor:/opt/ros/jazzy/opt/gz_plugin_vendor:/opt/ros/jazzy/opt/gz_fuel_tools_vendor:/opt/ros/jazzy/opt/gz_msgs_vendor:/opt/ros/jazzy/opt/gz_common_vendor:/opt/ros/jazzy/opt/gz_math_vendor:/opt/ros/jazzy/opt/gz_utils_vendor:/opt/ros/jazzy/opt/gz_tools_vendor:/opt/ros/jazzy/opt/gz_ogre_next_vendor:/opt/ros/jazzy/opt/gz_dartsim_vendor:/opt/ros/jazzy/opt/gz_cmake_vendor:/opt/ros/jazzy /usr/bin/cmake /home/ubuntu/dev_ws/src/frame_broadcaster -DAMENT_CMAKE_SYMLINK_INSTALL=1 -DCMAKE_INSTALL_PREFIX=/home/ubuntu/dev_ws/install/frame_broadcaster
[9.691s] Invoking command in '/home/ubuntu/dev_ws/build/frame_broadcaster': CMAKE_PREFIX_PATH=/home/ubuntu/dev_ws/install/space_interfaces:/home/ubuntu/dev_ws/install/frame_listener:/home/ubuntu/dev_ws/install/frame_broadcaster:/home/ubuntu/dev_ws/install/quadrobot:/opt/ros/jazzy/opt/gz_sim_vendor:/opt/ros/jazzy/opt/gz_sensors_vendor:/opt/ros/jazzy/opt/gz_physics_vendor:/opt/ros/jazzy/opt/sdformat_vendor:/opt/ros/jazzy/opt/gz_gui_vendor:/opt/ros/jazzy/opt/gz_transport_vendor:/opt/ros/jazzy/opt/gz_rendering_vendor:/opt/ros/jazzy/opt/gz_plugin_vendor:/opt/ros/jazzy/opt/gz_fuel_tools_vendor:/opt/ros/jazzy/opt/gz_msgs_vendor:/opt/ros/jazzy/opt/gz_common_vendor:/opt/ros/jazzy/opt/gz_math_vendor:/opt/ros/jazzy/opt/gz_utils_vendor:/opt/ros/jazzy/opt/gz_tools_vendor:/opt/ros/jazzy/opt/gz_ogre_next_vendor:/opt/ros/jazzy/opt/gz_dartsim_vendor:/opt/ros/jazzy/opt/gz_cmake_vendor:/opt/ros/jazzy /usr/bin/cmake --build /home/ubuntu/dev_ws/build/frame_broadcaster -- -j16 -l16
[9.749s] [ 50%] [32mBuilding CXX object CMakeFiles/broadcaster_transform.dir/src/broadcaster_transform.cpp.o[0m
[21.822s] [100%] [32m[1mLinking CXX executable broadcaster_transform[0m
[22.673s] [100%] Built target broadcaster_transform
[22.687s] Invoked command in '/home/ubuntu/dev_ws/build/frame_broadcaster' returned '0': CMAKE_PREFIX_PATH=/home/ubuntu/dev_ws/install/space_interfaces:/home/ubuntu/dev_ws/install/frame_listener:/home/ubuntu/dev_ws/install/frame_broadcaster:/home/ubuntu/dev_ws/install/quadrobot:/opt/ros/jazzy/opt/gz_sim_vendor:/opt/ros/jazzy/opt/gz_sensors_vendor:/opt/ros/jazzy/opt/gz_physics_vendor:/opt/ros/jazzy/opt/sdformat_vendor:/opt/ros/jazzy/opt/gz_gui_vendor:/opt/ros/jazzy/opt/gz_transport_vendor:/opt/ros/jazzy/opt/gz_rendering_vendor:/opt/ros/jazzy/opt/gz_plugin_vendor:/opt/ros/jazzy/opt/gz_fuel_tools_vendor:/opt/ros/jazzy/opt/gz_msgs_vendor:/opt/ros/jazzy/opt/gz_common_vendor:/opt/ros/jazzy/opt/gz_math_vendor:/opt/ros/jazzy/opt/gz_utils_vendor:/opt/ros/jazzy/opt/gz_tools_vendor:/opt/ros/jazzy/opt/gz_ogre_next_vendor:/opt/ros/jazzy/opt/gz_dartsim_vendor:/opt/ros/jazzy/opt/gz_cmake_vendor:/opt/ros/jazzy /usr/bin/cmake --build /home/ubuntu/dev_ws/build/frame_broadcaster -- -j16 -l16
[22.718s] Invoking command in '/home/ubuntu/dev_ws/build/frame_broadcaster': CMAKE_PREFIX_PATH=/home/ubuntu/dev_ws/install/space_interfaces:/home/ubuntu/dev_ws/install/frame_listener:/home/ubuntu/dev_ws/install/frame_broadcaster:/home/ubuntu/dev_ws/install/quadrobot:/opt/ros/jazzy/opt/gz_sim_vendor:/opt/ros/jazzy/opt/gz_sensors_vendor:/opt/ros/jazzy/opt/gz_physics_vendor:/opt/ros/jazzy/opt/sdformat_vendor:/opt/ros/jazzy/opt/gz_gui_vendor:/opt/ros/jazzy/opt/gz_transport_vendor:/opt/ros/jazzy/opt/gz_rendering_vendor:/opt/ros/jazzy/opt/gz_plugin_vendor:/opt/ros/jazzy/opt/gz_fuel_tools_vendor:/opt/ros/jazzy/opt/gz_msgs_vendor:/opt/ros/jazzy/opt/gz_common_vendor:/opt/ros/jazzy/opt/gz_math_vendor:/opt/ros/jazzy/opt/gz_utils_vendor:/opt/ros/jazzy/opt/gz_tools_vendor:/opt/ros/jazzy/opt/gz_ogre_next_vendor:/opt/ros/jazzy/opt/gz_dartsim_vendor:/opt/ros/jazzy/opt/gz_cmake_vendor:/opt/ros/jazzy /usr/bin/cmake --install /home/ubuntu/dev_ws/build/frame_broadcaster
[22.729s] -- Install configuration: ""
[22.730s] -- Execute custom install script
[22.731s] -- Symlinking: /home/ubuntu/dev_ws/install/frame_broadcaster/lib/frame_broadcaster/broadcaster_transform
[22.743s] -- Symlinking: /home/ubuntu/dev_ws/install/frame_broadcaster/share/ament_index/resource_index/package_run_dependencies/frame_broadcaster
[22.754s] -- Symlinking: /home/ubuntu/dev_ws/install/frame_broadcaster/share/ament_index/resource_index/parent_prefix_path/frame_broadcaster
[22.765s] -- Symlinking: /home/ubuntu/dev_ws/install/frame_broadcaster/share/frame_broadcaster/environment/ament_prefix_path.sh
[22.776s] -- Symlinking: /home/ubuntu/dev_ws/install/frame_broadcaster/share/frame_broadcaster/environment/ament_prefix_path.dsv
[22.788s] -- Symlinking: /home/ubuntu/dev_ws/install/frame_broadcaster/share/frame_broadcaster/environment/path.sh
[22.800s] -- Symlinking: /home/ubuntu/dev_ws/install/frame_broadcaster/share/frame_broadcaster/environment/path.dsv
[22.813s] -- Symlinking: /home/ubuntu/dev_ws/install/frame_broadcaster/share/frame_broadcaster/local_setup.bash
[22.826s] -- Symlinking: /home/ubuntu/dev_ws/install/frame_broadcaster/share/frame_broadcaster/local_setup.sh
[22.840s] -- Symlinking: /home/ubuntu/dev_ws/install/frame_broadcaster/share/frame_broadcaster/local_setup.zsh
[22.854s] -- Symlinking: /home/ubuntu/dev_ws/install/frame_broadcaster/share/frame_broadcaster/local_setup.dsv
[22.868s] -- Symlinking: /home/ubuntu/dev_ws/install/frame_broadcaster/share/frame_broadcaster/package.dsv
[22.882s] -- Symlinking: /home/ubuntu/dev_ws/install/frame_broadcaster/share/ament_index/resource_index/packages/frame_broadcaster
[22.896s] -- Symlinking: /home/ubuntu/dev_ws/install/frame_broadcaster/share/frame_broadcaster/cmake/frame_broadcasterConfig.cmake
[22.910s] -- Symlinking: /home/ubuntu/dev_ws/install/frame_broadcaster/share/frame_broadcaster/cmake/frame_broadcasterConfig-version.cmake
[22.924s] -- Symlinking: /home/ubuntu/dev_ws/install/frame_broadcaster/share/frame_broadcaster/package.xml
[22.941s] Invoked command in '/home/ubuntu/dev_ws/build/frame_broadcaster' returned '0': CMAKE_PREFIX_PATH=/home/ubuntu/dev_ws/install/space_interfaces:/home/ubuntu/dev_ws/install/frame_listener:/home/ubuntu/dev_ws/install/frame_broadcaster:/home/ubuntu/dev_ws/install/quadrobot:/opt/ros/jazzy/opt/gz_sim_vendor:/opt/ros/jazzy/opt/gz_sensors_vendor:/opt/ros/jazzy/opt/gz_physics_vendor:/opt/ros/jazzy/opt/sdformat_vendor:/opt/ros/jazzy/opt/gz_gui_vendor:/opt/ros/jazzy/opt/gz_transport_vendor:/opt/ros/jazzy/opt/gz_rendering_vendor:/opt/ros/jazzy/opt/gz_plugin_vendor:/opt/ros/jazzy/opt/gz_fuel_tools_vendor:/opt/ros/jazzy/opt/gz_msgs_vendor:/opt/ros/jazzy/opt/gz_common_vendor:/opt/ros/jazzy/opt/gz_math_vendor:/opt/ros/jazzy/opt/gz_utils_vendor:/opt/ros/jazzy/opt/gz_tools_vendor:/opt/ros/jazzy/opt/gz_ogre_next_vendor:/opt/ros/jazzy/opt/gz_dartsim_vendor:/opt/ros/jazzy/opt/gz_cmake_vendor:/opt/ros/jazzy /usr/bin/cmake --install /home/ubuntu/dev_ws/build/frame_broadcaster
