[0.015s] Invoking command in '/home/ubuntu/dev_ws/build/space_interfaces': CMAKE_PREFIX_PATH=${CMAKE_PREFIX_PATH}:/opt/ros/jazzy /usr/bin/cmake /home/ubuntu/dev_ws/src/space_interfaces -DAMENT_CMAKE_SYMLINK_INSTALL=1 -DCMAKE_INSTALL_PREFIX=/home/ubuntu/dev_ws/install/space_interfaces
[0.337s] -- The C compiler identification is GNU 13.2.0
[1.124s] -- The CXX compiler identification is GNU 13.2.0
[1.754s] -- Detecting C compiler ABI info
[1.963s] -- Detecting C compiler ABI info - done
[1.971s] -- Check for working C compiler: /usr/bin/cc - skipped
[1.972s] -- Detecting C compile features
[1.973s] -- Detecting C compile features - done
[2.053s] -- Detecting CXX compiler ABI info
[2.262s] -- Detecting CXX compiler ABI info - done
[2.271s] -- Check for working CXX compiler: /usr/bin/c++ - skipped
[2.271s] -- Detecting CXX compile features
[2.271s] -- Detecting CXX compile features - done
[2.281s] -- Found ament_cmake: 2.5.2 (/opt/ros/jazzy/share/ament_cmake/cmake)
[2.417s] -- Found Python3: /usr/bin/python3 (found version "3.12.3") found components: Interpreter 
[2.498s] -- Override CMake install command with custom implementation using symlinks instead of copying resources
[2.547s] -- Found rosidl_default_generators: 1.6.0 (/opt/ros/jazzy/share/rosidl_default_generators/cmake)
[2.556s] -- Using all available rosidl_typesupport_c: rosidl_typesupport_fastrtps_c;rosidl_typesupport_introspection_c
[2.807s] -- Using all available rosidl_typesupport_cpp: rosidl_typesupport_fastrtps_cpp;rosidl_typesupport_introspection_cpp
[2.871s] -- Found rosidl_adapter: 4.6.4 (/opt/ros/jazzy/share/rosidl_adapter/cmake)
[3.360s] -- Found ament_cmake_ros: 0.12.0 (/opt/ros/jazzy/share/ament_cmake_ros/cmake)
[3.726s] -- Using all available rosidl_typesupport_c: rosidl_typesupport_fastrtps_c;rosidl_typesupport_introspection_c
[4.199s] -- Using all available rosidl_typesupport_cpp: rosidl_typesupport_fastrtps_cpp;rosidl_typesupport_introspection_cpp
[4.203s] -- Found python_cmake_module: 0.11.1 (/opt/ros/jazzy/share/python_cmake_module/cmake)
[4.318s] -- Found PythonExtra: /usr/bin/python3  
[4.802s] -- Found Python3: /usr/bin/python3 (found version "3.12.3") found components: Interpreter Development NumPy Development.Module Development.Embed 
[4.834s] -- Found ament_lint_auto: 0.17.1 (/opt/ros/jazzy/share/ament_lint_auto/cmake)
[4.858s] -- Added test 'lint_cmake' to check CMake code style
[4.858s] -- Added test 'xmllint' to check XML markup files
[4.862s] -- Configuring done (4.8s)
[4.893s] -- Generating done (0.0s)
[4.895s] -- Build files have been written to: /home/ubuntu/dev_ws/build/space_interfaces
[4.903s] Invoked command in '/home/ubuntu/dev_ws/build/space_interfaces' returned '0': CMAKE_PREFIX_PATH=${CMAKE_PREFIX_PATH}:/opt/ros/jazzy /usr/bin/cmake /home/ubuntu/dev_ws/src/space_interfaces -DAMENT_CMAKE_SYMLINK_INSTALL=1 -DCMAKE_INSTALL_PREFIX=/home/ubuntu/dev_ws/install/space_interfaces
[4.903s] Invoking command in '/home/ubuntu/dev_ws/build/space_interfaces': CMAKE_PREFIX_PATH=${CMAKE_PREFIX_PATH}:/opt/ros/jazzy /usr/bin/cmake --build /home/ubuntu/dev_ws/build/space_interfaces -- -j16 -l16
[4.934s] [  2%] [34m[1mGenerating type hashes for ROS interfaces[0m
[4.939s] [  2%] Built target ament_cmake_python_symlink_space_interfaces
[5.144s] running egg_info
[5.145s] creating space_interfaces.egg-info
[5.167s] writing space_interfaces.egg-info/PKG-INFO
[5.167s] writing dependency_links to space_interfaces.egg-info/dependency_links.txt
[5.167s] writing top-level names to space_interfaces.egg-info/top_level.txt
[5.167s] writing manifest file 'space_interfaces.egg-info/SOURCES.txt'
[5.169s] [  2%] Built target space_interfaces__rosidl_generator_type_description
[5.177s] [  5%] [34m[1mGenerating C code for ROS interfaces[0m
[5.184s] [  8%] [34m[1mGenerating C++ code for ROS interfaces[0m
[5.237s] reading manifest file 'space_interfaces.egg-info/SOURCES.txt'
[5.237s] writing manifest file 'space_interfaces.egg-info/SOURCES.txt'
[5.262s] [  8%] Built target ament_cmake_python_build_space_interfaces_egg
[5.437s] [  8%] Built target space_interfaces__cpp
[5.458s] [ 17%] [32mBuilding C object CMakeFiles/space_interfaces__rosidl_generator_c.dir/rosidl_generator_c/space_interfaces/msg/detail/position__type_support.c.o[0m
[5.458s] [ 17%] [32mBuilding C object CMakeFiles/space_interfaces__rosidl_generator_c.dir/rosidl_generator_c/space_interfaces/msg/detail/position__description.c.o[0m
[5.458s] [ 17%] [32mBuilding C object CMakeFiles/space_interfaces__rosidl_generator_c.dir/rosidl_generator_c/space_interfaces/msg/detail/position__functions.c.o[0m
[5.529s] [ 20%] [32m[1mLinking C shared library libspace_interfaces__rosidl_generator_c.so[0m
[5.657s] [ 20%] Built target space_interfaces__rosidl_generator_c
[5.666s] [ 23%] [34m[1mGenerating C++ type support dispatch for ROS interfaces[0m
[5.666s] [ 26%] [34m[1mGenerating C type support for eProsima Fast-RTPS[0m
[5.666s] [ 29%] [34m[1mGenerating C type support dispatch for ROS interfaces[0m
[5.667s] [ 32%] [34m[1mGenerating C++ introspection for ROS interfaces[0m
[5.668s] [ 35%] [34m[1mGenerating C introspection for ROS interfaces[0m
[5.669s] [ 38%] [34m[1mGenerating C++ type support for eProsima Fast-RTPS[0m
[5.962s] [ 41%] [32mBuilding CXX object CMakeFiles/space_interfaces__rosidl_typesupport_c.dir/rosidl_typesupport_c/space_interfaces/msg/position__type_support.cpp.o[0m
[5.973s] [ 44%] [32mBuilding C object CMakeFiles/space_interfaces__rosidl_typesupport_introspection_c.dir/rosidl_typesupport_introspection_c/space_interfaces/msg/detail/position__type_support.c.o[0m
[5.999s] [ 47%] [32mBuilding CXX object CMakeFiles/space_interfaces__rosidl_typesupport_cpp.dir/rosidl_typesupport_cpp/space_interfaces/msg/position__type_support.cpp.o[0m
[6.009s] [ 50%] [32mBuilding CXX object CMakeFiles/space_interfaces__rosidl_typesupport_fastrtps_cpp.dir/rosidl_typesupport_fastrtps_cpp/space_interfaces/msg/detail/dds_fastrtps/position__type_support.cpp.o[0m
[6.011s] [ 52%] [32m[1mLinking C shared library libspace_interfaces__rosidl_typesupport_introspection_c.so[0m
[6.016s] [ 55%] [32m[1mLinking CXX shared library libspace_interfaces__rosidl_typesupport_c.so[0m
[6.053s] [ 58%] [32mBuilding CXX object CMakeFiles/space_interfaces__rosidl_typesupport_introspection_cpp.dir/rosidl_typesupport_introspection_cpp/space_interfaces/msg/detail/position__type_support.cpp.o[0m
[6.111s] [ 61%] [32mBuilding CXX object CMakeFiles/space_interfaces__rosidl_typesupport_fastrtps_c.dir/rosidl_typesupport_fastrtps_c/space_interfaces/msg/detail/position__type_support_c.cpp.o[0m
[6.144s] [ 61%] Built target space_interfaces__rosidl_typesupport_introspection_c
[6.157s] [ 61%] Built target space_interfaces__rosidl_typesupport_c
[6.423s] [ 64%] [32m[1mLinking CXX shared library libspace_interfaces__rosidl_typesupport_introspection_cpp.so[0m
[6.528s] [ 67%] [32m[1mLinking CXX shared library libspace_interfaces__rosidl_typesupport_cpp.so[0m
[6.611s] [ 67%] Built target space_interfaces__rosidl_typesupport_introspection_cpp
[6.672s] [ 70%] [32m[1mLinking CXX shared library libspace_interfaces__rosidl_typesupport_fastrtps_cpp.so[0m
[6.701s] [ 70%] Built target space_interfaces__rosidl_typesupport_cpp
[6.794s] [ 73%] [32m[1mLinking CXX shared library libspace_interfaces__rosidl_typesupport_fastrtps_c.so[0m
[6.859s] [ 73%] Built target space_interfaces__rosidl_typesupport_fastrtps_cpp
[6.956s] [ 73%] Built target space_interfaces__rosidl_typesupport_fastrtps_c
[6.969s] [ 73%] Built target space_interfaces
[6.983s] [ 76%] [34m[1mGenerating Python code for ROS interfaces[0m
[7.292s] [ 76%] Built target space_interfaces__py
[7.305s] [ 79%] [32mBuilding C object CMakeFiles/space_interfaces__rosidl_generator_py.dir/rosidl_generator_py/space_interfaces/msg/_position_s.c.o[0m
[7.489s] [ 82%] [32m[1mLinking C shared library libspace_interfaces__rosidl_generator_py.so[0m
[7.614s] [ 82%] Built target space_interfaces__rosidl_generator_py
[7.630s] [ 88%] [32mBuilding C object CMakeFiles/space_interfaces_s__rosidl_typesupport_c.dir/rosidl_generator_py/space_interfaces/_space_interfaces_s.ep.rosidl_typesupport_c.c.o[0m
[7.630s] [ 88%] [32mBuilding C object CMakeFiles/space_interfaces_s__rosidl_typesupport_fastrtps_c.dir/rosidl_generator_py/space_interfaces/_space_interfaces_s.ep.rosidl_typesupport_fastrtps_c.c.o[0m
[7.630s] [ 91%] [32mBuilding C object CMakeFiles/space_interfaces_s__rosidl_typesupport_introspection_c.dir/rosidl_generator_py/space_interfaces/_space_interfaces_s.ep.rosidl_typesupport_introspection_c.c.o[0m
[7.728s] [ 94%] [32m[1mLinking C shared module rosidl_generator_py/space_interfaces/space_interfaces_s__rosidl_typesupport_introspection_c.so[0m
[7.728s] [ 97%] [32m[1mLinking C shared module rosidl_generator_py/space_interfaces/space_interfaces_s__rosidl_typesupport_fastrtps_c.so[0m
[7.731s] [100%] [32m[1mLinking C shared module rosidl_generator_py/space_interfaces/space_interfaces_s__rosidl_typesupport_c.so[0m
[7.827s] [100%] Built target space_interfaces_s__rosidl_typesupport_introspection_c
[7.827s] [100%] Built target space_interfaces_s__rosidl_typesupport_fastrtps_c
[7.867s] [100%] Built target space_interfaces_s__rosidl_typesupport_c
[7.875s] Invoked command in '/home/ubuntu/dev_ws/build/space_interfaces' returned '0': CMAKE_PREFIX_PATH=${CMAKE_PREFIX_PATH}:/opt/ros/jazzy /usr/bin/cmake --build /home/ubuntu/dev_ws/build/space_interfaces -- -j16 -l16
[7.920s] Invoking command in '/home/ubuntu/dev_ws/build/space_interfaces': CMAKE_PREFIX_PATH=${CMAKE_PREFIX_PATH}:/opt/ros/jazzy /usr/bin/cmake --install /home/ubuntu/dev_ws/build/space_interfaces
[7.925s] -- Install configuration: ""
[7.926s] -- Execute custom install script
[7.926s] -- Symlinking: /home/ubuntu/dev_ws/install/space_interfaces/share/ament_index/resource_index/rosidl_interfaces/space_interfaces
[7.932s] -- Symlinking: /home/ubuntu/dev_ws/install/space_interfaces/share/space_interfaces/msg/Position.json
[7.938s] -- Symlinking: /home/ubuntu/dev_ws/install/space_interfaces/include/space_interfaces/space_interfaces/msg/detail/position__functions.h
[7.944s] -- Symlinking: /home/ubuntu/dev_ws/install/space_interfaces/include/space_interfaces/space_interfaces/msg/detail/position__struct.h
[7.950s] -- Symlinking: /home/ubuntu/dev_ws/install/space_interfaces/include/space_interfaces/space_interfaces/msg/detail/position__type_support.h
[7.955s] -- Symlinking: /home/ubuntu/dev_ws/install/space_interfaces/include/space_interfaces/space_interfaces/msg/position.h
[7.961s] -- Symlinking: /home/ubuntu/dev_ws/install/space_interfaces/include/space_interfaces/space_interfaces/msg/rosidl_generator_c__visibility_control.h
[7.967s] -- Symlinking: /home/ubuntu/dev_ws/install/space_interfaces/share/space_interfaces/environment/library_path.sh
[7.973s] -- Symlinking: /home/ubuntu/dev_ws/install/space_interfaces/share/space_interfaces/environment/library_path.dsv
[7.978s] -- Symlinking: /home/ubuntu/dev_ws/install/space_interfaces/include/space_interfaces/space_interfaces/msg/detail/position__rosidl_typesupport_fastrtps_c.h
[7.983s] -- Symlinking: /home/ubuntu/dev_ws/install/space_interfaces/include/space_interfaces/space_interfaces/msg/rosidl_typesupport_fastrtps_c__visibility_control.h
[7.989s] -- Symlinking: /home/ubuntu/dev_ws/install/space_interfaces/include/space_interfaces/space_interfaces/msg/detail/position__rosidl_typesupport_introspection_c.h
[7.994s] -- Symlinking: /home/ubuntu/dev_ws/install/space_interfaces/include/space_interfaces/space_interfaces/msg/rosidl_typesupport_introspection_c__visibility_control.h
[7.999s] -- Symlinking: /home/ubuntu/dev_ws/install/space_interfaces/include/space_interfaces/space_interfaces/msg/detail/position__builder.hpp
[8.004s] -- Symlinking: /home/ubuntu/dev_ws/install/space_interfaces/include/space_interfaces/space_interfaces/msg/detail/position__struct.hpp
[8.009s] -- Symlinking: /home/ubuntu/dev_ws/install/space_interfaces/include/space_interfaces/space_interfaces/msg/detail/position__traits.hpp
[8.014s] -- Symlinking: /home/ubuntu/dev_ws/install/space_interfaces/include/space_interfaces/space_interfaces/msg/detail/position__type_support.hpp
[8.019s] -- Symlinking: /home/ubuntu/dev_ws/install/space_interfaces/include/space_interfaces/space_interfaces/msg/position.hpp
[8.026s] -- Symlinking: /home/ubuntu/dev_ws/install/space_interfaces/include/space_interfaces/space_interfaces/msg/rosidl_generator_cpp__visibility_control.hpp
[8.032s] -- Symlinking: /home/ubuntu/dev_ws/install/space_interfaces/include/space_interfaces/space_interfaces/msg/detail/position__rosidl_typesupport_fastrtps_cpp.hpp
[8.038s] -- Symlinking: /home/ubuntu/dev_ws/install/space_interfaces/include/space_interfaces/space_interfaces/msg/rosidl_typesupport_fastrtps_cpp__visibility_control.h
[8.043s] -- Symlinking: /home/ubuntu/dev_ws/install/space_interfaces/include/space_interfaces/space_interfaces/msg/detail/position__rosidl_typesupport_introspection_cpp.hpp
[8.048s] -- Symlinking: /home/ubuntu/dev_ws/install/space_interfaces/share/space_interfaces/environment/pythonpath.sh
[8.053s] -- Symlinking: /home/ubuntu/dev_ws/install/space_interfaces/share/space_interfaces/environment/pythonpath.dsv
[8.058s] -- Symlinking: /home/ubuntu/dev_ws/install/space_interfaces/lib/python3.12/site-packages/space_interfaces-0.0.0-py3.12.egg-info/PKG-INFO
[8.063s] -- Symlinking: /home/ubuntu/dev_ws/install/space_interfaces/lib/python3.12/site-packages/space_interfaces-0.0.0-py3.12.egg-info/SOURCES.txt
[8.068s] -- Symlinking: /home/ubuntu/dev_ws/install/space_interfaces/lib/python3.12/site-packages/space_interfaces-0.0.0-py3.12.egg-info/dependency_links.txt
[8.074s] -- Symlinking: /home/ubuntu/dev_ws/install/space_interfaces/lib/python3.12/site-packages/space_interfaces-0.0.0-py3.12.egg-info/top_level.txt
[8.079s] -- Symlinking: /home/ubuntu/dev_ws/install/space_interfaces/lib/python3.12/site-packages/space_interfaces/__init__.py
[8.083s] -- Symlinking: /home/ubuntu/dev_ws/install/space_interfaces/lib/python3.12/site-packages/space_interfaces/_space_interfaces_s.ep.rosidl_typesupport_c.c
[8.088s] -- Symlinking: /home/ubuntu/dev_ws/install/space_interfaces/lib/python3.12/site-packages/space_interfaces/_space_interfaces_s.ep.rosidl_typesupport_fastrtps_c.c
[8.093s] -- Symlinking: /home/ubuntu/dev_ws/install/space_interfaces/lib/python3.12/site-packages/space_interfaces/_space_interfaces_s.ep.rosidl_typesupport_introspection_c.c
[8.098s] -- Symlinking: /home/ubuntu/dev_ws/install/space_interfaces/lib/python3.12/site-packages/space_interfaces/msg/__init__.py
[8.103s] -- Symlinking: /home/ubuntu/dev_ws/install/space_interfaces/lib/python3.12/site-packages/space_interfaces/msg/_position.py
[8.108s] -- Symlinking: /home/ubuntu/dev_ws/install/space_interfaces/lib/python3.12/site-packages/space_interfaces/msg/_position_s.c
[8.113s] -- Symlinking: /home/ubuntu/dev_ws/install/space_interfaces/lib/python3.12/site-packages/space_interfaces/space_interfaces_s__rosidl_typesupport_c.so
[8.119s] -- Symlinking: /home/ubuntu/dev_ws/install/space_interfaces/lib/python3.12/site-packages/space_interfaces/space_interfaces_s__rosidl_typesupport_fastrtps_c.so
[8.125s] -- Symlinking: /home/ubuntu/dev_ws/install/space_interfaces/lib/python3.12/site-packages/space_interfaces/space_interfaces_s__rosidl_typesupport_introspection_c.so
[8.130s] -- Up-to-date symlink: /home/ubuntu/dev_ws/install/space_interfaces/lib/python3.12/site-packages/space_interfaces/space_interfaces_s__rosidl_typesupport_fastrtps_c.so
[8.131s] -- Up-to-date symlink: /home/ubuntu/dev_ws/install/space_interfaces/lib/python3.12/site-packages/space_interfaces/space_interfaces_s__rosidl_typesupport_introspection_c.so
[8.131s] -- Up-to-date symlink: /home/ubuntu/dev_ws/install/space_interfaces/lib/python3.12/site-packages/space_interfaces/space_interfaces_s__rosidl_typesupport_c.so
[8.131s] -- Symlinking: /home/ubuntu/dev_ws/install/space_interfaces/share/space_interfaces/msg/Position.idl
[8.137s] -- Symlinking: /home/ubuntu/dev_ws/install/space_interfaces/share/space_interfaces/msg/Position.msg
[8.142s] -- Symlinking: /home/ubuntu/dev_ws/install/space_interfaces/share/ament_index/resource_index/package_run_dependencies/space_interfaces
[8.147s] -- Symlinking: /home/ubuntu/dev_ws/install/space_interfaces/share/ament_index/resource_index/parent_prefix_path/space_interfaces
[8.152s] -- Symlinking: /home/ubuntu/dev_ws/install/space_interfaces/share/space_interfaces/environment/ament_prefix_path.sh
[8.157s] -- Symlinking: /home/ubuntu/dev_ws/install/space_interfaces/share/space_interfaces/environment/ament_prefix_path.dsv
[8.162s] -- Symlinking: /home/ubuntu/dev_ws/install/space_interfaces/share/space_interfaces/environment/path.sh
[8.167s] -- Symlinking: /home/ubuntu/dev_ws/install/space_interfaces/share/space_interfaces/environment/path.dsv
[8.172s] -- Symlinking: /home/ubuntu/dev_ws/install/space_interfaces/share/space_interfaces/local_setup.bash
[8.177s] -- Symlinking: /home/ubuntu/dev_ws/install/space_interfaces/share/space_interfaces/local_setup.sh
[8.182s] -- Symlinking: /home/ubuntu/dev_ws/install/space_interfaces/share/space_interfaces/local_setup.zsh
[8.187s] -- Symlinking: /home/ubuntu/dev_ws/install/space_interfaces/share/space_interfaces/local_setup.dsv
[8.192s] -- Symlinking: /home/ubuntu/dev_ws/install/space_interfaces/share/space_interfaces/package.dsv
[8.197s] -- Symlinking: /home/ubuntu/dev_ws/install/space_interfaces/share/ament_index/resource_index/packages/space_interfaces
[8.202s] -- Symlinking: /home/ubuntu/dev_ws/install/space_interfaces/share/space_interfaces/cmake/rosidl_cmake-extras.cmake
[8.207s] -- Symlinking: /home/ubuntu/dev_ws/install/space_interfaces/share/space_interfaces/cmake/ament_cmake_export_include_directories-extras.cmake
[8.212s] -- Symlinking: /home/ubuntu/dev_ws/install/space_interfaces/share/space_interfaces/cmake/ament_cmake_export_libraries-extras.cmake
[8.217s] -- Symlinking: /home/ubuntu/dev_ws/install/space_interfaces/share/space_interfaces/cmake/ament_cmake_export_targets-extras.cmake
[8.222s] -- Symlinking: /home/ubuntu/dev_ws/install/space_interfaces/share/space_interfaces/cmake/rosidl_cmake_export_typesupport_targets-extras.cmake
[8.227s] -- Symlinking: /home/ubuntu/dev_ws/install/space_interfaces/share/space_interfaces/cmake/ament_cmake_export_dependencies-extras.cmake
[8.232s] -- Symlinking: /home/ubuntu/dev_ws/install/space_interfaces/share/space_interfaces/cmake/rosidl_cmake_export_typesupport_libraries-extras.cmake
[8.237s] -- Symlinking: /home/ubuntu/dev_ws/install/space_interfaces/share/space_interfaces/cmake/space_interfacesConfig.cmake
[8.242s] -- Symlinking: /home/ubuntu/dev_ws/install/space_interfaces/share/space_interfaces/cmake/space_interfacesConfig-version.cmake
[8.247s] -- Symlinking: /home/ubuntu/dev_ws/install/space_interfaces/share/space_interfaces/package.xml
[8.251s] -- Installing: /home/ubuntu/dev_ws/install/space_interfaces/lib/libspace_interfaces__rosidl_generator_c.so
[8.251s] -- Set non-toolchain portion of runtime path of "/home/ubuntu/dev_ws/install/space_interfaces/lib/libspace_interfaces__rosidl_generator_c.so" to ""
[8.251s] -- Installing: /home/ubuntu/dev_ws/install/space_interfaces/lib/libspace_interfaces__rosidl_typesupport_fastrtps_c.so
[8.252s] -- Set non-toolchain portion of runtime path of "/home/ubuntu/dev_ws/install/space_interfaces/lib/libspace_interfaces__rosidl_typesupport_fastrtps_c.so" to ""
[8.252s] -- Installing: /home/ubuntu/dev_ws/install/space_interfaces/lib/libspace_interfaces__rosidl_typesupport_introspection_c.so
[8.252s] -- Set non-toolchain portion of runtime path of "/home/ubuntu/dev_ws/install/space_interfaces/lib/libspace_interfaces__rosidl_typesupport_introspection_c.so" to ""
[8.252s] -- Installing: /home/ubuntu/dev_ws/install/space_interfaces/lib/libspace_interfaces__rosidl_typesupport_c.so
[8.252s] -- Set non-toolchain portion of runtime path of "/home/ubuntu/dev_ws/install/space_interfaces/lib/libspace_interfaces__rosidl_typesupport_c.so" to ""
[8.252s] -- Installing: /home/ubuntu/dev_ws/install/space_interfaces/lib/libspace_interfaces__rosidl_typesupport_fastrtps_cpp.so
[8.252s] -- Set non-toolchain portion of runtime path of "/home/ubuntu/dev_ws/install/space_interfaces/lib/libspace_interfaces__rosidl_typesupport_fastrtps_cpp.so" to ""
[8.253s] -- Installing: /home/ubuntu/dev_ws/install/space_interfaces/lib/libspace_interfaces__rosidl_typesupport_introspection_cpp.so
[8.253s] -- Set non-toolchain portion of runtime path of "/home/ubuntu/dev_ws/install/space_interfaces/lib/libspace_interfaces__rosidl_typesupport_introspection_cpp.so" to ""
[8.253s] -- Installing: /home/ubuntu/dev_ws/install/space_interfaces/lib/libspace_interfaces__rosidl_typesupport_cpp.so
[8.253s] -- Set non-toolchain portion of runtime path of "/home/ubuntu/dev_ws/install/space_interfaces/lib/libspace_interfaces__rosidl_typesupport_cpp.so" to ""
[8.282s] Listing '/home/ubuntu/dev_ws/install/space_interfaces/lib/python3.12/site-packages/space_interfaces'...
[8.282s] Compiling '/home/ubuntu/dev_ws/install/space_interfaces/lib/python3.12/site-packages/space_interfaces/__init__.py'...
[8.283s] Listing '/home/ubuntu/dev_ws/install/space_interfaces/lib/python3.12/site-packages/space_interfaces/msg'...
[8.283s] Compiling '/home/ubuntu/dev_ws/install/space_interfaces/lib/python3.12/site-packages/space_interfaces/msg/__init__.py'...
[8.283s] Compiling '/home/ubuntu/dev_ws/install/space_interfaces/lib/python3.12/site-packages/space_interfaces/msg/_position.py'...
[8.287s] -- Installing: /home/ubuntu/dev_ws/install/space_interfaces/lib/libspace_interfaces__rosidl_generator_py.so
[8.287s] -- Set non-toolchain portion of runtime path of "/home/ubuntu/dev_ws/install/space_interfaces/lib/libspace_interfaces__rosidl_generator_py.so" to ""
[8.287s] -- Installing: /home/ubuntu/dev_ws/install/space_interfaces/share/space_interfaces/cmake/export_space_interfaces__rosidl_generator_cExport.cmake
[8.287s] -- Installing: /home/ubuntu/dev_ws/install/space_interfaces/share/space_interfaces/cmake/export_space_interfaces__rosidl_generator_cExport-noconfig.cmake
[8.288s] -- Installing: /home/ubuntu/dev_ws/install/space_interfaces/share/space_interfaces/cmake/export_space_interfaces__rosidl_typesupport_fastrtps_cExport.cmake
[8.288s] -- Installing: /home/ubuntu/dev_ws/install/space_interfaces/share/space_interfaces/cmake/export_space_interfaces__rosidl_typesupport_fastrtps_cExport-noconfig.cmake
[8.288s] -- Installing: /home/ubuntu/dev_ws/install/space_interfaces/share/space_interfaces/cmake/space_interfaces__rosidl_typesupport_introspection_cExport.cmake
[8.289s] -- Installing: /home/ubuntu/dev_ws/install/space_interfaces/share/space_interfaces/cmake/space_interfaces__rosidl_typesupport_introspection_cExport-noconfig.cmake
[8.289s] -- Installing: /home/ubuntu/dev_ws/install/space_interfaces/share/space_interfaces/cmake/space_interfaces__rosidl_typesupport_cExport.cmake
[8.289s] -- Installing: /home/ubuntu/dev_ws/install/space_interfaces/share/space_interfaces/cmake/space_interfaces__rosidl_typesupport_cExport-noconfig.cmake
[8.289s] -- Installing: /home/ubuntu/dev_ws/install/space_interfaces/share/space_interfaces/cmake/export_space_interfaces__rosidl_generator_cppExport.cmake
[8.289s] -- Installing: /home/ubuntu/dev_ws/install/space_interfaces/share/space_interfaces/cmake/export_space_interfaces__rosidl_typesupport_fastrtps_cppExport.cmake
[8.289s] -- Installing: /home/ubuntu/dev_ws/install/space_interfaces/share/space_interfaces/cmake/export_space_interfaces__rosidl_typesupport_fastrtps_cppExport-noconfig.cmake
[8.289s] -- Installing: /home/ubuntu/dev_ws/install/space_interfaces/share/space_interfaces/cmake/space_interfaces__rosidl_typesupport_introspection_cppExport.cmake
[8.290s] -- Installing: /home/ubuntu/dev_ws/install/space_interfaces/share/space_interfaces/cmake/space_interfaces__rosidl_typesupport_introspection_cppExport-noconfig.cmake
[8.290s] -- Installing: /home/ubuntu/dev_ws/install/space_interfaces/share/space_interfaces/cmake/space_interfaces__rosidl_typesupport_cppExport.cmake
[8.290s] -- Installing: /home/ubuntu/dev_ws/install/space_interfaces/share/space_interfaces/cmake/space_interfaces__rosidl_typesupport_cppExport-noconfig.cmake
[8.290s] -- Installing: /home/ubuntu/dev_ws/install/space_interfaces/share/space_interfaces/cmake/export_space_interfaces__rosidl_generator_pyExport.cmake
[8.290s] -- Installing: /home/ubuntu/dev_ws/install/space_interfaces/share/space_interfaces/cmake/export_space_interfaces__rosidl_generator_pyExport-noconfig.cmake
[8.291s] Invoked command in '/home/ubuntu/dev_ws/build/space_interfaces' returned '0': CMAKE_PREFIX_PATH=${CMAKE_PREFIX_PATH}:/opt/ros/jazzy /usr/bin/cmake --install /home/ubuntu/dev_ws/build/space_interfaces
