[0.056s] Invoking command in '/home/MKGL/quadro_ws/build/serial': CMAKE_PREFIX_PATH=${CMAKE_PREFIX_PATH}:/opt/ros/jazzy DEBUGINFOD_URLS=https://debuginfod.ubuntu.com /usr/bin/cmake --build /home/MKGL/quadro_ws/build/serial -- -j4 -l4
[0.334s] [ 50%] Built target serial_lib
[0.505s] [ 75%] [32mBuilding CXX object CMakeFiles/testlib_node.dir/src/testlib_node.cpp.o[0m
[15.837s] [100%] [32m[1mLinking CXX executable testlib_node[0m
[16.553s] [100%] Built target testlib_node
[16.603s] Invoked command in '/home/MKGL/quadro_ws/build/serial' returned '0': CMAKE_PREFIX_PATH=${CMAKE_PREFIX_PATH}:/opt/ros/jazzy DEBUGINFOD_URLS=https://debuginfod.ubuntu.com /usr/bin/cmake --build /home/MKGL/quadro_ws/build/serial -- -j4 -l4
[16.810s] Invoking command in '/home/MKGL/quadro_ws/build/serial': CMAKE_PREFIX_PATH=${CMAKE_PREFIX_PATH}:/opt/ros/jazzy DEBUGINFOD_URLS=https://debuginfod.ubuntu.com /usr/bin/cmake --install /home/MKGL/quadro_ws/build/serial
[16.847s] -- Install configuration: ""
[16.849s] -- Execute custom install script
[16.850s] -- Up-to-date symlink: /home/MKGL/quadro_ws/install/serial/share/serial/environment/library_path.sh
[16.851s] -- Up-to-date symlink: /home/MKGL/quadro_ws/install/serial/share/serial/environment/library_path.dsv
[16.853s] -- Up-to-date symlink: /home/MKGL/quadro_ws/install/serial/include/serial/serial.hpp
[16.854s] -- Up-to-date symlink: /home/MKGL/quadro_ws/install/serial/lib/serial/testlib_node
[16.856s] -- Up-to-date symlink: /home/MKGL/quadro_ws/install/serial/share/ament_index/resource_index/package_run_dependencies/serial
[16.857s] -- Up-to-date symlink: /home/MKGL/quadro_ws/install/serial/share/ament_index/resource_index/parent_prefix_path/serial
[16.858s] -- Up-to-date symlink: /home/MKGL/quadro_ws/install/serial/share/serial/environment/ament_prefix_path.sh
[16.859s] -- Up-to-date symlink: /home/MKGL/quadro_ws/install/serial/share/serial/environment/ament_prefix_path.dsv
[16.860s] -- Up-to-date symlink: /home/MKGL/quadro_ws/install/serial/share/serial/environment/path.sh
[16.861s] -- Up-to-date symlink: /home/MKGL/quadro_ws/install/serial/share/serial/environment/path.dsv
[16.862s] -- Up-to-date symlink: /home/MKGL/quadro_ws/install/serial/share/serial/local_setup.bash
[16.862s] -- Up-to-date symlink: /home/MKGL/quadro_ws/install/serial/share/serial/local_setup.sh
[16.863s] -- Up-to-date symlink: /home/MKGL/quadro_ws/install/serial/share/serial/local_setup.zsh
[16.864s] -- Up-to-date symlink: /home/MKGL/quadro_ws/install/serial/share/serial/local_setup.dsv
[16.865s] -- Symlinking: /home/MKGL/quadro_ws/install/serial/share/serial/package.dsv
[16.909s] -- Up-to-date symlink: /home/MKGL/quadro_ws/install/serial/share/ament_index/resource_index/packages/serial
[16.910s] -- Up-to-date symlink: /home/MKGL/quadro_ws/install/serial/share/serial/cmake/ament_cmake_export_targets-extras.cmake
[16.911s] -- Up-to-date symlink: /home/MKGL/quadro_ws/install/serial/share/serial/cmake/serialConfig.cmake
[16.912s] -- Up-to-date symlink: /home/MKGL/quadro_ws/install/serial/share/serial/cmake/serialConfig-version.cmake
[16.913s] -- Up-to-date symlink: /home/MKGL/quadro_ws/install/serial/share/serial/package.xml
[16.914s] -- Up-to-date: /home/MKGL/quadro_ws/install/serial/lib/libserial_lib.so
[16.915s] -- Up-to-date: /home/MKGL/quadro_ws/install/serial/share/serial/cmake/export_serialExport.cmake
[16.916s] -- Up-to-date: /home/MKGL/quadro_ws/install/serial/share/serial/cmake/export_serialExport-noconfig.cmake
[16.924s] Invoked command in '/home/MKGL/quadro_ws/build/serial' returned '0': CMAKE_PREFIX_PATH=${CMAKE_PREFIX_PATH}:/opt/ros/jazzy DEBUGINFOD_URLS=https://debuginfod.ubuntu.com /usr/bin/cmake --install /home/MKGL/quadro_ws/build/serial
