[0.064s] Invoking command in '/home/MKGL/quadro_ws/build/dgz_description': CMAKE_PREFIX_PATH=/opt/ros/jazzy /usr/bin/cmake /home/MKGL/quadro_ws/src/dgz_description -DAMENT_CMAKE_SYMLINK_INSTALL=1 -DCMAKE_INSTALL_PREFIX=/home/MKGL/quadro_ws/install/dgz_description
[0.503s] -- The C compiler identification is GNU 13.2.0
[0.927s] -- The CXX compiler identification is GNU 13.2.0
[1.055s] -- Detecting C compiler ABI info
[1.686s] -- Detecting C compiler ABI info - done
[1.750s] -- Check for working C compiler: /usr/bin/cc - skipped
[1.752s] -- Detecting C compile features
[1.756s] -- Detecting C compile features - done
[1.823s] -- Detecting CXX compiler ABI info
[2.553s] -- Detecting CXX compiler ABI info - done
[2.638s] -- Check for working CXX compiler: /usr/bin/c++ - skipped
[2.642s] -- Detecting CXX compile features
[2.645s] -- Detecting CXX compile features - done
[2.677s] -- Found ament_cmake: 2.5.2 (/opt/ros/jazzy/share/ament_cmake/cmake)
[3.950s] -- Found Python3: /usr/bin/python3 (found version "3.12.3") found components: Interpreter 
[4.507s] -- Override CMake install command with custom implementation using symlinks instead of copying resources
[4.795s] -- Found ament_lint_auto: 0.17.1 (/opt/ros/jazzy/share/ament_lint_auto/cmake)
[5.567s] -- Added test 'flake8' to check Python code syntax and style conventions
[5.568s] -- Configured 'flake8' exclude dirs and/or files: 
[5.568s] -- Added test 'lint_cmake' to check CMake code style
[5.569s] -- Added test 'pep257' to check Python code against some of the docstring style conventions in PEP 257
[5.578s] -- Added test 'xmllint' to check XML markup files
[5.586s] -- Configuring done (5.5s)
[5.614s] -- Generating done (0.0s)
[5.621s] -- Build files have been written to: /home/MKGL/quadro_ws/build/dgz_description
[5.651s] Invoked command in '/home/MKGL/quadro_ws/build/dgz_description' returned '0': CMAKE_PREFIX_PATH=/opt/ros/jazzy /usr/bin/cmake /home/MKGL/quadro_ws/src/dgz_description -DAMENT_CMAKE_SYMLINK_INSTALL=1 -DCMAKE_INSTALL_PREFIX=/home/MKGL/quadro_ws/install/dgz_description
[5.653s] Invoking command in '/home/MKGL/quadro_ws/build/dgz_description': CMAKE_PREFIX_PATH=/opt/ros/jazzy /usr/bin/cmake --build /home/MKGL/quadro_ws/build/dgz_description -- -j4 -l4
[5.967s] Invoked command in '/home/MKGL/quadro_ws/build/dgz_description' returned '0': CMAKE_PREFIX_PATH=/opt/ros/jazzy /usr/bin/cmake --build /home/MKGL/quadro_ws/build/dgz_description -- -j4 -l4
[6.285s] Invoking command in '/home/MKGL/quadro_ws/build/dgz_description': CMAKE_PREFIX_PATH=/opt/ros/jazzy /usr/bin/cmake --install /home/MKGL/quadro_ws/build/dgz_description
[6.343s] -- Install configuration: ""
[6.344s] -- Execute custom install script
[6.351s] -- Symlinking: /home/MKGL/quadro_ws/install/dgz_description/share/dgz_description//launch/dgz_description.launch.py
[6.437s] -- Symlinking: /home/MKGL/quadro_ws/install/dgz_description/share/ament_index/resource_index/package_run_dependencies/dgz_description
[6.498s] -- Symlinking: /home/MKGL/quadro_ws/install/dgz_description/share/ament_index/resource_index/parent_prefix_path/dgz_description
[6.553s] -- Symlinking: /home/MKGL/quadro_ws/install/dgz_description/share/dgz_description/environment/ament_prefix_path.sh
[6.607s] -- Symlinking: /home/MKGL/quadro_ws/install/dgz_description/share/dgz_description/environment/ament_prefix_path.dsv
[6.688s] -- Symlinking: /home/MKGL/quadro_ws/install/dgz_description/share/dgz_description/environment/path.sh
[6.762s] -- Symlinking: /home/MKGL/quadro_ws/install/dgz_description/share/dgz_description/environment/path.dsv
[6.817s] -- Symlinking: /home/MKGL/quadro_ws/install/dgz_description/share/dgz_description/local_setup.bash
[6.876s] -- Symlinking: /home/MKGL/quadro_ws/install/dgz_description/share/dgz_description/local_setup.sh
[6.941s] -- Symlinking: /home/MKGL/quadro_ws/install/dgz_description/share/dgz_description/local_setup.zsh
[6.998s] -- Symlinking: /home/MKGL/quadro_ws/install/dgz_description/share/dgz_description/local_setup.dsv
[7.066s] -- Symlinking: /home/MKGL/quadro_ws/install/dgz_description/share/dgz_description/package.dsv
[7.143s] -- Symlinking: /home/MKGL/quadro_ws/install/dgz_description/share/ament_index/resource_index/packages/dgz_description
[7.214s] -- Symlinking: /home/MKGL/quadro_ws/install/dgz_description/share/dgz_description/cmake/dgz_descriptionConfig.cmake
[7.266s] -- Symlinking: /home/MKGL/quadro_ws/install/dgz_description/share/dgz_description/cmake/dgz_descriptionConfig-version.cmake
[7.325s] -- Symlinking: /home/MKGL/quadro_ws/install/dgz_description/share/dgz_description/package.xml
[7.392s] Invoked command in '/home/MKGL/quadro_ws/build/dgz_description' returned '0': CMAKE_PREFIX_PATH=/opt/ros/jazzy /usr/bin/cmake --install /home/MKGL/quadro_ws/build/dgz_description
