[0.051s] Invoking command in '/home/ubuntu/quadro_ws/build/quadrobot_viewer': CMAKE_PREFIX_PATH=${CMAKE_PREFIX_PATH}:/opt/ros/jazzy /usr/bin/cmake /home/ubuntu/quadro_ws/src/quadrobot_viewer -DAMENT_CMAKE_SYMLINK_INSTALL=1 -DCMAKE_INSTALL_PREFIX=/home/ubuntu/quadro_ws/install/quadrobot_viewer
[1.432s] -- The C compiler identification is GNU 13.2.0
[5.648s] -- The CXX compiler identification is GNU 13.2.0
[7.733s] -- Detecting C compiler ABI info
[8.584s] -- Detecting C compiler ABI info - done
[8.614s] -- Check for working C compiler: /usr/bin/cc - skipped
[8.616s] -- Detecting C compile features
[8.618s] -- Detecting C compile features - done
[9.136s] -- Detecting CXX compiler ABI info
[10.627s] -- Detecting CXX compiler ABI info - done
[10.661s] -- Check for working CXX compiler: /usr/bin/c++ - skipped
[10.661s] -- Detecting CXX compile features
[10.662s] -- Detecting CXX compile features - done
[10.738s] -- Found ament_cmake: 2.5.2 (/opt/ros/jazzy/share/ament_cmake/cmake)
[11.076s] -- Found Python3: /usr/bin/python3 (found version "3.12.3") found components: Interpreter 
[11.220s] -- Override CMake install command with custom implementation using symlinks instead of copying resources
[11.323s] -- Found ament_lint_auto: 0.17.1 (/opt/ros/jazzy/share/ament_lint_auto/cmake)
[11.555s] -- Added test 'flake8' to check Python code syntax and style conventions
[11.555s] -- Configured 'flake8' exclude dirs and/or files: 
[11.557s] -- Added test 'lint_cmake' to check CMake code style
[11.559s] -- Added test 'pep257' to check Python code against some of the docstring style conventions in PEP 257
[11.563s] -- Added test 'xmllint' to check XML markup files
[11.568s] -- Configuring done (11.4s)
[11.574s] -- Generating done (0.0s)
[11.576s] -- Build files have been written to: /home/ubuntu/quadro_ws/build/quadrobot_viewer
[11.587s] Invoked command in '/home/ubuntu/quadro_ws/build/quadrobot_viewer' returned '0': CMAKE_PREFIX_PATH=${CMAKE_PREFIX_PATH}:/opt/ros/jazzy /usr/bin/cmake /home/ubuntu/quadro_ws/src/quadrobot_viewer -DAMENT_CMAKE_SYMLINK_INSTALL=1 -DCMAKE_INSTALL_PREFIX=/home/ubuntu/quadro_ws/install/quadrobot_viewer
[11.589s] Invoking command in '/home/ubuntu/quadro_ws/build/quadrobot_viewer': CMAKE_PREFIX_PATH=${CMAKE_PREFIX_PATH}:/opt/ros/jazzy /usr/bin/cmake --build /home/ubuntu/quadro_ws/build/quadrobot_viewer -- -j16 -l16
[11.637s] Invoked command in '/home/ubuntu/quadro_ws/build/quadrobot_viewer' returned '0': CMAKE_PREFIX_PATH=${CMAKE_PREFIX_PATH}:/opt/ros/jazzy /usr/bin/cmake --build /home/ubuntu/quadro_ws/build/quadrobot_viewer -- -j16 -l16
[11.683s] Invoking command in '/home/ubuntu/quadro_ws/build/quadrobot_viewer': CMAKE_PREFIX_PATH=${CMAKE_PREFIX_PATH}:/opt/ros/jazzy /usr/bin/cmake --install /home/ubuntu/quadro_ws/build/quadrobot_viewer
[11.695s] -- Install configuration: ""
[11.695s] -- Execute custom install script
[11.697s] -- Symlinking: /home/ubuntu/quadro_ws/install/quadrobot_viewer/share/quadrobot_viewer//config/config.yaml
[11.709s] -- Symlinking: /home/ubuntu/quadro_ws/install/quadrobot_viewer/share/quadrobot_viewer//config/joint_names_quadrobot.yaml
[11.721s] -- Symlinking: /home/ubuntu/quadro_ws/install/quadrobot_viewer/share/quadrobot_viewer//config/ros2_control.yaml
[11.731s] -- Symlinking: /home/ubuntu/quadro_ws/install/quadrobot_viewer/share/quadrobot_viewer//config/rviz.yaml
[11.742s] -- Symlinking: /home/ubuntu/quadro_ws/install/quadrobot_viewer/share/quadrobot_viewer//launch/quadrobot_viewer.launch.py
[11.756s] -- Symlinking: /home/ubuntu/quadro_ws/install/quadrobot_viewer/share/quadrobot_viewer//meshes/BLA.STL
[11.770s] -- Symlinking: /home/ubuntu/quadro_ws/install/quadrobot_viewer/share/quadrobot_viewer//meshes/BLB.STL
[11.783s] -- Symlinking: /home/ubuntu/quadro_ws/install/quadrobot_viewer/share/quadrobot_viewer//meshes/BLC.STL
[11.796s] -- Symlinking: /home/ubuntu/quadro_ws/install/quadrobot_viewer/share/quadrobot_viewer//meshes/BRA.STL
[11.805s] -- Symlinking: /home/ubuntu/quadro_ws/install/quadrobot_viewer/share/quadrobot_viewer//meshes/BRB.STL
[11.815s] -- Symlinking: /home/ubuntu/quadro_ws/install/quadrobot_viewer/share/quadrobot_viewer//meshes/BRC.STL
[11.825s] -- Symlinking: /home/ubuntu/quadro_ws/install/quadrobot_viewer/share/quadrobot_viewer//meshes/CAMERA.STL
[11.834s] -- Symlinking: /home/ubuntu/quadro_ws/install/quadrobot_viewer/share/quadrobot_viewer//meshes/FLA.STL
[11.844s] -- Symlinking: /home/ubuntu/quadro_ws/install/quadrobot_viewer/share/quadrobot_viewer//meshes/FLB.STL
[11.853s] -- Symlinking: /home/ubuntu/quadro_ws/install/quadrobot_viewer/share/quadrobot_viewer//meshes/FLC.STL
[11.863s] -- Symlinking: /home/ubuntu/quadro_ws/install/quadrobot_viewer/share/quadrobot_viewer//meshes/FRA.STL
[11.872s] -- Symlinking: /home/ubuntu/quadro_ws/install/quadrobot_viewer/share/quadrobot_viewer//meshes/FRB.STL
[11.882s] -- Symlinking: /home/ubuntu/quadro_ws/install/quadrobot_viewer/share/quadrobot_viewer//meshes/FRC.STL
[11.891s] -- Symlinking: /home/ubuntu/quadro_ws/install/quadrobot_viewer/share/quadrobot_viewer//meshes/LIDAR.STL
[11.900s] -- Symlinking: /home/ubuntu/quadro_ws/install/quadrobot_viewer/share/quadrobot_viewer//meshes/base_link.STL
[11.910s] -- Symlinking: /home/ubuntu/quadro_ws/install/quadrobot_viewer/share/quadrobot_viewer//models/worlds/empty.world.sdf
[11.920s] -- Symlinking: /home/ubuntu/quadro_ws/install/quadrobot_viewer/share/quadrobot_viewer//urdf/quadrobot.csv
[11.932s] -- Symlinking: /home/ubuntu/quadro_ws/install/quadrobot_viewer/share/quadrobot_viewer//urdf/quadrobot.ros2_control.xacro
[11.942s] -- Symlinking: /home/ubuntu/quadro_ws/install/quadrobot_viewer/share/quadrobot_viewer//urdf/quadrobot.urdf.xacro
[11.951s] -- Symlinking: /home/ubuntu/quadro_ws/install/quadrobot_viewer/share/quadrobot_viewer//urdf/quadrobot.xacro
[11.961s] -- Symlinking: /home/ubuntu/quadro_ws/install/quadrobot_viewer/share/ament_index/resource_index/package_run_dependencies/quadrobot_viewer
[11.973s] -- Symlinking: /home/ubuntu/quadro_ws/install/quadrobot_viewer/share/ament_index/resource_index/parent_prefix_path/quadrobot_viewer
[11.983s] -- Symlinking: /home/ubuntu/quadro_ws/install/quadrobot_viewer/share/quadrobot_viewer/environment/ament_prefix_path.sh
[11.996s] -- Symlinking: /home/ubuntu/quadro_ws/install/quadrobot_viewer/share/quadrobot_viewer/environment/ament_prefix_path.dsv
[12.006s] -- Symlinking: /home/ubuntu/quadro_ws/install/quadrobot_viewer/share/quadrobot_viewer/environment/path.sh
[12.016s] -- Symlinking: /home/ubuntu/quadro_ws/install/quadrobot_viewer/share/quadrobot_viewer/environment/path.dsv
[12.026s] -- Symlinking: /home/ubuntu/quadro_ws/install/quadrobot_viewer/share/quadrobot_viewer/local_setup.bash
[12.037s] -- Symlinking: /home/ubuntu/quadro_ws/install/quadrobot_viewer/share/quadrobot_viewer/local_setup.sh
[12.048s] -- Symlinking: /home/ubuntu/quadro_ws/install/quadrobot_viewer/share/quadrobot_viewer/local_setup.zsh
[12.060s] -- Symlinking: /home/ubuntu/quadro_ws/install/quadrobot_viewer/share/quadrobot_viewer/local_setup.dsv
[12.071s] -- Symlinking: /home/ubuntu/quadro_ws/install/quadrobot_viewer/share/quadrobot_viewer/package.dsv
[12.082s] -- Symlinking: /home/ubuntu/quadro_ws/install/quadrobot_viewer/share/ament_index/resource_index/packages/quadrobot_viewer
[12.093s] -- Symlinking: /home/ubuntu/quadro_ws/install/quadrobot_viewer/share/quadrobot_viewer/cmake/quadrobot_viewerConfig.cmake
[12.104s] -- Symlinking: /home/ubuntu/quadro_ws/install/quadrobot_viewer/share/quadrobot_viewer/cmake/quadrobot_viewerConfig-version.cmake
[12.115s] -- Symlinking: /home/ubuntu/quadro_ws/install/quadrobot_viewer/share/quadrobot_viewer/package.xml
[12.129s] Invoked command in '/home/ubuntu/quadro_ws/build/quadrobot_viewer' returned '0': CMAKE_PREFIX_PATH=${CMAKE_PREFIX_PATH}:/opt/ros/jazzy /usr/bin/cmake --install /home/ubuntu/quadro_ws/build/quadrobot_viewer
