[0.083s] Invoking command in '/home/MKGL/quadro_ws/build/dgz_description': CMAKE_PREFIX_PATH=${CMAKE_PREFIX_PATH}:/opt/ros/jazzy DEBUGINFOD_URLS=https://debuginfod.ubuntu.com /usr/bin/cmake --build /home/MKGL/quadro_ws/build/dgz_description -- -j4 -l4
[0.329s] Invoked command in '/home/MKGL/quadro_ws/build/dgz_description' returned '0': CMAKE_PREFIX_PATH=${CMAKE_PREFIX_PATH}:/opt/ros/jazzy DEBUGINFOD_URLS=https://debuginfod.ubuntu.com /usr/bin/cmake --build /home/MKGL/quadro_ws/build/dgz_description -- -j4 -l4
[0.599s] Invoking command in '/home/MKGL/quadro_ws/build/dgz_description': CMAKE_PREFIX_PATH=${CMAKE_PREFIX_PATH}:/opt/ros/jazzy DEBUGINFOD_URLS=https://debuginfod.ubuntu.com /usr/bin/cmake --install /home/MKGL/quadro_ws/build/dgz_description
[0.653s] -- Install configuration: ""
[0.654s] -- Execute custom install script
[0.660s] -- Up-to-date symlink: /home/MKGL/quadro_ws/install/dgz_description/share/dgz_description/launch/dgz_description.launch.py
[0.663s] -- Up-to-date symlink: /home/MKGL/quadro_ws/install/dgz_description/share/ament_index/resource_index/package_run_dependencies/dgz_description
[0.670s] -- Up-to-date symlink: /home/MKGL/quadro_ws/install/dgz_description/share/ament_index/resource_index/parent_prefix_path/dgz_description
[0.675s] -- Up-to-date symlink: /home/MKGL/quadro_ws/install/dgz_description/share/dgz_description/environment/ament_prefix_path.sh
[0.681s] -- Up-to-date symlink: /home/MKGL/quadro_ws/install/dgz_description/share/dgz_description/environment/ament_prefix_path.dsv
[0.687s] -- Up-to-date symlink: /home/MKGL/quadro_ws/install/dgz_description/share/dgz_description/environment/path.sh
[0.692s] -- Up-to-date symlink: /home/MKGL/quadro_ws/install/dgz_description/share/dgz_description/environment/path.dsv
[0.697s] -- Up-to-date symlink: /home/MKGL/quadro_ws/install/dgz_description/share/dgz_description/local_setup.bash
[0.698s] -- Up-to-date symlink: /home/MKGL/quadro_ws/install/dgz_description/share/dgz_description/local_setup.sh
[0.700s] -- Up-to-date symlink: /home/MKGL/quadro_ws/install/dgz_description/share/dgz_description/local_setup.zsh
[0.703s] -- Up-to-date symlink: /home/MKGL/quadro_ws/install/dgz_description/share/dgz_description/local_setup.dsv
[0.705s] -- Symlinking: /home/MKGL/quadro_ws/install/dgz_description/share/dgz_description/package.dsv
[0.777s] -- Up-to-date symlink: /home/MKGL/quadro_ws/install/dgz_description/share/ament_index/resource_index/packages/dgz_description
[0.780s] -- Up-to-date symlink: /home/MKGL/quadro_ws/install/dgz_description/share/dgz_description/cmake/dgz_descriptionConfig.cmake
[0.783s] -- Up-to-date symlink: /home/MKGL/quadro_ws/install/dgz_description/share/dgz_description/cmake/dgz_descriptionConfig-version.cmake
[0.786s] -- Up-to-date symlink: /home/MKGL/quadro_ws/install/dgz_description/share/dgz_description/package.xml
[0.811s] Invoked command in '/home/MKGL/quadro_ws/build/dgz_description' returned '0': CMAKE_PREFIX_PATH=${CMAKE_PREFIX_PATH}:/opt/ros/jazzy DEBUGINFOD_URLS=https://debuginfod.ubuntu.com /usr/bin/cmake --install /home/MKGL/quadro_ws/build/dgz_description
