-- The C compiler identification is GNU 13.2.0
-- The CXX compiler identification is GNU 13.2.0
-- Detecting C compiler ABI info
-- Detecting C compiler ABI info - done
-- Check for working C compiler: /usr/bin/cc - skipped
-- Detecting C compile features
-- Detecting C compile features - done
-- Detecting CXX compiler ABI info
-- Detecting CXX compiler ABI info - done
-- Check for working CXX compiler: /usr/bin/c++ - skipped
-- Detecting CXX compile features
-- Detecting CXX compile features - done
-- Found ament_cmake: 2.5.2 (/opt/ros/jazzy/share/ament_cmake/cmake)
-- Found Python3: /usr/bin/python3 (found version "3.12.3") found components: Interpreter 
-- Override CMake install command with custom implementation using symlinks instead of copying resources
-- Found rosidl_default_generators: 1.6.0 (/opt/ros/jazzy/share/rosidl_default_generators/cmake)
-- Using all available rosidl_typesupport_c: rosidl_typesupport_fastrtps_c;rosidl_typesupport_introspection_c
-- Using all available rosidl_typesupport_cpp: rosidl_typesupport_fastrtps_cpp;rosidl_typesupport_introspection_cpp
-- Found rosidl_adapter: 4.6.4 (/opt/ros/jazzy/share/rosidl_adapter/cmake)
-- Found ament_cmake_ros: 0.12.0 (/opt/ros/jazzy/share/ament_cmake_ros/cmake)
-- Using all available rosidl_typesupport_c: rosidl_typesupport_fastrtps_c;rosidl_typesupport_introspection_c
-- Using all available rosidl_typesupport_cpp: rosidl_typesupport_fastrtps_cpp;rosidl_typesupport_introspection_cpp
-- Found python_cmake_module: 0.11.1 (/opt/ros/jazzy/share/python_cmake_module/cmake)
-- Found PythonExtra: /usr/bin/python3  
-- Found Python3: /usr/bin/python3 (found version "3.12.3") found components: Interpreter Development NumPy Development.Module Development.Embed 
-- Found ament_lint_auto: 0.17.1 (/opt/ros/jazzy/share/ament_lint_auto/cmake)
-- Added test 'lint_cmake' to check CMake code style
-- Added test 'xmllint' to check XML markup files
-- Configuring done (20.9s)
-- Generating done (0.2s)
-- Build files have been written to: /home/MKGL/quadro_ws/build/space_interfaces
[  2%] [34m[1mGenerating type hashes for ROS interfaces[0m
[  2%] Built target ament_cmake_python_symlink_space_interfaces
running egg_info
creating space_interfaces.egg-info
[  2%] Built target space_interfaces__rosidl_generator_type_description
[  5%] [34m[1mGenerating C code for ROS interfaces[0m
writing space_interfaces.egg-info/PKG-INFO
writing dependency_links to space_interfaces.egg-info/dependency_links.txt
writing top-level names to space_interfaces.egg-info/top_level.txt
writing manifest file 'space_interfaces.egg-info/SOURCES.txt'
[  8%] [34m[1mGenerating C++ code for ROS interfaces[0m
reading manifest file 'space_interfaces.egg-info/SOURCES.txt'
writing manifest file 'space_interfaces.egg-info/SOURCES.txt'
[  8%] Built target ament_cmake_python_build_space_interfaces_egg
[  8%] Built target space_interfaces__cpp
[ 11%] [32mBuilding C object CMakeFiles/space_interfaces__rosidl_generator_c.dir/rosidl_generator_c/space_interfaces/msg/detail/position__description.c.o[0m
[ 14%] [32mBuilding C object CMakeFiles/space_interfaces__rosidl_generator_c.dir/rosidl_generator_c/space_interfaces/msg/detail/position__type_support.c.o[0m
[ 17%] [32mBuilding C object CMakeFiles/space_interfaces__rosidl_generator_c.dir/rosidl_generator_c/space_interfaces/msg/detail/position__functions.c.o[0m
[ 20%] [32m[1mLinking C shared library libspace_interfaces__rosidl_generator_c.so[0m
[ 20%] Built target space_interfaces__rosidl_generator_c
[ 23%] [34m[1mGenerating C introspection for ROS interfaces[0m
[ 26%] [34m[1mGenerating C type support dispatch for ROS interfaces[0m
[ 29%] [34m[1mGenerating C type support for eProsima Fast-RTPS[0m
[ 32%] [34m[1mGenerating C++ type support dispatch for ROS interfaces[0m
[ 35%] [32mBuilding CXX object CMakeFiles/space_interfaces__rosidl_typesupport_c.dir/rosidl_typesupport_c/space_interfaces/msg/position__type_support.cpp.o[0m
[ 38%] [32mBuilding C object CMakeFiles/space_interfaces__rosidl_typesupport_introspection_c.dir/rosidl_typesupport_introspection_c/space_interfaces/msg/detail/position__type_support.c.o[0m
[ 41%] [32mBuilding CXX object CMakeFiles/space_interfaces__rosidl_typesupport_cpp.dir/rosidl_typesupport_cpp/space_interfaces/msg/position__type_support.cpp.o[0m
[ 44%] [32m[1mLinking CXX shared library libspace_interfaces__rosidl_typesupport_c.so[0m
[ 47%] [32m[1mLinking C shared library libspace_interfaces__rosidl_typesupport_introspection_c.so[0m
[ 50%] [32mBuilding CXX object CMakeFiles/space_interfaces__rosidl_typesupport_fastrtps_c.dir/rosidl_typesupport_fastrtps_c/space_interfaces/msg/detail/position__type_support_c.cpp.o[0m
[ 50%] Built target space_interfaces__rosidl_typesupport_introspection_c
[ 50%] Built target space_interfaces__rosidl_typesupport_c
[ 52%] [34m[1mGenerating C++ type support for eProsima Fast-RTPS[0m
[ 55%] [34m[1mGenerating C++ introspection for ROS interfaces[0m
[ 58%] [32mBuilding CXX object CMakeFiles/space_interfaces__rosidl_typesupport_fastrtps_cpp.dir/rosidl_typesupport_fastrtps_cpp/space_interfaces/msg/detail/dds_fastrtps/position__type_support.cpp.o[0m
[ 61%] [32mBuilding CXX object CMakeFiles/space_interfaces__rosidl_typesupport_introspection_cpp.dir/rosidl_typesupport_introspection_cpp/space_interfaces/msg/detail/position__type_support.cpp.o[0m
[ 64%] [32m[1mLinking CXX shared library libspace_interfaces__rosidl_typesupport_cpp.so[0m
[ 64%] Built target space_interfaces__rosidl_typesupport_cpp
[ 67%] [32m[1mLinking CXX shared library libspace_interfaces__rosidl_typesupport_fastrtps_c.so[0m
[ 67%] Built target space_interfaces__rosidl_typesupport_fastrtps_c
[ 70%] [32m[1mLinking CXX shared library libspace_interfaces__rosidl_typesupport_introspection_cpp.so[0m
[ 70%] Built target space_interfaces__rosidl_typesupport_introspection_cpp
[ 73%] [32m[1mLinking CXX shared library libspace_interfaces__rosidl_typesupport_fastrtps_cpp.so[0m
[ 73%] Built target space_interfaces__rosidl_typesupport_fastrtps_cpp
[ 73%] Built target space_interfaces
[ 76%] [34m[1mGenerating Python code for ROS interfaces[0m
[ 76%] Built target space_interfaces__py
[ 79%] [32mBuilding C object CMakeFiles/space_interfaces__rosidl_generator_py.dir/rosidl_generator_py/space_interfaces/msg/_position_s.c.o[0m
[ 82%] [32m[1mLinking C shared library libspace_interfaces__rosidl_generator_py.so[0m
[ 82%] Built target space_interfaces__rosidl_generator_py
[ 85%] [32mBuilding C object CMakeFiles/space_interfaces_s__rosidl_typesupport_fastrtps_c.dir/rosidl_generator_py/space_interfaces/_space_interfaces_s.ep.rosidl_typesupport_fastrtps_c.c.o[0m
[ 88%] [32mBuilding C object CMakeFiles/space_interfaces_s__rosidl_typesupport_introspection_c.dir/rosidl_generator_py/space_interfaces/_space_interfaces_s.ep.rosidl_typesupport_introspection_c.c.o[0m
[ 91%] [32m[1mLinking C shared module rosidl_generator_py/space_interfaces/space_interfaces_s__rosidl_typesupport_fastrtps_c.so[0m
[ 94%] [32m[1mLinking C shared module rosidl_generator_py/space_interfaces/space_interfaces_s__rosidl_typesupport_introspection_c.so[0m
[ 94%] Built target space_interfaces_s__rosidl_typesupport_fastrtps_c
[ 94%] Built target space_interfaces_s__rosidl_typesupport_introspection_c
[ 97%] [32mBuilding C object CMakeFiles/space_interfaces_s__rosidl_typesupport_c.dir/rosidl_generator_py/space_interfaces/_space_interfaces_s.ep.rosidl_typesupport_c.c.o[0m
[100%] [32m[1mLinking C shared module rosidl_generator_py/space_interfaces/space_interfaces_s__rosidl_typesupport_c.so[0m
[100%] Built target space_interfaces_s__rosidl_typesupport_c
-- Install configuration: ""
-- Execute custom install script
-- Symlinking: /home/MKGL/quadro_ws/install/space_interfaces/share/ament_index/resource_index/rosidl_interfaces/space_interfaces
-- Symlinking: /home/MKGL/quadro_ws/install/space_interfaces/share/space_interfaces/msg/Position.json
-- Symlinking: /home/MKGL/quadro_ws/install/space_interfaces/include/space_interfaces/space_interfaces/msg/detail/position__functions.h
-- Symlinking: /home/MKGL/quadro_ws/install/space_interfaces/include/space_interfaces/space_interfaces/msg/detail/position__struct.h
-- Symlinking: /home/MKGL/quadro_ws/install/space_interfaces/include/space_interfaces/space_interfaces/msg/detail/position__type_support.h
-- Symlinking: /home/MKGL/quadro_ws/install/space_interfaces/include/space_interfaces/space_interfaces/msg/position.h
-- Symlinking: /home/MKGL/quadro_ws/install/space_interfaces/include/space_interfaces/space_interfaces/msg/rosidl_generator_c__visibility_control.h
-- Symlinking: /home/MKGL/quadro_ws/install/space_interfaces/share/space_interfaces/environment/library_path.sh
-- Symlinking: /home/MKGL/quadro_ws/install/space_interfaces/share/space_interfaces/environment/library_path.dsv
-- Symlinking: /home/MKGL/quadro_ws/install/space_interfaces/include/space_interfaces/space_interfaces/msg/detail/position__rosidl_typesupport_fastrtps_c.h
-- Symlinking: /home/MKGL/quadro_ws/install/space_interfaces/include/space_interfaces/space_interfaces/msg/rosidl_typesupport_fastrtps_c__visibility_control.h
-- Symlinking: /home/MKGL/quadro_ws/install/space_interfaces/include/space_interfaces/space_interfaces/msg/detail/position__rosidl_typesupport_introspection_c.h
-- Symlinking: /home/MKGL/quadro_ws/install/space_interfaces/include/space_interfaces/space_interfaces/msg/rosidl_typesupport_introspection_c__visibility_control.h
-- Symlinking: /home/MKGL/quadro_ws/install/space_interfaces/include/space_interfaces/space_interfaces/msg/detail/position__builder.hpp
-- Symlinking: /home/MKGL/quadro_ws/install/space_interfaces/include/space_interfaces/space_interfaces/msg/detail/position__struct.hpp
-- Symlinking: /home/MKGL/quadro_ws/install/space_interfaces/include/space_interfaces/space_interfaces/msg/detail/position__traits.hpp
-- Symlinking: /home/MKGL/quadro_ws/install/space_interfaces/include/space_interfaces/space_interfaces/msg/detail/position__type_support.hpp
-- Symlinking: /home/MKGL/quadro_ws/install/space_interfaces/include/space_interfaces/space_interfaces/msg/position.hpp
-- Symlinking: /home/MKGL/quadro_ws/install/space_interfaces/include/space_interfaces/space_interfaces/msg/rosidl_generator_cpp__visibility_control.hpp
-- Symlinking: /home/MKGL/quadro_ws/install/space_interfaces/include/space_interfaces/space_interfaces/msg/detail/position__rosidl_typesupport_fastrtps_cpp.hpp
-- Symlinking: /home/MKGL/quadro_ws/install/space_interfaces/include/space_interfaces/space_interfaces/msg/rosidl_typesupport_fastrtps_cpp__visibility_control.h
-- Symlinking: /home/MKGL/quadro_ws/install/space_interfaces/include/space_interfaces/space_interfaces/msg/detail/position__rosidl_typesupport_introspection_cpp.hpp
-- Symlinking: /home/MKGL/quadro_ws/install/space_interfaces/share/space_interfaces/environment/pythonpath.sh
-- Symlinking: /home/MKGL/quadro_ws/install/space_interfaces/share/space_interfaces/environment/pythonpath.dsv
-- Symlinking: /home/MKGL/quadro_ws/install/space_interfaces/lib/python3.12/site-packages/space_interfaces-0.0.0-py3.12.egg-info/PKG-INFO
-- Symlinking: /home/MKGL/quadro_ws/install/space_interfaces/lib/python3.12/site-packages/space_interfaces-0.0.0-py3.12.egg-info/SOURCES.txt
-- Symlinking: /home/MKGL/quadro_ws/install/space_interfaces/lib/python3.12/site-packages/space_interfaces-0.0.0-py3.12.egg-info/dependency_links.txt
-- Symlinking: /home/MKGL/quadro_ws/install/space_interfaces/lib/python3.12/site-packages/space_interfaces-0.0.0-py3.12.egg-info/top_level.txt
-- Symlinking: /home/MKGL/quadro_ws/install/space_interfaces/lib/python3.12/site-packages/space_interfaces/__init__.py
-- Symlinking: /home/MKGL/quadro_ws/install/space_interfaces/lib/python3.12/site-packages/space_interfaces/_space_interfaces_s.ep.rosidl_typesupport_c.c
-- Symlinking: /home/MKGL/quadro_ws/install/space_interfaces/lib/python3.12/site-packages/space_interfaces/_space_interfaces_s.ep.rosidl_typesupport_fastrtps_c.c
-- Symlinking: /home/MKGL/quadro_ws/install/space_interfaces/lib/python3.12/site-packages/space_interfaces/_space_interfaces_s.ep.rosidl_typesupport_introspection_c.c
-- Symlinking: /home/MKGL/quadro_ws/install/space_interfaces/lib/python3.12/site-packages/space_interfaces/msg/__init__.py
-- Symlinking: /home/MKGL/quadro_ws/install/space_interfaces/lib/python3.12/site-packages/space_interfaces/msg/_position.py
-- Symlinking: /home/MKGL/quadro_ws/install/space_interfaces/lib/python3.12/site-packages/space_interfaces/msg/_position_s.c
-- Symlinking: /home/MKGL/quadro_ws/install/space_interfaces/lib/python3.12/site-packages/space_interfaces/space_interfaces_s__rosidl_typesupport_c.so
-- Symlinking: /home/MKGL/quadro_ws/install/space_interfaces/lib/python3.12/site-packages/space_interfaces/space_interfaces_s__rosidl_typesupport_fastrtps_c.so
-- Symlinking: /home/MKGL/quadro_ws/install/space_interfaces/lib/python3.12/site-packages/space_interfaces/space_interfaces_s__rosidl_typesupport_introspection_c.so
-- Up-to-date symlink: /home/MKGL/quadro_ws/install/space_interfaces/lib/python3.12/site-packages/space_interfaces/space_interfaces_s__rosidl_typesupport_fastrtps_c.so
-- Up-to-date symlink: /home/MKGL/quadro_ws/install/space_interfaces/lib/python3.12/site-packages/space_interfaces/space_interfaces_s__rosidl_typesupport_introspection_c.so
-- Up-to-date symlink: /home/MKGL/quadro_ws/install/space_interfaces/lib/python3.12/site-packages/space_interfaces/space_interfaces_s__rosidl_typesupport_c.so
-- Symlinking: /home/MKGL/quadro_ws/install/space_interfaces/share/space_interfaces/msg/Position.idl
-- Symlinking: /home/MKGL/quadro_ws/install/space_interfaces/share/space_interfaces/msg/Position.msg
-- Symlinking: /home/MKGL/quadro_ws/install/space_interfaces/share/ament_index/resource_index/package_run_dependencies/space_interfaces
-- Symlinking: /home/MKGL/quadro_ws/install/space_interfaces/share/ament_index/resource_index/parent_prefix_path/space_interfaces
-- Symlinking: /home/MKGL/quadro_ws/install/space_interfaces/share/space_interfaces/environment/ament_prefix_path.sh
-- Symlinking: /home/MKGL/quadro_ws/install/space_interfaces/share/space_interfaces/environment/ament_prefix_path.dsv
-- Symlinking: /home/MKGL/quadro_ws/install/space_interfaces/share/space_interfaces/environment/path.sh
-- Symlinking: /home/MKGL/quadro_ws/install/space_interfaces/share/space_interfaces/environment/path.dsv
-- Symlinking: /home/MKGL/quadro_ws/install/space_interfaces/share/space_interfaces/local_setup.bash
-- Symlinking: /home/MKGL/quadro_ws/install/space_interfaces/share/space_interfaces/local_setup.sh
-- Symlinking: /home/MKGL/quadro_ws/install/space_interfaces/share/space_interfaces/local_setup.zsh
-- Symlinking: /home/MKGL/quadro_ws/install/space_interfaces/share/space_interfaces/local_setup.dsv
-- Symlinking: /home/MKGL/quadro_ws/install/space_interfaces/share/space_interfaces/package.dsv
-- Symlinking: /home/MKGL/quadro_ws/install/space_interfaces/share/ament_index/resource_index/packages/space_interfaces
-- Symlinking: /home/MKGL/quadro_ws/install/space_interfaces/share/space_interfaces/cmake/rosidl_cmake-extras.cmake
-- Symlinking: /home/MKGL/quadro_ws/install/space_interfaces/share/space_interfaces/cmake/ament_cmake_export_include_directories-extras.cmake
-- Symlinking: /home/MKGL/quadro_ws/install/space_interfaces/share/space_interfaces/cmake/ament_cmake_export_libraries-extras.cmake
-- Symlinking: /home/MKGL/quadro_ws/install/space_interfaces/share/space_interfaces/cmake/ament_cmake_export_targets-extras.cmake
-- Symlinking: /home/MKGL/quadro_ws/install/space_interfaces/share/space_interfaces/cmake/rosidl_cmake_export_typesupport_targets-extras.cmake
-- Symlinking: /home/MKGL/quadro_ws/install/space_interfaces/share/space_interfaces/cmake/ament_cmake_export_dependencies-extras.cmake
-- Symlinking: /home/MKGL/quadro_ws/install/space_interfaces/share/space_interfaces/cmake/rosidl_cmake_export_typesupport_libraries-extras.cmake
-- Symlinking: /home/MKGL/quadro_ws/install/space_interfaces/share/space_interfaces/cmake/space_interfacesConfig.cmake
-- Symlinking: /home/MKGL/quadro_ws/install/space_interfaces/share/space_interfaces/cmake/space_interfacesConfig-version.cmake
-- Symlinking: /home/MKGL/quadro_ws/install/space_interfaces/share/space_interfaces/package.xml
-- Installing: /home/MKGL/quadro_ws/install/space_interfaces/lib/libspace_interfaces__rosidl_generator_c.so
-- Set non-toolchain portion of runtime path of "/home/MKGL/quadro_ws/install/space_interfaces/lib/libspace_interfaces__rosidl_generator_c.so" to ""
-- Installing: /home/MKGL/quadro_ws/install/space_interfaces/lib/libspace_interfaces__rosidl_typesupport_fastrtps_c.so
-- Set non-toolchain portion of runtime path of "/home/MKGL/quadro_ws/install/space_interfaces/lib/libspace_interfaces__rosidl_typesupport_fastrtps_c.so" to ""
-- Installing: /home/MKGL/quadro_ws/install/space_interfaces/lib/libspace_interfaces__rosidl_typesupport_introspection_c.so
-- Set non-toolchain portion of runtime path of "/home/MKGL/quadro_ws/install/space_interfaces/lib/libspace_interfaces__rosidl_typesupport_introspection_c.so" to ""
-- Installing: /home/MKGL/quadro_ws/install/space_interfaces/lib/libspace_interfaces__rosidl_typesupport_c.so
-- Set non-toolchain portion of runtime path of "/home/MKGL/quadro_ws/install/space_interfaces/lib/libspace_interfaces__rosidl_typesupport_c.so" to ""
-- Installing: /home/MKGL/quadro_ws/install/space_interfaces/lib/libspace_interfaces__rosidl_typesupport_fastrtps_cpp.so
-- Set non-toolchain portion of runtime path of "/home/MKGL/quadro_ws/install/space_interfaces/lib/libspace_interfaces__rosidl_typesupport_fastrtps_cpp.so" to ""
-- Installing: /home/MKGL/quadro_ws/install/space_interfaces/lib/libspace_interfaces__rosidl_typesupport_introspection_cpp.so
-- Set non-toolchain portion of runtime path of "/home/MKGL/quadro_ws/install/space_interfaces/lib/libspace_interfaces__rosidl_typesupport_introspection_cpp.so" to ""
-- Installing: /home/MKGL/quadro_ws/install/space_interfaces/lib/libspace_interfaces__rosidl_typesupport_cpp.so
-- Set non-toolchain portion of runtime path of "/home/MKGL/quadro_ws/install/space_interfaces/lib/libspace_interfaces__rosidl_typesupport_cpp.so" to ""
Listing '/home/MKGL/quadro_ws/install/space_interfaces/lib/python3.12/site-packages/space_interfaces'...
Compiling '/home/MKGL/quadro_ws/install/space_interfaces/lib/python3.12/site-packages/space_interfaces/__init__.py'...
Listing '/home/MKGL/quadro_ws/install/space_interfaces/lib/python3.12/site-packages/space_interfaces/msg'...
Compiling '/home/MKGL/quadro_ws/install/space_interfaces/lib/python3.12/site-packages/space_interfaces/msg/__init__.py'...
Compiling '/home/MKGL/quadro_ws/install/space_interfaces/lib/python3.12/site-packages/space_interfaces/msg/_position.py'...
-- Installing: /home/MKGL/quadro_ws/install/space_interfaces/lib/libspace_interfaces__rosidl_generator_py.so
-- Set non-toolchain portion of runtime path of "/home/MKGL/quadro_ws/install/space_interfaces/lib/libspace_interfaces__rosidl_generator_py.so" to ""
-- Installing: /home/MKGL/quadro_ws/install/space_interfaces/share/space_interfaces/cmake/export_space_interfaces__rosidl_generator_cExport.cmake
-- Installing: /home/MKGL/quadro_ws/install/space_interfaces/share/space_interfaces/cmake/export_space_interfaces__rosidl_generator_cExport-noconfig.cmake
-- Installing: /home/MKGL/quadro_ws/install/space_interfaces/share/space_interfaces/cmake/export_space_interfaces__rosidl_typesupport_fastrtps_cExport.cmake
-- Installing: /home/MKGL/quadro_ws/install/space_interfaces/share/space_interfaces/cmake/export_space_interfaces__rosidl_typesupport_fastrtps_cExport-noconfig.cmake
-- Installing: /home/MKGL/quadro_ws/install/space_interfaces/share/space_interfaces/cmake/space_interfaces__rosidl_typesupport_introspection_cExport.cmake
-- Installing: /home/MKGL/quadro_ws/install/space_interfaces/share/space_interfaces/cmake/space_interfaces__rosidl_typesupport_introspection_cExport-noconfig.cmake
-- Installing: /home/MKGL/quadro_ws/install/space_interfaces/share/space_interfaces/cmake/space_interfaces__rosidl_typesupport_cExport.cmake
-- Installing: /home/MKGL/quadro_ws/install/space_interfaces/share/space_interfaces/cmake/space_interfaces__rosidl_typesupport_cExport-noconfig.cmake
-- Installing: /home/MKGL/quadro_ws/install/space_interfaces/share/space_interfaces/cmake/export_space_interfaces__rosidl_generator_cppExport.cmake
-- Installing: /home/MKGL/quadro_ws/install/space_interfaces/share/space_interfaces/cmake/export_space_interfaces__rosidl_typesupport_fastrtps_cppExport.cmake
-- Installing: /home/MKGL/quadro_ws/install/space_interfaces/share/space_interfaces/cmake/export_space_interfaces__rosidl_typesupport_fastrtps_cppExport-noconfig.cmake
-- Installing: /home/MKGL/quadro_ws/install/space_interfaces/share/space_interfaces/cmake/space_interfaces__rosidl_typesupport_introspection_cppExport.cmake
-- Installing: /home/MKGL/quadro_ws/install/space_interfaces/share/space_interfaces/cmake/space_interfaces__rosidl_typesupport_introspection_cppExport-noconfig.cmake
-- Installing: /home/MKGL/quadro_ws/install/space_interfaces/share/space_interfaces/cmake/space_interfaces__rosidl_typesupport_cppExport.cmake
-- Installing: /home/MKGL/quadro_ws/install/space_interfaces/share/space_interfaces/cmake/space_interfaces__rosidl_typesupport_cppExport-noconfig.cmake
-- Installing: /home/MKGL/quadro_ws/install/space_interfaces/share/space_interfaces/cmake/export_space_interfaces__rosidl_generator_pyExport.cmake
-- Installing: /home/MKGL/quadro_ws/install/space_interfaces/share/space_interfaces/cmake/export_space_interfaces__rosidl_generator_pyExport-noconfig.cmake
