[0.079s] Invoking command in '/home/MKGL/quadro_ws/build/serial': CMAKE_PREFIX_PATH=${CMAKE_PREFIX_PATH}:/opt/ros/jazzy DEBUGINFOD_URLS=https://debuginfod.ubuntu.com /usr/bin/cmake /home/MKGL/quadro_ws/src/serial -DAMENT_CMAKE_SYMLINK_INSTALL=1 -DCMAKE_INSTALL_PREFIX=/home/MKGL/quadro_ws/install/serial
[0.134s] [33mCMake Warning (dev) in CMakeLists.txt:
[0.134s]   No project() command is present.  The top-level CMakeLists.txt file must
[0.135s]   contain a literal, direct call to the project() command.  Add a line of
[0.136s]   code such as
[0.137s] 
[0.138s]     project(ProjectName)
[0.138s] 
[0.139s]   near the top of the file, but after cmake_minimum_required().
[0.140s] 
[0.141s]   CMake is pretending there is a "project(Project)" command on the first
[0.141s]   line.
[0.142s] This warning is for project developers.  Use -Wno-dev to suppress it.
[0.143s] [0m
[0.143s] [33mCMake Warning (dev) in CMakeLists.txt:
[0.144s]   cmake_minimum_required() should be called prior to this top-level project()
[0.145s]   call.  Please see the cmake-commands(7) manual for usage documentation of
[0.145s]   both commands.
[0.146s] This warning is for project developers.  Use -Wno-dev to suppress it.
[0.146s] [0m
[0.171s] -- Configuring done (0.0s)
[0.181s] -- Generating done (0.0s)
[0.190s] -- Build files have been written to: /home/MKGL/quadro_ws/build/serial
[0.196s] Invoked command in '/home/MKGL/quadro_ws/build/serial' returned '0': CMAKE_PREFIX_PATH=${CMAKE_PREFIX_PATH}:/opt/ros/jazzy DEBUGINFOD_URLS=https://debuginfod.ubuntu.com /usr/bin/cmake /home/MKGL/quadro_ws/src/serial -DAMENT_CMAKE_SYMLINK_INSTALL=1 -DCMAKE_INSTALL_PREFIX=/home/MKGL/quadro_ws/install/serial
[0.204s] Invoking command in '/home/MKGL/quadro_ws/build/serial': CMAKE_PREFIX_PATH=${CMAKE_PREFIX_PATH}:/opt/ros/jazzy DEBUGINFOD_URLS=https://debuginfod.ubuntu.com /usr/bin/cmake --build /home/MKGL/quadro_ws/build/serial -- -j4 -l4
[0.476s] Invoked command in '/home/MKGL/quadro_ws/build/serial' returned '0': CMAKE_PREFIX_PATH=${CMAKE_PREFIX_PATH}:/opt/ros/jazzy DEBUGINFOD_URLS=https://debuginfod.ubuntu.com /usr/bin/cmake --build /home/MKGL/quadro_ws/build/serial -- -j4 -l4
