[0.046s] Invoking command in '/home/ubuntu/quadro_ws/build/quadro_move_ctrl': CMAKE_PREFIX_PATH=${CMAKE_PREFIX_PATH}:/opt/ros/jazzy /usr/bin/cmake --build /home/ubuntu/quadro_ws/build/quadro_move_ctrl -- -j16 -l16
[0.145s] [100%] Built target quadro_move_ctrl_node
[0.181s] Invoked command in '/home/ubuntu/quadro_ws/build/quadro_move_ctrl' returned '0': CMAKE_PREFIX_PATH=${CMAKE_PREFIX_PATH}:/opt/ros/jazzy /usr/bin/cmake --build /home/ubuntu/quadro_ws/build/quadro_move_ctrl -- -j16 -l16
[0.283s] Invoking command in '/home/ubuntu/quadro_ws/build/quadro_move_ctrl': CMAKE_PREFIX_PATH=${CMAKE_PREFIX_PATH}:/opt/ros/jazzy /usr/bin/cmake --install /home/ubuntu/quadro_ws/build/quadro_move_ctrl
[0.290s] -- Install configuration: ""
[0.291s] -- Execute custom install script
[0.292s] -- Up-to-date symlink: /home/ubuntu/quadro_ws/install/quadro_move_ctrl/lib/quadro_move_ctrl/quadro_move_ctrl_node
[0.293s] -- Up-to-date symlink: /home/ubuntu/quadro_ws/install/quadro_move_ctrl/share/ament_index/resource_index/package_run_dependencies/quadro_move_ctrl
[0.295s] -- Up-to-date symlink: /home/ubuntu/quadro_ws/install/quadro_move_ctrl/share/ament_index/resource_index/parent_prefix_path/quadro_move_ctrl
[0.295s] -- Up-to-date symlink: /home/ubuntu/quadro_ws/install/quadro_move_ctrl/share/quadro_move_ctrl/environment/ament_prefix_path.sh
[0.296s] -- Up-to-date symlink: /home/ubuntu/quadro_ws/install/quadro_move_ctrl/share/quadro_move_ctrl/environment/ament_prefix_path.dsv
[0.297s] -- Up-to-date symlink: /home/ubuntu/quadro_ws/install/quadro_move_ctrl/share/quadro_move_ctrl/environment/path.sh
[0.297s] -- Up-to-date symlink: /home/ubuntu/quadro_ws/install/quadro_move_ctrl/share/quadro_move_ctrl/environment/path.dsv
[0.298s] -- Up-to-date symlink: /home/ubuntu/quadro_ws/install/quadro_move_ctrl/share/quadro_move_ctrl/local_setup.bash
[0.299s] -- Up-to-date symlink: /home/ubuntu/quadro_ws/install/quadro_move_ctrl/share/quadro_move_ctrl/local_setup.sh
[0.299s] -- Up-to-date symlink: /home/ubuntu/quadro_ws/install/quadro_move_ctrl/share/quadro_move_ctrl/local_setup.zsh
[0.300s] -- Up-to-date symlink: /home/ubuntu/quadro_ws/install/quadro_move_ctrl/share/quadro_move_ctrl/local_setup.dsv
[0.300s] -- Symlinking: /home/ubuntu/quadro_ws/install/quadro_move_ctrl/share/quadro_move_ctrl/package.dsv
[0.300s] -- Up-to-date symlink: /home/ubuntu/quadro_ws/install/quadro_move_ctrl/share/ament_index/resource_index/packages/quadro_move_ctrl
[0.301s] -- Up-to-date symlink: /home/ubuntu/quadro_ws/install/quadro_move_ctrl/share/quadro_move_ctrl/cmake/quadro_move_ctrlConfig.cmake
[0.302s] -- Up-to-date symlink: /home/ubuntu/quadro_ws/install/quadro_move_ctrl/share/quadro_move_ctrl/cmake/quadro_move_ctrlConfig-version.cmake
[0.305s] -- Up-to-date symlink: /home/ubuntu/quadro_ws/install/quadro_move_ctrl/share/quadro_move_ctrl/package.xml
[0.327s] Invoked command in '/home/ubuntu/quadro_ws/build/quadro_move_ctrl' returned '0': CMAKE_PREFIX_PATH=${CMAKE_PREFIX_PATH}:/opt/ros/jazzy /usr/bin/cmake --install /home/ubuntu/quadro_ws/build/quadro_move_ctrl
