[0.028s] Invoking command in '/home/ubuntu/dev_ws/build/space_interfaces': CMAKE_PREFIX_PATH=${CMAKE_PREFIX_PATH}:/opt/ros/jazzy /usr/bin/cmake /home/ubuntu/dev_ws/src/space_interfaces -DAMENT_CMAKE_SYMLINK_INSTALL=1 -DCMAKE_INSTALL_PREFIX=/home/ubuntu/dev_ws/install/space_interfaces
[0.291s] -- The C compiler identification is GNU 13.2.0
[3.980s] -- The CXX compiler identification is GNU 13.2.0
[7.564s] -- Detecting C compiler ABI info
[8.690s] -- Detecting C compiler ABI info - done
[8.734s] -- Check for working C compiler: /usr/bin/cc - skipped
[8.736s] -- Detecting C compile features
[8.737s] -- Detecting C compile features - done
[9.189s] -- Detecting CXX compiler ABI info
[10.384s] -- Detecting CXX compiler ABI info - done
[10.417s] -- Check for working CXX compiler: /usr/bin/c++ - skipped
[10.417s] -- Detecting CXX compile features
[10.419s] -- Detecting CXX compile features - done
[10.426s] -- Found ament_cmake: 2.5.2 (/opt/ros/jazzy/share/ament_cmake/cmake)
[10.794s] -- Found Python3: /usr/bin/python3 (found version "3.12.3") found components: Interpreter 
[10.943s] -- Override CMake install command with custom implementation using symlinks instead of copying resources
[11.000s] -- Found rosidl_default_generators: 1.6.0 (/opt/ros/jazzy/share/rosidl_default_generators/cmake)
[11.011s] -- Using all available rosidl_typesupport_c: rosidl_typesupport_fastrtps_c;rosidl_typesupport_introspection_c
[12.016s] -- Using all available rosidl_typesupport_cpp: rosidl_typesupport_fastrtps_cpp;rosidl_typesupport_introspection_cpp
[12.117s] -- Found rosidl_adapter: 4.6.4 (/opt/ros/jazzy/share/rosidl_adapter/cmake)
[13.462s] -- Found ament_cmake_ros: 0.12.0 (/opt/ros/jazzy/share/ament_cmake_ros/cmake)
[14.546s] -- Using all available rosidl_typesupport_c: rosidl_typesupport_fastrtps_c;rosidl_typesupport_introspection_c
[16.069s] -- Using all available rosidl_typesupport_cpp: rosidl_typesupport_fastrtps_cpp;rosidl_typesupport_introspection_cpp
[16.076s] -- Found python_cmake_module: 0.11.1 (/opt/ros/jazzy/share/python_cmake_module/cmake)
[16.415s] -- Found PythonExtra: /usr/bin/python3  
[17.520s] -- Found Python3: /usr/bin/python3 (found version "3.12.3") found components: Interpreter Development NumPy Development.Module Development.Embed 
[17.569s] -- Found ament_lint_auto: 0.17.1 (/opt/ros/jazzy/share/ament_lint_auto/cmake)
[17.606s] -- Added test 'lint_cmake' to check CMake code style
[17.608s] -- Added test 'xmllint' to check XML markup files
[17.613s] -- Configuring done (17.6s)
[17.652s] -- Generating done (0.0s)
[17.655s] -- Build files have been written to: /home/ubuntu/dev_ws/build/space_interfaces
[17.662s] Invoked command in '/home/ubuntu/dev_ws/build/space_interfaces' returned '0': CMAKE_PREFIX_PATH=${CMAKE_PREFIX_PATH}:/opt/ros/jazzy /usr/bin/cmake /home/ubuntu/dev_ws/src/space_interfaces -DAMENT_CMAKE_SYMLINK_INSTALL=1 -DCMAKE_INSTALL_PREFIX=/home/ubuntu/dev_ws/install/space_interfaces
[17.663s] Invoking command in '/home/ubuntu/dev_ws/build/space_interfaces': CMAKE_PREFIX_PATH=${CMAKE_PREFIX_PATH}:/opt/ros/jazzy /usr/bin/cmake --build /home/ubuntu/dev_ws/build/space_interfaces -- -j16 -l16
[17.718s] [  2%] [34m[1mGenerating type hashes for ROS interfaces[0m
[17.728s] [  2%] Built target ament_cmake_python_symlink_space_interfaces
[18.002s] [  2%] Built target space_interfaces__rosidl_generator_type_description
[18.012s] [  5%] [34m[1mGenerating C code for ROS interfaces[0m
[18.022s] [  8%] [34m[1mGenerating C++ code for ROS interfaces[0m
[18.024s] running egg_info
[18.026s] creating space_interfaces.egg-info
[18.055s] writing space_interfaces.egg-info/PKG-INFO
[18.055s] writing dependency_links to space_interfaces.egg-info/dependency_links.txt
[18.055s] writing top-level names to space_interfaces.egg-info/top_level.txt
[18.056s] writing manifest file 'space_interfaces.egg-info/SOURCES.txt'
[18.140s] reading manifest file 'space_interfaces.egg-info/SOURCES.txt'
[18.141s] writing manifest file 'space_interfaces.egg-info/SOURCES.txt'
[18.169s] [  8%] Built target ament_cmake_python_build_space_interfaces_egg
[18.347s] [  8%] Built target space_interfaces__cpp
[18.364s] [ 17%] [32mBuilding C object CMakeFiles/space_interfaces__rosidl_generator_c.dir/rosidl_generator_c/space_interfaces/msg/detail/position__type_support.c.o[0m
[18.364s] [ 17%] [32mBuilding C object CMakeFiles/space_interfaces__rosidl_generator_c.dir/rosidl_generator_c/space_interfaces/msg/detail/position__description.c.o[0m
[18.364s] [ 17%] [32mBuilding C object CMakeFiles/space_interfaces__rosidl_generator_c.dir/rosidl_generator_c/space_interfaces/msg/detail/position__functions.c.o[0m
[18.427s] [ 20%] [32m[1mLinking C shared library libspace_interfaces__rosidl_generator_c.so[0m
[18.834s] [ 20%] Built target space_interfaces__rosidl_generator_c
[18.848s] [ 23%] [34m[1mGenerating C++ type support for eProsima Fast-RTPS[0m
[18.849s] [ 26%] [34m[1mGenerating C++ type support dispatch for ROS interfaces[0m
[18.849s] [ 29%] [34m[1mGenerating C++ introspection for ROS interfaces[0m
[18.850s] [ 32%] [34m[1mGenerating C type support for eProsima Fast-RTPS[0m
[18.850s] [ 35%] [34m[1mGenerating C type support dispatch for ROS interfaces[0m
[18.855s] [ 38%] [34m[1mGenerating C introspection for ROS interfaces[0m
[19.335s] [ 41%] [32mBuilding CXX object CMakeFiles/space_interfaces__rosidl_typesupport_c.dir/rosidl_typesupport_c/space_interfaces/msg/position__type_support.cpp.o[0m
[19.341s] [ 44%] [32mBuilding CXX object CMakeFiles/space_interfaces__rosidl_typesupport_cpp.dir/rosidl_typesupport_cpp/space_interfaces/msg/position__type_support.cpp.o[0m
[19.408s] [ 47%] [32mBuilding C object CMakeFiles/space_interfaces__rosidl_typesupport_introspection_c.dir/rosidl_typesupport_introspection_c/space_interfaces/msg/detail/position__type_support.c.o[0m
[19.409s] [ 50%] [32mBuilding CXX object CMakeFiles/space_interfaces__rosidl_typesupport_fastrtps_cpp.dir/rosidl_typesupport_fastrtps_cpp/space_interfaces/msg/detail/dds_fastrtps/position__type_support.cpp.o[0m
[19.417s] [ 52%] [32mBuilding CXX object CMakeFiles/space_interfaces__rosidl_typesupport_introspection_cpp.dir/rosidl_typesupport_introspection_cpp/space_interfaces/msg/detail/position__type_support.cpp.o[0m
[19.429s] [ 55%] [32m[1mLinking CXX shared library libspace_interfaces__rosidl_typesupport_c.so[0m
[19.430s] [ 58%] [32mBuilding CXX object CMakeFiles/space_interfaces__rosidl_typesupport_fastrtps_c.dir/rosidl_typesupport_fastrtps_c/space_interfaces/msg/detail/position__type_support_c.cpp.o[0m
[19.484s] [ 61%] [32m[1mLinking C shared library libspace_interfaces__rosidl_typesupport_introspection_c.so[0m
[19.719s] [ 61%] Built target space_interfaces__rosidl_typesupport_c
[19.746s] [ 61%] Built target space_interfaces__rosidl_typesupport_introspection_c
[20.017s] [ 64%] [32m[1mLinking CXX shared library libspace_interfaces__rosidl_typesupport_cpp.so[0m
[20.045s] [ 67%] [32m[1mLinking CXX shared library libspace_interfaces__rosidl_typesupport_introspection_cpp.so[0m
[20.300s] [ 70%] [32m[1mLinking CXX shared library libspace_interfaces__rosidl_typesupport_fastrtps_c.so[0m
[20.326s] [ 70%] Built target space_interfaces__rosidl_typesupport_cpp
[20.373s] [ 70%] Built target space_interfaces__rosidl_typesupport_introspection_cpp
[20.388s] [ 73%] [32m[1mLinking CXX shared library libspace_interfaces__rosidl_typesupport_fastrtps_cpp.so[0m
[20.667s] [ 73%] Built target space_interfaces__rosidl_typesupport_fastrtps_c
[20.782s] [ 73%] Built target space_interfaces__rosidl_typesupport_fastrtps_cpp
[20.809s] [ 73%] Built target space_interfaces
[20.838s] [ 76%] [34m[1mGenerating Python code for ROS interfaces[0m
[21.252s] [ 76%] Built target space_interfaces__py
[21.272s] [ 79%] [32mBuilding C object CMakeFiles/space_interfaces__rosidl_generator_py.dir/rosidl_generator_py/space_interfaces/msg/_position_s.c.o[0m
[21.420s] [ 82%] [32m[1mLinking C shared library libspace_interfaces__rosidl_generator_py.so[0m
[21.709s] [ 82%] Built target space_interfaces__rosidl_generator_py
[21.729s] [ 91%] [32mBuilding C object CMakeFiles/space_interfaces_s__rosidl_typesupport_c.dir/rosidl_generator_py/space_interfaces/_space_interfaces_s.ep.rosidl_typesupport_c.c.o[0m
[21.729s] [ 91%] [32mBuilding C object CMakeFiles/space_interfaces_s__rosidl_typesupport_fastrtps_c.dir/rosidl_generator_py/space_interfaces/_space_interfaces_s.ep.rosidl_typesupport_fastrtps_c.c.o[0m
[21.729s] [ 91%] [32mBuilding C object CMakeFiles/space_interfaces_s__rosidl_typesupport_introspection_c.dir/rosidl_generator_py/space_interfaces/_space_interfaces_s.ep.rosidl_typesupport_introspection_c.c.o[0m
[21.849s] [ 97%] [32m[1mLinking C shared module rosidl_generator_py/space_interfaces/space_interfaces_s__rosidl_typesupport_c.so[0m
[21.849s] [ 97%] [32m[1mLinking C shared module rosidl_generator_py/space_interfaces/space_interfaces_s__rosidl_typesupport_introspection_c.so[0m
[21.873s] [100%] [32m[1mLinking C shared module rosidl_generator_py/space_interfaces/space_interfaces_s__rosidl_typesupport_fastrtps_c.so[0m
[22.049s] [100%] Built target space_interfaces_s__rosidl_typesupport_introspection_c
[22.053s] [100%] Built target space_interfaces_s__rosidl_typesupport_c
[22.179s] [100%] Built target space_interfaces_s__rosidl_typesupport_fastrtps_c
[22.197s] Invoked command in '/home/ubuntu/dev_ws/build/space_interfaces' returned '0': CMAKE_PREFIX_PATH=${CMAKE_PREFIX_PATH}:/opt/ros/jazzy /usr/bin/cmake --build /home/ubuntu/dev_ws/build/space_interfaces -- -j16 -l16
[22.322s] Invoking command in '/home/ubuntu/dev_ws/build/space_interfaces': CMAKE_PREFIX_PATH=${CMAKE_PREFIX_PATH}:/opt/ros/jazzy /usr/bin/cmake --install /home/ubuntu/dev_ws/build/space_interfaces
[22.337s] -- Install configuration: ""
[22.338s] -- Execute custom install script
[22.340s] -- Symlinking: /home/ubuntu/dev_ws/install/space_interfaces/share/ament_index/resource_index/rosidl_interfaces/space_interfaces
[22.362s] -- Symlinking: /home/ubuntu/dev_ws/install/space_interfaces/share/space_interfaces/msg/Position.json
[22.380s] -- Symlinking: /home/ubuntu/dev_ws/install/space_interfaces/include/space_interfaces/space_interfaces/msg/detail/position__functions.h
[22.394s] -- Symlinking: /home/ubuntu/dev_ws/install/space_interfaces/include/space_interfaces/space_interfaces/msg/detail/position__struct.h
[22.409s] -- Symlinking: /home/ubuntu/dev_ws/install/space_interfaces/include/space_interfaces/space_interfaces/msg/detail/position__type_support.h
[22.418s] -- Symlinking: /home/ubuntu/dev_ws/install/space_interfaces/include/space_interfaces/space_interfaces/msg/position.h
[22.427s] -- Symlinking: /home/ubuntu/dev_ws/install/space_interfaces/include/space_interfaces/space_interfaces/msg/rosidl_generator_c__visibility_control.h
[22.437s] -- Symlinking: /home/ubuntu/dev_ws/install/space_interfaces/share/space_interfaces/environment/library_path.sh
[22.447s] -- Symlinking: /home/ubuntu/dev_ws/install/space_interfaces/share/space_interfaces/environment/library_path.dsv
[22.456s] -- Symlinking: /home/ubuntu/dev_ws/install/space_interfaces/include/space_interfaces/space_interfaces/msg/detail/position__rosidl_typesupport_fastrtps_c.h
[22.466s] -- Symlinking: /home/ubuntu/dev_ws/install/space_interfaces/include/space_interfaces/space_interfaces/msg/rosidl_typesupport_fastrtps_c__visibility_control.h
[22.476s] -- Symlinking: /home/ubuntu/dev_ws/install/space_interfaces/include/space_interfaces/space_interfaces/msg/detail/position__rosidl_typesupport_introspection_c.h
[22.486s] -- Symlinking: /home/ubuntu/dev_ws/install/space_interfaces/include/space_interfaces/space_interfaces/msg/rosidl_typesupport_introspection_c__visibility_control.h
[22.496s] -- Symlinking: /home/ubuntu/dev_ws/install/space_interfaces/include/space_interfaces/space_interfaces/msg/detail/position__builder.hpp
[22.506s] -- Symlinking: /home/ubuntu/dev_ws/install/space_interfaces/include/space_interfaces/space_interfaces/msg/detail/position__struct.hpp
[22.516s] -- Symlinking: /home/ubuntu/dev_ws/install/space_interfaces/include/space_interfaces/space_interfaces/msg/detail/position__traits.hpp
[22.526s] -- Symlinking: /home/ubuntu/dev_ws/install/space_interfaces/include/space_interfaces/space_interfaces/msg/detail/position__type_support.hpp
[22.536s] -- Symlinking: /home/ubuntu/dev_ws/install/space_interfaces/include/space_interfaces/space_interfaces/msg/position.hpp
[22.545s] -- Symlinking: /home/ubuntu/dev_ws/install/space_interfaces/include/space_interfaces/space_interfaces/msg/rosidl_generator_cpp__visibility_control.hpp
[22.555s] -- Symlinking: /home/ubuntu/dev_ws/install/space_interfaces/include/space_interfaces/space_interfaces/msg/detail/position__rosidl_typesupport_fastrtps_cpp.hpp
[22.564s] -- Symlinking: /home/ubuntu/dev_ws/install/space_interfaces/include/space_interfaces/space_interfaces/msg/rosidl_typesupport_fastrtps_cpp__visibility_control.h
[22.574s] -- Symlinking: /home/ubuntu/dev_ws/install/space_interfaces/include/space_interfaces/space_interfaces/msg/detail/position__rosidl_typesupport_introspection_cpp.hpp
[22.583s] -- Symlinking: /home/ubuntu/dev_ws/install/space_interfaces/share/space_interfaces/environment/pythonpath.sh
[22.599s] -- Symlinking: /home/ubuntu/dev_ws/install/space_interfaces/share/space_interfaces/environment/pythonpath.dsv
[22.609s] -- Symlinking: /home/ubuntu/dev_ws/install/space_interfaces/lib/python3.12/site-packages/space_interfaces-0.0.0-py3.12.egg-info/PKG-INFO
[22.627s] -- Symlinking: /home/ubuntu/dev_ws/install/space_interfaces/lib/python3.12/site-packages/space_interfaces-0.0.0-py3.12.egg-info/SOURCES.txt
[22.644s] -- Symlinking: /home/ubuntu/dev_ws/install/space_interfaces/lib/python3.12/site-packages/space_interfaces-0.0.0-py3.12.egg-info/dependency_links.txt
[22.656s] -- Symlinking: /home/ubuntu/dev_ws/install/space_interfaces/lib/python3.12/site-packages/space_interfaces-0.0.0-py3.12.egg-info/top_level.txt
[22.666s] -- Symlinking: /home/ubuntu/dev_ws/install/space_interfaces/lib/python3.12/site-packages/space_interfaces/__init__.py
[22.676s] -- Symlinking: /home/ubuntu/dev_ws/install/space_interfaces/lib/python3.12/site-packages/space_interfaces/_space_interfaces_s.ep.rosidl_typesupport_c.c
[22.685s] -- Symlinking: /home/ubuntu/dev_ws/install/space_interfaces/lib/python3.12/site-packages/space_interfaces/_space_interfaces_s.ep.rosidl_typesupport_fastrtps_c.c
[22.698s] -- Symlinking: /home/ubuntu/dev_ws/install/space_interfaces/lib/python3.12/site-packages/space_interfaces/_space_interfaces_s.ep.rosidl_typesupport_introspection_c.c
[22.707s] -- Symlinking: /home/ubuntu/dev_ws/install/space_interfaces/lib/python3.12/site-packages/space_interfaces/msg/__init__.py
[22.718s] -- Symlinking: /home/ubuntu/dev_ws/install/space_interfaces/lib/python3.12/site-packages/space_interfaces/msg/_position.py
[22.730s] -- Symlinking: /home/ubuntu/dev_ws/install/space_interfaces/lib/python3.12/site-packages/space_interfaces/msg/_position_s.c
[22.740s] -- Symlinking: /home/ubuntu/dev_ws/install/space_interfaces/lib/python3.12/site-packages/space_interfaces/space_interfaces_s__rosidl_typesupport_c.so
[22.750s] -- Symlinking: /home/ubuntu/dev_ws/install/space_interfaces/lib/python3.12/site-packages/space_interfaces/space_interfaces_s__rosidl_typesupport_fastrtps_c.so
[22.760s] -- Symlinking: /home/ubuntu/dev_ws/install/space_interfaces/lib/python3.12/site-packages/space_interfaces/space_interfaces_s__rosidl_typesupport_introspection_c.so
[22.770s] -- Up-to-date symlink: /home/ubuntu/dev_ws/install/space_interfaces/lib/python3.12/site-packages/space_interfaces/space_interfaces_s__rosidl_typesupport_fastrtps_c.so
[22.770s] -- Up-to-date symlink: /home/ubuntu/dev_ws/install/space_interfaces/lib/python3.12/site-packages/space_interfaces/space_interfaces_s__rosidl_typesupport_introspection_c.so
[22.771s] -- Up-to-date symlink: /home/ubuntu/dev_ws/install/space_interfaces/lib/python3.12/site-packages/space_interfaces/space_interfaces_s__rosidl_typesupport_c.so
[22.771s] -- Symlinking: /home/ubuntu/dev_ws/install/space_interfaces/share/space_interfaces/msg/Position.idl
[22.781s] -- Symlinking: /home/ubuntu/dev_ws/install/space_interfaces/share/space_interfaces/msg/Position.msg
[22.790s] -- Symlinking: /home/ubuntu/dev_ws/install/space_interfaces/share/ament_index/resource_index/package_run_dependencies/space_interfaces
[22.801s] -- Symlinking: /home/ubuntu/dev_ws/install/space_interfaces/share/ament_index/resource_index/parent_prefix_path/space_interfaces
[22.815s] -- Symlinking: /home/ubuntu/dev_ws/install/space_interfaces/share/space_interfaces/environment/ament_prefix_path.sh
[22.827s] -- Symlinking: /home/ubuntu/dev_ws/install/space_interfaces/share/space_interfaces/environment/ament_prefix_path.dsv
[22.839s] -- Symlinking: /home/ubuntu/dev_ws/install/space_interfaces/share/space_interfaces/environment/path.sh
[22.849s] -- Symlinking: /home/ubuntu/dev_ws/install/space_interfaces/share/space_interfaces/environment/path.dsv
[22.860s] -- Symlinking: /home/ubuntu/dev_ws/install/space_interfaces/share/space_interfaces/local_setup.bash
[22.875s] -- Symlinking: /home/ubuntu/dev_ws/install/space_interfaces/share/space_interfaces/local_setup.sh
[22.888s] -- Symlinking: /home/ubuntu/dev_ws/install/space_interfaces/share/space_interfaces/local_setup.zsh
[22.902s] -- Symlinking: /home/ubuntu/dev_ws/install/space_interfaces/share/space_interfaces/local_setup.dsv
[22.916s] -- Symlinking: /home/ubuntu/dev_ws/install/space_interfaces/share/space_interfaces/package.dsv
[22.927s] -- Symlinking: /home/ubuntu/dev_ws/install/space_interfaces/share/ament_index/resource_index/packages/space_interfaces
[22.939s] -- Symlinking: /home/ubuntu/dev_ws/install/space_interfaces/share/space_interfaces/cmake/rosidl_cmake-extras.cmake
[22.950s] -- Symlinking: /home/ubuntu/dev_ws/install/space_interfaces/share/space_interfaces/cmake/ament_cmake_export_include_directories-extras.cmake
[22.961s] -- Symlinking: /home/ubuntu/dev_ws/install/space_interfaces/share/space_interfaces/cmake/ament_cmake_export_libraries-extras.cmake
[22.972s] -- Symlinking: /home/ubuntu/dev_ws/install/space_interfaces/share/space_interfaces/cmake/ament_cmake_export_targets-extras.cmake
[22.986s] -- Symlinking: /home/ubuntu/dev_ws/install/space_interfaces/share/space_interfaces/cmake/rosidl_cmake_export_typesupport_targets-extras.cmake
[22.999s] -- Symlinking: /home/ubuntu/dev_ws/install/space_interfaces/share/space_interfaces/cmake/ament_cmake_export_dependencies-extras.cmake
[23.016s] -- Symlinking: /home/ubuntu/dev_ws/install/space_interfaces/share/space_interfaces/cmake/rosidl_cmake_export_typesupport_libraries-extras.cmake
[23.027s] -- Symlinking: /home/ubuntu/dev_ws/install/space_interfaces/share/space_interfaces/cmake/space_interfacesConfig.cmake
[23.043s] -- Symlinking: /home/ubuntu/dev_ws/install/space_interfaces/share/space_interfaces/cmake/space_interfacesConfig-version.cmake
[23.060s] -- Symlinking: /home/ubuntu/dev_ws/install/space_interfaces/share/space_interfaces/package.xml
[23.070s] -- Installing: /home/ubuntu/dev_ws/install/space_interfaces/lib/libspace_interfaces__rosidl_generator_c.so
[23.071s] -- Set non-toolchain portion of runtime path of "/home/ubuntu/dev_ws/install/space_interfaces/lib/libspace_interfaces__rosidl_generator_c.so" to ""
[23.071s] -- Installing: /home/ubuntu/dev_ws/install/space_interfaces/lib/libspace_interfaces__rosidl_typesupport_fastrtps_c.so
[23.072s] -- Set non-toolchain portion of runtime path of "/home/ubuntu/dev_ws/install/space_interfaces/lib/libspace_interfaces__rosidl_typesupport_fastrtps_c.so" to ""
[23.072s] -- Installing: /home/ubuntu/dev_ws/install/space_interfaces/lib/libspace_interfaces__rosidl_typesupport_introspection_c.so
[23.073s] -- Set non-toolchain portion of runtime path of "/home/ubuntu/dev_ws/install/space_interfaces/lib/libspace_interfaces__rosidl_typesupport_introspection_c.so" to ""
[23.073s] -- Installing: /home/ubuntu/dev_ws/install/space_interfaces/lib/libspace_interfaces__rosidl_typesupport_c.so
[23.074s] -- Set non-toolchain portion of runtime path of "/home/ubuntu/dev_ws/install/space_interfaces/lib/libspace_interfaces__rosidl_typesupport_c.so" to ""
[23.074s] -- Installing: /home/ubuntu/dev_ws/install/space_interfaces/lib/libspace_interfaces__rosidl_typesupport_fastrtps_cpp.so
[23.074s] -- Set non-toolchain portion of runtime path of "/home/ubuntu/dev_ws/install/space_interfaces/lib/libspace_interfaces__rosidl_typesupport_fastrtps_cpp.so" to ""
[23.075s] -- Installing: /home/ubuntu/dev_ws/install/space_interfaces/lib/libspace_interfaces__rosidl_typesupport_introspection_cpp.so
[23.075s] -- Set non-toolchain portion of runtime path of "/home/ubuntu/dev_ws/install/space_interfaces/lib/libspace_interfaces__rosidl_typesupport_introspection_cpp.so" to ""
[23.075s] -- Installing: /home/ubuntu/dev_ws/install/space_interfaces/lib/libspace_interfaces__rosidl_typesupport_cpp.so
[23.076s] -- Set non-toolchain portion of runtime path of "/home/ubuntu/dev_ws/install/space_interfaces/lib/libspace_interfaces__rosidl_typesupport_cpp.so" to ""
[23.132s] Listing '/home/ubuntu/dev_ws/install/space_interfaces/lib/python3.12/site-packages/space_interfaces'...
[23.133s] Compiling '/home/ubuntu/dev_ws/install/space_interfaces/lib/python3.12/site-packages/space_interfaces/__init__.py'...
[23.133s] Listing '/home/ubuntu/dev_ws/install/space_interfaces/lib/python3.12/site-packages/space_interfaces/msg'...
[23.133s] Compiling '/home/ubuntu/dev_ws/install/space_interfaces/lib/python3.12/site-packages/space_interfaces/msg/__init__.py'...
[23.133s] Compiling '/home/ubuntu/dev_ws/install/space_interfaces/lib/python3.12/site-packages/space_interfaces/msg/_position.py'...
[23.142s] -- Installing: /home/ubuntu/dev_ws/install/space_interfaces/lib/libspace_interfaces__rosidl_generator_py.so
[23.142s] -- Set non-toolchain portion of runtime path of "/home/ubuntu/dev_ws/install/space_interfaces/lib/libspace_interfaces__rosidl_generator_py.so" to ""
[23.143s] -- Installing: /home/ubuntu/dev_ws/install/space_interfaces/share/space_interfaces/cmake/export_space_interfaces__rosidl_generator_cExport.cmake
[23.143s] -- Installing: /home/ubuntu/dev_ws/install/space_interfaces/share/space_interfaces/cmake/export_space_interfaces__rosidl_generator_cExport-noconfig.cmake
[23.143s] -- Installing: /home/ubuntu/dev_ws/install/space_interfaces/share/space_interfaces/cmake/export_space_interfaces__rosidl_typesupport_fastrtps_cExport.cmake
[23.144s] -- Installing: /home/ubuntu/dev_ws/install/space_interfaces/share/space_interfaces/cmake/export_space_interfaces__rosidl_typesupport_fastrtps_cExport-noconfig.cmake
[23.144s] -- Installing: /home/ubuntu/dev_ws/install/space_interfaces/share/space_interfaces/cmake/space_interfaces__rosidl_typesupport_introspection_cExport.cmake
[23.144s] -- Installing: /home/ubuntu/dev_ws/install/space_interfaces/share/space_interfaces/cmake/space_interfaces__rosidl_typesupport_introspection_cExport-noconfig.cmake
[23.145s] -- Installing: /home/ubuntu/dev_ws/install/space_interfaces/share/space_interfaces/cmake/space_interfaces__rosidl_typesupport_cExport.cmake
[23.145s] -- Installing: /home/ubuntu/dev_ws/install/space_interfaces/share/space_interfaces/cmake/space_interfaces__rosidl_typesupport_cExport-noconfig.cmake
[23.145s] -- Installing: /home/ubuntu/dev_ws/install/space_interfaces/share/space_interfaces/cmake/export_space_interfaces__rosidl_generator_cppExport.cmake
[23.146s] -- Installing: /home/ubuntu/dev_ws/install/space_interfaces/share/space_interfaces/cmake/export_space_interfaces__rosidl_typesupport_fastrtps_cppExport.cmake
[23.146s] -- Installing: /home/ubuntu/dev_ws/install/space_interfaces/share/space_interfaces/cmake/export_space_interfaces__rosidl_typesupport_fastrtps_cppExport-noconfig.cmake
[23.146s] -- Installing: /home/ubuntu/dev_ws/install/space_interfaces/share/space_interfaces/cmake/space_interfaces__rosidl_typesupport_introspection_cppExport.cmake
[23.147s] -- Installing: /home/ubuntu/dev_ws/install/space_interfaces/share/space_interfaces/cmake/space_interfaces__rosidl_typesupport_introspection_cppExport-noconfig.cmake
[23.147s] -- Installing: /home/ubuntu/dev_ws/install/space_interfaces/share/space_interfaces/cmake/space_interfaces__rosidl_typesupport_cppExport.cmake
[23.147s] -- Installing: /home/ubuntu/dev_ws/install/space_interfaces/share/space_interfaces/cmake/space_interfaces__rosidl_typesupport_cppExport-noconfig.cmake
[23.147s] -- Installing: /home/ubuntu/dev_ws/install/space_interfaces/share/space_interfaces/cmake/export_space_interfaces__rosidl_generator_pyExport.cmake
[23.148s] -- Installing: /home/ubuntu/dev_ws/install/space_interfaces/share/space_interfaces/cmake/export_space_interfaces__rosidl_generator_pyExport-noconfig.cmake
[23.154s] Invoked command in '/home/ubuntu/dev_ws/build/space_interfaces' returned '0': CMAKE_PREFIX_PATH=${CMAKE_PREFIX_PATH}:/opt/ros/jazzy /usr/bin/cmake --install /home/ubuntu/dev_ws/build/space_interfaces
