[0.049s] Invoking command in '/home/MKGL/quadro_ws/build/manette': AMENT_PREFIX_PATH=/home/MKGL/quadro_ws/install/space_interfaces:${AMENT_PREFIX_PATH} CMAKE_PREFIX_PATH=/home/MKGL/quadro_ws/install/space_interfaces:/opt/ros/jazzy LD_LIBRARY_PATH=/home/MKGL/quadro_ws/install/space_interfaces/lib:${LD_LIBRARY_PATH} PYTHONPATH=/home/MKGL/quadro_ws/install/space_interfaces/lib/python3.12/site-packages:${PYTHONPATH} /usr/bin/cmake /home/MKGL/quadro_ws/src/manette -DAMENT_CMAKE_SYMLINK_INSTALL=1 -DCMAKE_INSTALL_PREFIX=/home/MKGL/quadro_ws/install/manette
[0.399s] -- The C compiler identification is GNU 13.2.0
[0.740s] -- The CXX compiler identification is GNU 13.2.0
[0.822s] -- Detecting C compiler ABI info
[1.377s] -- Detecting C compiler ABI info - done
[1.416s] -- Check for working C compiler: /usr/bin/cc - skipped
[1.421s] -- Detecting C compile features
[1.421s] -- Detecting C compile features - done
[1.473s] -- Detecting CXX compiler ABI info
[2.119s] -- Detecting CXX compiler ABI info - done
[2.163s] -- Check for working CXX compiler: /usr/bin/c++ - skipped
[2.163s] -- Detecting CXX compile features
[2.166s] -- Detecting CXX compile features - done
[2.186s] -- Found ament_cmake: 2.5.2 (/opt/ros/jazzy/share/ament_cmake/cmake)
[3.206s] -- Found Python3: /usr/bin/python3 (found version "3.12.3") found components: Interpreter 
[3.684s] -- Override CMake install command with custom implementation using symlinks instead of copying resources
[3.916s] -- Found rclcpp: 28.1.5 (/opt/ros/jazzy/share/rclcpp/cmake)
[4.181s] -- Found rosidl_generator_c: 4.6.4 (/opt/ros/jazzy/share/rosidl_generator_c/cmake)
[4.288s] -- Found rosidl_generator_cpp: 4.6.4 (/opt/ros/jazzy/share/rosidl_generator_cpp/cmake)
[4.369s] -- Using all available rosidl_typesupport_c: rosidl_typesupport_fastrtps_c;rosidl_typesupport_introspection_c
[4.484s] -- Using all available rosidl_typesupport_cpp: rosidl_typesupport_fastrtps_cpp;rosidl_typesupport_introspection_cpp
[4.909s] -- Found rmw_implementation_cmake: 7.3.1 (/opt/ros/jazzy/share/rmw_implementation_cmake/cmake)
[4.930s] -- Found rmw_fastrtps_cpp: 8.4.1 (/opt/ros/jazzy/share/rmw_fastrtps_cpp/cmake)
[5.375s] -- Found OpenSSL: /usr/lib/aarch64-linux-gnu/libcrypto.so (found version "3.0.13")  
[5.449s] -- Found FastRTPS: /opt/ros/jazzy/include (Required is at least version "2.13") 
[5.558s] -- Using RMW implementation 'rmw_fastrtps_cpp' as default
[5.938s] -- Found sensor_msgs: 5.3.5 (/opt/ros/jazzy/share/sensor_msgs/cmake)
[6.291s] -- Found space_interfaces: 0.0.0 (/home/MKGL/quadro_ws/install/space_interfaces/share/space_interfaces/cmake)
[6.379s] -- Found ament_lint_auto: 0.17.1 (/opt/ros/jazzy/share/ament_lint_auto/cmake)
[7.119s] -- Added test 'cppcheck' to perform static code analysis on C / C++ code
[7.120s] -- Configured cppcheck include dirs: 
[7.121s] -- Configured cppcheck exclude dirs and/or files: 
[7.127s] -- Added test 'flake8' to check Python code syntax and style conventions
[7.129s] -- Configured 'flake8' exclude dirs and/or files: 
[7.134s] -- Added test 'lint_cmake' to check CMake code style
[7.136s] -- Added test 'pep257' to check Python code against some of the docstring style conventions in PEP 257
[7.146s] -- Added test 'uncrustify' to check C / C++ code style
[7.149s] -- Configured uncrustify additional arguments: 
[7.150s] -- Added test 'xmllint' to check XML markup files
[7.168s] -- Configuring done (7.1s)
[7.273s] -- Generating done (0.0s)
[7.287s] -- Build files have been written to: /home/MKGL/quadro_ws/build/manette
[7.335s] Invoked command in '/home/MKGL/quadro_ws/build/manette' returned '0': AMENT_PREFIX_PATH=/home/MKGL/quadro_ws/install/space_interfaces:${AMENT_PREFIX_PATH} CMAKE_PREFIX_PATH=/home/MKGL/quadro_ws/install/space_interfaces:/opt/ros/jazzy LD_LIBRARY_PATH=/home/MKGL/quadro_ws/install/space_interfaces/lib:${LD_LIBRARY_PATH} PYTHONPATH=/home/MKGL/quadro_ws/install/space_interfaces/lib/python3.12/site-packages:${PYTHONPATH} /usr/bin/cmake /home/MKGL/quadro_ws/src/manette -DAMENT_CMAKE_SYMLINK_INSTALL=1 -DCMAKE_INSTALL_PREFIX=/home/MKGL/quadro_ws/install/manette
[7.343s] Invoking command in '/home/MKGL/quadro_ws/build/manette': AMENT_PREFIX_PATH=/home/MKGL/quadro_ws/install/space_interfaces:${AMENT_PREFIX_PATH} CMAKE_PREFIX_PATH=/home/MKGL/quadro_ws/install/space_interfaces:/opt/ros/jazzy LD_LIBRARY_PATH=/home/MKGL/quadro_ws/install/space_interfaces/lib:${LD_LIBRARY_PATH} PYTHONPATH=/home/MKGL/quadro_ws/install/space_interfaces/lib/python3.12/site-packages:${PYTHONPATH} /usr/bin/cmake --build /home/MKGL/quadro_ws/build/manette -- -j4 -l4
[7.631s] [ 50%] [32mBuilding CXX object CMakeFiles/manette_node.dir/src/manette_node.cpp.o[0m
[52.505s] [100%] [32m[1mLinking CXX executable manette_node[0m
[54.459s] [100%] Built target manette_node
[54.508s] Invoked command in '/home/MKGL/quadro_ws/build/manette' returned '0': AMENT_PREFIX_PATH=/home/MKGL/quadro_ws/install/space_interfaces:${AMENT_PREFIX_PATH} CMAKE_PREFIX_PATH=/home/MKGL/quadro_ws/install/space_interfaces:/opt/ros/jazzy LD_LIBRARY_PATH=/home/MKGL/quadro_ws/install/space_interfaces/lib:${LD_LIBRARY_PATH} PYTHONPATH=/home/MKGL/quadro_ws/install/space_interfaces/lib/python3.12/site-packages:${PYTHONPATH} /usr/bin/cmake --build /home/MKGL/quadro_ws/build/manette -- -j4 -l4
[54.647s] Invoking command in '/home/MKGL/quadro_ws/build/manette': AMENT_PREFIX_PATH=/home/MKGL/quadro_ws/install/space_interfaces:${AMENT_PREFIX_PATH} CMAKE_PREFIX_PATH=/home/MKGL/quadro_ws/install/space_interfaces:/opt/ros/jazzy LD_LIBRARY_PATH=/home/MKGL/quadro_ws/install/space_interfaces/lib:${LD_LIBRARY_PATH} PYTHONPATH=/home/MKGL/quadro_ws/install/space_interfaces/lib/python3.12/site-packages:${PYTHONPATH} /usr/bin/cmake --install /home/MKGL/quadro_ws/build/manette
[54.683s] -- Install configuration: ""
[54.685s] -- Execute custom install script
[54.687s] -- Symlinking: /home/MKGL/quadro_ws/install/manette/lib/manette/manette_node
[54.730s] -- Symlinking: /home/MKGL/quadro_ws/install/manette/share/manette//config/manette_params.yaml
[54.774s] -- Symlinking: /home/MKGL/quadro_ws/install/manette/share/manette//launch/manette.launch.py
[54.818s] -- Symlinking: /home/MKGL/quadro_ws/install/manette/share/ament_index/resource_index/package_run_dependencies/manette
[54.862s] -- Symlinking: /home/MKGL/quadro_ws/install/manette/share/ament_index/resource_index/parent_prefix_path/manette
[54.906s] -- Symlinking: /home/MKGL/quadro_ws/install/manette/share/manette/environment/ament_prefix_path.sh
[54.950s] -- Symlinking: /home/MKGL/quadro_ws/install/manette/share/manette/environment/ament_prefix_path.dsv
[54.993s] -- Symlinking: /home/MKGL/quadro_ws/install/manette/share/manette/environment/path.sh
[55.039s] -- Symlinking: /home/MKGL/quadro_ws/install/manette/share/manette/environment/path.dsv
[55.082s] -- Symlinking: /home/MKGL/quadro_ws/install/manette/share/manette/local_setup.bash
[55.124s] -- Symlinking: /home/MKGL/quadro_ws/install/manette/share/manette/local_setup.sh
[55.166s] -- Symlinking: /home/MKGL/quadro_ws/install/manette/share/manette/local_setup.zsh
[55.211s] -- Symlinking: /home/MKGL/quadro_ws/install/manette/share/manette/local_setup.dsv
[55.254s] -- Symlinking: /home/MKGL/quadro_ws/install/manette/share/manette/package.dsv
[55.298s] -- Symlinking: /home/MKGL/quadro_ws/install/manette/share/ament_index/resource_index/packages/manette
[55.341s] -- Symlinking: /home/MKGL/quadro_ws/install/manette/share/manette/cmake/manetteConfig.cmake
[55.383s] -- Symlinking: /home/MKGL/quadro_ws/install/manette/share/manette/cmake/manetteConfig-version.cmake
[55.425s] -- Symlinking: /home/MKGL/quadro_ws/install/manette/share/manette/package.xml
[55.478s] Invoked command in '/home/MKGL/quadro_ws/build/manette' returned '0': AMENT_PREFIX_PATH=/home/MKGL/quadro_ws/install/space_interfaces:${AMENT_PREFIX_PATH} CMAKE_PREFIX_PATH=/home/MKGL/quadro_ws/install/space_interfaces:/opt/ros/jazzy LD_LIBRARY_PATH=/home/MKGL/quadro_ws/install/space_interfaces/lib:${LD_LIBRARY_PATH} PYTHONPATH=/home/MKGL/quadro_ws/install/space_interfaces/lib/python3.12/site-packages:${PYTHONPATH} /usr/bin/cmake --install /home/MKGL/quadro_ws/build/manette
