[0.067s] Invoking command in '/home/MKGL/quadro_ws/build/serial': CMAKE_PREFIX_PATH=${CMAKE_PREFIX_PATH}:/opt/ros/jazzy DEBUGINFOD_URLS=https://debuginfod.ubuntu.com /usr/bin/cmake /home/MKGL/quadro_ws/src/serial -DAMENT_CMAKE_SYMLINK_INSTALL=1 -DCMAKE_INSTALL_PREFIX=/home/MKGL/quadro_ws/install/serial
[0.441s] -- The C compiler identification is GNU 13.2.0
[0.899s] -- The CXX compiler identification is GNU 13.2.0
[1.007s] -- Detecting C compiler ABI info
[1.661s] -- Detecting C compiler ABI info - done
[1.707s] -- Check for working C compiler: /usr/bin/cc - skipped
[1.708s] -- Detecting C compile features
[1.710s] -- Detecting C compile features - done
[1.759s] -- Detecting CXX compiler ABI info
[2.423s] -- Detecting CXX compiler ABI info - done
[2.468s] -- Check for working CXX compiler: /usr/bin/c++ - skipped
[2.468s] -- Detecting CXX compile features
[2.472s] -- Detecting CXX compile features - done
[2.489s] -- Found ament_cmake: 2.5.2 (/opt/ros/jazzy/share/ament_cmake/cmake)
[3.561s] -- Found Python3: /usr/bin/python3 (found version "3.12.3") found components: Interpreter 
[4.071s] -- Override CMake install command with custom implementation using symlinks instead of copying resources
[4.320s] -- Found rclcpp: 28.1.5 (/opt/ros/jazzy/share/rclcpp/cmake)
[4.572s] -- Found rosidl_generator_c: 4.6.4 (/opt/ros/jazzy/share/rosidl_generator_c/cmake)
[4.666s] -- Found rosidl_generator_cpp: 4.6.4 (/opt/ros/jazzy/share/rosidl_generator_cpp/cmake)
[4.793s] -- Using all available rosidl_typesupport_c: rosidl_typesupport_fastrtps_c;rosidl_typesupport_introspection_c
[4.897s] -- Using all available rosidl_typesupport_cpp: rosidl_typesupport_fastrtps_cpp;rosidl_typesupport_introspection_cpp
[5.414s] -- Found rmw_implementation_cmake: 7.3.1 (/opt/ros/jazzy/share/rmw_implementation_cmake/cmake)
[5.434s] -- Found rmw_fastrtps_cpp: 8.4.1 (/opt/ros/jazzy/share/rmw_fastrtps_cpp/cmake)
[5.950s] -- Found OpenSSL: /usr/lib/aarch64-linux-gnu/libcrypto.so (found version "3.0.13")  
[6.045s] -- Found FastRTPS: /opt/ros/jazzy/include (Required is at least version "2.13") 
[6.156s] -- Using RMW implementation 'rmw_fastrtps_cpp' as default
[6.611s] -- Found ament_lint_auto: 0.17.1 (/opt/ros/jazzy/share/ament_lint_auto/cmake)
[7.277s] -- Added test 'cppcheck' to perform static code analysis on C / C++ code
[7.279s] -- Configured cppcheck include dirs: /home/MKGL/quadro_ws/src/serial/include
[7.280s] -- Configured cppcheck exclude dirs and/or files: 
[7.285s] -- Added test 'lint_cmake' to check CMake code style
[7.293s] -- Added test 'uncrustify' to check C / C++ code style
[7.294s] -- Configured uncrustify additional arguments: 
[7.297s] -- Added test 'xmllint' to check XML markup files
[7.311s] -- Configuring done (7.2s)
[7.394s] -- Generating done (0.0s)
[7.401s] -- Build files have been written to: /home/MKGL/quadro_ws/build/serial
[7.442s] Invoked command in '/home/MKGL/quadro_ws/build/serial' returned '0': CMAKE_PREFIX_PATH=${CMAKE_PREFIX_PATH}:/opt/ros/jazzy DEBUGINFOD_URLS=https://debuginfod.ubuntu.com /usr/bin/cmake /home/MKGL/quadro_ws/src/serial -DAMENT_CMAKE_SYMLINK_INSTALL=1 -DCMAKE_INSTALL_PREFIX=/home/MKGL/quadro_ws/install/serial
[7.448s] Invoking command in '/home/MKGL/quadro_ws/build/serial': CMAKE_PREFIX_PATH=${CMAKE_PREFIX_PATH}:/opt/ros/jazzy DEBUGINFOD_URLS=https://debuginfod.ubuntu.com /usr/bin/cmake --build /home/MKGL/quadro_ws/build/serial -- -j4 -l4
[7.746s] [ 25%] [32mBuilding CXX object CMakeFiles/serial_lib.dir/src/serial.cpp.o[0m
[9.674s] [ 50%] [32m[1mLinking CXX shared library libserial_lib.so[0m
[10.070s] [ 50%] Built target serial_lib
[10.178s] [ 75%] [32mBuilding CXX object CMakeFiles/testlib_node.dir/src/testlib_node.cpp.o[0m
[34.054s] [100%] [32m[1mLinking CXX executable testlib_node[0m
[34.775s] [100%] Built target testlib_node
[34.826s] Invoked command in '/home/MKGL/quadro_ws/build/serial' returned '0': CMAKE_PREFIX_PATH=${CMAKE_PREFIX_PATH}:/opt/ros/jazzy DEBUGINFOD_URLS=https://debuginfod.ubuntu.com /usr/bin/cmake --build /home/MKGL/quadro_ws/build/serial -- -j4 -l4
[34.979s] Invoking command in '/home/MKGL/quadro_ws/build/serial': CMAKE_PREFIX_PATH=${CMAKE_PREFIX_PATH}:/opt/ros/jazzy DEBUGINFOD_URLS=https://debuginfod.ubuntu.com /usr/bin/cmake --install /home/MKGL/quadro_ws/build/serial
[35.014s] -- Install configuration: ""
[35.016s] -- Execute custom install script
[35.018s] -- Symlinking: /home/MKGL/quadro_ws/install/serial/share/serial/environment/library_path.sh
[35.060s] -- Symlinking: /home/MKGL/quadro_ws/install/serial/share/serial/environment/library_path.dsv
[35.103s] -- Symlinking: /home/MKGL/quadro_ws/install/serial/include/serial/serial.hpp
[35.151s] -- Symlinking: /home/MKGL/quadro_ws/install/serial/lib/serial/testlib_node
[35.193s] -- Symlinking: /home/MKGL/quadro_ws/install/serial/share/ament_index/resource_index/package_run_dependencies/serial
[35.238s] -- Symlinking: /home/MKGL/quadro_ws/install/serial/share/ament_index/resource_index/parent_prefix_path/serial
[35.283s] -- Symlinking: /home/MKGL/quadro_ws/install/serial/share/serial/environment/ament_prefix_path.sh
[35.325s] -- Symlinking: /home/MKGL/quadro_ws/install/serial/share/serial/environment/ament_prefix_path.dsv
[35.370s] -- Symlinking: /home/MKGL/quadro_ws/install/serial/share/serial/environment/path.sh
[35.412s] -- Symlinking: /home/MKGL/quadro_ws/install/serial/share/serial/environment/path.dsv
[35.460s] -- Symlinking: /home/MKGL/quadro_ws/install/serial/share/serial/local_setup.bash
[35.512s] -- Symlinking: /home/MKGL/quadro_ws/install/serial/share/serial/local_setup.sh
[35.560s] -- Symlinking: /home/MKGL/quadro_ws/install/serial/share/serial/local_setup.zsh
[35.635s] -- Symlinking: /home/MKGL/quadro_ws/install/serial/share/serial/local_setup.dsv
[35.700s] -- Symlinking: /home/MKGL/quadro_ws/install/serial/share/serial/package.dsv
[35.771s] -- Symlinking: /home/MKGL/quadro_ws/install/serial/share/ament_index/resource_index/packages/serial
[35.833s] -- Symlinking: /home/MKGL/quadro_ws/install/serial/share/serial/cmake/ament_cmake_export_targets-extras.cmake
[35.887s] -- Symlinking: /home/MKGL/quadro_ws/install/serial/share/serial/cmake/serialConfig.cmake
[35.951s] -- Symlinking: /home/MKGL/quadro_ws/install/serial/share/serial/cmake/serialConfig-version.cmake
[36.051s] -- Symlinking: /home/MKGL/quadro_ws/install/serial/share/serial/package.xml
[36.142s] -- Installing: /home/MKGL/quadro_ws/install/serial/lib/libserial_lib.so
[36.157s] -- Installing: /home/MKGL/quadro_ws/install/serial/share/serial/cmake/serial_libExport.cmake
[36.159s] -- Installing: /home/MKGL/quadro_ws/install/serial/share/serial/cmake/serial_libExport-noconfig.cmake
[36.176s] Invoked command in '/home/MKGL/quadro_ws/build/serial' returned '0': CMAKE_PREFIX_PATH=${CMAKE_PREFIX_PATH}:/opt/ros/jazzy DEBUGINFOD_URLS=https://debuginfod.ubuntu.com /usr/bin/cmake --install /home/MKGL/quadro_ws/build/serial
