[0.046s] Invoking command in '/home/MKGL/quadro_ws/build/dgz': CMAKE_PREFIX_PATH=${CMAKE_PREFIX_PATH}:/opt/ros/jazzy DEBUGINFOD_URLS=https://debuginfod.ubuntu.com /usr/bin/cmake /home/MKGL/quadro_ws/src/dgz -DAMENT_CMAKE_SYMLINK_INSTALL=1 -DCMAKE_INSTALL_PREFIX=/home/MKGL/quadro_ws/install/dgz
[0.371s] -- The C compiler identification is GNU 13.2.0
[0.711s] -- The CXX compiler identification is GNU 13.2.0
[0.792s] -- Detecting C compiler ABI info
[1.267s] -- Detecting C compiler ABI info - done
[1.305s] -- Check for working C compiler: /usr/bin/cc - skipped
[1.306s] -- Detecting C compile features
[1.307s] -- Detecting C compile features - done
[1.357s] -- Detecting CXX compiler ABI info
[1.922s] -- Detecting CXX compiler ABI info - done
[1.964s] -- Check for working CXX compiler: /usr/bin/c++ - skipped
[1.965s] -- Detecting CXX compile features
[1.967s] -- Detecting CXX compile features - done
[1.988s] -- Found ament_cmake: 2.5.2 (/opt/ros/jazzy/share/ament_cmake/cmake)
[2.935s] -- Found Python3: /usr/bin/python3 (found version "3.12.3") found components: Interpreter 
[3.338s] -- Override CMake install command with custom implementation using symlinks instead of copying resources
[3.587s] -- Found rclcpp: 28.1.5 (/opt/ros/jazzy/share/rclcpp/cmake)
[3.841s] -- Found rosidl_generator_c: 4.6.4 (/opt/ros/jazzy/share/rosidl_generator_c/cmake)
[3.926s] -- Found rosidl_generator_cpp: 4.6.4 (/opt/ros/jazzy/share/rosidl_generator_cpp/cmake)
[4.024s] -- Using all available rosidl_typesupport_c: rosidl_typesupport_fastrtps_c;rosidl_typesupport_introspection_c
[4.129s] -- Using all available rosidl_typesupport_cpp: rosidl_typesupport_fastrtps_cpp;rosidl_typesupport_introspection_cpp
[4.534s] -- Found rmw_implementation_cmake: 7.3.1 (/opt/ros/jazzy/share/rmw_implementation_cmake/cmake)
[4.555s] -- Found rmw_fastrtps_cpp: 8.4.1 (/opt/ros/jazzy/share/rmw_fastrtps_cpp/cmake)
[4.996s] -- Found OpenSSL: /usr/lib/aarch64-linux-gnu/libcrypto.so (found version "3.0.13")  
[5.065s] -- Found FastRTPS: /opt/ros/jazzy/include (Required is at least version "2.13") 
[5.161s] -- Using RMW implementation 'rmw_fastrtps_cpp' as default
[5.514s] -- Found std_msgs: 5.3.5 (/opt/ros/jazzy/share/std_msgs/cmake)
[5.580s] -- Found space_interfaces: 0.0.0 (/home/MKGL/quadro_ws/install/space_interfaces/share/space_interfaces/cmake)
[5.693s] [31mCMake Error at CMakeLists.txt:13 (find_package):
[5.694s]   By not providing "Findserial.cmake" in CMAKE_MODULE_PATH this project has
[5.695s]   asked CMake to find a package configuration file provided by "serial", but
[5.695s]   CMake did not find one.
[5.696s] 
[5.697s]   Could not find a package configuration file provided by "serial" with any
[5.698s]   of the following names:
[5.699s] 
[5.701s]     serialConfig.cmake
[5.703s]     serial-config.cmake
[5.705s] 
[5.706s]   Add the installation prefix of "serial" to CMAKE_PREFIX_PATH or set
[5.707s]   "serial_DIR" to a directory containing one of the above files.  If "serial"
[5.709s]   provides a separate development package or SDK, be sure it has been
[5.710s]   installed.
[5.713s] 
[5.715s] [0m
[5.717s] -- Configuring incomplete, errors occurred!
[5.743s] Invoked command in '/home/MKGL/quadro_ws/build/dgz' returned '1': CMAKE_PREFIX_PATH=${CMAKE_PREFIX_PATH}:/opt/ros/jazzy DEBUGINFOD_URLS=https://debuginfod.ubuntu.com /usr/bin/cmake /home/MKGL/quadro_ws/src/dgz -DAMENT_CMAKE_SYMLINK_INSTALL=1 -DCMAKE_INSTALL_PREFIX=/home/MKGL/quadro_ws/install/dgz
