[  2%] Built target space_interfaces__rosidl_generator_type_description
[  2%] Built target ament_cmake_python_symlink_space_interfaces
[  5%] Built target space_interfaces__cpp
[ 20%] Built target space_interfaces__rosidl_generator_c
[ 29%] Built target space_interfaces__rosidl_typesupport_introspection_cpp
[ 38%] Built target space_interfaces__rosidl_typesupport_fastrtps_c
[ 47%] Built target space_interfaces__rosidl_typesupport_cpp
[ 55%] Built target space_interfaces__rosidl_typesupport_introspection_c
[ 64%] Built target space_interfaces__rosidl_typesupport_c
[ 73%] Built target space_interfaces__rosidl_typesupport_fastrtps_cpp
[ 73%] Built target space_interfaces
[ 76%] Built target space_interfaces__py
[ 82%] Built target space_interfaces__rosidl_generator_py
[ 88%] Built target space_interfaces_s__rosidl_typesupport_introspection_c
running egg_info
[ 94%] Built target space_interfaces_s__rosidl_typesupport_c
[100%] Built target space_interfaces_s__rosidl_typesupport_fastrtps_c
writing space_interfaces.egg-info/PKG-INFO
writing dependency_links to space_interfaces.egg-info/dependency_links.txt
writing top-level names to space_interfaces.egg-info/top_level.txt
reading manifest file 'space_interfaces.egg-info/SOURCES.txt'
writing manifest file 'space_interfaces.egg-info/SOURCES.txt'
[100%] Built target ament_cmake_python_build_space_interfaces_egg
-- Install configuration: ""
-- Execute custom install script
-- Symlinking: /home/MKGL/quadro_ws/install/space_interfaces/share/ament_index/resource_index/rosidl_interfaces/space_interfaces
-- Symlinking: /home/MKGL/quadro_ws/install/space_interfaces/share/space_interfaces/msg/Position.json
-- Symlinking: /home/MKGL/quadro_ws/install/space_interfaces/include/space_interfaces/space_interfaces/msg/detail/position__functions.h
-- Symlinking: /home/MKGL/quadro_ws/install/space_interfaces/include/space_interfaces/space_interfaces/msg/detail/position__struct.h
-- Symlinking: /home/MKGL/quadro_ws/install/space_interfaces/include/space_interfaces/space_interfaces/msg/detail/position__type_support.h
-- Symlinking: /home/MKGL/quadro_ws/install/space_interfaces/include/space_interfaces/space_interfaces/msg/position.h
-- Symlinking: /home/MKGL/quadro_ws/install/space_interfaces/include/space_interfaces/space_interfaces/msg/rosidl_generator_c__visibility_control.h
-- Symlinking: /home/MKGL/quadro_ws/install/space_interfaces/share/space_interfaces/environment/library_path.sh
-- Symlinking: /home/MKGL/quadro_ws/install/space_interfaces/share/space_interfaces/environment/library_path.dsv
-- Symlinking: /home/MKGL/quadro_ws/install/space_interfaces/include/space_interfaces/space_interfaces/msg/detail/position__rosidl_typesupport_fastrtps_c.h
-- Symlinking: /home/MKGL/quadro_ws/install/space_interfaces/include/space_interfaces/space_interfaces/msg/rosidl_typesupport_fastrtps_c__visibility_control.h
-- Symlinking: /home/MKGL/quadro_ws/install/space_interfaces/include/space_interfaces/space_interfaces/msg/detail/position__rosidl_typesupport_introspection_c.h
-- Symlinking: /home/MKGL/quadro_ws/install/space_interfaces/include/space_interfaces/space_interfaces/msg/rosidl_typesupport_introspection_c__visibility_control.h
-- Symlinking: /home/MKGL/quadro_ws/install/space_interfaces/include/space_interfaces/space_interfaces/msg/detail/position__builder.hpp
-- Symlinking: /home/MKGL/quadro_ws/install/space_interfaces/include/space_interfaces/space_interfaces/msg/detail/position__struct.hpp
-- Symlinking: /home/MKGL/quadro_ws/install/space_interfaces/include/space_interfaces/space_interfaces/msg/detail/position__traits.hpp
-- Symlinking: /home/MKGL/quadro_ws/install/space_interfaces/include/space_interfaces/space_interfaces/msg/detail/position__type_support.hpp
-- Symlinking: /home/MKGL/quadro_ws/install/space_interfaces/include/space_interfaces/space_interfaces/msg/position.hpp
-- Symlinking: /home/MKGL/quadro_ws/install/space_interfaces/include/space_interfaces/space_interfaces/msg/rosidl_generator_cpp__visibility_control.hpp
-- Symlinking: /home/MKGL/quadro_ws/install/space_interfaces/include/space_interfaces/space_interfaces/msg/detail/position__rosidl_typesupport_fastrtps_cpp.hpp
-- Symlinking: /home/MKGL/quadro_ws/install/space_interfaces/include/space_interfaces/space_interfaces/msg/rosidl_typesupport_fastrtps_cpp__visibility_control.h
-- Symlinking: /home/MKGL/quadro_ws/install/space_interfaces/include/space_interfaces/space_interfaces/msg/detail/position__rosidl_typesupport_introspection_cpp.hpp
-- Symlinking: /home/MKGL/quadro_ws/install/space_interfaces/share/space_interfaces/environment/pythonpath.sh
-- Symlinking: /home/MKGL/quadro_ws/install/space_interfaces/share/space_interfaces/environment/pythonpath.dsv
-- Symlinking: /home/MKGL/quadro_ws/install/space_interfaces/lib/python3.12/site-packages/space_interfaces-0.0.0-py3.12.egg-info/PKG-INFO
-- Symlinking: /home/MKGL/quadro_ws/install/space_interfaces/lib/python3.12/site-packages/space_interfaces-0.0.0-py3.12.egg-info/SOURCES.txt
-- Symlinking: /home/MKGL/quadro_ws/install/space_interfaces/lib/python3.12/site-packages/space_interfaces-0.0.0-py3.12.egg-info/dependency_links.txt
-- Symlinking: /home/MKGL/quadro_ws/install/space_interfaces/lib/python3.12/site-packages/space_interfaces-0.0.0-py3.12.egg-info/top_level.txt
-- Symlinking: /home/MKGL/quadro_ws/install/space_interfaces/lib/python3.12/site-packages/space_interfaces/__init__.py
-- Symlinking: /home/MKGL/quadro_ws/install/space_interfaces/lib/python3.12/site-packages/space_interfaces/_space_interfaces_s.ep.rosidl_typesupport_c.c
-- Symlinking: /home/MKGL/quadro_ws/install/space_interfaces/lib/python3.12/site-packages/space_interfaces/_space_interfaces_s.ep.rosidl_typesupport_fastrtps_c.c
-- Symlinking: /home/MKGL/quadro_ws/install/space_interfaces/lib/python3.12/site-packages/space_interfaces/_space_interfaces_s.ep.rosidl_typesupport_introspection_c.c
-- Symlinking: /home/MKGL/quadro_ws/install/space_interfaces/lib/python3.12/site-packages/space_interfaces/msg/__init__.py
-- Symlinking: /home/MKGL/quadro_ws/install/space_interfaces/lib/python3.12/site-packages/space_interfaces/msg/_position.py
-- Symlinking: /home/MKGL/quadro_ws/install/space_interfaces/lib/python3.12/site-packages/space_interfaces/msg/_position_s.c
-- Symlinking: /home/MKGL/quadro_ws/install/space_interfaces/lib/python3.12/site-packages/space_interfaces/space_interfaces_s__rosidl_typesupport_c.so
-- Symlinking: /home/MKGL/quadro_ws/install/space_interfaces/lib/python3.12/site-packages/space_interfaces/space_interfaces_s__rosidl_typesupport_fastrtps_c.so
-- Symlinking: /home/MKGL/quadro_ws/install/space_interfaces/lib/python3.12/site-packages/space_interfaces/space_interfaces_s__rosidl_typesupport_introspection_c.so
-- Up-to-date symlink: /home/MKGL/quadro_ws/install/space_interfaces/lib/python3.12/site-packages/space_interfaces/space_interfaces_s__rosidl_typesupport_fastrtps_c.so
-- Up-to-date symlink: /home/MKGL/quadro_ws/install/space_interfaces/lib/python3.12/site-packages/space_interfaces/space_interfaces_s__rosidl_typesupport_introspection_c.so
-- Up-to-date symlink: /home/MKGL/quadro_ws/install/space_interfaces/lib/python3.12/site-packages/space_interfaces/space_interfaces_s__rosidl_typesupport_c.so
-- Symlinking: /home/MKGL/quadro_ws/install/space_interfaces/share/space_interfaces/msg/Position.idl
-- Symlinking: /home/MKGL/quadro_ws/install/space_interfaces/share/space_interfaces/msg/Position.msg
-- Symlinking: /home/MKGL/quadro_ws/install/space_interfaces/share/ament_index/resource_index/package_run_dependencies/space_interfaces
-- Symlinking: /home/MKGL/quadro_ws/install/space_interfaces/share/ament_index/resource_index/parent_prefix_path/space_interfaces
-- Symlinking: /home/MKGL/quadro_ws/install/space_interfaces/share/space_interfaces/environment/ament_prefix_path.sh
-- Symlinking: /home/MKGL/quadro_ws/install/space_interfaces/share/space_interfaces/environment/ament_prefix_path.dsv
-- Symlinking: /home/MKGL/quadro_ws/install/space_interfaces/share/space_interfaces/environment/path.sh
-- Symlinking: /home/MKGL/quadro_ws/install/space_interfaces/share/space_interfaces/environment/path.dsv
-- Symlinking: /home/MKGL/quadro_ws/install/space_interfaces/share/space_interfaces/local_setup.bash
-- Symlinking: /home/MKGL/quadro_ws/install/space_interfaces/share/space_interfaces/local_setup.sh
-- Symlinking: /home/MKGL/quadro_ws/install/space_interfaces/share/space_interfaces/local_setup.zsh
-- Symlinking: /home/MKGL/quadro_ws/install/space_interfaces/share/space_interfaces/local_setup.dsv
-- Symlinking: /home/MKGL/quadro_ws/install/space_interfaces/share/space_interfaces/package.dsv
-- Symlinking: /home/MKGL/quadro_ws/install/space_interfaces/share/ament_index/resource_index/packages/space_interfaces
-- Symlinking: /home/MKGL/quadro_ws/install/space_interfaces/share/space_interfaces/cmake/rosidl_cmake-extras.cmake
-- Symlinking: /home/MKGL/quadro_ws/install/space_interfaces/share/space_interfaces/cmake/ament_cmake_export_include_directories-extras.cmake
-- Symlinking: /home/MKGL/quadro_ws/install/space_interfaces/share/space_interfaces/cmake/ament_cmake_export_libraries-extras.cmake
-- Symlinking: /home/MKGL/quadro_ws/install/space_interfaces/share/space_interfaces/cmake/ament_cmake_export_targets-extras.cmake
-- Symlinking: /home/MKGL/quadro_ws/install/space_interfaces/share/space_interfaces/cmake/rosidl_cmake_export_typesupport_targets-extras.cmake
-- Symlinking: /home/MKGL/quadro_ws/install/space_interfaces/share/space_interfaces/cmake/ament_cmake_export_dependencies-extras.cmake
-- Symlinking: /home/MKGL/quadro_ws/install/space_interfaces/share/space_interfaces/cmake/rosidl_cmake_export_typesupport_libraries-extras.cmake
-- Symlinking: /home/MKGL/quadro_ws/install/space_interfaces/share/space_interfaces/cmake/space_interfacesConfig.cmake
-- Symlinking: /home/MKGL/quadro_ws/install/space_interfaces/share/space_interfaces/cmake/space_interfacesConfig-version.cmake
-- Symlinking: /home/MKGL/quadro_ws/install/space_interfaces/share/space_interfaces/package.xml
-- Installing: /home/MKGL/quadro_ws/install/space_interfaces/lib/libspace_interfaces__rosidl_generator_c.so
-- Set non-toolchain portion of runtime path of "/home/MKGL/quadro_ws/install/space_interfaces/lib/libspace_interfaces__rosidl_generator_c.so" to ""
-- Installing: /home/MKGL/quadro_ws/install/space_interfaces/lib/libspace_interfaces__rosidl_typesupport_fastrtps_c.so
-- Set non-toolchain portion of runtime path of "/home/MKGL/quadro_ws/install/space_interfaces/lib/libspace_interfaces__rosidl_typesupport_fastrtps_c.so" to ""
-- Installing: /home/MKGL/quadro_ws/install/space_interfaces/lib/libspace_interfaces__rosidl_typesupport_introspection_c.so
-- Set non-toolchain portion of runtime path of "/home/MKGL/quadro_ws/install/space_interfaces/lib/libspace_interfaces__rosidl_typesupport_introspection_c.so" to ""
-- Installing: /home/MKGL/quadro_ws/install/space_interfaces/lib/libspace_interfaces__rosidl_typesupport_c.so
-- Set non-toolchain portion of runtime path of "/home/MKGL/quadro_ws/install/space_interfaces/lib/libspace_interfaces__rosidl_typesupport_c.so" to ""
-- Installing: /home/MKGL/quadro_ws/install/space_interfaces/lib/libspace_interfaces__rosidl_typesupport_fastrtps_cpp.so
-- Set non-toolchain portion of runtime path of "/home/MKGL/quadro_ws/install/space_interfaces/lib/libspace_interfaces__rosidl_typesupport_fastrtps_cpp.so" to ""
-- Installing: /home/MKGL/quadro_ws/install/space_interfaces/lib/libspace_interfaces__rosidl_typesupport_introspection_cpp.so
-- Set non-toolchain portion of runtime path of "/home/MKGL/quadro_ws/install/space_interfaces/lib/libspace_interfaces__rosidl_typesupport_introspection_cpp.so" to ""
-- Installing: /home/MKGL/quadro_ws/install/space_interfaces/lib/libspace_interfaces__rosidl_typesupport_cpp.so
-- Set non-toolchain portion of runtime path of "/home/MKGL/quadro_ws/install/space_interfaces/lib/libspace_interfaces__rosidl_typesupport_cpp.so" to ""
Listing '/home/MKGL/quadro_ws/install/space_interfaces/lib/python3.12/site-packages/space_interfaces'...
Compiling '/home/MKGL/quadro_ws/install/space_interfaces/lib/python3.12/site-packages/space_interfaces/__init__.py'...
Listing '/home/MKGL/quadro_ws/install/space_interfaces/lib/python3.12/site-packages/space_interfaces/msg'...
Compiling '/home/MKGL/quadro_ws/install/space_interfaces/lib/python3.12/site-packages/space_interfaces/msg/__init__.py'...
Compiling '/home/MKGL/quadro_ws/install/space_interfaces/lib/python3.12/site-packages/space_interfaces/msg/_position.py'...
-- Installing: /home/MKGL/quadro_ws/install/space_interfaces/lib/libspace_interfaces__rosidl_generator_py.so
-- Set non-toolchain portion of runtime path of "/home/MKGL/quadro_ws/install/space_interfaces/lib/libspace_interfaces__rosidl_generator_py.so" to ""
-- Installing: /home/MKGL/quadro_ws/install/space_interfaces/share/space_interfaces/cmake/export_space_interfaces__rosidl_generator_cExport.cmake
-- Installing: /home/MKGL/quadro_ws/install/space_interfaces/share/space_interfaces/cmake/export_space_interfaces__rosidl_generator_cExport-noconfig.cmake
-- Installing: /home/MKGL/quadro_ws/install/space_interfaces/share/space_interfaces/cmake/export_space_interfaces__rosidl_typesupport_fastrtps_cExport.cmake
-- Installing: /home/MKGL/quadro_ws/install/space_interfaces/share/space_interfaces/cmake/export_space_interfaces__rosidl_typesupport_fastrtps_cExport-noconfig.cmake
-- Installing: /home/MKGL/quadro_ws/install/space_interfaces/share/space_interfaces/cmake/space_interfaces__rosidl_typesupport_introspection_cExport.cmake
-- Installing: /home/MKGL/quadro_ws/install/space_interfaces/share/space_interfaces/cmake/space_interfaces__rosidl_typesupport_introspection_cExport-noconfig.cmake
-- Installing: /home/MKGL/quadro_ws/install/space_interfaces/share/space_interfaces/cmake/space_interfaces__rosidl_typesupport_cExport.cmake
-- Installing: /home/MKGL/quadro_ws/install/space_interfaces/share/space_interfaces/cmake/space_interfaces__rosidl_typesupport_cExport-noconfig.cmake
-- Installing: /home/MKGL/quadro_ws/install/space_interfaces/share/space_interfaces/cmake/export_space_interfaces__rosidl_generator_cppExport.cmake
-- Installing: /home/MKGL/quadro_ws/install/space_interfaces/share/space_interfaces/cmake/export_space_interfaces__rosidl_typesupport_fastrtps_cppExport.cmake
-- Installing: /home/MKGL/quadro_ws/install/space_interfaces/share/space_interfaces/cmake/export_space_interfaces__rosidl_typesupport_fastrtps_cppExport-noconfig.cmake
-- Installing: /home/MKGL/quadro_ws/install/space_interfaces/share/space_interfaces/cmake/space_interfaces__rosidl_typesupport_introspection_cppExport.cmake
-- Installing: /home/MKGL/quadro_ws/install/space_interfaces/share/space_interfaces/cmake/space_interfaces__rosidl_typesupport_introspection_cppExport-noconfig.cmake
-- Installing: /home/MKGL/quadro_ws/install/space_interfaces/share/space_interfaces/cmake/space_interfaces__rosidl_typesupport_cppExport.cmake
-- Installing: /home/MKGL/quadro_ws/install/space_interfaces/share/space_interfaces/cmake/space_interfaces__rosidl_typesupport_cppExport-noconfig.cmake
-- Installing: /home/MKGL/quadro_ws/install/space_interfaces/share/space_interfaces/cmake/export_space_interfaces__rosidl_generator_pyExport.cmake
-- Installing: /home/MKGL/quadro_ws/install/space_interfaces/share/space_interfaces/cmake/export_space_interfaces__rosidl_generator_pyExport-noconfig.cmake
