-- The C compiler identification is GNU 13.2.0
-- The CXX compiler identification is GNU 13.2.0
-- Detecting C compiler ABI info
-- Detecting C compiler ABI info - done
-- Check for working C compiler: /usr/bin/cc - skipped
-- Detecting C compile features
-- Detecting C compile features - done
-- Detecting CXX compiler ABI info
-- Detecting CXX compiler ABI info - done
-- Check for working CXX compiler: /usr/bin/c++ - skipped
-- Detecting CXX compile features
-- Detecting CXX compile features - done
-- Found ament_cmake: 2.5.2 (/opt/ros/jazzy/share/ament_cmake/cmake)
-- Found Python3: /usr/bin/python3 (found version "3.12.3") found components: Interpreter 
-- Override CMake install command with custom implementation using symlinks instead of copying resources
-- Found rclcpp: 28.1.5 (/opt/ros/jazzy/share/rclcpp/cmake)
-- Found rosidl_generator_c: 4.6.4 (/opt/ros/jazzy/share/rosidl_generator_c/cmake)
-- Found rosidl_generator_cpp: 4.6.4 (/opt/ros/jazzy/share/rosidl_generator_cpp/cmake)
-- Using all available rosidl_typesupport_c: rosidl_typesupport_fastrtps_c;rosidl_typesupport_introspection_c
-- Using all available rosidl_typesupport_cpp: rosidl_typesupport_fastrtps_cpp;rosidl_typesupport_introspection_cpp
-- Found rmw_implementation_cmake: 7.3.1 (/opt/ros/jazzy/share/rmw_implementation_cmake/cmake)
-- Found rmw_fastrtps_cpp: 8.4.1 (/opt/ros/jazzy/share/rmw_fastrtps_cpp/cmake)
-- Found OpenSSL: /usr/lib/aarch64-linux-gnu/libcrypto.so (found version "3.0.13")  
-- Found FastRTPS: /opt/ros/jazzy/include (Required is at least version "2.13") 
-- Using RMW implementation 'rmw_fastrtps_cpp' as default
-- Found ament_lint_auto: 0.17.1 (/opt/ros/jazzy/share/ament_lint_auto/cmake)
-- Added test 'cppcheck' to perform static code analysis on C / C++ code
-- Configured cppcheck include dirs: /home/MKGL/quadro_ws/src/serial/include
-- Configured cppcheck exclude dirs and/or files: 
-- Added test 'lint_cmake' to check CMake code style
-- Added test 'uncrustify' to check C / C++ code style
-- Configured uncrustify additional arguments: 
-- Added test 'xmllint' to check XML markup files
-- Configuring done (8.4s)
-- Generating done (0.0s)
-- Build files have been written to: /home/MKGL/quadro_ws/build/serial
[ 25%] [32mBuilding CXX object CMakeFiles/serial_lib.dir/src/serial.cpp.o[0m
[ 50%] [32m[1mLinking CXX shared library libserial_lib.so[0m
[ 50%] Built target serial_lib
[ 75%] [32mBuilding CXX object CMakeFiles/testlib_node.dir/src/testlib_node.cpp.o[0m
[100%] [32m[1mLinking CXX executable testlib_node[0m
[100%] Built target testlib_node
-- Install configuration: ""
-- Execute custom install script
-- Symlinking: /home/MKGL/quadro_ws/install/serial/share/serial/environment/library_path.sh
-- Symlinking: /home/MKGL/quadro_ws/install/serial/share/serial/environment/library_path.dsv
-- Symlinking: /home/MKGL/quadro_ws/install/serial/include/serial/serial.hpp
-- Symlinking: /home/MKGL/quadro_ws/install/serial/lib/serial/testlib_node
-- Symlinking: /home/MKGL/quadro_ws/install/serial/share/ament_index/resource_index/package_run_dependencies/serial
-- Symlinking: /home/MKGL/quadro_ws/install/serial/share/ament_index/resource_index/parent_prefix_path/serial
-- Symlinking: /home/MKGL/quadro_ws/install/serial/share/serial/environment/ament_prefix_path.sh
-- Symlinking: /home/MKGL/quadro_ws/install/serial/share/serial/environment/ament_prefix_path.dsv
-- Symlinking: /home/MKGL/quadro_ws/install/serial/share/serial/environment/path.sh
-- Symlinking: /home/MKGL/quadro_ws/install/serial/share/serial/environment/path.dsv
-- Symlinking: /home/MKGL/quadro_ws/install/serial/share/serial/local_setup.bash
-- Symlinking: /home/MKGL/quadro_ws/install/serial/share/serial/local_setup.sh
-- Symlinking: /home/MKGL/quadro_ws/install/serial/share/serial/local_setup.zsh
-- Symlinking: /home/MKGL/quadro_ws/install/serial/share/serial/local_setup.dsv
-- Symlinking: /home/MKGL/quadro_ws/install/serial/share/serial/package.dsv
-- Symlinking: /home/MKGL/quadro_ws/install/serial/share/ament_index/resource_index/packages/serial
-- Symlinking: /home/MKGL/quadro_ws/install/serial/share/serial/cmake/ament_cmake_export_targets-extras.cmake
-- Symlinking: /home/MKGL/quadro_ws/install/serial/share/serial/cmake/serialConfig.cmake
-- Symlinking: /home/MKGL/quadro_ws/install/serial/share/serial/cmake/serialConfig-version.cmake
-- Symlinking: /home/MKGL/quadro_ws/install/serial/share/serial/package.xml
-- Installing: /home/MKGL/quadro_ws/install/serial/lib/libserial_lib.so
-- Installing: /home/MKGL/quadro_ws/install/serial/share/serial/cmake/serial_libExport.cmake
-- Installing: /home/MKGL/quadro_ws/install/serial/share/serial/cmake/serial_libExport-noconfig.cmake
