[0.084s] Invoking command in '/home/MKGL/quadro_ws/build/serial': CMAKE_PREFIX_PATH=/opt/ros/jazzy /usr/bin/cmake /home/MKGL/quadro_ws/src/serial -DAMENT_CMAKE_SYMLINK_INSTALL=1 -DCMAKE_INSTALL_PREFIX=/home/MKGL/quadro_ws/install/serial
[0.555s] -- The C compiler identification is GNU 13.2.0
[1.030s] -- The CXX compiler identification is GNU 13.2.0
[1.131s] -- Detecting C compiler ABI info
[1.898s] -- Detecting C compiler ABI info - done
[1.960s] -- Check for working C compiler: /usr/bin/cc - skipped
[1.962s] -- Detecting C compile features
[1.966s] -- Detecting C compile features - done
[2.035s] -- Detecting CXX compiler ABI info
[2.911s] -- Detecting CXX compiler ABI info - done
[2.977s] -- Check for working CXX compiler: /usr/bin/c++ - skipped
[2.981s] -- Detecting CXX compile features
[2.985s] -- Detecting CXX compile features - done
[3.013s] -- Found ament_cmake: 2.5.2 (/opt/ros/jazzy/share/ament_cmake/cmake)
[4.224s] -- Found Python3: /usr/bin/python3 (found version "3.12.3") found components: Interpreter 
[4.746s] -- Override CMake install command with custom implementation using symlinks instead of copying resources
[4.997s] -- Found rclcpp: 28.1.5 (/opt/ros/jazzy/share/rclcpp/cmake)
[5.365s] -- Found rosidl_generator_c: 4.6.4 (/opt/ros/jazzy/share/rosidl_generator_c/cmake)
[5.463s] -- Found rosidl_generator_cpp: 4.6.4 (/opt/ros/jazzy/share/rosidl_generator_cpp/cmake)
[5.626s] -- Using all available rosidl_typesupport_c: rosidl_typesupport_fastrtps_c;rosidl_typesupport_introspection_c
[5.781s] -- Using all available rosidl_typesupport_cpp: rosidl_typesupport_fastrtps_cpp;rosidl_typesupport_introspection_cpp
[6.473s] -- Found rmw_implementation_cmake: 7.3.1 (/opt/ros/jazzy/share/rmw_implementation_cmake/cmake)
[6.497s] -- Found rmw_fastrtps_cpp: 8.4.1 (/opt/ros/jazzy/share/rmw_fastrtps_cpp/cmake)
[7.057s] -- Found OpenSSL: /usr/lib/aarch64-linux-gnu/libcrypto.so (found version "3.0.13")  
[7.179s] -- Found FastRTPS: /opt/ros/jazzy/include (Required is at least version "2.13") 
[7.314s] -- Using RMW implementation 'rmw_fastrtps_cpp' as default
[7.828s] -- Found ament_lint_auto: 0.17.1 (/opt/ros/jazzy/share/ament_lint_auto/cmake)
[8.539s] -- Added test 'cppcheck' to perform static code analysis on C / C++ code
[8.544s] -- Configured cppcheck include dirs: /home/MKGL/quadro_ws/src/serial/include
[8.545s] -- Configured cppcheck exclude dirs and/or files: 
[8.550s] -- Added test 'lint_cmake' to check CMake code style
[8.558s] -- Added test 'uncrustify' to check C / C++ code style
[8.559s] -- Configured uncrustify additional arguments: 
[8.562s] -- Added test 'xmllint' to check XML markup files
[8.576s] -- Configuring done (8.4s)
[8.656s] -- Generating done (0.0s)
[8.675s] -- Build files have been written to: /home/MKGL/quadro_ws/build/serial
[8.729s] Invoked command in '/home/MKGL/quadro_ws/build/serial' returned '0': CMAKE_PREFIX_PATH=/opt/ros/jazzy /usr/bin/cmake /home/MKGL/quadro_ws/src/serial -DAMENT_CMAKE_SYMLINK_INSTALL=1 -DCMAKE_INSTALL_PREFIX=/home/MKGL/quadro_ws/install/serial
[8.730s] Invoking command in '/home/MKGL/quadro_ws/build/serial': CMAKE_PREFIX_PATH=/opt/ros/jazzy /usr/bin/cmake --build /home/MKGL/quadro_ws/build/serial -- -j4 -l4
[9.232s] [ 25%] [32mBuilding CXX object CMakeFiles/serial_lib.dir/src/serial.cpp.o[0m
[11.826s] [ 50%] [32m[1mLinking CXX shared library libserial_lib.so[0m
[12.248s] [ 50%] Built target serial_lib
[12.375s] [ 75%] [32mBuilding CXX object CMakeFiles/testlib_node.dir/src/testlib_node.cpp.o[0m
[41.257s] [100%] [32m[1mLinking CXX executable testlib_node[0m
[43.567s] [100%] Built target testlib_node
[43.633s] Invoked command in '/home/MKGL/quadro_ws/build/serial' returned '0': CMAKE_PREFIX_PATH=/opt/ros/jazzy /usr/bin/cmake --build /home/MKGL/quadro_ws/build/serial -- -j4 -l4
[43.852s] Invoking command in '/home/MKGL/quadro_ws/build/serial': CMAKE_PREFIX_PATH=/opt/ros/jazzy /usr/bin/cmake --install /home/MKGL/quadro_ws/build/serial
[43.903s] -- Install configuration: ""
[43.911s] -- Execute custom install script
[43.914s] -- Symlinking: /home/MKGL/quadro_ws/install/serial/share/serial/environment/library_path.sh
[43.963s] -- Symlinking: /home/MKGL/quadro_ws/install/serial/share/serial/environment/library_path.dsv
[44.018s] -- Symlinking: /home/MKGL/quadro_ws/install/serial/include/serial/serial.hpp
[44.067s] -- Symlinking: /home/MKGL/quadro_ws/install/serial/lib/serial/testlib_node
[44.117s] -- Symlinking: /home/MKGL/quadro_ws/install/serial/share/ament_index/resource_index/package_run_dependencies/serial
[44.171s] -- Symlinking: /home/MKGL/quadro_ws/install/serial/share/ament_index/resource_index/parent_prefix_path/serial
[44.231s] -- Symlinking: /home/MKGL/quadro_ws/install/serial/share/serial/environment/ament_prefix_path.sh
[44.299s] -- Symlinking: /home/MKGL/quadro_ws/install/serial/share/serial/environment/ament_prefix_path.dsv
[44.351s] -- Symlinking: /home/MKGL/quadro_ws/install/serial/share/serial/environment/path.sh
[44.415s] -- Symlinking: /home/MKGL/quadro_ws/install/serial/share/serial/environment/path.dsv
[44.473s] -- Symlinking: /home/MKGL/quadro_ws/install/serial/share/serial/local_setup.bash
[44.537s] -- Symlinking: /home/MKGL/quadro_ws/install/serial/share/serial/local_setup.sh
[44.591s] -- Symlinking: /home/MKGL/quadro_ws/install/serial/share/serial/local_setup.zsh
[44.651s] -- Symlinking: /home/MKGL/quadro_ws/install/serial/share/serial/local_setup.dsv
[44.705s] -- Symlinking: /home/MKGL/quadro_ws/install/serial/share/serial/package.dsv
[44.763s] -- Symlinking: /home/MKGL/quadro_ws/install/serial/share/ament_index/resource_index/packages/serial
[44.814s] -- Symlinking: /home/MKGL/quadro_ws/install/serial/share/serial/cmake/ament_cmake_export_targets-extras.cmake
[44.863s] -- Symlinking: /home/MKGL/quadro_ws/install/serial/share/serial/cmake/serialConfig.cmake
[44.914s] -- Symlinking: /home/MKGL/quadro_ws/install/serial/share/serial/cmake/serialConfig-version.cmake
[44.960s] -- Symlinking: /home/MKGL/quadro_ws/install/serial/share/serial/package.xml
[45.007s] -- Installing: /home/MKGL/quadro_ws/install/serial/lib/libserial_lib.so
[45.016s] -- Installing: /home/MKGL/quadro_ws/install/serial/share/serial/cmake/serial_libExport.cmake
[45.017s] -- Installing: /home/MKGL/quadro_ws/install/serial/share/serial/cmake/serial_libExport-noconfig.cmake
[45.024s] Invoked command in '/home/MKGL/quadro_ws/build/serial' returned '0': CMAKE_PREFIX_PATH=/opt/ros/jazzy /usr/bin/cmake --install /home/MKGL/quadro_ws/build/serial
