[0.048s] Invoking command in '/home/ubuntu/quadro_ws/build/quadro_move_ctrl': CMAKE_PREFIX_PATH=${CMAKE_PREFIX_PATH}:/opt/ros/jazzy /usr/bin/cmake --build /home/ubuntu/quadro_ws/build/quadro_move_ctrl -- -j16 -l16
[0.138s] [100%] Built target quadro_move_ctrl_node
[0.162s] Invoked command in '/home/ubuntu/quadro_ws/build/quadro_move_ctrl' returned '0': CMAKE_PREFIX_PATH=${CMAKE_PREFIX_PATH}:/opt/ros/jazzy /usr/bin/cmake --build /home/ubuntu/quadro_ws/build/quadro_move_ctrl -- -j16 -l16
[0.265s] Invoking command in '/home/ubuntu/quadro_ws/build/quadro_move_ctrl': CMAKE_PREFIX_PATH=${CMAKE_PREFIX_PATH}:/opt/ros/jazzy /usr/bin/cmake --install /home/ubuntu/quadro_ws/build/quadro_move_ctrl
[0.268s] -- Install configuration: ""
[0.269s] -- Execute custom install script
[0.270s] -- Up-to-date symlink: /home/ubuntu/quadro_ws/install/quadro_move_ctrl/lib/quadro_move_ctrl/quadro_move_ctrl_node
[0.270s] -- Up-to-date symlink: /home/ubuntu/quadro_ws/install/quadro_move_ctrl/share/ament_index/resource_index/package_run_dependencies/quadro_move_ctrl
[0.271s] -- Up-to-date symlink: /home/ubuntu/quadro_ws/install/quadro_move_ctrl/share/ament_index/resource_index/parent_prefix_path/quadro_move_ctrl
[0.271s] -- Up-to-date symlink: /home/ubuntu/quadro_ws/install/quadro_move_ctrl/share/quadro_move_ctrl/environment/ament_prefix_path.sh
[0.275s] -- Up-to-date symlink: /home/ubuntu/quadro_ws/install/quadro_move_ctrl/share/quadro_move_ctrl/environment/ament_prefix_path.dsv
[0.275s] -- Up-to-date symlink: /home/ubuntu/quadro_ws/install/quadro_move_ctrl/share/quadro_move_ctrl/environment/path.sh
[0.275s] -- Up-to-date symlink: /home/ubuntu/quadro_ws/install/quadro_move_ctrl/share/quadro_move_ctrl/environment/path.dsv
[0.275s] -- Up-to-date symlink: /home/ubuntu/quadro_ws/install/quadro_move_ctrl/share/quadro_move_ctrl/local_setup.bash
[0.277s] -- Up-to-date symlink: /home/ubuntu/quadro_ws/install/quadro_move_ctrl/share/quadro_move_ctrl/local_setup.sh
[0.277s] -- Up-to-date symlink: /home/ubuntu/quadro_ws/install/quadro_move_ctrl/share/quadro_move_ctrl/local_setup.zsh
[0.277s] -- Up-to-date symlink: /home/ubuntu/quadro_ws/install/quadro_move_ctrl/share/quadro_move_ctrl/local_setup.dsv
[0.278s] -- Symlinking: /home/ubuntu/quadro_ws/install/quadro_move_ctrl/share/quadro_move_ctrl/package.dsv
[0.278s] -- Up-to-date symlink: /home/ubuntu/quadro_ws/install/quadro_move_ctrl/share/ament_index/resource_index/packages/quadro_move_ctrl
[0.279s] -- Up-to-date symlink: /home/ubuntu/quadro_ws/install/quadro_move_ctrl/share/quadro_move_ctrl/cmake/quadro_move_ctrlConfig.cmake
[0.279s] -- Up-to-date symlink: /home/ubuntu/quadro_ws/install/quadro_move_ctrl/share/quadro_move_ctrl/cmake/quadro_move_ctrlConfig-version.cmake
[0.279s] -- Up-to-date symlink: /home/ubuntu/quadro_ws/install/quadro_move_ctrl/share/quadro_move_ctrl/package.xml
[0.297s] Invoked command in '/home/ubuntu/quadro_ws/build/quadro_move_ctrl' returned '0': CMAKE_PREFIX_PATH=${CMAKE_PREFIX_PATH}:/opt/ros/jazzy /usr/bin/cmake --install /home/ubuntu/quadro_ws/build/quadro_move_ctrl
