[0.050s] Invoking command in '/home/ubuntu/quadro_ws/build/cerbere': CMAKE_PREFIX_PATH=${CMAKE_PREFIX_PATH}:/opt/ros/jazzy /usr/bin/cmake --build /home/ubuntu/quadro_ws/build/cerbere -- -j16 -l16
[0.153s] [ 50%] Built target autorun_node
[0.166s] [ 75%] [32mBuilding CXX object CMakeFiles/imu_test_node.dir/src/imu_test_node.cpp.o[0m
[15.143s] [100%] [32m[1mLinking CXX executable imu_test_node[0m
[15.816s] [100%] Built target imu_test_node
[15.831s] Invoked command in '/home/ubuntu/quadro_ws/build/cerbere' returned '0': CMAKE_PREFIX_PATH=${CMAKE_PREFIX_PATH}:/opt/ros/jazzy /usr/bin/cmake --build /home/ubuntu/quadro_ws/build/cerbere -- -j16 -l16
[15.868s] Invoking command in '/home/ubuntu/quadro_ws/build/cerbere': CMAKE_PREFIX_PATH=${CMAKE_PREFIX_PATH}:/opt/ros/jazzy /usr/bin/cmake --install /home/ubuntu/quadro_ws/build/cerbere
[15.876s] -- Install configuration: ""
[15.877s] -- Execute custom install script
[15.877s] -- Up-to-date symlink: /home/ubuntu/quadro_ws/install/cerbere/share/cerbere//config/config.yaml
[15.878s] -- Up-to-date symlink: /home/ubuntu/quadro_ws/install/cerbere/share/cerbere//config/joint_names_cerbere.yaml
[15.878s] -- Up-to-date symlink: /home/ubuntu/quadro_ws/install/cerbere/share/cerbere//config/ros2_control.yaml
[15.878s] -- Up-to-date symlink: /home/ubuntu/quadro_ws/install/cerbere/share/cerbere//config/ros_gz_bridge.yaml
[15.878s] -- Up-to-date symlink: /home/ubuntu/quadro_ws/install/cerbere/share/cerbere//config/rviz.yaml
[15.879s] -- Up-to-date symlink: /home/ubuntu/quadro_ws/install/cerbere/share/cerbere//launch/cerbere.launch.py
[15.879s] -- Up-to-date symlink: /home/ubuntu/quadro_ws/install/cerbere/share/cerbere//meshes/LinkCARD.STL
[15.879s] -- Up-to-date symlink: /home/ubuntu/quadro_ws/install/cerbere/share/cerbere//meshes/LinkCARG.STL
[15.880s] -- Up-to-date symlink: /home/ubuntu/quadro_ws/install/cerbere/share/cerbere//meshes/LinkCAVD.STL
[15.880s] -- Up-to-date symlink: /home/ubuntu/quadro_ws/install/cerbere/share/cerbere//meshes/LinkCAVG.STL
[15.880s] -- Up-to-date symlink: /home/ubuntu/quadro_ws/install/cerbere/share/cerbere//meshes/LinkHARD.STL
[15.881s] -- Up-to-date symlink: /home/ubuntu/quadro_ws/install/cerbere/share/cerbere//meshes/LinkHARG.STL
[15.881s] -- Up-to-date symlink: /home/ubuntu/quadro_ws/install/cerbere/share/cerbere//meshes/LinkHAVD.STL
[15.881s] -- Up-to-date symlink: /home/ubuntu/quadro_ws/install/cerbere/share/cerbere//meshes/LinkHAVG.STL
[15.882s] -- Up-to-date symlink: /home/ubuntu/quadro_ws/install/cerbere/share/cerbere//meshes/LinkMARD.STL
[15.882s] -- Up-to-date symlink: /home/ubuntu/quadro_ws/install/cerbere/share/cerbere//meshes/LinkMARG.STL
[15.882s] -- Up-to-date symlink: /home/ubuntu/quadro_ws/install/cerbere/share/cerbere//meshes/LinkMAVD.STL
[15.883s] -- Up-to-date symlink: /home/ubuntu/quadro_ws/install/cerbere/share/cerbere//meshes/LinkMAVG.STL
[15.883s] -- Up-to-date symlink: /home/ubuntu/quadro_ws/install/cerbere/share/cerbere//meshes/base_link.STL
[15.883s] -- Up-to-date symlink: /home/ubuntu/quadro_ws/install/cerbere/share/cerbere//models/worlds/empty.world.sdf
[15.884s] -- Up-to-date symlink: /home/ubuntu/quadro_ws/install/cerbere/share/cerbere//urdf/cerbere.csv
[15.884s] -- Up-to-date symlink: /home/ubuntu/quadro_ws/install/cerbere/share/cerbere//urdf/cerbere.ros2_control.xacro
[15.884s] -- Up-to-date symlink: /home/ubuntu/quadro_ws/install/cerbere/share/cerbere//urdf/cerbere.urdf.xacro
[15.884s] -- Up-to-date symlink: /home/ubuntu/quadro_ws/install/cerbere/share/cerbere//urdf/cerbere.xacro
[15.885s] -- Up-to-date symlink: /home/ubuntu/quadro_ws/install/cerbere/lib/cerbere/autorun_node
[15.885s] -- Up-to-date symlink: /home/ubuntu/quadro_ws/install/cerbere/lib/cerbere/imu_test_node
[15.885s] -- Up-to-date symlink: /home/ubuntu/quadro_ws/install/cerbere/share/ament_index/resource_index/package_run_dependencies/cerbere
[15.885s] -- Up-to-date symlink: /home/ubuntu/quadro_ws/install/cerbere/share/ament_index/resource_index/parent_prefix_path/cerbere
[15.886s] -- Up-to-date symlink: /home/ubuntu/quadro_ws/install/cerbere/share/cerbere/environment/ament_prefix_path.sh
[15.886s] -- Up-to-date symlink: /home/ubuntu/quadro_ws/install/cerbere/share/cerbere/environment/ament_prefix_path.dsv
[15.886s] -- Up-to-date symlink: /home/ubuntu/quadro_ws/install/cerbere/share/cerbere/environment/path.sh
[15.886s] -- Up-to-date symlink: /home/ubuntu/quadro_ws/install/cerbere/share/cerbere/environment/path.dsv
[15.887s] -- Up-to-date symlink: /home/ubuntu/quadro_ws/install/cerbere/share/cerbere/local_setup.bash
[15.887s] -- Up-to-date symlink: /home/ubuntu/quadro_ws/install/cerbere/share/cerbere/local_setup.sh
[15.887s] -- Up-to-date symlink: /home/ubuntu/quadro_ws/install/cerbere/share/cerbere/local_setup.zsh
[15.887s] -- Up-to-date symlink: /home/ubuntu/quadro_ws/install/cerbere/share/cerbere/local_setup.dsv
[15.887s] -- Symlinking: /home/ubuntu/quadro_ws/install/cerbere/share/cerbere/package.dsv
[15.897s] -- Up-to-date symlink: /home/ubuntu/quadro_ws/install/cerbere/share/ament_index/resource_index/packages/cerbere
[15.898s] -- Up-to-date symlink: /home/ubuntu/quadro_ws/install/cerbere/share/cerbere/cmake/cerbereConfig.cmake
[15.898s] -- Up-to-date symlink: /home/ubuntu/quadro_ws/install/cerbere/share/cerbere/cmake/cerbereConfig-version.cmake
[15.898s] -- Up-to-date symlink: /home/ubuntu/quadro_ws/install/cerbere/share/cerbere/package.xml
[15.900s] Invoked command in '/home/ubuntu/quadro_ws/build/cerbere' returned '0': CMAKE_PREFIX_PATH=${CMAKE_PREFIX_PATH}:/opt/ros/jazzy /usr/bin/cmake --install /home/ubuntu/quadro_ws/build/cerbere
