[0.115s] Invoking command in '/home/ubuntu/dev_ws/build/frame_broadcaster': AMENT_PREFIX_PATH=/home/ubuntu/dev_ws/install/space_interfaces:${AMENT_PREFIX_PATH} CMAKE_PREFIX_PATH=/home/ubuntu/dev_ws/install/space_interfaces:/opt/ros/jazzy/opt/gz_math_vendor:/opt/ros/jazzy/opt/gz_utils_vendor:/opt/ros/jazzy/opt/gz_cmake_vendor:/opt/ros/jazzy LD_LIBRARY_PATH=/home/ubuntu/dev_ws/install/space_interfaces/lib:${LD_LIBRARY_PATH} PYTHONPATH=/home/ubuntu/dev_ws/install/space_interfaces/lib/python3.12/site-packages:${PYTHONPATH} /usr/bin/cmake /home/ubuntu/dev_ws/src/frame_broadcaster -DAMENT_CMAKE_SYMLINK_INSTALL=1 -DCMAKE_INSTALL_PREFIX=/home/ubuntu/dev_ws/install/frame_broadcaster
[0.221s] -- The C compiler identification is GNU 13.2.0
[0.896s] -- The CXX compiler identification is GNU 13.2.0
[1.491s] -- Detecting C compiler ABI info
[1.751s] -- Detecting C compiler ABI info - done
[1.760s] -- Check for working C compiler: /usr/bin/cc - skipped
[1.760s] -- Detecting C compile features
[1.760s] -- Detecting C compile features - done
[1.871s] -- Detecting CXX compiler ABI info
[2.075s] -- Detecting CXX compiler ABI info - done
[2.084s] -- Check for working CXX compiler: /usr/bin/c++ - skipped
[2.085s] -- Detecting CXX compile features
[2.085s] -- Detecting CXX compile features - done
[2.087s] -- Found ament_cmake: 2.5.2 (/opt/ros/jazzy/share/ament_cmake/cmake)
[2.217s] -- Found Python3: /usr/bin/python3 (found version "3.12.3") found components: Interpreter 
[2.281s] -- Override CMake install command with custom implementation using symlinks instead of copying resources
[2.304s] -- Found rclcpp: 28.1.5 (/opt/ros/jazzy/share/rclcpp/cmake)
[2.443s] -- Found rosidl_generator_c: 4.6.4 (/opt/ros/jazzy/share/rosidl_generator_c/cmake)
[2.455s] -- Found rosidl_generator_cpp: 4.6.4 (/opt/ros/jazzy/share/rosidl_generator_cpp/cmake)
[2.468s] -- Using all available rosidl_typesupport_c: rosidl_typesupport_fastrtps_c;rosidl_typesupport_introspection_c
[2.485s] -- Using all available rosidl_typesupport_cpp: rosidl_typesupport_fastrtps_cpp;rosidl_typesupport_introspection_cpp
[2.602s] -- Found rmw_implementation_cmake: 7.3.1 (/opt/ros/jazzy/share/rmw_implementation_cmake/cmake)
[2.608s] -- Found rmw_fastrtps_cpp: 8.4.1 (/opt/ros/jazzy/share/rmw_fastrtps_cpp/cmake)
[2.703s] -- Found OpenSSL: /usr/lib/x86_64-linux-gnu/libcrypto.so (found version "3.0.13")  
[2.854s] -- Found FastRTPS: /opt/ros/jazzy/include (Required is at least version "2.13") 
[2.939s] -- Using RMW implementation 'rmw_fastrtps_cpp' as default
[3.151s] -- Found geometry_msgs: 5.3.5 (/opt/ros/jazzy/share/geometry_msgs/cmake)
[3.209s] -- Found tf2: 0.36.4 (/opt/ros/jazzy/share/tf2/cmake)
[3.217s] -- Found tf2_ros: 0.36.4 (/opt/ros/jazzy/share/tf2_ros/cmake)
[3.413s] -- Found space_interfaces: 0.0.0 (/home/ubuntu/dev_ws/install/space_interfaces/share/space_interfaces/cmake)
[3.425s] -- Found ament_lint_auto: 0.17.1 (/opt/ros/jazzy/share/ament_lint_auto/cmake)
[3.516s] -- Added test 'cppcheck' to perform static code analysis on C / C++ code
[3.516s] -- Configured cppcheck include dirs: 
[3.516s] -- Configured cppcheck exclude dirs and/or files: 
[3.517s] -- Added test 'lint_cmake' to check CMake code style
[3.518s] -- Added test 'uncrustify' to check C / C++ code style
[3.518s] -- Configured uncrustify additional arguments: 
[3.519s] -- Added test 'xmllint' to check XML markup files
[3.520s] -- Configuring done (3.4s)
[3.531s] -- Generating done (0.0s)
[3.532s] -- Build files have been written to: /home/ubuntu/dev_ws/build/frame_broadcaster
[3.541s] Invoked command in '/home/ubuntu/dev_ws/build/frame_broadcaster' returned '0': AMENT_PREFIX_PATH=/home/ubuntu/dev_ws/install/space_interfaces:${AMENT_PREFIX_PATH} CMAKE_PREFIX_PATH=/home/ubuntu/dev_ws/install/space_interfaces:/opt/ros/jazzy/opt/gz_math_vendor:/opt/ros/jazzy/opt/gz_utils_vendor:/opt/ros/jazzy/opt/gz_cmake_vendor:/opt/ros/jazzy LD_LIBRARY_PATH=/home/ubuntu/dev_ws/install/space_interfaces/lib:${LD_LIBRARY_PATH} PYTHONPATH=/home/ubuntu/dev_ws/install/space_interfaces/lib/python3.12/site-packages:${PYTHONPATH} /usr/bin/cmake /home/ubuntu/dev_ws/src/frame_broadcaster -DAMENT_CMAKE_SYMLINK_INSTALL=1 -DCMAKE_INSTALL_PREFIX=/home/ubuntu/dev_ws/install/frame_broadcaster
[3.542s] Invoking command in '/home/ubuntu/dev_ws/build/frame_broadcaster': AMENT_PREFIX_PATH=/home/ubuntu/dev_ws/install/space_interfaces:${AMENT_PREFIX_PATH} CMAKE_PREFIX_PATH=/home/ubuntu/dev_ws/install/space_interfaces:/opt/ros/jazzy/opt/gz_math_vendor:/opt/ros/jazzy/opt/gz_utils_vendor:/opt/ros/jazzy/opt/gz_cmake_vendor:/opt/ros/jazzy LD_LIBRARY_PATH=/home/ubuntu/dev_ws/install/space_interfaces/lib:${LD_LIBRARY_PATH} PYTHONPATH=/home/ubuntu/dev_ws/install/space_interfaces/lib/python3.12/site-packages:${PYTHONPATH} /usr/bin/cmake --build /home/ubuntu/dev_ws/build/frame_broadcaster -- -j16 -l16
[3.576s] [ 50%] [32mBuilding CXX object CMakeFiles/broadcaster_transform.dir/src/broadcaster_transform.cpp.o[0m
[11.936s] [100%] [32m[1mLinking CXX executable broadcaster_transform[0m
[12.442s] [100%] Built target broadcaster_transform
[12.450s] Invoked command in '/home/ubuntu/dev_ws/build/frame_broadcaster' returned '0': AMENT_PREFIX_PATH=/home/ubuntu/dev_ws/install/space_interfaces:${AMENT_PREFIX_PATH} CMAKE_PREFIX_PATH=/home/ubuntu/dev_ws/install/space_interfaces:/opt/ros/jazzy/opt/gz_math_vendor:/opt/ros/jazzy/opt/gz_utils_vendor:/opt/ros/jazzy/opt/gz_cmake_vendor:/opt/ros/jazzy LD_LIBRARY_PATH=/home/ubuntu/dev_ws/install/space_interfaces/lib:${LD_LIBRARY_PATH} PYTHONPATH=/home/ubuntu/dev_ws/install/space_interfaces/lib/python3.12/site-packages:${PYTHONPATH} /usr/bin/cmake --build /home/ubuntu/dev_ws/build/frame_broadcaster -- -j16 -l16
[12.468s] Invoking command in '/home/ubuntu/dev_ws/build/frame_broadcaster': AMENT_PREFIX_PATH=/home/ubuntu/dev_ws/install/space_interfaces:${AMENT_PREFIX_PATH} CMAKE_PREFIX_PATH=/home/ubuntu/dev_ws/install/space_interfaces:/opt/ros/jazzy/opt/gz_math_vendor:/opt/ros/jazzy/opt/gz_utils_vendor:/opt/ros/jazzy/opt/gz_cmake_vendor:/opt/ros/jazzy LD_LIBRARY_PATH=/home/ubuntu/dev_ws/install/space_interfaces/lib:${LD_LIBRARY_PATH} PYTHONPATH=/home/ubuntu/dev_ws/install/space_interfaces/lib/python3.12/site-packages:${PYTHONPATH} /usr/bin/cmake --install /home/ubuntu/dev_ws/build/frame_broadcaster
[12.473s] -- Install configuration: ""
[12.473s] -- Execute custom install script
[12.474s] -- Symlinking: /home/ubuntu/dev_ws/install/frame_broadcaster/lib/frame_broadcaster/broadcaster_transform
[12.482s] -- Symlinking: /home/ubuntu/dev_ws/install/frame_broadcaster/share/ament_index/resource_index/package_run_dependencies/frame_broadcaster
[12.489s] -- Symlinking: /home/ubuntu/dev_ws/install/frame_broadcaster/share/ament_index/resource_index/parent_prefix_path/frame_broadcaster
[12.496s] -- Symlinking: /home/ubuntu/dev_ws/install/frame_broadcaster/share/frame_broadcaster/environment/ament_prefix_path.sh
[12.504s] -- Symlinking: /home/ubuntu/dev_ws/install/frame_broadcaster/share/frame_broadcaster/environment/ament_prefix_path.dsv
[12.511s] -- Symlinking: /home/ubuntu/dev_ws/install/frame_broadcaster/share/frame_broadcaster/environment/path.sh
[12.519s] -- Symlinking: /home/ubuntu/dev_ws/install/frame_broadcaster/share/frame_broadcaster/environment/path.dsv
[12.526s] -- Symlinking: /home/ubuntu/dev_ws/install/frame_broadcaster/share/frame_broadcaster/local_setup.bash
[12.533s] -- Symlinking: /home/ubuntu/dev_ws/install/frame_broadcaster/share/frame_broadcaster/local_setup.sh
[12.541s] -- Symlinking: /home/ubuntu/dev_ws/install/frame_broadcaster/share/frame_broadcaster/local_setup.zsh
[12.548s] -- Symlinking: /home/ubuntu/dev_ws/install/frame_broadcaster/share/frame_broadcaster/local_setup.dsv
[12.554s] -- Symlinking: /home/ubuntu/dev_ws/install/frame_broadcaster/share/frame_broadcaster/package.dsv
[12.560s] -- Symlinking: /home/ubuntu/dev_ws/install/frame_broadcaster/share/ament_index/resource_index/packages/frame_broadcaster
[12.566s] -- Symlinking: /home/ubuntu/dev_ws/install/frame_broadcaster/share/frame_broadcaster/cmake/frame_broadcasterConfig.cmake
[12.572s] -- Symlinking: /home/ubuntu/dev_ws/install/frame_broadcaster/share/frame_broadcaster/cmake/frame_broadcasterConfig-version.cmake
[12.577s] -- Symlinking: /home/ubuntu/dev_ws/install/frame_broadcaster/share/frame_broadcaster/package.xml
[12.584s] Invoked command in '/home/ubuntu/dev_ws/build/frame_broadcaster' returned '0': AMENT_PREFIX_PATH=/home/ubuntu/dev_ws/install/space_interfaces:${AMENT_PREFIX_PATH} CMAKE_PREFIX_PATH=/home/ubuntu/dev_ws/install/space_interfaces:/opt/ros/jazzy/opt/gz_math_vendor:/opt/ros/jazzy/opt/gz_utils_vendor:/opt/ros/jazzy/opt/gz_cmake_vendor:/opt/ros/jazzy LD_LIBRARY_PATH=/home/ubuntu/dev_ws/install/space_interfaces/lib:${LD_LIBRARY_PATH} PYTHONPATH=/home/ubuntu/dev_ws/install/space_interfaces/lib/python3.12/site-packages:${PYTHONPATH} /usr/bin/cmake --install /home/ubuntu/dev_ws/build/frame_broadcaster
