[0.017s] Invoking command in '/home/ubuntu/quadro_ws/build/quadrobot_viewer': CMAKE_PREFIX_PATH=${CMAKE_PREFIX_PATH}:/opt/ros/jazzy /usr/bin/cmake /home/ubuntu/quadro_ws/src/quadrobot_viewer -DAMENT_CMAKE_SYMLINK_INSTALL=1 -DCMAKE_INSTALL_PREFIX=/home/ubuntu/quadro_ws/install/quadrobot_viewer
[0.253s] -- The C compiler identification is GNU 13.2.0
[1.493s] -- The CXX compiler identification is GNU 13.2.0
[2.741s] -- Detecting C compiler ABI info
[3.215s] -- Detecting C compiler ABI info - done
[3.229s] -- Check for working C compiler: /usr/bin/cc - skipped
[3.229s] -- Detecting C compile features
[3.229s] -- Detecting C compile features - done
[3.390s] -- Detecting CXX compiler ABI info
[3.926s] -- Detecting CXX compiler ABI info - done
[3.938s] -- Check for working CXX compiler: /usr/bin/c++ - skipped
[3.938s] -- Detecting CXX compile features
[3.939s] -- Detecting CXX compile features - done
[3.944s] -- Found ament_cmake: 2.5.2 (/opt/ros/jazzy/share/ament_cmake/cmake)
[4.212s] -- Found Python3: /usr/bin/python3 (found version "3.12.3") found components: Interpreter 
[4.333s] -- Override CMake install command with custom implementation using symlinks instead of copying resources
[4.387s] -- Found ament_lint_auto: 0.17.1 (/opt/ros/jazzy/share/ament_lint_auto/cmake)
[4.548s] -- Added test 'flake8' to check Python code syntax and style conventions
[4.548s] -- Configured 'flake8' exclude dirs and/or files: 
[4.549s] -- Added test 'lint_cmake' to check CMake code style
[4.551s] -- Added test 'pep257' to check Python code against some of the docstring style conventions in PEP 257
[4.554s] -- Added test 'xmllint' to check XML markup files
[4.557s] -- Configuring done (4.5s)
[4.562s] -- Generating done (0.0s)
[4.564s] -- Build files have been written to: /home/ubuntu/quadro_ws/build/quadrobot_viewer
[4.572s] Invoked command in '/home/ubuntu/quadro_ws/build/quadrobot_viewer' returned '0': CMAKE_PREFIX_PATH=${CMAKE_PREFIX_PATH}:/opt/ros/jazzy /usr/bin/cmake /home/ubuntu/quadro_ws/src/quadrobot_viewer -DAMENT_CMAKE_SYMLINK_INSTALL=1 -DCMAKE_INSTALL_PREFIX=/home/ubuntu/quadro_ws/install/quadrobot_viewer
[4.572s] Invoking command in '/home/ubuntu/quadro_ws/build/quadrobot_viewer': CMAKE_PREFIX_PATH=${CMAKE_PREFIX_PATH}:/opt/ros/jazzy /usr/bin/cmake --build /home/ubuntu/quadro_ws/build/quadrobot_viewer -- -j16 -l16
[4.615s] Invoked command in '/home/ubuntu/quadro_ws/build/quadrobot_viewer' returned '0': CMAKE_PREFIX_PATH=${CMAKE_PREFIX_PATH}:/opt/ros/jazzy /usr/bin/cmake --build /home/ubuntu/quadro_ws/build/quadrobot_viewer -- -j16 -l16
[4.639s] Invoking command in '/home/ubuntu/quadro_ws/build/quadrobot_viewer': CMAKE_PREFIX_PATH=${CMAKE_PREFIX_PATH}:/opt/ros/jazzy /usr/bin/cmake --install /home/ubuntu/quadro_ws/build/quadrobot_viewer
[4.648s] -- Install configuration: ""
[4.649s] -- Execute custom install script
[4.651s] -- Symlinking: /home/ubuntu/quadro_ws/install/quadrobot_viewer/share/quadrobot_viewer//config/config.yaml
[4.663s] -- Symlinking: /home/ubuntu/quadro_ws/install/quadrobot_viewer/share/quadrobot_viewer//config/joint_names_quadrobot.yaml
[4.676s] -- Symlinking: /home/ubuntu/quadro_ws/install/quadrobot_viewer/share/quadrobot_viewer//config/ros2_control.yaml
[4.685s] -- Symlinking: /home/ubuntu/quadro_ws/install/quadrobot_viewer/share/quadrobot_viewer//config/rviz.yaml
[4.697s] -- Symlinking: /home/ubuntu/quadro_ws/install/quadrobot_viewer/share/quadrobot_viewer//launch/quadrobot_viewer.launch.py
[4.711s] -- Symlinking: /home/ubuntu/quadro_ws/install/quadrobot_viewer/share/quadrobot_viewer//meshes/BLA.STL
[4.724s] -- Symlinking: /home/ubuntu/quadro_ws/install/quadrobot_viewer/share/quadrobot_viewer//meshes/BLB.STL
[4.736s] -- Symlinking: /home/ubuntu/quadro_ws/install/quadrobot_viewer/share/quadrobot_viewer//meshes/BLC.STL
[4.748s] -- Symlinking: /home/ubuntu/quadro_ws/install/quadrobot_viewer/share/quadrobot_viewer//meshes/BRA.STL
[4.760s] -- Symlinking: /home/ubuntu/quadro_ws/install/quadrobot_viewer/share/quadrobot_viewer//meshes/BRB.STL
[4.773s] -- Symlinking: /home/ubuntu/quadro_ws/install/quadrobot_viewer/share/quadrobot_viewer//meshes/BRC.STL
[4.784s] -- Symlinking: /home/ubuntu/quadro_ws/install/quadrobot_viewer/share/quadrobot_viewer//meshes/CAMERA.STL
[4.796s] -- Symlinking: /home/ubuntu/quadro_ws/install/quadrobot_viewer/share/quadrobot_viewer//meshes/FLA.STL
[4.811s] -- Symlinking: /home/ubuntu/quadro_ws/install/quadrobot_viewer/share/quadrobot_viewer//meshes/FLB.STL
[4.823s] -- Symlinking: /home/ubuntu/quadro_ws/install/quadrobot_viewer/share/quadrobot_viewer//meshes/FLC.STL
[4.835s] -- Symlinking: /home/ubuntu/quadro_ws/install/quadrobot_viewer/share/quadrobot_viewer//meshes/FRA.STL
[4.845s] -- Symlinking: /home/ubuntu/quadro_ws/install/quadrobot_viewer/share/quadrobot_viewer//meshes/FRB.STL
[4.855s] -- Symlinking: /home/ubuntu/quadro_ws/install/quadrobot_viewer/share/quadrobot_viewer//meshes/FRC.STL
[4.865s] -- Symlinking: /home/ubuntu/quadro_ws/install/quadrobot_viewer/share/quadrobot_viewer//meshes/LIDAR.STL
[4.876s] -- Symlinking: /home/ubuntu/quadro_ws/install/quadrobot_viewer/share/quadrobot_viewer//meshes/base_link.STL
[4.889s] -- Symlinking: /home/ubuntu/quadro_ws/install/quadrobot_viewer/share/quadrobot_viewer//models/worlds/empty.world.sdf
[4.900s] -- Symlinking: /home/ubuntu/quadro_ws/install/quadrobot_viewer/share/quadrobot_viewer//urdf/quadrobot.csv
[4.910s] -- Symlinking: /home/ubuntu/quadro_ws/install/quadrobot_viewer/share/quadrobot_viewer//urdf/quadrobot.ros2_control.xacro
[4.921s] -- Symlinking: /home/ubuntu/quadro_ws/install/quadrobot_viewer/share/quadrobot_viewer//urdf/quadrobot.urdf.xacro
[4.931s] -- Symlinking: /home/ubuntu/quadro_ws/install/quadrobot_viewer/share/quadrobot_viewer//urdf/quadrobot.xacro
[4.942s] -- Symlinking: /home/ubuntu/quadro_ws/install/quadrobot_viewer/share/ament_index/resource_index/package_run_dependencies/quadrobot_viewer
[4.951s] -- Symlinking: /home/ubuntu/quadro_ws/install/quadrobot_viewer/share/ament_index/resource_index/parent_prefix_path/quadrobot_viewer
[4.961s] -- Symlinking: /home/ubuntu/quadro_ws/install/quadrobot_viewer/share/quadrobot_viewer/environment/ament_prefix_path.sh
[4.971s] -- Symlinking: /home/ubuntu/quadro_ws/install/quadrobot_viewer/share/quadrobot_viewer/environment/ament_prefix_path.dsv
[4.982s] -- Symlinking: /home/ubuntu/quadro_ws/install/quadrobot_viewer/share/quadrobot_viewer/environment/path.sh
[4.992s] -- Symlinking: /home/ubuntu/quadro_ws/install/quadrobot_viewer/share/quadrobot_viewer/environment/path.dsv
[5.002s] -- Symlinking: /home/ubuntu/quadro_ws/install/quadrobot_viewer/share/quadrobot_viewer/local_setup.bash
[5.012s] -- Symlinking: /home/ubuntu/quadro_ws/install/quadrobot_viewer/share/quadrobot_viewer/local_setup.sh
[5.023s] -- Symlinking: /home/ubuntu/quadro_ws/install/quadrobot_viewer/share/quadrobot_viewer/local_setup.zsh
[5.031s] -- Symlinking: /home/ubuntu/quadro_ws/install/quadrobot_viewer/share/quadrobot_viewer/local_setup.dsv
[5.040s] -- Symlinking: /home/ubuntu/quadro_ws/install/quadrobot_viewer/share/quadrobot_viewer/package.dsv
[5.049s] -- Symlinking: /home/ubuntu/quadro_ws/install/quadrobot_viewer/share/ament_index/resource_index/packages/quadrobot_viewer
[5.058s] -- Symlinking: /home/ubuntu/quadro_ws/install/quadrobot_viewer/share/quadrobot_viewer/cmake/quadrobot_viewerConfig.cmake
[5.068s] -- Symlinking: /home/ubuntu/quadro_ws/install/quadrobot_viewer/share/quadrobot_viewer/cmake/quadrobot_viewerConfig-version.cmake
[5.077s] -- Symlinking: /home/ubuntu/quadro_ws/install/quadrobot_viewer/share/quadrobot_viewer/package.xml
[5.089s] Invoked command in '/home/ubuntu/quadro_ws/build/quadrobot_viewer' returned '0': CMAKE_PREFIX_PATH=${CMAKE_PREFIX_PATH}:/opt/ros/jazzy /usr/bin/cmake --install /home/ubuntu/quadro_ws/build/quadrobot_viewer
