[0.062s] Invoking command in '/home/MKGL/quadro_ws/build/manette': CMAKE_PREFIX_PATH=${CMAKE_PREFIX_PATH}:/opt/ros/jazzy DEBUGINFOD_URLS=https://debuginfod.ubuntu.com /usr/bin/cmake --build /home/MKGL/quadro_ws/build/manette -- -j4 -l4
[0.368s] [100%] Built target manette_node
[0.419s] Invoked command in '/home/MKGL/quadro_ws/build/manette' returned '0': CMAKE_PREFIX_PATH=${CMAKE_PREFIX_PATH}:/opt/ros/jazzy DEBUGINFOD_URLS=https://debuginfod.ubuntu.com /usr/bin/cmake --build /home/MKGL/quadro_ws/build/manette -- -j4 -l4
[0.561s] Invoking command in '/home/MKGL/quadro_ws/build/manette': CMAKE_PREFIX_PATH=${CMAKE_PREFIX_PATH}:/opt/ros/jazzy DEBUGINFOD_URLS=https://debuginfod.ubuntu.com /usr/bin/cmake --install /home/MKGL/quadro_ws/build/manette
[0.608s] -- Install configuration: ""
[0.610s] -- Execute custom install script
[0.612s] -- Up-to-date symlink: /home/MKGL/quadro_ws/install/manette/lib/manette/manette_node
[0.614s] -- Up-to-date symlink: /home/MKGL/quadro_ws/install/manette/share/manette//config/manette_params.yaml
[0.615s] -- Up-to-date symlink: /home/MKGL/quadro_ws/install/manette/share/manette//launch/manette.launch.py
[0.617s] -- Up-to-date symlink: /home/MKGL/quadro_ws/install/manette/share/ament_index/resource_index/package_run_dependencies/manette
[0.618s] -- Up-to-date symlink: /home/MKGL/quadro_ws/install/manette/share/ament_index/resource_index/parent_prefix_path/manette
[0.620s] -- Up-to-date symlink: /home/MKGL/quadro_ws/install/manette/share/manette/environment/ament_prefix_path.sh
[0.623s] -- Up-to-date symlink: /home/MKGL/quadro_ws/install/manette/share/manette/environment/ament_prefix_path.dsv
[0.624s] -- Up-to-date symlink: /home/MKGL/quadro_ws/install/manette/share/manette/environment/path.sh
[0.627s] -- Up-to-date symlink: /home/MKGL/quadro_ws/install/manette/share/manette/environment/path.dsv
[0.629s] -- Up-to-date symlink: /home/MKGL/quadro_ws/install/manette/share/manette/local_setup.bash
[0.631s] -- Up-to-date symlink: /home/MKGL/quadro_ws/install/manette/share/manette/local_setup.sh
[0.631s] -- Up-to-date symlink: /home/MKGL/quadro_ws/install/manette/share/manette/local_setup.zsh
[0.632s] -- Up-to-date symlink: /home/MKGL/quadro_ws/install/manette/share/manette/local_setup.dsv
[0.632s] -- Symlinking: /home/MKGL/quadro_ws/install/manette/share/manette/package.dsv
[0.675s] -- Up-to-date symlink: /home/MKGL/quadro_ws/install/manette/share/ament_index/resource_index/packages/manette
[0.679s] -- Up-to-date symlink: /home/MKGL/quadro_ws/install/manette/share/manette/cmake/manetteConfig.cmake
[0.682s] -- Up-to-date symlink: /home/MKGL/quadro_ws/install/manette/share/manette/cmake/manetteConfig-version.cmake
[0.684s] -- Up-to-date symlink: /home/MKGL/quadro_ws/install/manette/share/manette/package.xml
[0.688s] Invoked command in '/home/MKGL/quadro_ws/build/manette' returned '0': CMAKE_PREFIX_PATH=${CMAKE_PREFIX_PATH}:/opt/ros/jazzy DEBUGINFOD_URLS=https://debuginfod.ubuntu.com /usr/bin/cmake --install /home/MKGL/quadro_ws/build/manette
