[0.683s] DEBUG:colcon:Command line arguments: ['/usr/bin/colcon', 'build', '--symlink-install']
[0.683s] DEBUG:colcon:Parsed command line arguments: Namespace(log_base=None, log_level=None, verb_name='build', build_base='build', install_base='install', merge_install=False, symlink_install=True, test_result_base=None, continue_on_error=False, executor='parallel', parallel_workers=16, event_handlers=None, ignore_user_meta=False, metas=['./colcon.meta'], base_paths=['.'], packages_ignore=None, packages_ignore_regex=None, paths=None, packages_up_to=None, packages_up_to_regex=None, packages_above=None, packages_above_and_dependencies=None, packages_above_depth=None, packages_select_by_dep=None, packages_skip_by_dep=None, packages_skip_up_to=None, packages_select_build_failed=False, packages_skip_build_finished=False, packages_select_test_failures=False, packages_skip_test_passed=False, packages_select=None, packages_skip=None, packages_select_regex=None, packages_skip_regex=None, packages_start=None, packages_end=None, allow_overriding=[], cmake_args=None, cmake_target=None, cmake_target_skip_unavailable=False, cmake_clean_cache=False, cmake_clean_first=False, cmake_force_configure=False, ament_cmake_args=None, catkin_cmake_args=None, catkin_skip_building_tests=False, mixin_files=None, mixin=None, verb_parser=<colcon_mixin.mixin.mixin_argument.MixinArgumentDecorator object at 0x7f6515bf89b0>, verb_extension=<colcon_core.verb.build.BuildVerb object at 0x7f6515d2b0b0>, main=<bound method BuildVerb.main of <colcon_core.verb.build.BuildVerb object at 0x7f6515d2b0b0>>, mixin_verb=('build',))
[0.737s] Level 1:colcon.colcon_core.package_discovery:discover_packages(colcon_meta) check parameters
[0.738s] Level 1:colcon.colcon_core.package_discovery:discover_packages(recursive) check parameters
[0.738s] Level 1:colcon.colcon_core.package_discovery:discover_packages(ignore) check parameters
[0.738s] Level 1:colcon.colcon_core.package_discovery:discover_packages(path) check parameters
[0.738s] Level 1:colcon.colcon_core.package_discovery:discover_packages(colcon_meta) discover
[0.738s] Level 1:colcon.colcon_core.package_discovery:discover_packages(recursive) discover
[0.738s] INFO:colcon.colcon_core.package_discovery:Crawling recursively for packages in '/home/ubuntu/dev_ws'
[0.738s] Level 1:colcon.colcon_core.package_identification:_identify(.) by extensions ['ignore', 'ignore_ament_install']
[0.738s] Level 1:colcon.colcon_core.package_identification:_identify(.) by extension 'ignore'
[0.738s] Level 1:colcon.colcon_core.package_identification:_identify(.) by extension 'ignore_ament_install'
[0.739s] Level 1:colcon.colcon_core.package_identification:_identify(.) by extensions ['colcon_pkg']
[0.739s] Level 1:colcon.colcon_core.package_identification:_identify(.) by extension 'colcon_pkg'
[0.739s] Level 1:colcon.colcon_core.package_identification:_identify(.) by extensions ['colcon_meta']
[0.739s] Level 1:colcon.colcon_core.package_identification:_identify(.) by extension 'colcon_meta'
[0.739s] Level 1:colcon.colcon_core.package_identification:_identify(.) by extensions ['ros']
[0.739s] Level 1:colcon.colcon_core.package_identification:_identify(.) by extension 'ros'
[0.775s] Level 1:colcon.colcon_core.package_identification:_identify(.) by extensions ['cmake', 'python']
[0.775s] Level 1:colcon.colcon_core.package_identification:_identify(.) by extension 'cmake'
[0.775s] Level 1:colcon.colcon_core.package_identification:_identify(.) by extension 'python'
[0.775s] Level 1:colcon.colcon_core.package_identification:_identify(.) by extensions ['python_setup_py']
[0.775s] Level 1:colcon.colcon_core.package_identification:_identify(.) by extension 'python_setup_py'
[0.776s] Level 1:colcon.colcon_core.package_identification:_identify(build) by extensions ['ignore', 'ignore_ament_install']
[0.776s] Level 1:colcon.colcon_core.package_identification:_identify(build) by extension 'ignore'
[0.776s] Level 1:colcon.colcon_core.package_identification:_identify(build) ignored
[0.776s] Level 1:colcon.colcon_core.package_identification:_identify(install) by extensions ['ignore', 'ignore_ament_install']
[0.776s] Level 1:colcon.colcon_core.package_identification:_identify(install) by extension 'ignore'
[0.777s] Level 1:colcon.colcon_core.package_identification:_identify(install) ignored
[0.777s] Level 1:colcon.colcon_core.package_identification:_identify(log) by extensions ['ignore', 'ignore_ament_install']
[0.777s] Level 1:colcon.colcon_core.package_identification:_identify(log) by extension 'ignore'
[0.777s] Level 1:colcon.colcon_core.package_identification:_identify(log) ignored
[0.777s] Level 1:colcon.colcon_core.package_identification:_identify(src) by extensions ['ignore', 'ignore_ament_install']
[0.777s] Level 1:colcon.colcon_core.package_identification:_identify(src) by extension 'ignore'
[0.778s] Level 1:colcon.colcon_core.package_identification:_identify(src) by extension 'ignore_ament_install'
[0.778s] Level 1:colcon.colcon_core.package_identification:_identify(src) by extensions ['colcon_pkg']
[0.778s] Level 1:colcon.colcon_core.package_identification:_identify(src) by extension 'colcon_pkg'
[0.778s] Level 1:colcon.colcon_core.package_identification:_identify(src) by extensions ['colcon_meta']
[0.778s] Level 1:colcon.colcon_core.package_identification:_identify(src) by extension 'colcon_meta'
[0.778s] Level 1:colcon.colcon_core.package_identification:_identify(src) by extensions ['ros']
[0.778s] Level 1:colcon.colcon_core.package_identification:_identify(src) by extension 'ros'
[0.778s] Level 1:colcon.colcon_core.package_identification:_identify(src) by extensions ['cmake', 'python']
[0.778s] Level 1:colcon.colcon_core.package_identification:_identify(src) by extension 'cmake'
[0.778s] Level 1:colcon.colcon_core.package_identification:_identify(src) by extension 'python'
[0.778s] Level 1:colcon.colcon_core.package_identification:_identify(src) by extensions ['python_setup_py']
[0.778s] Level 1:colcon.colcon_core.package_identification:_identify(src) by extension 'python_setup_py'
[0.778s] Level 1:colcon.colcon_core.package_identification:_identify(src/frame_broadcaster) by extensions ['ignore', 'ignore_ament_install']
[0.779s] Level 1:colcon.colcon_core.package_identification:_identify(src/frame_broadcaster) by extension 'ignore'
[0.779s] Level 1:colcon.colcon_core.package_identification:_identify(src/frame_broadcaster) by extension 'ignore_ament_install'
[0.779s] Level 1:colcon.colcon_core.package_identification:_identify(src/frame_broadcaster) by extensions ['colcon_pkg']
[0.779s] Level 1:colcon.colcon_core.package_identification:_identify(src/frame_broadcaster) by extension 'colcon_pkg'
[0.779s] Level 1:colcon.colcon_core.package_identification:_identify(src/frame_broadcaster) by extensions ['colcon_meta']
[0.779s] Level 1:colcon.colcon_core.package_identification:_identify(src/frame_broadcaster) by extension 'colcon_meta'
[0.779s] Level 1:colcon.colcon_core.package_identification:_identify(src/frame_broadcaster) by extensions ['ros']
[0.779s] Level 1:colcon.colcon_core.package_identification:_identify(src/frame_broadcaster) by extension 'ros'
[0.783s] DEBUG:colcon.colcon_core.package_identification:Package 'src/frame_broadcaster' with type 'ros.ament_cmake' and name 'frame_broadcaster'
[0.783s] Level 1:colcon.colcon_core.package_identification:_identify(src/frame_listener) by extensions ['ignore', 'ignore_ament_install']
[0.783s] Level 1:colcon.colcon_core.package_identification:_identify(src/frame_listener) by extension 'ignore'
[0.783s] Level 1:colcon.colcon_core.package_identification:_identify(src/frame_listener) by extension 'ignore_ament_install'
[0.783s] Level 1:colcon.colcon_core.package_identification:_identify(src/frame_listener) by extensions ['colcon_pkg']
[0.783s] Level 1:colcon.colcon_core.package_identification:_identify(src/frame_listener) by extension 'colcon_pkg'
[0.783s] Level 1:colcon.colcon_core.package_identification:_identify(src/frame_listener) by extensions ['colcon_meta']
[0.784s] Level 1:colcon.colcon_core.package_identification:_identify(src/frame_listener) by extension 'colcon_meta'
[0.784s] Level 1:colcon.colcon_core.package_identification:_identify(src/frame_listener) by extensions ['ros']
[0.784s] Level 1:colcon.colcon_core.package_identification:_identify(src/frame_listener) by extension 'ros'
[0.785s] DEBUG:colcon.colcon_core.package_identification:Package 'src/frame_listener' with type 'ros.ament_cmake' and name 'frame_listener'
[0.785s] Level 1:colcon.colcon_core.package_identification:_identify(src/quadrobot) by extensions ['ignore', 'ignore_ament_install']
[0.785s] Level 1:colcon.colcon_core.package_identification:_identify(src/quadrobot) by extension 'ignore'
[0.785s] Level 1:colcon.colcon_core.package_identification:_identify(src/quadrobot) by extension 'ignore_ament_install'
[0.785s] Level 1:colcon.colcon_core.package_identification:_identify(src/quadrobot) by extensions ['colcon_pkg']
[0.785s] Level 1:colcon.colcon_core.package_identification:_identify(src/quadrobot) by extension 'colcon_pkg'
[0.785s] Level 1:colcon.colcon_core.package_identification:_identify(src/quadrobot) by extensions ['colcon_meta']
[0.785s] Level 1:colcon.colcon_core.package_identification:_identify(src/quadrobot) by extension 'colcon_meta'
[0.785s] Level 1:colcon.colcon_core.package_identification:_identify(src/quadrobot) by extensions ['ros']
[0.785s] Level 1:colcon.colcon_core.package_identification:_identify(src/quadrobot) by extension 'ros'
[0.786s] DEBUG:colcon.colcon_core.package_identification:Package 'src/quadrobot' with type 'ros.ament_cmake' and name 'quadrobot'
[0.787s] Level 1:colcon.colcon_core.package_identification:_identify(src/space_interfaces) by extensions ['ignore', 'ignore_ament_install']
[0.787s] Level 1:colcon.colcon_core.package_identification:_identify(src/space_interfaces) by extension 'ignore'
[0.787s] Level 1:colcon.colcon_core.package_identification:_identify(src/space_interfaces) by extension 'ignore_ament_install'
[0.787s] Level 1:colcon.colcon_core.package_identification:_identify(src/space_interfaces) by extensions ['colcon_pkg']
[0.787s] Level 1:colcon.colcon_core.package_identification:_identify(src/space_interfaces) by extension 'colcon_pkg'
[0.787s] Level 1:colcon.colcon_core.package_identification:_identify(src/space_interfaces) by extensions ['colcon_meta']
[0.787s] Level 1:colcon.colcon_core.package_identification:_identify(src/space_interfaces) by extension 'colcon_meta'
[0.788s] Level 1:colcon.colcon_core.package_identification:_identify(src/space_interfaces) by extensions ['ros']
[0.788s] Level 1:colcon.colcon_core.package_identification:_identify(src/space_interfaces) by extension 'ros'
[0.788s] DEBUG:colcon.colcon_core.package_identification:Package 'src/space_interfaces' with type 'ros.ament_cmake' and name 'space_interfaces'
[0.788s] Level 1:colcon.colcon_core.package_discovery:discover_packages(recursive) using defaults
[0.788s] Level 1:colcon.colcon_core.package_discovery:discover_packages(ignore) discover
[0.788s] Level 1:colcon.colcon_core.package_discovery:discover_packages(ignore) using defaults
[0.788s] Level 1:colcon.colcon_core.package_discovery:discover_packages(path) discover
[0.789s] Level 1:colcon.colcon_core.package_discovery:discover_packages(path) using defaults
[0.814s] Level 1:colcon.colcon_core.package_discovery:discover_packages(prefix_path) check parameters
[0.814s] Level 1:colcon.colcon_core.package_discovery:discover_packages(prefix_path) discover
[0.815s] WARNING:colcon.colcon_ros.prefix_path.ament:The path '/home/ubuntu/dev_ws/install/frame_listener' in the environment variable AMENT_PREFIX_PATH doesn't exist
[0.815s] WARNING:colcon.colcon_ros.prefix_path.ament:The path '/home/ubuntu/dev_ws/install/frame_broadcaster' in the environment variable AMENT_PREFIX_PATH doesn't exist
[0.816s] WARNING:colcon.colcon_ros.prefix_path.ament:The path '/home/ubuntu/dev_ws/install/space_interfaces' in the environment variable AMENT_PREFIX_PATH doesn't exist
[0.816s] WARNING:colcon.colcon_ros.prefix_path.ament:The path '/home/ubuntu/dev_ws/install/quadrobot' in the environment variable AMENT_PREFIX_PATH doesn't exist
[0.816s] WARNING:colcon.colcon_ros.prefix_path.catkin:The path '/home/ubuntu/dev_ws/install/frame_listener' in the environment variable CMAKE_PREFIX_PATH doesn't exist
[0.816s] WARNING:colcon.colcon_ros.prefix_path.catkin:The path '/home/ubuntu/dev_ws/install/frame_broadcaster' in the environment variable CMAKE_PREFIX_PATH doesn't exist
[0.816s] WARNING:colcon.colcon_ros.prefix_path.catkin:The path '/home/ubuntu/dev_ws/install/space_interfaces' in the environment variable CMAKE_PREFIX_PATH doesn't exist
[0.816s] WARNING:colcon.colcon_ros.prefix_path.catkin:The path '/home/ubuntu/dev_ws/install/quadrobot' in the environment variable CMAKE_PREFIX_PATH doesn't exist
[0.817s] DEBUG:colcon.colcon_installed_package_information.package_discovery:Found 0 installed packages in /home/ubuntu/dev_ws/install
[0.819s] DEBUG:colcon.colcon_installed_package_information.package_discovery:Found 347 installed packages in /opt/ros/jazzy
[0.822s] Level 1:colcon.colcon_core.package_discovery:discover_packages(prefix_path) using defaults
[0.898s] Level 5:colcon.colcon_core.verb:set package 'quadrobot' build argument 'cmake_args' from command line to 'None'
[0.898s] Level 5:colcon.colcon_core.verb:set package 'quadrobot' build argument 'cmake_target' from command line to 'None'
[0.898s] Level 5:colcon.colcon_core.verb:set package 'quadrobot' build argument 'cmake_target_skip_unavailable' from command line to 'False'
[0.899s] Level 5:colcon.colcon_core.verb:set package 'quadrobot' build argument 'cmake_clean_cache' from command line to 'False'
[0.899s] Level 5:colcon.colcon_core.verb:set package 'quadrobot' build argument 'cmake_clean_first' from command line to 'False'
[0.899s] Level 5:colcon.colcon_core.verb:set package 'quadrobot' build argument 'cmake_force_configure' from command line to 'False'
[0.899s] Level 5:colcon.colcon_core.verb:set package 'quadrobot' build argument 'ament_cmake_args' from command line to 'None'
[0.899s] Level 5:colcon.colcon_core.verb:set package 'quadrobot' build argument 'catkin_cmake_args' from command line to 'None'
[0.899s] Level 5:colcon.colcon_core.verb:set package 'quadrobot' build argument 'catkin_skip_building_tests' from command line to 'False'
[0.899s] DEBUG:colcon.colcon_core.verb:Building package 'quadrobot' with the following arguments: {'ament_cmake_args': None, 'build_base': '/home/ubuntu/dev_ws/build/quadrobot', 'catkin_cmake_args': None, 'catkin_skip_building_tests': False, 'cmake_args': None, 'cmake_clean_cache': False, 'cmake_clean_first': False, 'cmake_force_configure': False, 'cmake_target': None, 'cmake_target_skip_unavailable': False, 'install_base': '/home/ubuntu/dev_ws/install/quadrobot', 'merge_install': False, 'path': '/home/ubuntu/dev_ws/src/quadrobot', 'symlink_install': True, 'test_result_base': None}
[0.899s] Level 5:colcon.colcon_core.verb:set package 'space_interfaces' build argument 'cmake_args' from command line to 'None'
[0.899s] Level 5:colcon.colcon_core.verb:set package 'space_interfaces' build argument 'cmake_target' from command line to 'None'
[0.899s] Level 5:colcon.colcon_core.verb:set package 'space_interfaces' build argument 'cmake_target_skip_unavailable' from command line to 'False'
[0.899s] Level 5:colcon.colcon_core.verb:set package 'space_interfaces' build argument 'cmake_clean_cache' from command line to 'False'
[0.899s] Level 5:colcon.colcon_core.verb:set package 'space_interfaces' build argument 'cmake_clean_first' from command line to 'False'
[0.899s] Level 5:colcon.colcon_core.verb:set package 'space_interfaces' build argument 'cmake_force_configure' from command line to 'False'
[0.899s] Level 5:colcon.colcon_core.verb:set package 'space_interfaces' build argument 'ament_cmake_args' from command line to 'None'
[0.899s] Level 5:colcon.colcon_core.verb:set package 'space_interfaces' build argument 'catkin_cmake_args' from command line to 'None'
[0.899s] Level 5:colcon.colcon_core.verb:set package 'space_interfaces' build argument 'catkin_skip_building_tests' from command line to 'False'
[0.900s] DEBUG:colcon.colcon_core.verb:Building package 'space_interfaces' with the following arguments: {'ament_cmake_args': None, 'build_base': '/home/ubuntu/dev_ws/build/space_interfaces', 'catkin_cmake_args': None, 'catkin_skip_building_tests': False, 'cmake_args': None, 'cmake_clean_cache': False, 'cmake_clean_first': False, 'cmake_force_configure': False, 'cmake_target': None, 'cmake_target_skip_unavailable': False, 'install_base': '/home/ubuntu/dev_ws/install/space_interfaces', 'merge_install': False, 'path': '/home/ubuntu/dev_ws/src/space_interfaces', 'symlink_install': True, 'test_result_base': None}
[0.900s] Level 5:colcon.colcon_core.verb:set package 'frame_broadcaster' build argument 'cmake_args' from command line to 'None'
[0.900s] Level 5:colcon.colcon_core.verb:set package 'frame_broadcaster' build argument 'cmake_target' from command line to 'None'
[0.900s] Level 5:colcon.colcon_core.verb:set package 'frame_broadcaster' build argument 'cmake_target_skip_unavailable' from command line to 'False'
[0.900s] Level 5:colcon.colcon_core.verb:set package 'frame_broadcaster' build argument 'cmake_clean_cache' from command line to 'False'
[0.900s] Level 5:colcon.colcon_core.verb:set package 'frame_broadcaster' build argument 'cmake_clean_first' from command line to 'False'
[0.900s] Level 5:colcon.colcon_core.verb:set package 'frame_broadcaster' build argument 'cmake_force_configure' from command line to 'False'
[0.900s] Level 5:colcon.colcon_core.verb:set package 'frame_broadcaster' build argument 'ament_cmake_args' from command line to 'None'
[0.900s] Level 5:colcon.colcon_core.verb:set package 'frame_broadcaster' build argument 'catkin_cmake_args' from command line to 'None'
[0.900s] Level 5:colcon.colcon_core.verb:set package 'frame_broadcaster' build argument 'catkin_skip_building_tests' from command line to 'False'
[0.900s] DEBUG:colcon.colcon_core.verb:Building package 'frame_broadcaster' with the following arguments: {'ament_cmake_args': None, 'build_base': '/home/ubuntu/dev_ws/build/frame_broadcaster', 'catkin_cmake_args': None, 'catkin_skip_building_tests': False, 'cmake_args': None, 'cmake_clean_cache': False, 'cmake_clean_first': False, 'cmake_force_configure': False, 'cmake_target': None, 'cmake_target_skip_unavailable': False, 'install_base': '/home/ubuntu/dev_ws/install/frame_broadcaster', 'merge_install': False, 'path': '/home/ubuntu/dev_ws/src/frame_broadcaster', 'symlink_install': True, 'test_result_base': None}
[0.901s] Level 5:colcon.colcon_core.verb:set package 'frame_listener' build argument 'cmake_args' from command line to 'None'
[0.901s] Level 5:colcon.colcon_core.verb:set package 'frame_listener' build argument 'cmake_target' from command line to 'None'
[0.901s] Level 5:colcon.colcon_core.verb:set package 'frame_listener' build argument 'cmake_target_skip_unavailable' from command line to 'False'
[0.901s] Level 5:colcon.colcon_core.verb:set package 'frame_listener' build argument 'cmake_clean_cache' from command line to 'False'
[0.901s] Level 5:colcon.colcon_core.verb:set package 'frame_listener' build argument 'cmake_clean_first' from command line to 'False'
[0.901s] Level 5:colcon.colcon_core.verb:set package 'frame_listener' build argument 'cmake_force_configure' from command line to 'False'
[0.901s] Level 5:colcon.colcon_core.verb:set package 'frame_listener' build argument 'ament_cmake_args' from command line to 'None'
[0.901s] Level 5:colcon.colcon_core.verb:set package 'frame_listener' build argument 'catkin_cmake_args' from command line to 'None'
[0.901s] Level 5:colcon.colcon_core.verb:set package 'frame_listener' build argument 'catkin_skip_building_tests' from command line to 'False'
[0.901s] DEBUG:colcon.colcon_core.verb:Building package 'frame_listener' with the following arguments: {'ament_cmake_args': None, 'build_base': '/home/ubuntu/dev_ws/build/frame_listener', 'catkin_cmake_args': None, 'catkin_skip_building_tests': False, 'cmake_args': None, 'cmake_clean_cache': False, 'cmake_clean_first': False, 'cmake_force_configure': False, 'cmake_target': None, 'cmake_target_skip_unavailable': False, 'install_base': '/home/ubuntu/dev_ws/install/frame_listener', 'merge_install': False, 'path': '/home/ubuntu/dev_ws/src/frame_listener', 'symlink_install': True, 'test_result_base': None}
[0.901s] INFO:colcon.colcon_core.executor:Executing jobs using 'parallel' executor
[0.903s] DEBUG:colcon.colcon_parallel_executor.executor.parallel:run_until_complete
[0.903s] INFO:colcon.colcon_ros.task.ament_cmake.build:Building ROS package in '/home/ubuntu/dev_ws/src/space_interfaces' with build type 'ament_cmake'
[0.903s] INFO:colcon.colcon_cmake.task.cmake.build:Building CMake package in '/home/ubuntu/dev_ws/src/space_interfaces'
[0.907s] INFO:colcon.colcon_core.plugin_system:Skipping extension 'colcon_core.shell.bat': Not used on non-Windows systems
[0.907s] INFO:colcon.colcon_core.shell:Skip shell extension 'powershell' for command environment: Not usable outside of PowerShell
[0.907s] DEBUG:colcon.colcon_core.shell:Skip shell extension 'dsv' for command environment
[0.911s] INFO:colcon.colcon_ros.task.ament_cmake.build:Building ROS package in '/home/ubuntu/dev_ws/src/quadrobot' with build type 'ament_cmake'
[0.912s] INFO:colcon.colcon_cmake.task.cmake.build:Building CMake package in '/home/ubuntu/dev_ws/src/quadrobot'
[0.913s] INFO:colcon.colcon_core.shell:Skip shell extension 'powershell' for command environment: Not usable outside of PowerShell
[0.913s] DEBUG:colcon.colcon_core.shell:Skip shell extension 'dsv' for command environment
[0.934s] DEBUG:colcon.colcon_core.event_handler.log_command:Invoking command in '/home/ubuntu/dev_ws/build/space_interfaces': CMAKE_PREFIX_PATH=${CMAKE_PREFIX_PATH}:/opt/ros/jazzy /usr/bin/cmake /home/ubuntu/dev_ws/src/space_interfaces -DAMENT_CMAKE_SYMLINK_INSTALL=1 -DCMAKE_INSTALL_PREFIX=/home/ubuntu/dev_ws/install/space_interfaces
[0.937s] DEBUG:colcon.colcon_core.event_handler.log_command:Invoking command in '/home/ubuntu/dev_ws/build/quadrobot': CMAKE_PREFIX_PATH=${CMAKE_PREFIX_PATH}:/opt/ros/jazzy /usr/bin/cmake /home/ubuntu/dev_ws/src/quadrobot -DAMENT_CMAKE_SYMLINK_INSTALL=1 -DCMAKE_INSTALL_PREFIX=/home/ubuntu/dev_ws/install/quadrobot
[12.139s] DEBUG:colcon.colcon_core.event_handler.log_command:Invoked command in '/home/ubuntu/dev_ws/build/quadrobot' returned '0': CMAKE_PREFIX_PATH=${CMAKE_PREFIX_PATH}:/opt/ros/jazzy /usr/bin/cmake /home/ubuntu/dev_ws/src/quadrobot -DAMENT_CMAKE_SYMLINK_INSTALL=1 -DCMAKE_INSTALL_PREFIX=/home/ubuntu/dev_ws/install/quadrobot
[12.140s] DEBUG:colcon.colcon_core.event_handler.log_command:Invoking command in '/home/ubuntu/dev_ws/build/quadrobot': CMAKE_PREFIX_PATH=${CMAKE_PREFIX_PATH}:/opt/ros/jazzy /usr/bin/cmake --build /home/ubuntu/dev_ws/build/quadrobot -- -j16 -l16
[12.247s] DEBUG:colcon.colcon_core.event_handler.log_command:Invoked command in '/home/ubuntu/dev_ws/build/quadrobot' returned '0': CMAKE_PREFIX_PATH=${CMAKE_PREFIX_PATH}:/opt/ros/jazzy /usr/bin/cmake --build /home/ubuntu/dev_ws/build/quadrobot -- -j16 -l16
[12.348s] DEBUG:colcon.colcon_core.event_handler.log_command:Invoking command in '/home/ubuntu/dev_ws/build/quadrobot': CMAKE_PREFIX_PATH=${CMAKE_PREFIX_PATH}:/opt/ros/jazzy /usr/bin/cmake --install /home/ubuntu/dev_ws/build/quadrobot
[13.131s] Level 1:colcon.colcon_core.environment:create_environment_scripts_only(quadrobot)
[13.132s] DEBUG:colcon.colcon_core.event_handler.log_command:Invoked command in '/home/ubuntu/dev_ws/build/quadrobot' returned '0': CMAKE_PREFIX_PATH=${CMAKE_PREFIX_PATH}:/opt/ros/jazzy /usr/bin/cmake --install /home/ubuntu/dev_ws/build/quadrobot
[13.135s] Level 1:colcon.colcon_core.environment:checking '/home/ubuntu/dev_ws/install/quadrobot' for CMake module files
[13.136s] Level 1:colcon.colcon_core.environment:checking '/home/ubuntu/dev_ws/install/quadrobot' for CMake config files
[13.137s] Level 1:colcon.colcon_core.shell:create_environment_hook('quadrobot', 'cmake_prefix_path')
[13.137s] INFO:colcon.colcon_core.shell:Creating environment hook '/home/ubuntu/dev_ws/install/quadrobot/share/quadrobot/hook/cmake_prefix_path.ps1'
[13.138s] INFO:colcon.colcon_core.shell:Creating environment descriptor '/home/ubuntu/dev_ws/install/quadrobot/share/quadrobot/hook/cmake_prefix_path.dsv'
[13.139s] INFO:colcon.colcon_core.shell:Creating environment hook '/home/ubuntu/dev_ws/install/quadrobot/share/quadrobot/hook/cmake_prefix_path.sh'
[13.140s] Level 1:colcon.colcon_core.environment:checking '/home/ubuntu/dev_ws/install/quadrobot/bin'
[13.140s] Level 1:colcon.colcon_core.environment:checking '/home/ubuntu/dev_ws/install/quadrobot/lib/pkgconfig/quadrobot.pc'
[13.141s] Level 1:colcon.colcon_core.environment:checking '/home/ubuntu/dev_ws/install/quadrobot/lib/python3.12/site-packages'
[13.141s] Level 1:colcon.colcon_core.environment:checking '/home/ubuntu/dev_ws/install/quadrobot/bin'
[13.142s] INFO:colcon.colcon_core.shell:Creating package script '/home/ubuntu/dev_ws/install/quadrobot/share/quadrobot/package.ps1'
[13.143s] INFO:colcon.colcon_core.shell:Creating package descriptor '/home/ubuntu/dev_ws/install/quadrobot/share/quadrobot/package.dsv'
[13.143s] INFO:colcon.colcon_core.shell:Creating package script '/home/ubuntu/dev_ws/install/quadrobot/share/quadrobot/package.sh'
[13.144s] INFO:colcon.colcon_core.shell:Creating package script '/home/ubuntu/dev_ws/install/quadrobot/share/quadrobot/package.bash'
[13.145s] INFO:colcon.colcon_core.shell:Creating package script '/home/ubuntu/dev_ws/install/quadrobot/share/quadrobot/package.zsh'
[13.146s] Level 1:colcon.colcon_core.environment:create_file_with_runtime_dependencies(/home/ubuntu/dev_ws/install/quadrobot/share/colcon-core/packages/quadrobot)
[13.177s] Level 1:colcon.colcon_core.environment:create_environment_scripts_only(quadrobot)
[13.177s] Level 1:colcon.colcon_core.environment:checking '/home/ubuntu/dev_ws/install/quadrobot' for CMake module files
[13.178s] Level 1:colcon.colcon_core.environment:checking '/home/ubuntu/dev_ws/install/quadrobot' for CMake config files
[13.179s] Level 1:colcon.colcon_core.shell:create_environment_hook('quadrobot', 'cmake_prefix_path')
[13.179s] INFO:colcon.colcon_core.shell:Creating environment hook '/home/ubuntu/dev_ws/install/quadrobot/share/quadrobot/hook/cmake_prefix_path.ps1'
[13.180s] INFO:colcon.colcon_core.shell:Creating environment descriptor '/home/ubuntu/dev_ws/install/quadrobot/share/quadrobot/hook/cmake_prefix_path.dsv'
[13.181s] INFO:colcon.colcon_core.shell:Creating environment hook '/home/ubuntu/dev_ws/install/quadrobot/share/quadrobot/hook/cmake_prefix_path.sh'
[13.182s] Level 1:colcon.colcon_core.environment:checking '/home/ubuntu/dev_ws/install/quadrobot/bin'
[13.182s] Level 1:colcon.colcon_core.environment:checking '/home/ubuntu/dev_ws/install/quadrobot/lib/pkgconfig/quadrobot.pc'
[13.182s] Level 1:colcon.colcon_core.environment:checking '/home/ubuntu/dev_ws/install/quadrobot/lib/python3.12/site-packages'
[13.183s] Level 1:colcon.colcon_core.environment:checking '/home/ubuntu/dev_ws/install/quadrobot/bin'
[13.183s] INFO:colcon.colcon_core.shell:Creating package script '/home/ubuntu/dev_ws/install/quadrobot/share/quadrobot/package.ps1'
[13.184s] INFO:colcon.colcon_core.shell:Creating package descriptor '/home/ubuntu/dev_ws/install/quadrobot/share/quadrobot/package.dsv'
[13.185s] INFO:colcon.colcon_core.shell:Creating package script '/home/ubuntu/dev_ws/install/quadrobot/share/quadrobot/package.sh'
[13.185s] INFO:colcon.colcon_core.shell:Creating package script '/home/ubuntu/dev_ws/install/quadrobot/share/quadrobot/package.bash'
[13.186s] INFO:colcon.colcon_core.shell:Creating package script '/home/ubuntu/dev_ws/install/quadrobot/share/quadrobot/package.zsh'
[13.187s] Level 1:colcon.colcon_core.environment:create_file_with_runtime_dependencies(/home/ubuntu/dev_ws/install/quadrobot/share/colcon-core/packages/quadrobot)
[18.567s] DEBUG:colcon.colcon_core.event_handler.log_command:Invoked command in '/home/ubuntu/dev_ws/build/space_interfaces' returned '0': CMAKE_PREFIX_PATH=${CMAKE_PREFIX_PATH}:/opt/ros/jazzy /usr/bin/cmake /home/ubuntu/dev_ws/src/space_interfaces -DAMENT_CMAKE_SYMLINK_INSTALL=1 -DCMAKE_INSTALL_PREFIX=/home/ubuntu/dev_ws/install/space_interfaces
[18.569s] DEBUG:colcon.colcon_core.event_handler.log_command:Invoking command in '/home/ubuntu/dev_ws/build/space_interfaces': CMAKE_PREFIX_PATH=${CMAKE_PREFIX_PATH}:/opt/ros/jazzy /usr/bin/cmake --build /home/ubuntu/dev_ws/build/space_interfaces -- -j16 -l16
[23.102s] DEBUG:colcon.colcon_core.event_handler.log_command:Invoked command in '/home/ubuntu/dev_ws/build/space_interfaces' returned '0': CMAKE_PREFIX_PATH=${CMAKE_PREFIX_PATH}:/opt/ros/jazzy /usr/bin/cmake --build /home/ubuntu/dev_ws/build/space_interfaces -- -j16 -l16
[23.227s] DEBUG:colcon.colcon_core.event_handler.log_command:Invoking command in '/home/ubuntu/dev_ws/build/space_interfaces': CMAKE_PREFIX_PATH=${CMAKE_PREFIX_PATH}:/opt/ros/jazzy /usr/bin/cmake --install /home/ubuntu/dev_ws/build/space_interfaces
[24.056s] Level 1:colcon.colcon_core.environment:create_environment_scripts_only(space_interfaces)
[24.057s] Level 1:colcon.colcon_core.environment:checking '/home/ubuntu/dev_ws/install/space_interfaces' for CMake module files
[24.060s] DEBUG:colcon.colcon_core.event_handler.log_command:Invoked command in '/home/ubuntu/dev_ws/build/space_interfaces' returned '0': CMAKE_PREFIX_PATH=${CMAKE_PREFIX_PATH}:/opt/ros/jazzy /usr/bin/cmake --install /home/ubuntu/dev_ws/build/space_interfaces
[24.061s] Level 1:colcon.colcon_core.environment:checking '/home/ubuntu/dev_ws/install/space_interfaces' for CMake config files
[24.061s] Level 1:colcon.colcon_core.shell:create_environment_hook('space_interfaces', 'cmake_prefix_path')
[24.062s] INFO:colcon.colcon_core.shell:Creating environment hook '/home/ubuntu/dev_ws/install/space_interfaces/share/space_interfaces/hook/cmake_prefix_path.ps1'
[24.063s] INFO:colcon.colcon_core.shell:Creating environment descriptor '/home/ubuntu/dev_ws/install/space_interfaces/share/space_interfaces/hook/cmake_prefix_path.dsv'
[24.063s] INFO:colcon.colcon_core.shell:Creating environment hook '/home/ubuntu/dev_ws/install/space_interfaces/share/space_interfaces/hook/cmake_prefix_path.sh'
[24.064s] Level 1:colcon.colcon_core.environment:checking '/home/ubuntu/dev_ws/install/space_interfaces/lib'
[24.064s] Level 1:colcon.colcon_core.shell:create_environment_hook('space_interfaces', 'ld_library_path_lib')
[24.065s] INFO:colcon.colcon_core.shell:Creating environment hook '/home/ubuntu/dev_ws/install/space_interfaces/share/space_interfaces/hook/ld_library_path_lib.ps1'
[24.065s] INFO:colcon.colcon_core.shell:Creating environment descriptor '/home/ubuntu/dev_ws/install/space_interfaces/share/space_interfaces/hook/ld_library_path_lib.dsv'
[24.066s] INFO:colcon.colcon_core.shell:Creating environment hook '/home/ubuntu/dev_ws/install/space_interfaces/share/space_interfaces/hook/ld_library_path_lib.sh'
[24.066s] Level 1:colcon.colcon_core.environment:checking '/home/ubuntu/dev_ws/install/space_interfaces/bin'
[24.066s] Level 1:colcon.colcon_core.environment:checking '/home/ubuntu/dev_ws/install/space_interfaces/lib/pkgconfig/space_interfaces.pc'
[24.066s] Level 1:colcon.colcon_core.environment:checking '/home/ubuntu/dev_ws/install/space_interfaces/lib/python3.12/site-packages'
[24.067s] Level 1:colcon.colcon_core.shell:create_environment_hook('space_interfaces', 'pythonpath')
[24.067s] INFO:colcon.colcon_core.shell:Creating environment hook '/home/ubuntu/dev_ws/install/space_interfaces/share/space_interfaces/hook/pythonpath.ps1'
[24.067s] INFO:colcon.colcon_core.shell:Creating environment descriptor '/home/ubuntu/dev_ws/install/space_interfaces/share/space_interfaces/hook/pythonpath.dsv'
[24.068s] INFO:colcon.colcon_core.shell:Creating environment hook '/home/ubuntu/dev_ws/install/space_interfaces/share/space_interfaces/hook/pythonpath.sh'
[24.068s] Level 1:colcon.colcon_core.environment:checking '/home/ubuntu/dev_ws/install/space_interfaces/bin'
[24.069s] INFO:colcon.colcon_core.shell:Creating package script '/home/ubuntu/dev_ws/install/space_interfaces/share/space_interfaces/package.ps1'
[24.070s] INFO:colcon.colcon_core.shell:Creating package descriptor '/home/ubuntu/dev_ws/install/space_interfaces/share/space_interfaces/package.dsv'
[24.070s] INFO:colcon.colcon_core.shell:Creating package script '/home/ubuntu/dev_ws/install/space_interfaces/share/space_interfaces/package.sh'
[24.071s] INFO:colcon.colcon_core.shell:Creating package script '/home/ubuntu/dev_ws/install/space_interfaces/share/space_interfaces/package.bash'
[24.071s] INFO:colcon.colcon_core.shell:Creating package script '/home/ubuntu/dev_ws/install/space_interfaces/share/space_interfaces/package.zsh'
[24.072s] Level 1:colcon.colcon_core.environment:create_file_with_runtime_dependencies(/home/ubuntu/dev_ws/install/space_interfaces/share/colcon-core/packages/space_interfaces)
[24.155s] Level 1:colcon.colcon_core.environment:create_environment_scripts_only(space_interfaces)
[24.155s] Level 1:colcon.colcon_core.environment:checking '/home/ubuntu/dev_ws/install/space_interfaces' for CMake module files
[24.156s] Level 1:colcon.colcon_core.environment:checking '/home/ubuntu/dev_ws/install/space_interfaces' for CMake config files
[24.157s] Level 1:colcon.colcon_core.shell:create_environment_hook('space_interfaces', 'cmake_prefix_path')
[24.157s] INFO:colcon.colcon_core.shell:Creating environment hook '/home/ubuntu/dev_ws/install/space_interfaces/share/space_interfaces/hook/cmake_prefix_path.ps1'
[24.158s] INFO:colcon.colcon_core.shell:Creating environment descriptor '/home/ubuntu/dev_ws/install/space_interfaces/share/space_interfaces/hook/cmake_prefix_path.dsv'
[24.158s] INFO:colcon.colcon_core.shell:Creating environment hook '/home/ubuntu/dev_ws/install/space_interfaces/share/space_interfaces/hook/cmake_prefix_path.sh'
[24.160s] Level 1:colcon.colcon_core.environment:checking '/home/ubuntu/dev_ws/install/space_interfaces/lib'
[24.160s] Level 1:colcon.colcon_core.shell:create_environment_hook('space_interfaces', 'ld_library_path_lib')
[24.160s] INFO:colcon.colcon_core.shell:Creating environment hook '/home/ubuntu/dev_ws/install/space_interfaces/share/space_interfaces/hook/ld_library_path_lib.ps1'
[24.161s] INFO:colcon.colcon_core.shell:Creating environment descriptor '/home/ubuntu/dev_ws/install/space_interfaces/share/space_interfaces/hook/ld_library_path_lib.dsv'
[24.162s] INFO:colcon.colcon_core.shell:Creating environment hook '/home/ubuntu/dev_ws/install/space_interfaces/share/space_interfaces/hook/ld_library_path_lib.sh'
[24.163s] Level 1:colcon.colcon_core.environment:checking '/home/ubuntu/dev_ws/install/space_interfaces/bin'
[24.164s] Level 1:colcon.colcon_core.environment:checking '/home/ubuntu/dev_ws/install/space_interfaces/lib/pkgconfig/space_interfaces.pc'
[24.164s] Level 1:colcon.colcon_core.environment:checking '/home/ubuntu/dev_ws/install/space_interfaces/lib/python3.12/site-packages'
[24.165s] Level 1:colcon.colcon_core.shell:create_environment_hook('space_interfaces', 'pythonpath')
[24.165s] INFO:colcon.colcon_core.shell:Creating environment hook '/home/ubuntu/dev_ws/install/space_interfaces/share/space_interfaces/hook/pythonpath.ps1'
[24.166s] INFO:colcon.colcon_core.shell:Creating environment descriptor '/home/ubuntu/dev_ws/install/space_interfaces/share/space_interfaces/hook/pythonpath.dsv'
[24.166s] INFO:colcon.colcon_core.shell:Creating environment hook '/home/ubuntu/dev_ws/install/space_interfaces/share/space_interfaces/hook/pythonpath.sh'
[24.167s] Level 1:colcon.colcon_core.environment:checking '/home/ubuntu/dev_ws/install/space_interfaces/bin'
[24.167s] INFO:colcon.colcon_core.shell:Creating package script '/home/ubuntu/dev_ws/install/space_interfaces/share/space_interfaces/package.ps1'
[24.168s] INFO:colcon.colcon_core.shell:Creating package descriptor '/home/ubuntu/dev_ws/install/space_interfaces/share/space_interfaces/package.dsv'
[24.169s] INFO:colcon.colcon_core.shell:Creating package script '/home/ubuntu/dev_ws/install/space_interfaces/share/space_interfaces/package.sh'
[24.170s] INFO:colcon.colcon_core.shell:Creating package script '/home/ubuntu/dev_ws/install/space_interfaces/share/space_interfaces/package.bash'
[24.170s] INFO:colcon.colcon_core.shell:Creating package script '/home/ubuntu/dev_ws/install/space_interfaces/share/space_interfaces/package.zsh'
[24.171s] Level 1:colcon.colcon_core.environment:create_file_with_runtime_dependencies(/home/ubuntu/dev_ws/install/space_interfaces/share/colcon-core/packages/space_interfaces)
[24.171s] INFO:colcon.colcon_ros.task.ament_cmake.build:Building ROS package in '/home/ubuntu/dev_ws/src/frame_broadcaster' with build type 'ament_cmake'
[24.171s] INFO:colcon.colcon_cmake.task.cmake.build:Building CMake package in '/home/ubuntu/dev_ws/src/frame_broadcaster'
[24.172s] INFO:colcon.colcon_core.shell:Skip shell extension 'powershell' for command environment: Not usable outside of PowerShell
[24.172s] DEBUG:colcon.colcon_core.shell:Skip shell extension 'dsv' for command environment
[24.179s] INFO:colcon.colcon_ros.task.ament_cmake.build:Building ROS package in '/home/ubuntu/dev_ws/src/frame_listener' with build type 'ament_cmake'
[24.180s] INFO:colcon.colcon_cmake.task.cmake.build:Building CMake package in '/home/ubuntu/dev_ws/src/frame_listener'
[24.180s] INFO:colcon.colcon_core.shell:Skip shell extension 'powershell' for command environment: Not usable outside of PowerShell
[24.180s] DEBUG:colcon.colcon_core.shell:Skip shell extension 'dsv' for command environment
[24.481s] DEBUG:colcon.colcon_core.event_handler.log_command:Invoking command in '/home/ubuntu/dev_ws/build/frame_broadcaster': CMAKE_PREFIX_PATH=/home/ubuntu/dev_ws/install/space_interfaces:/home/ubuntu/dev_ws/install/frame_listener:/home/ubuntu/dev_ws/install/frame_broadcaster:/home/ubuntu/dev_ws/install/quadrobot:/opt/ros/jazzy/opt/gz_sim_vendor:/opt/ros/jazzy/opt/gz_sensors_vendor:/opt/ros/jazzy/opt/gz_physics_vendor:/opt/ros/jazzy/opt/sdformat_vendor:/opt/ros/jazzy/opt/gz_gui_vendor:/opt/ros/jazzy/opt/gz_transport_vendor:/opt/ros/jazzy/opt/gz_rendering_vendor:/opt/ros/jazzy/opt/gz_plugin_vendor:/opt/ros/jazzy/opt/gz_fuel_tools_vendor:/opt/ros/jazzy/opt/gz_msgs_vendor:/opt/ros/jazzy/opt/gz_common_vendor:/opt/ros/jazzy/opt/gz_math_vendor:/opt/ros/jazzy/opt/gz_utils_vendor:/opt/ros/jazzy/opt/gz_tools_vendor:/opt/ros/jazzy/opt/gz_ogre_next_vendor:/opt/ros/jazzy/opt/gz_dartsim_vendor:/opt/ros/jazzy/opt/gz_cmake_vendor:/opt/ros/jazzy /usr/bin/cmake /home/ubuntu/dev_ws/src/frame_broadcaster -DAMENT_CMAKE_SYMLINK_INSTALL=1 -DCMAKE_INSTALL_PREFIX=/home/ubuntu/dev_ws/install/frame_broadcaster
[24.485s] DEBUG:colcon.colcon_core.event_handler.log_command:Invoking command in '/home/ubuntu/dev_ws/build/frame_listener': CMAKE_PREFIX_PATH=/home/ubuntu/dev_ws/install/space_interfaces:/home/ubuntu/dev_ws/install/frame_listener:/home/ubuntu/dev_ws/install/frame_broadcaster:/home/ubuntu/dev_ws/install/quadrobot:/opt/ros/jazzy/opt/gz_sim_vendor:/opt/ros/jazzy/opt/gz_sensors_vendor:/opt/ros/jazzy/opt/gz_physics_vendor:/opt/ros/jazzy/opt/sdformat_vendor:/opt/ros/jazzy/opt/gz_gui_vendor:/opt/ros/jazzy/opt/gz_transport_vendor:/opt/ros/jazzy/opt/gz_rendering_vendor:/opt/ros/jazzy/opt/gz_plugin_vendor:/opt/ros/jazzy/opt/gz_fuel_tools_vendor:/opt/ros/jazzy/opt/gz_msgs_vendor:/opt/ros/jazzy/opt/gz_common_vendor:/opt/ros/jazzy/opt/gz_math_vendor:/opt/ros/jazzy/opt/gz_utils_vendor:/opt/ros/jazzy/opt/gz_tools_vendor:/opt/ros/jazzy/opt/gz_ogre_next_vendor:/opt/ros/jazzy/opt/gz_dartsim_vendor:/opt/ros/jazzy/opt/gz_cmake_vendor:/opt/ros/jazzy /usr/bin/cmake /home/ubuntu/dev_ws/src/frame_listener -DAMENT_CMAKE_SYMLINK_INSTALL=1 -DCMAKE_INSTALL_PREFIX=/home/ubuntu/dev_ws/install/frame_listener
[33.858s] DEBUG:colcon.colcon_core.event_handler.log_command:Invoked command in '/home/ubuntu/dev_ws/build/frame_listener' returned '0': CMAKE_PREFIX_PATH=/home/ubuntu/dev_ws/install/space_interfaces:/home/ubuntu/dev_ws/install/frame_listener:/home/ubuntu/dev_ws/install/frame_broadcaster:/home/ubuntu/dev_ws/install/quadrobot:/opt/ros/jazzy/opt/gz_sim_vendor:/opt/ros/jazzy/opt/gz_sensors_vendor:/opt/ros/jazzy/opt/gz_physics_vendor:/opt/ros/jazzy/opt/sdformat_vendor:/opt/ros/jazzy/opt/gz_gui_vendor:/opt/ros/jazzy/opt/gz_transport_vendor:/opt/ros/jazzy/opt/gz_rendering_vendor:/opt/ros/jazzy/opt/gz_plugin_vendor:/opt/ros/jazzy/opt/gz_fuel_tools_vendor:/opt/ros/jazzy/opt/gz_msgs_vendor:/opt/ros/jazzy/opt/gz_common_vendor:/opt/ros/jazzy/opt/gz_math_vendor:/opt/ros/jazzy/opt/gz_utils_vendor:/opt/ros/jazzy/opt/gz_tools_vendor:/opt/ros/jazzy/opt/gz_ogre_next_vendor:/opt/ros/jazzy/opt/gz_dartsim_vendor:/opt/ros/jazzy/opt/gz_cmake_vendor:/opt/ros/jazzy /usr/bin/cmake /home/ubuntu/dev_ws/src/frame_listener -DAMENT_CMAKE_SYMLINK_INSTALL=1 -DCMAKE_INSTALL_PREFIX=/home/ubuntu/dev_ws/install/frame_listener
[33.860s] DEBUG:colcon.colcon_core.event_handler.log_command:Invoking command in '/home/ubuntu/dev_ws/build/frame_listener': CMAKE_PREFIX_PATH=/home/ubuntu/dev_ws/install/space_interfaces:/home/ubuntu/dev_ws/install/frame_listener:/home/ubuntu/dev_ws/install/frame_broadcaster:/home/ubuntu/dev_ws/install/quadrobot:/opt/ros/jazzy/opt/gz_sim_vendor:/opt/ros/jazzy/opt/gz_sensors_vendor:/opt/ros/jazzy/opt/gz_physics_vendor:/opt/ros/jazzy/opt/sdformat_vendor:/opt/ros/jazzy/opt/gz_gui_vendor:/opt/ros/jazzy/opt/gz_transport_vendor:/opt/ros/jazzy/opt/gz_rendering_vendor:/opt/ros/jazzy/opt/gz_plugin_vendor:/opt/ros/jazzy/opt/gz_fuel_tools_vendor:/opt/ros/jazzy/opt/gz_msgs_vendor:/opt/ros/jazzy/opt/gz_common_vendor:/opt/ros/jazzy/opt/gz_math_vendor:/opt/ros/jazzy/opt/gz_utils_vendor:/opt/ros/jazzy/opt/gz_tools_vendor:/opt/ros/jazzy/opt/gz_ogre_next_vendor:/opt/ros/jazzy/opt/gz_dartsim_vendor:/opt/ros/jazzy/opt/gz_cmake_vendor:/opt/ros/jazzy /usr/bin/cmake --build /home/ubuntu/dev_ws/build/frame_listener -- -j16 -l16
[33.863s] DEBUG:colcon.colcon_core.event_handler.log_command:Invoked command in '/home/ubuntu/dev_ws/build/frame_broadcaster' returned '0': CMAKE_PREFIX_PATH=/home/ubuntu/dev_ws/install/space_interfaces:/home/ubuntu/dev_ws/install/frame_listener:/home/ubuntu/dev_ws/install/frame_broadcaster:/home/ubuntu/dev_ws/install/quadrobot:/opt/ros/jazzy/opt/gz_sim_vendor:/opt/ros/jazzy/opt/gz_sensors_vendor:/opt/ros/jazzy/opt/gz_physics_vendor:/opt/ros/jazzy/opt/sdformat_vendor:/opt/ros/jazzy/opt/gz_gui_vendor:/opt/ros/jazzy/opt/gz_transport_vendor:/opt/ros/jazzy/opt/gz_rendering_vendor:/opt/ros/jazzy/opt/gz_plugin_vendor:/opt/ros/jazzy/opt/gz_fuel_tools_vendor:/opt/ros/jazzy/opt/gz_msgs_vendor:/opt/ros/jazzy/opt/gz_common_vendor:/opt/ros/jazzy/opt/gz_math_vendor:/opt/ros/jazzy/opt/gz_utils_vendor:/opt/ros/jazzy/opt/gz_tools_vendor:/opt/ros/jazzy/opt/gz_ogre_next_vendor:/opt/ros/jazzy/opt/gz_dartsim_vendor:/opt/ros/jazzy/opt/gz_cmake_vendor:/opt/ros/jazzy /usr/bin/cmake /home/ubuntu/dev_ws/src/frame_broadcaster -DAMENT_CMAKE_SYMLINK_INSTALL=1 -DCMAKE_INSTALL_PREFIX=/home/ubuntu/dev_ws/install/frame_broadcaster
[33.865s] DEBUG:colcon.colcon_core.event_handler.log_command:Invoking command in '/home/ubuntu/dev_ws/build/frame_broadcaster': CMAKE_PREFIX_PATH=/home/ubuntu/dev_ws/install/space_interfaces:/home/ubuntu/dev_ws/install/frame_listener:/home/ubuntu/dev_ws/install/frame_broadcaster:/home/ubuntu/dev_ws/install/quadrobot:/opt/ros/jazzy/opt/gz_sim_vendor:/opt/ros/jazzy/opt/gz_sensors_vendor:/opt/ros/jazzy/opt/gz_physics_vendor:/opt/ros/jazzy/opt/sdformat_vendor:/opt/ros/jazzy/opt/gz_gui_vendor:/opt/ros/jazzy/opt/gz_transport_vendor:/opt/ros/jazzy/opt/gz_rendering_vendor:/opt/ros/jazzy/opt/gz_plugin_vendor:/opt/ros/jazzy/opt/gz_fuel_tools_vendor:/opt/ros/jazzy/opt/gz_msgs_vendor:/opt/ros/jazzy/opt/gz_common_vendor:/opt/ros/jazzy/opt/gz_math_vendor:/opt/ros/jazzy/opt/gz_utils_vendor:/opt/ros/jazzy/opt/gz_tools_vendor:/opt/ros/jazzy/opt/gz_ogre_next_vendor:/opt/ros/jazzy/opt/gz_dartsim_vendor:/opt/ros/jazzy/opt/gz_cmake_vendor:/opt/ros/jazzy /usr/bin/cmake --build /home/ubuntu/dev_ws/build/frame_broadcaster -- -j16 -l16
[46.860s] DEBUG:colcon.colcon_core.event_handler.log_command:Invoked command in '/home/ubuntu/dev_ws/build/frame_broadcaster' returned '0': CMAKE_PREFIX_PATH=/home/ubuntu/dev_ws/install/space_interfaces:/home/ubuntu/dev_ws/install/frame_listener:/home/ubuntu/dev_ws/install/frame_broadcaster:/home/ubuntu/dev_ws/install/quadrobot:/opt/ros/jazzy/opt/gz_sim_vendor:/opt/ros/jazzy/opt/gz_sensors_vendor:/opt/ros/jazzy/opt/gz_physics_vendor:/opt/ros/jazzy/opt/sdformat_vendor:/opt/ros/jazzy/opt/gz_gui_vendor:/opt/ros/jazzy/opt/gz_transport_vendor:/opt/ros/jazzy/opt/gz_rendering_vendor:/opt/ros/jazzy/opt/gz_plugin_vendor:/opt/ros/jazzy/opt/gz_fuel_tools_vendor:/opt/ros/jazzy/opt/gz_msgs_vendor:/opt/ros/jazzy/opt/gz_common_vendor:/opt/ros/jazzy/opt/gz_math_vendor:/opt/ros/jazzy/opt/gz_utils_vendor:/opt/ros/jazzy/opt/gz_tools_vendor:/opt/ros/jazzy/opt/gz_ogre_next_vendor:/opt/ros/jazzy/opt/gz_dartsim_vendor:/opt/ros/jazzy/opt/gz_cmake_vendor:/opt/ros/jazzy /usr/bin/cmake --build /home/ubuntu/dev_ws/build/frame_broadcaster -- -j16 -l16
[46.891s] DEBUG:colcon.colcon_core.event_handler.log_command:Invoking command in '/home/ubuntu/dev_ws/build/frame_broadcaster': CMAKE_PREFIX_PATH=/home/ubuntu/dev_ws/install/space_interfaces:/home/ubuntu/dev_ws/install/frame_listener:/home/ubuntu/dev_ws/install/frame_broadcaster:/home/ubuntu/dev_ws/install/quadrobot:/opt/ros/jazzy/opt/gz_sim_vendor:/opt/ros/jazzy/opt/gz_sensors_vendor:/opt/ros/jazzy/opt/gz_physics_vendor:/opt/ros/jazzy/opt/sdformat_vendor:/opt/ros/jazzy/opt/gz_gui_vendor:/opt/ros/jazzy/opt/gz_transport_vendor:/opt/ros/jazzy/opt/gz_rendering_vendor:/opt/ros/jazzy/opt/gz_plugin_vendor:/opt/ros/jazzy/opt/gz_fuel_tools_vendor:/opt/ros/jazzy/opt/gz_msgs_vendor:/opt/ros/jazzy/opt/gz_common_vendor:/opt/ros/jazzy/opt/gz_math_vendor:/opt/ros/jazzy/opt/gz_utils_vendor:/opt/ros/jazzy/opt/gz_tools_vendor:/opt/ros/jazzy/opt/gz_ogre_next_vendor:/opt/ros/jazzy/opt/gz_dartsim_vendor:/opt/ros/jazzy/opt/gz_cmake_vendor:/opt/ros/jazzy /usr/bin/cmake --install /home/ubuntu/dev_ws/build/frame_broadcaster
[47.112s] Level 1:colcon.colcon_core.environment:create_environment_scripts_only(frame_broadcaster)
[47.112s] Level 1:colcon.colcon_core.environment:checking '/home/ubuntu/dev_ws/install/frame_broadcaster' for CMake module files
[47.114s] DEBUG:colcon.colcon_core.event_handler.log_command:Invoked command in '/home/ubuntu/dev_ws/build/frame_broadcaster' returned '0': CMAKE_PREFIX_PATH=/home/ubuntu/dev_ws/install/space_interfaces:/home/ubuntu/dev_ws/install/frame_listener:/home/ubuntu/dev_ws/install/frame_broadcaster:/home/ubuntu/dev_ws/install/quadrobot:/opt/ros/jazzy/opt/gz_sim_vendor:/opt/ros/jazzy/opt/gz_sensors_vendor:/opt/ros/jazzy/opt/gz_physics_vendor:/opt/ros/jazzy/opt/sdformat_vendor:/opt/ros/jazzy/opt/gz_gui_vendor:/opt/ros/jazzy/opt/gz_transport_vendor:/opt/ros/jazzy/opt/gz_rendering_vendor:/opt/ros/jazzy/opt/gz_plugin_vendor:/opt/ros/jazzy/opt/gz_fuel_tools_vendor:/opt/ros/jazzy/opt/gz_msgs_vendor:/opt/ros/jazzy/opt/gz_common_vendor:/opt/ros/jazzy/opt/gz_math_vendor:/opt/ros/jazzy/opt/gz_utils_vendor:/opt/ros/jazzy/opt/gz_tools_vendor:/opt/ros/jazzy/opt/gz_ogre_next_vendor:/opt/ros/jazzy/opt/gz_dartsim_vendor:/opt/ros/jazzy/opt/gz_cmake_vendor:/opt/ros/jazzy /usr/bin/cmake --install /home/ubuntu/dev_ws/build/frame_broadcaster
[47.115s] Level 1:colcon.colcon_core.environment:checking '/home/ubuntu/dev_ws/install/frame_broadcaster' for CMake config files
[47.115s] Level 1:colcon.colcon_core.shell:create_environment_hook('frame_broadcaster', 'cmake_prefix_path')
[47.116s] INFO:colcon.colcon_core.shell:Creating environment hook '/home/ubuntu/dev_ws/install/frame_broadcaster/share/frame_broadcaster/hook/cmake_prefix_path.ps1'
[47.117s] INFO:colcon.colcon_core.shell:Creating environment descriptor '/home/ubuntu/dev_ws/install/frame_broadcaster/share/frame_broadcaster/hook/cmake_prefix_path.dsv'
[47.117s] INFO:colcon.colcon_core.shell:Creating environment hook '/home/ubuntu/dev_ws/install/frame_broadcaster/share/frame_broadcaster/hook/cmake_prefix_path.sh'
[47.118s] Level 1:colcon.colcon_core.environment:checking '/home/ubuntu/dev_ws/install/frame_broadcaster/lib'
[47.119s] Level 1:colcon.colcon_core.environment:checking '/home/ubuntu/dev_ws/install/frame_broadcaster/bin'
[47.119s] Level 1:colcon.colcon_core.environment:checking '/home/ubuntu/dev_ws/install/frame_broadcaster/lib/pkgconfig/frame_broadcaster.pc'
[47.119s] Level 1:colcon.colcon_core.environment:checking '/home/ubuntu/dev_ws/install/frame_broadcaster/lib/python3.12/site-packages'
[47.120s] Level 1:colcon.colcon_core.environment:checking '/home/ubuntu/dev_ws/install/frame_broadcaster/bin'
[47.121s] INFO:colcon.colcon_core.shell:Creating package script '/home/ubuntu/dev_ws/install/frame_broadcaster/share/frame_broadcaster/package.ps1'
[47.122s] INFO:colcon.colcon_core.shell:Creating package descriptor '/home/ubuntu/dev_ws/install/frame_broadcaster/share/frame_broadcaster/package.dsv'
[47.122s] INFO:colcon.colcon_core.shell:Creating package script '/home/ubuntu/dev_ws/install/frame_broadcaster/share/frame_broadcaster/package.sh'
[47.123s] INFO:colcon.colcon_core.shell:Creating package script '/home/ubuntu/dev_ws/install/frame_broadcaster/share/frame_broadcaster/package.bash'
[47.124s] INFO:colcon.colcon_core.shell:Creating package script '/home/ubuntu/dev_ws/install/frame_broadcaster/share/frame_broadcaster/package.zsh'
[47.124s] Level 1:colcon.colcon_core.environment:create_file_with_runtime_dependencies(/home/ubuntu/dev_ws/install/frame_broadcaster/share/colcon-core/packages/frame_broadcaster)
[47.163s] Level 1:colcon.colcon_core.environment:create_environment_scripts_only(frame_broadcaster)
[47.164s] Level 1:colcon.colcon_core.environment:checking '/home/ubuntu/dev_ws/install/frame_broadcaster' for CMake module files
[47.165s] Level 1:colcon.colcon_core.environment:checking '/home/ubuntu/dev_ws/install/frame_broadcaster' for CMake config files
[47.165s] Level 1:colcon.colcon_core.shell:create_environment_hook('frame_broadcaster', 'cmake_prefix_path')
[47.166s] INFO:colcon.colcon_core.shell:Creating environment hook '/home/ubuntu/dev_ws/install/frame_broadcaster/share/frame_broadcaster/hook/cmake_prefix_path.ps1'
[47.166s] INFO:colcon.colcon_core.shell:Creating environment descriptor '/home/ubuntu/dev_ws/install/frame_broadcaster/share/frame_broadcaster/hook/cmake_prefix_path.dsv'
[47.167s] INFO:colcon.colcon_core.shell:Creating environment hook '/home/ubuntu/dev_ws/install/frame_broadcaster/share/frame_broadcaster/hook/cmake_prefix_path.sh'
[47.168s] Level 1:colcon.colcon_core.environment:checking '/home/ubuntu/dev_ws/install/frame_broadcaster/lib'
[47.168s] Level 1:colcon.colcon_core.environment:checking '/home/ubuntu/dev_ws/install/frame_broadcaster/bin'
[47.168s] Level 1:colcon.colcon_core.environment:checking '/home/ubuntu/dev_ws/install/frame_broadcaster/lib/pkgconfig/frame_broadcaster.pc'
[47.169s] Level 1:colcon.colcon_core.environment:checking '/home/ubuntu/dev_ws/install/frame_broadcaster/lib/python3.12/site-packages'
[47.169s] Level 1:colcon.colcon_core.environment:checking '/home/ubuntu/dev_ws/install/frame_broadcaster/bin'
[47.170s] INFO:colcon.colcon_core.shell:Creating package script '/home/ubuntu/dev_ws/install/frame_broadcaster/share/frame_broadcaster/package.ps1'
[47.171s] INFO:colcon.colcon_core.shell:Creating package descriptor '/home/ubuntu/dev_ws/install/frame_broadcaster/share/frame_broadcaster/package.dsv'
[47.171s] INFO:colcon.colcon_core.shell:Creating package script '/home/ubuntu/dev_ws/install/frame_broadcaster/share/frame_broadcaster/package.sh'
[47.172s] INFO:colcon.colcon_core.shell:Creating package script '/home/ubuntu/dev_ws/install/frame_broadcaster/share/frame_broadcaster/package.bash'
[47.173s] INFO:colcon.colcon_core.shell:Creating package script '/home/ubuntu/dev_ws/install/frame_broadcaster/share/frame_broadcaster/package.zsh'
[47.174s] Level 1:colcon.colcon_core.environment:create_file_with_runtime_dependencies(/home/ubuntu/dev_ws/install/frame_broadcaster/share/colcon-core/packages/frame_broadcaster)
[47.852s] DEBUG:colcon.colcon_core.event_handler.log_command:Invoked command in '/home/ubuntu/dev_ws/build/frame_listener' returned '0': CMAKE_PREFIX_PATH=/home/ubuntu/dev_ws/install/space_interfaces:/home/ubuntu/dev_ws/install/frame_listener:/home/ubuntu/dev_ws/install/frame_broadcaster:/home/ubuntu/dev_ws/install/quadrobot:/opt/ros/jazzy/opt/gz_sim_vendor:/opt/ros/jazzy/opt/gz_sensors_vendor:/opt/ros/jazzy/opt/gz_physics_vendor:/opt/ros/jazzy/opt/sdformat_vendor:/opt/ros/jazzy/opt/gz_gui_vendor:/opt/ros/jazzy/opt/gz_transport_vendor:/opt/ros/jazzy/opt/gz_rendering_vendor:/opt/ros/jazzy/opt/gz_plugin_vendor:/opt/ros/jazzy/opt/gz_fuel_tools_vendor:/opt/ros/jazzy/opt/gz_msgs_vendor:/opt/ros/jazzy/opt/gz_common_vendor:/opt/ros/jazzy/opt/gz_math_vendor:/opt/ros/jazzy/opt/gz_utils_vendor:/opt/ros/jazzy/opt/gz_tools_vendor:/opt/ros/jazzy/opt/gz_ogre_next_vendor:/opt/ros/jazzy/opt/gz_dartsim_vendor:/opt/ros/jazzy/opt/gz_cmake_vendor:/opt/ros/jazzy /usr/bin/cmake --build /home/ubuntu/dev_ws/build/frame_listener -- -j16 -l16
[47.886s] DEBUG:colcon.colcon_core.event_handler.log_command:Invoking command in '/home/ubuntu/dev_ws/build/frame_listener': CMAKE_PREFIX_PATH=/home/ubuntu/dev_ws/install/space_interfaces:/home/ubuntu/dev_ws/install/frame_listener:/home/ubuntu/dev_ws/install/frame_broadcaster:/home/ubuntu/dev_ws/install/quadrobot:/opt/ros/jazzy/opt/gz_sim_vendor:/opt/ros/jazzy/opt/gz_sensors_vendor:/opt/ros/jazzy/opt/gz_physics_vendor:/opt/ros/jazzy/opt/sdformat_vendor:/opt/ros/jazzy/opt/gz_gui_vendor:/opt/ros/jazzy/opt/gz_transport_vendor:/opt/ros/jazzy/opt/gz_rendering_vendor:/opt/ros/jazzy/opt/gz_plugin_vendor:/opt/ros/jazzy/opt/gz_fuel_tools_vendor:/opt/ros/jazzy/opt/gz_msgs_vendor:/opt/ros/jazzy/opt/gz_common_vendor:/opt/ros/jazzy/opt/gz_math_vendor:/opt/ros/jazzy/opt/gz_utils_vendor:/opt/ros/jazzy/opt/gz_tools_vendor:/opt/ros/jazzy/opt/gz_ogre_next_vendor:/opt/ros/jazzy/opt/gz_dartsim_vendor:/opt/ros/jazzy/opt/gz_cmake_vendor:/opt/ros/jazzy /usr/bin/cmake --install /home/ubuntu/dev_ws/build/frame_listener
[48.068s] Level 1:colcon.colcon_core.environment:create_environment_scripts_only(frame_listener)
[48.069s] Level 1:colcon.colcon_core.environment:checking '/home/ubuntu/dev_ws/install/frame_listener' for CMake module files
[48.070s] DEBUG:colcon.colcon_core.event_handler.log_command:Invoked command in '/home/ubuntu/dev_ws/build/frame_listener' returned '0': CMAKE_PREFIX_PATH=/home/ubuntu/dev_ws/install/space_interfaces:/home/ubuntu/dev_ws/install/frame_listener:/home/ubuntu/dev_ws/install/frame_broadcaster:/home/ubuntu/dev_ws/install/quadrobot:/opt/ros/jazzy/opt/gz_sim_vendor:/opt/ros/jazzy/opt/gz_sensors_vendor:/opt/ros/jazzy/opt/gz_physics_vendor:/opt/ros/jazzy/opt/sdformat_vendor:/opt/ros/jazzy/opt/gz_gui_vendor:/opt/ros/jazzy/opt/gz_transport_vendor:/opt/ros/jazzy/opt/gz_rendering_vendor:/opt/ros/jazzy/opt/gz_plugin_vendor:/opt/ros/jazzy/opt/gz_fuel_tools_vendor:/opt/ros/jazzy/opt/gz_msgs_vendor:/opt/ros/jazzy/opt/gz_common_vendor:/opt/ros/jazzy/opt/gz_math_vendor:/opt/ros/jazzy/opt/gz_utils_vendor:/opt/ros/jazzy/opt/gz_tools_vendor:/opt/ros/jazzy/opt/gz_ogre_next_vendor:/opt/ros/jazzy/opt/gz_dartsim_vendor:/opt/ros/jazzy/opt/gz_cmake_vendor:/opt/ros/jazzy /usr/bin/cmake --install /home/ubuntu/dev_ws/build/frame_listener
[48.071s] Level 1:colcon.colcon_core.environment:checking '/home/ubuntu/dev_ws/install/frame_listener' for CMake config files
[48.071s] Level 1:colcon.colcon_core.shell:create_environment_hook('frame_listener', 'cmake_prefix_path')
[48.072s] INFO:colcon.colcon_core.shell:Creating environment hook '/home/ubuntu/dev_ws/install/frame_listener/share/frame_listener/hook/cmake_prefix_path.ps1'
[48.073s] INFO:colcon.colcon_core.shell:Creating environment descriptor '/home/ubuntu/dev_ws/install/frame_listener/share/frame_listener/hook/cmake_prefix_path.dsv'
[48.073s] INFO:colcon.colcon_core.shell:Creating environment hook '/home/ubuntu/dev_ws/install/frame_listener/share/frame_listener/hook/cmake_prefix_path.sh'
[48.074s] Level 1:colcon.colcon_core.environment:checking '/home/ubuntu/dev_ws/install/frame_listener/lib'
[48.074s] Level 1:colcon.colcon_core.environment:checking '/home/ubuntu/dev_ws/install/frame_listener/bin'
[48.075s] Level 1:colcon.colcon_core.environment:checking '/home/ubuntu/dev_ws/install/frame_listener/lib/pkgconfig/frame_listener.pc'
[48.075s] Level 1:colcon.colcon_core.environment:checking '/home/ubuntu/dev_ws/install/frame_listener/lib/python3.12/site-packages'
[48.075s] Level 1:colcon.colcon_core.environment:checking '/home/ubuntu/dev_ws/install/frame_listener/bin'
[48.076s] INFO:colcon.colcon_core.shell:Creating package script '/home/ubuntu/dev_ws/install/frame_listener/share/frame_listener/package.ps1'
[48.076s] INFO:colcon.colcon_core.shell:Creating package descriptor '/home/ubuntu/dev_ws/install/frame_listener/share/frame_listener/package.dsv'
[48.077s] INFO:colcon.colcon_core.shell:Creating package script '/home/ubuntu/dev_ws/install/frame_listener/share/frame_listener/package.sh'
[48.078s] INFO:colcon.colcon_core.shell:Creating package script '/home/ubuntu/dev_ws/install/frame_listener/share/frame_listener/package.bash'
[48.078s] INFO:colcon.colcon_core.shell:Creating package script '/home/ubuntu/dev_ws/install/frame_listener/share/frame_listener/package.zsh'
[48.079s] Level 1:colcon.colcon_core.environment:create_file_with_runtime_dependencies(/home/ubuntu/dev_ws/install/frame_listener/share/colcon-core/packages/frame_listener)
[48.111s] Level 1:colcon.colcon_core.environment:create_environment_scripts_only(frame_listener)
[48.111s] Level 1:colcon.colcon_core.environment:checking '/home/ubuntu/dev_ws/install/frame_listener' for CMake module files
[48.112s] Level 1:colcon.colcon_core.environment:checking '/home/ubuntu/dev_ws/install/frame_listener' for CMake config files
[48.113s] Level 1:colcon.colcon_core.shell:create_environment_hook('frame_listener', 'cmake_prefix_path')
[48.113s] INFO:colcon.colcon_core.shell:Creating environment hook '/home/ubuntu/dev_ws/install/frame_listener/share/frame_listener/hook/cmake_prefix_path.ps1'
[48.114s] INFO:colcon.colcon_core.shell:Creating environment descriptor '/home/ubuntu/dev_ws/install/frame_listener/share/frame_listener/hook/cmake_prefix_path.dsv'
[48.114s] INFO:colcon.colcon_core.shell:Creating environment hook '/home/ubuntu/dev_ws/install/frame_listener/share/frame_listener/hook/cmake_prefix_path.sh'
[48.115s] Level 1:colcon.colcon_core.environment:checking '/home/ubuntu/dev_ws/install/frame_listener/lib'
[48.115s] Level 1:colcon.colcon_core.environment:checking '/home/ubuntu/dev_ws/install/frame_listener/bin'
[48.116s] Level 1:colcon.colcon_core.environment:checking '/home/ubuntu/dev_ws/install/frame_listener/lib/pkgconfig/frame_listener.pc'
[48.116s] Level 1:colcon.colcon_core.environment:checking '/home/ubuntu/dev_ws/install/frame_listener/lib/python3.12/site-packages'
[48.116s] Level 1:colcon.colcon_core.environment:checking '/home/ubuntu/dev_ws/install/frame_listener/bin'
[48.117s] INFO:colcon.colcon_core.shell:Creating package script '/home/ubuntu/dev_ws/install/frame_listener/share/frame_listener/package.ps1'
[48.118s] INFO:colcon.colcon_core.shell:Creating package descriptor '/home/ubuntu/dev_ws/install/frame_listener/share/frame_listener/package.dsv'
[48.118s] INFO:colcon.colcon_core.shell:Creating package script '/home/ubuntu/dev_ws/install/frame_listener/share/frame_listener/package.sh'
[48.119s] INFO:colcon.colcon_core.shell:Creating package script '/home/ubuntu/dev_ws/install/frame_listener/share/frame_listener/package.bash'
[48.120s] INFO:colcon.colcon_core.shell:Creating package script '/home/ubuntu/dev_ws/install/frame_listener/share/frame_listener/package.zsh'
[48.120s] Level 1:colcon.colcon_core.environment:create_file_with_runtime_dependencies(/home/ubuntu/dev_ws/install/frame_listener/share/colcon-core/packages/frame_listener)
[48.121s] DEBUG:colcon.colcon_parallel_executor.executor.parallel:closing loop
[48.121s] DEBUG:colcon.colcon_parallel_executor.executor.parallel:loop closed
[48.121s] DEBUG:colcon.colcon_parallel_executor.executor.parallel:run_until_complete finished with '0'
[48.121s] DEBUG:colcon.colcon_core.event_reactor:joining thread
[48.283s] INFO:colcon.colcon_core.plugin_system:Skipping extension 'colcon_notification.desktop_notification.notify_send': Could not find 'notify-send'
[48.283s] INFO:colcon.colcon_core.plugin_system:Skipping extension 'colcon_notification.desktop_notification.terminal_notifier': Not used on non-Darwin systems
[48.283s] INFO:colcon.colcon_core.plugin_system:Skipping extension 'colcon_notification.desktop_notification.win32': Not used on non-Windows systems
[48.284s] INFO:colcon.colcon_notification.desktop_notification:Sending desktop notification using 'notify2'
[48.286s] DEBUG:colcon.colcon_notification.desktop_notification.notify2:Failed to initialize notify2: org.freedesktop.DBus.Error.ServiceUnknown: The name org.freedesktop.Notifications was not provided by any .service files
[48.286s] DEBUG:colcon.colcon_core.event_reactor:joined thread
[48.287s] INFO:colcon.colcon_core.shell:Creating prefix script '/home/ubuntu/dev_ws/install/local_setup.ps1'
[48.288s] INFO:colcon.colcon_core.shell:Creating prefix util module '/home/ubuntu/dev_ws/install/_local_setup_util_ps1.py'
[48.290s] INFO:colcon.colcon_core.shell:Creating prefix chain script '/home/ubuntu/dev_ws/install/setup.ps1'
[48.292s] INFO:colcon.colcon_core.shell:Creating prefix script '/home/ubuntu/dev_ws/install/local_setup.sh'
[48.293s] INFO:colcon.colcon_core.shell:Creating prefix util module '/home/ubuntu/dev_ws/install/_local_setup_util_sh.py'
[48.294s] INFO:colcon.colcon_core.shell:Creating prefix chain script '/home/ubuntu/dev_ws/install/setup.sh'
[48.296s] INFO:colcon.colcon_core.shell:Creating prefix script '/home/ubuntu/dev_ws/install/local_setup.bash'
[48.297s] INFO:colcon.colcon_core.shell:Creating prefix chain script '/home/ubuntu/dev_ws/install/setup.bash'
[48.299s] INFO:colcon.colcon_core.shell:Creating prefix script '/home/ubuntu/dev_ws/install/local_setup.zsh'
[48.300s] INFO:colcon.colcon_core.shell:Creating prefix chain script '/home/ubuntu/dev_ws/install/setup.zsh'
