[0.043s] Invoking command in '/home/ubuntu/quadro_ws/build/quadro_move_ctrl': CMAKE_PREFIX_PATH=${CMAKE_PREFIX_PATH}:/opt/ros/jazzy /usr/bin/cmake /home/ubuntu/quadro_ws/src/quadro_move_ctrl -DAMENT_CMAKE_SYMLINK_INSTALL=1 -DCMAKE_INSTALL_PREFIX=/home/ubuntu/quadro_ws/install/quadro_move_ctrl
[0.393s] -- The C compiler identification is GNU 13.2.0
[2.375s] -- The CXX compiler identification is GNU 13.2.0
[3.884s] -- Detecting C compiler ABI info
[4.363s] -- Detecting C compiler ABI info - done
[4.379s] -- Check for working C compiler: /usr/bin/cc - skipped
[4.379s] -- Detecting C compile features
[4.380s] -- Detecting C compile features - done
[4.611s] -- Detecting CXX compiler ABI info
[5.156s] -- Detecting CXX compiler ABI info - done
[5.173s] -- Check for working CXX compiler: /usr/bin/c++ - skipped
[5.173s] -- Detecting CXX compile features
[5.174s] -- Detecting CXX compile features - done
[5.180s] -- Found ament_cmake: 2.5.2 (/opt/ros/jazzy/share/ament_cmake/cmake)
[5.425s] -- Found Python3: /usr/bin/python3 (found version "3.12.3") found components: Interpreter 
[5.517s] -- Override CMake install command with custom implementation using symlinks instead of copying resources
[5.568s] -- Found rclcpp: 28.1.5 (/opt/ros/jazzy/share/rclcpp/cmake)
[5.894s] -- Found rosidl_generator_c: 4.6.4 (/opt/ros/jazzy/share/rosidl_generator_c/cmake)
[5.923s] -- Found rosidl_generator_cpp: 4.6.4 (/opt/ros/jazzy/share/rosidl_generator_cpp/cmake)
[5.952s] -- Using all available rosidl_typesupport_c: rosidl_typesupport_fastrtps_c;rosidl_typesupport_introspection_c
[5.988s] -- Using all available rosidl_typesupport_cpp: rosidl_typesupport_fastrtps_cpp;rosidl_typesupport_introspection_cpp
[6.139s] -- Found rmw_implementation_cmake: 7.3.1 (/opt/ros/jazzy/share/rmw_implementation_cmake/cmake)
[6.144s] -- Found rmw_fastrtps_cpp: 8.4.1 (/opt/ros/jazzy/share/rmw_fastrtps_cpp/cmake)
[6.247s] -- Found OpenSSL: /usr/lib/x86_64-linux-gnu/libcrypto.so (found version "3.0.13")  
[6.597s] -- Found FastRTPS: /opt/ros/jazzy/include (Required is at least version "2.13") 
[6.780s] -- Using RMW implementation 'rmw_fastrtps_cpp' as default
[7.118s] -- Found std_msgs: 5.3.5 (/opt/ros/jazzy/share/std_msgs/cmake)
[7.139s] -- Found ament_lint_auto: 0.17.1 (/opt/ros/jazzy/share/ament_lint_auto/cmake)
[7.254s] -- Added test 'cppcheck' to perform static code analysis on C / C++ code
[7.255s] -- Configured cppcheck include dirs: 
[7.255s] -- Configured cppcheck exclude dirs and/or files: 
[7.256s] -- Added test 'lint_cmake' to check CMake code style
[7.257s] -- Added test 'uncrustify' to check C / C++ code style
[7.257s] -- Configured uncrustify additional arguments: 
[7.258s] -- Added test 'xmllint' to check XML markup files
[7.261s] -- Configuring done (7.2s)
[7.272s] -- Generating done (0.0s)
[7.274s] -- Build files have been written to: /home/ubuntu/quadro_ws/build/quadro_move_ctrl
[7.285s] Invoked command in '/home/ubuntu/quadro_ws/build/quadro_move_ctrl' returned '0': CMAKE_PREFIX_PATH=${CMAKE_PREFIX_PATH}:/opt/ros/jazzy /usr/bin/cmake /home/ubuntu/quadro_ws/src/quadro_move_ctrl -DAMENT_CMAKE_SYMLINK_INSTALL=1 -DCMAKE_INSTALL_PREFIX=/home/ubuntu/quadro_ws/install/quadro_move_ctrl
[7.286s] Invoking command in '/home/ubuntu/quadro_ws/build/quadro_move_ctrl': CMAKE_PREFIX_PATH=${CMAKE_PREFIX_PATH}:/opt/ros/jazzy /usr/bin/cmake --build /home/ubuntu/quadro_ws/build/quadro_move_ctrl -- -j16 -l16
[7.335s] [ 50%] [32mBuilding CXX object CMakeFiles/quadro_move_ctrl_node.dir/src/quadro_move_ctrl_node.cpp.o[0m
[19.087s] [100%] [32m[1mLinking CXX executable quadro_move_ctrl_node[0m
[19.469s] [100%] Built target quadro_move_ctrl_node
[19.479s] Invoked command in '/home/ubuntu/quadro_ws/build/quadro_move_ctrl' returned '0': CMAKE_PREFIX_PATH=${CMAKE_PREFIX_PATH}:/opt/ros/jazzy /usr/bin/cmake --build /home/ubuntu/quadro_ws/build/quadro_move_ctrl -- -j16 -l16
[19.504s] Invoking command in '/home/ubuntu/quadro_ws/build/quadro_move_ctrl': CMAKE_PREFIX_PATH=${CMAKE_PREFIX_PATH}:/opt/ros/jazzy /usr/bin/cmake --install /home/ubuntu/quadro_ws/build/quadro_move_ctrl
[19.511s] -- Install configuration: ""
[19.511s] -- Execute custom install script
[19.512s] -- Symlinking: /home/ubuntu/quadro_ws/install/quadro_move_ctrl/lib/quadro_move_ctrl/quadro_move_ctrl_node
[19.521s] -- Symlinking: /home/ubuntu/quadro_ws/install/quadro_move_ctrl/share/ament_index/resource_index/package_run_dependencies/quadro_move_ctrl
[19.530s] -- Symlinking: /home/ubuntu/quadro_ws/install/quadro_move_ctrl/share/ament_index/resource_index/parent_prefix_path/quadro_move_ctrl
[19.538s] -- Symlinking: /home/ubuntu/quadro_ws/install/quadro_move_ctrl/share/quadro_move_ctrl/environment/ament_prefix_path.sh
[19.546s] -- Symlinking: /home/ubuntu/quadro_ws/install/quadro_move_ctrl/share/quadro_move_ctrl/environment/ament_prefix_path.dsv
[19.553s] -- Symlinking: /home/ubuntu/quadro_ws/install/quadro_move_ctrl/share/quadro_move_ctrl/environment/path.sh
[19.560s] -- Symlinking: /home/ubuntu/quadro_ws/install/quadro_move_ctrl/share/quadro_move_ctrl/environment/path.dsv
[19.567s] -- Symlinking: /home/ubuntu/quadro_ws/install/quadro_move_ctrl/share/quadro_move_ctrl/local_setup.bash
[19.575s] -- Symlinking: /home/ubuntu/quadro_ws/install/quadro_move_ctrl/share/quadro_move_ctrl/local_setup.sh
[19.582s] -- Symlinking: /home/ubuntu/quadro_ws/install/quadro_move_ctrl/share/quadro_move_ctrl/local_setup.zsh
[19.589s] -- Symlinking: /home/ubuntu/quadro_ws/install/quadro_move_ctrl/share/quadro_move_ctrl/local_setup.dsv
[19.597s] -- Symlinking: /home/ubuntu/quadro_ws/install/quadro_move_ctrl/share/quadro_move_ctrl/package.dsv
[19.605s] -- Symlinking: /home/ubuntu/quadro_ws/install/quadro_move_ctrl/share/ament_index/resource_index/packages/quadro_move_ctrl
[19.613s] -- Symlinking: /home/ubuntu/quadro_ws/install/quadro_move_ctrl/share/quadro_move_ctrl/cmake/quadro_move_ctrlConfig.cmake
[19.620s] -- Symlinking: /home/ubuntu/quadro_ws/install/quadro_move_ctrl/share/quadro_move_ctrl/cmake/quadro_move_ctrlConfig-version.cmake
[19.627s] -- Symlinking: /home/ubuntu/quadro_ws/install/quadro_move_ctrl/share/quadro_move_ctrl/package.xml
[19.636s] Invoked command in '/home/ubuntu/quadro_ws/build/quadro_move_ctrl' returned '0': CMAKE_PREFIX_PATH=${CMAKE_PREFIX_PATH}:/opt/ros/jazzy /usr/bin/cmake --install /home/ubuntu/quadro_ws/build/quadro_move_ctrl
