[0.347s] Invoking command in '/home/ubuntu/dev_ws/build/frame_broadcaster': CMAKE_PREFIX_PATH=/home/ubuntu/dev_ws/install/space_interfaces:/home/ubuntu/dev_ws/install/frame_listener:/home/ubuntu/dev_ws/install/frame_broadcaster:/home/ubuntu/dev_ws/install/quadrobot:/opt/ros/jazzy/opt/gz_sim_vendor:/opt/ros/jazzy/opt/gz_sensors_vendor:/opt/ros/jazzy/opt/gz_physics_vendor:/opt/ros/jazzy/opt/sdformat_vendor:/opt/ros/jazzy/opt/gz_gui_vendor:/opt/ros/jazzy/opt/gz_transport_vendor:/opt/ros/jazzy/opt/gz_rendering_vendor:/opt/ros/jazzy/opt/gz_plugin_vendor:/opt/ros/jazzy/opt/gz_fuel_tools_vendor:/opt/ros/jazzy/opt/gz_msgs_vendor:/opt/ros/jazzy/opt/gz_common_vendor:/opt/ros/jazzy/opt/gz_math_vendor:/opt/ros/jazzy/opt/gz_utils_vendor:/opt/ros/jazzy/opt/gz_tools_vendor:/opt/ros/jazzy/opt/gz_ogre_next_vendor:/opt/ros/jazzy/opt/gz_dartsim_vendor:/opt/ros/jazzy/opt/gz_cmake_vendor:/opt/ros/jazzy /usr/bin/cmake /home/ubuntu/dev_ws/src/frame_broadcaster -DAMENT_CMAKE_SYMLINK_INSTALL=1 -DCMAKE_INSTALL_PREFIX=/home/ubuntu/dev_ws/install/frame_broadcaster
[0.614s] -- The C compiler identification is GNU 13.2.0
[2.178s] -- The CXX compiler identification is GNU 13.2.0
[3.620s] -- Detecting C compiler ABI info
[4.257s] -- Detecting C compiler ABI info - done
[4.290s] -- Check for working C compiler: /usr/bin/cc - skipped
[4.290s] -- Detecting C compile features
[4.293s] -- Detecting C compile features - done
[4.695s] -- Detecting CXX compiler ABI info
[5.755s] -- Detecting CXX compiler ABI info - done
[5.788s] -- Check for working CXX compiler: /usr/bin/c++ - skipped
[5.790s] -- Detecting CXX compile features
[5.791s] -- Detecting CXX compile features - done
[5.801s] -- Found ament_cmake: 2.5.2 (/opt/ros/jazzy/share/ament_cmake/cmake)
[6.082s] -- Found Python3: /usr/bin/python3 (found version "3.12.3") found components: Interpreter 
[6.193s] -- Override CMake install command with custom implementation using symlinks instead of copying resources
[6.256s] -- Found rclcpp: 28.1.5 (/opt/ros/jazzy/share/rclcpp/cmake)
[6.826s] -- Found rosidl_generator_c: 4.6.4 (/opt/ros/jazzy/share/rosidl_generator_c/cmake)
[6.865s] -- Found rosidl_generator_cpp: 4.6.4 (/opt/ros/jazzy/share/rosidl_generator_cpp/cmake)
[6.910s] -- Using all available rosidl_typesupport_c: rosidl_typesupport_fastrtps_c;rosidl_typesupport_introspection_c
[6.950s] -- Using all available rosidl_typesupport_cpp: rosidl_typesupport_fastrtps_cpp;rosidl_typesupport_introspection_cpp
[7.149s] -- Found rmw_implementation_cmake: 7.3.1 (/opt/ros/jazzy/share/rmw_implementation_cmake/cmake)
[7.160s] -- Found rmw_fastrtps_cpp: 8.4.1 (/opt/ros/jazzy/share/rmw_fastrtps_cpp/cmake)
[7.338s] -- Found OpenSSL: /usr/lib/x86_64-linux-gnu/libcrypto.so (found version "3.0.13")  
[7.779s] -- Found FastRTPS: /opt/ros/jazzy/include (Required is at least version "2.13") 
[8.266s] -- Using RMW implementation 'rmw_fastrtps_cpp' as default
[8.912s] -- Found geometry_msgs: 5.3.5 (/opt/ros/jazzy/share/geometry_msgs/cmake)
[9.115s] -- Found tf2: 0.36.4 (/opt/ros/jazzy/share/tf2/cmake)
[9.144s] -- Found tf2_ros: 0.36.4 (/opt/ros/jazzy/share/tf2_ros/cmake)
[9.768s] -- Found space_interfaces: 0.0.0 (/home/ubuntu/dev_ws/install/space_interfaces/share/space_interfaces/cmake)
[9.806s] -- Found ament_lint_auto: 0.17.1 (/opt/ros/jazzy/share/ament_lint_auto/cmake)
[10.022s] -- Added test 'cppcheck' to perform static code analysis on C / C++ code
[10.025s] -- Configured cppcheck include dirs: 
[10.025s] -- Configured cppcheck exclude dirs and/or files: 
[10.026s] -- Added test 'lint_cmake' to check CMake code style
[10.028s] -- Added test 'uncrustify' to check C / C++ code style
[10.028s] -- Configured uncrustify additional arguments: 
[10.030s] -- Added test 'xmllint' to check XML markup files
[10.035s] -- Configuring done (9.7s)
[10.066s] -- Generating done (0.0s)
[10.070s] -- Build files have been written to: /home/ubuntu/dev_ws/build/frame_broadcaster
[10.093s] Invoked command in '/home/ubuntu/dev_ws/build/frame_broadcaster' returned '0': CMAKE_PREFIX_PATH=/home/ubuntu/dev_ws/install/space_interfaces:/home/ubuntu/dev_ws/install/frame_listener:/home/ubuntu/dev_ws/install/frame_broadcaster:/home/ubuntu/dev_ws/install/quadrobot:/opt/ros/jazzy/opt/gz_sim_vendor:/opt/ros/jazzy/opt/gz_sensors_vendor:/opt/ros/jazzy/opt/gz_physics_vendor:/opt/ros/jazzy/opt/sdformat_vendor:/opt/ros/jazzy/opt/gz_gui_vendor:/opt/ros/jazzy/opt/gz_transport_vendor:/opt/ros/jazzy/opt/gz_rendering_vendor:/opt/ros/jazzy/opt/gz_plugin_vendor:/opt/ros/jazzy/opt/gz_fuel_tools_vendor:/opt/ros/jazzy/opt/gz_msgs_vendor:/opt/ros/jazzy/opt/gz_common_vendor:/opt/ros/jazzy/opt/gz_math_vendor:/opt/ros/jazzy/opt/gz_utils_vendor:/opt/ros/jazzy/opt/gz_tools_vendor:/opt/ros/jazzy/opt/gz_ogre_next_vendor:/opt/ros/jazzy/opt/gz_dartsim_vendor:/opt/ros/jazzy/opt/gz_cmake_vendor:/opt/ros/jazzy /usr/bin/cmake /home/ubuntu/dev_ws/src/frame_broadcaster -DAMENT_CMAKE_SYMLINK_INSTALL=1 -DCMAKE_INSTALL_PREFIX=/home/ubuntu/dev_ws/install/frame_broadcaster
[10.094s] Invoking command in '/home/ubuntu/dev_ws/build/frame_broadcaster': CMAKE_PREFIX_PATH=/home/ubuntu/dev_ws/install/space_interfaces:/home/ubuntu/dev_ws/install/frame_listener:/home/ubuntu/dev_ws/install/frame_broadcaster:/home/ubuntu/dev_ws/install/quadrobot:/opt/ros/jazzy/opt/gz_sim_vendor:/opt/ros/jazzy/opt/gz_sensors_vendor:/opt/ros/jazzy/opt/gz_physics_vendor:/opt/ros/jazzy/opt/sdformat_vendor:/opt/ros/jazzy/opt/gz_gui_vendor:/opt/ros/jazzy/opt/gz_transport_vendor:/opt/ros/jazzy/opt/gz_rendering_vendor:/opt/ros/jazzy/opt/gz_plugin_vendor:/opt/ros/jazzy/opt/gz_fuel_tools_vendor:/opt/ros/jazzy/opt/gz_msgs_vendor:/opt/ros/jazzy/opt/gz_common_vendor:/opt/ros/jazzy/opt/gz_math_vendor:/opt/ros/jazzy/opt/gz_utils_vendor:/opt/ros/jazzy/opt/gz_tools_vendor:/opt/ros/jazzy/opt/gz_ogre_next_vendor:/opt/ros/jazzy/opt/gz_dartsim_vendor:/opt/ros/jazzy/opt/gz_cmake_vendor:/opt/ros/jazzy /usr/bin/cmake --build /home/ubuntu/dev_ws/build/frame_broadcaster -- -j16 -l16
[10.179s] [ 50%] [32mBuilding CXX object CMakeFiles/broadcaster_transform.dir/src/broadcaster_transform.cpp.o[0m
[22.956s] [100%] [32m[1mLinking CXX executable broadcaster_transform[0m
[23.717s] [100%] Built target broadcaster_transform
[23.731s] Invoked command in '/home/ubuntu/dev_ws/build/frame_broadcaster' returned '0': CMAKE_PREFIX_PATH=/home/ubuntu/dev_ws/install/space_interfaces:/home/ubuntu/dev_ws/install/frame_listener:/home/ubuntu/dev_ws/install/frame_broadcaster:/home/ubuntu/dev_ws/install/quadrobot:/opt/ros/jazzy/opt/gz_sim_vendor:/opt/ros/jazzy/opt/gz_sensors_vendor:/opt/ros/jazzy/opt/gz_physics_vendor:/opt/ros/jazzy/opt/sdformat_vendor:/opt/ros/jazzy/opt/gz_gui_vendor:/opt/ros/jazzy/opt/gz_transport_vendor:/opt/ros/jazzy/opt/gz_rendering_vendor:/opt/ros/jazzy/opt/gz_plugin_vendor:/opt/ros/jazzy/opt/gz_fuel_tools_vendor:/opt/ros/jazzy/opt/gz_msgs_vendor:/opt/ros/jazzy/opt/gz_common_vendor:/opt/ros/jazzy/opt/gz_math_vendor:/opt/ros/jazzy/opt/gz_utils_vendor:/opt/ros/jazzy/opt/gz_tools_vendor:/opt/ros/jazzy/opt/gz_ogre_next_vendor:/opt/ros/jazzy/opt/gz_dartsim_vendor:/opt/ros/jazzy/opt/gz_cmake_vendor:/opt/ros/jazzy /usr/bin/cmake --build /home/ubuntu/dev_ws/build/frame_broadcaster -- -j16 -l16
[23.764s] Invoking command in '/home/ubuntu/dev_ws/build/frame_broadcaster': CMAKE_PREFIX_PATH=/home/ubuntu/dev_ws/install/space_interfaces:/home/ubuntu/dev_ws/install/frame_listener:/home/ubuntu/dev_ws/install/frame_broadcaster:/home/ubuntu/dev_ws/install/quadrobot:/opt/ros/jazzy/opt/gz_sim_vendor:/opt/ros/jazzy/opt/gz_sensors_vendor:/opt/ros/jazzy/opt/gz_physics_vendor:/opt/ros/jazzy/opt/sdformat_vendor:/opt/ros/jazzy/opt/gz_gui_vendor:/opt/ros/jazzy/opt/gz_transport_vendor:/opt/ros/jazzy/opt/gz_rendering_vendor:/opt/ros/jazzy/opt/gz_plugin_vendor:/opt/ros/jazzy/opt/gz_fuel_tools_vendor:/opt/ros/jazzy/opt/gz_msgs_vendor:/opt/ros/jazzy/opt/gz_common_vendor:/opt/ros/jazzy/opt/gz_math_vendor:/opt/ros/jazzy/opt/gz_utils_vendor:/opt/ros/jazzy/opt/gz_tools_vendor:/opt/ros/jazzy/opt/gz_ogre_next_vendor:/opt/ros/jazzy/opt/gz_dartsim_vendor:/opt/ros/jazzy/opt/gz_cmake_vendor:/opt/ros/jazzy /usr/bin/cmake --install /home/ubuntu/dev_ws/build/frame_broadcaster
[23.773s] -- Install configuration: ""
[23.774s] -- Execute custom install script
[23.775s] -- Symlinking: /home/ubuntu/dev_ws/install/frame_broadcaster/lib/frame_broadcaster/broadcaster_transform
[23.788s] -- Symlinking: /home/ubuntu/dev_ws/install/frame_broadcaster/share/ament_index/resource_index/package_run_dependencies/frame_broadcaster
[23.804s] -- Symlinking: /home/ubuntu/dev_ws/install/frame_broadcaster/share/ament_index/resource_index/parent_prefix_path/frame_broadcaster
[23.821s] -- Symlinking: /home/ubuntu/dev_ws/install/frame_broadcaster/share/frame_broadcaster/environment/ament_prefix_path.sh
[23.837s] -- Symlinking: /home/ubuntu/dev_ws/install/frame_broadcaster/share/frame_broadcaster/environment/ament_prefix_path.dsv
[23.855s] -- Symlinking: /home/ubuntu/dev_ws/install/frame_broadcaster/share/frame_broadcaster/environment/path.sh
[23.873s] -- Symlinking: /home/ubuntu/dev_ws/install/frame_broadcaster/share/frame_broadcaster/environment/path.dsv
[23.890s] -- Symlinking: /home/ubuntu/dev_ws/install/frame_broadcaster/share/frame_broadcaster/local_setup.bash
[23.907s] -- Symlinking: /home/ubuntu/dev_ws/install/frame_broadcaster/share/frame_broadcaster/local_setup.sh
[23.924s] -- Symlinking: /home/ubuntu/dev_ws/install/frame_broadcaster/share/frame_broadcaster/local_setup.zsh
[23.941s] -- Symlinking: /home/ubuntu/dev_ws/install/frame_broadcaster/share/frame_broadcaster/local_setup.dsv
[23.957s] -- Symlinking: /home/ubuntu/dev_ws/install/frame_broadcaster/share/frame_broadcaster/package.dsv
[23.975s] -- Symlinking: /home/ubuntu/dev_ws/install/frame_broadcaster/share/ament_index/resource_index/packages/frame_broadcaster
[23.992s] -- Symlinking: /home/ubuntu/dev_ws/install/frame_broadcaster/share/frame_broadcaster/cmake/frame_broadcasterConfig.cmake
[24.009s] -- Symlinking: /home/ubuntu/dev_ws/install/frame_broadcaster/share/frame_broadcaster/cmake/frame_broadcasterConfig-version.cmake
[24.027s] -- Symlinking: /home/ubuntu/dev_ws/install/frame_broadcaster/share/frame_broadcaster/package.xml
[24.047s] Invoked command in '/home/ubuntu/dev_ws/build/frame_broadcaster' returned '0': CMAKE_PREFIX_PATH=/home/ubuntu/dev_ws/install/space_interfaces:/home/ubuntu/dev_ws/install/frame_listener:/home/ubuntu/dev_ws/install/frame_broadcaster:/home/ubuntu/dev_ws/install/quadrobot:/opt/ros/jazzy/opt/gz_sim_vendor:/opt/ros/jazzy/opt/gz_sensors_vendor:/opt/ros/jazzy/opt/gz_physics_vendor:/opt/ros/jazzy/opt/sdformat_vendor:/opt/ros/jazzy/opt/gz_gui_vendor:/opt/ros/jazzy/opt/gz_transport_vendor:/opt/ros/jazzy/opt/gz_rendering_vendor:/opt/ros/jazzy/opt/gz_plugin_vendor:/opt/ros/jazzy/opt/gz_fuel_tools_vendor:/opt/ros/jazzy/opt/gz_msgs_vendor:/opt/ros/jazzy/opt/gz_common_vendor:/opt/ros/jazzy/opt/gz_math_vendor:/opt/ros/jazzy/opt/gz_utils_vendor:/opt/ros/jazzy/opt/gz_tools_vendor:/opt/ros/jazzy/opt/gz_ogre_next_vendor:/opt/ros/jazzy/opt/gz_dartsim_vendor:/opt/ros/jazzy/opt/gz_cmake_vendor:/opt/ros/jazzy /usr/bin/cmake --install /home/ubuntu/dev_ws/build/frame_broadcaster
