[ 50%] Built target serial_lib
[100%] Built target testlib_node
-- Install configuration: ""
-- Execute custom install script
-- Up-to-date symlink: /home/MKGL/quadro_ws/install/serial/share/serial/environment/library_path.sh
-- Up-to-date symlink: /home/MKGL/quadro_ws/install/serial/share/serial/environment/library_path.dsv
-- Up-to-date symlink: /home/MKGL/quadro_ws/install/serial/include/serial/include/serial/serial.hpp
-- Up-to-date symlink: /home/MKGL/quadro_ws/install/serial/lib/serial/testlib_node
-- Up-to-date symlink: /home/MKGL/quadro_ws/install/serial/share/ament_index/resource_index/package_run_dependencies/serial
-- Up-to-date symlink: /home/MKGL/quadro_ws/install/serial/share/ament_index/resource_index/parent_prefix_path/serial
-- Up-to-date symlink: /home/MKGL/quadro_ws/install/serial/share/serial/environment/ament_prefix_path.sh
-- Up-to-date symlink: /home/MKGL/quadro_ws/install/serial/share/serial/environment/ament_prefix_path.dsv
-- Up-to-date symlink: /home/MKGL/quadro_ws/install/serial/share/serial/environment/path.sh
-- Up-to-date symlink: /home/MKGL/quadro_ws/install/serial/share/serial/environment/path.dsv
-- Up-to-date symlink: /home/MKGL/quadro_ws/install/serial/share/serial/local_setup.bash
-- Up-to-date symlink: /home/MKGL/quadro_ws/install/serial/share/serial/local_setup.sh
-- Up-to-date symlink: /home/MKGL/quadro_ws/install/serial/share/serial/local_setup.zsh
-- Up-to-date symlink: /home/MKGL/quadro_ws/install/serial/share/serial/local_setup.dsv
-- Symlinking: /home/MKGL/quadro_ws/install/serial/share/serial/package.dsv
-- Up-to-date symlink: /home/MKGL/quadro_ws/install/serial/share/ament_index/resource_index/packages/serial
-- Up-to-date symlink: /home/MKGL/quadro_ws/install/serial/share/serial/cmake/ament_cmake_export_targets-extras.cmake
-- Up-to-date symlink: /home/MKGL/quadro_ws/install/serial/share/serial/cmake/ament_cmake_export_include_directories-extras.cmake
-- Up-to-date symlink: /home/MKGL/quadro_ws/install/serial/share/serial/cmake/ament_cmake_export_libraries-extras.cmake
-- Up-to-date symlink: /home/MKGL/quadro_ws/install/serial/share/serial/cmake/serialConfig.cmake
-- Up-to-date symlink: /home/MKGL/quadro_ws/install/serial/share/serial/cmake/serialConfig-version.cmake
-- Up-to-date symlink: /home/MKGL/quadro_ws/install/serial/share/serial/package.xml
-- Up-to-date: /home/MKGL/quadro_ws/install/serial/lib/libserial_lib.so
-- Up-to-date: /home/MKGL/quadro_ws/install/serial/share/serial/cmake/export_serialExport.cmake
-- Up-to-date: /home/MKGL/quadro_ws/install/serial/share/serial/cmake/export_serialExport-noconfig.cmake
