[0.078s] Invoking command in '/home/MKGL/quadro_ws/build/serial': CMAKE_PREFIX_PATH=${CMAKE_PREFIX_PATH}:/opt/ros/jazzy DEBUGINFOD_URLS=https://debuginfod.ubuntu.com /usr/bin/cmake --build /home/MKGL/quadro_ws/build/serial -- -j4 -l4
[0.454s] [ 50%] Built target serial_lib
[0.703s] [100%] Built target testlib_node
[0.774s] Invoked command in '/home/MKGL/quadro_ws/build/serial' returned '0': CMAKE_PREFIX_PATH=${CMAKE_PREFIX_PATH}:/opt/ros/jazzy DEBUGINFOD_URLS=https://debuginfod.ubuntu.com /usr/bin/cmake --build /home/MKGL/quadro_ws/build/serial -- -j4 -l4
[1.142s] Invoking command in '/home/MKGL/quadro_ws/build/serial': CMAKE_PREFIX_PATH=${CMAKE_PREFIX_PATH}:/opt/ros/jazzy DEBUGINFOD_URLS=https://debuginfod.ubuntu.com /usr/bin/cmake --install /home/MKGL/quadro_ws/build/serial
[1.203s] -- Install configuration: ""
[1.206s] -- Execute custom install script
[1.207s] -- Up-to-date symlink: /home/MKGL/quadro_ws/install/serial/share/serial/environment/library_path.sh
[1.213s] -- Up-to-date symlink: /home/MKGL/quadro_ws/install/serial/share/serial/environment/library_path.dsv
[1.214s] -- Up-to-date symlink: /home/MKGL/quadro_ws/install/serial/include/serial/include/serial/serial.hpp
[1.217s] -- Up-to-date symlink: /home/MKGL/quadro_ws/install/serial/lib/serial/testlib_node
[1.219s] -- Up-to-date symlink: /home/MKGL/quadro_ws/install/serial/share/ament_index/resource_index/package_run_dependencies/serial
[1.223s] -- Up-to-date symlink: /home/MKGL/quadro_ws/install/serial/share/ament_index/resource_index/parent_prefix_path/serial
[1.232s] -- Up-to-date symlink: /home/MKGL/quadro_ws/install/serial/share/serial/environment/ament_prefix_path.sh
[1.233s] -- Up-to-date symlink: /home/MKGL/quadro_ws/install/serial/share/serial/environment/ament_prefix_path.dsv
[1.233s] -- Up-to-date symlink: /home/MKGL/quadro_ws/install/serial/share/serial/environment/path.sh
[1.237s] -- Up-to-date symlink: /home/MKGL/quadro_ws/install/serial/share/serial/environment/path.dsv
[1.239s] -- Up-to-date symlink: /home/MKGL/quadro_ws/install/serial/share/serial/local_setup.bash
[1.243s] -- Up-to-date symlink: /home/MKGL/quadro_ws/install/serial/share/serial/local_setup.sh
[1.244s] -- Up-to-date symlink: /home/MKGL/quadro_ws/install/serial/share/serial/local_setup.zsh
[1.250s] -- Up-to-date symlink: /home/MKGL/quadro_ws/install/serial/share/serial/local_setup.dsv
[1.251s] -- Symlinking: /home/MKGL/quadro_ws/install/serial/share/serial/package.dsv
[1.294s] -- Up-to-date symlink: /home/MKGL/quadro_ws/install/serial/share/ament_index/resource_index/packages/serial
[1.297s] -- Up-to-date symlink: /home/MKGL/quadro_ws/install/serial/share/serial/cmake/ament_cmake_export_targets-extras.cmake
[1.299s] -- Up-to-date symlink: /home/MKGL/quadro_ws/install/serial/share/serial/cmake/ament_cmake_export_include_directories-extras.cmake
[1.301s] -- Up-to-date symlink: /home/MKGL/quadro_ws/install/serial/share/serial/cmake/ament_cmake_export_libraries-extras.cmake
[1.302s] -- Up-to-date symlink: /home/MKGL/quadro_ws/install/serial/share/serial/cmake/serialConfig.cmake
[1.303s] -- Up-to-date symlink: /home/MKGL/quadro_ws/install/serial/share/serial/cmake/serialConfig-version.cmake
[1.305s] -- Up-to-date symlink: /home/MKGL/quadro_ws/install/serial/share/serial/package.xml
[1.306s] -- Up-to-date: /home/MKGL/quadro_ws/install/serial/lib/libserial_lib.so
[1.307s] -- Up-to-date: /home/MKGL/quadro_ws/install/serial/share/serial/cmake/export_serialExport.cmake
[1.308s] -- Up-to-date: /home/MKGL/quadro_ws/install/serial/share/serial/cmake/export_serialExport-noconfig.cmake
[1.318s] Invoked command in '/home/MKGL/quadro_ws/build/serial' returned '0': CMAKE_PREFIX_PATH=${CMAKE_PREFIX_PATH}:/opt/ros/jazzy DEBUGINFOD_URLS=https://debuginfod.ubuntu.com /usr/bin/cmake --install /home/MKGL/quadro_ws/build/serial
