[0.075s] Invoking command in '/home/MKGL/quadro_ws/build/dgz_description': CMAKE_PREFIX_PATH=${CMAKE_PREFIX_PATH}:/opt/ros/jazzy DEBUGINFOD_URLS=https://debuginfod.ubuntu.com /usr/bin/cmake /home/MKGL/quadro_ws/src/dgz_description -DAMENT_CMAKE_SYMLINK_INSTALL=1 -DCMAKE_INSTALL_PREFIX=/home/MKGL/quadro_ws/install/dgz_description
[0.489s] -- The C compiler identification is GNU 13.2.0
[0.915s] -- The CXX compiler identification is GNU 13.2.0
[0.999s] -- Detecting C compiler ABI info
[1.587s] -- Detecting C compiler ABI info - done
[1.635s] -- Check for working C compiler: /usr/bin/cc - skipped
[1.636s] -- Detecting C compile features
[1.642s] -- Detecting C compile features - done
[1.692s] -- Detecting CXX compiler ABI info
[2.327s] -- Detecting CXX compiler ABI info - done
[2.376s] -- Check for working CXX compiler: /usr/bin/c++ - skipped
[2.377s] -- Detecting CXX compile features
[2.379s] -- Detecting CXX compile features - done
[2.398s] -- Found ament_cmake: 2.5.2 (/opt/ros/jazzy/share/ament_cmake/cmake)
[3.480s] -- Found Python3: /usr/bin/python3 (found version "3.12.3") found components: Interpreter 
[3.960s] -- Override CMake install command with custom implementation using symlinks instead of copying resources
[4.224s] -- Found ament_lint_auto: 0.17.1 (/opt/ros/jazzy/share/ament_lint_auto/cmake)
[4.786s] -- Added test 'flake8' to check Python code syntax and style conventions
[4.787s] -- Configured 'flake8' exclude dirs and/or files: 
[4.789s] -- Added test 'lint_cmake' to check CMake code style
[4.794s] -- Added test 'pep257' to check Python code against some of the docstring style conventions in PEP 257
[4.798s] -- Added test 'xmllint' to check XML markup files
[4.809s] -- Configuring done (4.7s)
[4.846s] -- Generating done (0.0s)
[4.851s] -- Build files have been written to: /home/MKGL/quadro_ws/build/dgz_description
[4.877s] Invoked command in '/home/MKGL/quadro_ws/build/dgz_description' returned '0': CMAKE_PREFIX_PATH=${CMAKE_PREFIX_PATH}:/opt/ros/jazzy DEBUGINFOD_URLS=https://debuginfod.ubuntu.com /usr/bin/cmake /home/MKGL/quadro_ws/src/dgz_description -DAMENT_CMAKE_SYMLINK_INSTALL=1 -DCMAKE_INSTALL_PREFIX=/home/MKGL/quadro_ws/install/dgz_description
[4.880s] Invoking command in '/home/MKGL/quadro_ws/build/dgz_description': CMAKE_PREFIX_PATH=${CMAKE_PREFIX_PATH}:/opt/ros/jazzy DEBUGINFOD_URLS=https://debuginfod.ubuntu.com /usr/bin/cmake --build /home/MKGL/quadro_ws/build/dgz_description -- -j4 -l4
[5.126s] Invoked command in '/home/MKGL/quadro_ws/build/dgz_description' returned '0': CMAKE_PREFIX_PATH=${CMAKE_PREFIX_PATH}:/opt/ros/jazzy DEBUGINFOD_URLS=https://debuginfod.ubuntu.com /usr/bin/cmake --build /home/MKGL/quadro_ws/build/dgz_description -- -j4 -l4
[5.326s] Invoking command in '/home/MKGL/quadro_ws/build/dgz_description': CMAKE_PREFIX_PATH=${CMAKE_PREFIX_PATH}:/opt/ros/jazzy DEBUGINFOD_URLS=https://debuginfod.ubuntu.com /usr/bin/cmake --install /home/MKGL/quadro_ws/build/dgz_description
[5.365s] -- Install configuration: ""
[5.368s] -- Execute custom install script
[5.371s] -- Symlinking: /home/MKGL/quadro_ws/install/dgz_description/share/dgz_description/launch/dgz_description.launch.py
[5.428s] -- Symlinking: /home/MKGL/quadro_ws/install/dgz_description/share/ament_index/resource_index/package_run_dependencies/dgz_description
[5.490s] -- Symlinking: /home/MKGL/quadro_ws/install/dgz_description/share/ament_index/resource_index/parent_prefix_path/dgz_description
[5.539s] -- Symlinking: /home/MKGL/quadro_ws/install/dgz_description/share/dgz_description/environment/ament_prefix_path.sh
[5.604s] -- Symlinking: /home/MKGL/quadro_ws/install/dgz_description/share/dgz_description/environment/ament_prefix_path.dsv
[5.661s] -- Symlinking: /home/MKGL/quadro_ws/install/dgz_description/share/dgz_description/environment/path.sh
[5.713s] -- Symlinking: /home/MKGL/quadro_ws/install/dgz_description/share/dgz_description/environment/path.dsv
[5.766s] -- Symlinking: /home/MKGL/quadro_ws/install/dgz_description/share/dgz_description/local_setup.bash
[5.827s] -- Symlinking: /home/MKGL/quadro_ws/install/dgz_description/share/dgz_description/local_setup.sh
[5.879s] -- Symlinking: /home/MKGL/quadro_ws/install/dgz_description/share/dgz_description/local_setup.zsh
[5.935s] -- Symlinking: /home/MKGL/quadro_ws/install/dgz_description/share/dgz_description/local_setup.dsv
[5.985s] -- Symlinking: /home/MKGL/quadro_ws/install/dgz_description/share/dgz_description/package.dsv
[6.034s] -- Symlinking: /home/MKGL/quadro_ws/install/dgz_description/share/ament_index/resource_index/packages/dgz_description
[6.090s] -- Symlinking: /home/MKGL/quadro_ws/install/dgz_description/share/dgz_description/cmake/dgz_descriptionConfig.cmake
[6.146s] -- Symlinking: /home/MKGL/quadro_ws/install/dgz_description/share/dgz_description/cmake/dgz_descriptionConfig-version.cmake
[6.201s] -- Symlinking: /home/MKGL/quadro_ws/install/dgz_description/share/dgz_description/package.xml
[6.278s] Invoked command in '/home/MKGL/quadro_ws/build/dgz_description' returned '0': CMAKE_PREFIX_PATH=${CMAKE_PREFIX_PATH}:/opt/ros/jazzy DEBUGINFOD_URLS=https://debuginfod.ubuntu.com /usr/bin/cmake --install /home/MKGL/quadro_ws/build/dgz_description
