[0.099s] Invoking command in '/home/MKGL/quadro_ws/build/serial': CMAKE_PREFIX_PATH=${CMAKE_PREFIX_PATH}:/opt/ros/jazzy DEBUGINFOD_URLS=https://debuginfod.ubuntu.com /usr/bin/cmake /home/MKGL/quadro_ws/src/serial -DAMENT_CMAKE_SYMLINK_INSTALL=1 -DCMAKE_INSTALL_PREFIX=/home/MKGL/quadro_ws/install/serial
[0.483s] -- The C compiler identification is GNU 13.2.0
[1.054s] -- The CXX compiler identification is GNU 13.2.0
[1.201s] -- Detecting C compiler ABI info
[1.932s] -- Detecting C compiler ABI info - done
[2.004s] -- Check for working C compiler: /usr/bin/cc - skipped
[2.005s] -- Detecting C compile features
[2.006s] -- Detecting C compile features - done
[2.052s] -- Detecting CXX compiler ABI info
[2.841s] -- Detecting CXX compiler ABI info - done
[2.892s] -- Check for working CXX compiler: /usr/bin/c++ - skipped
[2.893s] -- Detecting CXX compile features
[2.898s] -- Detecting CXX compile features - done
[2.918s] -- Found ament_cmake: 2.5.2 (/opt/ros/jazzy/share/ament_cmake/cmake)
[4.261s] -- Found Python3: /usr/bin/python3 (found version "3.12.3") found components: Interpreter 
[4.815s] -- Override CMake install command with custom implementation using symlinks instead of copying resources
[5.140s] -- Found rclcpp: 28.1.5 (/opt/ros/jazzy/share/rclcpp/cmake)
[5.433s] -- Found rosidl_generator_c: 4.6.4 (/opt/ros/jazzy/share/rosidl_generator_c/cmake)
[5.529s] -- Found rosidl_generator_cpp: 4.6.4 (/opt/ros/jazzy/share/rosidl_generator_cpp/cmake)
[5.657s] -- Using all available rosidl_typesupport_c: rosidl_typesupport_fastrtps_c;rosidl_typesupport_introspection_c
[5.799s] -- Using all available rosidl_typesupport_cpp: rosidl_typesupport_fastrtps_cpp;rosidl_typesupport_introspection_cpp
[6.350s] -- Found rmw_implementation_cmake: 7.3.1 (/opt/ros/jazzy/share/rmw_implementation_cmake/cmake)
[6.371s] -- Found rmw_fastrtps_cpp: 8.4.1 (/opt/ros/jazzy/share/rmw_fastrtps_cpp/cmake)
[6.930s] -- Found OpenSSL: /usr/lib/aarch64-linux-gnu/libcrypto.so (found version "3.0.13")  
[7.010s] -- Found FastRTPS: /opt/ros/jazzy/include (Required is at least version "2.13") 
[7.147s] -- Using RMW implementation 'rmw_fastrtps_cpp' as default
[7.671s] -- Found ament_lint_auto: 0.17.1 (/opt/ros/jazzy/share/ament_lint_auto/cmake)
[8.455s] -- Added test 'cppcheck' to perform static code analysis on C / C++ code
[8.460s] -- Configured cppcheck include dirs: /home/MKGL/quadro_ws/src/serial/include
[8.461s] -- Configured cppcheck exclude dirs and/or files: 
[8.469s] -- Added test 'lint_cmake' to check CMake code style
[8.477s] -- Added test 'uncrustify' to check C / C++ code style
[8.478s] -- Configured uncrustify additional arguments: 
[8.482s] -- Added test 'xmllint' to check XML markup files
[8.502s] -- Configuring done (8.4s)
[8.628s] -- Generating done (0.1s)
[8.641s] -- Build files have been written to: /home/MKGL/quadro_ws/build/serial
[8.679s] Invoked command in '/home/MKGL/quadro_ws/build/serial' returned '0': CMAKE_PREFIX_PATH=${CMAKE_PREFIX_PATH}:/opt/ros/jazzy DEBUGINFOD_URLS=https://debuginfod.ubuntu.com /usr/bin/cmake /home/MKGL/quadro_ws/src/serial -DAMENT_CMAKE_SYMLINK_INSTALL=1 -DCMAKE_INSTALL_PREFIX=/home/MKGL/quadro_ws/install/serial
[8.685s] Invoking command in '/home/MKGL/quadro_ws/build/serial': CMAKE_PREFIX_PATH=${CMAKE_PREFIX_PATH}:/opt/ros/jazzy DEBUGINFOD_URLS=https://debuginfod.ubuntu.com /usr/bin/cmake --build /home/MKGL/quadro_ws/build/serial -- -j4 -l4
[9.020s] [ 25%] [32mBuilding CXX object CMakeFiles/serial_lib.dir/src/serial.cpp.o[0m
[11.539s] [ 50%] [32m[1mLinking CXX shared library libserial_lib.so[0m
[12.028s] [ 50%] Built target serial_lib
[12.145s] [ 75%] [32mBuilding CXX object CMakeFiles/testlib_node.dir/src/testlib_node.cpp.o[0m
[41.431s] [100%] [32m[1mLinking CXX executable testlib_node[0m
[42.250s] [100%] Built target testlib_node
[42.307s] Invoked command in '/home/MKGL/quadro_ws/build/serial' returned '0': CMAKE_PREFIX_PATH=${CMAKE_PREFIX_PATH}:/opt/ros/jazzy DEBUGINFOD_URLS=https://debuginfod.ubuntu.com /usr/bin/cmake --build /home/MKGL/quadro_ws/build/serial -- -j4 -l4
[42.489s] Invoking command in '/home/MKGL/quadro_ws/build/serial': CMAKE_PREFIX_PATH=${CMAKE_PREFIX_PATH}:/opt/ros/jazzy DEBUGINFOD_URLS=https://debuginfod.ubuntu.com /usr/bin/cmake --install /home/MKGL/quadro_ws/build/serial
[42.543s] -- Install configuration: ""
[42.548s] -- Execute custom install script
[42.554s] -- Symlinking: /home/MKGL/quadro_ws/install/serial/share/serial/environment/library_path.sh
[42.619s] -- Symlinking: /home/MKGL/quadro_ws/install/serial/share/serial/environment/library_path.dsv
[42.663s] -- Symlinking: /home/MKGL/quadro_ws/install/serial/include/serial/serial.hpp
[42.708s] -- Symlinking: /home/MKGL/quadro_ws/install/serial/lib/serial//testlib_node
[42.760s] -- Symlinking: /home/MKGL/quadro_ws/install/serial/share/ament_index/resource_index/package_run_dependencies/serial
[42.811s] -- Symlinking: /home/MKGL/quadro_ws/install/serial/share/ament_index/resource_index/parent_prefix_path/serial
[42.864s] -- Symlinking: /home/MKGL/quadro_ws/install/serial/share/serial/environment/ament_prefix_path.sh
[42.919s] -- Symlinking: /home/MKGL/quadro_ws/install/serial/share/serial/environment/ament_prefix_path.dsv
[42.978s] -- Symlinking: /home/MKGL/quadro_ws/install/serial/share/serial/environment/path.sh
[43.031s] -- Symlinking: /home/MKGL/quadro_ws/install/serial/share/serial/environment/path.dsv
[43.091s] -- Symlinking: /home/MKGL/quadro_ws/install/serial/share/serial/local_setup.bash
[43.167s] -- Symlinking: /home/MKGL/quadro_ws/install/serial/share/serial/local_setup.sh
[43.215s] -- Symlinking: /home/MKGL/quadro_ws/install/serial/share/serial/local_setup.zsh
[43.259s] -- Symlinking: /home/MKGL/quadro_ws/install/serial/share/serial/local_setup.dsv
[43.304s] -- Symlinking: /home/MKGL/quadro_ws/install/serial/share/serial/package.dsv
[43.354s] -- Symlinking: /home/MKGL/quadro_ws/install/serial/share/ament_index/resource_index/packages/serial
[43.403s] -- Symlinking: /home/MKGL/quadro_ws/install/serial/share/serial/cmake/ament_cmake_export_targets-extras.cmake
[43.456s] -- Symlinking: /home/MKGL/quadro_ws/install/serial/share/serial/cmake/serialConfig.cmake
[43.504s] -- Symlinking: /home/MKGL/quadro_ws/install/serial/share/serial/cmake/serialConfig-version.cmake
[43.563s] -- Symlinking: /home/MKGL/quadro_ws/install/serial/share/serial/package.xml
[43.610s] -- Installing: /home/MKGL/quadro_ws/install/serial/lib/libserial_lib.so
[43.613s] -- Installing: /home/MKGL/quadro_ws/install/serial/share/serial/cmake/export_serialExport.cmake
[43.614s] -- Installing: /home/MKGL/quadro_ws/install/serial/share/serial/cmake/export_serialExport-noconfig.cmake
[43.627s] Invoked command in '/home/MKGL/quadro_ws/build/serial' returned '0': CMAKE_PREFIX_PATH=${CMAKE_PREFIX_PATH}:/opt/ros/jazzy DEBUGINFOD_URLS=https://debuginfod.ubuntu.com /usr/bin/cmake --install /home/MKGL/quadro_ws/build/serial
