[0.113s] Invoking command in '/home/MKGL/quadro_ws/build/space_interfaces': CMAKE_PREFIX_PATH=${CMAKE_PREFIX_PATH}:/opt/ros/jazzy DEBUGINFOD_URLS=https://debuginfod.ubuntu.com /usr/bin/cmake /home/MKGL/quadro_ws/src/space_interfaces -DAMENT_CMAKE_SYMLINK_INSTALL=1 -DCMAKE_INSTALL_PREFIX=/home/MKGL/quadro_ws/install/space_interfaces
[0.546s] -- The C compiler identification is GNU 13.2.0
[1.066s] -- The CXX compiler identification is GNU 13.2.0
[1.207s] -- Detecting C compiler ABI info
[1.903s] -- Detecting C compiler ABI info - done
[1.955s] -- Check for working C compiler: /usr/bin/cc - skipped
[1.962s] -- Detecting C compile features
[1.963s] -- Detecting C compile features - done
[2.040s] -- Detecting CXX compiler ABI info
[2.782s] -- Detecting CXX compiler ABI info - done
[2.829s] -- Check for working CXX compiler: /usr/bin/c++ - skipped
[2.831s] -- Detecting CXX compile features
[2.832s] -- Detecting CXX compile features - done
[2.851s] -- Found ament_cmake: 2.5.2 (/opt/ros/jazzy/share/ament_cmake/cmake)
[4.105s] -- Found Python3: /usr/bin/python3 (found version "3.12.3") found components: Interpreter 
[4.635s] -- Override CMake install command with custom implementation using symlinks instead of copying resources
[4.892s] -- Found rosidl_default_generators: 1.6.0 (/opt/ros/jazzy/share/rosidl_default_generators/cmake)
[4.927s] -- Using all available rosidl_typesupport_c: rosidl_typesupport_fastrtps_c;rosidl_typesupport_introspection_c
[5.286s] -- Using all available rosidl_typesupport_cpp: rosidl_typesupport_fastrtps_cpp;rosidl_typesupport_introspection_cpp
[5.592s] -- Found rosidl_adapter: 4.6.4 (/opt/ros/jazzy/share/rosidl_adapter/cmake)
[10.030s] -- Found ament_cmake_ros: 0.12.0 (/opt/ros/jazzy/share/ament_cmake_ros/cmake)
[13.059s] -- Using all available rosidl_typesupport_c: rosidl_typesupport_fastrtps_c;rosidl_typesupport_introspection_c
[16.988s] -- Using all available rosidl_typesupport_cpp: rosidl_typesupport_fastrtps_cpp;rosidl_typesupport_introspection_cpp
[17.021s] -- Found python_cmake_module: 0.11.1 (/opt/ros/jazzy/share/python_cmake_module/cmake)
[17.832s] -- Found PythonExtra: /usr/bin/python3  
[20.329s] -- Found Python3: /usr/bin/python3 (found version "3.12.3") found components: Interpreter Development NumPy Development.Module Development.Embed 
[20.557s] -- Found ament_lint_auto: 0.17.1 (/opt/ros/jazzy/share/ament_lint_auto/cmake)
[20.785s] -- Added test 'lint_cmake' to check CMake code style
[20.794s] -- Added test 'xmllint' to check XML markup files
[20.832s] -- Configuring done (20.7s)
[21.116s] -- Generating done (0.2s)
[21.135s] -- Build files have been written to: /home/MKGL/quadro_ws/build/space_interfaces
[21.158s] Invoked command in '/home/MKGL/quadro_ws/build/space_interfaces' returned '0': CMAKE_PREFIX_PATH=${CMAKE_PREFIX_PATH}:/opt/ros/jazzy DEBUGINFOD_URLS=https://debuginfod.ubuntu.com /usr/bin/cmake /home/MKGL/quadro_ws/src/space_interfaces -DAMENT_CMAKE_SYMLINK_INSTALL=1 -DCMAKE_INSTALL_PREFIX=/home/MKGL/quadro_ws/install/space_interfaces
[21.164s] Invoking command in '/home/MKGL/quadro_ws/build/space_interfaces': CMAKE_PREFIX_PATH=${CMAKE_PREFIX_PATH}:/opt/ros/jazzy DEBUGINFOD_URLS=https://debuginfod.ubuntu.com /usr/bin/cmake --build /home/MKGL/quadro_ws/build/space_interfaces -- -j4 -l4
[21.583s] [  2%] [34m[1mGenerating type hashes for ROS interfaces[0m
[21.655s] [  2%] Built target ament_cmake_python_symlink_space_interfaces
[23.413s] [  2%] Built target space_interfaces__rosidl_generator_type_description
[23.471s] [  5%] [34m[1mGenerating C code for ROS interfaces[0m
[23.489s] running egg_info
[23.493s] creating space_interfaces.egg-info
[23.544s] [  8%] [34m[1mGenerating C++ code for ROS interfaces[0m
[23.811s] writing space_interfaces.egg-info/PKG-INFO
[23.819s] writing dependency_links to space_interfaces.egg-info/dependency_links.txt
[23.829s] writing top-level names to space_interfaces.egg-info/top_level.txt
[23.830s] writing manifest file 'space_interfaces.egg-info/SOURCES.txt'
[24.426s] reading manifest file 'space_interfaces.egg-info/SOURCES.txt'
[24.429s] writing manifest file 'space_interfaces.egg-info/SOURCES.txt'
[24.684s] [  8%] Built target ament_cmake_python_build_space_interfaces_egg
[25.589s] [ 11%] [32mBuilding C object CMakeFiles/space_interfaces__rosidl_generator_c.dir/rosidl_generator_c/space_interfaces/msg/detail/position__description.c.o[0m
[25.639s] [ 14%] [32mBuilding C object CMakeFiles/space_interfaces__rosidl_generator_c.dir/rosidl_generator_c/space_interfaces/msg/detail/position__functions.c.o[0m
[25.657s] [ 17%] [32mBuilding C object CMakeFiles/space_interfaces__rosidl_generator_c.dir/rosidl_generator_c/space_interfaces/msg/detail/position__type_support.c.o[0m
[25.751s] [ 17%] Built target space_interfaces__cpp
[25.960s] [ 20%] [32m[1mLinking C shared library libspace_interfaces__rosidl_generator_c.so[0m
[26.199s] [ 20%] Built target space_interfaces__rosidl_generator_c
[26.294s] [ 23%] [34m[1mGenerating C type support for eProsima Fast-RTPS[0m
[26.306s] [ 26%] [34m[1mGenerating C++ introspection for ROS interfaces[0m
[26.317s] [ 29%] [34m[1mGenerating C++ type support for eProsima Fast-RTPS[0m
[26.323s] [ 32%] [34m[1mGenerating C introspection for ROS interfaces[0m
[28.334s] [ 35%] [32mBuilding C object CMakeFiles/space_interfaces__rosidl_typesupport_introspection_c.dir/rosidl_typesupport_introspection_c/space_interfaces/msg/detail/position__type_support.c.o[0m
[28.757s] [ 38%] [32mBuilding CXX object CMakeFiles/space_interfaces__rosidl_typesupport_fastrtps_c.dir/rosidl_typesupport_fastrtps_c/space_interfaces/msg/detail/position__type_support_c.cpp.o[0m
[28.757s] [ 41%] [32mBuilding CXX object CMakeFiles/space_interfaces__rosidl_typesupport_introspection_cpp.dir/rosidl_typesupport_introspection_cpp/space_interfaces/msg/detail/position__type_support.cpp.o[0m
[28.798s] [ 44%] [32m[1mLinking C shared library libspace_interfaces__rosidl_typesupport_introspection_c.so[0m
[29.285s] [ 44%] Built target space_interfaces__rosidl_typesupport_introspection_c
[29.332s] [ 47%] [32mBuilding CXX object CMakeFiles/space_interfaces__rosidl_typesupport_fastrtps_cpp.dir/rosidl_typesupport_fastrtps_cpp/space_interfaces/msg/detail/dds_fastrtps/position__type_support.cpp.o[0m
[29.388s] [ 50%] [34m[1mGenerating C++ type support dispatch for ROS interfaces[0m
[31.340s] [ 52%] [32mBuilding CXX object CMakeFiles/space_interfaces__rosidl_typesupport_cpp.dir/rosidl_typesupport_cpp/space_interfaces/msg/position__type_support.cpp.o[0m
[32.665s] [ 55%] [32m[1mLinking CXX shared library libspace_interfaces__rosidl_typesupport_introspection_cpp.so[0m
[33.322s] [ 55%] Built target space_interfaces__rosidl_typesupport_introspection_cpp
[33.392s] [ 58%] [34m[1mGenerating C type support dispatch for ROS interfaces[0m
[34.779s] [ 61%] [32m[1mLinking CXX shared library libspace_interfaces__rosidl_typesupport_fastrtps_c.so[0m
[35.683s] [ 64%] [32m[1mLinking CXX shared library libspace_interfaces__rosidl_typesupport_cpp.so[0m
[35.695s] [ 64%] Built target space_interfaces__rosidl_typesupport_fastrtps_c
[35.787s] [ 67%] [32mBuilding CXX object CMakeFiles/space_interfaces__rosidl_typesupport_c.dir/rosidl_typesupport_c/space_interfaces/msg/position__type_support.cpp.o[0m
[36.023s] [ 67%] Built target space_interfaces__rosidl_typesupport_cpp
[36.213s] [ 70%] [32m[1mLinking CXX shared library libspace_interfaces__rosidl_typesupport_c.so[0m
[36.233s] [ 73%] [32m[1mLinking CXX shared library libspace_interfaces__rosidl_typesupport_fastrtps_cpp.so[0m
[36.505s] [ 73%] Built target space_interfaces__rosidl_typesupport_c
[36.731s] [ 73%] Built target space_interfaces__rosidl_typesupport_fastrtps_cpp
[36.849s] [ 73%] Built target space_interfaces
[36.969s] [ 76%] [34m[1mGenerating Python code for ROS interfaces[0m
[38.879s] [ 76%] Built target space_interfaces__py
[38.986s] [ 79%] [32mBuilding C object CMakeFiles/space_interfaces__rosidl_generator_py.dir/rosidl_generator_py/space_interfaces/msg/_position_s.c.o[0m
[39.828s] [ 82%] [32m[1mLinking C shared library libspace_interfaces__rosidl_generator_py.so[0m
[40.094s] [ 82%] Built target space_interfaces__rosidl_generator_py
[40.254s] [ 85%] [32mBuilding C object CMakeFiles/space_interfaces_s__rosidl_typesupport_c.dir/rosidl_generator_py/space_interfaces/_space_interfaces_s.ep.rosidl_typesupport_c.c.o[0m
[40.287s] [ 88%] [32mBuilding C object CMakeFiles/space_interfaces_s__rosidl_typesupport_introspection_c.dir/rosidl_generator_py/space_interfaces/_space_interfaces_s.ep.rosidl_typesupport_introspection_c.c.o[0m
[40.338s] [ 91%] [32mBuilding C object CMakeFiles/space_interfaces_s__rosidl_typesupport_fastrtps_c.dir/rosidl_generator_py/space_interfaces/_space_interfaces_s.ep.rosidl_typesupport_fastrtps_c.c.o[0m
[41.260s] [ 94%] [32m[1mLinking C shared module rosidl_generator_py/space_interfaces/space_interfaces_s__rosidl_typesupport_c.so[0m
[41.411s] [ 97%] [32m[1mLinking C shared module rosidl_generator_py/space_interfaces/space_interfaces_s__rosidl_typesupport_introspection_c.so[0m
[41.451s] [100%] [32m[1mLinking C shared module rosidl_generator_py/space_interfaces/space_interfaces_s__rosidl_typesupport_fastrtps_c.so[0m
[41.482s] [100%] Built target space_interfaces_s__rosidl_typesupport_c
[41.604s] [100%] Built target space_interfaces_s__rosidl_typesupport_introspection_c
[41.692s] [100%] Built target space_interfaces_s__rosidl_typesupport_fastrtps_c
[41.807s] Invoked command in '/home/MKGL/quadro_ws/build/space_interfaces' returned '0': CMAKE_PREFIX_PATH=${CMAKE_PREFIX_PATH}:/opt/ros/jazzy DEBUGINFOD_URLS=https://debuginfod.ubuntu.com /usr/bin/cmake --build /home/MKGL/quadro_ws/build/space_interfaces -- -j4 -l4
[42.283s] Invoking command in '/home/MKGL/quadro_ws/build/space_interfaces': CMAKE_PREFIX_PATH=${CMAKE_PREFIX_PATH}:/opt/ros/jazzy DEBUGINFOD_URLS=https://debuginfod.ubuntu.com /usr/bin/cmake --install /home/MKGL/quadro_ws/build/space_interfaces
[42.324s] -- Install configuration: ""
[42.330s] -- Execute custom install script
[42.331s] -- Symlinking: /home/MKGL/quadro_ws/install/space_interfaces/share/ament_index/resource_index/rosidl_interfaces/space_interfaces
[42.385s] -- Symlinking: /home/MKGL/quadro_ws/install/space_interfaces/share/space_interfaces/msg/Position.json
[42.439s] -- Symlinking: /home/MKGL/quadro_ws/install/space_interfaces/include/space_interfaces/space_interfaces/msg/detail/position__functions.h
[42.491s] -- Symlinking: /home/MKGL/quadro_ws/install/space_interfaces/include/space_interfaces/space_interfaces/msg/detail/position__struct.h
[42.552s] -- Symlinking: /home/MKGL/quadro_ws/install/space_interfaces/include/space_interfaces/space_interfaces/msg/detail/position__type_support.h
[42.627s] -- Symlinking: /home/MKGL/quadro_ws/install/space_interfaces/include/space_interfaces/space_interfaces/msg/position.h
[42.672s] -- Symlinking: /home/MKGL/quadro_ws/install/space_interfaces/include/space_interfaces/space_interfaces/msg/rosidl_generator_c__visibility_control.h
[42.715s] -- Symlinking: /home/MKGL/quadro_ws/install/space_interfaces/share/space_interfaces/environment/library_path.sh
[42.760s] -- Symlinking: /home/MKGL/quadro_ws/install/space_interfaces/share/space_interfaces/environment/library_path.dsv
[42.812s] -- Symlinking: /home/MKGL/quadro_ws/install/space_interfaces/include/space_interfaces/space_interfaces/msg/detail/position__rosidl_typesupport_fastrtps_c.h
[42.870s] -- Symlinking: /home/MKGL/quadro_ws/install/space_interfaces/include/space_interfaces/space_interfaces/msg/rosidl_typesupport_fastrtps_c__visibility_control.h
[42.922s] -- Symlinking: /home/MKGL/quadro_ws/install/space_interfaces/include/space_interfaces/space_interfaces/msg/detail/position__rosidl_typesupport_introspection_c.h
[42.971s] -- Symlinking: /home/MKGL/quadro_ws/install/space_interfaces/include/space_interfaces/space_interfaces/msg/rosidl_typesupport_introspection_c__visibility_control.h
[43.030s] -- Symlinking: /home/MKGL/quadro_ws/install/space_interfaces/include/space_interfaces/space_interfaces/msg/detail/position__builder.hpp
[43.082s] -- Symlinking: /home/MKGL/quadro_ws/install/space_interfaces/include/space_interfaces/space_interfaces/msg/detail/position__struct.hpp
[43.143s] -- Symlinking: /home/MKGL/quadro_ws/install/space_interfaces/include/space_interfaces/space_interfaces/msg/detail/position__traits.hpp
[43.221s] -- Symlinking: /home/MKGL/quadro_ws/install/space_interfaces/include/space_interfaces/space_interfaces/msg/detail/position__type_support.hpp
[43.267s] -- Symlinking: /home/MKGL/quadro_ws/install/space_interfaces/include/space_interfaces/space_interfaces/msg/position.hpp
[43.312s] -- Symlinking: /home/MKGL/quadro_ws/install/space_interfaces/include/space_interfaces/space_interfaces/msg/rosidl_generator_cpp__visibility_control.hpp
[43.361s] -- Symlinking: /home/MKGL/quadro_ws/install/space_interfaces/include/space_interfaces/space_interfaces/msg/detail/position__rosidl_typesupport_fastrtps_cpp.hpp
[43.411s] -- Symlinking: /home/MKGL/quadro_ws/install/space_interfaces/include/space_interfaces/space_interfaces/msg/rosidl_typesupport_fastrtps_cpp__visibility_control.h
[43.465s] -- Symlinking: /home/MKGL/quadro_ws/install/space_interfaces/include/space_interfaces/space_interfaces/msg/detail/position__rosidl_typesupport_introspection_cpp.hpp
[43.517s] -- Symlinking: /home/MKGL/quadro_ws/install/space_interfaces/share/space_interfaces/environment/pythonpath.sh
[43.570s] -- Symlinking: /home/MKGL/quadro_ws/install/space_interfaces/share/space_interfaces/environment/pythonpath.dsv
[43.622s] -- Symlinking: /home/MKGL/quadro_ws/install/space_interfaces/lib/python3.12/site-packages/space_interfaces-0.0.0-py3.12.egg-info/PKG-INFO
[43.688s] -- Symlinking: /home/MKGL/quadro_ws/install/space_interfaces/lib/python3.12/site-packages/space_interfaces-0.0.0-py3.12.egg-info/SOURCES.txt
[43.761s] -- Symlinking: /home/MKGL/quadro_ws/install/space_interfaces/lib/python3.12/site-packages/space_interfaces-0.0.0-py3.12.egg-info/dependency_links.txt
[43.824s] -- Symlinking: /home/MKGL/quadro_ws/install/space_interfaces/lib/python3.12/site-packages/space_interfaces-0.0.0-py3.12.egg-info/top_level.txt
[43.900s] -- Symlinking: /home/MKGL/quadro_ws/install/space_interfaces/lib/python3.12/site-packages/space_interfaces/__init__.py
[43.979s] -- Symlinking: /home/MKGL/quadro_ws/install/space_interfaces/lib/python3.12/site-packages/space_interfaces/_space_interfaces_s.ep.rosidl_typesupport_c.c
[44.021s] -- Symlinking: /home/MKGL/quadro_ws/install/space_interfaces/lib/python3.12/site-packages/space_interfaces/_space_interfaces_s.ep.rosidl_typesupport_fastrtps_c.c
[44.064s] -- Symlinking: /home/MKGL/quadro_ws/install/space_interfaces/lib/python3.12/site-packages/space_interfaces/_space_interfaces_s.ep.rosidl_typesupport_introspection_c.c
[44.115s] -- Symlinking: /home/MKGL/quadro_ws/install/space_interfaces/lib/python3.12/site-packages/space_interfaces/msg/__init__.py
[44.160s] -- Symlinking: /home/MKGL/quadro_ws/install/space_interfaces/lib/python3.12/site-packages/space_interfaces/msg/_position.py
[44.205s] -- Symlinking: /home/MKGL/quadro_ws/install/space_interfaces/lib/python3.12/site-packages/space_interfaces/msg/_position_s.c
[44.256s] -- Symlinking: /home/MKGL/quadro_ws/install/space_interfaces/lib/python3.12/site-packages/space_interfaces/space_interfaces_s__rosidl_typesupport_c.so
[44.303s] -- Symlinking: /home/MKGL/quadro_ws/install/space_interfaces/lib/python3.12/site-packages/space_interfaces/space_interfaces_s__rosidl_typesupport_fastrtps_c.so
[44.351s] -- Symlinking: /home/MKGL/quadro_ws/install/space_interfaces/lib/python3.12/site-packages/space_interfaces/space_interfaces_s__rosidl_typesupport_introspection_c.so
[44.410s] -- Up-to-date symlink: /home/MKGL/quadro_ws/install/space_interfaces/lib/python3.12/site-packages/space_interfaces/space_interfaces_s__rosidl_typesupport_fastrtps_c.so
[44.412s] -- Up-to-date symlink: /home/MKGL/quadro_ws/install/space_interfaces/lib/python3.12/site-packages/space_interfaces/space_interfaces_s__rosidl_typesupport_introspection_c.so
[44.414s] -- Up-to-date symlink: /home/MKGL/quadro_ws/install/space_interfaces/lib/python3.12/site-packages/space_interfaces/space_interfaces_s__rosidl_typesupport_c.so
[44.416s] -- Symlinking: /home/MKGL/quadro_ws/install/space_interfaces/share/space_interfaces/msg/Position.idl
[44.481s] -- Symlinking: /home/MKGL/quadro_ws/install/space_interfaces/share/space_interfaces/msg/Position.msg
[44.526s] -- Symlinking: /home/MKGL/quadro_ws/install/space_interfaces/share/ament_index/resource_index/package_run_dependencies/space_interfaces
[44.569s] -- Symlinking: /home/MKGL/quadro_ws/install/space_interfaces/share/ament_index/resource_index/parent_prefix_path/space_interfaces
[44.614s] -- Symlinking: /home/MKGL/quadro_ws/install/space_interfaces/share/space_interfaces/environment/ament_prefix_path.sh
[44.657s] -- Symlinking: /home/MKGL/quadro_ws/install/space_interfaces/share/space_interfaces/environment/ament_prefix_path.dsv
[44.704s] -- Symlinking: /home/MKGL/quadro_ws/install/space_interfaces/share/space_interfaces/environment/path.sh
[44.750s] -- Symlinking: /home/MKGL/quadro_ws/install/space_interfaces/share/space_interfaces/environment/path.dsv
[44.795s] -- Symlinking: /home/MKGL/quadro_ws/install/space_interfaces/share/space_interfaces/local_setup.bash
[44.840s] -- Symlinking: /home/MKGL/quadro_ws/install/space_interfaces/share/space_interfaces/local_setup.sh
[44.885s] -- Symlinking: /home/MKGL/quadro_ws/install/space_interfaces/share/space_interfaces/local_setup.zsh
[44.932s] -- Symlinking: /home/MKGL/quadro_ws/install/space_interfaces/share/space_interfaces/local_setup.dsv
[44.982s] -- Symlinking: /home/MKGL/quadro_ws/install/space_interfaces/share/space_interfaces/package.dsv
[45.040s] -- Symlinking: /home/MKGL/quadro_ws/install/space_interfaces/share/ament_index/resource_index/packages/space_interfaces
[45.101s] -- Symlinking: /home/MKGL/quadro_ws/install/space_interfaces/share/space_interfaces/cmake/rosidl_cmake-extras.cmake
[45.160s] -- Symlinking: /home/MKGL/quadro_ws/install/space_interfaces/share/space_interfaces/cmake/ament_cmake_export_include_directories-extras.cmake
[45.224s] -- Symlinking: /home/MKGL/quadro_ws/install/space_interfaces/share/space_interfaces/cmake/ament_cmake_export_libraries-extras.cmake
[45.268s] -- Symlinking: /home/MKGL/quadro_ws/install/space_interfaces/share/space_interfaces/cmake/ament_cmake_export_targets-extras.cmake
[45.312s] -- Symlinking: /home/MKGL/quadro_ws/install/space_interfaces/share/space_interfaces/cmake/rosidl_cmake_export_typesupport_targets-extras.cmake
[45.356s] -- Symlinking: /home/MKGL/quadro_ws/install/space_interfaces/share/space_interfaces/cmake/ament_cmake_export_dependencies-extras.cmake
[45.399s] -- Symlinking: /home/MKGL/quadro_ws/install/space_interfaces/share/space_interfaces/cmake/rosidl_cmake_export_typesupport_libraries-extras.cmake
[45.444s] -- Symlinking: /home/MKGL/quadro_ws/install/space_interfaces/share/space_interfaces/cmake/space_interfacesConfig.cmake
[45.490s] -- Symlinking: /home/MKGL/quadro_ws/install/space_interfaces/share/space_interfaces/cmake/space_interfacesConfig-version.cmake
[45.534s] -- Symlinking: /home/MKGL/quadro_ws/install/space_interfaces/share/space_interfaces/package.xml
[45.578s] -- Installing: /home/MKGL/quadro_ws/install/space_interfaces/lib/libspace_interfaces__rosidl_generator_c.so
[45.581s] -- Set non-toolchain portion of runtime path of "/home/MKGL/quadro_ws/install/space_interfaces/lib/libspace_interfaces__rosidl_generator_c.so" to ""
[45.583s] -- Installing: /home/MKGL/quadro_ws/install/space_interfaces/lib/libspace_interfaces__rosidl_typesupport_fastrtps_c.so
[45.585s] -- Set non-toolchain portion of runtime path of "/home/MKGL/quadro_ws/install/space_interfaces/lib/libspace_interfaces__rosidl_typesupport_fastrtps_c.so" to ""
[45.586s] -- Installing: /home/MKGL/quadro_ws/install/space_interfaces/lib/libspace_interfaces__rosidl_typesupport_introspection_c.so
[45.589s] -- Set non-toolchain portion of runtime path of "/home/MKGL/quadro_ws/install/space_interfaces/lib/libspace_interfaces__rosidl_typesupport_introspection_c.so" to ""
[45.589s] -- Installing: /home/MKGL/quadro_ws/install/space_interfaces/lib/libspace_interfaces__rosidl_typesupport_c.so
[45.592s] -- Set non-toolchain portion of runtime path of "/home/MKGL/quadro_ws/install/space_interfaces/lib/libspace_interfaces__rosidl_typesupport_c.so" to ""
[45.593s] -- Installing: /home/MKGL/quadro_ws/install/space_interfaces/lib/libspace_interfaces__rosidl_typesupport_fastrtps_cpp.so
[45.596s] -- Set non-toolchain portion of runtime path of "/home/MKGL/quadro_ws/install/space_interfaces/lib/libspace_interfaces__rosidl_typesupport_fastrtps_cpp.so" to ""
[45.597s] -- Installing: /home/MKGL/quadro_ws/install/space_interfaces/lib/libspace_interfaces__rosidl_typesupport_introspection_cpp.so
[45.600s] -- Set non-toolchain portion of runtime path of "/home/MKGL/quadro_ws/install/space_interfaces/lib/libspace_interfaces__rosidl_typesupport_introspection_cpp.so" to ""
[45.601s] -- Installing: /home/MKGL/quadro_ws/install/space_interfaces/lib/libspace_interfaces__rosidl_typesupport_cpp.so
[45.604s] -- Set non-toolchain portion of runtime path of "/home/MKGL/quadro_ws/install/space_interfaces/lib/libspace_interfaces__rosidl_typesupport_cpp.so" to ""
[45.784s] Listing '/home/MKGL/quadro_ws/install/space_interfaces/lib/python3.12/site-packages/space_interfaces'...
[45.787s] Compiling '/home/MKGL/quadro_ws/install/space_interfaces/lib/python3.12/site-packages/space_interfaces/__init__.py'...
[45.788s] Listing '/home/MKGL/quadro_ws/install/space_interfaces/lib/python3.12/site-packages/space_interfaces/msg'...
[45.789s] Compiling '/home/MKGL/quadro_ws/install/space_interfaces/lib/python3.12/site-packages/space_interfaces/msg/__init__.py'...
[45.791s] Compiling '/home/MKGL/quadro_ws/install/space_interfaces/lib/python3.12/site-packages/space_interfaces/msg/_position.py'...
[45.820s] -- Installing: /home/MKGL/quadro_ws/install/space_interfaces/lib/libspace_interfaces__rosidl_generator_py.so
[45.823s] -- Set non-toolchain portion of runtime path of "/home/MKGL/quadro_ws/install/space_interfaces/lib/libspace_interfaces__rosidl_generator_py.so" to ""
[45.823s] -- Installing: /home/MKGL/quadro_ws/install/space_interfaces/share/space_interfaces/cmake/export_space_interfaces__rosidl_generator_cExport.cmake
[45.825s] -- Installing: /home/MKGL/quadro_ws/install/space_interfaces/share/space_interfaces/cmake/export_space_interfaces__rosidl_generator_cExport-noconfig.cmake
[45.826s] -- Installing: /home/MKGL/quadro_ws/install/space_interfaces/share/space_interfaces/cmake/export_space_interfaces__rosidl_typesupport_fastrtps_cExport.cmake
[45.828s] -- Installing: /home/MKGL/quadro_ws/install/space_interfaces/share/space_interfaces/cmake/export_space_interfaces__rosidl_typesupport_fastrtps_cExport-noconfig.cmake
[45.830s] -- Installing: /home/MKGL/quadro_ws/install/space_interfaces/share/space_interfaces/cmake/space_interfaces__rosidl_typesupport_introspection_cExport.cmake
[45.831s] -- Installing: /home/MKGL/quadro_ws/install/space_interfaces/share/space_interfaces/cmake/space_interfaces__rosidl_typesupport_introspection_cExport-noconfig.cmake
[45.833s] -- Installing: /home/MKGL/quadro_ws/install/space_interfaces/share/space_interfaces/cmake/space_interfaces__rosidl_typesupport_cExport.cmake
[45.835s] -- Installing: /home/MKGL/quadro_ws/install/space_interfaces/share/space_interfaces/cmake/space_interfaces__rosidl_typesupport_cExport-noconfig.cmake
[45.837s] -- Installing: /home/MKGL/quadro_ws/install/space_interfaces/share/space_interfaces/cmake/export_space_interfaces__rosidl_generator_cppExport.cmake
[45.839s] -- Installing: /home/MKGL/quadro_ws/install/space_interfaces/share/space_interfaces/cmake/export_space_interfaces__rosidl_typesupport_fastrtps_cppExport.cmake
[45.840s] -- Installing: /home/MKGL/quadro_ws/install/space_interfaces/share/space_interfaces/cmake/export_space_interfaces__rosidl_typesupport_fastrtps_cppExport-noconfig.cmake
[45.842s] -- Installing: /home/MKGL/quadro_ws/install/space_interfaces/share/space_interfaces/cmake/space_interfaces__rosidl_typesupport_introspection_cppExport.cmake
[45.843s] -- Installing: /home/MKGL/quadro_ws/install/space_interfaces/share/space_interfaces/cmake/space_interfaces__rosidl_typesupport_introspection_cppExport-noconfig.cmake
[45.844s] -- Installing: /home/MKGL/quadro_ws/install/space_interfaces/share/space_interfaces/cmake/space_interfaces__rosidl_typesupport_cppExport.cmake
[45.846s] -- Installing: /home/MKGL/quadro_ws/install/space_interfaces/share/space_interfaces/cmake/space_interfaces__rosidl_typesupport_cppExport-noconfig.cmake
[45.847s] -- Installing: /home/MKGL/quadro_ws/install/space_interfaces/share/space_interfaces/cmake/export_space_interfaces__rosidl_generator_pyExport.cmake
[45.848s] -- Installing: /home/MKGL/quadro_ws/install/space_interfaces/share/space_interfaces/cmake/export_space_interfaces__rosidl_generator_pyExport-noconfig.cmake
[45.858s] Invoked command in '/home/MKGL/quadro_ws/build/space_interfaces' returned '0': CMAKE_PREFIX_PATH=${CMAKE_PREFIX_PATH}:/opt/ros/jazzy DEBUGINFOD_URLS=https://debuginfod.ubuntu.com /usr/bin/cmake --install /home/MKGL/quadro_ws/build/space_interfaces
