[0.089s] Invoking command in '/home/MKGL/quadro_ws/build/space_interfaces': CMAKE_PREFIX_PATH=${CMAKE_PREFIX_PATH}:/opt/ros/jazzy DEBUGINFOD_URLS=https://debuginfod.ubuntu.com /usr/bin/cmake --build /home/MKGL/quadro_ws/build/space_interfaces -- -j4 -l4
[0.457s] [  0%] Built target ament_cmake_python_symlink_space_interfaces
[0.471s] [  2%] Built target space_interfaces__rosidl_generator_type_description
[0.656s] [  5%] Built target space_interfaces__cpp
[0.674s] [ 20%] Built target space_interfaces__rosidl_generator_c
[0.926s] [ 29%] Built target space_interfaces__rosidl_typesupport_introspection_cpp
[0.934s] [ 38%] Built target space_interfaces__rosidl_typesupport_cpp
[0.950s] [ 47%] Built target space_interfaces__rosidl_typesupport_fastrtps_c
[1.121s] [ 55%] Built target space_interfaces__rosidl_typesupport_c
[1.160s] [ 64%] Built target space_interfaces__rosidl_typesupport_introspection_c
[1.167s] [ 73%] Built target space_interfaces__rosidl_typesupport_fastrtps_cpp
[1.302s] [ 73%] Built target space_interfaces
[1.493s] [ 76%] Built target space_interfaces__py
[1.639s] [ 82%] Built target space_interfaces__rosidl_generator_py
[1.794s] [ 88%] Built target space_interfaces_s__rosidl_typesupport_fastrtps_c
[1.885s] [ 94%] Built target space_interfaces_s__rosidl_typesupport_c
[1.889s] [100%] Built target space_interfaces_s__rosidl_typesupport_introspection_c
[2.132s] running egg_info
[2.229s] writing space_interfaces.egg-info/PKG-INFO
[2.230s] writing dependency_links to space_interfaces.egg-info/dependency_links.txt
[2.231s] writing top-level names to space_interfaces.egg-info/top_level.txt
[2.553s] reading manifest file 'space_interfaces.egg-info/SOURCES.txt'
[2.555s] writing manifest file 'space_interfaces.egg-info/SOURCES.txt'
[2.718s] [100%] Built target ament_cmake_python_build_space_interfaces_egg
[2.773s] Invoked command in '/home/MKGL/quadro_ws/build/space_interfaces' returned '0': CMAKE_PREFIX_PATH=${CMAKE_PREFIX_PATH}:/opt/ros/jazzy DEBUGINFOD_URLS=https://debuginfod.ubuntu.com /usr/bin/cmake --build /home/MKGL/quadro_ws/build/space_interfaces -- -j4 -l4
[3.137s] Invoking command in '/home/MKGL/quadro_ws/build/space_interfaces': CMAKE_PREFIX_PATH=${CMAKE_PREFIX_PATH}:/opt/ros/jazzy DEBUGINFOD_URLS=https://debuginfod.ubuntu.com /usr/bin/cmake --install /home/MKGL/quadro_ws/build/space_interfaces
[3.178s] -- Install configuration: ""
[3.180s] -- Execute custom install script
[3.183s] -- Up-to-date symlink: /home/MKGL/quadro_ws/install/space_interfaces/share/ament_index/resource_index/rosidl_interfaces/space_interfaces
[3.186s] -- Up-to-date symlink: /home/MKGL/quadro_ws/install/space_interfaces/share/space_interfaces/msg/Position.json
[3.188s] -- Up-to-date symlink: /home/MKGL/quadro_ws/install/space_interfaces/include/space_interfaces/space_interfaces/msg/detail/position__functions.h
[3.189s] -- Up-to-date symlink: /home/MKGL/quadro_ws/install/space_interfaces/include/space_interfaces/space_interfaces/msg/detail/position__struct.h
[3.190s] -- Up-to-date symlink: /home/MKGL/quadro_ws/install/space_interfaces/include/space_interfaces/space_interfaces/msg/detail/position__type_support.h
[3.192s] -- Up-to-date symlink: /home/MKGL/quadro_ws/install/space_interfaces/include/space_interfaces/space_interfaces/msg/position.h
[3.193s] -- Up-to-date symlink: /home/MKGL/quadro_ws/install/space_interfaces/include/space_interfaces/space_interfaces/msg/rosidl_generator_c__visibility_control.h
[3.194s] -- Up-to-date symlink: /home/MKGL/quadro_ws/install/space_interfaces/share/space_interfaces/environment/library_path.sh
[3.195s] -- Up-to-date symlink: /home/MKGL/quadro_ws/install/space_interfaces/share/space_interfaces/environment/library_path.dsv
[3.198s] -- Up-to-date symlink: /home/MKGL/quadro_ws/install/space_interfaces/include/space_interfaces/space_interfaces/msg/detail/position__rosidl_typesupport_fastrtps_c.h
[3.200s] -- Up-to-date symlink: /home/MKGL/quadro_ws/install/space_interfaces/include/space_interfaces/space_interfaces/msg/rosidl_typesupport_fastrtps_c__visibility_control.h
[3.202s] -- Up-to-date symlink: /home/MKGL/quadro_ws/install/space_interfaces/include/space_interfaces/space_interfaces/msg/detail/position__rosidl_typesupport_introspection_c.h
[3.203s] -- Up-to-date symlink: /home/MKGL/quadro_ws/install/space_interfaces/include/space_interfaces/space_interfaces/msg/rosidl_typesupport_introspection_c__visibility_control.h
[3.205s] -- Up-to-date symlink: /home/MKGL/quadro_ws/install/space_interfaces/include/space_interfaces/space_interfaces/msg/detail/position__builder.hpp
[3.206s] -- Up-to-date symlink: /home/MKGL/quadro_ws/install/space_interfaces/include/space_interfaces/space_interfaces/msg/detail/position__struct.hpp
[3.207s] -- Up-to-date symlink: /home/MKGL/quadro_ws/install/space_interfaces/include/space_interfaces/space_interfaces/msg/detail/position__traits.hpp
[3.208s] -- Up-to-date symlink: /home/MKGL/quadro_ws/install/space_interfaces/include/space_interfaces/space_interfaces/msg/detail/position__type_support.hpp
[3.209s] -- Up-to-date symlink: /home/MKGL/quadro_ws/install/space_interfaces/include/space_interfaces/space_interfaces/msg/position.hpp
[3.211s] -- Up-to-date symlink: /home/MKGL/quadro_ws/install/space_interfaces/include/space_interfaces/space_interfaces/msg/rosidl_generator_cpp__visibility_control.hpp
[3.213s] -- Up-to-date symlink: /home/MKGL/quadro_ws/install/space_interfaces/include/space_interfaces/space_interfaces/msg/detail/position__rosidl_typesupport_fastrtps_cpp.hpp
[3.215s] -- Up-to-date symlink: /home/MKGL/quadro_ws/install/space_interfaces/include/space_interfaces/space_interfaces/msg/rosidl_typesupport_fastrtps_cpp__visibility_control.h
[3.217s] -- Up-to-date symlink: /home/MKGL/quadro_ws/install/space_interfaces/include/space_interfaces/space_interfaces/msg/detail/position__rosidl_typesupport_introspection_cpp.hpp
[3.218s] -- Up-to-date symlink: /home/MKGL/quadro_ws/install/space_interfaces/share/space_interfaces/environment/pythonpath.sh
[3.219s] -- Up-to-date symlink: /home/MKGL/quadro_ws/install/space_interfaces/share/space_interfaces/environment/pythonpath.dsv
[3.221s] -- Up-to-date symlink: /home/MKGL/quadro_ws/install/space_interfaces/lib/python3.12/site-packages/space_interfaces-0.0.0-py3.12.egg-info/PKG-INFO
[3.222s] -- Up-to-date symlink: /home/MKGL/quadro_ws/install/space_interfaces/lib/python3.12/site-packages/space_interfaces-0.0.0-py3.12.egg-info/SOURCES.txt
[3.224s] -- Up-to-date symlink: /home/MKGL/quadro_ws/install/space_interfaces/lib/python3.12/site-packages/space_interfaces-0.0.0-py3.12.egg-info/dependency_links.txt
[3.225s] -- Up-to-date symlink: /home/MKGL/quadro_ws/install/space_interfaces/lib/python3.12/site-packages/space_interfaces-0.0.0-py3.12.egg-info/top_level.txt
[3.229s] -- Up-to-date symlink: /home/MKGL/quadro_ws/install/space_interfaces/lib/python3.12/site-packages/space_interfaces/__init__.py
[3.230s] -- Up-to-date symlink: /home/MKGL/quadro_ws/install/space_interfaces/lib/python3.12/site-packages/space_interfaces/_space_interfaces_s.ep.rosidl_typesupport_c.c
[3.230s] -- Up-to-date symlink: /home/MKGL/quadro_ws/install/space_interfaces/lib/python3.12/site-packages/space_interfaces/_space_interfaces_s.ep.rosidl_typesupport_fastrtps_c.c
[3.232s] -- Up-to-date symlink: /home/MKGL/quadro_ws/install/space_interfaces/lib/python3.12/site-packages/space_interfaces/_space_interfaces_s.ep.rosidl_typesupport_introspection_c.c
[3.233s] -- Up-to-date symlink: /home/MKGL/quadro_ws/install/space_interfaces/lib/python3.12/site-packages/space_interfaces/msg/__init__.py
[3.234s] -- Up-to-date symlink: /home/MKGL/quadro_ws/install/space_interfaces/lib/python3.12/site-packages/space_interfaces/msg/_position.py
[3.235s] -- Up-to-date symlink: /home/MKGL/quadro_ws/install/space_interfaces/lib/python3.12/site-packages/space_interfaces/msg/_position_s.c
[3.236s] -- Up-to-date symlink: /home/MKGL/quadro_ws/install/space_interfaces/lib/python3.12/site-packages/space_interfaces/space_interfaces_s__rosidl_typesupport_c.so
[3.238s] -- Up-to-date symlink: /home/MKGL/quadro_ws/install/space_interfaces/lib/python3.12/site-packages/space_interfaces/space_interfaces_s__rosidl_typesupport_fastrtps_c.so
[3.238s] -- Up-to-date symlink: /home/MKGL/quadro_ws/install/space_interfaces/lib/python3.12/site-packages/space_interfaces/space_interfaces_s__rosidl_typesupport_introspection_c.so
[3.239s] -- Up-to-date symlink: /home/MKGL/quadro_ws/install/space_interfaces/lib/python3.12/site-packages/space_interfaces/space_interfaces_s__rosidl_typesupport_fastrtps_c.so
[3.241s] -- Up-to-date symlink: /home/MKGL/quadro_ws/install/space_interfaces/lib/python3.12/site-packages/space_interfaces/space_interfaces_s__rosidl_typesupport_introspection_c.so
[3.243s] -- Up-to-date symlink: /home/MKGL/quadro_ws/install/space_interfaces/lib/python3.12/site-packages/space_interfaces/space_interfaces_s__rosidl_typesupport_c.so
[3.244s] -- Up-to-date symlink: /home/MKGL/quadro_ws/install/space_interfaces/share/space_interfaces/msg/Position.idl
[3.245s] -- Up-to-date symlink: /home/MKGL/quadro_ws/install/space_interfaces/share/space_interfaces/msg/Position.msg
[3.247s] -- Up-to-date symlink: /home/MKGL/quadro_ws/install/space_interfaces/share/ament_index/resource_index/package_run_dependencies/space_interfaces
[3.248s] -- Up-to-date symlink: /home/MKGL/quadro_ws/install/space_interfaces/share/ament_index/resource_index/parent_prefix_path/space_interfaces
[3.249s] -- Up-to-date symlink: /home/MKGL/quadro_ws/install/space_interfaces/share/space_interfaces/environment/ament_prefix_path.sh
[3.251s] -- Up-to-date symlink: /home/MKGL/quadro_ws/install/space_interfaces/share/space_interfaces/environment/ament_prefix_path.dsv
[3.252s] -- Up-to-date symlink: /home/MKGL/quadro_ws/install/space_interfaces/share/space_interfaces/environment/path.sh
[3.253s] -- Up-to-date symlink: /home/MKGL/quadro_ws/install/space_interfaces/share/space_interfaces/environment/path.dsv
[3.255s] -- Up-to-date symlink: /home/MKGL/quadro_ws/install/space_interfaces/share/space_interfaces/local_setup.bash
[3.255s] -- Up-to-date symlink: /home/MKGL/quadro_ws/install/space_interfaces/share/space_interfaces/local_setup.sh
[3.256s] -- Up-to-date symlink: /home/MKGL/quadro_ws/install/space_interfaces/share/space_interfaces/local_setup.zsh
[3.258s] -- Up-to-date symlink: /home/MKGL/quadro_ws/install/space_interfaces/share/space_interfaces/local_setup.dsv
[3.259s] -- Symlinking: /home/MKGL/quadro_ws/install/space_interfaces/share/space_interfaces/package.dsv
[3.304s] -- Up-to-date symlink: /home/MKGL/quadro_ws/install/space_interfaces/share/ament_index/resource_index/packages/space_interfaces
[3.306s] -- Up-to-date symlink: /home/MKGL/quadro_ws/install/space_interfaces/share/space_interfaces/cmake/rosidl_cmake-extras.cmake
[3.308s] -- Up-to-date symlink: /home/MKGL/quadro_ws/install/space_interfaces/share/space_interfaces/cmake/ament_cmake_export_include_directories-extras.cmake
[3.309s] -- Up-to-date symlink: /home/MKGL/quadro_ws/install/space_interfaces/share/space_interfaces/cmake/ament_cmake_export_libraries-extras.cmake
[3.310s] -- Up-to-date symlink: /home/MKGL/quadro_ws/install/space_interfaces/share/space_interfaces/cmake/ament_cmake_export_targets-extras.cmake
[3.312s] -- Up-to-date symlink: /home/MKGL/quadro_ws/install/space_interfaces/share/space_interfaces/cmake/rosidl_cmake_export_typesupport_targets-extras.cmake
[3.313s] -- Up-to-date symlink: /home/MKGL/quadro_ws/install/space_interfaces/share/space_interfaces/cmake/ament_cmake_export_dependencies-extras.cmake
[3.314s] -- Up-to-date symlink: /home/MKGL/quadro_ws/install/space_interfaces/share/space_interfaces/cmake/rosidl_cmake_export_typesupport_libraries-extras.cmake
[3.315s] -- Up-to-date symlink: /home/MKGL/quadro_ws/install/space_interfaces/share/space_interfaces/cmake/space_interfacesConfig.cmake
[3.317s] -- Up-to-date symlink: /home/MKGL/quadro_ws/install/space_interfaces/share/space_interfaces/cmake/space_interfacesConfig-version.cmake
[3.318s] -- Up-to-date symlink: /home/MKGL/quadro_ws/install/space_interfaces/share/space_interfaces/package.xml
[3.320s] -- Up-to-date: /home/MKGL/quadro_ws/install/space_interfaces/lib/libspace_interfaces__rosidl_generator_c.so
[3.322s] -- Up-to-date: /home/MKGL/quadro_ws/install/space_interfaces/lib/libspace_interfaces__rosidl_typesupport_fastrtps_c.so
[3.324s] -- Up-to-date: /home/MKGL/quadro_ws/install/space_interfaces/lib/libspace_interfaces__rosidl_typesupport_introspection_c.so
[3.327s] -- Up-to-date: /home/MKGL/quadro_ws/install/space_interfaces/lib/libspace_interfaces__rosidl_typesupport_c.so
[3.329s] -- Up-to-date: /home/MKGL/quadro_ws/install/space_interfaces/lib/libspace_interfaces__rosidl_typesupport_fastrtps_cpp.so
[3.331s] -- Up-to-date: /home/MKGL/quadro_ws/install/space_interfaces/lib/libspace_interfaces__rosidl_typesupport_introspection_cpp.so
[3.333s] -- Up-to-date: /home/MKGL/quadro_ws/install/space_interfaces/lib/libspace_interfaces__rosidl_typesupport_cpp.so
[3.518s] Listing '/home/MKGL/quadro_ws/install/space_interfaces/lib/python3.12/site-packages/space_interfaces'...
[3.521s] Listing '/home/MKGL/quadro_ws/install/space_interfaces/lib/python3.12/site-packages/space_interfaces/msg'...
[3.556s] -- Up-to-date: /home/MKGL/quadro_ws/install/space_interfaces/lib/libspace_interfaces__rosidl_generator_py.so
[3.558s] -- Up-to-date: /home/MKGL/quadro_ws/install/space_interfaces/share/space_interfaces/cmake/export_space_interfaces__rosidl_generator_cExport.cmake
[3.559s] -- Up-to-date: /home/MKGL/quadro_ws/install/space_interfaces/share/space_interfaces/cmake/export_space_interfaces__rosidl_generator_cExport-noconfig.cmake
[3.560s] -- Up-to-date: /home/MKGL/quadro_ws/install/space_interfaces/share/space_interfaces/cmake/export_space_interfaces__rosidl_typesupport_fastrtps_cExport.cmake
[3.561s] -- Up-to-date: /home/MKGL/quadro_ws/install/space_interfaces/share/space_interfaces/cmake/export_space_interfaces__rosidl_typesupport_fastrtps_cExport-noconfig.cmake
[3.562s] -- Up-to-date: /home/MKGL/quadro_ws/install/space_interfaces/share/space_interfaces/cmake/space_interfaces__rosidl_typesupport_introspection_cExport.cmake
[3.563s] -- Up-to-date: /home/MKGL/quadro_ws/install/space_interfaces/share/space_interfaces/cmake/space_interfaces__rosidl_typesupport_introspection_cExport-noconfig.cmake
[3.564s] -- Up-to-date: /home/MKGL/quadro_ws/install/space_interfaces/share/space_interfaces/cmake/space_interfaces__rosidl_typesupport_cExport.cmake
[3.565s] -- Up-to-date: /home/MKGL/quadro_ws/install/space_interfaces/share/space_interfaces/cmake/space_interfaces__rosidl_typesupport_cExport-noconfig.cmake
[3.567s] -- Up-to-date: /home/MKGL/quadro_ws/install/space_interfaces/share/space_interfaces/cmake/export_space_interfaces__rosidl_generator_cppExport.cmake
[3.568s] -- Up-to-date: /home/MKGL/quadro_ws/install/space_interfaces/share/space_interfaces/cmake/export_space_interfaces__rosidl_typesupport_fastrtps_cppExport.cmake
[3.569s] -- Up-to-date: /home/MKGL/quadro_ws/install/space_interfaces/share/space_interfaces/cmake/export_space_interfaces__rosidl_typesupport_fastrtps_cppExport-noconfig.cmake
[3.569s] -- Up-to-date: /home/MKGL/quadro_ws/install/space_interfaces/share/space_interfaces/cmake/space_interfaces__rosidl_typesupport_introspection_cppExport.cmake
[3.570s] -- Up-to-date: /home/MKGL/quadro_ws/install/space_interfaces/share/space_interfaces/cmake/space_interfaces__rosidl_typesupport_introspection_cppExport-noconfig.cmake
[3.570s] -- Up-to-date: /home/MKGL/quadro_ws/install/space_interfaces/share/space_interfaces/cmake/space_interfaces__rosidl_typesupport_cppExport.cmake
[3.572s] -- Up-to-date: /home/MKGL/quadro_ws/install/space_interfaces/share/space_interfaces/cmake/space_interfaces__rosidl_typesupport_cppExport-noconfig.cmake
[3.573s] -- Up-to-date: /home/MKGL/quadro_ws/install/space_interfaces/share/space_interfaces/cmake/export_space_interfaces__rosidl_generator_pyExport.cmake
[3.574s] -- Up-to-date: /home/MKGL/quadro_ws/install/space_interfaces/share/space_interfaces/cmake/export_space_interfaces__rosidl_generator_pyExport-noconfig.cmake
[3.584s] Invoked command in '/home/MKGL/quadro_ws/build/space_interfaces' returned '0': CMAKE_PREFIX_PATH=${CMAKE_PREFIX_PATH}:/opt/ros/jazzy DEBUGINFOD_URLS=https://debuginfod.ubuntu.com /usr/bin/cmake --install /home/MKGL/quadro_ws/build/space_interfaces
