[0.018s] Invoking command in '/home/ubuntu/dev_ws/build/space_interfaces': CMAKE_PREFIX_PATH=${CMAKE_PREFIX_PATH}:/opt/ros/jazzy /usr/bin/cmake /home/ubuntu/dev_ws/src/space_interfaces -DAMENT_CMAKE_SYMLINK_INSTALL=1 -DCMAKE_INSTALL_PREFIX=/home/ubuntu/dev_ws/install/space_interfaces
[0.371s] -- The C compiler identification is GNU 13.2.0
[4.179s] -- The CXX compiler identification is GNU 13.2.0
[7.494s] -- Detecting C compiler ABI info
[8.614s] -- Detecting C compiler ABI info - done
[8.653s] -- Check for working C compiler: /usr/bin/cc - skipped
[8.654s] -- Detecting C compile features
[8.656s] -- Detecting C compile features - done
[9.060s] -- Detecting CXX compiler ABI info
[9.998s] -- Detecting CXX compiler ABI info - done
[10.017s] -- Check for working CXX compiler: /usr/bin/c++ - skipped
[10.019s] -- Detecting CXX compile features
[10.019s] -- Detecting CXX compile features - done
[10.025s] -- Found ament_cmake: 2.5.2 (/opt/ros/jazzy/share/ament_cmake/cmake)
[10.378s] -- Found Python3: /usr/bin/python3 (found version "3.12.3") found components: Interpreter 
[10.508s] -- Override CMake install command with custom implementation using symlinks instead of copying resources
[10.590s] -- Found rosidl_default_generators: 1.6.0 (/opt/ros/jazzy/share/rosidl_default_generators/cmake)
[10.606s] -- Using all available rosidl_typesupport_c: rosidl_typesupport_fastrtps_c;rosidl_typesupport_introspection_c
[11.295s] -- Using all available rosidl_typesupport_cpp: rosidl_typesupport_fastrtps_cpp;rosidl_typesupport_introspection_cpp
[11.403s] -- Found rosidl_adapter: 4.6.4 (/opt/ros/jazzy/share/rosidl_adapter/cmake)
[12.707s] -- Found ament_cmake_ros: 0.12.0 (/opt/ros/jazzy/share/ament_cmake_ros/cmake)
[13.787s] -- Using all available rosidl_typesupport_c: rosidl_typesupport_fastrtps_c;rosidl_typesupport_introspection_c
[15.117s] -- Using all available rosidl_typesupport_cpp: rosidl_typesupport_fastrtps_cpp;rosidl_typesupport_introspection_cpp
[15.125s] -- Found python_cmake_module: 0.11.1 (/opt/ros/jazzy/share/python_cmake_module/cmake)
[15.513s] -- Found PythonExtra: /usr/bin/python3  
[16.671s] -- Found Python3: /usr/bin/python3 (found version "3.12.3") found components: Interpreter Development NumPy Development.Module Development.Embed 
[16.726s] -- Found ament_lint_auto: 0.17.1 (/opt/ros/jazzy/share/ament_lint_auto/cmake)
[16.781s] -- Added test 'lint_cmake' to check CMake code style
[16.785s] -- Added test 'xmllint' to check XML markup files
[16.798s] -- Configuring done (16.8s)
[16.893s] -- Generating done (0.1s)
[16.897s] -- Build files have been written to: /home/ubuntu/dev_ws/build/space_interfaces
[16.906s] Invoked command in '/home/ubuntu/dev_ws/build/space_interfaces' returned '0': CMAKE_PREFIX_PATH=${CMAKE_PREFIX_PATH}:/opt/ros/jazzy /usr/bin/cmake /home/ubuntu/dev_ws/src/space_interfaces -DAMENT_CMAKE_SYMLINK_INSTALL=1 -DCMAKE_INSTALL_PREFIX=/home/ubuntu/dev_ws/install/space_interfaces
[16.908s] Invoking command in '/home/ubuntu/dev_ws/build/space_interfaces': CMAKE_PREFIX_PATH=${CMAKE_PREFIX_PATH}:/opt/ros/jazzy /usr/bin/cmake --build /home/ubuntu/dev_ws/build/space_interfaces -- -j16 -l16
[17.015s] [  2%] [34m[1mGenerating type hashes for ROS interfaces[0m
[17.042s] [  2%] Built target ament_cmake_python_symlink_space_interfaces
[17.467s] [  2%] Built target space_interfaces__rosidl_generator_type_description
[17.481s] running egg_info
[17.482s] creating space_interfaces.egg-info
[17.483s] [  5%] [34m[1mGenerating C code for ROS interfaces[0m
[17.500s] [  8%] [34m[1mGenerating C++ code for ROS interfaces[0m
[17.538s] writing space_interfaces.egg-info/PKG-INFO
[17.538s] writing dependency_links to space_interfaces.egg-info/dependency_links.txt
[17.539s] writing top-level names to space_interfaces.egg-info/top_level.txt
[17.539s] writing manifest file 'space_interfaces.egg-info/SOURCES.txt'
[17.673s] reading manifest file 'space_interfaces.egg-info/SOURCES.txt'
[17.673s] writing manifest file 'space_interfaces.egg-info/SOURCES.txt'
[17.704s] [  8%] Built target ament_cmake_python_build_space_interfaces_egg
[17.908s] [  8%] Built target space_interfaces__cpp
[17.953s] [ 11%] [32mBuilding C object CMakeFiles/space_interfaces__rosidl_generator_c.dir/rosidl_generator_c/space_interfaces/msg/detail/position__description.c.o[0m
[17.953s] [ 17%] [32mBuilding C object CMakeFiles/space_interfaces__rosidl_generator_c.dir/rosidl_generator_c/space_interfaces/msg/detail/position__type_support.c.o[0m
[17.954s] [ 17%] [32mBuilding C object CMakeFiles/space_interfaces__rosidl_generator_c.dir/rosidl_generator_c/space_interfaces/msg/detail/position__functions.c.o[0m
[18.132s] [ 20%] [32m[1mLinking C shared library libspace_interfaces__rosidl_generator_c.so[0m
[18.636s] [ 20%] Built target space_interfaces__rosidl_generator_c
[18.667s] [ 23%] [34m[1mGenerating C type support for eProsima Fast-RTPS[0m
[18.668s] [ 29%] [34m[1mGenerating C introspection for ROS interfaces[0m
[18.669s] [ 29%] [34m[1mGenerating C type support dispatch for ROS interfaces[0m
[18.671s] [ 32%] [34m[1mGenerating C++ type support dispatch for ROS interfaces[0m
[18.677s] [ 35%] [34m[1mGenerating C++ type support for eProsima Fast-RTPS[0m
[18.678s] [ 38%] [34m[1mGenerating C++ introspection for ROS interfaces[0m
[19.042s] [ 41%] [32mBuilding CXX object CMakeFiles/space_interfaces__rosidl_typesupport_c.dir/rosidl_typesupport_c/space_interfaces/msg/position__type_support.cpp.o[0m
[19.108s] [ 44%] [32m[1mLinking CXX shared library libspace_interfaces__rosidl_typesupport_c.so[0m
[19.120s] [ 47%] [32mBuilding CXX object CMakeFiles/space_interfaces__rosidl_typesupport_fastrtps_c.dir/rosidl_typesupport_fastrtps_c/space_interfaces/msg/detail/position__type_support_c.cpp.o[0m
[19.132s] [ 50%] [32mBuilding CXX object CMakeFiles/space_interfaces__rosidl_typesupport_introspection_cpp.dir/rosidl_typesupport_introspection_cpp/space_interfaces/msg/detail/position__type_support.cpp.o[0m
[19.145s] [ 52%] [32mBuilding CXX object CMakeFiles/space_interfaces__rosidl_typesupport_cpp.dir/rosidl_typesupport_cpp/space_interfaces/msg/position__type_support.cpp.o[0m
[19.155s] [ 55%] [32mBuilding C object CMakeFiles/space_interfaces__rosidl_typesupport_introspection_c.dir/rosidl_typesupport_introspection_c/space_interfaces/msg/detail/position__type_support.c.o[0m
[19.206s] [ 61%] [32mBuilding CXX object CMakeFiles/space_interfaces__rosidl_typesupport_fastrtps_cpp.dir/rosidl_typesupport_fastrtps_cpp/space_interfaces/msg/detail/dds_fastrtps/position__type_support.cpp.o[0m
[19.207s] [ 61%] [32m[1mLinking C shared library libspace_interfaces__rosidl_typesupport_introspection_c.so[0m
[19.419s] [ 61%] Built target space_interfaces__rosidl_typesupport_c
[19.482s] [ 61%] Built target space_interfaces__rosidl_typesupport_introspection_c
[19.744s] [ 64%] [32m[1mLinking CXX shared library libspace_interfaces__rosidl_typesupport_introspection_cpp.so[0m
[19.797s] [ 67%] [32m[1mLinking CXX shared library libspace_interfaces__rosidl_typesupport_cpp.so[0m
[19.992s] [ 70%] [32m[1mLinking CXX shared library libspace_interfaces__rosidl_typesupport_fastrtps_c.so[0m
[20.033s] [ 70%] Built target space_interfaces__rosidl_typesupport_introspection_cpp
[20.062s] [ 70%] Built target space_interfaces__rosidl_typesupport_cpp
[20.129s] [ 73%] [32m[1mLinking CXX shared library libspace_interfaces__rosidl_typesupport_fastrtps_cpp.so[0m
[20.309s] [ 73%] Built target space_interfaces__rosidl_typesupport_fastrtps_c
[20.446s] [ 73%] Built target space_interfaces__rosidl_typesupport_fastrtps_cpp
[20.469s] [ 73%] Built target space_interfaces
[20.493s] [ 76%] [34m[1mGenerating Python code for ROS interfaces[0m
[20.979s] [ 76%] Built target space_interfaces__py
[21.004s] [ 79%] [32mBuilding C object CMakeFiles/space_interfaces__rosidl_generator_py.dir/rosidl_generator_py/space_interfaces/msg/_position_s.c.o[0m
[21.283s] [ 82%] [32m[1mLinking C shared library libspace_interfaces__rosidl_generator_py.so[0m
[21.556s] [ 82%] Built target space_interfaces__rosidl_generator_py
[21.578s] [ 91%] [32mBuilding C object CMakeFiles/space_interfaces_s__rosidl_typesupport_introspection_c.dir/rosidl_generator_py/space_interfaces/_space_interfaces_s.ep.rosidl_typesupport_introspection_c.c.o[0m
[21.578s] [ 91%] [32mBuilding C object CMakeFiles/space_interfaces_s__rosidl_typesupport_c.dir/rosidl_generator_py/space_interfaces/_space_interfaces_s.ep.rosidl_typesupport_c.c.o[0m
[21.578s] [ 91%] [32mBuilding C object CMakeFiles/space_interfaces_s__rosidl_typesupport_fastrtps_c.dir/rosidl_generator_py/space_interfaces/_space_interfaces_s.ep.rosidl_typesupport_fastrtps_c.c.o[0m
[21.707s] [ 94%] [32m[1mLinking C shared module rosidl_generator_py/space_interfaces/space_interfaces_s__rosidl_typesupport_c.so[0m
[21.709s] [ 97%] [32m[1mLinking C shared module rosidl_generator_py/space_interfaces/space_interfaces_s__rosidl_typesupport_introspection_c.so[0m
[21.716s] [100%] [32m[1mLinking C shared module rosidl_generator_py/space_interfaces/space_interfaces_s__rosidl_typesupport_fastrtps_c.so[0m
[21.911s] [100%] Built target space_interfaces_s__rosidl_typesupport_c
[21.911s] [100%] Built target space_interfaces_s__rosidl_typesupport_introspection_c
[22.070s] [100%] Built target space_interfaces_s__rosidl_typesupport_fastrtps_c
[22.093s] Invoked command in '/home/ubuntu/dev_ws/build/space_interfaces' returned '0': CMAKE_PREFIX_PATH=${CMAKE_PREFIX_PATH}:/opt/ros/jazzy /usr/bin/cmake --build /home/ubuntu/dev_ws/build/space_interfaces -- -j16 -l16
[22.182s] Invoking command in '/home/ubuntu/dev_ws/build/space_interfaces': CMAKE_PREFIX_PATH=${CMAKE_PREFIX_PATH}:/opt/ros/jazzy /usr/bin/cmake --install /home/ubuntu/dev_ws/build/space_interfaces
[22.192s] -- Install configuration: ""
[22.193s] -- Execute custom install script
[22.196s] -- Symlinking: /home/ubuntu/dev_ws/install/space_interfaces/share/ament_index/resource_index/rosidl_interfaces/space_interfaces
[22.211s] -- Symlinking: /home/ubuntu/dev_ws/install/space_interfaces/share/space_interfaces/msg/Position.json
[22.230s] -- Symlinking: /home/ubuntu/dev_ws/install/space_interfaces/include/space_interfaces/space_interfaces/msg/detail/position__functions.h
[22.244s] -- Symlinking: /home/ubuntu/dev_ws/install/space_interfaces/include/space_interfaces/space_interfaces/msg/detail/position__struct.h
[22.259s] -- Symlinking: /home/ubuntu/dev_ws/install/space_interfaces/include/space_interfaces/space_interfaces/msg/detail/position__type_support.h
[22.273s] -- Symlinking: /home/ubuntu/dev_ws/install/space_interfaces/include/space_interfaces/space_interfaces/msg/position.h
[22.288s] -- Symlinking: /home/ubuntu/dev_ws/install/space_interfaces/include/space_interfaces/space_interfaces/msg/rosidl_generator_c__visibility_control.h
[22.302s] -- Symlinking: /home/ubuntu/dev_ws/install/space_interfaces/share/space_interfaces/environment/library_path.sh
[22.313s] -- Symlinking: /home/ubuntu/dev_ws/install/space_interfaces/share/space_interfaces/environment/library_path.dsv
[22.324s] -- Symlinking: /home/ubuntu/dev_ws/install/space_interfaces/include/space_interfaces/space_interfaces/msg/detail/position__rosidl_typesupport_fastrtps_c.h
[22.333s] -- Symlinking: /home/ubuntu/dev_ws/install/space_interfaces/include/space_interfaces/space_interfaces/msg/rosidl_typesupport_fastrtps_c__visibility_control.h
[22.343s] -- Symlinking: /home/ubuntu/dev_ws/install/space_interfaces/include/space_interfaces/space_interfaces/msg/detail/position__rosidl_typesupport_introspection_c.h
[22.353s] -- Symlinking: /home/ubuntu/dev_ws/install/space_interfaces/include/space_interfaces/space_interfaces/msg/rosidl_typesupport_introspection_c__visibility_control.h
[22.362s] -- Symlinking: /home/ubuntu/dev_ws/install/space_interfaces/include/space_interfaces/space_interfaces/msg/detail/position__builder.hpp
[22.372s] -- Symlinking: /home/ubuntu/dev_ws/install/space_interfaces/include/space_interfaces/space_interfaces/msg/detail/position__struct.hpp
[22.382s] -- Symlinking: /home/ubuntu/dev_ws/install/space_interfaces/include/space_interfaces/space_interfaces/msg/detail/position__traits.hpp
[22.391s] -- Symlinking: /home/ubuntu/dev_ws/install/space_interfaces/include/space_interfaces/space_interfaces/msg/detail/position__type_support.hpp
[22.400s] -- Symlinking: /home/ubuntu/dev_ws/install/space_interfaces/include/space_interfaces/space_interfaces/msg/position.hpp
[22.409s] -- Symlinking: /home/ubuntu/dev_ws/install/space_interfaces/include/space_interfaces/space_interfaces/msg/rosidl_generator_cpp__visibility_control.hpp
[22.419s] -- Symlinking: /home/ubuntu/dev_ws/install/space_interfaces/include/space_interfaces/space_interfaces/msg/detail/position__rosidl_typesupport_fastrtps_cpp.hpp
[22.429s] -- Symlinking: /home/ubuntu/dev_ws/install/space_interfaces/include/space_interfaces/space_interfaces/msg/rosidl_typesupport_fastrtps_cpp__visibility_control.h
[22.438s] -- Symlinking: /home/ubuntu/dev_ws/install/space_interfaces/include/space_interfaces/space_interfaces/msg/detail/position__rosidl_typesupport_introspection_cpp.hpp
[22.447s] -- Symlinking: /home/ubuntu/dev_ws/install/space_interfaces/share/space_interfaces/environment/pythonpath.sh
[22.457s] -- Symlinking: /home/ubuntu/dev_ws/install/space_interfaces/share/space_interfaces/environment/pythonpath.dsv
[22.469s] -- Symlinking: /home/ubuntu/dev_ws/install/space_interfaces/lib/python3.12/site-packages/space_interfaces-0.0.0-py3.12.egg-info/PKG-INFO
[22.477s] -- Symlinking: /home/ubuntu/dev_ws/install/space_interfaces/lib/python3.12/site-packages/space_interfaces-0.0.0-py3.12.egg-info/SOURCES.txt
[22.486s] -- Symlinking: /home/ubuntu/dev_ws/install/space_interfaces/lib/python3.12/site-packages/space_interfaces-0.0.0-py3.12.egg-info/dependency_links.txt
[22.494s] -- Symlinking: /home/ubuntu/dev_ws/install/space_interfaces/lib/python3.12/site-packages/space_interfaces-0.0.0-py3.12.egg-info/top_level.txt
[22.505s] -- Symlinking: /home/ubuntu/dev_ws/install/space_interfaces/lib/python3.12/site-packages/space_interfaces/__init__.py
[22.515s] -- Symlinking: /home/ubuntu/dev_ws/install/space_interfaces/lib/python3.12/site-packages/space_interfaces/_space_interfaces_s.ep.rosidl_typesupport_c.c
[22.528s] -- Symlinking: /home/ubuntu/dev_ws/install/space_interfaces/lib/python3.12/site-packages/space_interfaces/_space_interfaces_s.ep.rosidl_typesupport_fastrtps_c.c
[22.543s] -- Symlinking: /home/ubuntu/dev_ws/install/space_interfaces/lib/python3.12/site-packages/space_interfaces/_space_interfaces_s.ep.rosidl_typesupport_introspection_c.c
[22.560s] -- Symlinking: /home/ubuntu/dev_ws/install/space_interfaces/lib/python3.12/site-packages/space_interfaces/msg/__init__.py
[22.575s] -- Symlinking: /home/ubuntu/dev_ws/install/space_interfaces/lib/python3.12/site-packages/space_interfaces/msg/_position.py
[22.593s] -- Symlinking: /home/ubuntu/dev_ws/install/space_interfaces/lib/python3.12/site-packages/space_interfaces/msg/_position_s.c
[22.609s] -- Symlinking: /home/ubuntu/dev_ws/install/space_interfaces/lib/python3.12/site-packages/space_interfaces/space_interfaces_s__rosidl_typesupport_c.so
[22.625s] -- Symlinking: /home/ubuntu/dev_ws/install/space_interfaces/lib/python3.12/site-packages/space_interfaces/space_interfaces_s__rosidl_typesupport_fastrtps_c.so
[22.640s] -- Symlinking: /home/ubuntu/dev_ws/install/space_interfaces/lib/python3.12/site-packages/space_interfaces/space_interfaces_s__rosidl_typesupport_introspection_c.so
[22.656s] -- Up-to-date symlink: /home/ubuntu/dev_ws/install/space_interfaces/lib/python3.12/site-packages/space_interfaces/space_interfaces_s__rosidl_typesupport_fastrtps_c.so
[22.657s] -- Up-to-date symlink: /home/ubuntu/dev_ws/install/space_interfaces/lib/python3.12/site-packages/space_interfaces/space_interfaces_s__rosidl_typesupport_introspection_c.so
[22.658s] -- Up-to-date symlink: /home/ubuntu/dev_ws/install/space_interfaces/lib/python3.12/site-packages/space_interfaces/space_interfaces_s__rosidl_typesupport_c.so
[22.658s] -- Symlinking: /home/ubuntu/dev_ws/install/space_interfaces/share/space_interfaces/msg/Position.idl
[22.674s] -- Symlinking: /home/ubuntu/dev_ws/install/space_interfaces/share/space_interfaces/msg/Position.msg
[22.690s] -- Symlinking: /home/ubuntu/dev_ws/install/space_interfaces/share/ament_index/resource_index/package_run_dependencies/space_interfaces
[22.706s] -- Symlinking: /home/ubuntu/dev_ws/install/space_interfaces/share/ament_index/resource_index/parent_prefix_path/space_interfaces
[22.722s] -- Symlinking: /home/ubuntu/dev_ws/install/space_interfaces/share/space_interfaces/environment/ament_prefix_path.sh
[22.737s] -- Symlinking: /home/ubuntu/dev_ws/install/space_interfaces/share/space_interfaces/environment/ament_prefix_path.dsv
[22.751s] -- Symlinking: /home/ubuntu/dev_ws/install/space_interfaces/share/space_interfaces/environment/path.sh
[22.763s] -- Symlinking: /home/ubuntu/dev_ws/install/space_interfaces/share/space_interfaces/environment/path.dsv
[22.775s] -- Symlinking: /home/ubuntu/dev_ws/install/space_interfaces/share/space_interfaces/local_setup.bash
[22.787s] -- Symlinking: /home/ubuntu/dev_ws/install/space_interfaces/share/space_interfaces/local_setup.sh
[22.798s] -- Symlinking: /home/ubuntu/dev_ws/install/space_interfaces/share/space_interfaces/local_setup.zsh
[22.810s] -- Symlinking: /home/ubuntu/dev_ws/install/space_interfaces/share/space_interfaces/local_setup.dsv
[22.823s] -- Symlinking: /home/ubuntu/dev_ws/install/space_interfaces/share/space_interfaces/package.dsv
[22.835s] -- Symlinking: /home/ubuntu/dev_ws/install/space_interfaces/share/ament_index/resource_index/packages/space_interfaces
[22.846s] -- Symlinking: /home/ubuntu/dev_ws/install/space_interfaces/share/space_interfaces/cmake/rosidl_cmake-extras.cmake
[22.858s] -- Symlinking: /home/ubuntu/dev_ws/install/space_interfaces/share/space_interfaces/cmake/ament_cmake_export_include_directories-extras.cmake
[22.869s] -- Symlinking: /home/ubuntu/dev_ws/install/space_interfaces/share/space_interfaces/cmake/ament_cmake_export_libraries-extras.cmake
[22.880s] -- Symlinking: /home/ubuntu/dev_ws/install/space_interfaces/share/space_interfaces/cmake/ament_cmake_export_targets-extras.cmake
[22.892s] -- Symlinking: /home/ubuntu/dev_ws/install/space_interfaces/share/space_interfaces/cmake/rosidl_cmake_export_typesupport_targets-extras.cmake
[22.903s] -- Symlinking: /home/ubuntu/dev_ws/install/space_interfaces/share/space_interfaces/cmake/ament_cmake_export_dependencies-extras.cmake
[22.915s] -- Symlinking: /home/ubuntu/dev_ws/install/space_interfaces/share/space_interfaces/cmake/rosidl_cmake_export_typesupport_libraries-extras.cmake
[22.926s] -- Symlinking: /home/ubuntu/dev_ws/install/space_interfaces/share/space_interfaces/cmake/space_interfacesConfig.cmake
[22.939s] -- Symlinking: /home/ubuntu/dev_ws/install/space_interfaces/share/space_interfaces/cmake/space_interfacesConfig-version.cmake
[22.950s] -- Symlinking: /home/ubuntu/dev_ws/install/space_interfaces/share/space_interfaces/package.xml
[22.961s] -- Installing: /home/ubuntu/dev_ws/install/space_interfaces/lib/libspace_interfaces__rosidl_generator_c.so
[22.962s] -- Set non-toolchain portion of runtime path of "/home/ubuntu/dev_ws/install/space_interfaces/lib/libspace_interfaces__rosidl_generator_c.so" to ""
[22.962s] -- Installing: /home/ubuntu/dev_ws/install/space_interfaces/lib/libspace_interfaces__rosidl_typesupport_fastrtps_c.so
[22.962s] -- Set non-toolchain portion of runtime path of "/home/ubuntu/dev_ws/install/space_interfaces/lib/libspace_interfaces__rosidl_typesupport_fastrtps_c.so" to ""
[22.962s] -- Installing: /home/ubuntu/dev_ws/install/space_interfaces/lib/libspace_interfaces__rosidl_typesupport_introspection_c.so
[22.963s] -- Set non-toolchain portion of runtime path of "/home/ubuntu/dev_ws/install/space_interfaces/lib/libspace_interfaces__rosidl_typesupport_introspection_c.so" to ""
[22.963s] -- Installing: /home/ubuntu/dev_ws/install/space_interfaces/lib/libspace_interfaces__rosidl_typesupport_c.so
[22.964s] -- Set non-toolchain portion of runtime path of "/home/ubuntu/dev_ws/install/space_interfaces/lib/libspace_interfaces__rosidl_typesupport_c.so" to ""
[22.964s] -- Installing: /home/ubuntu/dev_ws/install/space_interfaces/lib/libspace_interfaces__rosidl_typesupport_fastrtps_cpp.so
[22.964s] -- Set non-toolchain portion of runtime path of "/home/ubuntu/dev_ws/install/space_interfaces/lib/libspace_interfaces__rosidl_typesupport_fastrtps_cpp.so" to ""
[22.964s] -- Installing: /home/ubuntu/dev_ws/install/space_interfaces/lib/libspace_interfaces__rosidl_typesupport_introspection_cpp.so
[22.965s] -- Set non-toolchain portion of runtime path of "/home/ubuntu/dev_ws/install/space_interfaces/lib/libspace_interfaces__rosidl_typesupport_introspection_cpp.so" to ""
[22.965s] -- Installing: /home/ubuntu/dev_ws/install/space_interfaces/lib/libspace_interfaces__rosidl_typesupport_cpp.so
[22.965s] -- Set non-toolchain portion of runtime path of "/home/ubuntu/dev_ws/install/space_interfaces/lib/libspace_interfaces__rosidl_typesupport_cpp.so" to ""
[23.029s] Listing '/home/ubuntu/dev_ws/install/space_interfaces/lib/python3.12/site-packages/space_interfaces'...
[23.029s] Compiling '/home/ubuntu/dev_ws/install/space_interfaces/lib/python3.12/site-packages/space_interfaces/__init__.py'...
[23.029s] Listing '/home/ubuntu/dev_ws/install/space_interfaces/lib/python3.12/site-packages/space_interfaces/msg'...
[23.029s] Compiling '/home/ubuntu/dev_ws/install/space_interfaces/lib/python3.12/site-packages/space_interfaces/msg/__init__.py'...
[23.030s] Compiling '/home/ubuntu/dev_ws/install/space_interfaces/lib/python3.12/site-packages/space_interfaces/msg/_position.py'...
[23.037s] -- Installing: /home/ubuntu/dev_ws/install/space_interfaces/lib/libspace_interfaces__rosidl_generator_py.so
[23.038s] -- Set non-toolchain portion of runtime path of "/home/ubuntu/dev_ws/install/space_interfaces/lib/libspace_interfaces__rosidl_generator_py.so" to ""
[23.038s] -- Installing: /home/ubuntu/dev_ws/install/space_interfaces/share/space_interfaces/cmake/export_space_interfaces__rosidl_generator_cExport.cmake
[23.039s] -- Installing: /home/ubuntu/dev_ws/install/space_interfaces/share/space_interfaces/cmake/export_space_interfaces__rosidl_generator_cExport-noconfig.cmake
[23.039s] -- Installing: /home/ubuntu/dev_ws/install/space_interfaces/share/space_interfaces/cmake/export_space_interfaces__rosidl_typesupport_fastrtps_cExport.cmake
[23.039s] -- Installing: /home/ubuntu/dev_ws/install/space_interfaces/share/space_interfaces/cmake/export_space_interfaces__rosidl_typesupport_fastrtps_cExport-noconfig.cmake
[23.040s] -- Installing: /home/ubuntu/dev_ws/install/space_interfaces/share/space_interfaces/cmake/space_interfaces__rosidl_typesupport_introspection_cExport.cmake
[23.040s] -- Installing: /home/ubuntu/dev_ws/install/space_interfaces/share/space_interfaces/cmake/space_interfaces__rosidl_typesupport_introspection_cExport-noconfig.cmake
[23.040s] -- Installing: /home/ubuntu/dev_ws/install/space_interfaces/share/space_interfaces/cmake/space_interfaces__rosidl_typesupport_cExport.cmake
[23.041s] -- Installing: /home/ubuntu/dev_ws/install/space_interfaces/share/space_interfaces/cmake/space_interfaces__rosidl_typesupport_cExport-noconfig.cmake
[23.041s] -- Installing: /home/ubuntu/dev_ws/install/space_interfaces/share/space_interfaces/cmake/export_space_interfaces__rosidl_generator_cppExport.cmake
[23.041s] -- Installing: /home/ubuntu/dev_ws/install/space_interfaces/share/space_interfaces/cmake/export_space_interfaces__rosidl_typesupport_fastrtps_cppExport.cmake
[23.042s] -- Installing: /home/ubuntu/dev_ws/install/space_interfaces/share/space_interfaces/cmake/export_space_interfaces__rosidl_typesupport_fastrtps_cppExport-noconfig.cmake
[23.042s] -- Installing: /home/ubuntu/dev_ws/install/space_interfaces/share/space_interfaces/cmake/space_interfaces__rosidl_typesupport_introspection_cppExport.cmake
[23.042s] -- Installing: /home/ubuntu/dev_ws/install/space_interfaces/share/space_interfaces/cmake/space_interfaces__rosidl_typesupport_introspection_cppExport-noconfig.cmake
[23.042s] -- Installing: /home/ubuntu/dev_ws/install/space_interfaces/share/space_interfaces/cmake/space_interfaces__rosidl_typesupport_cppExport.cmake
[23.043s] -- Installing: /home/ubuntu/dev_ws/install/space_interfaces/share/space_interfaces/cmake/space_interfaces__rosidl_typesupport_cppExport-noconfig.cmake
[23.043s] -- Installing: /home/ubuntu/dev_ws/install/space_interfaces/share/space_interfaces/cmake/export_space_interfaces__rosidl_generator_pyExport.cmake
[23.044s] -- Installing: /home/ubuntu/dev_ws/install/space_interfaces/share/space_interfaces/cmake/export_space_interfaces__rosidl_generator_pyExport-noconfig.cmake
[23.046s] Invoked command in '/home/ubuntu/dev_ws/build/space_interfaces' returned '0': CMAKE_PREFIX_PATH=${CMAKE_PREFIX_PATH}:/opt/ros/jazzy /usr/bin/cmake --install /home/ubuntu/dev_ws/build/space_interfaces
