[0.345s] Invoking command in '/home/ubuntu/dev_ws/build/frame_listener': CMAKE_PREFIX_PATH=/home/ubuntu/dev_ws/install/space_interfaces:/home/ubuntu/dev_ws/install/frame_listener:/home/ubuntu/dev_ws/install/frame_broadcaster:/home/ubuntu/dev_ws/install/quadrobot:/opt/ros/jazzy/opt/gz_sim_vendor:/opt/ros/jazzy/opt/gz_sensors_vendor:/opt/ros/jazzy/opt/gz_physics_vendor:/opt/ros/jazzy/opt/sdformat_vendor:/opt/ros/jazzy/opt/gz_gui_vendor:/opt/ros/jazzy/opt/gz_transport_vendor:/opt/ros/jazzy/opt/gz_rendering_vendor:/opt/ros/jazzy/opt/gz_plugin_vendor:/opt/ros/jazzy/opt/gz_fuel_tools_vendor:/opt/ros/jazzy/opt/gz_msgs_vendor:/opt/ros/jazzy/opt/gz_common_vendor:/opt/ros/jazzy/opt/gz_math_vendor:/opt/ros/jazzy/opt/gz_utils_vendor:/opt/ros/jazzy/opt/gz_tools_vendor:/opt/ros/jazzy/opt/gz_ogre_next_vendor:/opt/ros/jazzy/opt/gz_dartsim_vendor:/opt/ros/jazzy/opt/gz_cmake_vendor:/opt/ros/jazzy /usr/bin/cmake /home/ubuntu/dev_ws/src/frame_listener -DAMENT_CMAKE_SYMLINK_INSTALL=1 -DCMAKE_INSTALL_PREFIX=/home/ubuntu/dev_ws/install/frame_listener
[0.609s] -- The C compiler identification is GNU 13.2.0
[2.197s] -- The CXX compiler identification is GNU 13.2.0
[3.615s] -- Detecting C compiler ABI info
[4.253s] -- Detecting C compiler ABI info - done
[4.287s] -- Check for working C compiler: /usr/bin/cc - skipped
[4.289s] -- Detecting C compile features
[4.290s] -- Detecting C compile features - done
[4.690s] -- Detecting CXX compiler ABI info
[5.750s] -- Detecting CXX compiler ABI info - done
[5.784s] -- Check for working CXX compiler: /usr/bin/c++ - skipped
[5.787s] -- Detecting CXX compile features
[5.787s] -- Detecting CXX compile features - done
[5.797s] -- Found ament_cmake: 2.5.2 (/opt/ros/jazzy/share/ament_cmake/cmake)
[6.078s] -- Found Python3: /usr/bin/python3 (found version "3.12.3") found components: Interpreter 
[6.187s] -- Override CMake install command with custom implementation using symlinks instead of copying resources
[6.251s] -- Found rclcpp: 28.1.5 (/opt/ros/jazzy/share/rclcpp/cmake)
[6.823s] -- Found rosidl_generator_c: 4.6.4 (/opt/ros/jazzy/share/rosidl_generator_c/cmake)
[6.862s] -- Found rosidl_generator_cpp: 4.6.4 (/opt/ros/jazzy/share/rosidl_generator_cpp/cmake)
[6.908s] -- Using all available rosidl_typesupport_c: rosidl_typesupport_fastrtps_c;rosidl_typesupport_introspection_c
[6.948s] -- Using all available rosidl_typesupport_cpp: rosidl_typesupport_fastrtps_cpp;rosidl_typesupport_introspection_cpp
[7.144s] -- Found rmw_implementation_cmake: 7.3.1 (/opt/ros/jazzy/share/rmw_implementation_cmake/cmake)
[7.156s] -- Found rmw_fastrtps_cpp: 8.4.1 (/opt/ros/jazzy/share/rmw_fastrtps_cpp/cmake)
[7.333s] -- Found OpenSSL: /usr/lib/x86_64-linux-gnu/libcrypto.so (found version "3.0.13")  
[7.773s] -- Found FastRTPS: /opt/ros/jazzy/include (Required is at least version "2.13") 
[8.262s] -- Using RMW implementation 'rmw_fastrtps_cpp' as default
[8.907s] -- Found geometry_msgs: 5.3.5 (/opt/ros/jazzy/share/geometry_msgs/cmake)
[9.111s] -- Found tf2: 0.36.4 (/opt/ros/jazzy/share/tf2/cmake)
[9.139s] -- Found tf2_ros: 0.36.4 (/opt/ros/jazzy/share/tf2_ros/cmake)
[9.763s] -- Found space_interfaces: 0.0.0 (/home/ubuntu/dev_ws/install/space_interfaces/share/space_interfaces/cmake)
[9.801s] -- Found ament_lint_auto: 0.17.1 (/opt/ros/jazzy/share/ament_lint_auto/cmake)
[10.018s] -- Added test 'cppcheck' to perform static code analysis on C / C++ code
[10.019s] -- Configured cppcheck include dirs: 
[10.019s] -- Configured cppcheck exclude dirs and/or files: 
[10.021s] -- Added test 'lint_cmake' to check CMake code style
[10.024s] -- Added test 'uncrustify' to check C / C++ code style
[10.024s] -- Configured uncrustify additional arguments: 
[10.026s] -- Added test 'xmllint' to check XML markup files
[10.031s] -- Configuring done (9.7s)
[10.061s] -- Generating done (0.0s)
[10.065s] -- Build files have been written to: /home/ubuntu/dev_ws/build/frame_listener
[10.081s] Invoked command in '/home/ubuntu/dev_ws/build/frame_listener' returned '0': CMAKE_PREFIX_PATH=/home/ubuntu/dev_ws/install/space_interfaces:/home/ubuntu/dev_ws/install/frame_listener:/home/ubuntu/dev_ws/install/frame_broadcaster:/home/ubuntu/dev_ws/install/quadrobot:/opt/ros/jazzy/opt/gz_sim_vendor:/opt/ros/jazzy/opt/gz_sensors_vendor:/opt/ros/jazzy/opt/gz_physics_vendor:/opt/ros/jazzy/opt/sdformat_vendor:/opt/ros/jazzy/opt/gz_gui_vendor:/opt/ros/jazzy/opt/gz_transport_vendor:/opt/ros/jazzy/opt/gz_rendering_vendor:/opt/ros/jazzy/opt/gz_plugin_vendor:/opt/ros/jazzy/opt/gz_fuel_tools_vendor:/opt/ros/jazzy/opt/gz_msgs_vendor:/opt/ros/jazzy/opt/gz_common_vendor:/opt/ros/jazzy/opt/gz_math_vendor:/opt/ros/jazzy/opt/gz_utils_vendor:/opt/ros/jazzy/opt/gz_tools_vendor:/opt/ros/jazzy/opt/gz_ogre_next_vendor:/opt/ros/jazzy/opt/gz_dartsim_vendor:/opt/ros/jazzy/opt/gz_cmake_vendor:/opt/ros/jazzy /usr/bin/cmake /home/ubuntu/dev_ws/src/frame_listener -DAMENT_CMAKE_SYMLINK_INSTALL=1 -DCMAKE_INSTALL_PREFIX=/home/ubuntu/dev_ws/install/frame_listener
[10.084s] Invoking command in '/home/ubuntu/dev_ws/build/frame_listener': CMAKE_PREFIX_PATH=/home/ubuntu/dev_ws/install/space_interfaces:/home/ubuntu/dev_ws/install/frame_listener:/home/ubuntu/dev_ws/install/frame_broadcaster:/home/ubuntu/dev_ws/install/quadrobot:/opt/ros/jazzy/opt/gz_sim_vendor:/opt/ros/jazzy/opt/gz_sensors_vendor:/opt/ros/jazzy/opt/gz_physics_vendor:/opt/ros/jazzy/opt/sdformat_vendor:/opt/ros/jazzy/opt/gz_gui_vendor:/opt/ros/jazzy/opt/gz_transport_vendor:/opt/ros/jazzy/opt/gz_rendering_vendor:/opt/ros/jazzy/opt/gz_plugin_vendor:/opt/ros/jazzy/opt/gz_fuel_tools_vendor:/opt/ros/jazzy/opt/gz_msgs_vendor:/opt/ros/jazzy/opt/gz_common_vendor:/opt/ros/jazzy/opt/gz_math_vendor:/opt/ros/jazzy/opt/gz_utils_vendor:/opt/ros/jazzy/opt/gz_tools_vendor:/opt/ros/jazzy/opt/gz_ogre_next_vendor:/opt/ros/jazzy/opt/gz_dartsim_vendor:/opt/ros/jazzy/opt/gz_cmake_vendor:/opt/ros/jazzy /usr/bin/cmake --build /home/ubuntu/dev_ws/build/frame_listener -- -j16 -l16
[10.172s] [ 50%] [32mBuilding CXX object CMakeFiles/listener_transform.dir/src/listener_transform.cpp.o[0m
[23.508s] [100%] [32m[1mLinking CXX executable listener_transform[0m
[24.330s] [100%] Built target listener_transform
[24.344s] Invoked command in '/home/ubuntu/dev_ws/build/frame_listener' returned '0': CMAKE_PREFIX_PATH=/home/ubuntu/dev_ws/install/space_interfaces:/home/ubuntu/dev_ws/install/frame_listener:/home/ubuntu/dev_ws/install/frame_broadcaster:/home/ubuntu/dev_ws/install/quadrobot:/opt/ros/jazzy/opt/gz_sim_vendor:/opt/ros/jazzy/opt/gz_sensors_vendor:/opt/ros/jazzy/opt/gz_physics_vendor:/opt/ros/jazzy/opt/sdformat_vendor:/opt/ros/jazzy/opt/gz_gui_vendor:/opt/ros/jazzy/opt/gz_transport_vendor:/opt/ros/jazzy/opt/gz_rendering_vendor:/opt/ros/jazzy/opt/gz_plugin_vendor:/opt/ros/jazzy/opt/gz_fuel_tools_vendor:/opt/ros/jazzy/opt/gz_msgs_vendor:/opt/ros/jazzy/opt/gz_common_vendor:/opt/ros/jazzy/opt/gz_math_vendor:/opt/ros/jazzy/opt/gz_utils_vendor:/opt/ros/jazzy/opt/gz_tools_vendor:/opt/ros/jazzy/opt/gz_ogre_next_vendor:/opt/ros/jazzy/opt/gz_dartsim_vendor:/opt/ros/jazzy/opt/gz_cmake_vendor:/opt/ros/jazzy /usr/bin/cmake --build /home/ubuntu/dev_ws/build/frame_listener -- -j16 -l16
[24.398s] Invoking command in '/home/ubuntu/dev_ws/build/frame_listener': CMAKE_PREFIX_PATH=/home/ubuntu/dev_ws/install/space_interfaces:/home/ubuntu/dev_ws/install/frame_listener:/home/ubuntu/dev_ws/install/frame_broadcaster:/home/ubuntu/dev_ws/install/quadrobot:/opt/ros/jazzy/opt/gz_sim_vendor:/opt/ros/jazzy/opt/gz_sensors_vendor:/opt/ros/jazzy/opt/gz_physics_vendor:/opt/ros/jazzy/opt/sdformat_vendor:/opt/ros/jazzy/opt/gz_gui_vendor:/opt/ros/jazzy/opt/gz_transport_vendor:/opt/ros/jazzy/opt/gz_rendering_vendor:/opt/ros/jazzy/opt/gz_plugin_vendor:/opt/ros/jazzy/opt/gz_fuel_tools_vendor:/opt/ros/jazzy/opt/gz_msgs_vendor:/opt/ros/jazzy/opt/gz_common_vendor:/opt/ros/jazzy/opt/gz_math_vendor:/opt/ros/jazzy/opt/gz_utils_vendor:/opt/ros/jazzy/opt/gz_tools_vendor:/opt/ros/jazzy/opt/gz_ogre_next_vendor:/opt/ros/jazzy/opt/gz_dartsim_vendor:/opt/ros/jazzy/opt/gz_cmake_vendor:/opt/ros/jazzy /usr/bin/cmake --install /home/ubuntu/dev_ws/build/frame_listener
[24.413s] -- Install configuration: ""
[24.415s] -- Execute custom install script
[24.417s] -- Symlinking: /home/ubuntu/dev_ws/install/frame_listener/lib/frame_listener/listener_transform
[24.437s] -- Symlinking: /home/ubuntu/dev_ws/install/frame_listener/share/ament_index/resource_index/package_run_dependencies/frame_listener
[24.457s] -- Symlinking: /home/ubuntu/dev_ws/install/frame_listener/share/ament_index/resource_index/parent_prefix_path/frame_listener
[24.477s] -- Symlinking: /home/ubuntu/dev_ws/install/frame_listener/share/frame_listener/environment/ament_prefix_path.sh
[24.494s] -- Symlinking: /home/ubuntu/dev_ws/install/frame_listener/share/frame_listener/environment/ament_prefix_path.dsv
[24.510s] -- Symlinking: /home/ubuntu/dev_ws/install/frame_listener/share/frame_listener/environment/path.sh
[24.530s] -- Symlinking: /home/ubuntu/dev_ws/install/frame_listener/share/frame_listener/environment/path.dsv
[24.552s] -- Symlinking: /home/ubuntu/dev_ws/install/frame_listener/share/frame_listener/local_setup.bash
[24.573s] -- Symlinking: /home/ubuntu/dev_ws/install/frame_listener/share/frame_listener/local_setup.sh
[24.593s] -- Symlinking: /home/ubuntu/dev_ws/install/frame_listener/share/frame_listener/local_setup.zsh
[24.616s] -- Symlinking: /home/ubuntu/dev_ws/install/frame_listener/share/frame_listener/local_setup.dsv
[24.640s] -- Symlinking: /home/ubuntu/dev_ws/install/frame_listener/share/frame_listener/package.dsv
[24.664s] -- Symlinking: /home/ubuntu/dev_ws/install/frame_listener/share/ament_index/resource_index/packages/frame_listener
[24.688s] -- Symlinking: /home/ubuntu/dev_ws/install/frame_listener/share/frame_listener/cmake/frame_listenerConfig.cmake
[24.712s] -- Symlinking: /home/ubuntu/dev_ws/install/frame_listener/share/frame_listener/cmake/frame_listenerConfig-version.cmake
[24.738s] -- Symlinking: /home/ubuntu/dev_ws/install/frame_listener/share/frame_listener/package.xml
[24.767s] Invoked command in '/home/ubuntu/dev_ws/build/frame_listener' returned '0': CMAKE_PREFIX_PATH=/home/ubuntu/dev_ws/install/space_interfaces:/home/ubuntu/dev_ws/install/frame_listener:/home/ubuntu/dev_ws/install/frame_broadcaster:/home/ubuntu/dev_ws/install/quadrobot:/opt/ros/jazzy/opt/gz_sim_vendor:/opt/ros/jazzy/opt/gz_sensors_vendor:/opt/ros/jazzy/opt/gz_physics_vendor:/opt/ros/jazzy/opt/sdformat_vendor:/opt/ros/jazzy/opt/gz_gui_vendor:/opt/ros/jazzy/opt/gz_transport_vendor:/opt/ros/jazzy/opt/gz_rendering_vendor:/opt/ros/jazzy/opt/gz_plugin_vendor:/opt/ros/jazzy/opt/gz_fuel_tools_vendor:/opt/ros/jazzy/opt/gz_msgs_vendor:/opt/ros/jazzy/opt/gz_common_vendor:/opt/ros/jazzy/opt/gz_math_vendor:/opt/ros/jazzy/opt/gz_utils_vendor:/opt/ros/jazzy/opt/gz_tools_vendor:/opt/ros/jazzy/opt/gz_ogre_next_vendor:/opt/ros/jazzy/opt/gz_dartsim_vendor:/opt/ros/jazzy/opt/gz_cmake_vendor:/opt/ros/jazzy /usr/bin/cmake --install /home/ubuntu/dev_ws/build/frame_listener
