[0.511s] DEBUG:colcon:Command line arguments: ['/usr/bin/colcon', 'build', '--symlink-install']
[0.512s] DEBUG:colcon:Parsed command line arguments: Namespace(log_base=None, log_level=None, verb_name='build', build_base='build', install_base='install', merge_install=False, symlink_install=True, test_result_base=None, continue_on_error=False, executor='parallel', parallel_workers=16, event_handlers=None, ignore_user_meta=False, metas=['./colcon.meta'], base_paths=['.'], packages_ignore=None, packages_ignore_regex=None, paths=None, packages_up_to=None, packages_up_to_regex=None, packages_above=None, packages_above_and_dependencies=None, packages_above_depth=None, packages_select_by_dep=None, packages_skip_by_dep=None, packages_skip_up_to=None, packages_select_build_failed=False, packages_skip_build_finished=False, packages_select_test_failures=False, packages_skip_test_passed=False, packages_select=None, packages_skip=None, packages_select_regex=None, packages_skip_regex=None, packages_start=None, packages_end=None, allow_overriding=[], cmake_args=None, cmake_target=None, cmake_target_skip_unavailable=False, cmake_clean_cache=False, cmake_clean_first=False, cmake_force_configure=False, ament_cmake_args=None, catkin_cmake_args=None, catkin_skip_building_tests=False, mixin_files=None, mixin=None, verb_parser=<colcon_mixin.mixin.mixin_argument.MixinArgumentDecorator object at 0x7f38ff9507a0>, verb_extension=<colcon_core.verb.build.BuildVerb object at 0x7f38ffa8b1a0>, main=<bound method BuildVerb.main of <colcon_core.verb.build.BuildVerb object at 0x7f38ffa8b1a0>>, mixin_verb=('build',))
[0.565s] Level 1:colcon.colcon_core.package_discovery:discover_packages(colcon_meta) check parameters
[0.565s] Level 1:colcon.colcon_core.package_discovery:discover_packages(recursive) check parameters
[0.565s] Level 1:colcon.colcon_core.package_discovery:discover_packages(ignore) check parameters
[0.565s] Level 1:colcon.colcon_core.package_discovery:discover_packages(path) check parameters
[0.565s] Level 1:colcon.colcon_core.package_discovery:discover_packages(colcon_meta) discover
[0.565s] Level 1:colcon.colcon_core.package_discovery:discover_packages(recursive) discover
[0.565s] INFO:colcon.colcon_core.package_discovery:Crawling recursively for packages in '/home/ubuntu/quadro_ws'
[0.565s] Level 1:colcon.colcon_core.package_identification:_identify(.) by extensions ['ignore', 'ignore_ament_install']
[0.566s] Level 1:colcon.colcon_core.package_identification:_identify(.) by extension 'ignore'
[0.566s] Level 1:colcon.colcon_core.package_identification:_identify(.) by extension 'ignore_ament_install'
[0.566s] Level 1:colcon.colcon_core.package_identification:_identify(.) by extensions ['colcon_pkg']
[0.566s] Level 1:colcon.colcon_core.package_identification:_identify(.) by extension 'colcon_pkg'
[0.566s] Level 1:colcon.colcon_core.package_identification:_identify(.) by extensions ['colcon_meta']
[0.566s] Level 1:colcon.colcon_core.package_identification:_identify(.) by extension 'colcon_meta'
[0.566s] Level 1:colcon.colcon_core.package_identification:_identify(.) by extensions ['ros']
[0.566s] Level 1:colcon.colcon_core.package_identification:_identify(.) by extension 'ros'
[0.603s] Level 1:colcon.colcon_core.package_identification:_identify(.) by extensions ['cmake', 'python']
[0.603s] Level 1:colcon.colcon_core.package_identification:_identify(.) by extension 'cmake'
[0.603s] Level 1:colcon.colcon_core.package_identification:_identify(.) by extension 'python'
[0.603s] Level 1:colcon.colcon_core.package_identification:_identify(.) by extensions ['python_setup_py']
[0.603s] Level 1:colcon.colcon_core.package_identification:_identify(.) by extension 'python_setup_py'
[0.604s] Level 1:colcon.colcon_core.package_identification:_identify(build) by extensions ['ignore', 'ignore_ament_install']
[0.604s] Level 1:colcon.colcon_core.package_identification:_identify(build) by extension 'ignore'
[0.604s] Level 1:colcon.colcon_core.package_identification:_identify(build) ignored
[0.604s] Level 1:colcon.colcon_core.package_identification:_identify(install) by extensions ['ignore', 'ignore_ament_install']
[0.604s] Level 1:colcon.colcon_core.package_identification:_identify(install) by extension 'ignore'
[0.604s] Level 1:colcon.colcon_core.package_identification:_identify(install) ignored
[0.604s] Level 1:colcon.colcon_core.package_identification:_identify(log) by extensions ['ignore', 'ignore_ament_install']
[0.605s] Level 1:colcon.colcon_core.package_identification:_identify(log) by extension 'ignore'
[0.605s] Level 1:colcon.colcon_core.package_identification:_identify(log) ignored
[0.605s] Level 1:colcon.colcon_core.package_identification:_identify(src) by extensions ['ignore', 'ignore_ament_install']
[0.605s] Level 1:colcon.colcon_core.package_identification:_identify(src) by extension 'ignore'
[0.605s] Level 1:colcon.colcon_core.package_identification:_identify(src) by extension 'ignore_ament_install'
[0.605s] Level 1:colcon.colcon_core.package_identification:_identify(src) by extensions ['colcon_pkg']
[0.605s] Level 1:colcon.colcon_core.package_identification:_identify(src) by extension 'colcon_pkg'
[0.605s] Level 1:colcon.colcon_core.package_identification:_identify(src) by extensions ['colcon_meta']
[0.605s] Level 1:colcon.colcon_core.package_identification:_identify(src) by extension 'colcon_meta'
[0.605s] Level 1:colcon.colcon_core.package_identification:_identify(src) by extensions ['ros']
[0.605s] Level 1:colcon.colcon_core.package_identification:_identify(src) by extension 'ros'
[0.606s] Level 1:colcon.colcon_core.package_identification:_identify(src) by extensions ['cmake', 'python']
[0.606s] Level 1:colcon.colcon_core.package_identification:_identify(src) by extension 'cmake'
[0.606s] Level 1:colcon.colcon_core.package_identification:_identify(src) by extension 'python'
[0.606s] Level 1:colcon.colcon_core.package_identification:_identify(src) by extensions ['python_setup_py']
[0.606s] Level 1:colcon.colcon_core.package_identification:_identify(src) by extension 'python_setup_py'
[0.606s] Level 1:colcon.colcon_core.package_identification:_identify(src/dgz_viewer) by extensions ['ignore', 'ignore_ament_install']
[0.606s] Level 1:colcon.colcon_core.package_identification:_identify(src/dgz_viewer) by extension 'ignore'
[0.606s] Level 1:colcon.colcon_core.package_identification:_identify(src/dgz_viewer) by extension 'ignore_ament_install'
[0.606s] Level 1:colcon.colcon_core.package_identification:_identify(src/dgz_viewer) by extensions ['colcon_pkg']
[0.607s] Level 1:colcon.colcon_core.package_identification:_identify(src/dgz_viewer) by extension 'colcon_pkg'
[0.607s] Level 1:colcon.colcon_core.package_identification:_identify(src/dgz_viewer) by extensions ['colcon_meta']
[0.607s] Level 1:colcon.colcon_core.package_identification:_identify(src/dgz_viewer) by extension 'colcon_meta'
[0.607s] Level 1:colcon.colcon_core.package_identification:_identify(src/dgz_viewer) by extensions ['ros']
[0.607s] Level 1:colcon.colcon_core.package_identification:_identify(src/dgz_viewer) by extension 'ros'
[0.611s] DEBUG:colcon.colcon_core.package_identification:Package 'src/dgz_viewer' with type 'ros.ament_cmake' and name 'dgz_viewer'
[0.611s] Level 1:colcon.colcon_core.package_identification:_identify(src/quadrobot_viewer) by extensions ['ignore', 'ignore_ament_install']
[0.611s] Level 1:colcon.colcon_core.package_identification:_identify(src/quadrobot_viewer) by extension 'ignore'
[0.611s] Level 1:colcon.colcon_core.package_identification:_identify(src/quadrobot_viewer) by extension 'ignore_ament_install'
[0.611s] Level 1:colcon.colcon_core.package_identification:_identify(src/quadrobot_viewer) by extensions ['colcon_pkg']
[0.611s] Level 1:colcon.colcon_core.package_identification:_identify(src/quadrobot_viewer) by extension 'colcon_pkg'
[0.611s] Level 1:colcon.colcon_core.package_identification:_identify(src/quadrobot_viewer) by extensions ['colcon_meta']
[0.611s] Level 1:colcon.colcon_core.package_identification:_identify(src/quadrobot_viewer) by extension 'colcon_meta'
[0.611s] Level 1:colcon.colcon_core.package_identification:_identify(src/quadrobot_viewer) by extensions ['ros']
[0.612s] Level 1:colcon.colcon_core.package_identification:_identify(src/quadrobot_viewer) by extension 'ros'
[0.613s] DEBUG:colcon.colcon_core.package_identification:Package 'src/quadrobot_viewer' with type 'ros.ament_cmake' and name 'quadrobot_viewer'
[0.613s] Level 1:colcon.colcon_core.package_discovery:discover_packages(recursive) using defaults
[0.613s] Level 1:colcon.colcon_core.package_discovery:discover_packages(ignore) discover
[0.613s] Level 1:colcon.colcon_core.package_discovery:discover_packages(ignore) using defaults
[0.613s] Level 1:colcon.colcon_core.package_discovery:discover_packages(path) discover
[0.613s] Level 1:colcon.colcon_core.package_discovery:discover_packages(path) using defaults
[0.637s] Level 1:colcon.colcon_core.package_discovery:discover_packages(prefix_path) check parameters
[0.637s] Level 1:colcon.colcon_core.package_discovery:discover_packages(prefix_path) discover
[0.641s] DEBUG:colcon.colcon_installed_package_information.package_discovery:Found 347 installed packages in /opt/ros/jazzy
[0.642s] Level 1:colcon.colcon_core.package_discovery:discover_packages(prefix_path) using defaults
[0.731s] Level 5:colcon.colcon_core.verb:set package 'dgz_viewer' build argument 'cmake_args' from command line to 'None'
[0.731s] Level 5:colcon.colcon_core.verb:set package 'dgz_viewer' build argument 'cmake_target' from command line to 'None'
[0.731s] Level 5:colcon.colcon_core.verb:set package 'dgz_viewer' build argument 'cmake_target_skip_unavailable' from command line to 'False'
[0.731s] Level 5:colcon.colcon_core.verb:set package 'dgz_viewer' build argument 'cmake_clean_cache' from command line to 'False'
[0.731s] Level 5:colcon.colcon_core.verb:set package 'dgz_viewer' build argument 'cmake_clean_first' from command line to 'False'
[0.731s] Level 5:colcon.colcon_core.verb:set package 'dgz_viewer' build argument 'cmake_force_configure' from command line to 'False'
[0.731s] Level 5:colcon.colcon_core.verb:set package 'dgz_viewer' build argument 'ament_cmake_args' from command line to 'None'
[0.731s] Level 5:colcon.colcon_core.verb:set package 'dgz_viewer' build argument 'catkin_cmake_args' from command line to 'None'
[0.731s] Level 5:colcon.colcon_core.verb:set package 'dgz_viewer' build argument 'catkin_skip_building_tests' from command line to 'False'
[0.731s] DEBUG:colcon.colcon_core.verb:Building package 'dgz_viewer' with the following arguments: {'ament_cmake_args': None, 'build_base': '/home/ubuntu/quadro_ws/build/dgz_viewer', 'catkin_cmake_args': None, 'catkin_skip_building_tests': False, 'cmake_args': None, 'cmake_clean_cache': False, 'cmake_clean_first': False, 'cmake_force_configure': False, 'cmake_target': None, 'cmake_target_skip_unavailable': False, 'install_base': '/home/ubuntu/quadro_ws/install/dgz_viewer', 'merge_install': False, 'path': '/home/ubuntu/quadro_ws/src/dgz_viewer', 'symlink_install': True, 'test_result_base': None}
[0.731s] Level 5:colcon.colcon_core.verb:set package 'quadrobot_viewer' build argument 'cmake_args' from command line to 'None'
[0.732s] Level 5:colcon.colcon_core.verb:set package 'quadrobot_viewer' build argument 'cmake_target' from command line to 'None'
[0.732s] Level 5:colcon.colcon_core.verb:set package 'quadrobot_viewer' build argument 'cmake_target_skip_unavailable' from command line to 'False'
[0.732s] Level 5:colcon.colcon_core.verb:set package 'quadrobot_viewer' build argument 'cmake_clean_cache' from command line to 'False'
[0.732s] Level 5:colcon.colcon_core.verb:set package 'quadrobot_viewer' build argument 'cmake_clean_first' from command line to 'False'
[0.732s] Level 5:colcon.colcon_core.verb:set package 'quadrobot_viewer' build argument 'cmake_force_configure' from command line to 'False'
[0.732s] Level 5:colcon.colcon_core.verb:set package 'quadrobot_viewer' build argument 'ament_cmake_args' from command line to 'None'
[0.732s] Level 5:colcon.colcon_core.verb:set package 'quadrobot_viewer' build argument 'catkin_cmake_args' from command line to 'None'
[0.732s] Level 5:colcon.colcon_core.verb:set package 'quadrobot_viewer' build argument 'catkin_skip_building_tests' from command line to 'False'
[0.732s] DEBUG:colcon.colcon_core.verb:Building package 'quadrobot_viewer' with the following arguments: {'ament_cmake_args': None, 'build_base': '/home/ubuntu/quadro_ws/build/quadrobot_viewer', 'catkin_cmake_args': None, 'catkin_skip_building_tests': False, 'cmake_args': None, 'cmake_clean_cache': False, 'cmake_clean_first': False, 'cmake_force_configure': False, 'cmake_target': None, 'cmake_target_skip_unavailable': False, 'install_base': '/home/ubuntu/quadro_ws/install/quadrobot_viewer', 'merge_install': False, 'path': '/home/ubuntu/quadro_ws/src/quadrobot_viewer', 'symlink_install': True, 'test_result_base': None}
[0.732s] INFO:colcon.colcon_core.executor:Executing jobs using 'parallel' executor
[0.733s] DEBUG:colcon.colcon_parallel_executor.executor.parallel:run_until_complete
[0.734s] INFO:colcon.colcon_ros.task.ament_cmake.build:Building ROS package in '/home/ubuntu/quadro_ws/src/dgz_viewer' with build type 'ament_cmake'
[0.734s] INFO:colcon.colcon_cmake.task.cmake.build:Building CMake package in '/home/ubuntu/quadro_ws/src/dgz_viewer'
[0.737s] INFO:colcon.colcon_core.plugin_system:Skipping extension 'colcon_core.shell.bat': Not used on non-Windows systems
[0.737s] INFO:colcon.colcon_core.shell:Skip shell extension 'powershell' for command environment: Not usable outside of PowerShell
[0.737s] DEBUG:colcon.colcon_core.shell:Skip shell extension 'dsv' for command environment
[0.741s] INFO:colcon.colcon_ros.task.ament_cmake.build:Building ROS package in '/home/ubuntu/quadro_ws/src/quadrobot_viewer' with build type 'ament_cmake'
[0.742s] INFO:colcon.colcon_cmake.task.cmake.build:Building CMake package in '/home/ubuntu/quadro_ws/src/quadrobot_viewer'
[0.742s] INFO:colcon.colcon_core.shell:Skip shell extension 'powershell' for command environment: Not usable outside of PowerShell
[0.742s] DEBUG:colcon.colcon_core.shell:Skip shell extension 'dsv' for command environment
[0.751s] DEBUG:colcon.colcon_core.event_handler.log_command:Invoking command in '/home/ubuntu/quadro_ws/build/dgz_viewer': CMAKE_PREFIX_PATH=${CMAKE_PREFIX_PATH}:/opt/ros/jazzy /usr/bin/cmake /home/ubuntu/quadro_ws/src/dgz_viewer -DAMENT_CMAKE_SYMLINK_INSTALL=1 -DCMAKE_INSTALL_PREFIX=/home/ubuntu/quadro_ws/install/dgz_viewer
[0.757s] DEBUG:colcon.colcon_core.event_handler.log_command:Invoking command in '/home/ubuntu/quadro_ws/build/quadrobot_viewer': CMAKE_PREFIX_PATH=${CMAKE_PREFIX_PATH}:/opt/ros/jazzy /usr/bin/cmake /home/ubuntu/quadro_ws/src/quadrobot_viewer -DAMENT_CMAKE_SYMLINK_INSTALL=1 -DCMAKE_INSTALL_PREFIX=/home/ubuntu/quadro_ws/install/quadrobot_viewer
[15.286s] DEBUG:colcon.colcon_core.event_handler.log_command:Invoked command in '/home/ubuntu/quadro_ws/build/quadrobot_viewer' returned '0': CMAKE_PREFIX_PATH=${CMAKE_PREFIX_PATH}:/opt/ros/jazzy /usr/bin/cmake /home/ubuntu/quadro_ws/src/quadrobot_viewer -DAMENT_CMAKE_SYMLINK_INSTALL=1 -DCMAKE_INSTALL_PREFIX=/home/ubuntu/quadro_ws/install/quadrobot_viewer
[15.287s] DEBUG:colcon.colcon_core.event_handler.log_command:Invoking command in '/home/ubuntu/quadro_ws/build/quadrobot_viewer': CMAKE_PREFIX_PATH=${CMAKE_PREFIX_PATH}:/opt/ros/jazzy /usr/bin/cmake --build /home/ubuntu/quadro_ws/build/quadrobot_viewer -- -j16 -l16
[15.322s] DEBUG:colcon.colcon_core.event_handler.log_command:Invoked command in '/home/ubuntu/quadro_ws/build/dgz_viewer' returned '0': CMAKE_PREFIX_PATH=${CMAKE_PREFIX_PATH}:/opt/ros/jazzy /usr/bin/cmake /home/ubuntu/quadro_ws/src/dgz_viewer -DAMENT_CMAKE_SYMLINK_INSTALL=1 -DCMAKE_INSTALL_PREFIX=/home/ubuntu/quadro_ws/install/dgz_viewer
[15.323s] DEBUG:colcon.colcon_core.event_handler.log_command:Invoking command in '/home/ubuntu/quadro_ws/build/dgz_viewer': CMAKE_PREFIX_PATH=${CMAKE_PREFIX_PATH}:/opt/ros/jazzy /usr/bin/cmake --build /home/ubuntu/quadro_ws/build/dgz_viewer -- -j16 -l16
[15.344s] DEBUG:colcon.colcon_core.event_handler.log_command:Invoked command in '/home/ubuntu/quadro_ws/build/quadrobot_viewer' returned '0': CMAKE_PREFIX_PATH=${CMAKE_PREFIX_PATH}:/opt/ros/jazzy /usr/bin/cmake --build /home/ubuntu/quadro_ws/build/quadrobot_viewer -- -j16 -l16
[15.383s] DEBUG:colcon.colcon_core.event_handler.log_command:Invoked command in '/home/ubuntu/quadro_ws/build/dgz_viewer' returned '0': CMAKE_PREFIX_PATH=${CMAKE_PREFIX_PATH}:/opt/ros/jazzy /usr/bin/cmake --build /home/ubuntu/quadro_ws/build/dgz_viewer -- -j16 -l16
[15.401s] DEBUG:colcon.colcon_core.event_handler.log_command:Invoking command in '/home/ubuntu/quadro_ws/build/quadrobot_viewer': CMAKE_PREFIX_PATH=${CMAKE_PREFIX_PATH}:/opt/ros/jazzy /usr/bin/cmake --install /home/ubuntu/quadro_ws/build/quadrobot_viewer
[15.422s] DEBUG:colcon.colcon_core.event_handler.log_command:Invoking command in '/home/ubuntu/quadro_ws/build/dgz_viewer': CMAKE_PREFIX_PATH=${CMAKE_PREFIX_PATH}:/opt/ros/jazzy /usr/bin/cmake --install /home/ubuntu/quadro_ws/build/dgz_viewer
[15.968s] Level 1:colcon.colcon_core.environment:create_environment_scripts_only(quadrobot_viewer)
[15.970s] DEBUG:colcon.colcon_core.event_handler.log_command:Invoked command in '/home/ubuntu/quadro_ws/build/quadrobot_viewer' returned '0': CMAKE_PREFIX_PATH=${CMAKE_PREFIX_PATH}:/opt/ros/jazzy /usr/bin/cmake --install /home/ubuntu/quadro_ws/build/quadrobot_viewer
[15.973s] Level 1:colcon.colcon_core.environment:checking '/home/ubuntu/quadro_ws/install/quadrobot_viewer' for CMake module files
[15.974s] Level 1:colcon.colcon_core.environment:checking '/home/ubuntu/quadro_ws/install/quadrobot_viewer' for CMake config files
[15.975s] Level 1:colcon.colcon_core.shell:create_environment_hook('quadrobot_viewer', 'cmake_prefix_path')
[15.975s] INFO:colcon.colcon_core.shell:Creating environment hook '/home/ubuntu/quadro_ws/install/quadrobot_viewer/share/quadrobot_viewer/hook/cmake_prefix_path.ps1'
[15.978s] INFO:colcon.colcon_core.shell:Creating environment descriptor '/home/ubuntu/quadro_ws/install/quadrobot_viewer/share/quadrobot_viewer/hook/cmake_prefix_path.dsv'
[15.979s] INFO:colcon.colcon_core.shell:Creating environment hook '/home/ubuntu/quadro_ws/install/quadrobot_viewer/share/quadrobot_viewer/hook/cmake_prefix_path.sh'
[15.981s] Level 1:colcon.colcon_core.environment:checking '/home/ubuntu/quadro_ws/install/quadrobot_viewer/bin'
[15.982s] Level 1:colcon.colcon_core.environment:checking '/home/ubuntu/quadro_ws/install/quadrobot_viewer/lib/pkgconfig/quadrobot_viewer.pc'
[15.982s] Level 1:colcon.colcon_core.environment:checking '/home/ubuntu/quadro_ws/install/quadrobot_viewer/lib/python3.12/site-packages'
[15.982s] Level 1:colcon.colcon_core.environment:checking '/home/ubuntu/quadro_ws/install/quadrobot_viewer/bin'
[15.983s] INFO:colcon.colcon_core.shell:Creating package script '/home/ubuntu/quadro_ws/install/quadrobot_viewer/share/quadrobot_viewer/package.ps1'
[15.984s] INFO:colcon.colcon_core.shell:Creating package descriptor '/home/ubuntu/quadro_ws/install/quadrobot_viewer/share/quadrobot_viewer/package.dsv'
[15.985s] INFO:colcon.colcon_core.shell:Creating package script '/home/ubuntu/quadro_ws/install/quadrobot_viewer/share/quadrobot_viewer/package.sh'
[15.986s] INFO:colcon.colcon_core.shell:Creating package script '/home/ubuntu/quadro_ws/install/quadrobot_viewer/share/quadrobot_viewer/package.bash'
[15.987s] INFO:colcon.colcon_core.shell:Creating package script '/home/ubuntu/quadro_ws/install/quadrobot_viewer/share/quadrobot_viewer/package.zsh'
[15.988s] Level 1:colcon.colcon_core.environment:create_file_with_runtime_dependencies(/home/ubuntu/quadro_ws/install/quadrobot_viewer/share/colcon-core/packages/quadrobot_viewer)
[16.035s] Level 1:colcon.colcon_core.environment:create_environment_scripts_only(quadrobot_viewer)
[16.036s] Level 1:colcon.colcon_core.environment:checking '/home/ubuntu/quadro_ws/install/quadrobot_viewer' for CMake module files
[16.038s] Level 1:colcon.colcon_core.environment:checking '/home/ubuntu/quadro_ws/install/quadrobot_viewer' for CMake config files
[16.039s] Level 1:colcon.colcon_core.shell:create_environment_hook('quadrobot_viewer', 'cmake_prefix_path')
[16.040s] INFO:colcon.colcon_core.shell:Creating environment hook '/home/ubuntu/quadro_ws/install/quadrobot_viewer/share/quadrobot_viewer/hook/cmake_prefix_path.ps1'
[16.042s] INFO:colcon.colcon_core.shell:Creating environment descriptor '/home/ubuntu/quadro_ws/install/quadrobot_viewer/share/quadrobot_viewer/hook/cmake_prefix_path.dsv'
[16.043s] INFO:colcon.colcon_core.shell:Creating environment hook '/home/ubuntu/quadro_ws/install/quadrobot_viewer/share/quadrobot_viewer/hook/cmake_prefix_path.sh'
[16.045s] Level 1:colcon.colcon_core.environment:checking '/home/ubuntu/quadro_ws/install/quadrobot_viewer/bin'
[16.045s] Level 1:colcon.colcon_core.environment:checking '/home/ubuntu/quadro_ws/install/quadrobot_viewer/lib/pkgconfig/quadrobot_viewer.pc'
[16.046s] Level 1:colcon.colcon_core.environment:checking '/home/ubuntu/quadro_ws/install/quadrobot_viewer/lib/python3.12/site-packages'
[16.047s] Level 1:colcon.colcon_core.environment:checking '/home/ubuntu/quadro_ws/install/quadrobot_viewer/bin'
[16.048s] INFO:colcon.colcon_core.shell:Creating package script '/home/ubuntu/quadro_ws/install/quadrobot_viewer/share/quadrobot_viewer/package.ps1'
[16.053s] INFO:colcon.colcon_core.shell:Creating package descriptor '/home/ubuntu/quadro_ws/install/quadrobot_viewer/share/quadrobot_viewer/package.dsv'
[16.054s] INFO:colcon.colcon_core.shell:Creating package script '/home/ubuntu/quadro_ws/install/quadrobot_viewer/share/quadrobot_viewer/package.sh'
[16.056s] INFO:colcon.colcon_core.shell:Creating package script '/home/ubuntu/quadro_ws/install/quadrobot_viewer/share/quadrobot_viewer/package.bash'
[16.058s] INFO:colcon.colcon_core.shell:Creating package script '/home/ubuntu/quadro_ws/install/quadrobot_viewer/share/quadrobot_viewer/package.zsh'
[16.060s] Level 1:colcon.colcon_core.environment:create_file_with_runtime_dependencies(/home/ubuntu/quadro_ws/install/quadrobot_viewer/share/colcon-core/packages/quadrobot_viewer)
[16.663s] Level 1:colcon.colcon_core.environment:create_environment_scripts_only(dgz_viewer)
[16.663s] Level 1:colcon.colcon_core.environment:checking '/home/ubuntu/quadro_ws/install/dgz_viewer' for CMake module files
[16.666s] DEBUG:colcon.colcon_core.event_handler.log_command:Invoked command in '/home/ubuntu/quadro_ws/build/dgz_viewer' returned '0': CMAKE_PREFIX_PATH=${CMAKE_PREFIX_PATH}:/opt/ros/jazzy /usr/bin/cmake --install /home/ubuntu/quadro_ws/build/dgz_viewer
[16.669s] Level 1:colcon.colcon_core.environment:checking '/home/ubuntu/quadro_ws/install/dgz_viewer' for CMake config files
[16.669s] Level 1:colcon.colcon_core.shell:create_environment_hook('dgz_viewer', 'cmake_prefix_path')
[16.670s] INFO:colcon.colcon_core.shell:Creating environment hook '/home/ubuntu/quadro_ws/install/dgz_viewer/share/dgz_viewer/hook/cmake_prefix_path.ps1'
[16.672s] INFO:colcon.colcon_core.shell:Creating environment descriptor '/home/ubuntu/quadro_ws/install/dgz_viewer/share/dgz_viewer/hook/cmake_prefix_path.dsv'
[16.673s] INFO:colcon.colcon_core.shell:Creating environment hook '/home/ubuntu/quadro_ws/install/dgz_viewer/share/dgz_viewer/hook/cmake_prefix_path.sh'
[16.674s] Level 1:colcon.colcon_core.environment:checking '/home/ubuntu/quadro_ws/install/dgz_viewer/bin'
[16.674s] Level 1:colcon.colcon_core.environment:checking '/home/ubuntu/quadro_ws/install/dgz_viewer/lib/pkgconfig/dgz_viewer.pc'
[16.675s] Level 1:colcon.colcon_core.environment:checking '/home/ubuntu/quadro_ws/install/dgz_viewer/lib/python3.12/site-packages'
[16.676s] Level 1:colcon.colcon_core.environment:checking '/home/ubuntu/quadro_ws/install/dgz_viewer/bin'
[16.677s] INFO:colcon.colcon_core.shell:Creating package script '/home/ubuntu/quadro_ws/install/dgz_viewer/share/dgz_viewer/package.ps1'
[16.678s] INFO:colcon.colcon_core.shell:Creating package descriptor '/home/ubuntu/quadro_ws/install/dgz_viewer/share/dgz_viewer/package.dsv'
[16.679s] INFO:colcon.colcon_core.shell:Creating package script '/home/ubuntu/quadro_ws/install/dgz_viewer/share/dgz_viewer/package.sh'
[16.680s] INFO:colcon.colcon_core.shell:Creating package script '/home/ubuntu/quadro_ws/install/dgz_viewer/share/dgz_viewer/package.bash'
[16.681s] INFO:colcon.colcon_core.shell:Creating package script '/home/ubuntu/quadro_ws/install/dgz_viewer/share/dgz_viewer/package.zsh'
[16.682s] Level 1:colcon.colcon_core.environment:create_file_with_runtime_dependencies(/home/ubuntu/quadro_ws/install/dgz_viewer/share/colcon-core/packages/dgz_viewer)
[16.737s] Level 1:colcon.colcon_core.environment:create_environment_scripts_only(dgz_viewer)
[16.738s] Level 1:colcon.colcon_core.environment:checking '/home/ubuntu/quadro_ws/install/dgz_viewer' for CMake module files
[16.740s] Level 1:colcon.colcon_core.environment:checking '/home/ubuntu/quadro_ws/install/dgz_viewer' for CMake config files
[16.740s] Level 1:colcon.colcon_core.shell:create_environment_hook('dgz_viewer', 'cmake_prefix_path')
[16.741s] INFO:colcon.colcon_core.shell:Creating environment hook '/home/ubuntu/quadro_ws/install/dgz_viewer/share/dgz_viewer/hook/cmake_prefix_path.ps1'
[16.742s] INFO:colcon.colcon_core.shell:Creating environment descriptor '/home/ubuntu/quadro_ws/install/dgz_viewer/share/dgz_viewer/hook/cmake_prefix_path.dsv'
[16.743s] INFO:colcon.colcon_core.shell:Creating environment hook '/home/ubuntu/quadro_ws/install/dgz_viewer/share/dgz_viewer/hook/cmake_prefix_path.sh'
[16.745s] Level 1:colcon.colcon_core.environment:checking '/home/ubuntu/quadro_ws/install/dgz_viewer/bin'
[16.745s] Level 1:colcon.colcon_core.environment:checking '/home/ubuntu/quadro_ws/install/dgz_viewer/lib/pkgconfig/dgz_viewer.pc'
[16.746s] Level 1:colcon.colcon_core.environment:checking '/home/ubuntu/quadro_ws/install/dgz_viewer/lib/python3.12/site-packages'
[16.746s] Level 1:colcon.colcon_core.environment:checking '/home/ubuntu/quadro_ws/install/dgz_viewer/bin'
[16.747s] INFO:colcon.colcon_core.shell:Creating package script '/home/ubuntu/quadro_ws/install/dgz_viewer/share/dgz_viewer/package.ps1'
[16.749s] INFO:colcon.colcon_core.shell:Creating package descriptor '/home/ubuntu/quadro_ws/install/dgz_viewer/share/dgz_viewer/package.dsv'
[16.750s] INFO:colcon.colcon_core.shell:Creating package script '/home/ubuntu/quadro_ws/install/dgz_viewer/share/dgz_viewer/package.sh'
[16.751s] INFO:colcon.colcon_core.shell:Creating package script '/home/ubuntu/quadro_ws/install/dgz_viewer/share/dgz_viewer/package.bash'
[16.753s] INFO:colcon.colcon_core.shell:Creating package script '/home/ubuntu/quadro_ws/install/dgz_viewer/share/dgz_viewer/package.zsh'
[16.754s] Level 1:colcon.colcon_core.environment:create_file_with_runtime_dependencies(/home/ubuntu/quadro_ws/install/dgz_viewer/share/colcon-core/packages/dgz_viewer)
[16.755s] DEBUG:colcon.colcon_parallel_executor.executor.parallel:closing loop
[16.757s] DEBUG:colcon.colcon_parallel_executor.executor.parallel:loop closed
[16.758s] DEBUG:colcon.colcon_parallel_executor.executor.parallel:run_until_complete finished with '0'
[16.758s] DEBUG:colcon.colcon_core.event_reactor:joining thread
[17.063s] INFO:colcon.colcon_core.plugin_system:Skipping extension 'colcon_notification.desktop_notification.notify_send': Could not find 'notify-send'
[17.063s] INFO:colcon.colcon_core.plugin_system:Skipping extension 'colcon_notification.desktop_notification.terminal_notifier': Not used on non-Darwin systems
[17.064s] INFO:colcon.colcon_core.plugin_system:Skipping extension 'colcon_notification.desktop_notification.win32': Not used on non-Windows systems
[17.064s] INFO:colcon.colcon_notification.desktop_notification:Sending desktop notification using 'notify2'
[17.067s] DEBUG:colcon.colcon_notification.desktop_notification.notify2:Failed to initialize notify2: org.freedesktop.DBus.Error.ServiceUnknown: The name org.freedesktop.Notifications was not provided by any .service files
[17.067s] DEBUG:colcon.colcon_core.event_reactor:joined thread
[17.068s] INFO:colcon.colcon_core.shell:Creating prefix script '/home/ubuntu/quadro_ws/install/local_setup.ps1'
[17.070s] INFO:colcon.colcon_core.shell:Creating prefix util module '/home/ubuntu/quadro_ws/install/_local_setup_util_ps1.py'
[17.073s] INFO:colcon.colcon_core.shell:Creating prefix chain script '/home/ubuntu/quadro_ws/install/setup.ps1'
[17.076s] INFO:colcon.colcon_core.shell:Creating prefix script '/home/ubuntu/quadro_ws/install/local_setup.sh'
[17.077s] INFO:colcon.colcon_core.shell:Creating prefix util module '/home/ubuntu/quadro_ws/install/_local_setup_util_sh.py'
[17.079s] INFO:colcon.colcon_core.shell:Creating prefix chain script '/home/ubuntu/quadro_ws/install/setup.sh'
[17.081s] INFO:colcon.colcon_core.shell:Creating prefix script '/home/ubuntu/quadro_ws/install/local_setup.bash'
[17.082s] INFO:colcon.colcon_core.shell:Creating prefix chain script '/home/ubuntu/quadro_ws/install/setup.bash'
[17.085s] INFO:colcon.colcon_core.shell:Creating prefix script '/home/ubuntu/quadro_ws/install/local_setup.zsh'
[17.086s] INFO:colcon.colcon_core.shell:Creating prefix chain script '/home/ubuntu/quadro_ws/install/setup.zsh'
