[0.455s] DEBUG:colcon:Command line arguments: ['/usr/bin/colcon', 'build', '--packages-select', 'serial']
[0.455s] DEBUG:colcon:Parsed command line arguments: Namespace(log_base=None, log_level=None, verb_name='build', build_base='build', install_base='install', merge_install=False, symlink_install=False, test_result_base=None, continue_on_error=False, executor='parallel', parallel_workers=4, event_handlers=None, ignore_user_meta=False, metas=['./colcon.meta'], base_paths=['.'], packages_ignore=None, packages_ignore_regex=None, paths=None, packages_up_to=None, packages_up_to_regex=None, packages_above=None, packages_above_and_dependencies=None, packages_above_depth=None, packages_select_by_dep=None, packages_skip_by_dep=None, packages_skip_up_to=None, packages_select_build_failed=False, packages_skip_build_finished=False, packages_select_test_failures=False, packages_skip_test_passed=False, packages_select=['serial'], packages_skip=None, packages_select_regex=None, packages_skip_regex=None, packages_start=None, packages_end=None, allow_overriding=[], cmake_args=None, cmake_target=None, cmake_target_skip_unavailable=False, cmake_clean_cache=False, cmake_clean_first=False, cmake_force_configure=False, ament_cmake_args=None, catkin_cmake_args=None, catkin_skip_building_tests=False, mixin_files=None, mixin=None, verb_parser=<colcon_mixin.mixin.mixin_argument.MixinArgumentDecorator object at 0xffff81ad5f70>, verb_extension=<colcon_core.verb.build.BuildVerb object at 0xffff81c94bf0>, main=<bound method BuildVerb.main of <colcon_core.verb.build.BuildVerb object at 0xffff81c94bf0>>, mixin_verb=('build',))
[0.647s] Level 1:colcon.colcon_core.package_discovery:discover_packages(colcon_meta) check parameters
[0.647s] Level 1:colcon.colcon_core.package_discovery:discover_packages(recursive) check parameters
[0.648s] Level 1:colcon.colcon_core.package_discovery:discover_packages(ignore) check parameters
[0.648s] Level 1:colcon.colcon_core.package_discovery:discover_packages(path) check parameters
[0.648s] Level 1:colcon.colcon_core.package_discovery:discover_packages(colcon_meta) discover
[0.648s] Level 1:colcon.colcon_core.package_discovery:discover_packages(recursive) discover
[0.648s] INFO:colcon.colcon_core.package_discovery:Crawling recursively for packages in '/home/MKGL/quadro_ws'
[0.649s] Level 1:colcon.colcon_core.package_identification:_identify(.) by extensions ['ignore', 'ignore_ament_install']
[0.649s] Level 1:colcon.colcon_core.package_identification:_identify(.) by extension 'ignore'
[0.649s] Level 1:colcon.colcon_core.package_identification:_identify(.) by extension 'ignore_ament_install'
[0.650s] Level 1:colcon.colcon_core.package_identification:_identify(.) by extensions ['colcon_pkg']
[0.650s] Level 1:colcon.colcon_core.package_identification:_identify(.) by extension 'colcon_pkg'
[0.650s] Level 1:colcon.colcon_core.package_identification:_identify(.) by extensions ['colcon_meta']
[0.650s] Level 1:colcon.colcon_core.package_identification:_identify(.) by extension 'colcon_meta'
[0.650s] Level 1:colcon.colcon_core.package_identification:_identify(.) by extensions ['ros']
[0.650s] Level 1:colcon.colcon_core.package_identification:_identify(.) by extension 'ros'
[0.782s] Level 1:colcon.colcon_core.package_identification:_identify(.) by extensions ['cmake', 'python']
[0.782s] Level 1:colcon.colcon_core.package_identification:_identify(.) by extension 'cmake'
[0.783s] Level 1:colcon.colcon_core.package_identification:_identify(.) by extension 'python'
[0.783s] Level 1:colcon.colcon_core.package_identification:_identify(.) by extensions ['python_setup_py']
[0.783s] Level 1:colcon.colcon_core.package_identification:_identify(.) by extension 'python_setup_py'
[0.784s] Level 1:colcon.colcon_core.package_identification:_identify(build) by extensions ['ignore', 'ignore_ament_install']
[0.785s] Level 1:colcon.colcon_core.package_identification:_identify(build) by extension 'ignore'
[0.786s] Level 1:colcon.colcon_core.package_identification:_identify(build) ignored
[0.787s] Level 1:colcon.colcon_core.package_identification:_identify(install) by extensions ['ignore', 'ignore_ament_install']
[0.788s] Level 1:colcon.colcon_core.package_identification:_identify(install) by extension 'ignore'
[0.788s] Level 1:colcon.colcon_core.package_identification:_identify(install) ignored
[0.789s] Level 1:colcon.colcon_core.package_identification:_identify(log) by extensions ['ignore', 'ignore_ament_install']
[0.789s] Level 1:colcon.colcon_core.package_identification:_identify(log) by extension 'ignore'
[0.790s] Level 1:colcon.colcon_core.package_identification:_identify(log) ignored
[0.791s] Level 1:colcon.colcon_core.package_identification:_identify(src) by extensions ['ignore', 'ignore_ament_install']
[0.792s] Level 1:colcon.colcon_core.package_identification:_identify(src) by extension 'ignore'
[0.793s] Level 1:colcon.colcon_core.package_identification:_identify(src) by extension 'ignore_ament_install'
[0.794s] Level 1:colcon.colcon_core.package_identification:_identify(src) by extensions ['colcon_pkg']
[0.795s] Level 1:colcon.colcon_core.package_identification:_identify(src) by extension 'colcon_pkg'
[0.796s] Level 1:colcon.colcon_core.package_identification:_identify(src) by extensions ['colcon_meta']
[0.797s] Level 1:colcon.colcon_core.package_identification:_identify(src) by extension 'colcon_meta'
[0.798s] Level 1:colcon.colcon_core.package_identification:_identify(src) by extensions ['ros']
[0.798s] Level 1:colcon.colcon_core.package_identification:_identify(src) by extension 'ros'
[0.800s] Level 1:colcon.colcon_core.package_identification:_identify(src) by extensions ['cmake', 'python']
[0.800s] Level 1:colcon.colcon_core.package_identification:_identify(src) by extension 'cmake'
[0.801s] Level 1:colcon.colcon_core.package_identification:_identify(src) by extension 'python'
[0.801s] Level 1:colcon.colcon_core.package_identification:_identify(src) by extensions ['python_setup_py']
[0.802s] Level 1:colcon.colcon_core.package_identification:_identify(src) by extension 'python_setup_py'
[0.803s] Level 1:colcon.colcon_core.package_identification:_identify(src/dgz) by extensions ['ignore', 'ignore_ament_install']
[0.804s] Level 1:colcon.colcon_core.package_identification:_identify(src/dgz) by extension 'ignore'
[0.805s] Level 1:colcon.colcon_core.package_identification:_identify(src/dgz) by extension 'ignore_ament_install'
[0.807s] Level 1:colcon.colcon_core.package_identification:_identify(src/dgz) by extensions ['colcon_pkg']
[0.807s] Level 1:colcon.colcon_core.package_identification:_identify(src/dgz) by extension 'colcon_pkg'
[0.808s] Level 1:colcon.colcon_core.package_identification:_identify(src/dgz) by extensions ['colcon_meta']
[0.809s] Level 1:colcon.colcon_core.package_identification:_identify(src/dgz) by extension 'colcon_meta'
[0.810s] Level 1:colcon.colcon_core.package_identification:_identify(src/dgz) by extensions ['ros']
[0.810s] Level 1:colcon.colcon_core.package_identification:_identify(src/dgz) by extension 'ros'
[0.831s] DEBUG:colcon.colcon_core.package_identification:Package 'src/dgz' with type 'ros.ament_cmake' and name 'dgz'
[0.832s] Level 1:colcon.colcon_core.package_identification:_identify(src/dgz_description) by extensions ['ignore', 'ignore_ament_install']
[0.833s] Level 1:colcon.colcon_core.package_identification:_identify(src/dgz_description) by extension 'ignore'
[0.834s] Level 1:colcon.colcon_core.package_identification:_identify(src/dgz_description) by extension 'ignore_ament_install'
[0.834s] Level 1:colcon.colcon_core.package_identification:_identify(src/dgz_description) by extensions ['colcon_pkg']
[0.834s] Level 1:colcon.colcon_core.package_identification:_identify(src/dgz_description) by extension 'colcon_pkg'
[0.835s] Level 1:colcon.colcon_core.package_identification:_identify(src/dgz_description) by extensions ['colcon_meta']
[0.835s] Level 1:colcon.colcon_core.package_identification:_identify(src/dgz_description) by extension 'colcon_meta'
[0.835s] Level 1:colcon.colcon_core.package_identification:_identify(src/dgz_description) by extensions ['ros']
[0.835s] Level 1:colcon.colcon_core.package_identification:_identify(src/dgz_description) by extension 'ros'
[0.838s] DEBUG:colcon.colcon_core.package_identification:Package 'src/dgz_description' with type 'ros.ament_cmake' and name 'dgz_description'
[0.839s] Level 1:colcon.colcon_core.package_identification:_identify(src/manette) by extensions ['ignore', 'ignore_ament_install']
[0.840s] Level 1:colcon.colcon_core.package_identification:_identify(src/manette) by extension 'ignore'
[0.841s] Level 1:colcon.colcon_core.package_identification:_identify(src/manette) by extension 'ignore_ament_install'
[0.842s] Level 1:colcon.colcon_core.package_identification:_identify(src/manette) by extensions ['colcon_pkg']
[0.842s] Level 1:colcon.colcon_core.package_identification:_identify(src/manette) by extension 'colcon_pkg'
[0.843s] Level 1:colcon.colcon_core.package_identification:_identify(src/manette) by extensions ['colcon_meta']
[0.844s] Level 1:colcon.colcon_core.package_identification:_identify(src/manette) by extension 'colcon_meta'
[0.844s] Level 1:colcon.colcon_core.package_identification:_identify(src/manette) by extensions ['ros']
[0.844s] Level 1:colcon.colcon_core.package_identification:_identify(src/manette) by extension 'ros'
[0.848s] DEBUG:colcon.colcon_core.package_identification:Package 'src/manette' with type 'ros.ament_cmake' and name 'manette'
[0.849s] Level 1:colcon.colcon_core.package_identification:_identify(src/serial) by extensions ['ignore', 'ignore_ament_install']
[0.850s] Level 1:colcon.colcon_core.package_identification:_identify(src/serial) by extension 'ignore'
[0.850s] Level 1:colcon.colcon_core.package_identification:_identify(src/serial) by extension 'ignore_ament_install'
[0.851s] Level 1:colcon.colcon_core.package_identification:_identify(src/serial) by extensions ['colcon_pkg']
[0.851s] Level 1:colcon.colcon_core.package_identification:_identify(src/serial) by extension 'colcon_pkg'
[0.851s] Level 1:colcon.colcon_core.package_identification:_identify(src/serial) by extensions ['colcon_meta']
[0.851s] Level 1:colcon.colcon_core.package_identification:_identify(src/serial) by extension 'colcon_meta'
[0.852s] Level 1:colcon.colcon_core.package_identification:_identify(src/serial) by extensions ['ros']
[0.852s] Level 1:colcon.colcon_core.package_identification:_identify(src/serial) by extension 'ros'
[0.855s] DEBUG:colcon.colcon_core.package_identification:Package 'src/serial' with type 'ros.ament_cmake' and name 'serial'
[0.856s] Level 1:colcon.colcon_core.package_identification:_identify(src/space_interfaces) by extensions ['ignore', 'ignore_ament_install']
[0.857s] Level 1:colcon.colcon_core.package_identification:_identify(src/space_interfaces) by extension 'ignore'
[0.857s] Level 1:colcon.colcon_core.package_identification:_identify(src/space_interfaces) by extension 'ignore_ament_install'
[0.858s] Level 1:colcon.colcon_core.package_identification:_identify(src/space_interfaces) by extensions ['colcon_pkg']
[0.858s] Level 1:colcon.colcon_core.package_identification:_identify(src/space_interfaces) by extension 'colcon_pkg'
[0.859s] Level 1:colcon.colcon_core.package_identification:_identify(src/space_interfaces) by extensions ['colcon_meta']
[0.859s] Level 1:colcon.colcon_core.package_identification:_identify(src/space_interfaces) by extension 'colcon_meta'
[0.860s] Level 1:colcon.colcon_core.package_identification:_identify(src/space_interfaces) by extensions ['ros']
[0.860s] Level 1:colcon.colcon_core.package_identification:_identify(src/space_interfaces) by extension 'ros'
[0.863s] DEBUG:colcon.colcon_core.package_identification:Package 'src/space_interfaces' with type 'ros.ament_cmake' and name 'space_interfaces'
[0.863s] Level 1:colcon.colcon_core.package_discovery:discover_packages(recursive) using defaults
[0.864s] Level 1:colcon.colcon_core.package_discovery:discover_packages(ignore) discover
[0.864s] Level 1:colcon.colcon_core.package_discovery:discover_packages(ignore) using defaults
[0.864s] Level 1:colcon.colcon_core.package_discovery:discover_packages(path) discover
[0.865s] Level 1:colcon.colcon_core.package_discovery:discover_packages(path) using defaults
[0.976s] INFO:colcon.colcon_core.package_selection:Skipping not selected package 'dgz_description' in 'src/dgz_description'
[0.976s] INFO:colcon.colcon_core.package_selection:Skipping not selected package 'space_interfaces' in 'src/space_interfaces'
[0.977s] INFO:colcon.colcon_core.package_selection:Skipping not selected package 'dgz' in 'src/dgz'
[0.977s] INFO:colcon.colcon_core.package_selection:Skipping not selected package 'manette' in 'src/manette'
[0.978s] Level 1:colcon.colcon_core.package_discovery:discover_packages(prefix_path) check parameters
[0.979s] Level 1:colcon.colcon_core.package_discovery:discover_packages(prefix_path) discover
[0.983s] WARNING:colcon.colcon_ros.prefix_path.ament:The path '/home/MKGL/quadro_ws/install/space_interfaces' in the environment variable AMENT_PREFIX_PATH doesn't exist
[0.983s] WARNING:colcon.colcon_ros.prefix_path.ament:The path '/home/MKGL/quadro_ws/install/dgz_description' in the environment variable AMENT_PREFIX_PATH doesn't exist
[0.984s] WARNING:colcon.colcon_ros.prefix_path.catkin:The path '/home/MKGL/quadro_ws/install/space_interfaces' in the environment variable CMAKE_PREFIX_PATH doesn't exist
[0.984s] WARNING:colcon.colcon_ros.prefix_path.catkin:The path '/home/MKGL/quadro_ws/install/dgz_description' in the environment variable CMAKE_PREFIX_PATH doesn't exist
[0.988s] DEBUG:colcon.colcon_installed_package_information.package_discovery:Found 1 installed packages in /home/MKGL/quadro_ws/install
[0.996s] DEBUG:colcon.colcon_installed_package_information.package_discovery:Found 198 installed packages in /opt/ros/jazzy
[0.999s] Level 1:colcon.colcon_core.package_discovery:discover_packages(prefix_path) using defaults
[1.134s] Level 5:colcon.colcon_core.verb:set package 'serial' build argument 'cmake_args' from command line to 'None'
[1.134s] Level 5:colcon.colcon_core.verb:set package 'serial' build argument 'cmake_target' from command line to 'None'
[1.135s] Level 5:colcon.colcon_core.verb:set package 'serial' build argument 'cmake_target_skip_unavailable' from command line to 'False'
[1.135s] Level 5:colcon.colcon_core.verb:set package 'serial' build argument 'cmake_clean_cache' from command line to 'False'
[1.135s] Level 5:colcon.colcon_core.verb:set package 'serial' build argument 'cmake_clean_first' from command line to 'False'
[1.135s] Level 5:colcon.colcon_core.verb:set package 'serial' build argument 'cmake_force_configure' from command line to 'False'
[1.135s] Level 5:colcon.colcon_core.verb:set package 'serial' build argument 'ament_cmake_args' from command line to 'None'
[1.135s] Level 5:colcon.colcon_core.verb:set package 'serial' build argument 'catkin_cmake_args' from command line to 'None'
[1.135s] Level 5:colcon.colcon_core.verb:set package 'serial' build argument 'catkin_skip_building_tests' from command line to 'False'
[1.135s] DEBUG:colcon.colcon_core.verb:Building package 'serial' with the following arguments: {'ament_cmake_args': None, 'build_base': '/home/MKGL/quadro_ws/build/serial', 'catkin_cmake_args': None, 'catkin_skip_building_tests': False, 'cmake_args': None, 'cmake_clean_cache': False, 'cmake_clean_first': False, 'cmake_force_configure': False, 'cmake_target': None, 'cmake_target_skip_unavailable': False, 'install_base': '/home/MKGL/quadro_ws/install/serial', 'merge_install': False, 'path': '/home/MKGL/quadro_ws/src/serial', 'symlink_install': False, 'test_result_base': None}
[1.136s] INFO:colcon.colcon_core.executor:Executing jobs using 'parallel' executor
[1.139s] DEBUG:colcon.colcon_parallel_executor.executor.parallel:run_until_complete
[1.141s] INFO:colcon.colcon_ros.task.ament_cmake.build:Building ROS package in '/home/MKGL/quadro_ws/src/serial' with build type 'ament_cmake'
[1.141s] INFO:colcon.colcon_cmake.task.cmake.build:Building CMake package in '/home/MKGL/quadro_ws/src/serial'
[1.151s] INFO:colcon.colcon_core.plugin_system:Skipping extension 'colcon_core.shell.bat': Not used on non-Windows systems
[1.152s] INFO:colcon.colcon_core.shell:Skip shell extension 'powershell' for command environment: Not usable outside of PowerShell
[1.152s] DEBUG:colcon.colcon_core.shell:Skip shell extension 'dsv' for command environment
[1.199s] DEBUG:colcon.colcon_core.event_handler.log_command:Invoking command in '/home/MKGL/quadro_ws/build/serial': CMAKE_PREFIX_PATH=${CMAKE_PREFIX_PATH}:/opt/ros/jazzy DEBUGINFOD_URLS=https://debuginfod.ubuntu.com /usr/bin/cmake --build /home/MKGL/quadro_ws/build/serial -- -j4 -l4
[19.312s] DEBUG:colcon.colcon_core.event_handler.log_command:Invoked command in '/home/MKGL/quadro_ws/build/serial' returned '0': CMAKE_PREFIX_PATH=${CMAKE_PREFIX_PATH}:/opt/ros/jazzy DEBUGINFOD_URLS=https://debuginfod.ubuntu.com /usr/bin/cmake --build /home/MKGL/quadro_ws/build/serial -- -j4 -l4
[19.518s] DEBUG:colcon.colcon_core.event_handler.log_command:Invoking command in '/home/MKGL/quadro_ws/build/serial': CMAKE_PREFIX_PATH=${CMAKE_PREFIX_PATH}:/opt/ros/jazzy DEBUGINFOD_URLS=https://debuginfod.ubuntu.com /usr/bin/cmake --install /home/MKGL/quadro_ws/build/serial
[19.726s] Level 1:colcon.colcon_core.environment:create_environment_scripts_only(serial)
[19.729s] DEBUG:colcon.colcon_core.event_handler.log_command:Invoked command in '/home/MKGL/quadro_ws/build/serial' returned '0': CMAKE_PREFIX_PATH=${CMAKE_PREFIX_PATH}:/opt/ros/jazzy DEBUGINFOD_URLS=https://debuginfod.ubuntu.com /usr/bin/cmake --install /home/MKGL/quadro_ws/build/serial
[19.743s] Level 1:colcon.colcon_core.environment:checking '/home/MKGL/quadro_ws/install/serial' for CMake module files
[19.748s] Level 1:colcon.colcon_core.environment:checking '/home/MKGL/quadro_ws/install/serial' for CMake config files
[19.750s] Level 1:colcon.colcon_core.shell:create_environment_hook('serial', 'cmake_prefix_path')
[19.751s] INFO:colcon.colcon_core.shell:Creating environment hook '/home/MKGL/quadro_ws/install/serial/share/serial/hook/cmake_prefix_path.ps1'
[19.944s] INFO:colcon.colcon_core.shell:Creating environment descriptor '/home/MKGL/quadro_ws/install/serial/share/serial/hook/cmake_prefix_path.dsv'
[19.952s] INFO:colcon.colcon_core.shell:Creating environment hook '/home/MKGL/quadro_ws/install/serial/share/serial/hook/cmake_prefix_path.sh'
[19.957s] Level 1:colcon.colcon_core.environment:checking '/home/MKGL/quadro_ws/install/serial/lib'
[19.958s] Level 1:colcon.colcon_core.shell:create_environment_hook('serial', 'ld_library_path_lib')
[19.959s] INFO:colcon.colcon_core.shell:Creating environment hook '/home/MKGL/quadro_ws/install/serial/share/serial/hook/ld_library_path_lib.ps1'
[19.962s] INFO:colcon.colcon_core.shell:Creating environment descriptor '/home/MKGL/quadro_ws/install/serial/share/serial/hook/ld_library_path_lib.dsv'
[19.963s] INFO:colcon.colcon_core.shell:Creating environment hook '/home/MKGL/quadro_ws/install/serial/share/serial/hook/ld_library_path_lib.sh'
[19.965s] Level 1:colcon.colcon_core.environment:checking '/home/MKGL/quadro_ws/install/serial/bin'
[19.965s] Level 1:colcon.colcon_core.environment:checking '/home/MKGL/quadro_ws/install/serial/lib/pkgconfig/serial.pc'
[19.966s] Level 1:colcon.colcon_core.environment:checking '/home/MKGL/quadro_ws/install/serial/lib/python3.12/site-packages'
[19.967s] Level 1:colcon.colcon_core.environment:checking '/home/MKGL/quadro_ws/install/serial/bin'
[19.968s] INFO:colcon.colcon_core.shell:Creating package script '/home/MKGL/quadro_ws/install/serial/share/serial/package.ps1'
[19.971s] INFO:colcon.colcon_core.shell:Creating package descriptor '/home/MKGL/quadro_ws/install/serial/share/serial/package.dsv'
[19.974s] INFO:colcon.colcon_core.shell:Creating package script '/home/MKGL/quadro_ws/install/serial/share/serial/package.sh'
[19.976s] INFO:colcon.colcon_core.shell:Creating package script '/home/MKGL/quadro_ws/install/serial/share/serial/package.bash'
[19.979s] INFO:colcon.colcon_core.shell:Creating package script '/home/MKGL/quadro_ws/install/serial/share/serial/package.zsh'
[19.981s] Level 1:colcon.colcon_core.environment:create_file_with_runtime_dependencies(/home/MKGL/quadro_ws/install/serial/share/colcon-core/packages/serial)
[20.143s] Level 1:colcon.colcon_core.environment:create_environment_scripts_only(serial)
[20.144s] Level 1:colcon.colcon_core.environment:checking '/home/MKGL/quadro_ws/install/serial' for CMake module files
[20.147s] Level 1:colcon.colcon_core.environment:checking '/home/MKGL/quadro_ws/install/serial' for CMake config files
[20.149s] Level 1:colcon.colcon_core.shell:create_environment_hook('serial', 'cmake_prefix_path')
[20.150s] INFO:colcon.colcon_core.shell:Creating environment hook '/home/MKGL/quadro_ws/install/serial/share/serial/hook/cmake_prefix_path.ps1'
[20.790s] INFO:colcon.colcon_core.shell:Creating environment descriptor '/home/MKGL/quadro_ws/install/serial/share/serial/hook/cmake_prefix_path.dsv'
[20.791s] INFO:colcon.colcon_core.shell:Creating environment hook '/home/MKGL/quadro_ws/install/serial/share/serial/hook/cmake_prefix_path.sh'
[20.794s] Level 1:colcon.colcon_core.environment:checking '/home/MKGL/quadro_ws/install/serial/lib'
[20.795s] Level 1:colcon.colcon_core.shell:create_environment_hook('serial', 'ld_library_path_lib')
[20.795s] INFO:colcon.colcon_core.shell:Creating environment hook '/home/MKGL/quadro_ws/install/serial/share/serial/hook/ld_library_path_lib.ps1'
[20.797s] INFO:colcon.colcon_core.shell:Creating environment descriptor '/home/MKGL/quadro_ws/install/serial/share/serial/hook/ld_library_path_lib.dsv'
[20.800s] INFO:colcon.colcon_core.shell:Creating environment hook '/home/MKGL/quadro_ws/install/serial/share/serial/hook/ld_library_path_lib.sh'
[20.802s] Level 1:colcon.colcon_core.environment:checking '/home/MKGL/quadro_ws/install/serial/bin'
[20.802s] Level 1:colcon.colcon_core.environment:checking '/home/MKGL/quadro_ws/install/serial/lib/pkgconfig/serial.pc'
[20.803s] Level 1:colcon.colcon_core.environment:checking '/home/MKGL/quadro_ws/install/serial/lib/python3.12/site-packages'
[20.804s] Level 1:colcon.colcon_core.environment:checking '/home/MKGL/quadro_ws/install/serial/bin'
[20.806s] INFO:colcon.colcon_core.shell:Creating package script '/home/MKGL/quadro_ws/install/serial/share/serial/package.ps1'
[20.808s] INFO:colcon.colcon_core.shell:Creating package descriptor '/home/MKGL/quadro_ws/install/serial/share/serial/package.dsv'
[20.811s] INFO:colcon.colcon_core.shell:Creating package script '/home/MKGL/quadro_ws/install/serial/share/serial/package.sh'
[20.814s] INFO:colcon.colcon_core.shell:Creating package script '/home/MKGL/quadro_ws/install/serial/share/serial/package.bash'
[20.816s] INFO:colcon.colcon_core.shell:Creating package script '/home/MKGL/quadro_ws/install/serial/share/serial/package.zsh'
[20.818s] Level 1:colcon.colcon_core.environment:create_file_with_runtime_dependencies(/home/MKGL/quadro_ws/install/serial/share/colcon-core/packages/serial)
[20.819s] DEBUG:colcon.colcon_parallel_executor.executor.parallel:closing loop
[20.822s] DEBUG:colcon.colcon_parallel_executor.executor.parallel:loop closed
[20.823s] DEBUG:colcon.colcon_parallel_executor.executor.parallel:run_until_complete finished with '0'
[20.823s] DEBUG:colcon.colcon_core.event_reactor:joining thread
[20.844s] INFO:colcon.colcon_core.plugin_system:Skipping extension 'colcon_notification.desktop_notification.notify_send': Could not find 'notify-send'
[20.845s] INFO:colcon.colcon_core.plugin_system:Skipping extension 'colcon_notification.desktop_notification.terminal_notifier': Not used on non-Darwin systems
[20.845s] INFO:colcon.colcon_core.plugin_system:Skipping extension 'colcon_notification.desktop_notification.win32': Not used on non-Windows systems
[20.845s] INFO:colcon.colcon_notification.desktop_notification:Sending desktop notification using 'notify2'
[20.848s] DEBUG:colcon.colcon_notification.desktop_notification.notify2:Failed to initialize notify2: org.freedesktop.DBus.Error.ServiceUnknown: The name org.freedesktop.Notifications was not provided by any .service files
[20.848s] DEBUG:colcon.colcon_core.event_reactor:joined thread
[20.849s] INFO:colcon.colcon_core.shell:Creating prefix script '/home/MKGL/quadro_ws/install/local_setup.ps1'
[20.853s] INFO:colcon.colcon_core.shell:Creating prefix util module '/home/MKGL/quadro_ws/install/_local_setup_util_ps1.py'
[20.857s] INFO:colcon.colcon_core.shell:Creating prefix chain script '/home/MKGL/quadro_ws/install/setup.ps1'
[20.861s] INFO:colcon.colcon_core.shell:Creating prefix script '/home/MKGL/quadro_ws/install/local_setup.sh'
[20.864s] INFO:colcon.colcon_core.shell:Creating prefix util module '/home/MKGL/quadro_ws/install/_local_setup_util_sh.py'
[20.867s] INFO:colcon.colcon_core.shell:Creating prefix chain script '/home/MKGL/quadro_ws/install/setup.sh'
[20.871s] INFO:colcon.colcon_core.shell:Creating prefix script '/home/MKGL/quadro_ws/install/local_setup.bash'
[20.873s] INFO:colcon.colcon_core.shell:Creating prefix chain script '/home/MKGL/quadro_ws/install/setup.bash'
[20.876s] INFO:colcon.colcon_core.shell:Creating prefix script '/home/MKGL/quadro_ws/install/local_setup.zsh'
[20.879s] INFO:colcon.colcon_core.shell:Creating prefix chain script '/home/MKGL/quadro_ws/install/setup.zsh'
