[0.306s] Invoking command in '/home/ubuntu/dev_ws/build/frame_listener': CMAKE_PREFIX_PATH=/home/ubuntu/dev_ws/install/space_interfaces:/home/ubuntu/dev_ws/install/frame_listener:/home/ubuntu/dev_ws/install/frame_broadcaster:/home/ubuntu/dev_ws/install/quadrobot:/opt/ros/jazzy/opt/gz_sim_vendor:/opt/ros/jazzy/opt/gz_sensors_vendor:/opt/ros/jazzy/opt/gz_physics_vendor:/opt/ros/jazzy/opt/sdformat_vendor:/opt/ros/jazzy/opt/gz_gui_vendor:/opt/ros/jazzy/opt/gz_transport_vendor:/opt/ros/jazzy/opt/gz_rendering_vendor:/opt/ros/jazzy/opt/gz_plugin_vendor:/opt/ros/jazzy/opt/gz_fuel_tools_vendor:/opt/ros/jazzy/opt/gz_msgs_vendor:/opt/ros/jazzy/opt/gz_common_vendor:/opt/ros/jazzy/opt/gz_math_vendor:/opt/ros/jazzy/opt/gz_utils_vendor:/opt/ros/jazzy/opt/gz_tools_vendor:/opt/ros/jazzy/opt/gz_ogre_next_vendor:/opt/ros/jazzy/opt/gz_dartsim_vendor:/opt/ros/jazzy/opt/gz_cmake_vendor:/opt/ros/jazzy /usr/bin/cmake /home/ubuntu/dev_ws/src/frame_listener -DAMENT_CMAKE_SYMLINK_INSTALL=1 -DCMAKE_INSTALL_PREFIX=/home/ubuntu/dev_ws/install/frame_listener
[0.563s] -- The C compiler identification is GNU 13.2.0
[2.409s] -- The CXX compiler identification is GNU 13.2.0
[3.789s] -- Detecting C compiler ABI info
[4.244s] -- Detecting C compiler ABI info - done
[4.261s] -- Check for working C compiler: /usr/bin/cc - skipped
[4.262s] -- Detecting C compile features
[4.262s] -- Detecting C compile features - done
[4.626s] -- Detecting CXX compiler ABI info
[5.301s] -- Detecting CXX compiler ABI info - done
[5.315s] -- Check for working CXX compiler: /usr/bin/c++ - skipped
[5.315s] -- Detecting CXX compile features
[5.316s] -- Detecting CXX compile features - done
[5.320s] -- Found ament_cmake: 2.5.2 (/opt/ros/jazzy/share/ament_cmake/cmake)
[5.602s] -- Found Python3: /usr/bin/python3 (found version "3.12.3") found components: Interpreter 
[5.775s] -- Override CMake install command with custom implementation using symlinks instead of copying resources
[5.838s] -- Found rclcpp: 28.1.5 (/opt/ros/jazzy/share/rclcpp/cmake)
[6.477s] -- Found rosidl_generator_c: 4.6.4 (/opt/ros/jazzy/share/rosidl_generator_c/cmake)
[6.548s] -- Found rosidl_generator_cpp: 4.6.4 (/opt/ros/jazzy/share/rosidl_generator_cpp/cmake)
[6.650s] -- Using all available rosidl_typesupport_c: rosidl_typesupport_fastrtps_c;rosidl_typesupport_introspection_c
[6.709s] -- Using all available rosidl_typesupport_cpp: rosidl_typesupport_fastrtps_cpp;rosidl_typesupport_introspection_cpp
[6.920s] -- Found rmw_implementation_cmake: 7.3.1 (/opt/ros/jazzy/share/rmw_implementation_cmake/cmake)
[6.931s] -- Found rmw_fastrtps_cpp: 8.4.1 (/opt/ros/jazzy/share/rmw_fastrtps_cpp/cmake)
[7.198s] -- Found OpenSSL: /usr/lib/x86_64-linux-gnu/libcrypto.so (found version "3.0.13")  
[7.946s] -- Found FastRTPS: /opt/ros/jazzy/include (Required is at least version "2.13") 
[8.484s] -- Using RMW implementation 'rmw_fastrtps_cpp' as default
[9.133s] -- Found geometry_msgs: 5.3.5 (/opt/ros/jazzy/share/geometry_msgs/cmake)
[9.235s] -- Found tf2: 0.36.4 (/opt/ros/jazzy/share/tf2/cmake)
[9.249s] -- Found tf2_ros: 0.36.4 (/opt/ros/jazzy/share/tf2_ros/cmake)
[9.468s] -- Found space_interfaces: 0.0.0 (/home/ubuntu/dev_ws/install/space_interfaces/share/space_interfaces/cmake)
[9.488s] -- Found ament_lint_auto: 0.17.1 (/opt/ros/jazzy/share/ament_lint_auto/cmake)
[9.636s] -- Added test 'cppcheck' to perform static code analysis on C / C++ code
[9.637s] -- Configured cppcheck include dirs: 
[9.637s] -- Configured cppcheck exclude dirs and/or files: 
[9.638s] -- Added test 'lint_cmake' to check CMake code style
[9.640s] -- Added test 'uncrustify' to check C / C++ code style
[9.640s] -- Configured uncrustify additional arguments: 
[9.641s] -- Added test 'xmllint' to check XML markup files
[9.644s] -- Configuring done (9.3s)
[9.662s] -- Generating done (0.0s)
[9.665s] -- Build files have been written to: /home/ubuntu/dev_ws/build/frame_listener
[9.679s] Invoked command in '/home/ubuntu/dev_ws/build/frame_listener' returned '0': CMAKE_PREFIX_PATH=/home/ubuntu/dev_ws/install/space_interfaces:/home/ubuntu/dev_ws/install/frame_listener:/home/ubuntu/dev_ws/install/frame_broadcaster:/home/ubuntu/dev_ws/install/quadrobot:/opt/ros/jazzy/opt/gz_sim_vendor:/opt/ros/jazzy/opt/gz_sensors_vendor:/opt/ros/jazzy/opt/gz_physics_vendor:/opt/ros/jazzy/opt/sdformat_vendor:/opt/ros/jazzy/opt/gz_gui_vendor:/opt/ros/jazzy/opt/gz_transport_vendor:/opt/ros/jazzy/opt/gz_rendering_vendor:/opt/ros/jazzy/opt/gz_plugin_vendor:/opt/ros/jazzy/opt/gz_fuel_tools_vendor:/opt/ros/jazzy/opt/gz_msgs_vendor:/opt/ros/jazzy/opt/gz_common_vendor:/opt/ros/jazzy/opt/gz_math_vendor:/opt/ros/jazzy/opt/gz_utils_vendor:/opt/ros/jazzy/opt/gz_tools_vendor:/opt/ros/jazzy/opt/gz_ogre_next_vendor:/opt/ros/jazzy/opt/gz_dartsim_vendor:/opt/ros/jazzy/opt/gz_cmake_vendor:/opt/ros/jazzy /usr/bin/cmake /home/ubuntu/dev_ws/src/frame_listener -DAMENT_CMAKE_SYMLINK_INSTALL=1 -DCMAKE_INSTALL_PREFIX=/home/ubuntu/dev_ws/install/frame_listener
[9.681s] Invoking command in '/home/ubuntu/dev_ws/build/frame_listener': CMAKE_PREFIX_PATH=/home/ubuntu/dev_ws/install/space_interfaces:/home/ubuntu/dev_ws/install/frame_listener:/home/ubuntu/dev_ws/install/frame_broadcaster:/home/ubuntu/dev_ws/install/quadrobot:/opt/ros/jazzy/opt/gz_sim_vendor:/opt/ros/jazzy/opt/gz_sensors_vendor:/opt/ros/jazzy/opt/gz_physics_vendor:/opt/ros/jazzy/opt/sdformat_vendor:/opt/ros/jazzy/opt/gz_gui_vendor:/opt/ros/jazzy/opt/gz_transport_vendor:/opt/ros/jazzy/opt/gz_rendering_vendor:/opt/ros/jazzy/opt/gz_plugin_vendor:/opt/ros/jazzy/opt/gz_fuel_tools_vendor:/opt/ros/jazzy/opt/gz_msgs_vendor:/opt/ros/jazzy/opt/gz_common_vendor:/opt/ros/jazzy/opt/gz_math_vendor:/opt/ros/jazzy/opt/gz_utils_vendor:/opt/ros/jazzy/opt/gz_tools_vendor:/opt/ros/jazzy/opt/gz_ogre_next_vendor:/opt/ros/jazzy/opt/gz_dartsim_vendor:/opt/ros/jazzy/opt/gz_cmake_vendor:/opt/ros/jazzy /usr/bin/cmake --build /home/ubuntu/dev_ws/build/frame_listener -- -j16 -l16
[9.736s] [ 50%] [32mBuilding CXX object CMakeFiles/listener_transform.dir/src/listener_transform.cpp.o[0m
[22.760s] [100%] [32m[1mLinking CXX executable listener_transform[0m
[23.659s] [100%] Built target listener_transform
[23.673s] Invoked command in '/home/ubuntu/dev_ws/build/frame_listener' returned '0': CMAKE_PREFIX_PATH=/home/ubuntu/dev_ws/install/space_interfaces:/home/ubuntu/dev_ws/install/frame_listener:/home/ubuntu/dev_ws/install/frame_broadcaster:/home/ubuntu/dev_ws/install/quadrobot:/opt/ros/jazzy/opt/gz_sim_vendor:/opt/ros/jazzy/opt/gz_sensors_vendor:/opt/ros/jazzy/opt/gz_physics_vendor:/opt/ros/jazzy/opt/sdformat_vendor:/opt/ros/jazzy/opt/gz_gui_vendor:/opt/ros/jazzy/opt/gz_transport_vendor:/opt/ros/jazzy/opt/gz_rendering_vendor:/opt/ros/jazzy/opt/gz_plugin_vendor:/opt/ros/jazzy/opt/gz_fuel_tools_vendor:/opt/ros/jazzy/opt/gz_msgs_vendor:/opt/ros/jazzy/opt/gz_common_vendor:/opt/ros/jazzy/opt/gz_math_vendor:/opt/ros/jazzy/opt/gz_utils_vendor:/opt/ros/jazzy/opt/gz_tools_vendor:/opt/ros/jazzy/opt/gz_ogre_next_vendor:/opt/ros/jazzy/opt/gz_dartsim_vendor:/opt/ros/jazzy/opt/gz_cmake_vendor:/opt/ros/jazzy /usr/bin/cmake --build /home/ubuntu/dev_ws/build/frame_listener -- -j16 -l16
[23.706s] Invoking command in '/home/ubuntu/dev_ws/build/frame_listener': CMAKE_PREFIX_PATH=/home/ubuntu/dev_ws/install/space_interfaces:/home/ubuntu/dev_ws/install/frame_listener:/home/ubuntu/dev_ws/install/frame_broadcaster:/home/ubuntu/dev_ws/install/quadrobot:/opt/ros/jazzy/opt/gz_sim_vendor:/opt/ros/jazzy/opt/gz_sensors_vendor:/opt/ros/jazzy/opt/gz_physics_vendor:/opt/ros/jazzy/opt/sdformat_vendor:/opt/ros/jazzy/opt/gz_gui_vendor:/opt/ros/jazzy/opt/gz_transport_vendor:/opt/ros/jazzy/opt/gz_rendering_vendor:/opt/ros/jazzy/opt/gz_plugin_vendor:/opt/ros/jazzy/opt/gz_fuel_tools_vendor:/opt/ros/jazzy/opt/gz_msgs_vendor:/opt/ros/jazzy/opt/gz_common_vendor:/opt/ros/jazzy/opt/gz_math_vendor:/opt/ros/jazzy/opt/gz_utils_vendor:/opt/ros/jazzy/opt/gz_tools_vendor:/opt/ros/jazzy/opt/gz_ogre_next_vendor:/opt/ros/jazzy/opt/gz_dartsim_vendor:/opt/ros/jazzy/opt/gz_cmake_vendor:/opt/ros/jazzy /usr/bin/cmake --install /home/ubuntu/dev_ws/build/frame_listener
[23.715s] -- Install configuration: ""
[23.716s] -- Execute custom install script
[23.717s] -- Symlinking: /home/ubuntu/dev_ws/install/frame_listener/lib/frame_listener/listener_transform
[23.728s] -- Symlinking: /home/ubuntu/dev_ws/install/frame_listener/share/ament_index/resource_index/package_run_dependencies/frame_listener
[23.738s] -- Symlinking: /home/ubuntu/dev_ws/install/frame_listener/share/ament_index/resource_index/parent_prefix_path/frame_listener
[23.748s] -- Symlinking: /home/ubuntu/dev_ws/install/frame_listener/share/frame_listener/environment/ament_prefix_path.sh
[23.758s] -- Symlinking: /home/ubuntu/dev_ws/install/frame_listener/share/frame_listener/environment/ament_prefix_path.dsv
[23.769s] -- Symlinking: /home/ubuntu/dev_ws/install/frame_listener/share/frame_listener/environment/path.sh
[23.779s] -- Symlinking: /home/ubuntu/dev_ws/install/frame_listener/share/frame_listener/environment/path.dsv
[23.790s] -- Symlinking: /home/ubuntu/dev_ws/install/frame_listener/share/frame_listener/local_setup.bash
[23.801s] -- Symlinking: /home/ubuntu/dev_ws/install/frame_listener/share/frame_listener/local_setup.sh
[23.813s] -- Symlinking: /home/ubuntu/dev_ws/install/frame_listener/share/frame_listener/local_setup.zsh
[23.825s] -- Symlinking: /home/ubuntu/dev_ws/install/frame_listener/share/frame_listener/local_setup.dsv
[23.836s] -- Symlinking: /home/ubuntu/dev_ws/install/frame_listener/share/frame_listener/package.dsv
[23.847s] -- Symlinking: /home/ubuntu/dev_ws/install/frame_listener/share/ament_index/resource_index/packages/frame_listener
[23.857s] -- Symlinking: /home/ubuntu/dev_ws/install/frame_listener/share/frame_listener/cmake/frame_listenerConfig.cmake
[23.866s] -- Symlinking: /home/ubuntu/dev_ws/install/frame_listener/share/frame_listener/cmake/frame_listenerConfig-version.cmake
[23.877s] -- Symlinking: /home/ubuntu/dev_ws/install/frame_listener/share/frame_listener/package.xml
[23.890s] Invoked command in '/home/ubuntu/dev_ws/build/frame_listener' returned '0': CMAKE_PREFIX_PATH=/home/ubuntu/dev_ws/install/space_interfaces:/home/ubuntu/dev_ws/install/frame_listener:/home/ubuntu/dev_ws/install/frame_broadcaster:/home/ubuntu/dev_ws/install/quadrobot:/opt/ros/jazzy/opt/gz_sim_vendor:/opt/ros/jazzy/opt/gz_sensors_vendor:/opt/ros/jazzy/opt/gz_physics_vendor:/opt/ros/jazzy/opt/sdformat_vendor:/opt/ros/jazzy/opt/gz_gui_vendor:/opt/ros/jazzy/opt/gz_transport_vendor:/opt/ros/jazzy/opt/gz_rendering_vendor:/opt/ros/jazzy/opt/gz_plugin_vendor:/opt/ros/jazzy/opt/gz_fuel_tools_vendor:/opt/ros/jazzy/opt/gz_msgs_vendor:/opt/ros/jazzy/opt/gz_common_vendor:/opt/ros/jazzy/opt/gz_math_vendor:/opt/ros/jazzy/opt/gz_utils_vendor:/opt/ros/jazzy/opt/gz_tools_vendor:/opt/ros/jazzy/opt/gz_ogre_next_vendor:/opt/ros/jazzy/opt/gz_dartsim_vendor:/opt/ros/jazzy/opt/gz_cmake_vendor:/opt/ros/jazzy /usr/bin/cmake --install /home/ubuntu/dev_ws/build/frame_listener
