[ 50%] [32mBuilding CXX object CMakeFiles/dgz_keyboard_node.dir/src/dgz_keyboard_node.cpp.o[0m
[100%] [32m[1mLinking CXX executable dgz_keyboard_node[0m
[100%] Built target dgz_keyboard_node
-- Install configuration: ""
-- Execute custom install script
-- Symlinking: /home/ubuntu/quadro_ws/install/dgz_keyboard/lib/dgz_keyboard/dgz_keyboard_node
-- Symlinking: /home/ubuntu/quadro_ws/install/dgz_keyboard/share/dgz_keyboard//launch/dgz_keyboard.launch.py
-- Symlinking: /home/ubuntu/quadro_ws/install/dgz_keyboard/share/ament_index/resource_index/package_run_dependencies/dgz_keyboard
-- Symlinking: /home/ubuntu/quadro_ws/install/dgz_keyboard/share/ament_index/resource_index/parent_prefix_path/dgz_keyboard
-- Symlinking: /home/ubuntu/quadro_ws/install/dgz_keyboard/share/dgz_keyboard/environment/ament_prefix_path.sh
-- Symlinking: /home/ubuntu/quadro_ws/install/dgz_keyboard/share/dgz_keyboard/environment/ament_prefix_path.dsv
-- Symlinking: /home/ubuntu/quadro_ws/install/dgz_keyboard/share/dgz_keyboard/environment/path.sh
-- Symlinking: /home/ubuntu/quadro_ws/install/dgz_keyboard/share/dgz_keyboard/environment/path.dsv
-- Symlinking: /home/ubuntu/quadro_ws/install/dgz_keyboard/share/dgz_keyboard/local_setup.bash
-- Symlinking: /home/ubuntu/quadro_ws/install/dgz_keyboard/share/dgz_keyboard/local_setup.sh
-- Symlinking: /home/ubuntu/quadro_ws/install/dgz_keyboard/share/dgz_keyboard/local_setup.zsh
-- Symlinking: /home/ubuntu/quadro_ws/install/dgz_keyboard/share/dgz_keyboard/local_setup.dsv
-- Symlinking: /home/ubuntu/quadro_ws/install/dgz_keyboard/share/dgz_keyboard/package.dsv
-- Symlinking: /home/ubuntu/quadro_ws/install/dgz_keyboard/share/ament_index/resource_index/packages/dgz_keyboard
-- Symlinking: /home/ubuntu/quadro_ws/install/dgz_keyboard/share/dgz_keyboard/cmake/dgz_keyboardConfig.cmake
-- Symlinking: /home/ubuntu/quadro_ws/install/dgz_keyboard/share/dgz_keyboard/cmake/dgz_keyboardConfig-version.cmake
-- Symlinking: /home/ubuntu/quadro_ws/install/dgz_keyboard/share/dgz_keyboard/package.xml
