[0.145s] Invoking command in '/home/MKGL/quadro_ws/build/serial': CMAKE_PREFIX_PATH=/opt/ros/jazzy DEBUGINFOD_URLS=https://debuginfod.ubuntu.com /usr/bin/cmake /home/MKGL/quadro_ws/src/serial -DAMENT_CMAKE_SYMLINK_INSTALL=1 -DCMAKE_INSTALL_PREFIX=/home/MKGL/quadro_ws/install/serial
[2.201s] -- The C compiler identification is GNU 13.2.0
[3.743s] -- The CXX compiler identification is GNU 13.2.0
[3.966s] -- Detecting C compiler ABI info
[5.035s] -- Detecting C compiler ABI info - done
[5.141s] -- Check for working C compiler: /usr/bin/cc - skipped
[5.144s] -- Detecting C compile features
[5.148s] -- Detecting C compile features - done
[5.266s] -- Detecting CXX compiler ABI info
[6.514s] -- Detecting CXX compiler ABI info - done
[6.624s] -- Check for working CXX compiler: /usr/bin/c++ - skipped
[6.627s] -- Detecting CXX compile features
[6.632s] -- Detecting CXX compile features - done
[6.683s] -- Found ament_cmake: 2.5.2 (/opt/ros/jazzy/share/ament_cmake/cmake)
[8.781s] -- Found Python3: /usr/bin/python3 (found version "3.12.3") found components: Interpreter 
[9.661s] -- Override CMake install command with custom implementation using symlinks instead of copying resources
[10.258s] -- Found rclcpp: 28.1.5 (/opt/ros/jazzy/share/rclcpp/cmake)
[10.986s] -- Found rosidl_generator_c: 4.6.4 (/opt/ros/jazzy/share/rosidl_generator_c/cmake)
[11.240s] -- Found rosidl_generator_cpp: 4.6.4 (/opt/ros/jazzy/share/rosidl_generator_cpp/cmake)
[11.515s] -- Using all available rosidl_typesupport_c: rosidl_typesupport_fastrtps_c;rosidl_typesupport_introspection_c
[11.792s] -- Using all available rosidl_typesupport_cpp: rosidl_typesupport_fastrtps_cpp;rosidl_typesupport_introspection_cpp
[12.905s] -- Found rmw_implementation_cmake: 7.3.1 (/opt/ros/jazzy/share/rmw_implementation_cmake/cmake)
[12.972s] -- Found rmw_fastrtps_cpp: 8.4.1 (/opt/ros/jazzy/share/rmw_fastrtps_cpp/cmake)
[14.159s] -- Found OpenSSL: /usr/lib/aarch64-linux-gnu/libcrypto.so (found version "3.0.13")  
[14.356s] -- Found FastRTPS: /opt/ros/jazzy/include (Required is at least version "2.13") 
[14.625s] -- Using RMW implementation 'rmw_fastrtps_cpp' as default
[15.785s] -- Found ament_lint_auto: 0.17.1 (/opt/ros/jazzy/share/ament_lint_auto/cmake)
[17.237s] -- Added test 'cppcheck' to perform static code analysis on C / C++ code
[17.246s] -- Configured cppcheck include dirs: /home/MKGL/quadro_ws/src/serial/include
[17.248s] -- Configured cppcheck exclude dirs and/or files: 
[17.261s] -- Added test 'lint_cmake' to check CMake code style
[17.285s] -- Added test 'uncrustify' to check C / C++ code style
[17.286s] -- Configured uncrustify additional arguments: 
[17.292s] -- Added test 'xmllint' to check XML markup files
[17.336s] -- Configuring done (16.7s)
[17.546s] -- Generating done (0.1s)
[17.573s] -- Build files have been written to: /home/MKGL/quadro_ws/build/serial
[17.656s] Invoked command in '/home/MKGL/quadro_ws/build/serial' returned '0': CMAKE_PREFIX_PATH=/opt/ros/jazzy DEBUGINFOD_URLS=https://debuginfod.ubuntu.com /usr/bin/cmake /home/MKGL/quadro_ws/src/serial -DAMENT_CMAKE_SYMLINK_INSTALL=1 -DCMAKE_INSTALL_PREFIX=/home/MKGL/quadro_ws/install/serial
[17.668s] Invoking command in '/home/MKGL/quadro_ws/build/serial': CMAKE_PREFIX_PATH=/opt/ros/jazzy DEBUGINFOD_URLS=https://debuginfod.ubuntu.com /usr/bin/cmake --build /home/MKGL/quadro_ws/build/serial -- -j4 -l4
[18.290s] [ 25%] [32mBuilding CXX object CMakeFiles/serial_lib.dir/src/serial.cpp.o[0m
[22.977s] [ 50%] [32m[1mLinking CXX shared library libserial_lib.so[0m
[23.803s] [ 50%] Built target serial_lib
[24.052s] [ 75%] [32mBuilding CXX object CMakeFiles/testlib_node.dir/src/testlib_node.cpp.o[0m
[74.431s] [100%] [32m[1mLinking CXX executable testlib_node[0m
[76.150s] [100%] Built target testlib_node
[76.273s] Invoked command in '/home/MKGL/quadro_ws/build/serial' returned '0': CMAKE_PREFIX_PATH=/opt/ros/jazzy DEBUGINFOD_URLS=https://debuginfod.ubuntu.com /usr/bin/cmake --build /home/MKGL/quadro_ws/build/serial -- -j4 -l4
[76.622s] Invoking command in '/home/MKGL/quadro_ws/build/serial': CMAKE_PREFIX_PATH=/opt/ros/jazzy DEBUGINFOD_URLS=https://debuginfod.ubuntu.com /usr/bin/cmake --install /home/MKGL/quadro_ws/build/serial
[76.711s] -- Install configuration: ""
[76.716s] -- Execute custom install script
[76.719s] -- Symlinking: /home/MKGL/quadro_ws/install/serial/share/serial/environment/library_path.sh
[76.830s] -- Symlinking: /home/MKGL/quadro_ws/install/serial/share/serial/environment/library_path.dsv
[76.940s] -- Symlinking: /home/MKGL/quadro_ws/install/serial/include/serial/serial.hpp
[77.054s] -- Symlinking: /home/MKGL/quadro_ws/install/serial/lib/serial/testlib_node
[77.164s] -- Symlinking: /home/MKGL/quadro_ws/install/serial/share/ament_index/resource_index/package_run_dependencies/serial
[77.274s] -- Symlinking: /home/MKGL/quadro_ws/install/serial/share/ament_index/resource_index/parent_prefix_path/serial
[77.382s] -- Symlinking: /home/MKGL/quadro_ws/install/serial/share/serial/environment/ament_prefix_path.sh
[77.484s] -- Symlinking: /home/MKGL/quadro_ws/install/serial/share/serial/environment/ament_prefix_path.dsv
[77.589s] -- Symlinking: /home/MKGL/quadro_ws/install/serial/share/serial/environment/path.sh
[77.694s] -- Symlinking: /home/MKGL/quadro_ws/install/serial/share/serial/environment/path.dsv
[77.803s] -- Symlinking: /home/MKGL/quadro_ws/install/serial/share/serial/local_setup.bash
[77.910s] -- Symlinking: /home/MKGL/quadro_ws/install/serial/share/serial/local_setup.sh
[78.020s] -- Symlinking: /home/MKGL/quadro_ws/install/serial/share/serial/local_setup.zsh
[78.141s] -- Symlinking: /home/MKGL/quadro_ws/install/serial/share/serial/local_setup.dsv
[78.261s] -- Symlinking: /home/MKGL/quadro_ws/install/serial/share/serial/package.dsv
[78.379s] -- Symlinking: /home/MKGL/quadro_ws/install/serial/share/ament_index/resource_index/packages/serial
[78.494s] -- Symlinking: /home/MKGL/quadro_ws/install/serial/share/serial/cmake/ament_cmake_export_targets-extras.cmake
[78.609s] -- Symlinking: /home/MKGL/quadro_ws/install/serial/share/serial/cmake/serialConfig.cmake
[78.722s] -- Symlinking: /home/MKGL/quadro_ws/install/serial/share/serial/cmake/serialConfig-version.cmake
[78.840s] -- Symlinking: /home/MKGL/quadro_ws/install/serial/share/serial/package.xml
[78.958s] -- Installing: /home/MKGL/quadro_ws/install/serial/lib/libserial_lib.so
[78.966s] -- Installing: /home/MKGL/quadro_ws/install/serial/share/serial/cmake/export_serialExport.cmake
[78.973s] -- Installing: /home/MKGL/quadro_ws/install/serial/share/serial/cmake/export_serialExport-noconfig.cmake
[78.993s] Invoked command in '/home/MKGL/quadro_ws/build/serial' returned '0': CMAKE_PREFIX_PATH=/opt/ros/jazzy DEBUGINFOD_URLS=https://debuginfod.ubuntu.com /usr/bin/cmake --install /home/MKGL/quadro_ws/build/serial
