[0.470s] DEBUG:colcon:Command line arguments: ['/usr/bin/colcon', 'build', '--symlink-install']
[0.470s] DEBUG:colcon:Parsed command line arguments: Namespace(log_base=None, log_level=None, verb_name='build', build_base='build', install_base='install', merge_install=False, symlink_install=True, test_result_base=None, continue_on_error=False, executor='parallel', parallel_workers=16, event_handlers=None, ignore_user_meta=False, metas=['./colcon.meta'], base_paths=['.'], packages_ignore=None, packages_ignore_regex=None, paths=None, packages_up_to=None, packages_up_to_regex=None, packages_above=None, packages_above_and_dependencies=None, packages_above_depth=None, packages_select_by_dep=None, packages_skip_by_dep=None, packages_skip_up_to=None, packages_select_build_failed=False, packages_skip_build_finished=False, packages_select_test_failures=False, packages_skip_test_passed=False, packages_select=None, packages_skip=None, packages_select_regex=None, packages_skip_regex=None, packages_start=None, packages_end=None, allow_overriding=[], cmake_args=None, cmake_target=None, cmake_target_skip_unavailable=False, cmake_clean_cache=False, cmake_clean_first=False, cmake_force_configure=False, ament_cmake_args=None, catkin_cmake_args=None, catkin_skip_building_tests=False, mixin_files=None, mixin=None, verb_parser=<colcon_mixin.mixin.mixin_argument.MixinArgumentDecorator object at 0x7ff1265cc560>, verb_extension=<colcon_core.verb.build.BuildVerb object at 0x7ff12670b080>, main=<bound method BuildVerb.main of <colcon_core.verb.build.BuildVerb object at 0x7ff12670b080>>, mixin_verb=('build',))
[0.508s] Level 1:colcon.colcon_core.package_discovery:discover_packages(colcon_meta) check parameters
[0.509s] Level 1:colcon.colcon_core.package_discovery:discover_packages(recursive) check parameters
[0.509s] Level 1:colcon.colcon_core.package_discovery:discover_packages(ignore) check parameters
[0.509s] Level 1:colcon.colcon_core.package_discovery:discover_packages(path) check parameters
[0.509s] Level 1:colcon.colcon_core.package_discovery:discover_packages(colcon_meta) discover
[0.509s] Level 1:colcon.colcon_core.package_discovery:discover_packages(recursive) discover
[0.509s] INFO:colcon.colcon_core.package_discovery:Crawling recursively for packages in '/home/ubuntu/dev_ws'
[0.509s] Level 1:colcon.colcon_core.package_identification:_identify(.) by extensions ['ignore', 'ignore_ament_install']
[0.509s] Level 1:colcon.colcon_core.package_identification:_identify(.) by extension 'ignore'
[0.509s] Level 1:colcon.colcon_core.package_identification:_identify(.) by extension 'ignore_ament_install'
[0.509s] Level 1:colcon.colcon_core.package_identification:_identify(.) by extensions ['colcon_pkg']
[0.509s] Level 1:colcon.colcon_core.package_identification:_identify(.) by extension 'colcon_pkg'
[0.509s] Level 1:colcon.colcon_core.package_identification:_identify(.) by extensions ['colcon_meta']
[0.509s] Level 1:colcon.colcon_core.package_identification:_identify(.) by extension 'colcon_meta'
[0.509s] Level 1:colcon.colcon_core.package_identification:_identify(.) by extensions ['ros']
[0.509s] Level 1:colcon.colcon_core.package_identification:_identify(.) by extension 'ros'
[0.542s] Level 1:colcon.colcon_core.package_identification:_identify(.) by extensions ['cmake', 'python']
[0.542s] Level 1:colcon.colcon_core.package_identification:_identify(.) by extension 'cmake'
[0.542s] Level 1:colcon.colcon_core.package_identification:_identify(.) by extension 'python'
[0.542s] Level 1:colcon.colcon_core.package_identification:_identify(.) by extensions ['python_setup_py']
[0.542s] Level 1:colcon.colcon_core.package_identification:_identify(.) by extension 'python_setup_py'
[0.542s] Level 1:colcon.colcon_core.package_identification:_identify(build) by extensions ['ignore', 'ignore_ament_install']
[0.542s] Level 1:colcon.colcon_core.package_identification:_identify(build) by extension 'ignore'
[0.543s] Level 1:colcon.colcon_core.package_identification:_identify(build) ignored
[0.543s] Level 1:colcon.colcon_core.package_identification:_identify(install) by extensions ['ignore', 'ignore_ament_install']
[0.543s] Level 1:colcon.colcon_core.package_identification:_identify(install) by extension 'ignore'
[0.543s] Level 1:colcon.colcon_core.package_identification:_identify(install) ignored
[0.543s] Level 1:colcon.colcon_core.package_identification:_identify(log) by extensions ['ignore', 'ignore_ament_install']
[0.543s] Level 1:colcon.colcon_core.package_identification:_identify(log) by extension 'ignore'
[0.543s] Level 1:colcon.colcon_core.package_identification:_identify(log) ignored
[0.543s] Level 1:colcon.colcon_core.package_identification:_identify(src) by extensions ['ignore', 'ignore_ament_install']
[0.543s] Level 1:colcon.colcon_core.package_identification:_identify(src) by extension 'ignore'
[0.543s] Level 1:colcon.colcon_core.package_identification:_identify(src) by extension 'ignore_ament_install'
[0.543s] Level 1:colcon.colcon_core.package_identification:_identify(src) by extensions ['colcon_pkg']
[0.543s] Level 1:colcon.colcon_core.package_identification:_identify(src) by extension 'colcon_pkg'
[0.543s] Level 1:colcon.colcon_core.package_identification:_identify(src) by extensions ['colcon_meta']
[0.543s] Level 1:colcon.colcon_core.package_identification:_identify(src) by extension 'colcon_meta'
[0.543s] Level 1:colcon.colcon_core.package_identification:_identify(src) by extensions ['ros']
[0.543s] Level 1:colcon.colcon_core.package_identification:_identify(src) by extension 'ros'
[0.543s] Level 1:colcon.colcon_core.package_identification:_identify(src) by extensions ['cmake', 'python']
[0.543s] Level 1:colcon.colcon_core.package_identification:_identify(src) by extension 'cmake'
[0.543s] Level 1:colcon.colcon_core.package_identification:_identify(src) by extension 'python'
[0.543s] Level 1:colcon.colcon_core.package_identification:_identify(src) by extensions ['python_setup_py']
[0.543s] Level 1:colcon.colcon_core.package_identification:_identify(src) by extension 'python_setup_py'
[0.544s] Level 1:colcon.colcon_core.package_identification:_identify(src/frame_broadcaster) by extensions ['ignore', 'ignore_ament_install']
[0.544s] Level 1:colcon.colcon_core.package_identification:_identify(src/frame_broadcaster) by extension 'ignore'
[0.544s] Level 1:colcon.colcon_core.package_identification:_identify(src/frame_broadcaster) by extension 'ignore_ament_install'
[0.544s] Level 1:colcon.colcon_core.package_identification:_identify(src/frame_broadcaster) by extensions ['colcon_pkg']
[0.544s] Level 1:colcon.colcon_core.package_identification:_identify(src/frame_broadcaster) by extension 'colcon_pkg'
[0.544s] Level 1:colcon.colcon_core.package_identification:_identify(src/frame_broadcaster) by extensions ['colcon_meta']
[0.544s] Level 1:colcon.colcon_core.package_identification:_identify(src/frame_broadcaster) by extension 'colcon_meta'
[0.544s] Level 1:colcon.colcon_core.package_identification:_identify(src/frame_broadcaster) by extensions ['ros']
[0.544s] Level 1:colcon.colcon_core.package_identification:_identify(src/frame_broadcaster) by extension 'ros'
[0.549s] DEBUG:colcon.colcon_core.package_identification:Package 'src/frame_broadcaster' with type 'ros.ament_cmake' and name 'frame_broadcaster'
[0.549s] Level 1:colcon.colcon_core.package_identification:_identify(src/frame_listener) by extensions ['ignore', 'ignore_ament_install']
[0.550s] Level 1:colcon.colcon_core.package_identification:_identify(src/frame_listener) by extension 'ignore'
[0.550s] Level 1:colcon.colcon_core.package_identification:_identify(src/frame_listener) by extension 'ignore_ament_install'
[0.550s] Level 1:colcon.colcon_core.package_identification:_identify(src/frame_listener) by extensions ['colcon_pkg']
[0.550s] Level 1:colcon.colcon_core.package_identification:_identify(src/frame_listener) by extension 'colcon_pkg'
[0.550s] Level 1:colcon.colcon_core.package_identification:_identify(src/frame_listener) by extensions ['colcon_meta']
[0.550s] Level 1:colcon.colcon_core.package_identification:_identify(src/frame_listener) by extension 'colcon_meta'
[0.550s] Level 1:colcon.colcon_core.package_identification:_identify(src/frame_listener) by extensions ['ros']
[0.550s] Level 1:colcon.colcon_core.package_identification:_identify(src/frame_listener) by extension 'ros'
[0.551s] DEBUG:colcon.colcon_core.package_identification:Package 'src/frame_listener' with type 'ros.ament_cmake' and name 'frame_listener'
[0.551s] Level 1:colcon.colcon_core.package_identification:_identify(src/quadruped_urdf) by extensions ['ignore', 'ignore_ament_install']
[0.551s] Level 1:colcon.colcon_core.package_identification:_identify(src/quadruped_urdf) by extension 'ignore'
[0.552s] Level 1:colcon.colcon_core.package_identification:_identify(src/quadruped_urdf) by extension 'ignore_ament_install'
[0.552s] Level 1:colcon.colcon_core.package_identification:_identify(src/quadruped_urdf) by extensions ['colcon_pkg']
[0.552s] Level 1:colcon.colcon_core.package_identification:_identify(src/quadruped_urdf) by extension 'colcon_pkg'
[0.552s] Level 1:colcon.colcon_core.package_identification:_identify(src/quadruped_urdf) by extensions ['colcon_meta']
[0.552s] Level 1:colcon.colcon_core.package_identification:_identify(src/quadruped_urdf) by extension 'colcon_meta'
[0.552s] Level 1:colcon.colcon_core.package_identification:_identify(src/quadruped_urdf) by extensions ['ros']
[0.552s] Level 1:colcon.colcon_core.package_identification:_identify(src/quadruped_urdf) by extension 'ros'
[0.553s] DEBUG:colcon.colcon_core.package_identification:Package 'src/quadruped_urdf' with type 'ros.ament_cmake' and name 'quadruped_urdf'
[0.554s] Level 1:colcon.colcon_core.package_identification:_identify(src/space_interfaces) by extensions ['ignore', 'ignore_ament_install']
[0.554s] Level 1:colcon.colcon_core.package_identification:_identify(src/space_interfaces) by extension 'ignore'
[0.554s] Level 1:colcon.colcon_core.package_identification:_identify(src/space_interfaces) by extension 'ignore_ament_install'
[0.554s] Level 1:colcon.colcon_core.package_identification:_identify(src/space_interfaces) by extensions ['colcon_pkg']
[0.554s] Level 1:colcon.colcon_core.package_identification:_identify(src/space_interfaces) by extension 'colcon_pkg'
[0.554s] Level 1:colcon.colcon_core.package_identification:_identify(src/space_interfaces) by extensions ['colcon_meta']
[0.554s] Level 1:colcon.colcon_core.package_identification:_identify(src/space_interfaces) by extension 'colcon_meta'
[0.554s] Level 1:colcon.colcon_core.package_identification:_identify(src/space_interfaces) by extensions ['ros']
[0.554s] Level 1:colcon.colcon_core.package_identification:_identify(src/space_interfaces) by extension 'ros'
[0.555s] DEBUG:colcon.colcon_core.package_identification:Package 'src/space_interfaces' with type 'ros.ament_cmake' and name 'space_interfaces'
[0.555s] Level 1:colcon.colcon_core.package_discovery:discover_packages(recursive) using defaults
[0.555s] Level 1:colcon.colcon_core.package_discovery:discover_packages(ignore) discover
[0.555s] Level 1:colcon.colcon_core.package_discovery:discover_packages(ignore) using defaults
[0.555s] Level 1:colcon.colcon_core.package_discovery:discover_packages(path) discover
[0.555s] Level 1:colcon.colcon_core.package_discovery:discover_packages(path) using defaults
[0.589s] Level 1:colcon.colcon_core.package_discovery:discover_packages(prefix_path) check parameters
[0.589s] Level 1:colcon.colcon_core.package_discovery:discover_packages(prefix_path) discover
[0.594s] DEBUG:colcon.colcon_installed_package_information.package_discovery:Found 313 installed packages in /opt/ros/jazzy
[0.594s] Level 1:colcon.colcon_core.package_discovery:discover_packages(prefix_path) using defaults
[0.638s] Level 5:colcon.colcon_core.verb:set package 'quadruped_urdf' build argument 'cmake_args' from command line to 'None'
[0.638s] Level 5:colcon.colcon_core.verb:set package 'quadruped_urdf' build argument 'cmake_target' from command line to 'None'
[0.638s] Level 5:colcon.colcon_core.verb:set package 'quadruped_urdf' build argument 'cmake_target_skip_unavailable' from command line to 'False'
[0.638s] Level 5:colcon.colcon_core.verb:set package 'quadruped_urdf' build argument 'cmake_clean_cache' from command line to 'False'
[0.638s] Level 5:colcon.colcon_core.verb:set package 'quadruped_urdf' build argument 'cmake_clean_first' from command line to 'False'
[0.638s] Level 5:colcon.colcon_core.verb:set package 'quadruped_urdf' build argument 'cmake_force_configure' from command line to 'False'
[0.638s] Level 5:colcon.colcon_core.verb:set package 'quadruped_urdf' build argument 'ament_cmake_args' from command line to 'None'
[0.638s] Level 5:colcon.colcon_core.verb:set package 'quadruped_urdf' build argument 'catkin_cmake_args' from command line to 'None'
[0.638s] Level 5:colcon.colcon_core.verb:set package 'quadruped_urdf' build argument 'catkin_skip_building_tests' from command line to 'False'
[0.638s] DEBUG:colcon.colcon_core.verb:Building package 'quadruped_urdf' with the following arguments: {'ament_cmake_args': None, 'build_base': '/home/ubuntu/dev_ws/build/quadruped_urdf', 'catkin_cmake_args': None, 'catkin_skip_building_tests': False, 'cmake_args': None, 'cmake_clean_cache': False, 'cmake_clean_first': False, 'cmake_force_configure': False, 'cmake_target': None, 'cmake_target_skip_unavailable': False, 'install_base': '/home/ubuntu/dev_ws/install/quadruped_urdf', 'merge_install': False, 'path': '/home/ubuntu/dev_ws/src/quadruped_urdf', 'symlink_install': True, 'test_result_base': None}
[0.638s] Level 5:colcon.colcon_core.verb:set package 'space_interfaces' build argument 'cmake_args' from command line to 'None'
[0.638s] Level 5:colcon.colcon_core.verb:set package 'space_interfaces' build argument 'cmake_target' from command line to 'None'
[0.638s] Level 5:colcon.colcon_core.verb:set package 'space_interfaces' build argument 'cmake_target_skip_unavailable' from command line to 'False'
[0.639s] Level 5:colcon.colcon_core.verb:set package 'space_interfaces' build argument 'cmake_clean_cache' from command line to 'False'
[0.639s] Level 5:colcon.colcon_core.verb:set package 'space_interfaces' build argument 'cmake_clean_first' from command line to 'False'
[0.639s] Level 5:colcon.colcon_core.verb:set package 'space_interfaces' build argument 'cmake_force_configure' from command line to 'False'
[0.639s] Level 5:colcon.colcon_core.verb:set package 'space_interfaces' build argument 'ament_cmake_args' from command line to 'None'
[0.639s] Level 5:colcon.colcon_core.verb:set package 'space_interfaces' build argument 'catkin_cmake_args' from command line to 'None'
[0.639s] Level 5:colcon.colcon_core.verb:set package 'space_interfaces' build argument 'catkin_skip_building_tests' from command line to 'False'
[0.639s] DEBUG:colcon.colcon_core.verb:Building package 'space_interfaces' with the following arguments: {'ament_cmake_args': None, 'build_base': '/home/ubuntu/dev_ws/build/space_interfaces', 'catkin_cmake_args': None, 'catkin_skip_building_tests': False, 'cmake_args': None, 'cmake_clean_cache': False, 'cmake_clean_first': False, 'cmake_force_configure': False, 'cmake_target': None, 'cmake_target_skip_unavailable': False, 'install_base': '/home/ubuntu/dev_ws/install/space_interfaces', 'merge_install': False, 'path': '/home/ubuntu/dev_ws/src/space_interfaces', 'symlink_install': True, 'test_result_base': None}
[0.639s] Level 5:colcon.colcon_core.verb:set package 'frame_broadcaster' build argument 'cmake_args' from command line to 'None'
[0.639s] Level 5:colcon.colcon_core.verb:set package 'frame_broadcaster' build argument 'cmake_target' from command line to 'None'
[0.639s] Level 5:colcon.colcon_core.verb:set package 'frame_broadcaster' build argument 'cmake_target_skip_unavailable' from command line to 'False'
[0.639s] Level 5:colcon.colcon_core.verb:set package 'frame_broadcaster' build argument 'cmake_clean_cache' from command line to 'False'
[0.639s] Level 5:colcon.colcon_core.verb:set package 'frame_broadcaster' build argument 'cmake_clean_first' from command line to 'False'
[0.639s] Level 5:colcon.colcon_core.verb:set package 'frame_broadcaster' build argument 'cmake_force_configure' from command line to 'False'
[0.639s] Level 5:colcon.colcon_core.verb:set package 'frame_broadcaster' build argument 'ament_cmake_args' from command line to 'None'
[0.639s] Level 5:colcon.colcon_core.verb:set package 'frame_broadcaster' build argument 'catkin_cmake_args' from command line to 'None'
[0.639s] Level 5:colcon.colcon_core.verb:set package 'frame_broadcaster' build argument 'catkin_skip_building_tests' from command line to 'False'
[0.639s] DEBUG:colcon.colcon_core.verb:Building package 'frame_broadcaster' with the following arguments: {'ament_cmake_args': None, 'build_base': '/home/ubuntu/dev_ws/build/frame_broadcaster', 'catkin_cmake_args': None, 'catkin_skip_building_tests': False, 'cmake_args': None, 'cmake_clean_cache': False, 'cmake_clean_first': False, 'cmake_force_configure': False, 'cmake_target': None, 'cmake_target_skip_unavailable': False, 'install_base': '/home/ubuntu/dev_ws/install/frame_broadcaster', 'merge_install': False, 'path': '/home/ubuntu/dev_ws/src/frame_broadcaster', 'symlink_install': True, 'test_result_base': None}
[0.639s] Level 5:colcon.colcon_core.verb:set package 'frame_listener' build argument 'cmake_args' from command line to 'None'
[0.639s] Level 5:colcon.colcon_core.verb:set package 'frame_listener' build argument 'cmake_target' from command line to 'None'
[0.639s] Level 5:colcon.colcon_core.verb:set package 'frame_listener' build argument 'cmake_target_skip_unavailable' from command line to 'False'
[0.639s] Level 5:colcon.colcon_core.verb:set package 'frame_listener' build argument 'cmake_clean_cache' from command line to 'False'
[0.639s] Level 5:colcon.colcon_core.verb:set package 'frame_listener' build argument 'cmake_clean_first' from command line to 'False'
[0.639s] Level 5:colcon.colcon_core.verb:set package 'frame_listener' build argument 'cmake_force_configure' from command line to 'False'
[0.639s] Level 5:colcon.colcon_core.verb:set package 'frame_listener' build argument 'ament_cmake_args' from command line to 'None'
[0.639s] Level 5:colcon.colcon_core.verb:set package 'frame_listener' build argument 'catkin_cmake_args' from command line to 'None'
[0.639s] Level 5:colcon.colcon_core.verb:set package 'frame_listener' build argument 'catkin_skip_building_tests' from command line to 'False'
[0.640s] DEBUG:colcon.colcon_core.verb:Building package 'frame_listener' with the following arguments: {'ament_cmake_args': None, 'build_base': '/home/ubuntu/dev_ws/build/frame_listener', 'catkin_cmake_args': None, 'catkin_skip_building_tests': False, 'cmake_args': None, 'cmake_clean_cache': False, 'cmake_clean_first': False, 'cmake_force_configure': False, 'cmake_target': None, 'cmake_target_skip_unavailable': False, 'install_base': '/home/ubuntu/dev_ws/install/frame_listener', 'merge_install': False, 'path': '/home/ubuntu/dev_ws/src/frame_listener', 'symlink_install': True, 'test_result_base': None}
[0.640s] INFO:colcon.colcon_core.executor:Executing jobs using 'parallel' executor
[0.640s] DEBUG:colcon.colcon_parallel_executor.executor.parallel:run_until_complete
[0.640s] INFO:colcon.colcon_ros.task.ament_cmake.build:Building ROS package in '/home/ubuntu/dev_ws/src/space_interfaces' with build type 'ament_cmake'
[0.641s] INFO:colcon.colcon_cmake.task.cmake.build:Building CMake package in '/home/ubuntu/dev_ws/src/space_interfaces'
[0.648s] INFO:colcon.colcon_core.plugin_system:Skipping extension 'colcon_core.shell.bat': Not used on non-Windows systems
[0.649s] INFO:colcon.colcon_core.shell:Skip shell extension 'powershell' for command environment: Not usable outside of PowerShell
[0.649s] DEBUG:colcon.colcon_core.shell:Skip shell extension 'dsv' for command environment
[0.651s] INFO:colcon.colcon_ros.task.ament_cmake.build:Building ROS package in '/home/ubuntu/dev_ws/src/quadruped_urdf' with build type 'ament_cmake'
[0.651s] INFO:colcon.colcon_cmake.task.cmake.build:Building CMake package in '/home/ubuntu/dev_ws/src/quadruped_urdf'
[0.651s] INFO:colcon.colcon_core.shell:Skip shell extension 'powershell' for command environment: Not usable outside of PowerShell
[0.652s] DEBUG:colcon.colcon_core.shell:Skip shell extension 'dsv' for command environment
[0.656s] DEBUG:colcon.colcon_core.event_handler.log_command:Invoking command in '/home/ubuntu/dev_ws/build/space_interfaces': CMAKE_PREFIX_PATH=${CMAKE_PREFIX_PATH}:/opt/ros/jazzy /usr/bin/cmake /home/ubuntu/dev_ws/src/space_interfaces -DAMENT_CMAKE_SYMLINK_INSTALL=1 -DCMAKE_INSTALL_PREFIX=/home/ubuntu/dev_ws/install/space_interfaces
[0.663s] DEBUG:colcon.colcon_core.event_handler.log_command:Invoking command in '/home/ubuntu/dev_ws/build/quadruped_urdf': CMAKE_PREFIX_PATH=${CMAKE_PREFIX_PATH}:/opt/ros/jazzy /usr/bin/cmake /home/ubuntu/dev_ws/src/quadruped_urdf -DAMENT_CMAKE_SYMLINK_INSTALL=1 -DCMAKE_INSTALL_PREFIX=/home/ubuntu/dev_ws/install/quadruped_urdf
[3.310s] DEBUG:colcon.colcon_core.event_handler.log_command:Invoked command in '/home/ubuntu/dev_ws/build/quadruped_urdf' returned '0': CMAKE_PREFIX_PATH=${CMAKE_PREFIX_PATH}:/opt/ros/jazzy /usr/bin/cmake /home/ubuntu/dev_ws/src/quadruped_urdf -DAMENT_CMAKE_SYMLINK_INSTALL=1 -DCMAKE_INSTALL_PREFIX=/home/ubuntu/dev_ws/install/quadruped_urdf
[3.312s] DEBUG:colcon.colcon_core.event_handler.log_command:Invoking command in '/home/ubuntu/dev_ws/build/quadruped_urdf': CMAKE_PREFIX_PATH=${CMAKE_PREFIX_PATH}:/opt/ros/jazzy /usr/bin/cmake --build /home/ubuntu/dev_ws/build/quadruped_urdf -- -j16 -l16
[3.337s] DEBUG:colcon.colcon_core.event_handler.log_command:Invoked command in '/home/ubuntu/dev_ws/build/quadruped_urdf' returned '0': CMAKE_PREFIX_PATH=${CMAKE_PREFIX_PATH}:/opt/ros/jazzy /usr/bin/cmake --build /home/ubuntu/dev_ws/build/quadruped_urdf -- -j16 -l16
[3.357s] DEBUG:colcon.colcon_core.event_handler.log_command:Invoking command in '/home/ubuntu/dev_ws/build/quadruped_urdf': CMAKE_PREFIX_PATH=${CMAKE_PREFIX_PATH}:/opt/ros/jazzy /usr/bin/cmake --install /home/ubuntu/dev_ws/build/quadruped_urdf
[3.550s] Level 1:colcon.colcon_core.environment:create_environment_scripts_only(quadruped_urdf)
[3.550s] DEBUG:colcon.colcon_core.event_handler.log_command:Invoked command in '/home/ubuntu/dev_ws/build/quadruped_urdf' returned '0': CMAKE_PREFIX_PATH=${CMAKE_PREFIX_PATH}:/opt/ros/jazzy /usr/bin/cmake --install /home/ubuntu/dev_ws/build/quadruped_urdf
[3.558s] Level 1:colcon.colcon_core.environment:checking '/home/ubuntu/dev_ws/install/quadruped_urdf' for CMake module files
[3.559s] Level 1:colcon.colcon_core.environment:checking '/home/ubuntu/dev_ws/install/quadruped_urdf' for CMake config files
[3.559s] Level 1:colcon.colcon_core.shell:create_environment_hook('quadruped_urdf', 'cmake_prefix_path')
[3.559s] INFO:colcon.colcon_core.shell:Creating environment hook '/home/ubuntu/dev_ws/install/quadruped_urdf/share/quadruped_urdf/hook/cmake_prefix_path.ps1'
[3.560s] INFO:colcon.colcon_core.shell:Creating environment descriptor '/home/ubuntu/dev_ws/install/quadruped_urdf/share/quadruped_urdf/hook/cmake_prefix_path.dsv'
[3.561s] INFO:colcon.colcon_core.shell:Creating environment hook '/home/ubuntu/dev_ws/install/quadruped_urdf/share/quadruped_urdf/hook/cmake_prefix_path.sh'
[3.562s] Level 1:colcon.colcon_core.environment:checking '/home/ubuntu/dev_ws/install/quadruped_urdf/bin'
[3.562s] Level 1:colcon.colcon_core.environment:checking '/home/ubuntu/dev_ws/install/quadruped_urdf/lib/pkgconfig/quadruped_urdf.pc'
[3.562s] Level 1:colcon.colcon_core.environment:checking '/home/ubuntu/dev_ws/install/quadruped_urdf/lib/python3.12/site-packages'
[3.562s] Level 1:colcon.colcon_core.environment:checking '/home/ubuntu/dev_ws/install/quadruped_urdf/bin'
[3.562s] INFO:colcon.colcon_core.shell:Creating package script '/home/ubuntu/dev_ws/install/quadruped_urdf/share/quadruped_urdf/package.ps1'
[3.563s] INFO:colcon.colcon_core.shell:Creating package descriptor '/home/ubuntu/dev_ws/install/quadruped_urdf/share/quadruped_urdf/package.dsv'
[3.564s] INFO:colcon.colcon_core.shell:Creating package script '/home/ubuntu/dev_ws/install/quadruped_urdf/share/quadruped_urdf/package.sh'
[3.565s] INFO:colcon.colcon_core.shell:Creating package script '/home/ubuntu/dev_ws/install/quadruped_urdf/share/quadruped_urdf/package.bash'
[3.566s] INFO:colcon.colcon_core.shell:Creating package script '/home/ubuntu/dev_ws/install/quadruped_urdf/share/quadruped_urdf/package.zsh'
[3.568s] Level 1:colcon.colcon_core.environment:create_file_with_runtime_dependencies(/home/ubuntu/dev_ws/install/quadruped_urdf/share/colcon-core/packages/quadruped_urdf)
[3.582s] Level 1:colcon.colcon_core.environment:create_environment_scripts_only(quadruped_urdf)
[3.582s] Level 1:colcon.colcon_core.environment:checking '/home/ubuntu/dev_ws/install/quadruped_urdf' for CMake module files
[3.582s] Level 1:colcon.colcon_core.environment:checking '/home/ubuntu/dev_ws/install/quadruped_urdf' for CMake config files
[3.582s] Level 1:colcon.colcon_core.shell:create_environment_hook('quadruped_urdf', 'cmake_prefix_path')
[3.582s] INFO:colcon.colcon_core.shell:Creating environment hook '/home/ubuntu/dev_ws/install/quadruped_urdf/share/quadruped_urdf/hook/cmake_prefix_path.ps1'
[3.583s] INFO:colcon.colcon_core.shell:Creating environment descriptor '/home/ubuntu/dev_ws/install/quadruped_urdf/share/quadruped_urdf/hook/cmake_prefix_path.dsv'
[3.583s] INFO:colcon.colcon_core.shell:Creating environment hook '/home/ubuntu/dev_ws/install/quadruped_urdf/share/quadruped_urdf/hook/cmake_prefix_path.sh'
[3.583s] Level 1:colcon.colcon_core.environment:checking '/home/ubuntu/dev_ws/install/quadruped_urdf/bin'
[3.584s] Level 1:colcon.colcon_core.environment:checking '/home/ubuntu/dev_ws/install/quadruped_urdf/lib/pkgconfig/quadruped_urdf.pc'
[3.584s] Level 1:colcon.colcon_core.environment:checking '/home/ubuntu/dev_ws/install/quadruped_urdf/lib/python3.12/site-packages'
[3.584s] Level 1:colcon.colcon_core.environment:checking '/home/ubuntu/dev_ws/install/quadruped_urdf/bin'
[3.584s] INFO:colcon.colcon_core.shell:Creating package script '/home/ubuntu/dev_ws/install/quadruped_urdf/share/quadruped_urdf/package.ps1'
[3.584s] INFO:colcon.colcon_core.shell:Creating package descriptor '/home/ubuntu/dev_ws/install/quadruped_urdf/share/quadruped_urdf/package.dsv'
[3.585s] INFO:colcon.colcon_core.shell:Creating package script '/home/ubuntu/dev_ws/install/quadruped_urdf/share/quadruped_urdf/package.sh'
[3.585s] INFO:colcon.colcon_core.shell:Creating package script '/home/ubuntu/dev_ws/install/quadruped_urdf/share/quadruped_urdf/package.bash'
[3.585s] INFO:colcon.colcon_core.shell:Creating package script '/home/ubuntu/dev_ws/install/quadruped_urdf/share/quadruped_urdf/package.zsh'
[3.586s] Level 1:colcon.colcon_core.environment:create_file_with_runtime_dependencies(/home/ubuntu/dev_ws/install/quadruped_urdf/share/colcon-core/packages/quadruped_urdf)
[5.544s] DEBUG:colcon.colcon_core.event_handler.log_command:Invoked command in '/home/ubuntu/dev_ws/build/space_interfaces' returned '0': CMAKE_PREFIX_PATH=${CMAKE_PREFIX_PATH}:/opt/ros/jazzy /usr/bin/cmake /home/ubuntu/dev_ws/src/space_interfaces -DAMENT_CMAKE_SYMLINK_INSTALL=1 -DCMAKE_INSTALL_PREFIX=/home/ubuntu/dev_ws/install/space_interfaces
[5.544s] DEBUG:colcon.colcon_core.event_handler.log_command:Invoking command in '/home/ubuntu/dev_ws/build/space_interfaces': CMAKE_PREFIX_PATH=${CMAKE_PREFIX_PATH}:/opt/ros/jazzy /usr/bin/cmake --build /home/ubuntu/dev_ws/build/space_interfaces -- -j16 -l16
[8.516s] DEBUG:colcon.colcon_core.event_handler.log_command:Invoked command in '/home/ubuntu/dev_ws/build/space_interfaces' returned '0': CMAKE_PREFIX_PATH=${CMAKE_PREFIX_PATH}:/opt/ros/jazzy /usr/bin/cmake --build /home/ubuntu/dev_ws/build/space_interfaces -- -j16 -l16
[8.561s] DEBUG:colcon.colcon_core.event_handler.log_command:Invoking command in '/home/ubuntu/dev_ws/build/space_interfaces': CMAKE_PREFIX_PATH=${CMAKE_PREFIX_PATH}:/opt/ros/jazzy /usr/bin/cmake --install /home/ubuntu/dev_ws/build/space_interfaces
[8.932s] Level 1:colcon.colcon_core.environment:create_environment_scripts_only(space_interfaces)
[8.932s] Level 1:colcon.colcon_core.environment:checking '/home/ubuntu/dev_ws/install/space_interfaces' for CMake module files
[8.933s] DEBUG:colcon.colcon_core.event_handler.log_command:Invoked command in '/home/ubuntu/dev_ws/build/space_interfaces' returned '0': CMAKE_PREFIX_PATH=${CMAKE_PREFIX_PATH}:/opt/ros/jazzy /usr/bin/cmake --install /home/ubuntu/dev_ws/build/space_interfaces
[8.933s] Level 1:colcon.colcon_core.environment:checking '/home/ubuntu/dev_ws/install/space_interfaces' for CMake config files
[8.933s] Level 1:colcon.colcon_core.shell:create_environment_hook('space_interfaces', 'cmake_prefix_path')
[8.933s] INFO:colcon.colcon_core.shell:Creating environment hook '/home/ubuntu/dev_ws/install/space_interfaces/share/space_interfaces/hook/cmake_prefix_path.ps1'
[8.934s] INFO:colcon.colcon_core.shell:Creating environment descriptor '/home/ubuntu/dev_ws/install/space_interfaces/share/space_interfaces/hook/cmake_prefix_path.dsv'
[8.934s] INFO:colcon.colcon_core.shell:Creating environment hook '/home/ubuntu/dev_ws/install/space_interfaces/share/space_interfaces/hook/cmake_prefix_path.sh'
[8.934s] Level 1:colcon.colcon_core.environment:checking '/home/ubuntu/dev_ws/install/space_interfaces/lib'
[8.935s] Level 1:colcon.colcon_core.shell:create_environment_hook('space_interfaces', 'ld_library_path_lib')
[8.935s] INFO:colcon.colcon_core.shell:Creating environment hook '/home/ubuntu/dev_ws/install/space_interfaces/share/space_interfaces/hook/ld_library_path_lib.ps1'
[8.935s] INFO:colcon.colcon_core.shell:Creating environment descriptor '/home/ubuntu/dev_ws/install/space_interfaces/share/space_interfaces/hook/ld_library_path_lib.dsv'
[8.935s] INFO:colcon.colcon_core.shell:Creating environment hook '/home/ubuntu/dev_ws/install/space_interfaces/share/space_interfaces/hook/ld_library_path_lib.sh'
[8.935s] Level 1:colcon.colcon_core.environment:checking '/home/ubuntu/dev_ws/install/space_interfaces/bin'
[8.935s] Level 1:colcon.colcon_core.environment:checking '/home/ubuntu/dev_ws/install/space_interfaces/lib/pkgconfig/space_interfaces.pc'
[8.936s] Level 1:colcon.colcon_core.environment:checking '/home/ubuntu/dev_ws/install/space_interfaces/lib/python3.12/site-packages'
[8.936s] Level 1:colcon.colcon_core.shell:create_environment_hook('space_interfaces', 'pythonpath')
[8.936s] INFO:colcon.colcon_core.shell:Creating environment hook '/home/ubuntu/dev_ws/install/space_interfaces/share/space_interfaces/hook/pythonpath.ps1'
[8.936s] INFO:colcon.colcon_core.shell:Creating environment descriptor '/home/ubuntu/dev_ws/install/space_interfaces/share/space_interfaces/hook/pythonpath.dsv'
[8.936s] INFO:colcon.colcon_core.shell:Creating environment hook '/home/ubuntu/dev_ws/install/space_interfaces/share/space_interfaces/hook/pythonpath.sh'
[8.937s] Level 1:colcon.colcon_core.environment:checking '/home/ubuntu/dev_ws/install/space_interfaces/bin'
[8.937s] INFO:colcon.colcon_core.shell:Creating package script '/home/ubuntu/dev_ws/install/space_interfaces/share/space_interfaces/package.ps1'
[8.937s] INFO:colcon.colcon_core.shell:Creating package descriptor '/home/ubuntu/dev_ws/install/space_interfaces/share/space_interfaces/package.dsv'
[8.938s] INFO:colcon.colcon_core.shell:Creating package script '/home/ubuntu/dev_ws/install/space_interfaces/share/space_interfaces/package.sh'
[8.938s] INFO:colcon.colcon_core.shell:Creating package script '/home/ubuntu/dev_ws/install/space_interfaces/share/space_interfaces/package.bash'
[8.938s] INFO:colcon.colcon_core.shell:Creating package script '/home/ubuntu/dev_ws/install/space_interfaces/share/space_interfaces/package.zsh'
[8.938s] Level 1:colcon.colcon_core.environment:create_file_with_runtime_dependencies(/home/ubuntu/dev_ws/install/space_interfaces/share/colcon-core/packages/space_interfaces)
[8.978s] Level 1:colcon.colcon_core.environment:create_environment_scripts_only(space_interfaces)
[8.978s] Level 1:colcon.colcon_core.environment:checking '/home/ubuntu/dev_ws/install/space_interfaces' for CMake module files
[8.979s] Level 1:colcon.colcon_core.environment:checking '/home/ubuntu/dev_ws/install/space_interfaces' for CMake config files
[8.979s] Level 1:colcon.colcon_core.shell:create_environment_hook('space_interfaces', 'cmake_prefix_path')
[8.979s] INFO:colcon.colcon_core.shell:Creating environment hook '/home/ubuntu/dev_ws/install/space_interfaces/share/space_interfaces/hook/cmake_prefix_path.ps1'
[8.980s] INFO:colcon.colcon_core.shell:Creating environment descriptor '/home/ubuntu/dev_ws/install/space_interfaces/share/space_interfaces/hook/cmake_prefix_path.dsv'
[8.980s] INFO:colcon.colcon_core.shell:Creating environment hook '/home/ubuntu/dev_ws/install/space_interfaces/share/space_interfaces/hook/cmake_prefix_path.sh'
[8.980s] Level 1:colcon.colcon_core.environment:checking '/home/ubuntu/dev_ws/install/space_interfaces/lib'
[8.980s] Level 1:colcon.colcon_core.shell:create_environment_hook('space_interfaces', 'ld_library_path_lib')
[8.981s] INFO:colcon.colcon_core.shell:Creating environment hook '/home/ubuntu/dev_ws/install/space_interfaces/share/space_interfaces/hook/ld_library_path_lib.ps1'
[8.981s] INFO:colcon.colcon_core.shell:Creating environment descriptor '/home/ubuntu/dev_ws/install/space_interfaces/share/space_interfaces/hook/ld_library_path_lib.dsv'
[8.981s] INFO:colcon.colcon_core.shell:Creating environment hook '/home/ubuntu/dev_ws/install/space_interfaces/share/space_interfaces/hook/ld_library_path_lib.sh'
[8.981s] Level 1:colcon.colcon_core.environment:checking '/home/ubuntu/dev_ws/install/space_interfaces/bin'
[8.981s] Level 1:colcon.colcon_core.environment:checking '/home/ubuntu/dev_ws/install/space_interfaces/lib/pkgconfig/space_interfaces.pc'
[8.982s] Level 1:colcon.colcon_core.environment:checking '/home/ubuntu/dev_ws/install/space_interfaces/lib/python3.12/site-packages'
[8.982s] Level 1:colcon.colcon_core.shell:create_environment_hook('space_interfaces', 'pythonpath')
[8.982s] INFO:colcon.colcon_core.shell:Creating environment hook '/home/ubuntu/dev_ws/install/space_interfaces/share/space_interfaces/hook/pythonpath.ps1'
[8.982s] INFO:colcon.colcon_core.shell:Creating environment descriptor '/home/ubuntu/dev_ws/install/space_interfaces/share/space_interfaces/hook/pythonpath.dsv'
[8.982s] INFO:colcon.colcon_core.shell:Creating environment hook '/home/ubuntu/dev_ws/install/space_interfaces/share/space_interfaces/hook/pythonpath.sh'
[8.983s] Level 1:colcon.colcon_core.environment:checking '/home/ubuntu/dev_ws/install/space_interfaces/bin'
[8.983s] INFO:colcon.colcon_core.shell:Creating package script '/home/ubuntu/dev_ws/install/space_interfaces/share/space_interfaces/package.ps1'
[8.983s] INFO:colcon.colcon_core.shell:Creating package descriptor '/home/ubuntu/dev_ws/install/space_interfaces/share/space_interfaces/package.dsv'
[8.984s] INFO:colcon.colcon_core.shell:Creating package script '/home/ubuntu/dev_ws/install/space_interfaces/share/space_interfaces/package.sh'
[8.984s] INFO:colcon.colcon_core.shell:Creating package script '/home/ubuntu/dev_ws/install/space_interfaces/share/space_interfaces/package.bash'
[8.984s] INFO:colcon.colcon_core.shell:Creating package script '/home/ubuntu/dev_ws/install/space_interfaces/share/space_interfaces/package.zsh'
[8.984s] Level 1:colcon.colcon_core.environment:create_file_with_runtime_dependencies(/home/ubuntu/dev_ws/install/space_interfaces/share/colcon-core/packages/space_interfaces)
[8.985s] INFO:colcon.colcon_ros.task.ament_cmake.build:Building ROS package in '/home/ubuntu/dev_ws/src/frame_broadcaster' with build type 'ament_cmake'
[8.985s] INFO:colcon.colcon_cmake.task.cmake.build:Building CMake package in '/home/ubuntu/dev_ws/src/frame_broadcaster'
[8.985s] INFO:colcon.colcon_core.shell:Skip shell extension 'powershell' for command environment: Not usable outside of PowerShell
[8.985s] DEBUG:colcon.colcon_core.shell:Skip shell extension 'dsv' for command environment
[8.988s] INFO:colcon.colcon_ros.task.ament_cmake.build:Building ROS package in '/home/ubuntu/dev_ws/src/frame_listener' with build type 'ament_cmake'
[8.988s] INFO:colcon.colcon_cmake.task.cmake.build:Building CMake package in '/home/ubuntu/dev_ws/src/frame_listener'
[8.988s] INFO:colcon.colcon_core.shell:Skip shell extension 'powershell' for command environment: Not usable outside of PowerShell
[8.988s] DEBUG:colcon.colcon_core.shell:Skip shell extension 'dsv' for command environment
[9.099s] DEBUG:colcon.colcon_core.event_handler.log_command:Invoking command in '/home/ubuntu/dev_ws/build/frame_listener': AMENT_PREFIX_PATH=/home/ubuntu/dev_ws/install/space_interfaces:${AMENT_PREFIX_PATH} CMAKE_PREFIX_PATH=/home/ubuntu/dev_ws/install/space_interfaces:/opt/ros/jazzy/opt/gz_math_vendor:/opt/ros/jazzy/opt/gz_utils_vendor:/opt/ros/jazzy/opt/gz_cmake_vendor:/opt/ros/jazzy LD_LIBRARY_PATH=/home/ubuntu/dev_ws/install/space_interfaces/lib:${LD_LIBRARY_PATH} PYTHONPATH=/home/ubuntu/dev_ws/install/space_interfaces/lib/python3.12/site-packages:${PYTHONPATH} /usr/bin/cmake /home/ubuntu/dev_ws/src/frame_listener -DAMENT_CMAKE_SYMLINK_INSTALL=1 -DCMAKE_INSTALL_PREFIX=/home/ubuntu/dev_ws/install/frame_listener
[9.101s] DEBUG:colcon.colcon_core.event_handler.log_command:Invoking command in '/home/ubuntu/dev_ws/build/frame_broadcaster': AMENT_PREFIX_PATH=/home/ubuntu/dev_ws/install/space_interfaces:${AMENT_PREFIX_PATH} CMAKE_PREFIX_PATH=/home/ubuntu/dev_ws/install/space_interfaces:/opt/ros/jazzy/opt/gz_math_vendor:/opt/ros/jazzy/opt/gz_utils_vendor:/opt/ros/jazzy/opt/gz_cmake_vendor:/opt/ros/jazzy LD_LIBRARY_PATH=/home/ubuntu/dev_ws/install/space_interfaces/lib:${LD_LIBRARY_PATH} PYTHONPATH=/home/ubuntu/dev_ws/install/space_interfaces/lib/python3.12/site-packages:${PYTHONPATH} /usr/bin/cmake /home/ubuntu/dev_ws/src/frame_broadcaster -DAMENT_CMAKE_SYMLINK_INSTALL=1 -DCMAKE_INSTALL_PREFIX=/home/ubuntu/dev_ws/install/frame_broadcaster
[12.527s] DEBUG:colcon.colcon_core.event_handler.log_command:Invoked command in '/home/ubuntu/dev_ws/build/frame_broadcaster' returned '0': AMENT_PREFIX_PATH=/home/ubuntu/dev_ws/install/space_interfaces:${AMENT_PREFIX_PATH} CMAKE_PREFIX_PATH=/home/ubuntu/dev_ws/install/space_interfaces:/opt/ros/jazzy/opt/gz_math_vendor:/opt/ros/jazzy/opt/gz_utils_vendor:/opt/ros/jazzy/opt/gz_cmake_vendor:/opt/ros/jazzy LD_LIBRARY_PATH=/home/ubuntu/dev_ws/install/space_interfaces/lib:${LD_LIBRARY_PATH} PYTHONPATH=/home/ubuntu/dev_ws/install/space_interfaces/lib/python3.12/site-packages:${PYTHONPATH} /usr/bin/cmake /home/ubuntu/dev_ws/src/frame_broadcaster -DAMENT_CMAKE_SYMLINK_INSTALL=1 -DCMAKE_INSTALL_PREFIX=/home/ubuntu/dev_ws/install/frame_broadcaster
[12.527s] DEBUG:colcon.colcon_core.event_handler.log_command:Invoking command in '/home/ubuntu/dev_ws/build/frame_broadcaster': AMENT_PREFIX_PATH=/home/ubuntu/dev_ws/install/space_interfaces:${AMENT_PREFIX_PATH} CMAKE_PREFIX_PATH=/home/ubuntu/dev_ws/install/space_interfaces:/opt/ros/jazzy/opt/gz_math_vendor:/opt/ros/jazzy/opt/gz_utils_vendor:/opt/ros/jazzy/opt/gz_cmake_vendor:/opt/ros/jazzy LD_LIBRARY_PATH=/home/ubuntu/dev_ws/install/space_interfaces/lib:${LD_LIBRARY_PATH} PYTHONPATH=/home/ubuntu/dev_ws/install/space_interfaces/lib/python3.12/site-packages:${PYTHONPATH} /usr/bin/cmake --build /home/ubuntu/dev_ws/build/frame_broadcaster -- -j16 -l16
[12.529s] DEBUG:colcon.colcon_core.event_handler.log_command:Invoked command in '/home/ubuntu/dev_ws/build/frame_listener' returned '0': AMENT_PREFIX_PATH=/home/ubuntu/dev_ws/install/space_interfaces:${AMENT_PREFIX_PATH} CMAKE_PREFIX_PATH=/home/ubuntu/dev_ws/install/space_interfaces:/opt/ros/jazzy/opt/gz_math_vendor:/opt/ros/jazzy/opt/gz_utils_vendor:/opt/ros/jazzy/opt/gz_cmake_vendor:/opt/ros/jazzy LD_LIBRARY_PATH=/home/ubuntu/dev_ws/install/space_interfaces/lib:${LD_LIBRARY_PATH} PYTHONPATH=/home/ubuntu/dev_ws/install/space_interfaces/lib/python3.12/site-packages:${PYTHONPATH} /usr/bin/cmake /home/ubuntu/dev_ws/src/frame_listener -DAMENT_CMAKE_SYMLINK_INSTALL=1 -DCMAKE_INSTALL_PREFIX=/home/ubuntu/dev_ws/install/frame_listener
[12.529s] DEBUG:colcon.colcon_core.event_handler.log_command:Invoking command in '/home/ubuntu/dev_ws/build/frame_listener': AMENT_PREFIX_PATH=/home/ubuntu/dev_ws/install/space_interfaces:${AMENT_PREFIX_PATH} CMAKE_PREFIX_PATH=/home/ubuntu/dev_ws/install/space_interfaces:/opt/ros/jazzy/opt/gz_math_vendor:/opt/ros/jazzy/opt/gz_utils_vendor:/opt/ros/jazzy/opt/gz_cmake_vendor:/opt/ros/jazzy LD_LIBRARY_PATH=/home/ubuntu/dev_ws/install/space_interfaces/lib:${LD_LIBRARY_PATH} PYTHONPATH=/home/ubuntu/dev_ws/install/space_interfaces/lib/python3.12/site-packages:${PYTHONPATH} /usr/bin/cmake --build /home/ubuntu/dev_ws/build/frame_listener -- -j16 -l16
[21.436s] DEBUG:colcon.colcon_core.event_handler.log_command:Invoked command in '/home/ubuntu/dev_ws/build/frame_broadcaster' returned '0': AMENT_PREFIX_PATH=/home/ubuntu/dev_ws/install/space_interfaces:${AMENT_PREFIX_PATH} CMAKE_PREFIX_PATH=/home/ubuntu/dev_ws/install/space_interfaces:/opt/ros/jazzy/opt/gz_math_vendor:/opt/ros/jazzy/opt/gz_utils_vendor:/opt/ros/jazzy/opt/gz_cmake_vendor:/opt/ros/jazzy LD_LIBRARY_PATH=/home/ubuntu/dev_ws/install/space_interfaces/lib:${LD_LIBRARY_PATH} PYTHONPATH=/home/ubuntu/dev_ws/install/space_interfaces/lib/python3.12/site-packages:${PYTHONPATH} /usr/bin/cmake --build /home/ubuntu/dev_ws/build/frame_broadcaster -- -j16 -l16
[21.453s] DEBUG:colcon.colcon_core.event_handler.log_command:Invoking command in '/home/ubuntu/dev_ws/build/frame_broadcaster': AMENT_PREFIX_PATH=/home/ubuntu/dev_ws/install/space_interfaces:${AMENT_PREFIX_PATH} CMAKE_PREFIX_PATH=/home/ubuntu/dev_ws/install/space_interfaces:/opt/ros/jazzy/opt/gz_math_vendor:/opt/ros/jazzy/opt/gz_utils_vendor:/opt/ros/jazzy/opt/gz_cmake_vendor:/opt/ros/jazzy LD_LIBRARY_PATH=/home/ubuntu/dev_ws/install/space_interfaces/lib:${LD_LIBRARY_PATH} PYTHONPATH=/home/ubuntu/dev_ws/install/space_interfaces/lib/python3.12/site-packages:${PYTHONPATH} /usr/bin/cmake --install /home/ubuntu/dev_ws/build/frame_broadcaster
[21.569s] Level 1:colcon.colcon_core.environment:create_environment_scripts_only(frame_broadcaster)
[21.569s] Level 1:colcon.colcon_core.environment:checking '/home/ubuntu/dev_ws/install/frame_broadcaster' for CMake module files
[21.569s] DEBUG:colcon.colcon_core.event_handler.log_command:Invoked command in '/home/ubuntu/dev_ws/build/frame_broadcaster' returned '0': AMENT_PREFIX_PATH=/home/ubuntu/dev_ws/install/space_interfaces:${AMENT_PREFIX_PATH} CMAKE_PREFIX_PATH=/home/ubuntu/dev_ws/install/space_interfaces:/opt/ros/jazzy/opt/gz_math_vendor:/opt/ros/jazzy/opt/gz_utils_vendor:/opt/ros/jazzy/opt/gz_cmake_vendor:/opt/ros/jazzy LD_LIBRARY_PATH=/home/ubuntu/dev_ws/install/space_interfaces/lib:${LD_LIBRARY_PATH} PYTHONPATH=/home/ubuntu/dev_ws/install/space_interfaces/lib/python3.12/site-packages:${PYTHONPATH} /usr/bin/cmake --install /home/ubuntu/dev_ws/build/frame_broadcaster
[21.570s] Level 1:colcon.colcon_core.environment:checking '/home/ubuntu/dev_ws/install/frame_broadcaster' for CMake config files
[21.570s] Level 1:colcon.colcon_core.shell:create_environment_hook('frame_broadcaster', 'cmake_prefix_path')
[21.571s] INFO:colcon.colcon_core.shell:Creating environment hook '/home/ubuntu/dev_ws/install/frame_broadcaster/share/frame_broadcaster/hook/cmake_prefix_path.ps1'
[21.572s] INFO:colcon.colcon_core.shell:Creating environment descriptor '/home/ubuntu/dev_ws/install/frame_broadcaster/share/frame_broadcaster/hook/cmake_prefix_path.dsv'
[21.572s] INFO:colcon.colcon_core.shell:Creating environment hook '/home/ubuntu/dev_ws/install/frame_broadcaster/share/frame_broadcaster/hook/cmake_prefix_path.sh'
[21.572s] Level 1:colcon.colcon_core.environment:checking '/home/ubuntu/dev_ws/install/frame_broadcaster/lib'
[21.572s] Level 1:colcon.colcon_core.environment:checking '/home/ubuntu/dev_ws/install/frame_broadcaster/bin'
[21.572s] Level 1:colcon.colcon_core.environment:checking '/home/ubuntu/dev_ws/install/frame_broadcaster/lib/pkgconfig/frame_broadcaster.pc'
[21.573s] Level 1:colcon.colcon_core.environment:checking '/home/ubuntu/dev_ws/install/frame_broadcaster/lib/python3.12/site-packages'
[21.573s] Level 1:colcon.colcon_core.environment:checking '/home/ubuntu/dev_ws/install/frame_broadcaster/bin'
[21.573s] INFO:colcon.colcon_core.shell:Creating package script '/home/ubuntu/dev_ws/install/frame_broadcaster/share/frame_broadcaster/package.ps1'
[21.573s] INFO:colcon.colcon_core.shell:Creating package descriptor '/home/ubuntu/dev_ws/install/frame_broadcaster/share/frame_broadcaster/package.dsv'
[21.574s] INFO:colcon.colcon_core.shell:Creating package script '/home/ubuntu/dev_ws/install/frame_broadcaster/share/frame_broadcaster/package.sh'
[21.574s] INFO:colcon.colcon_core.shell:Creating package script '/home/ubuntu/dev_ws/install/frame_broadcaster/share/frame_broadcaster/package.bash'
[21.574s] INFO:colcon.colcon_core.shell:Creating package script '/home/ubuntu/dev_ws/install/frame_broadcaster/share/frame_broadcaster/package.zsh'
[21.574s] Level 1:colcon.colcon_core.environment:create_file_with_runtime_dependencies(/home/ubuntu/dev_ws/install/frame_broadcaster/share/colcon-core/packages/frame_broadcaster)
[21.591s] Level 1:colcon.colcon_core.environment:create_environment_scripts_only(frame_broadcaster)
[21.592s] Level 1:colcon.colcon_core.environment:checking '/home/ubuntu/dev_ws/install/frame_broadcaster' for CMake module files
[21.592s] Level 1:colcon.colcon_core.environment:checking '/home/ubuntu/dev_ws/install/frame_broadcaster' for CMake config files
[21.592s] Level 1:colcon.colcon_core.shell:create_environment_hook('frame_broadcaster', 'cmake_prefix_path')
[21.592s] INFO:colcon.colcon_core.shell:Creating environment hook '/home/ubuntu/dev_ws/install/frame_broadcaster/share/frame_broadcaster/hook/cmake_prefix_path.ps1'
[21.593s] INFO:colcon.colcon_core.shell:Creating environment descriptor '/home/ubuntu/dev_ws/install/frame_broadcaster/share/frame_broadcaster/hook/cmake_prefix_path.dsv'
[21.593s] INFO:colcon.colcon_core.shell:Creating environment hook '/home/ubuntu/dev_ws/install/frame_broadcaster/share/frame_broadcaster/hook/cmake_prefix_path.sh'
[21.594s] Level 1:colcon.colcon_core.environment:checking '/home/ubuntu/dev_ws/install/frame_broadcaster/lib'
[21.594s] Level 1:colcon.colcon_core.environment:checking '/home/ubuntu/dev_ws/install/frame_broadcaster/bin'
[21.594s] Level 1:colcon.colcon_core.environment:checking '/home/ubuntu/dev_ws/install/frame_broadcaster/lib/pkgconfig/frame_broadcaster.pc'
[21.594s] Level 1:colcon.colcon_core.environment:checking '/home/ubuntu/dev_ws/install/frame_broadcaster/lib/python3.12/site-packages'
[21.594s] Level 1:colcon.colcon_core.environment:checking '/home/ubuntu/dev_ws/install/frame_broadcaster/bin'
[21.594s] INFO:colcon.colcon_core.shell:Creating package script '/home/ubuntu/dev_ws/install/frame_broadcaster/share/frame_broadcaster/package.ps1'
[21.595s] INFO:colcon.colcon_core.shell:Creating package descriptor '/home/ubuntu/dev_ws/install/frame_broadcaster/share/frame_broadcaster/package.dsv'
[21.595s] INFO:colcon.colcon_core.shell:Creating package script '/home/ubuntu/dev_ws/install/frame_broadcaster/share/frame_broadcaster/package.sh'
[21.595s] INFO:colcon.colcon_core.shell:Creating package script '/home/ubuntu/dev_ws/install/frame_broadcaster/share/frame_broadcaster/package.bash'
[21.596s] INFO:colcon.colcon_core.shell:Creating package script '/home/ubuntu/dev_ws/install/frame_broadcaster/share/frame_broadcaster/package.zsh'
[21.596s] Level 1:colcon.colcon_core.environment:create_file_with_runtime_dependencies(/home/ubuntu/dev_ws/install/frame_broadcaster/share/colcon-core/packages/frame_broadcaster)
[21.778s] DEBUG:colcon.colcon_core.event_handler.log_command:Invoked command in '/home/ubuntu/dev_ws/build/frame_listener' returned '0': AMENT_PREFIX_PATH=/home/ubuntu/dev_ws/install/space_interfaces:${AMENT_PREFIX_PATH} CMAKE_PREFIX_PATH=/home/ubuntu/dev_ws/install/space_interfaces:/opt/ros/jazzy/opt/gz_math_vendor:/opt/ros/jazzy/opt/gz_utils_vendor:/opt/ros/jazzy/opt/gz_cmake_vendor:/opt/ros/jazzy LD_LIBRARY_PATH=/home/ubuntu/dev_ws/install/space_interfaces/lib:${LD_LIBRARY_PATH} PYTHONPATH=/home/ubuntu/dev_ws/install/space_interfaces/lib/python3.12/site-packages:${PYTHONPATH} /usr/bin/cmake --build /home/ubuntu/dev_ws/build/frame_listener -- -j16 -l16
[21.793s] DEBUG:colcon.colcon_core.event_handler.log_command:Invoking command in '/home/ubuntu/dev_ws/build/frame_listener': AMENT_PREFIX_PATH=/home/ubuntu/dev_ws/install/space_interfaces:${AMENT_PREFIX_PATH} CMAKE_PREFIX_PATH=/home/ubuntu/dev_ws/install/space_interfaces:/opt/ros/jazzy/opt/gz_math_vendor:/opt/ros/jazzy/opt/gz_utils_vendor:/opt/ros/jazzy/opt/gz_cmake_vendor:/opt/ros/jazzy LD_LIBRARY_PATH=/home/ubuntu/dev_ws/install/space_interfaces/lib:${LD_LIBRARY_PATH} PYTHONPATH=/home/ubuntu/dev_ws/install/space_interfaces/lib/python3.12/site-packages:${PYTHONPATH} /usr/bin/cmake --install /home/ubuntu/dev_ws/build/frame_listener
[21.883s] Level 1:colcon.colcon_core.environment:create_environment_scripts_only(frame_listener)
[21.883s] Level 1:colcon.colcon_core.environment:checking '/home/ubuntu/dev_ws/install/frame_listener' for CMake module files
[21.884s] DEBUG:colcon.colcon_core.event_handler.log_command:Invoked command in '/home/ubuntu/dev_ws/build/frame_listener' returned '0': AMENT_PREFIX_PATH=/home/ubuntu/dev_ws/install/space_interfaces:${AMENT_PREFIX_PATH} CMAKE_PREFIX_PATH=/home/ubuntu/dev_ws/install/space_interfaces:/opt/ros/jazzy/opt/gz_math_vendor:/opt/ros/jazzy/opt/gz_utils_vendor:/opt/ros/jazzy/opt/gz_cmake_vendor:/opt/ros/jazzy LD_LIBRARY_PATH=/home/ubuntu/dev_ws/install/space_interfaces/lib:${LD_LIBRARY_PATH} PYTHONPATH=/home/ubuntu/dev_ws/install/space_interfaces/lib/python3.12/site-packages:${PYTHONPATH} /usr/bin/cmake --install /home/ubuntu/dev_ws/build/frame_listener
[21.884s] Level 1:colcon.colcon_core.environment:checking '/home/ubuntu/dev_ws/install/frame_listener' for CMake config files
[21.884s] Level 1:colcon.colcon_core.shell:create_environment_hook('frame_listener', 'cmake_prefix_path')
[21.884s] INFO:colcon.colcon_core.shell:Creating environment hook '/home/ubuntu/dev_ws/install/frame_listener/share/frame_listener/hook/cmake_prefix_path.ps1'
[21.885s] INFO:colcon.colcon_core.shell:Creating environment descriptor '/home/ubuntu/dev_ws/install/frame_listener/share/frame_listener/hook/cmake_prefix_path.dsv'
[21.885s] INFO:colcon.colcon_core.shell:Creating environment hook '/home/ubuntu/dev_ws/install/frame_listener/share/frame_listener/hook/cmake_prefix_path.sh'
[21.885s] Level 1:colcon.colcon_core.environment:checking '/home/ubuntu/dev_ws/install/frame_listener/lib'
[21.885s] Level 1:colcon.colcon_core.environment:checking '/home/ubuntu/dev_ws/install/frame_listener/bin'
[21.885s] Level 1:colcon.colcon_core.environment:checking '/home/ubuntu/dev_ws/install/frame_listener/lib/pkgconfig/frame_listener.pc'
[21.885s] Level 1:colcon.colcon_core.environment:checking '/home/ubuntu/dev_ws/install/frame_listener/lib/python3.12/site-packages'
[21.886s] Level 1:colcon.colcon_core.environment:checking '/home/ubuntu/dev_ws/install/frame_listener/bin'
[21.886s] INFO:colcon.colcon_core.shell:Creating package script '/home/ubuntu/dev_ws/install/frame_listener/share/frame_listener/package.ps1'
[21.886s] INFO:colcon.colcon_core.shell:Creating package descriptor '/home/ubuntu/dev_ws/install/frame_listener/share/frame_listener/package.dsv'
[21.886s] INFO:colcon.colcon_core.shell:Creating package script '/home/ubuntu/dev_ws/install/frame_listener/share/frame_listener/package.sh'
[21.887s] INFO:colcon.colcon_core.shell:Creating package script '/home/ubuntu/dev_ws/install/frame_listener/share/frame_listener/package.bash'
[21.887s] INFO:colcon.colcon_core.shell:Creating package script '/home/ubuntu/dev_ws/install/frame_listener/share/frame_listener/package.zsh'
[21.887s] Level 1:colcon.colcon_core.environment:create_file_with_runtime_dependencies(/home/ubuntu/dev_ws/install/frame_listener/share/colcon-core/packages/frame_listener)
[21.904s] Level 1:colcon.colcon_core.environment:create_environment_scripts_only(frame_listener)
[21.904s] Level 1:colcon.colcon_core.environment:checking '/home/ubuntu/dev_ws/install/frame_listener' for CMake module files
[21.904s] Level 1:colcon.colcon_core.environment:checking '/home/ubuntu/dev_ws/install/frame_listener' for CMake config files
[21.904s] Level 1:colcon.colcon_core.shell:create_environment_hook('frame_listener', 'cmake_prefix_path')
[21.905s] INFO:colcon.colcon_core.shell:Creating environment hook '/home/ubuntu/dev_ws/install/frame_listener/share/frame_listener/hook/cmake_prefix_path.ps1'
[21.905s] INFO:colcon.colcon_core.shell:Creating environment descriptor '/home/ubuntu/dev_ws/install/frame_listener/share/frame_listener/hook/cmake_prefix_path.dsv'
[21.905s] INFO:colcon.colcon_core.shell:Creating environment hook '/home/ubuntu/dev_ws/install/frame_listener/share/frame_listener/hook/cmake_prefix_path.sh'
[21.906s] Level 1:colcon.colcon_core.environment:checking '/home/ubuntu/dev_ws/install/frame_listener/lib'
[21.906s] Level 1:colcon.colcon_core.environment:checking '/home/ubuntu/dev_ws/install/frame_listener/bin'
[21.906s] Level 1:colcon.colcon_core.environment:checking '/home/ubuntu/dev_ws/install/frame_listener/lib/pkgconfig/frame_listener.pc'
[21.906s] Level 1:colcon.colcon_core.environment:checking '/home/ubuntu/dev_ws/install/frame_listener/lib/python3.12/site-packages'
[21.906s] Level 1:colcon.colcon_core.environment:checking '/home/ubuntu/dev_ws/install/frame_listener/bin'
[21.906s] INFO:colcon.colcon_core.shell:Creating package script '/home/ubuntu/dev_ws/install/frame_listener/share/frame_listener/package.ps1'
[21.907s] INFO:colcon.colcon_core.shell:Creating package descriptor '/home/ubuntu/dev_ws/install/frame_listener/share/frame_listener/package.dsv'
[21.907s] INFO:colcon.colcon_core.shell:Creating package script '/home/ubuntu/dev_ws/install/frame_listener/share/frame_listener/package.sh'
[21.907s] INFO:colcon.colcon_core.shell:Creating package script '/home/ubuntu/dev_ws/install/frame_listener/share/frame_listener/package.bash'
[21.908s] INFO:colcon.colcon_core.shell:Creating package script '/home/ubuntu/dev_ws/install/frame_listener/share/frame_listener/package.zsh'
[21.908s] Level 1:colcon.colcon_core.environment:create_file_with_runtime_dependencies(/home/ubuntu/dev_ws/install/frame_listener/share/colcon-core/packages/frame_listener)
[21.909s] DEBUG:colcon.colcon_parallel_executor.executor.parallel:closing loop
[21.909s] DEBUG:colcon.colcon_parallel_executor.executor.parallel:loop closed
[21.909s] DEBUG:colcon.colcon_parallel_executor.executor.parallel:run_until_complete finished with '0'
[21.909s] DEBUG:colcon.colcon_core.event_reactor:joining thread
[21.955s] INFO:colcon.colcon_core.plugin_system:Skipping extension 'colcon_notification.desktop_notification.notify_send': Could not find 'notify-send'
[21.955s] INFO:colcon.colcon_core.plugin_system:Skipping extension 'colcon_notification.desktop_notification.terminal_notifier': Not used on non-Darwin systems
[21.955s] INFO:colcon.colcon_core.plugin_system:Skipping extension 'colcon_notification.desktop_notification.win32': Not used on non-Windows systems
[21.955s] INFO:colcon.colcon_notification.desktop_notification:Sending desktop notification using 'notify2'
[21.966s] DEBUG:colcon.colcon_notification.desktop_notification.notify2:Failed to initialize notify2: org.freedesktop.DBus.Error.ServiceUnknown: The name org.freedesktop.Notifications was not provided by any .service files
[21.967s] DEBUG:colcon.colcon_core.event_reactor:joined thread
[21.967s] INFO:colcon.colcon_core.shell:Creating prefix script '/home/ubuntu/dev_ws/install/local_setup.ps1'
[21.968s] INFO:colcon.colcon_core.shell:Creating prefix util module '/home/ubuntu/dev_ws/install/_local_setup_util_ps1.py'
[21.969s] INFO:colcon.colcon_core.shell:Creating prefix chain script '/home/ubuntu/dev_ws/install/setup.ps1'
[21.970s] INFO:colcon.colcon_core.shell:Creating prefix script '/home/ubuntu/dev_ws/install/local_setup.sh'
[21.971s] INFO:colcon.colcon_core.shell:Creating prefix util module '/home/ubuntu/dev_ws/install/_local_setup_util_sh.py'
[21.972s] INFO:colcon.colcon_core.shell:Creating prefix chain script '/home/ubuntu/dev_ws/install/setup.sh'
[21.973s] INFO:colcon.colcon_core.shell:Creating prefix script '/home/ubuntu/dev_ws/install/local_setup.bash'
[21.973s] INFO:colcon.colcon_core.shell:Creating prefix chain script '/home/ubuntu/dev_ws/install/setup.bash'
[21.974s] INFO:colcon.colcon_core.shell:Creating prefix script '/home/ubuntu/dev_ws/install/local_setup.zsh'
[21.975s] INFO:colcon.colcon_core.shell:Creating prefix chain script '/home/ubuntu/dev_ws/install/setup.zsh'
