[0.023s] Invoking command in '/home/ubuntu/quadro_ws/build/space_interfaces': CMAKE_PREFIX_PATH=${CMAKE_PREFIX_PATH}:/opt/ros/jazzy /usr/bin/cmake /home/ubuntu/quadro_ws/src/space_interfaces -DAMENT_CMAKE_SYMLINK_INSTALL=1 -DCMAKE_INSTALL_PREFIX=/home/ubuntu/quadro_ws/install/space_interfaces
[0.213s] -- The C compiler identification is GNU 13.2.0
[1.427s] -- The CXX compiler identification is GNU 13.2.0
[2.588s] -- Detecting C compiler ABI info
[3.010s] -- Detecting C compiler ABI info - done
[3.021s] -- Check for working C compiler: /usr/bin/cc - skipped
[3.022s] -- Detecting C compile features
[3.022s] -- Detecting C compile features - done
[3.240s] -- Detecting CXX compiler ABI info
[3.687s] -- Detecting CXX compiler ABI info - done
[3.701s] -- Check for working CXX compiler: /usr/bin/c++ - skipped
[3.701s] -- Detecting CXX compile features
[3.702s] -- Detecting CXX compile features - done
[3.706s] -- Found ament_cmake: 2.5.2 (/opt/ros/jazzy/share/ament_cmake/cmake)
[3.906s] -- Found Python3: /usr/bin/python3 (found version "3.12.3") found components: Interpreter 
[3.997s] -- Override CMake install command with custom implementation using symlinks instead of copying resources
[4.064s] -- Found rosidl_default_generators: 1.6.0 (/opt/ros/jazzy/share/rosidl_default_generators/cmake)
[4.075s] -- Using all available rosidl_typesupport_c: rosidl_typesupport_fastrtps_c;rosidl_typesupport_introspection_c
[4.500s] -- Using all available rosidl_typesupport_cpp: rosidl_typesupport_fastrtps_cpp;rosidl_typesupport_introspection_cpp
[4.577s] -- Found rosidl_adapter: 4.6.4 (/opt/ros/jazzy/share/rosidl_adapter/cmake)
[5.432s] -- Found ament_cmake_ros: 0.12.0 (/opt/ros/jazzy/share/ament_cmake_ros/cmake)
[5.938s] -- Using all available rosidl_typesupport_c: rosidl_typesupport_fastrtps_c;rosidl_typesupport_introspection_c
[6.633s] -- Using all available rosidl_typesupport_cpp: rosidl_typesupport_fastrtps_cpp;rosidl_typesupport_introspection_cpp
[6.637s] -- Found python_cmake_module: 0.11.1 (/opt/ros/jazzy/share/python_cmake_module/cmake)
[6.780s] -- Found PythonExtra: /usr/bin/python3  
[7.204s] -- Found Python3: /usr/bin/python3 (found version "3.12.3") found components: Interpreter Development NumPy Development.Module Development.Embed 
[7.238s] -- Found ament_lint_auto: 0.17.1 (/opt/ros/jazzy/share/ament_lint_auto/cmake)
[7.269s] -- Added test 'lint_cmake' to check CMake code style
[7.271s] -- Added test 'xmllint' to check XML markup files
[7.277s] -- Configuring done (7.2s)
[7.324s] -- Generating done (0.0s)
[7.327s] -- Build files have been written to: /home/ubuntu/quadro_ws/build/space_interfaces
[7.337s] Invoked command in '/home/ubuntu/quadro_ws/build/space_interfaces' returned '0': CMAKE_PREFIX_PATH=${CMAKE_PREFIX_PATH}:/opt/ros/jazzy /usr/bin/cmake /home/ubuntu/quadro_ws/src/space_interfaces -DAMENT_CMAKE_SYMLINK_INSTALL=1 -DCMAKE_INSTALL_PREFIX=/home/ubuntu/quadro_ws/install/space_interfaces
[7.337s] Invoking command in '/home/ubuntu/quadro_ws/build/space_interfaces': CMAKE_PREFIX_PATH=${CMAKE_PREFIX_PATH}:/opt/ros/jazzy /usr/bin/cmake --build /home/ubuntu/quadro_ws/build/space_interfaces -- -j16 -l16
[7.393s] [  2%] [34m[1mGenerating type hashes for ROS interfaces[0m
[7.408s] [  2%] Built target ament_cmake_python_symlink_space_interfaces
[7.706s] [  2%] Built target space_interfaces__rosidl_generator_type_description
[7.716s] [  5%] [34m[1mGenerating C code for ROS interfaces[0m
[7.728s] [  8%] [34m[1mGenerating C++ code for ROS interfaces[0m
[7.784s] running egg_info
[7.785s] creating space_interfaces.egg-info
[7.818s] writing space_interfaces.egg-info/PKG-INFO
[7.818s] writing dependency_links to space_interfaces.egg-info/dependency_links.txt
[7.819s] writing top-level names to space_interfaces.egg-info/top_level.txt
[7.819s] writing manifest file 'space_interfaces.egg-info/SOURCES.txt'
[7.905s] reading manifest file 'space_interfaces.egg-info/SOURCES.txt'
[7.905s] writing manifest file 'space_interfaces.egg-info/SOURCES.txt'
[7.940s] [  8%] Built target ament_cmake_python_build_space_interfaces_egg
[8.066s] [ 17%] [32mBuilding C object CMakeFiles/space_interfaces__rosidl_generator_c.dir/rosidl_generator_c/space_interfaces/msg/detail/position__functions.c.o[0m
[8.066s] [ 17%] [32mBuilding C object CMakeFiles/space_interfaces__rosidl_generator_c.dir/rosidl_generator_c/space_interfaces/msg/detail/position__description.c.o[0m
[8.066s] [ 17%] [32mBuilding C object CMakeFiles/space_interfaces__rosidl_generator_c.dir/rosidl_generator_c/space_interfaces/msg/detail/position__type_support.c.o[0m
[8.107s] [ 17%] Built target space_interfaces__cpp
[8.122s] [ 20%] [32m[1mLinking C shared library libspace_interfaces__rosidl_generator_c.so[0m
[8.294s] [ 20%] Built target space_interfaces__rosidl_generator_c
[8.305s] [ 23%] [34m[1mGenerating C++ type support for eProsima Fast-RTPS[0m
[8.305s] [ 26%] [34m[1mGenerating C++ type support dispatch for ROS interfaces[0m
[8.305s] [ 29%] [34m[1mGenerating C introspection for ROS interfaces[0m
[8.305s] [ 32%] [34m[1mGenerating C type support dispatch for ROS interfaces[0m
[8.306s] [ 35%] [34m[1mGenerating C++ introspection for ROS interfaces[0m
[8.307s] [ 38%] [34m[1mGenerating C type support for eProsima Fast-RTPS[0m
[8.677s] [ 41%] [32mBuilding CXX object CMakeFiles/space_interfaces__rosidl_typesupport_cpp.dir/rosidl_typesupport_cpp/space_interfaces/msg/position__type_support.cpp.o[0m
[8.741s] [ 44%] [32mBuilding CXX object CMakeFiles/space_interfaces__rosidl_typesupport_c.dir/rosidl_typesupport_c/space_interfaces/msg/position__type_support.cpp.o[0m
[8.787s] [ 47%] [32mBuilding C object CMakeFiles/space_interfaces__rosidl_typesupport_introspection_c.dir/rosidl_typesupport_introspection_c/space_interfaces/msg/detail/position__type_support.c.o[0m
[8.801s] [ 50%] [32mBuilding CXX object CMakeFiles/space_interfaces__rosidl_typesupport_fastrtps_cpp.dir/rosidl_typesupport_fastrtps_cpp/space_interfaces/msg/detail/dds_fastrtps/position__type_support.cpp.o[0m
[8.807s] [ 52%] [32mBuilding CXX object CMakeFiles/space_interfaces__rosidl_typesupport_fastrtps_c.dir/rosidl_typesupport_fastrtps_c/space_interfaces/msg/detail/position__type_support_c.cpp.o[0m
[8.808s] [ 55%] [32m[1mLinking CXX shared library libspace_interfaces__rosidl_typesupport_c.so[0m
[8.827s] [ 58%] [32mBuilding CXX object CMakeFiles/space_interfaces__rosidl_typesupport_introspection_cpp.dir/rosidl_typesupport_introspection_cpp/space_interfaces/msg/detail/position__type_support.cpp.o[0m
[8.842s] [ 61%] [32m[1mLinking C shared library libspace_interfaces__rosidl_typesupport_introspection_c.so[0m
[9.052s] [ 61%] Built target space_interfaces__rosidl_typesupport_c
[9.063s] [ 61%] Built target space_interfaces__rosidl_typesupport_introspection_c
[9.248s] [ 64%] [32m[1mLinking CXX shared library libspace_interfaces__rosidl_typesupport_cpp.so[0m
[9.333s] [ 67%] [32m[1mLinking CXX shared library libspace_interfaces__rosidl_typesupport_introspection_cpp.so[0m
[9.488s] [ 67%] Built target space_interfaces__rosidl_typesupport_cpp
[9.599s] [ 67%] Built target space_interfaces__rosidl_typesupport_introspection_cpp
[9.641s] [ 70%] [32m[1mLinking CXX shared library libspace_interfaces__rosidl_typesupport_fastrtps_cpp.so[0m
[9.649s] [ 73%] [32m[1mLinking CXX shared library libspace_interfaces__rosidl_typesupport_fastrtps_c.so[0m
[9.835s] [ 73%] Built target space_interfaces__rosidl_typesupport_fastrtps_cpp
[9.835s] [ 73%] Built target space_interfaces__rosidl_typesupport_fastrtps_c
[9.853s] [ 73%] Built target space_interfaces
[9.869s] [ 76%] [34m[1mGenerating Python code for ROS interfaces[0m
[10.269s] [ 76%] Built target space_interfaces__py
[10.290s] [ 79%] [32mBuilding C object CMakeFiles/space_interfaces__rosidl_generator_py.dir/rosidl_generator_py/space_interfaces/msg/_position_s.c.o[0m
[10.444s] [ 82%] [32m[1mLinking C shared library libspace_interfaces__rosidl_generator_py.so[0m
[10.713s] [ 82%] Built target space_interfaces__rosidl_generator_py
[10.737s] [ 91%] [32mBuilding C object CMakeFiles/space_interfaces_s__rosidl_typesupport_fastrtps_c.dir/rosidl_generator_py/space_interfaces/_space_interfaces_s.ep.rosidl_typesupport_fastrtps_c.c.o[0m
[10.737s] [ 91%] [32mBuilding C object CMakeFiles/space_interfaces_s__rosidl_typesupport_introspection_c.dir/rosidl_generator_py/space_interfaces/_space_interfaces_s.ep.rosidl_typesupport_introspection_c.c.o[0m
[10.737s] [ 91%] [32mBuilding C object CMakeFiles/space_interfaces_s__rosidl_typesupport_c.dir/rosidl_generator_py/space_interfaces/_space_interfaces_s.ep.rosidl_typesupport_c.c.o[0m
[10.865s] [ 94%] [32m[1mLinking C shared module rosidl_generator_py/space_interfaces/space_interfaces_s__rosidl_typesupport_c.so[0m
[10.866s] [ 97%] [32m[1mLinking C shared module rosidl_generator_py/space_interfaces/space_interfaces_s__rosidl_typesupport_introspection_c.so[0m
[10.868s] [100%] [32m[1mLinking C shared module rosidl_generator_py/space_interfaces/space_interfaces_s__rosidl_typesupport_fastrtps_c.so[0m
[11.035s] [100%] Built target space_interfaces_s__rosidl_typesupport_c
[11.038s] [100%] Built target space_interfaces_s__rosidl_typesupport_fastrtps_c
[11.083s] [100%] Built target space_interfaces_s__rosidl_typesupport_introspection_c
[11.097s] Invoked command in '/home/ubuntu/quadro_ws/build/space_interfaces' returned '0': CMAKE_PREFIX_PATH=${CMAKE_PREFIX_PATH}:/opt/ros/jazzy /usr/bin/cmake --build /home/ubuntu/quadro_ws/build/space_interfaces -- -j16 -l16
[11.167s] Invoking command in '/home/ubuntu/quadro_ws/build/space_interfaces': CMAKE_PREFIX_PATH=${CMAKE_PREFIX_PATH}:/opt/ros/jazzy /usr/bin/cmake --install /home/ubuntu/quadro_ws/build/space_interfaces
[11.175s] -- Install configuration: ""
[11.175s] -- Execute custom install script
[11.177s] -- Symlinking: /home/ubuntu/quadro_ws/install/space_interfaces/share/ament_index/resource_index/rosidl_interfaces/space_interfaces
[11.188s] -- Symlinking: /home/ubuntu/quadro_ws/install/space_interfaces/share/space_interfaces/msg/Position.json
[11.200s] -- Symlinking: /home/ubuntu/quadro_ws/install/space_interfaces/include/space_interfaces/space_interfaces/msg/detail/position__functions.h
[11.209s] -- Symlinking: /home/ubuntu/quadro_ws/install/space_interfaces/include/space_interfaces/space_interfaces/msg/detail/position__struct.h
[11.219s] -- Symlinking: /home/ubuntu/quadro_ws/install/space_interfaces/include/space_interfaces/space_interfaces/msg/detail/position__type_support.h
[11.231s] -- Symlinking: /home/ubuntu/quadro_ws/install/space_interfaces/include/space_interfaces/space_interfaces/msg/position.h
[11.242s] -- Symlinking: /home/ubuntu/quadro_ws/install/space_interfaces/include/space_interfaces/space_interfaces/msg/rosidl_generator_c__visibility_control.h
[11.254s] -- Symlinking: /home/ubuntu/quadro_ws/install/space_interfaces/share/space_interfaces/environment/library_path.sh
[11.264s] -- Symlinking: /home/ubuntu/quadro_ws/install/space_interfaces/share/space_interfaces/environment/library_path.dsv
[11.274s] -- Symlinking: /home/ubuntu/quadro_ws/install/space_interfaces/include/space_interfaces/space_interfaces/msg/detail/position__rosidl_typesupport_fastrtps_c.h
[11.284s] -- Symlinking: /home/ubuntu/quadro_ws/install/space_interfaces/include/space_interfaces/space_interfaces/msg/rosidl_typesupport_fastrtps_c__visibility_control.h
[11.296s] -- Symlinking: /home/ubuntu/quadro_ws/install/space_interfaces/include/space_interfaces/space_interfaces/msg/detail/position__rosidl_typesupport_introspection_c.h
[11.305s] -- Symlinking: /home/ubuntu/quadro_ws/install/space_interfaces/include/space_interfaces/space_interfaces/msg/rosidl_typesupport_introspection_c__visibility_control.h
[11.315s] -- Symlinking: /home/ubuntu/quadro_ws/install/space_interfaces/include/space_interfaces/space_interfaces/msg/detail/position__builder.hpp
[11.325s] -- Symlinking: /home/ubuntu/quadro_ws/install/space_interfaces/include/space_interfaces/space_interfaces/msg/detail/position__struct.hpp
[11.334s] -- Symlinking: /home/ubuntu/quadro_ws/install/space_interfaces/include/space_interfaces/space_interfaces/msg/detail/position__traits.hpp
[11.344s] -- Symlinking: /home/ubuntu/quadro_ws/install/space_interfaces/include/space_interfaces/space_interfaces/msg/detail/position__type_support.hpp
[11.353s] -- Symlinking: /home/ubuntu/quadro_ws/install/space_interfaces/include/space_interfaces/space_interfaces/msg/position.hpp
[11.362s] -- Symlinking: /home/ubuntu/quadro_ws/install/space_interfaces/include/space_interfaces/space_interfaces/msg/rosidl_generator_cpp__visibility_control.hpp
[11.370s] -- Symlinking: /home/ubuntu/quadro_ws/install/space_interfaces/include/space_interfaces/space_interfaces/msg/detail/position__rosidl_typesupport_fastrtps_cpp.hpp
[11.377s] -- Symlinking: /home/ubuntu/quadro_ws/install/space_interfaces/include/space_interfaces/space_interfaces/msg/rosidl_typesupport_fastrtps_cpp__visibility_control.h
[11.385s] -- Symlinking: /home/ubuntu/quadro_ws/install/space_interfaces/include/space_interfaces/space_interfaces/msg/detail/position__rosidl_typesupport_introspection_cpp.hpp
[11.393s] -- Symlinking: /home/ubuntu/quadro_ws/install/space_interfaces/share/space_interfaces/environment/pythonpath.sh
[11.400s] -- Symlinking: /home/ubuntu/quadro_ws/install/space_interfaces/share/space_interfaces/environment/pythonpath.dsv
[11.409s] -- Symlinking: /home/ubuntu/quadro_ws/install/space_interfaces/lib/python3.12/site-packages/space_interfaces-0.0.0-py3.12.egg-info/PKG-INFO
[11.418s] -- Symlinking: /home/ubuntu/quadro_ws/install/space_interfaces/lib/python3.12/site-packages/space_interfaces-0.0.0-py3.12.egg-info/SOURCES.txt
[11.426s] -- Symlinking: /home/ubuntu/quadro_ws/install/space_interfaces/lib/python3.12/site-packages/space_interfaces-0.0.0-py3.12.egg-info/dependency_links.txt
[11.433s] -- Symlinking: /home/ubuntu/quadro_ws/install/space_interfaces/lib/python3.12/site-packages/space_interfaces-0.0.0-py3.12.egg-info/top_level.txt
[11.443s] -- Symlinking: /home/ubuntu/quadro_ws/install/space_interfaces/lib/python3.12/site-packages/space_interfaces/__init__.py
[11.451s] -- Symlinking: /home/ubuntu/quadro_ws/install/space_interfaces/lib/python3.12/site-packages/space_interfaces/_space_interfaces_s.ep.rosidl_typesupport_c.c
[11.459s] -- Symlinking: /home/ubuntu/quadro_ws/install/space_interfaces/lib/python3.12/site-packages/space_interfaces/_space_interfaces_s.ep.rosidl_typesupport_fastrtps_c.c
[11.466s] -- Symlinking: /home/ubuntu/quadro_ws/install/space_interfaces/lib/python3.12/site-packages/space_interfaces/_space_interfaces_s.ep.rosidl_typesupport_introspection_c.c
[11.478s] -- Symlinking: /home/ubuntu/quadro_ws/install/space_interfaces/lib/python3.12/site-packages/space_interfaces/msg/__init__.py
[11.486s] -- Symlinking: /home/ubuntu/quadro_ws/install/space_interfaces/lib/python3.12/site-packages/space_interfaces/msg/_position.py
[11.494s] -- Symlinking: /home/ubuntu/quadro_ws/install/space_interfaces/lib/python3.12/site-packages/space_interfaces/msg/_position_s.c
[11.502s] -- Symlinking: /home/ubuntu/quadro_ws/install/space_interfaces/lib/python3.12/site-packages/space_interfaces/space_interfaces_s__rosidl_typesupport_c.so
[11.510s] -- Symlinking: /home/ubuntu/quadro_ws/install/space_interfaces/lib/python3.12/site-packages/space_interfaces/space_interfaces_s__rosidl_typesupport_fastrtps_c.so
[11.519s] -- Symlinking: /home/ubuntu/quadro_ws/install/space_interfaces/lib/python3.12/site-packages/space_interfaces/space_interfaces_s__rosidl_typesupport_introspection_c.so
[11.527s] -- Up-to-date symlink: /home/ubuntu/quadro_ws/install/space_interfaces/lib/python3.12/site-packages/space_interfaces/space_interfaces_s__rosidl_typesupport_fastrtps_c.so
[11.527s] -- Up-to-date symlink: /home/ubuntu/quadro_ws/install/space_interfaces/lib/python3.12/site-packages/space_interfaces/space_interfaces_s__rosidl_typesupport_introspection_c.so
[11.527s] -- Up-to-date symlink: /home/ubuntu/quadro_ws/install/space_interfaces/lib/python3.12/site-packages/space_interfaces/space_interfaces_s__rosidl_typesupport_c.so
[11.528s] -- Symlinking: /home/ubuntu/quadro_ws/install/space_interfaces/share/space_interfaces/msg/Position.idl
[11.535s] -- Symlinking: /home/ubuntu/quadro_ws/install/space_interfaces/share/space_interfaces/msg/Position.msg
[11.543s] -- Symlinking: /home/ubuntu/quadro_ws/install/space_interfaces/share/ament_index/resource_index/package_run_dependencies/space_interfaces
[11.551s] -- Symlinking: /home/ubuntu/quadro_ws/install/space_interfaces/share/ament_index/resource_index/parent_prefix_path/space_interfaces
[11.558s] -- Symlinking: /home/ubuntu/quadro_ws/install/space_interfaces/share/space_interfaces/environment/ament_prefix_path.sh
[11.566s] -- Symlinking: /home/ubuntu/quadro_ws/install/space_interfaces/share/space_interfaces/environment/ament_prefix_path.dsv
[11.574s] -- Symlinking: /home/ubuntu/quadro_ws/install/space_interfaces/share/space_interfaces/environment/path.sh
[11.581s] -- Symlinking: /home/ubuntu/quadro_ws/install/space_interfaces/share/space_interfaces/environment/path.dsv
[11.589s] -- Symlinking: /home/ubuntu/quadro_ws/install/space_interfaces/share/space_interfaces/local_setup.bash
[11.597s] -- Symlinking: /home/ubuntu/quadro_ws/install/space_interfaces/share/space_interfaces/local_setup.sh
[11.604s] -- Symlinking: /home/ubuntu/quadro_ws/install/space_interfaces/share/space_interfaces/local_setup.zsh
[11.612s] -- Symlinking: /home/ubuntu/quadro_ws/install/space_interfaces/share/space_interfaces/local_setup.dsv
[11.620s] -- Symlinking: /home/ubuntu/quadro_ws/install/space_interfaces/share/space_interfaces/package.dsv
[11.628s] -- Symlinking: /home/ubuntu/quadro_ws/install/space_interfaces/share/ament_index/resource_index/packages/space_interfaces
[11.636s] -- Symlinking: /home/ubuntu/quadro_ws/install/space_interfaces/share/space_interfaces/cmake/rosidl_cmake-extras.cmake
[11.643s] -- Symlinking: /home/ubuntu/quadro_ws/install/space_interfaces/share/space_interfaces/cmake/ament_cmake_export_include_directories-extras.cmake
[11.651s] -- Symlinking: /home/ubuntu/quadro_ws/install/space_interfaces/share/space_interfaces/cmake/ament_cmake_export_libraries-extras.cmake
[11.658s] -- Symlinking: /home/ubuntu/quadro_ws/install/space_interfaces/share/space_interfaces/cmake/ament_cmake_export_targets-extras.cmake
[11.666s] -- Symlinking: /home/ubuntu/quadro_ws/install/space_interfaces/share/space_interfaces/cmake/rosidl_cmake_export_typesupport_targets-extras.cmake
[11.674s] -- Symlinking: /home/ubuntu/quadro_ws/install/space_interfaces/share/space_interfaces/cmake/ament_cmake_export_dependencies-extras.cmake
[11.681s] -- Symlinking: /home/ubuntu/quadro_ws/install/space_interfaces/share/space_interfaces/cmake/rosidl_cmake_export_typesupport_libraries-extras.cmake
[11.690s] -- Symlinking: /home/ubuntu/quadro_ws/install/space_interfaces/share/space_interfaces/cmake/space_interfacesConfig.cmake
[11.698s] -- Symlinking: /home/ubuntu/quadro_ws/install/space_interfaces/share/space_interfaces/cmake/space_interfacesConfig-version.cmake
[11.706s] -- Symlinking: /home/ubuntu/quadro_ws/install/space_interfaces/share/space_interfaces/package.xml
[11.716s] -- Installing: /home/ubuntu/quadro_ws/install/space_interfaces/lib/libspace_interfaces__rosidl_generator_c.so
[11.716s] -- Set non-toolchain portion of runtime path of "/home/ubuntu/quadro_ws/install/space_interfaces/lib/libspace_interfaces__rosidl_generator_c.so" to ""
[11.716s] -- Installing: /home/ubuntu/quadro_ws/install/space_interfaces/lib/libspace_interfaces__rosidl_typesupport_fastrtps_c.so
[11.716s] -- Set non-toolchain portion of runtime path of "/home/ubuntu/quadro_ws/install/space_interfaces/lib/libspace_interfaces__rosidl_typesupport_fastrtps_c.so" to ""
[11.716s] -- Installing: /home/ubuntu/quadro_ws/install/space_interfaces/lib/libspace_interfaces__rosidl_typesupport_introspection_c.so
[11.717s] -- Set non-toolchain portion of runtime path of "/home/ubuntu/quadro_ws/install/space_interfaces/lib/libspace_interfaces__rosidl_typesupport_introspection_c.so" to ""
[11.717s] -- Installing: /home/ubuntu/quadro_ws/install/space_interfaces/lib/libspace_interfaces__rosidl_typesupport_c.so
[11.717s] -- Set non-toolchain portion of runtime path of "/home/ubuntu/quadro_ws/install/space_interfaces/lib/libspace_interfaces__rosidl_typesupport_c.so" to ""
[11.717s] -- Installing: /home/ubuntu/quadro_ws/install/space_interfaces/lib/libspace_interfaces__rosidl_typesupport_fastrtps_cpp.so
[11.717s] -- Set non-toolchain portion of runtime path of "/home/ubuntu/quadro_ws/install/space_interfaces/lib/libspace_interfaces__rosidl_typesupport_fastrtps_cpp.so" to ""
[11.717s] -- Installing: /home/ubuntu/quadro_ws/install/space_interfaces/lib/libspace_interfaces__rosidl_typesupport_introspection_cpp.so
[11.718s] -- Set non-toolchain portion of runtime path of "/home/ubuntu/quadro_ws/install/space_interfaces/lib/libspace_interfaces__rosidl_typesupport_introspection_cpp.so" to ""
[11.718s] -- Installing: /home/ubuntu/quadro_ws/install/space_interfaces/lib/libspace_interfaces__rosidl_typesupport_cpp.so
[11.718s] -- Set non-toolchain portion of runtime path of "/home/ubuntu/quadro_ws/install/space_interfaces/lib/libspace_interfaces__rosidl_typesupport_cpp.so" to ""
[11.759s] Listing '/home/ubuntu/quadro_ws/install/space_interfaces/lib/python3.12/site-packages/space_interfaces'...
[11.759s] Compiling '/home/ubuntu/quadro_ws/install/space_interfaces/lib/python3.12/site-packages/space_interfaces/__init__.py'...
[11.759s] Listing '/home/ubuntu/quadro_ws/install/space_interfaces/lib/python3.12/site-packages/space_interfaces/msg'...
[11.759s] Compiling '/home/ubuntu/quadro_ws/install/space_interfaces/lib/python3.12/site-packages/space_interfaces/msg/__init__.py'...
[11.759s] Compiling '/home/ubuntu/quadro_ws/install/space_interfaces/lib/python3.12/site-packages/space_interfaces/msg/_position.py'...
[11.765s] -- Installing: /home/ubuntu/quadro_ws/install/space_interfaces/lib/libspace_interfaces__rosidl_generator_py.so
[11.765s] -- Set non-toolchain portion of runtime path of "/home/ubuntu/quadro_ws/install/space_interfaces/lib/libspace_interfaces__rosidl_generator_py.so" to ""
[11.765s] -- Installing: /home/ubuntu/quadro_ws/install/space_interfaces/share/space_interfaces/cmake/export_space_interfaces__rosidl_generator_cExport.cmake
[11.766s] -- Installing: /home/ubuntu/quadro_ws/install/space_interfaces/share/space_interfaces/cmake/export_space_interfaces__rosidl_generator_cExport-noconfig.cmake
[11.766s] -- Installing: /home/ubuntu/quadro_ws/install/space_interfaces/share/space_interfaces/cmake/export_space_interfaces__rosidl_typesupport_fastrtps_cExport.cmake
[11.766s] -- Installing: /home/ubuntu/quadro_ws/install/space_interfaces/share/space_interfaces/cmake/export_space_interfaces__rosidl_typesupport_fastrtps_cExport-noconfig.cmake
[11.766s] -- Installing: /home/ubuntu/quadro_ws/install/space_interfaces/share/space_interfaces/cmake/space_interfaces__rosidl_typesupport_introspection_cExport.cmake
[11.767s] -- Installing: /home/ubuntu/quadro_ws/install/space_interfaces/share/space_interfaces/cmake/space_interfaces__rosidl_typesupport_introspection_cExport-noconfig.cmake
[11.767s] -- Installing: /home/ubuntu/quadro_ws/install/space_interfaces/share/space_interfaces/cmake/space_interfaces__rosidl_typesupport_cExport.cmake
[11.767s] -- Installing: /home/ubuntu/quadro_ws/install/space_interfaces/share/space_interfaces/cmake/space_interfaces__rosidl_typesupport_cExport-noconfig.cmake
[11.767s] -- Installing: /home/ubuntu/quadro_ws/install/space_interfaces/share/space_interfaces/cmake/export_space_interfaces__rosidl_generator_cppExport.cmake
[11.767s] -- Installing: /home/ubuntu/quadro_ws/install/space_interfaces/share/space_interfaces/cmake/export_space_interfaces__rosidl_typesupport_fastrtps_cppExport.cmake
[11.768s] -- Installing: /home/ubuntu/quadro_ws/install/space_interfaces/share/space_interfaces/cmake/export_space_interfaces__rosidl_typesupport_fastrtps_cppExport-noconfig.cmake
[11.768s] -- Installing: /home/ubuntu/quadro_ws/install/space_interfaces/share/space_interfaces/cmake/space_interfaces__rosidl_typesupport_introspection_cppExport.cmake
[11.768s] -- Installing: /home/ubuntu/quadro_ws/install/space_interfaces/share/space_interfaces/cmake/space_interfaces__rosidl_typesupport_introspection_cppExport-noconfig.cmake
[11.768s] -- Installing: /home/ubuntu/quadro_ws/install/space_interfaces/share/space_interfaces/cmake/space_interfaces__rosidl_typesupport_cppExport.cmake
[11.768s] -- Installing: /home/ubuntu/quadro_ws/install/space_interfaces/share/space_interfaces/cmake/space_interfaces__rosidl_typesupport_cppExport-noconfig.cmake
[11.769s] -- Installing: /home/ubuntu/quadro_ws/install/space_interfaces/share/space_interfaces/cmake/export_space_interfaces__rosidl_generator_pyExport.cmake
[11.769s] -- Installing: /home/ubuntu/quadro_ws/install/space_interfaces/share/space_interfaces/cmake/export_space_interfaces__rosidl_generator_pyExport-noconfig.cmake
[11.771s] Invoked command in '/home/ubuntu/quadro_ws/build/space_interfaces' returned '0': CMAKE_PREFIX_PATH=${CMAKE_PREFIX_PATH}:/opt/ros/jazzy /usr/bin/cmake --install /home/ubuntu/quadro_ws/build/space_interfaces
