[0.047s] Invoking command in '/home/MKGL/quadro_ws/build/dgz': AMENT_PREFIX_PATH=/home/MKGL/quadro_ws/install/space_interfaces:${AMENT_PREFIX_PATH} CMAKE_PREFIX_PATH=/home/MKGL/quadro_ws/install/space_interfaces:/opt/ros/jazzy LD_LIBRARY_PATH=/home/MKGL/quadro_ws/install/space_interfaces/lib:${LD_LIBRARY_PATH} PYTHONPATH=/home/MKGL/quadro_ws/install/space_interfaces/lib/python3.12/site-packages:${PYTHONPATH} /usr/bin/cmake /home/MKGL/quadro_ws/src/dgz -DAMENT_CMAKE_SYMLINK_INSTALL=1 -DCMAKE_INSTALL_PREFIX=/home/MKGL/quadro_ws/install/dgz
[0.387s] -- The C compiler identification is GNU 13.2.0
[0.731s] -- The CXX compiler identification is GNU 13.2.0
[0.819s] -- Detecting C compiler ABI info
[1.365s] -- Detecting C compiler ABI info - done
[1.411s] -- Check for working C compiler: /usr/bin/cc - skipped
[1.411s] -- Detecting C compile features
[1.412s] -- Detecting C compile features - done
[1.464s] -- Detecting CXX compiler ABI info
[2.114s] -- Detecting CXX compiler ABI info - done
[2.159s] -- Check for working CXX compiler: /usr/bin/c++ - skipped
[2.164s] -- Detecting CXX compile features
[2.165s] -- Detecting CXX compile features - done
[2.189s] -- Found ament_cmake: 2.5.2 (/opt/ros/jazzy/share/ament_cmake/cmake)
[3.224s] -- Found Python3: /usr/bin/python3 (found version "3.12.3") found components: Interpreter 
[3.706s] -- Override CMake install command with custom implementation using symlinks instead of copying resources
[3.966s] -- Found rclcpp: 28.1.5 (/opt/ros/jazzy/share/rclcpp/cmake)
[4.228s] -- Found rosidl_generator_c: 4.6.4 (/opt/ros/jazzy/share/rosidl_generator_c/cmake)
[4.309s] -- Found rosidl_generator_cpp: 4.6.4 (/opt/ros/jazzy/share/rosidl_generator_cpp/cmake)
[4.407s] -- Using all available rosidl_typesupport_c: rosidl_typesupport_fastrtps_c;rosidl_typesupport_introspection_c
[4.521s] -- Using all available rosidl_typesupport_cpp: rosidl_typesupport_fastrtps_cpp;rosidl_typesupport_introspection_cpp
[4.944s] -- Found rmw_implementation_cmake: 7.3.1 (/opt/ros/jazzy/share/rmw_implementation_cmake/cmake)
[4.963s] -- Found rmw_fastrtps_cpp: 8.4.1 (/opt/ros/jazzy/share/rmw_fastrtps_cpp/cmake)
[5.408s] -- Found OpenSSL: /usr/lib/aarch64-linux-gnu/libcrypto.so (found version "3.0.13")  
[5.481s] -- Found FastRTPS: /opt/ros/jazzy/include (Required is at least version "2.13") 
[5.587s] -- Using RMW implementation 'rmw_fastrtps_cpp' as default
[5.971s] -- Found std_msgs: 5.3.5 (/opt/ros/jazzy/share/std_msgs/cmake)
[6.050s] -- Found space_interfaces: 0.0.0 (/home/MKGL/quadro_ws/install/space_interfaces/share/space_interfaces/cmake)
[6.133s] -- Found ament_lint_auto: 0.17.1 (/opt/ros/jazzy/share/ament_lint_auto/cmake)
[6.858s] -- Added test 'cppcheck' to perform static code analysis on C / C++ code
[6.861s] -- Configured cppcheck include dirs: 
[6.862s] -- Configured cppcheck exclude dirs and/or files: 
[6.870s] -- Added test 'flake8' to check Python code syntax and style conventions
[6.878s] -- Configured 'flake8' exclude dirs and/or files: 
[6.879s] -- Added test 'lint_cmake' to check CMake code style
[6.882s] -- Added test 'pep257' to check Python code against some of the docstring style conventions in PEP 257
[6.890s] -- Added test 'uncrustify' to check C / C++ code style
[6.893s] -- Configured uncrustify additional arguments: 
[6.897s] -- Added test 'xmllint' to check XML markup files
[6.912s] -- Configuring done (6.8s)
[7.003s] -- Generating done (0.0s)
[7.010s] -- Build files have been written to: /home/MKGL/quadro_ws/build/dgz
[7.057s] Invoked command in '/home/MKGL/quadro_ws/build/dgz' returned '0': AMENT_PREFIX_PATH=/home/MKGL/quadro_ws/install/space_interfaces:${AMENT_PREFIX_PATH} CMAKE_PREFIX_PATH=/home/MKGL/quadro_ws/install/space_interfaces:/opt/ros/jazzy LD_LIBRARY_PATH=/home/MKGL/quadro_ws/install/space_interfaces/lib:${LD_LIBRARY_PATH} PYTHONPATH=/home/MKGL/quadro_ws/install/space_interfaces/lib/python3.12/site-packages:${PYTHONPATH} /usr/bin/cmake /home/MKGL/quadro_ws/src/dgz -DAMENT_CMAKE_SYMLINK_INSTALL=1 -DCMAKE_INSTALL_PREFIX=/home/MKGL/quadro_ws/install/dgz
[7.064s] Invoking command in '/home/MKGL/quadro_ws/build/dgz': AMENT_PREFIX_PATH=/home/MKGL/quadro_ws/install/space_interfaces:${AMENT_PREFIX_PATH} CMAKE_PREFIX_PATH=/home/MKGL/quadro_ws/install/space_interfaces:/opt/ros/jazzy LD_LIBRARY_PATH=/home/MKGL/quadro_ws/install/space_interfaces/lib:${LD_LIBRARY_PATH} PYTHONPATH=/home/MKGL/quadro_ws/install/space_interfaces/lib/python3.12/site-packages:${PYTHONPATH} /usr/bin/cmake --build /home/MKGL/quadro_ws/build/dgz -- -j4 -l4
[7.371s] [ 50%] [32mBuilding CXX object CMakeFiles/move_ctrl_node.dir/src/move_ctrl_node.cpp.o[0m
[50.016s] [100%] [32m[1mLinking CXX executable move_ctrl_node[0m
[51.573s] [100%] Built target move_ctrl_node
[51.629s] Invoked command in '/home/MKGL/quadro_ws/build/dgz' returned '0': AMENT_PREFIX_PATH=/home/MKGL/quadro_ws/install/space_interfaces:${AMENT_PREFIX_PATH} CMAKE_PREFIX_PATH=/home/MKGL/quadro_ws/install/space_interfaces:/opt/ros/jazzy LD_LIBRARY_PATH=/home/MKGL/quadro_ws/install/space_interfaces/lib:${LD_LIBRARY_PATH} PYTHONPATH=/home/MKGL/quadro_ws/install/space_interfaces/lib/python3.12/site-packages:${PYTHONPATH} /usr/bin/cmake --build /home/MKGL/quadro_ws/build/dgz -- -j4 -l4
[51.803s] Invoking command in '/home/MKGL/quadro_ws/build/dgz': AMENT_PREFIX_PATH=/home/MKGL/quadro_ws/install/space_interfaces:${AMENT_PREFIX_PATH} CMAKE_PREFIX_PATH=/home/MKGL/quadro_ws/install/space_interfaces:/opt/ros/jazzy LD_LIBRARY_PATH=/home/MKGL/quadro_ws/install/space_interfaces/lib:${LD_LIBRARY_PATH} PYTHONPATH=/home/MKGL/quadro_ws/install/space_interfaces/lib/python3.12/site-packages:${PYTHONPATH} /usr/bin/cmake --install /home/MKGL/quadro_ws/build/dgz
[51.858s] -- Install configuration: ""
[51.860s] -- Execute custom install script
[51.863s] -- Symlinking: /home/MKGL/quadro_ws/install/dgz/lib/dgz//move_ctrl_node
[51.913s] -- Symlinking: /home/MKGL/quadro_ws/install/dgz/share/dgz//config/dgz_params.yaml
[51.958s] -- Symlinking: /home/MKGL/quadro_ws/install/dgz/share/dgz//launch/dgz.launch.py
[52.005s] -- Symlinking: /home/MKGL/quadro_ws/install/dgz/share/ament_index/resource_index/package_run_dependencies/dgz
[52.054s] -- Symlinking: /home/MKGL/quadro_ws/install/dgz/share/ament_index/resource_index/parent_prefix_path/dgz
[52.103s] -- Symlinking: /home/MKGL/quadro_ws/install/dgz/share/dgz/environment/ament_prefix_path.sh
[52.161s] -- Symlinking: /home/MKGL/quadro_ws/install/dgz/share/dgz/environment/ament_prefix_path.dsv
[52.237s] -- Symlinking: /home/MKGL/quadro_ws/install/dgz/share/dgz/environment/path.sh
[52.298s] -- Symlinking: /home/MKGL/quadro_ws/install/dgz/share/dgz/environment/path.dsv
[52.354s] -- Symlinking: /home/MKGL/quadro_ws/install/dgz/share/dgz/local_setup.bash
[52.414s] -- Symlinking: /home/MKGL/quadro_ws/install/dgz/share/dgz/local_setup.sh
[52.465s] -- Symlinking: /home/MKGL/quadro_ws/install/dgz/share/dgz/local_setup.zsh
[52.508s] -- Symlinking: /home/MKGL/quadro_ws/install/dgz/share/dgz/local_setup.dsv
[52.553s] -- Symlinking: /home/MKGL/quadro_ws/install/dgz/share/dgz/package.dsv
[52.599s] -- Symlinking: /home/MKGL/quadro_ws/install/dgz/share/ament_index/resource_index/packages/dgz
[52.646s] -- Symlinking: /home/MKGL/quadro_ws/install/dgz/share/dgz/cmake/dgzConfig.cmake
[52.690s] -- Symlinking: /home/MKGL/quadro_ws/install/dgz/share/dgz/cmake/dgzConfig-version.cmake
[52.743s] -- Symlinking: /home/MKGL/quadro_ws/install/dgz/share/dgz/package.xml
[52.802s] Invoked command in '/home/MKGL/quadro_ws/build/dgz' returned '0': AMENT_PREFIX_PATH=/home/MKGL/quadro_ws/install/space_interfaces:${AMENT_PREFIX_PATH} CMAKE_PREFIX_PATH=/home/MKGL/quadro_ws/install/space_interfaces:/opt/ros/jazzy LD_LIBRARY_PATH=/home/MKGL/quadro_ws/install/space_interfaces/lib:${LD_LIBRARY_PATH} PYTHONPATH=/home/MKGL/quadro_ws/install/space_interfaces/lib/python3.12/site-packages:${PYTHONPATH} /usr/bin/cmake --install /home/MKGL/quadro_ws/build/dgz
