[0.585s] DEBUG:colcon:Command line arguments: ['/usr/bin/colcon', 'build', '--symlink-install']
[0.586s] DEBUG:colcon:Parsed command line arguments: Namespace(log_base=None, log_level=None, verb_name='build', build_base='build', install_base='install', merge_install=False, symlink_install=True, test_result_base=None, continue_on_error=False, executor='parallel', parallel_workers=16, event_handlers=None, ignore_user_meta=False, metas=['./colcon.meta'], base_paths=['.'], packages_ignore=None, packages_ignore_regex=None, paths=None, packages_up_to=None, packages_up_to_regex=None, packages_above=None, packages_above_and_dependencies=None, packages_above_depth=None, packages_select_by_dep=None, packages_skip_by_dep=None, packages_skip_up_to=None, packages_select_build_failed=False, packages_skip_build_finished=False, packages_select_test_failures=False, packages_skip_test_passed=False, packages_select=None, packages_skip=None, packages_select_regex=None, packages_skip_regex=None, packages_start=None, packages_end=None, allow_overriding=[], cmake_args=None, cmake_target=None, cmake_target_skip_unavailable=False, cmake_clean_cache=False, cmake_clean_first=False, cmake_force_configure=False, ament_cmake_args=None, catkin_cmake_args=None, catkin_skip_building_tests=False, mixin_files=None, mixin=None, verb_parser=<colcon_mixin.mixin.mixin_argument.MixinArgumentDecorator object at 0x7f7e146086b0>, verb_extension=<colcon_core.verb.build.BuildVerb object at 0x7f7e14742d80>, main=<bound method BuildVerb.main of <colcon_core.verb.build.BuildVerb object at 0x7f7e14742d80>>, mixin_verb=('build',))
[0.646s] Level 1:colcon.colcon_core.package_discovery:discover_packages(colcon_meta) check parameters
[0.646s] Level 1:colcon.colcon_core.package_discovery:discover_packages(recursive) check parameters
[0.646s] Level 1:colcon.colcon_core.package_discovery:discover_packages(ignore) check parameters
[0.646s] Level 1:colcon.colcon_core.package_discovery:discover_packages(path) check parameters
[0.646s] Level 1:colcon.colcon_core.package_discovery:discover_packages(colcon_meta) discover
[0.646s] Level 1:colcon.colcon_core.package_discovery:discover_packages(recursive) discover
[0.646s] INFO:colcon.colcon_core.package_discovery:Crawling recursively for packages in '/home/ubuntu/dev_ws'
[0.647s] Level 1:colcon.colcon_core.package_identification:_identify(.) by extensions ['ignore', 'ignore_ament_install']
[0.647s] Level 1:colcon.colcon_core.package_identification:_identify(.) by extension 'ignore'
[0.647s] Level 1:colcon.colcon_core.package_identification:_identify(.) by extension 'ignore_ament_install'
[0.647s] Level 1:colcon.colcon_core.package_identification:_identify(.) by extensions ['colcon_pkg']
[0.647s] Level 1:colcon.colcon_core.package_identification:_identify(.) by extension 'colcon_pkg'
[0.647s] Level 1:colcon.colcon_core.package_identification:_identify(.) by extensions ['colcon_meta']
[0.647s] Level 1:colcon.colcon_core.package_identification:_identify(.) by extension 'colcon_meta'
[0.647s] Level 1:colcon.colcon_core.package_identification:_identify(.) by extensions ['ros']
[0.647s] Level 1:colcon.colcon_core.package_identification:_identify(.) by extension 'ros'
[0.688s] Level 1:colcon.colcon_core.package_identification:_identify(.) by extensions ['cmake', 'python']
[0.688s] Level 1:colcon.colcon_core.package_identification:_identify(.) by extension 'cmake'
[0.688s] Level 1:colcon.colcon_core.package_identification:_identify(.) by extension 'python'
[0.688s] Level 1:colcon.colcon_core.package_identification:_identify(.) by extensions ['python_setup_py']
[0.689s] Level 1:colcon.colcon_core.package_identification:_identify(.) by extension 'python_setup_py'
[0.689s] Level 1:colcon.colcon_core.package_identification:_identify(build) by extensions ['ignore', 'ignore_ament_install']
[0.689s] Level 1:colcon.colcon_core.package_identification:_identify(build) by extension 'ignore'
[0.689s] Level 1:colcon.colcon_core.package_identification:_identify(build) ignored
[0.689s] Level 1:colcon.colcon_core.package_identification:_identify(install) by extensions ['ignore', 'ignore_ament_install']
[0.689s] Level 1:colcon.colcon_core.package_identification:_identify(install) by extension 'ignore'
[0.690s] Level 1:colcon.colcon_core.package_identification:_identify(install) ignored
[0.690s] Level 1:colcon.colcon_core.package_identification:_identify(log) by extensions ['ignore', 'ignore_ament_install']
[0.690s] Level 1:colcon.colcon_core.package_identification:_identify(log) by extension 'ignore'
[0.690s] Level 1:colcon.colcon_core.package_identification:_identify(log) ignored
[0.690s] Level 1:colcon.colcon_core.package_identification:_identify(src) by extensions ['ignore', 'ignore_ament_install']
[0.690s] Level 1:colcon.colcon_core.package_identification:_identify(src) by extension 'ignore'
[0.690s] Level 1:colcon.colcon_core.package_identification:_identify(src) by extension 'ignore_ament_install'
[0.690s] Level 1:colcon.colcon_core.package_identification:_identify(src) by extensions ['colcon_pkg']
[0.690s] Level 1:colcon.colcon_core.package_identification:_identify(src) by extension 'colcon_pkg'
[0.691s] Level 1:colcon.colcon_core.package_identification:_identify(src) by extensions ['colcon_meta']
[0.691s] Level 1:colcon.colcon_core.package_identification:_identify(src) by extension 'colcon_meta'
[0.691s] Level 1:colcon.colcon_core.package_identification:_identify(src) by extensions ['ros']
[0.691s] Level 1:colcon.colcon_core.package_identification:_identify(src) by extension 'ros'
[0.691s] Level 1:colcon.colcon_core.package_identification:_identify(src) by extensions ['cmake', 'python']
[0.691s] Level 1:colcon.colcon_core.package_identification:_identify(src) by extension 'cmake'
[0.691s] Level 1:colcon.colcon_core.package_identification:_identify(src) by extension 'python'
[0.691s] Level 1:colcon.colcon_core.package_identification:_identify(src) by extensions ['python_setup_py']
[0.691s] Level 1:colcon.colcon_core.package_identification:_identify(src) by extension 'python_setup_py'
[0.691s] Level 1:colcon.colcon_core.package_identification:_identify(src/frame_broadcaster) by extensions ['ignore', 'ignore_ament_install']
[0.692s] Level 1:colcon.colcon_core.package_identification:_identify(src/frame_broadcaster) by extension 'ignore'
[0.692s] Level 1:colcon.colcon_core.package_identification:_identify(src/frame_broadcaster) by extension 'ignore_ament_install'
[0.692s] Level 1:colcon.colcon_core.package_identification:_identify(src/frame_broadcaster) by extensions ['colcon_pkg']
[0.692s] Level 1:colcon.colcon_core.package_identification:_identify(src/frame_broadcaster) by extension 'colcon_pkg'
[0.692s] Level 1:colcon.colcon_core.package_identification:_identify(src/frame_broadcaster) by extensions ['colcon_meta']
[0.692s] Level 1:colcon.colcon_core.package_identification:_identify(src/frame_broadcaster) by extension 'colcon_meta'
[0.692s] Level 1:colcon.colcon_core.package_identification:_identify(src/frame_broadcaster) by extensions ['ros']
[0.692s] Level 1:colcon.colcon_core.package_identification:_identify(src/frame_broadcaster) by extension 'ros'
[0.696s] DEBUG:colcon.colcon_core.package_identification:Package 'src/frame_broadcaster' with type 'ros.ament_cmake' and name 'frame_broadcaster'
[0.696s] Level 1:colcon.colcon_core.package_identification:_identify(src/frame_listener) by extensions ['ignore', 'ignore_ament_install']
[0.697s] Level 1:colcon.colcon_core.package_identification:_identify(src/frame_listener) by extension 'ignore'
[0.697s] Level 1:colcon.colcon_core.package_identification:_identify(src/frame_listener) by extension 'ignore_ament_install'
[0.697s] Level 1:colcon.colcon_core.package_identification:_identify(src/frame_listener) by extensions ['colcon_pkg']
[0.697s] Level 1:colcon.colcon_core.package_identification:_identify(src/frame_listener) by extension 'colcon_pkg'
[0.697s] Level 1:colcon.colcon_core.package_identification:_identify(src/frame_listener) by extensions ['colcon_meta']
[0.697s] Level 1:colcon.colcon_core.package_identification:_identify(src/frame_listener) by extension 'colcon_meta'
[0.697s] Level 1:colcon.colcon_core.package_identification:_identify(src/frame_listener) by extensions ['ros']
[0.697s] Level 1:colcon.colcon_core.package_identification:_identify(src/frame_listener) by extension 'ros'
[0.698s] DEBUG:colcon.colcon_core.package_identification:Package 'src/frame_listener' with type 'ros.ament_cmake' and name 'frame_listener'
[0.699s] Level 1:colcon.colcon_core.package_identification:_identify(src/quadrobot) by extensions ['ignore', 'ignore_ament_install']
[0.699s] Level 1:colcon.colcon_core.package_identification:_identify(src/quadrobot) by extension 'ignore'
[0.699s] Level 1:colcon.colcon_core.package_identification:_identify(src/quadrobot) by extension 'ignore_ament_install'
[0.699s] Level 1:colcon.colcon_core.package_identification:_identify(src/quadrobot) by extensions ['colcon_pkg']
[0.699s] Level 1:colcon.colcon_core.package_identification:_identify(src/quadrobot) by extension 'colcon_pkg'
[0.699s] Level 1:colcon.colcon_core.package_identification:_identify(src/quadrobot) by extensions ['colcon_meta']
[0.699s] Level 1:colcon.colcon_core.package_identification:_identify(src/quadrobot) by extension 'colcon_meta'
[0.699s] Level 1:colcon.colcon_core.package_identification:_identify(src/quadrobot) by extensions ['ros']
[0.699s] Level 1:colcon.colcon_core.package_identification:_identify(src/quadrobot) by extension 'ros'
[0.701s] DEBUG:colcon.colcon_core.package_identification:Package 'src/quadrobot' with type 'ros.ament_cmake' and name 'quadrobot'
[0.701s] Level 1:colcon.colcon_core.package_identification:_identify(src/space_interfaces) by extensions ['ignore', 'ignore_ament_install']
[0.701s] Level 1:colcon.colcon_core.package_identification:_identify(src/space_interfaces) by extension 'ignore'
[0.701s] Level 1:colcon.colcon_core.package_identification:_identify(src/space_interfaces) by extension 'ignore_ament_install'
[0.701s] Level 1:colcon.colcon_core.package_identification:_identify(src/space_interfaces) by extensions ['colcon_pkg']
[0.701s] Level 1:colcon.colcon_core.package_identification:_identify(src/space_interfaces) by extension 'colcon_pkg'
[0.701s] Level 1:colcon.colcon_core.package_identification:_identify(src/space_interfaces) by extensions ['colcon_meta']
[0.701s] Level 1:colcon.colcon_core.package_identification:_identify(src/space_interfaces) by extension 'colcon_meta'
[0.701s] Level 1:colcon.colcon_core.package_identification:_identify(src/space_interfaces) by extensions ['ros']
[0.701s] Level 1:colcon.colcon_core.package_identification:_identify(src/space_interfaces) by extension 'ros'
[0.702s] DEBUG:colcon.colcon_core.package_identification:Package 'src/space_interfaces' with type 'ros.ament_cmake' and name 'space_interfaces'
[0.702s] Level 1:colcon.colcon_core.package_discovery:discover_packages(recursive) using defaults
[0.702s] Level 1:colcon.colcon_core.package_discovery:discover_packages(ignore) discover
[0.703s] Level 1:colcon.colcon_core.package_discovery:discover_packages(ignore) using defaults
[0.703s] Level 1:colcon.colcon_core.package_discovery:discover_packages(path) discover
[0.703s] Level 1:colcon.colcon_core.package_discovery:discover_packages(path) using defaults
[0.731s] Level 1:colcon.colcon_core.package_discovery:discover_packages(prefix_path) check parameters
[0.731s] Level 1:colcon.colcon_core.package_discovery:discover_packages(prefix_path) discover
[0.735s] DEBUG:colcon.colcon_installed_package_information.package_discovery:Found 347 installed packages in /opt/ros/jazzy
[0.736s] Level 1:colcon.colcon_core.package_discovery:discover_packages(prefix_path) using defaults
[0.818s] Level 5:colcon.colcon_core.verb:set package 'quadrobot' build argument 'cmake_args' from command line to 'None'
[0.818s] Level 5:colcon.colcon_core.verb:set package 'quadrobot' build argument 'cmake_target' from command line to 'None'
[0.819s] Level 5:colcon.colcon_core.verb:set package 'quadrobot' build argument 'cmake_target_skip_unavailable' from command line to 'False'
[0.819s] Level 5:colcon.colcon_core.verb:set package 'quadrobot' build argument 'cmake_clean_cache' from command line to 'False'
[0.819s] Level 5:colcon.colcon_core.verb:set package 'quadrobot' build argument 'cmake_clean_first' from command line to 'False'
[0.819s] Level 5:colcon.colcon_core.verb:set package 'quadrobot' build argument 'cmake_force_configure' from command line to 'False'
[0.819s] Level 5:colcon.colcon_core.verb:set package 'quadrobot' build argument 'ament_cmake_args' from command line to 'None'
[0.819s] Level 5:colcon.colcon_core.verb:set package 'quadrobot' build argument 'catkin_cmake_args' from command line to 'None'
[0.819s] Level 5:colcon.colcon_core.verb:set package 'quadrobot' build argument 'catkin_skip_building_tests' from command line to 'False'
[0.819s] DEBUG:colcon.colcon_core.verb:Building package 'quadrobot' with the following arguments: {'ament_cmake_args': None, 'build_base': '/home/ubuntu/dev_ws/build/quadrobot', 'catkin_cmake_args': None, 'catkin_skip_building_tests': False, 'cmake_args': None, 'cmake_clean_cache': False, 'cmake_clean_first': False, 'cmake_force_configure': False, 'cmake_target': None, 'cmake_target_skip_unavailable': False, 'install_base': '/home/ubuntu/dev_ws/install/quadrobot', 'merge_install': False, 'path': '/home/ubuntu/dev_ws/src/quadrobot', 'symlink_install': True, 'test_result_base': None}
[0.819s] Level 5:colcon.colcon_core.verb:set package 'space_interfaces' build argument 'cmake_args' from command line to 'None'
[0.819s] Level 5:colcon.colcon_core.verb:set package 'space_interfaces' build argument 'cmake_target' from command line to 'None'
[0.819s] Level 5:colcon.colcon_core.verb:set package 'space_interfaces' build argument 'cmake_target_skip_unavailable' from command line to 'False'
[0.820s] Level 5:colcon.colcon_core.verb:set package 'space_interfaces' build argument 'cmake_clean_cache' from command line to 'False'
[0.820s] Level 5:colcon.colcon_core.verb:set package 'space_interfaces' build argument 'cmake_clean_first' from command line to 'False'
[0.820s] Level 5:colcon.colcon_core.verb:set package 'space_interfaces' build argument 'cmake_force_configure' from command line to 'False'
[0.820s] Level 5:colcon.colcon_core.verb:set package 'space_interfaces' build argument 'ament_cmake_args' from command line to 'None'
[0.820s] Level 5:colcon.colcon_core.verb:set package 'space_interfaces' build argument 'catkin_cmake_args' from command line to 'None'
[0.820s] Level 5:colcon.colcon_core.verb:set package 'space_interfaces' build argument 'catkin_skip_building_tests' from command line to 'False'
[0.820s] DEBUG:colcon.colcon_core.verb:Building package 'space_interfaces' with the following arguments: {'ament_cmake_args': None, 'build_base': '/home/ubuntu/dev_ws/build/space_interfaces', 'catkin_cmake_args': None, 'catkin_skip_building_tests': False, 'cmake_args': None, 'cmake_clean_cache': False, 'cmake_clean_first': False, 'cmake_force_configure': False, 'cmake_target': None, 'cmake_target_skip_unavailable': False, 'install_base': '/home/ubuntu/dev_ws/install/space_interfaces', 'merge_install': False, 'path': '/home/ubuntu/dev_ws/src/space_interfaces', 'symlink_install': True, 'test_result_base': None}
[0.820s] Level 5:colcon.colcon_core.verb:set package 'frame_broadcaster' build argument 'cmake_args' from command line to 'None'
[0.820s] Level 5:colcon.colcon_core.verb:set package 'frame_broadcaster' build argument 'cmake_target' from command line to 'None'
[0.820s] Level 5:colcon.colcon_core.verb:set package 'frame_broadcaster' build argument 'cmake_target_skip_unavailable' from command line to 'False'
[0.820s] Level 5:colcon.colcon_core.verb:set package 'frame_broadcaster' build argument 'cmake_clean_cache' from command line to 'False'
[0.820s] Level 5:colcon.colcon_core.verb:set package 'frame_broadcaster' build argument 'cmake_clean_first' from command line to 'False'
[0.820s] Level 5:colcon.colcon_core.verb:set package 'frame_broadcaster' build argument 'cmake_force_configure' from command line to 'False'
[0.820s] Level 5:colcon.colcon_core.verb:set package 'frame_broadcaster' build argument 'ament_cmake_args' from command line to 'None'
[0.820s] Level 5:colcon.colcon_core.verb:set package 'frame_broadcaster' build argument 'catkin_cmake_args' from command line to 'None'
[0.820s] Level 5:colcon.colcon_core.verb:set package 'frame_broadcaster' build argument 'catkin_skip_building_tests' from command line to 'False'
[0.820s] DEBUG:colcon.colcon_core.verb:Building package 'frame_broadcaster' with the following arguments: {'ament_cmake_args': None, 'build_base': '/home/ubuntu/dev_ws/build/frame_broadcaster', 'catkin_cmake_args': None, 'catkin_skip_building_tests': False, 'cmake_args': None, 'cmake_clean_cache': False, 'cmake_clean_first': False, 'cmake_force_configure': False, 'cmake_target': None, 'cmake_target_skip_unavailable': False, 'install_base': '/home/ubuntu/dev_ws/install/frame_broadcaster', 'merge_install': False, 'path': '/home/ubuntu/dev_ws/src/frame_broadcaster', 'symlink_install': True, 'test_result_base': None}
[0.821s] Level 5:colcon.colcon_core.verb:set package 'frame_listener' build argument 'cmake_args' from command line to 'None'
[0.821s] Level 5:colcon.colcon_core.verb:set package 'frame_listener' build argument 'cmake_target' from command line to 'None'
[0.821s] Level 5:colcon.colcon_core.verb:set package 'frame_listener' build argument 'cmake_target_skip_unavailable' from command line to 'False'
[0.821s] Level 5:colcon.colcon_core.verb:set package 'frame_listener' build argument 'cmake_clean_cache' from command line to 'False'
[0.821s] Level 5:colcon.colcon_core.verb:set package 'frame_listener' build argument 'cmake_clean_first' from command line to 'False'
[0.821s] Level 5:colcon.colcon_core.verb:set package 'frame_listener' build argument 'cmake_force_configure' from command line to 'False'
[0.821s] Level 5:colcon.colcon_core.verb:set package 'frame_listener' build argument 'ament_cmake_args' from command line to 'None'
[0.821s] Level 5:colcon.colcon_core.verb:set package 'frame_listener' build argument 'catkin_cmake_args' from command line to 'None'
[0.821s] Level 5:colcon.colcon_core.verb:set package 'frame_listener' build argument 'catkin_skip_building_tests' from command line to 'False'
[0.821s] DEBUG:colcon.colcon_core.verb:Building package 'frame_listener' with the following arguments: {'ament_cmake_args': None, 'build_base': '/home/ubuntu/dev_ws/build/frame_listener', 'catkin_cmake_args': None, 'catkin_skip_building_tests': False, 'cmake_args': None, 'cmake_clean_cache': False, 'cmake_clean_first': False, 'cmake_force_configure': False, 'cmake_target': None, 'cmake_target_skip_unavailable': False, 'install_base': '/home/ubuntu/dev_ws/install/frame_listener', 'merge_install': False, 'path': '/home/ubuntu/dev_ws/src/frame_listener', 'symlink_install': True, 'test_result_base': None}
[0.821s] INFO:colcon.colcon_core.executor:Executing jobs using 'parallel' executor
[0.823s] DEBUG:colcon.colcon_parallel_executor.executor.parallel:run_until_complete
[0.823s] INFO:colcon.colcon_ros.task.ament_cmake.build:Building ROS package in '/home/ubuntu/dev_ws/src/space_interfaces' with build type 'ament_cmake'
[0.823s] INFO:colcon.colcon_cmake.task.cmake.build:Building CMake package in '/home/ubuntu/dev_ws/src/space_interfaces'
[0.826s] INFO:colcon.colcon_core.plugin_system:Skipping extension 'colcon_core.shell.bat': Not used on non-Windows systems
[0.827s] INFO:colcon.colcon_core.shell:Skip shell extension 'powershell' for command environment: Not usable outside of PowerShell
[0.827s] DEBUG:colcon.colcon_core.shell:Skip shell extension 'dsv' for command environment
[0.832s] INFO:colcon.colcon_ros.task.ament_cmake.build:Building ROS package in '/home/ubuntu/dev_ws/src/quadrobot' with build type 'ament_cmake'
[0.832s] INFO:colcon.colcon_cmake.task.cmake.build:Building CMake package in '/home/ubuntu/dev_ws/src/quadrobot'
[0.833s] INFO:colcon.colcon_core.shell:Skip shell extension 'powershell' for command environment: Not usable outside of PowerShell
[0.833s] DEBUG:colcon.colcon_core.shell:Skip shell extension 'dsv' for command environment
[0.842s] DEBUG:colcon.colcon_core.event_handler.log_command:Invoking command in '/home/ubuntu/dev_ws/build/space_interfaces': CMAKE_PREFIX_PATH=${CMAKE_PREFIX_PATH}:/opt/ros/jazzy /usr/bin/cmake /home/ubuntu/dev_ws/src/space_interfaces -DAMENT_CMAKE_SYMLINK_INSTALL=1 -DCMAKE_INSTALL_PREFIX=/home/ubuntu/dev_ws/install/space_interfaces
[0.848s] DEBUG:colcon.colcon_core.event_handler.log_command:Invoking command in '/home/ubuntu/dev_ws/build/quadrobot': CMAKE_PREFIX_PATH=${CMAKE_PREFIX_PATH}:/opt/ros/jazzy /usr/bin/cmake /home/ubuntu/dev_ws/src/quadrobot -DAMENT_CMAKE_SYMLINK_INSTALL=1 -DCMAKE_INSTALL_PREFIX=/home/ubuntu/dev_ws/install/quadrobot
[9.138s] DEBUG:colcon.colcon_core.event_handler.log_command:Invoked command in '/home/ubuntu/dev_ws/build/quadrobot' returned '0': CMAKE_PREFIX_PATH=${CMAKE_PREFIX_PATH}:/opt/ros/jazzy /usr/bin/cmake /home/ubuntu/dev_ws/src/quadrobot -DAMENT_CMAKE_SYMLINK_INSTALL=1 -DCMAKE_INSTALL_PREFIX=/home/ubuntu/dev_ws/install/quadrobot
[9.143s] DEBUG:colcon.colcon_core.event_handler.log_command:Invoking command in '/home/ubuntu/dev_ws/build/quadrobot': CMAKE_PREFIX_PATH=${CMAKE_PREFIX_PATH}:/opt/ros/jazzy /usr/bin/cmake --build /home/ubuntu/dev_ws/build/quadrobot -- -j16 -l16
[9.220s] DEBUG:colcon.colcon_core.event_handler.log_command:Invoked command in '/home/ubuntu/dev_ws/build/quadrobot' returned '0': CMAKE_PREFIX_PATH=${CMAKE_PREFIX_PATH}:/opt/ros/jazzy /usr/bin/cmake --build /home/ubuntu/dev_ws/build/quadrobot -- -j16 -l16
[9.282s] DEBUG:colcon.colcon_core.event_handler.log_command:Invoking command in '/home/ubuntu/dev_ws/build/quadrobot': CMAKE_PREFIX_PATH=${CMAKE_PREFIX_PATH}:/opt/ros/jazzy /usr/bin/cmake --install /home/ubuntu/dev_ws/build/quadrobot
[9.838s] Level 1:colcon.colcon_core.environment:create_environment_scripts_only(quadrobot)
[9.841s] DEBUG:colcon.colcon_core.event_handler.log_command:Invoked command in '/home/ubuntu/dev_ws/build/quadrobot' returned '0': CMAKE_PREFIX_PATH=${CMAKE_PREFIX_PATH}:/opt/ros/jazzy /usr/bin/cmake --install /home/ubuntu/dev_ws/build/quadrobot
[9.844s] Level 1:colcon.colcon_core.environment:checking '/home/ubuntu/dev_ws/install/quadrobot' for CMake module files
[9.845s] Level 1:colcon.colcon_core.environment:checking '/home/ubuntu/dev_ws/install/quadrobot' for CMake config files
[9.846s] Level 1:colcon.colcon_core.shell:create_environment_hook('quadrobot', 'cmake_prefix_path')
[9.846s] INFO:colcon.colcon_core.shell:Creating environment hook '/home/ubuntu/dev_ws/install/quadrobot/share/quadrobot/hook/cmake_prefix_path.ps1'
[9.850s] INFO:colcon.colcon_core.shell:Creating environment descriptor '/home/ubuntu/dev_ws/install/quadrobot/share/quadrobot/hook/cmake_prefix_path.dsv'
[9.851s] INFO:colcon.colcon_core.shell:Creating environment hook '/home/ubuntu/dev_ws/install/quadrobot/share/quadrobot/hook/cmake_prefix_path.sh'
[9.854s] Level 1:colcon.colcon_core.environment:checking '/home/ubuntu/dev_ws/install/quadrobot/bin'
[9.855s] Level 1:colcon.colcon_core.environment:checking '/home/ubuntu/dev_ws/install/quadrobot/lib/pkgconfig/quadrobot.pc'
[9.855s] Level 1:colcon.colcon_core.environment:checking '/home/ubuntu/dev_ws/install/quadrobot/lib/python3.12/site-packages'
[9.856s] Level 1:colcon.colcon_core.environment:checking '/home/ubuntu/dev_ws/install/quadrobot/bin'
[9.857s] INFO:colcon.colcon_core.shell:Creating package script '/home/ubuntu/dev_ws/install/quadrobot/share/quadrobot/package.ps1'
[9.859s] INFO:colcon.colcon_core.shell:Creating package descriptor '/home/ubuntu/dev_ws/install/quadrobot/share/quadrobot/package.dsv'
[9.860s] INFO:colcon.colcon_core.shell:Creating package script '/home/ubuntu/dev_ws/install/quadrobot/share/quadrobot/package.sh'
[9.862s] INFO:colcon.colcon_core.shell:Creating package script '/home/ubuntu/dev_ws/install/quadrobot/share/quadrobot/package.bash'
[9.864s] INFO:colcon.colcon_core.shell:Creating package script '/home/ubuntu/dev_ws/install/quadrobot/share/quadrobot/package.zsh'
[9.866s] Level 1:colcon.colcon_core.environment:create_file_with_runtime_dependencies(/home/ubuntu/dev_ws/install/quadrobot/share/colcon-core/packages/quadrobot)
[9.924s] Level 1:colcon.colcon_core.environment:create_environment_scripts_only(quadrobot)
[9.925s] Level 1:colcon.colcon_core.environment:checking '/home/ubuntu/dev_ws/install/quadrobot' for CMake module files
[9.927s] Level 1:colcon.colcon_core.environment:checking '/home/ubuntu/dev_ws/install/quadrobot' for CMake config files
[9.927s] Level 1:colcon.colcon_core.shell:create_environment_hook('quadrobot', 'cmake_prefix_path')
[9.928s] INFO:colcon.colcon_core.shell:Creating environment hook '/home/ubuntu/dev_ws/install/quadrobot/share/quadrobot/hook/cmake_prefix_path.ps1'
[9.929s] INFO:colcon.colcon_core.shell:Creating environment descriptor '/home/ubuntu/dev_ws/install/quadrobot/share/quadrobot/hook/cmake_prefix_path.dsv'
[9.930s] INFO:colcon.colcon_core.shell:Creating environment hook '/home/ubuntu/dev_ws/install/quadrobot/share/quadrobot/hook/cmake_prefix_path.sh'
[9.932s] Level 1:colcon.colcon_core.environment:checking '/home/ubuntu/dev_ws/install/quadrobot/bin'
[9.933s] Level 1:colcon.colcon_core.environment:checking '/home/ubuntu/dev_ws/install/quadrobot/lib/pkgconfig/quadrobot.pc'
[9.934s] Level 1:colcon.colcon_core.environment:checking '/home/ubuntu/dev_ws/install/quadrobot/lib/python3.12/site-packages'
[9.934s] Level 1:colcon.colcon_core.environment:checking '/home/ubuntu/dev_ws/install/quadrobot/bin'
[9.935s] INFO:colcon.colcon_core.shell:Creating package script '/home/ubuntu/dev_ws/install/quadrobot/share/quadrobot/package.ps1'
[9.937s] INFO:colcon.colcon_core.shell:Creating package descriptor '/home/ubuntu/dev_ws/install/quadrobot/share/quadrobot/package.dsv'
[9.938s] INFO:colcon.colcon_core.shell:Creating package script '/home/ubuntu/dev_ws/install/quadrobot/share/quadrobot/package.sh'
[9.940s] INFO:colcon.colcon_core.shell:Creating package script '/home/ubuntu/dev_ws/install/quadrobot/share/quadrobot/package.bash'
[9.941s] INFO:colcon.colcon_core.shell:Creating package script '/home/ubuntu/dev_ws/install/quadrobot/share/quadrobot/package.zsh'
[9.943s] Level 1:colcon.colcon_core.environment:create_file_with_runtime_dependencies(/home/ubuntu/dev_ws/install/quadrobot/share/colcon-core/packages/quadrobot)
[15.201s] DEBUG:colcon.colcon_core.event_handler.log_command:Invoked command in '/home/ubuntu/dev_ws/build/space_interfaces' returned '0': CMAKE_PREFIX_PATH=${CMAKE_PREFIX_PATH}:/opt/ros/jazzy /usr/bin/cmake /home/ubuntu/dev_ws/src/space_interfaces -DAMENT_CMAKE_SYMLINK_INSTALL=1 -DCMAKE_INSTALL_PREFIX=/home/ubuntu/dev_ws/install/space_interfaces
[15.203s] DEBUG:colcon.colcon_core.event_handler.log_command:Invoking command in '/home/ubuntu/dev_ws/build/space_interfaces': CMAKE_PREFIX_PATH=${CMAKE_PREFIX_PATH}:/opt/ros/jazzy /usr/bin/cmake --build /home/ubuntu/dev_ws/build/space_interfaces -- -j16 -l16
[20.388s] DEBUG:colcon.colcon_core.event_handler.log_command:Invoked command in '/home/ubuntu/dev_ws/build/space_interfaces' returned '0': CMAKE_PREFIX_PATH=${CMAKE_PREFIX_PATH}:/opt/ros/jazzy /usr/bin/cmake --build /home/ubuntu/dev_ws/build/space_interfaces -- -j16 -l16
[20.477s] DEBUG:colcon.colcon_core.event_handler.log_command:Invoking command in '/home/ubuntu/dev_ws/build/space_interfaces': CMAKE_PREFIX_PATH=${CMAKE_PREFIX_PATH}:/opt/ros/jazzy /usr/bin/cmake --install /home/ubuntu/dev_ws/build/space_interfaces
[21.339s] Level 1:colcon.colcon_core.environment:create_environment_scripts_only(space_interfaces)
[21.339s] Level 1:colcon.colcon_core.environment:checking '/home/ubuntu/dev_ws/install/space_interfaces' for CMake module files
[21.341s] DEBUG:colcon.colcon_core.event_handler.log_command:Invoked command in '/home/ubuntu/dev_ws/build/space_interfaces' returned '0': CMAKE_PREFIX_PATH=${CMAKE_PREFIX_PATH}:/opt/ros/jazzy /usr/bin/cmake --install /home/ubuntu/dev_ws/build/space_interfaces
[21.341s] Level 1:colcon.colcon_core.environment:checking '/home/ubuntu/dev_ws/install/space_interfaces' for CMake config files
[21.342s] Level 1:colcon.colcon_core.shell:create_environment_hook('space_interfaces', 'cmake_prefix_path')
[21.342s] INFO:colcon.colcon_core.shell:Creating environment hook '/home/ubuntu/dev_ws/install/space_interfaces/share/space_interfaces/hook/cmake_prefix_path.ps1'
[21.343s] INFO:colcon.colcon_core.shell:Creating environment descriptor '/home/ubuntu/dev_ws/install/space_interfaces/share/space_interfaces/hook/cmake_prefix_path.dsv'
[21.344s] INFO:colcon.colcon_core.shell:Creating environment hook '/home/ubuntu/dev_ws/install/space_interfaces/share/space_interfaces/hook/cmake_prefix_path.sh'
[21.344s] Level 1:colcon.colcon_core.environment:checking '/home/ubuntu/dev_ws/install/space_interfaces/lib'
[21.345s] Level 1:colcon.colcon_core.shell:create_environment_hook('space_interfaces', 'ld_library_path_lib')
[21.345s] INFO:colcon.colcon_core.shell:Creating environment hook '/home/ubuntu/dev_ws/install/space_interfaces/share/space_interfaces/hook/ld_library_path_lib.ps1'
[21.345s] INFO:colcon.colcon_core.shell:Creating environment descriptor '/home/ubuntu/dev_ws/install/space_interfaces/share/space_interfaces/hook/ld_library_path_lib.dsv'
[21.346s] INFO:colcon.colcon_core.shell:Creating environment hook '/home/ubuntu/dev_ws/install/space_interfaces/share/space_interfaces/hook/ld_library_path_lib.sh'
[21.346s] Level 1:colcon.colcon_core.environment:checking '/home/ubuntu/dev_ws/install/space_interfaces/bin'
[21.347s] Level 1:colcon.colcon_core.environment:checking '/home/ubuntu/dev_ws/install/space_interfaces/lib/pkgconfig/space_interfaces.pc'
[21.347s] Level 1:colcon.colcon_core.environment:checking '/home/ubuntu/dev_ws/install/space_interfaces/lib/python3.12/site-packages'
[21.347s] Level 1:colcon.colcon_core.shell:create_environment_hook('space_interfaces', 'pythonpath')
[21.347s] INFO:colcon.colcon_core.shell:Creating environment hook '/home/ubuntu/dev_ws/install/space_interfaces/share/space_interfaces/hook/pythonpath.ps1'
[21.348s] INFO:colcon.colcon_core.shell:Creating environment descriptor '/home/ubuntu/dev_ws/install/space_interfaces/share/space_interfaces/hook/pythonpath.dsv'
[21.348s] INFO:colcon.colcon_core.shell:Creating environment hook '/home/ubuntu/dev_ws/install/space_interfaces/share/space_interfaces/hook/pythonpath.sh'
[21.349s] Level 1:colcon.colcon_core.environment:checking '/home/ubuntu/dev_ws/install/space_interfaces/bin'
[21.349s] INFO:colcon.colcon_core.shell:Creating package script '/home/ubuntu/dev_ws/install/space_interfaces/share/space_interfaces/package.ps1'
[21.351s] INFO:colcon.colcon_core.shell:Creating package descriptor '/home/ubuntu/dev_ws/install/space_interfaces/share/space_interfaces/package.dsv'
[21.352s] INFO:colcon.colcon_core.shell:Creating package script '/home/ubuntu/dev_ws/install/space_interfaces/share/space_interfaces/package.sh'
[21.353s] INFO:colcon.colcon_core.shell:Creating package script '/home/ubuntu/dev_ws/install/space_interfaces/share/space_interfaces/package.bash'
[21.353s] INFO:colcon.colcon_core.shell:Creating package script '/home/ubuntu/dev_ws/install/space_interfaces/share/space_interfaces/package.zsh'
[21.354s] Level 1:colcon.colcon_core.environment:create_file_with_runtime_dependencies(/home/ubuntu/dev_ws/install/space_interfaces/share/colcon-core/packages/space_interfaces)
[21.443s] Level 1:colcon.colcon_core.environment:create_environment_scripts_only(space_interfaces)
[21.444s] Level 1:colcon.colcon_core.environment:checking '/home/ubuntu/dev_ws/install/space_interfaces' for CMake module files
[21.446s] Level 1:colcon.colcon_core.environment:checking '/home/ubuntu/dev_ws/install/space_interfaces' for CMake config files
[21.447s] Level 1:colcon.colcon_core.shell:create_environment_hook('space_interfaces', 'cmake_prefix_path')
[21.447s] INFO:colcon.colcon_core.shell:Creating environment hook '/home/ubuntu/dev_ws/install/space_interfaces/share/space_interfaces/hook/cmake_prefix_path.ps1'
[21.448s] INFO:colcon.colcon_core.shell:Creating environment descriptor '/home/ubuntu/dev_ws/install/space_interfaces/share/space_interfaces/hook/cmake_prefix_path.dsv'
[21.449s] INFO:colcon.colcon_core.shell:Creating environment hook '/home/ubuntu/dev_ws/install/space_interfaces/share/space_interfaces/hook/cmake_prefix_path.sh'
[21.450s] Level 1:colcon.colcon_core.environment:checking '/home/ubuntu/dev_ws/install/space_interfaces/lib'
[21.450s] Level 1:colcon.colcon_core.shell:create_environment_hook('space_interfaces', 'ld_library_path_lib')
[21.450s] INFO:colcon.colcon_core.shell:Creating environment hook '/home/ubuntu/dev_ws/install/space_interfaces/share/space_interfaces/hook/ld_library_path_lib.ps1'
[21.451s] INFO:colcon.colcon_core.shell:Creating environment descriptor '/home/ubuntu/dev_ws/install/space_interfaces/share/space_interfaces/hook/ld_library_path_lib.dsv'
[21.451s] INFO:colcon.colcon_core.shell:Creating environment hook '/home/ubuntu/dev_ws/install/space_interfaces/share/space_interfaces/hook/ld_library_path_lib.sh'
[21.452s] Level 1:colcon.colcon_core.environment:checking '/home/ubuntu/dev_ws/install/space_interfaces/bin'
[21.452s] Level 1:colcon.colcon_core.environment:checking '/home/ubuntu/dev_ws/install/space_interfaces/lib/pkgconfig/space_interfaces.pc'
[21.453s] Level 1:colcon.colcon_core.environment:checking '/home/ubuntu/dev_ws/install/space_interfaces/lib/python3.12/site-packages'
[21.453s] Level 1:colcon.colcon_core.shell:create_environment_hook('space_interfaces', 'pythonpath')
[21.453s] INFO:colcon.colcon_core.shell:Creating environment hook '/home/ubuntu/dev_ws/install/space_interfaces/share/space_interfaces/hook/pythonpath.ps1'
[21.454s] INFO:colcon.colcon_core.shell:Creating environment descriptor '/home/ubuntu/dev_ws/install/space_interfaces/share/space_interfaces/hook/pythonpath.dsv'
[21.454s] INFO:colcon.colcon_core.shell:Creating environment hook '/home/ubuntu/dev_ws/install/space_interfaces/share/space_interfaces/hook/pythonpath.sh'
[21.456s] Level 1:colcon.colcon_core.environment:checking '/home/ubuntu/dev_ws/install/space_interfaces/bin'
[21.456s] INFO:colcon.colcon_core.shell:Creating package script '/home/ubuntu/dev_ws/install/space_interfaces/share/space_interfaces/package.ps1'
[21.457s] INFO:colcon.colcon_core.shell:Creating package descriptor '/home/ubuntu/dev_ws/install/space_interfaces/share/space_interfaces/package.dsv'
[21.458s] INFO:colcon.colcon_core.shell:Creating package script '/home/ubuntu/dev_ws/install/space_interfaces/share/space_interfaces/package.sh'
[21.459s] INFO:colcon.colcon_core.shell:Creating package script '/home/ubuntu/dev_ws/install/space_interfaces/share/space_interfaces/package.bash'
[21.460s] INFO:colcon.colcon_core.shell:Creating package script '/home/ubuntu/dev_ws/install/space_interfaces/share/space_interfaces/package.zsh'
[21.461s] Level 1:colcon.colcon_core.environment:create_file_with_runtime_dependencies(/home/ubuntu/dev_ws/install/space_interfaces/share/colcon-core/packages/space_interfaces)
[21.461s] INFO:colcon.colcon_ros.task.ament_cmake.build:Building ROS package in '/home/ubuntu/dev_ws/src/frame_broadcaster' with build type 'ament_cmake'
[21.462s] INFO:colcon.colcon_cmake.task.cmake.build:Building CMake package in '/home/ubuntu/dev_ws/src/frame_broadcaster'
[21.463s] INFO:colcon.colcon_core.shell:Skip shell extension 'powershell' for command environment: Not usable outside of PowerShell
[21.463s] DEBUG:colcon.colcon_core.shell:Skip shell extension 'dsv' for command environment
[21.469s] INFO:colcon.colcon_ros.task.ament_cmake.build:Building ROS package in '/home/ubuntu/dev_ws/src/frame_listener' with build type 'ament_cmake'
[21.470s] INFO:colcon.colcon_cmake.task.cmake.build:Building CMake package in '/home/ubuntu/dev_ws/src/frame_listener'
[21.470s] INFO:colcon.colcon_core.shell:Skip shell extension 'powershell' for command environment: Not usable outside of PowerShell
[21.470s] DEBUG:colcon.colcon_core.shell:Skip shell extension 'dsv' for command environment
[21.846s] DEBUG:colcon.colcon_core.event_handler.log_command:Invoking command in '/home/ubuntu/dev_ws/build/frame_broadcaster': AMENT_PREFIX_PATH=/home/ubuntu/dev_ws/install/space_interfaces:${AMENT_PREFIX_PATH} CMAKE_PREFIX_PATH=/home/ubuntu/dev_ws/install/space_interfaces:/opt/ros/jazzy/opt/gz_sim_vendor:/opt/ros/jazzy/opt/gz_sensors_vendor:/opt/ros/jazzy/opt/gz_physics_vendor:/opt/ros/jazzy/opt/sdformat_vendor:/opt/ros/jazzy/opt/gz_gui_vendor:/opt/ros/jazzy/opt/gz_transport_vendor:/opt/ros/jazzy/opt/gz_rendering_vendor:/opt/ros/jazzy/opt/gz_plugin_vendor:/opt/ros/jazzy/opt/gz_fuel_tools_vendor:/opt/ros/jazzy/opt/gz_msgs_vendor:/opt/ros/jazzy/opt/gz_common_vendor:/opt/ros/jazzy/opt/gz_math_vendor:/opt/ros/jazzy/opt/gz_utils_vendor:/opt/ros/jazzy/opt/gz_tools_vendor:/opt/ros/jazzy/opt/gz_ogre_next_vendor:/opt/ros/jazzy/opt/gz_dartsim_vendor:/opt/ros/jazzy/opt/gz_cmake_vendor:/opt/ros/jazzy LD_LIBRARY_PATH=/home/ubuntu/dev_ws/install/space_interfaces/lib:${LD_LIBRARY_PATH} PYTHONPATH=/home/ubuntu/dev_ws/install/space_interfaces/lib/python3.12/site-packages:${PYTHONPATH} /usr/bin/cmake /home/ubuntu/dev_ws/src/frame_broadcaster -DAMENT_CMAKE_SYMLINK_INSTALL=1 -DCMAKE_INSTALL_PREFIX=/home/ubuntu/dev_ws/install/frame_broadcaster
[21.849s] DEBUG:colcon.colcon_core.event_handler.log_command:Invoking command in '/home/ubuntu/dev_ws/build/frame_listener': AMENT_PREFIX_PATH=/home/ubuntu/dev_ws/install/space_interfaces:${AMENT_PREFIX_PATH} CMAKE_PREFIX_PATH=/home/ubuntu/dev_ws/install/space_interfaces:/opt/ros/jazzy/opt/gz_sim_vendor:/opt/ros/jazzy/opt/gz_sensors_vendor:/opt/ros/jazzy/opt/gz_physics_vendor:/opt/ros/jazzy/opt/sdformat_vendor:/opt/ros/jazzy/opt/gz_gui_vendor:/opt/ros/jazzy/opt/gz_transport_vendor:/opt/ros/jazzy/opt/gz_rendering_vendor:/opt/ros/jazzy/opt/gz_plugin_vendor:/opt/ros/jazzy/opt/gz_fuel_tools_vendor:/opt/ros/jazzy/opt/gz_msgs_vendor:/opt/ros/jazzy/opt/gz_common_vendor:/opt/ros/jazzy/opt/gz_math_vendor:/opt/ros/jazzy/opt/gz_utils_vendor:/opt/ros/jazzy/opt/gz_tools_vendor:/opt/ros/jazzy/opt/gz_ogre_next_vendor:/opt/ros/jazzy/opt/gz_dartsim_vendor:/opt/ros/jazzy/opt/gz_cmake_vendor:/opt/ros/jazzy LD_LIBRARY_PATH=/home/ubuntu/dev_ws/install/space_interfaces/lib:${LD_LIBRARY_PATH} PYTHONPATH=/home/ubuntu/dev_ws/install/space_interfaces/lib/python3.12/site-packages:${PYTHONPATH} /usr/bin/cmake /home/ubuntu/dev_ws/src/frame_listener -DAMENT_CMAKE_SYMLINK_INSTALL=1 -DCMAKE_INSTALL_PREFIX=/home/ubuntu/dev_ws/install/frame_listener
[32.593s] DEBUG:colcon.colcon_core.event_handler.log_command:Invoked command in '/home/ubuntu/dev_ws/build/frame_listener' returned '0': AMENT_PREFIX_PATH=/home/ubuntu/dev_ws/install/space_interfaces:${AMENT_PREFIX_PATH} CMAKE_PREFIX_PATH=/home/ubuntu/dev_ws/install/space_interfaces:/opt/ros/jazzy/opt/gz_sim_vendor:/opt/ros/jazzy/opt/gz_sensors_vendor:/opt/ros/jazzy/opt/gz_physics_vendor:/opt/ros/jazzy/opt/sdformat_vendor:/opt/ros/jazzy/opt/gz_gui_vendor:/opt/ros/jazzy/opt/gz_transport_vendor:/opt/ros/jazzy/opt/gz_rendering_vendor:/opt/ros/jazzy/opt/gz_plugin_vendor:/opt/ros/jazzy/opt/gz_fuel_tools_vendor:/opt/ros/jazzy/opt/gz_msgs_vendor:/opt/ros/jazzy/opt/gz_common_vendor:/opt/ros/jazzy/opt/gz_math_vendor:/opt/ros/jazzy/opt/gz_utils_vendor:/opt/ros/jazzy/opt/gz_tools_vendor:/opt/ros/jazzy/opt/gz_ogre_next_vendor:/opt/ros/jazzy/opt/gz_dartsim_vendor:/opt/ros/jazzy/opt/gz_cmake_vendor:/opt/ros/jazzy LD_LIBRARY_PATH=/home/ubuntu/dev_ws/install/space_interfaces/lib:${LD_LIBRARY_PATH} PYTHONPATH=/home/ubuntu/dev_ws/install/space_interfaces/lib/python3.12/site-packages:${PYTHONPATH} /usr/bin/cmake /home/ubuntu/dev_ws/src/frame_listener -DAMENT_CMAKE_SYMLINK_INSTALL=1 -DCMAKE_INSTALL_PREFIX=/home/ubuntu/dev_ws/install/frame_listener
[32.595s] DEBUG:colcon.colcon_core.event_handler.log_command:Invoking command in '/home/ubuntu/dev_ws/build/frame_listener': AMENT_PREFIX_PATH=/home/ubuntu/dev_ws/install/space_interfaces:${AMENT_PREFIX_PATH} CMAKE_PREFIX_PATH=/home/ubuntu/dev_ws/install/space_interfaces:/opt/ros/jazzy/opt/gz_sim_vendor:/opt/ros/jazzy/opt/gz_sensors_vendor:/opt/ros/jazzy/opt/gz_physics_vendor:/opt/ros/jazzy/opt/sdformat_vendor:/opt/ros/jazzy/opt/gz_gui_vendor:/opt/ros/jazzy/opt/gz_transport_vendor:/opt/ros/jazzy/opt/gz_rendering_vendor:/opt/ros/jazzy/opt/gz_plugin_vendor:/opt/ros/jazzy/opt/gz_fuel_tools_vendor:/opt/ros/jazzy/opt/gz_msgs_vendor:/opt/ros/jazzy/opt/gz_common_vendor:/opt/ros/jazzy/opt/gz_math_vendor:/opt/ros/jazzy/opt/gz_utils_vendor:/opt/ros/jazzy/opt/gz_tools_vendor:/opt/ros/jazzy/opt/gz_ogre_next_vendor:/opt/ros/jazzy/opt/gz_dartsim_vendor:/opt/ros/jazzy/opt/gz_cmake_vendor:/opt/ros/jazzy LD_LIBRARY_PATH=/home/ubuntu/dev_ws/install/space_interfaces/lib:${LD_LIBRARY_PATH} PYTHONPATH=/home/ubuntu/dev_ws/install/space_interfaces/lib/python3.12/site-packages:${PYTHONPATH} /usr/bin/cmake --build /home/ubuntu/dev_ws/build/frame_listener -- -j16 -l16
[32.599s] DEBUG:colcon.colcon_core.event_handler.log_command:Invoked command in '/home/ubuntu/dev_ws/build/frame_broadcaster' returned '0': AMENT_PREFIX_PATH=/home/ubuntu/dev_ws/install/space_interfaces:${AMENT_PREFIX_PATH} CMAKE_PREFIX_PATH=/home/ubuntu/dev_ws/install/space_interfaces:/opt/ros/jazzy/opt/gz_sim_vendor:/opt/ros/jazzy/opt/gz_sensors_vendor:/opt/ros/jazzy/opt/gz_physics_vendor:/opt/ros/jazzy/opt/sdformat_vendor:/opt/ros/jazzy/opt/gz_gui_vendor:/opt/ros/jazzy/opt/gz_transport_vendor:/opt/ros/jazzy/opt/gz_rendering_vendor:/opt/ros/jazzy/opt/gz_plugin_vendor:/opt/ros/jazzy/opt/gz_fuel_tools_vendor:/opt/ros/jazzy/opt/gz_msgs_vendor:/opt/ros/jazzy/opt/gz_common_vendor:/opt/ros/jazzy/opt/gz_math_vendor:/opt/ros/jazzy/opt/gz_utils_vendor:/opt/ros/jazzy/opt/gz_tools_vendor:/opt/ros/jazzy/opt/gz_ogre_next_vendor:/opt/ros/jazzy/opt/gz_dartsim_vendor:/opt/ros/jazzy/opt/gz_cmake_vendor:/opt/ros/jazzy LD_LIBRARY_PATH=/home/ubuntu/dev_ws/install/space_interfaces/lib:${LD_LIBRARY_PATH} PYTHONPATH=/home/ubuntu/dev_ws/install/space_interfaces/lib/python3.12/site-packages:${PYTHONPATH} /usr/bin/cmake /home/ubuntu/dev_ws/src/frame_broadcaster -DAMENT_CMAKE_SYMLINK_INSTALL=1 -DCMAKE_INSTALL_PREFIX=/home/ubuntu/dev_ws/install/frame_broadcaster
[32.601s] DEBUG:colcon.colcon_core.event_handler.log_command:Invoking command in '/home/ubuntu/dev_ws/build/frame_broadcaster': AMENT_PREFIX_PATH=/home/ubuntu/dev_ws/install/space_interfaces:${AMENT_PREFIX_PATH} CMAKE_PREFIX_PATH=/home/ubuntu/dev_ws/install/space_interfaces:/opt/ros/jazzy/opt/gz_sim_vendor:/opt/ros/jazzy/opt/gz_sensors_vendor:/opt/ros/jazzy/opt/gz_physics_vendor:/opt/ros/jazzy/opt/sdformat_vendor:/opt/ros/jazzy/opt/gz_gui_vendor:/opt/ros/jazzy/opt/gz_transport_vendor:/opt/ros/jazzy/opt/gz_rendering_vendor:/opt/ros/jazzy/opt/gz_plugin_vendor:/opt/ros/jazzy/opt/gz_fuel_tools_vendor:/opt/ros/jazzy/opt/gz_msgs_vendor:/opt/ros/jazzy/opt/gz_common_vendor:/opt/ros/jazzy/opt/gz_math_vendor:/opt/ros/jazzy/opt/gz_utils_vendor:/opt/ros/jazzy/opt/gz_tools_vendor:/opt/ros/jazzy/opt/gz_ogre_next_vendor:/opt/ros/jazzy/opt/gz_dartsim_vendor:/opt/ros/jazzy/opt/gz_cmake_vendor:/opt/ros/jazzy LD_LIBRARY_PATH=/home/ubuntu/dev_ws/install/space_interfaces/lib:${LD_LIBRARY_PATH} PYTHONPATH=/home/ubuntu/dev_ws/install/space_interfaces/lib/python3.12/site-packages:${PYTHONPATH} /usr/bin/cmake --build /home/ubuntu/dev_ws/build/frame_broadcaster -- -j16 -l16
[44.653s] DEBUG:colcon.colcon_core.event_handler.log_command:Invoked command in '/home/ubuntu/dev_ws/build/frame_broadcaster' returned '0': AMENT_PREFIX_PATH=/home/ubuntu/dev_ws/install/space_interfaces:${AMENT_PREFIX_PATH} CMAKE_PREFIX_PATH=/home/ubuntu/dev_ws/install/space_interfaces:/opt/ros/jazzy/opt/gz_sim_vendor:/opt/ros/jazzy/opt/gz_sensors_vendor:/opt/ros/jazzy/opt/gz_physics_vendor:/opt/ros/jazzy/opt/sdformat_vendor:/opt/ros/jazzy/opt/gz_gui_vendor:/opt/ros/jazzy/opt/gz_transport_vendor:/opt/ros/jazzy/opt/gz_rendering_vendor:/opt/ros/jazzy/opt/gz_plugin_vendor:/opt/ros/jazzy/opt/gz_fuel_tools_vendor:/opt/ros/jazzy/opt/gz_msgs_vendor:/opt/ros/jazzy/opt/gz_common_vendor:/opt/ros/jazzy/opt/gz_math_vendor:/opt/ros/jazzy/opt/gz_utils_vendor:/opt/ros/jazzy/opt/gz_tools_vendor:/opt/ros/jazzy/opt/gz_ogre_next_vendor:/opt/ros/jazzy/opt/gz_dartsim_vendor:/opt/ros/jazzy/opt/gz_cmake_vendor:/opt/ros/jazzy LD_LIBRARY_PATH=/home/ubuntu/dev_ws/install/space_interfaces/lib:${LD_LIBRARY_PATH} PYTHONPATH=/home/ubuntu/dev_ws/install/space_interfaces/lib/python3.12/site-packages:${PYTHONPATH} /usr/bin/cmake --build /home/ubuntu/dev_ws/build/frame_broadcaster -- -j16 -l16
[44.685s] DEBUG:colcon.colcon_core.event_handler.log_command:Invoking command in '/home/ubuntu/dev_ws/build/frame_broadcaster': AMENT_PREFIX_PATH=/home/ubuntu/dev_ws/install/space_interfaces:${AMENT_PREFIX_PATH} CMAKE_PREFIX_PATH=/home/ubuntu/dev_ws/install/space_interfaces:/opt/ros/jazzy/opt/gz_sim_vendor:/opt/ros/jazzy/opt/gz_sensors_vendor:/opt/ros/jazzy/opt/gz_physics_vendor:/opt/ros/jazzy/opt/sdformat_vendor:/opt/ros/jazzy/opt/gz_gui_vendor:/opt/ros/jazzy/opt/gz_transport_vendor:/opt/ros/jazzy/opt/gz_rendering_vendor:/opt/ros/jazzy/opt/gz_plugin_vendor:/opt/ros/jazzy/opt/gz_fuel_tools_vendor:/opt/ros/jazzy/opt/gz_msgs_vendor:/opt/ros/jazzy/opt/gz_common_vendor:/opt/ros/jazzy/opt/gz_math_vendor:/opt/ros/jazzy/opt/gz_utils_vendor:/opt/ros/jazzy/opt/gz_tools_vendor:/opt/ros/jazzy/opt/gz_ogre_next_vendor:/opt/ros/jazzy/opt/gz_dartsim_vendor:/opt/ros/jazzy/opt/gz_cmake_vendor:/opt/ros/jazzy LD_LIBRARY_PATH=/home/ubuntu/dev_ws/install/space_interfaces/lib:${LD_LIBRARY_PATH} PYTHONPATH=/home/ubuntu/dev_ws/install/space_interfaces/lib/python3.12/site-packages:${PYTHONPATH} /usr/bin/cmake --install /home/ubuntu/dev_ws/build/frame_broadcaster
[44.901s] Level 1:colcon.colcon_core.environment:create_environment_scripts_only(frame_broadcaster)
[44.902s] Level 1:colcon.colcon_core.environment:checking '/home/ubuntu/dev_ws/install/frame_broadcaster' for CMake module files
[44.904s] DEBUG:colcon.colcon_core.event_handler.log_command:Invoked command in '/home/ubuntu/dev_ws/build/frame_broadcaster' returned '0': AMENT_PREFIX_PATH=/home/ubuntu/dev_ws/install/space_interfaces:${AMENT_PREFIX_PATH} CMAKE_PREFIX_PATH=/home/ubuntu/dev_ws/install/space_interfaces:/opt/ros/jazzy/opt/gz_sim_vendor:/opt/ros/jazzy/opt/gz_sensors_vendor:/opt/ros/jazzy/opt/gz_physics_vendor:/opt/ros/jazzy/opt/sdformat_vendor:/opt/ros/jazzy/opt/gz_gui_vendor:/opt/ros/jazzy/opt/gz_transport_vendor:/opt/ros/jazzy/opt/gz_rendering_vendor:/opt/ros/jazzy/opt/gz_plugin_vendor:/opt/ros/jazzy/opt/gz_fuel_tools_vendor:/opt/ros/jazzy/opt/gz_msgs_vendor:/opt/ros/jazzy/opt/gz_common_vendor:/opt/ros/jazzy/opt/gz_math_vendor:/opt/ros/jazzy/opt/gz_utils_vendor:/opt/ros/jazzy/opt/gz_tools_vendor:/opt/ros/jazzy/opt/gz_ogre_next_vendor:/opt/ros/jazzy/opt/gz_dartsim_vendor:/opt/ros/jazzy/opt/gz_cmake_vendor:/opt/ros/jazzy LD_LIBRARY_PATH=/home/ubuntu/dev_ws/install/space_interfaces/lib:${LD_LIBRARY_PATH} PYTHONPATH=/home/ubuntu/dev_ws/install/space_interfaces/lib/python3.12/site-packages:${PYTHONPATH} /usr/bin/cmake --install /home/ubuntu/dev_ws/build/frame_broadcaster
[44.906s] Level 1:colcon.colcon_core.environment:checking '/home/ubuntu/dev_ws/install/frame_broadcaster' for CMake config files
[44.908s] Level 1:colcon.colcon_core.shell:create_environment_hook('frame_broadcaster', 'cmake_prefix_path')
[44.910s] INFO:colcon.colcon_core.shell:Creating environment hook '/home/ubuntu/dev_ws/install/frame_broadcaster/share/frame_broadcaster/hook/cmake_prefix_path.ps1'
[44.912s] INFO:colcon.colcon_core.shell:Creating environment descriptor '/home/ubuntu/dev_ws/install/frame_broadcaster/share/frame_broadcaster/hook/cmake_prefix_path.dsv'
[44.913s] INFO:colcon.colcon_core.shell:Creating environment hook '/home/ubuntu/dev_ws/install/frame_broadcaster/share/frame_broadcaster/hook/cmake_prefix_path.sh'
[44.914s] Level 1:colcon.colcon_core.environment:checking '/home/ubuntu/dev_ws/install/frame_broadcaster/lib'
[44.915s] Level 1:colcon.colcon_core.environment:checking '/home/ubuntu/dev_ws/install/frame_broadcaster/bin'
[44.915s] Level 1:colcon.colcon_core.environment:checking '/home/ubuntu/dev_ws/install/frame_broadcaster/lib/pkgconfig/frame_broadcaster.pc'
[44.916s] Level 1:colcon.colcon_core.environment:checking '/home/ubuntu/dev_ws/install/frame_broadcaster/lib/python3.12/site-packages'
[44.916s] Level 1:colcon.colcon_core.environment:checking '/home/ubuntu/dev_ws/install/frame_broadcaster/bin'
[44.917s] INFO:colcon.colcon_core.shell:Creating package script '/home/ubuntu/dev_ws/install/frame_broadcaster/share/frame_broadcaster/package.ps1'
[44.918s] INFO:colcon.colcon_core.shell:Creating package descriptor '/home/ubuntu/dev_ws/install/frame_broadcaster/share/frame_broadcaster/package.dsv'
[44.919s] INFO:colcon.colcon_core.shell:Creating package script '/home/ubuntu/dev_ws/install/frame_broadcaster/share/frame_broadcaster/package.sh'
[44.920s] INFO:colcon.colcon_core.shell:Creating package script '/home/ubuntu/dev_ws/install/frame_broadcaster/share/frame_broadcaster/package.bash'
[44.921s] INFO:colcon.colcon_core.shell:Creating package script '/home/ubuntu/dev_ws/install/frame_broadcaster/share/frame_broadcaster/package.zsh'
[44.922s] Level 1:colcon.colcon_core.environment:create_file_with_runtime_dependencies(/home/ubuntu/dev_ws/install/frame_broadcaster/share/colcon-core/packages/frame_broadcaster)
[44.980s] Level 1:colcon.colcon_core.environment:create_environment_scripts_only(frame_broadcaster)
[44.981s] Level 1:colcon.colcon_core.environment:checking '/home/ubuntu/dev_ws/install/frame_broadcaster' for CMake module files
[44.982s] Level 1:colcon.colcon_core.environment:checking '/home/ubuntu/dev_ws/install/frame_broadcaster' for CMake config files
[44.983s] Level 1:colcon.colcon_core.shell:create_environment_hook('frame_broadcaster', 'cmake_prefix_path')
[44.984s] INFO:colcon.colcon_core.shell:Creating environment hook '/home/ubuntu/dev_ws/install/frame_broadcaster/share/frame_broadcaster/hook/cmake_prefix_path.ps1'
[44.986s] INFO:colcon.colcon_core.shell:Creating environment descriptor '/home/ubuntu/dev_ws/install/frame_broadcaster/share/frame_broadcaster/hook/cmake_prefix_path.dsv'
[44.987s] INFO:colcon.colcon_core.shell:Creating environment hook '/home/ubuntu/dev_ws/install/frame_broadcaster/share/frame_broadcaster/hook/cmake_prefix_path.sh'
[44.989s] Level 1:colcon.colcon_core.environment:checking '/home/ubuntu/dev_ws/install/frame_broadcaster/lib'
[44.989s] Level 1:colcon.colcon_core.environment:checking '/home/ubuntu/dev_ws/install/frame_broadcaster/bin'
[44.989s] Level 1:colcon.colcon_core.environment:checking '/home/ubuntu/dev_ws/install/frame_broadcaster/lib/pkgconfig/frame_broadcaster.pc'
[44.990s] Level 1:colcon.colcon_core.environment:checking '/home/ubuntu/dev_ws/install/frame_broadcaster/lib/python3.12/site-packages'
[44.991s] Level 1:colcon.colcon_core.environment:checking '/home/ubuntu/dev_ws/install/frame_broadcaster/bin'
[44.992s] INFO:colcon.colcon_core.shell:Creating package script '/home/ubuntu/dev_ws/install/frame_broadcaster/share/frame_broadcaster/package.ps1'
[44.994s] INFO:colcon.colcon_core.shell:Creating package descriptor '/home/ubuntu/dev_ws/install/frame_broadcaster/share/frame_broadcaster/package.dsv'
[44.996s] INFO:colcon.colcon_core.shell:Creating package script '/home/ubuntu/dev_ws/install/frame_broadcaster/share/frame_broadcaster/package.sh'
[44.998s] INFO:colcon.colcon_core.shell:Creating package script '/home/ubuntu/dev_ws/install/frame_broadcaster/share/frame_broadcaster/package.bash'
[44.999s] INFO:colcon.colcon_core.shell:Creating package script '/home/ubuntu/dev_ws/install/frame_broadcaster/share/frame_broadcaster/package.zsh'
[45.000s] Level 1:colcon.colcon_core.environment:create_file_with_runtime_dependencies(/home/ubuntu/dev_ws/install/frame_broadcaster/share/colcon-core/packages/frame_broadcaster)
[45.500s] DEBUG:colcon.colcon_core.event_handler.log_command:Invoked command in '/home/ubuntu/dev_ws/build/frame_listener' returned '0': AMENT_PREFIX_PATH=/home/ubuntu/dev_ws/install/space_interfaces:${AMENT_PREFIX_PATH} CMAKE_PREFIX_PATH=/home/ubuntu/dev_ws/install/space_interfaces:/opt/ros/jazzy/opt/gz_sim_vendor:/opt/ros/jazzy/opt/gz_sensors_vendor:/opt/ros/jazzy/opt/gz_physics_vendor:/opt/ros/jazzy/opt/sdformat_vendor:/opt/ros/jazzy/opt/gz_gui_vendor:/opt/ros/jazzy/opt/gz_transport_vendor:/opt/ros/jazzy/opt/gz_rendering_vendor:/opt/ros/jazzy/opt/gz_plugin_vendor:/opt/ros/jazzy/opt/gz_fuel_tools_vendor:/opt/ros/jazzy/opt/gz_msgs_vendor:/opt/ros/jazzy/opt/gz_common_vendor:/opt/ros/jazzy/opt/gz_math_vendor:/opt/ros/jazzy/opt/gz_utils_vendor:/opt/ros/jazzy/opt/gz_tools_vendor:/opt/ros/jazzy/opt/gz_ogre_next_vendor:/opt/ros/jazzy/opt/gz_dartsim_vendor:/opt/ros/jazzy/opt/gz_cmake_vendor:/opt/ros/jazzy LD_LIBRARY_PATH=/home/ubuntu/dev_ws/install/space_interfaces/lib:${LD_LIBRARY_PATH} PYTHONPATH=/home/ubuntu/dev_ws/install/space_interfaces/lib/python3.12/site-packages:${PYTHONPATH} /usr/bin/cmake --build /home/ubuntu/dev_ws/build/frame_listener -- -j16 -l16
[45.562s] DEBUG:colcon.colcon_core.event_handler.log_command:Invoking command in '/home/ubuntu/dev_ws/build/frame_listener': AMENT_PREFIX_PATH=/home/ubuntu/dev_ws/install/space_interfaces:${AMENT_PREFIX_PATH} CMAKE_PREFIX_PATH=/home/ubuntu/dev_ws/install/space_interfaces:/opt/ros/jazzy/opt/gz_sim_vendor:/opt/ros/jazzy/opt/gz_sensors_vendor:/opt/ros/jazzy/opt/gz_physics_vendor:/opt/ros/jazzy/opt/sdformat_vendor:/opt/ros/jazzy/opt/gz_gui_vendor:/opt/ros/jazzy/opt/gz_transport_vendor:/opt/ros/jazzy/opt/gz_rendering_vendor:/opt/ros/jazzy/opt/gz_plugin_vendor:/opt/ros/jazzy/opt/gz_fuel_tools_vendor:/opt/ros/jazzy/opt/gz_msgs_vendor:/opt/ros/jazzy/opt/gz_common_vendor:/opt/ros/jazzy/opt/gz_math_vendor:/opt/ros/jazzy/opt/gz_utils_vendor:/opt/ros/jazzy/opt/gz_tools_vendor:/opt/ros/jazzy/opt/gz_ogre_next_vendor:/opt/ros/jazzy/opt/gz_dartsim_vendor:/opt/ros/jazzy/opt/gz_cmake_vendor:/opt/ros/jazzy LD_LIBRARY_PATH=/home/ubuntu/dev_ws/install/space_interfaces/lib:${LD_LIBRARY_PATH} PYTHONPATH=/home/ubuntu/dev_ws/install/space_interfaces/lib/python3.12/site-packages:${PYTHONPATH} /usr/bin/cmake --install /home/ubuntu/dev_ws/build/frame_listener
[46.048s] Level 1:colcon.colcon_core.environment:create_environment_scripts_only(frame_listener)
[46.049s] DEBUG:colcon.colcon_core.event_handler.log_command:Invoked command in '/home/ubuntu/dev_ws/build/frame_listener' returned '0': AMENT_PREFIX_PATH=/home/ubuntu/dev_ws/install/space_interfaces:${AMENT_PREFIX_PATH} CMAKE_PREFIX_PATH=/home/ubuntu/dev_ws/install/space_interfaces:/opt/ros/jazzy/opt/gz_sim_vendor:/opt/ros/jazzy/opt/gz_sensors_vendor:/opt/ros/jazzy/opt/gz_physics_vendor:/opt/ros/jazzy/opt/sdformat_vendor:/opt/ros/jazzy/opt/gz_gui_vendor:/opt/ros/jazzy/opt/gz_transport_vendor:/opt/ros/jazzy/opt/gz_rendering_vendor:/opt/ros/jazzy/opt/gz_plugin_vendor:/opt/ros/jazzy/opt/gz_fuel_tools_vendor:/opt/ros/jazzy/opt/gz_msgs_vendor:/opt/ros/jazzy/opt/gz_common_vendor:/opt/ros/jazzy/opt/gz_math_vendor:/opt/ros/jazzy/opt/gz_utils_vendor:/opt/ros/jazzy/opt/gz_tools_vendor:/opt/ros/jazzy/opt/gz_ogre_next_vendor:/opt/ros/jazzy/opt/gz_dartsim_vendor:/opt/ros/jazzy/opt/gz_cmake_vendor:/opt/ros/jazzy LD_LIBRARY_PATH=/home/ubuntu/dev_ws/install/space_interfaces/lib:${LD_LIBRARY_PATH} PYTHONPATH=/home/ubuntu/dev_ws/install/space_interfaces/lib/python3.12/site-packages:${PYTHONPATH} /usr/bin/cmake --install /home/ubuntu/dev_ws/build/frame_listener
[46.050s] Level 1:colcon.colcon_core.environment:checking '/home/ubuntu/dev_ws/install/frame_listener' for CMake module files
[46.053s] Level 1:colcon.colcon_core.environment:checking '/home/ubuntu/dev_ws/install/frame_listener' for CMake config files
[46.054s] Level 1:colcon.colcon_core.shell:create_environment_hook('frame_listener', 'cmake_prefix_path')
[46.055s] INFO:colcon.colcon_core.shell:Creating environment hook '/home/ubuntu/dev_ws/install/frame_listener/share/frame_listener/hook/cmake_prefix_path.ps1'
[46.057s] INFO:colcon.colcon_core.shell:Creating environment descriptor '/home/ubuntu/dev_ws/install/frame_listener/share/frame_listener/hook/cmake_prefix_path.dsv'
[46.059s] INFO:colcon.colcon_core.shell:Creating environment hook '/home/ubuntu/dev_ws/install/frame_listener/share/frame_listener/hook/cmake_prefix_path.sh'
[46.061s] Level 1:colcon.colcon_core.environment:checking '/home/ubuntu/dev_ws/install/frame_listener/lib'
[46.061s] Level 1:colcon.colcon_core.environment:checking '/home/ubuntu/dev_ws/install/frame_listener/bin'
[46.062s] Level 1:colcon.colcon_core.environment:checking '/home/ubuntu/dev_ws/install/frame_listener/lib/pkgconfig/frame_listener.pc'
[46.063s] Level 1:colcon.colcon_core.environment:checking '/home/ubuntu/dev_ws/install/frame_listener/lib/python3.12/site-packages'
[46.064s] Level 1:colcon.colcon_core.environment:checking '/home/ubuntu/dev_ws/install/frame_listener/bin'
[46.065s] INFO:colcon.colcon_core.shell:Creating package script '/home/ubuntu/dev_ws/install/frame_listener/share/frame_listener/package.ps1'
[46.067s] INFO:colcon.colcon_core.shell:Creating package descriptor '/home/ubuntu/dev_ws/install/frame_listener/share/frame_listener/package.dsv'
[46.068s] INFO:colcon.colcon_core.shell:Creating package script '/home/ubuntu/dev_ws/install/frame_listener/share/frame_listener/package.sh'
[46.070s] INFO:colcon.colcon_core.shell:Creating package script '/home/ubuntu/dev_ws/install/frame_listener/share/frame_listener/package.bash'
[46.071s] INFO:colcon.colcon_core.shell:Creating package script '/home/ubuntu/dev_ws/install/frame_listener/share/frame_listener/package.zsh'
[46.073s] Level 1:colcon.colcon_core.environment:create_file_with_runtime_dependencies(/home/ubuntu/dev_ws/install/frame_listener/share/colcon-core/packages/frame_listener)
[46.156s] Level 1:colcon.colcon_core.environment:create_environment_scripts_only(frame_listener)
[46.157s] Level 1:colcon.colcon_core.environment:checking '/home/ubuntu/dev_ws/install/frame_listener' for CMake module files
[46.159s] Level 1:colcon.colcon_core.environment:checking '/home/ubuntu/dev_ws/install/frame_listener' for CMake config files
[46.160s] Level 1:colcon.colcon_core.shell:create_environment_hook('frame_listener', 'cmake_prefix_path')
[46.161s] INFO:colcon.colcon_core.shell:Creating environment hook '/home/ubuntu/dev_ws/install/frame_listener/share/frame_listener/hook/cmake_prefix_path.ps1'
[46.164s] INFO:colcon.colcon_core.shell:Creating environment descriptor '/home/ubuntu/dev_ws/install/frame_listener/share/frame_listener/hook/cmake_prefix_path.dsv'
[46.166s] INFO:colcon.colcon_core.shell:Creating environment hook '/home/ubuntu/dev_ws/install/frame_listener/share/frame_listener/hook/cmake_prefix_path.sh'
[46.169s] Level 1:colcon.colcon_core.environment:checking '/home/ubuntu/dev_ws/install/frame_listener/lib'
[46.170s] Level 1:colcon.colcon_core.environment:checking '/home/ubuntu/dev_ws/install/frame_listener/bin'
[46.170s] Level 1:colcon.colcon_core.environment:checking '/home/ubuntu/dev_ws/install/frame_listener/lib/pkgconfig/frame_listener.pc'
[46.172s] Level 1:colcon.colcon_core.environment:checking '/home/ubuntu/dev_ws/install/frame_listener/lib/python3.12/site-packages'
[46.174s] Level 1:colcon.colcon_core.environment:checking '/home/ubuntu/dev_ws/install/frame_listener/bin'
[46.175s] INFO:colcon.colcon_core.shell:Creating package script '/home/ubuntu/dev_ws/install/frame_listener/share/frame_listener/package.ps1'
[46.180s] INFO:colcon.colcon_core.shell:Creating package descriptor '/home/ubuntu/dev_ws/install/frame_listener/share/frame_listener/package.dsv'
[46.182s] INFO:colcon.colcon_core.shell:Creating package script '/home/ubuntu/dev_ws/install/frame_listener/share/frame_listener/package.sh'
[46.185s] INFO:colcon.colcon_core.shell:Creating package script '/home/ubuntu/dev_ws/install/frame_listener/share/frame_listener/package.bash'
[46.187s] INFO:colcon.colcon_core.shell:Creating package script '/home/ubuntu/dev_ws/install/frame_listener/share/frame_listener/package.zsh'
[46.188s] Level 1:colcon.colcon_core.environment:create_file_with_runtime_dependencies(/home/ubuntu/dev_ws/install/frame_listener/share/colcon-core/packages/frame_listener)
[46.190s] DEBUG:colcon.colcon_parallel_executor.executor.parallel:closing loop
[46.193s] DEBUG:colcon.colcon_parallel_executor.executor.parallel:loop closed
[46.193s] DEBUG:colcon.colcon_parallel_executor.executor.parallel:run_until_complete finished with '0'
[46.194s] DEBUG:colcon.colcon_core.event_reactor:joining thread
[46.559s] INFO:colcon.colcon_core.plugin_system:Skipping extension 'colcon_notification.desktop_notification.notify_send': Could not find 'notify-send'
[46.560s] INFO:colcon.colcon_core.plugin_system:Skipping extension 'colcon_notification.desktop_notification.terminal_notifier': Not used on non-Darwin systems
[46.560s] INFO:colcon.colcon_core.plugin_system:Skipping extension 'colcon_notification.desktop_notification.win32': Not used on non-Windows systems
[46.560s] INFO:colcon.colcon_notification.desktop_notification:Sending desktop notification using 'notify2'
[46.564s] DEBUG:colcon.colcon_notification.desktop_notification.notify2:Failed to initialize notify2: org.freedesktop.DBus.Error.ServiceUnknown: The name org.freedesktop.Notifications was not provided by any .service files
[46.564s] DEBUG:colcon.colcon_core.event_reactor:joined thread
[46.565s] INFO:colcon.colcon_core.shell:Creating prefix script '/home/ubuntu/dev_ws/install/local_setup.ps1'
[46.568s] INFO:colcon.colcon_core.shell:Creating prefix util module '/home/ubuntu/dev_ws/install/_local_setup_util_ps1.py'
[46.571s] INFO:colcon.colcon_core.shell:Creating prefix chain script '/home/ubuntu/dev_ws/install/setup.ps1'
[46.574s] INFO:colcon.colcon_core.shell:Creating prefix script '/home/ubuntu/dev_ws/install/local_setup.sh'
[46.576s] INFO:colcon.colcon_core.shell:Creating prefix util module '/home/ubuntu/dev_ws/install/_local_setup_util_sh.py'
[46.578s] INFO:colcon.colcon_core.shell:Creating prefix chain script '/home/ubuntu/dev_ws/install/setup.sh'
[46.580s] INFO:colcon.colcon_core.shell:Creating prefix script '/home/ubuntu/dev_ws/install/local_setup.bash'
[46.582s] INFO:colcon.colcon_core.shell:Creating prefix chain script '/home/ubuntu/dev_ws/install/setup.bash'
[46.585s] INFO:colcon.colcon_core.shell:Creating prefix script '/home/ubuntu/dev_ws/install/local_setup.zsh'
[46.586s] INFO:colcon.colcon_core.shell:Creating prefix chain script '/home/ubuntu/dev_ws/install/setup.zsh'
