[0.047s] Invoking command in '/home/ubuntu/quadro_ws/build/quadrobot_viewer': CMAKE_PREFIX_PATH=${CMAKE_PREFIX_PATH}:/opt/ros/jazzy /usr/bin/cmake /home/ubuntu/quadro_ws/src/quadrobot_viewer -DAMENT_CMAKE_SYMLINK_INSTALL=1 -DCMAKE_INSTALL_PREFIX=/home/ubuntu/quadro_ws/install/quadrobot_viewer
[0.811s] -- The C compiler identification is GNU 13.2.0
[5.832s] -- The CXX compiler identification is GNU 13.2.0
[10.459s] -- Detecting C compiler ABI info
[12.070s] -- Detecting C compiler ABI info - done
[12.106s] -- Check for working C compiler: /usr/bin/cc - skipped
[12.107s] -- Detecting C compile features
[12.108s] -- Detecting C compile features - done
[12.818s] -- Detecting CXX compiler ABI info
[14.393s] -- Detecting CXX compiler ABI info - done
[14.437s] -- Check for working CXX compiler: /usr/bin/c++ - skipped
[14.439s] -- Detecting CXX compile features
[14.441s] -- Detecting CXX compile features - done
[14.454s] -- Found ament_cmake: 2.5.2 (/opt/ros/jazzy/share/ament_cmake/cmake)
[15.112s] -- Found Python3: /usr/bin/python3 (found version "3.12.3") found components: Interpreter 
[15.396s] -- Override CMake install command with custom implementation using symlinks instead of copying resources
[15.566s] -- Found ament_lint_auto: 0.17.1 (/opt/ros/jazzy/share/ament_lint_auto/cmake)
[15.893s] -- Added test 'flake8' to check Python code syntax and style conventions
[15.893s] -- Configured 'flake8' exclude dirs and/or files: 
[15.897s] -- Added test 'lint_cmake' to check CMake code style
[15.903s] -- Added test 'pep257' to check Python code against some of the docstring style conventions in PEP 257
[15.909s] -- Added test 'xmllint' to check XML markup files
[15.913s] -- Configuring done (15.8s)
[15.924s] -- Generating done (0.0s)
[15.927s] -- Build files have been written to: /home/ubuntu/quadro_ws/build/quadrobot_viewer
[15.942s] Invoked command in '/home/ubuntu/quadro_ws/build/quadrobot_viewer' returned '0': CMAKE_PREFIX_PATH=${CMAKE_PREFIX_PATH}:/opt/ros/jazzy /usr/bin/cmake /home/ubuntu/quadro_ws/src/quadrobot_viewer -DAMENT_CMAKE_SYMLINK_INSTALL=1 -DCMAKE_INSTALL_PREFIX=/home/ubuntu/quadro_ws/install/quadrobot_viewer
[15.947s] Invoking command in '/home/ubuntu/quadro_ws/build/quadrobot_viewer': CMAKE_PREFIX_PATH=${CMAKE_PREFIX_PATH}:/opt/ros/jazzy /usr/bin/cmake --build /home/ubuntu/quadro_ws/build/quadrobot_viewer -- -j16 -l16
[16.038s] Invoked command in '/home/ubuntu/quadro_ws/build/quadrobot_viewer' returned '0': CMAKE_PREFIX_PATH=${CMAKE_PREFIX_PATH}:/opt/ros/jazzy /usr/bin/cmake --build /home/ubuntu/quadro_ws/build/quadrobot_viewer -- -j16 -l16
[16.091s] Invoking command in '/home/ubuntu/quadro_ws/build/quadrobot_viewer': CMAKE_PREFIX_PATH=${CMAKE_PREFIX_PATH}:/opt/ros/jazzy /usr/bin/cmake --install /home/ubuntu/quadro_ws/build/quadrobot_viewer
[16.114s] -- Install configuration: ""
[16.115s] -- Execute custom install script
[16.119s] -- Symlinking: /home/ubuntu/quadro_ws/install/quadrobot_viewer/share/quadrobot_viewer//config/joint_names_quadrobot.yaml
[16.146s] -- Symlinking: /home/ubuntu/quadro_ws/install/quadrobot_viewer/share/quadrobot_viewer//config/quadrobot_viewer_params.yaml
[16.171s] -- Symlinking: /home/ubuntu/quadro_ws/install/quadrobot_viewer/share/quadrobot_viewer//config/rviz.yaml
[16.197s] -- Symlinking: /home/ubuntu/quadro_ws/install/quadrobot_viewer/share/quadrobot_viewer//launch/quadrobot_viewer.launch.py
[16.223s] -- Symlinking: /home/ubuntu/quadro_ws/install/quadrobot_viewer/share/quadrobot_viewer//meshes/BLA.STL
[16.247s] -- Symlinking: /home/ubuntu/quadro_ws/install/quadrobot_viewer/share/quadrobot_viewer//meshes/BLB.STL
[16.263s] -- Symlinking: /home/ubuntu/quadro_ws/install/quadrobot_viewer/share/quadrobot_viewer//meshes/BLC.STL
[16.282s] -- Symlinking: /home/ubuntu/quadro_ws/install/quadrobot_viewer/share/quadrobot_viewer//meshes/BRA.STL
[16.303s] -- Symlinking: /home/ubuntu/quadro_ws/install/quadrobot_viewer/share/quadrobot_viewer//meshes/BRB.STL
[16.325s] -- Symlinking: /home/ubuntu/quadro_ws/install/quadrobot_viewer/share/quadrobot_viewer//meshes/BRC.STL
[16.345s] -- Symlinking: /home/ubuntu/quadro_ws/install/quadrobot_viewer/share/quadrobot_viewer//meshes/CAMERA.STL
[16.363s] -- Symlinking: /home/ubuntu/quadro_ws/install/quadrobot_viewer/share/quadrobot_viewer//meshes/FLA.STL
[16.383s] -- Symlinking: /home/ubuntu/quadro_ws/install/quadrobot_viewer/share/quadrobot_viewer//meshes/FLB.STL
[16.407s] -- Symlinking: /home/ubuntu/quadro_ws/install/quadrobot_viewer/share/quadrobot_viewer//meshes/FLC.STL
[16.429s] -- Symlinking: /home/ubuntu/quadro_ws/install/quadrobot_viewer/share/quadrobot_viewer//meshes/FRA.STL
[16.455s] -- Symlinking: /home/ubuntu/quadro_ws/install/quadrobot_viewer/share/quadrobot_viewer//meshes/FRB.STL
[16.478s] -- Symlinking: /home/ubuntu/quadro_ws/install/quadrobot_viewer/share/quadrobot_viewer//meshes/FRC.STL
[16.500s] -- Symlinking: /home/ubuntu/quadro_ws/install/quadrobot_viewer/share/quadrobot_viewer//meshes/LIDAR.STL
[16.523s] -- Symlinking: /home/ubuntu/quadro_ws/install/quadrobot_viewer/share/quadrobot_viewer//meshes/base_link.STL
[16.549s] -- Symlinking: /home/ubuntu/quadro_ws/install/quadrobot_viewer/share/quadrobot_viewer//models/worlds/empty.world.sdf
[16.574s] -- Symlinking: /home/ubuntu/quadro_ws/install/quadrobot_viewer/share/quadrobot_viewer//urdf/quadrobot.csv
[16.599s] -- Symlinking: /home/ubuntu/quadro_ws/install/quadrobot_viewer/share/quadrobot_viewer//urdf/quadrobot.urdf
[16.625s] -- Symlinking: /home/ubuntu/quadro_ws/install/quadrobot_viewer/share/quadrobot_viewer//urdf/quadrobot_ros2_control.urdf.xacro
[16.651s] -- Symlinking: /home/ubuntu/quadro_ws/install/quadrobot_viewer/share/ament_index/resource_index/package_run_dependencies/quadrobot_viewer
[16.673s] -- Symlinking: /home/ubuntu/quadro_ws/install/quadrobot_viewer/share/ament_index/resource_index/parent_prefix_path/quadrobot_viewer
[16.691s] -- Symlinking: /home/ubuntu/quadro_ws/install/quadrobot_viewer/share/quadrobot_viewer/environment/ament_prefix_path.sh
[16.710s] -- Symlinking: /home/ubuntu/quadro_ws/install/quadrobot_viewer/share/quadrobot_viewer/environment/ament_prefix_path.dsv
[16.730s] -- Symlinking: /home/ubuntu/quadro_ws/install/quadrobot_viewer/share/quadrobot_viewer/environment/path.sh
[16.751s] -- Symlinking: /home/ubuntu/quadro_ws/install/quadrobot_viewer/share/quadrobot_viewer/environment/path.dsv
[16.770s] -- Symlinking: /home/ubuntu/quadro_ws/install/quadrobot_viewer/share/quadrobot_viewer/local_setup.bash
[16.793s] -- Symlinking: /home/ubuntu/quadro_ws/install/quadrobot_viewer/share/quadrobot_viewer/local_setup.sh
[16.815s] -- Symlinking: /home/ubuntu/quadro_ws/install/quadrobot_viewer/share/quadrobot_viewer/local_setup.zsh
[16.840s] -- Symlinking: /home/ubuntu/quadro_ws/install/quadrobot_viewer/share/quadrobot_viewer/local_setup.dsv
[16.865s] -- Symlinking: /home/ubuntu/quadro_ws/install/quadrobot_viewer/share/quadrobot_viewer/package.dsv
[16.887s] -- Symlinking: /home/ubuntu/quadro_ws/install/quadrobot_viewer/share/ament_index/resource_index/packages/quadrobot_viewer
[16.910s] -- Symlinking: /home/ubuntu/quadro_ws/install/quadrobot_viewer/share/quadrobot_viewer/cmake/quadrobot_viewerConfig.cmake
[16.931s] -- Symlinking: /home/ubuntu/quadro_ws/install/quadrobot_viewer/share/quadrobot_viewer/cmake/quadrobot_viewerConfig-version.cmake
[16.953s] -- Symlinking: /home/ubuntu/quadro_ws/install/quadrobot_viewer/share/quadrobot_viewer/package.xml
[16.985s] Invoked command in '/home/ubuntu/quadro_ws/build/quadrobot_viewer' returned '0': CMAKE_PREFIX_PATH=${CMAKE_PREFIX_PATH}:/opt/ros/jazzy /usr/bin/cmake --install /home/ubuntu/quadro_ws/build/quadrobot_viewer
