[0.233s] Invoking command in '/home/ubuntu/quadro_ws/build/dgz_keyboard': CMAKE_PREFIX_PATH=/home/ubuntu/quadro_ws/install/space_interfaces:/home/ubuntu/quadro_ws/install/dgz_keyboard:/home/ubuntu/quadro_ws/install/ros_gz_bridge_test:/home/ubuntu/quadro_ws/install/quadrobot_viewer:/home/ubuntu/quadro_ws/install/quadro_move_ctrl:/home/ubuntu/quadro_ws/install/dgz_viewer:/opt/ros/jazzy/opt/gz_sim_vendor:/opt/ros/jazzy/opt/gz_sensors_vendor:/opt/ros/jazzy/opt/gz_physics_vendor:/opt/ros/jazzy/opt/sdformat_vendor:/opt/ros/jazzy/opt/gz_gui_vendor:/opt/ros/jazzy/opt/gz_transport_vendor:/opt/ros/jazzy/opt/gz_rendering_vendor:/opt/ros/jazzy/opt/gz_plugin_vendor:/opt/ros/jazzy/opt/gz_fuel_tools_vendor:/opt/ros/jazzy/opt/gz_msgs_vendor:/opt/ros/jazzy/opt/gz_common_vendor:/opt/ros/jazzy/opt/gz_math_vendor:/opt/ros/jazzy/opt/gz_utils_vendor:/opt/ros/jazzy/opt/gz_tools_vendor:/opt/ros/jazzy/opt/gz_ogre_next_vendor:/opt/ros/jazzy/opt/gz_dartsim_vendor:/opt/ros/jazzy/opt/gz_cmake_vendor:/opt/ros/jazzy /usr/bin/cmake /home/ubuntu/quadro_ws/src/dgz_keyboard -DAMENT_CMAKE_SYMLINK_INSTALL=1 -DCMAKE_INSTALL_PREFIX=/home/ubuntu/quadro_ws/install/dgz_keyboard
[0.453s] -- The C compiler identification is GNU 13.2.0
[1.333s] -- The CXX compiler identification is GNU 13.2.0
[2.087s] -- Detecting C compiler ABI info
[2.441s] -- Detecting C compiler ABI info - done
[2.450s] -- Check for working C compiler: /usr/bin/cc - skipped
[2.450s] -- Detecting C compile features
[2.451s] -- Detecting C compile features - done
[2.607s] -- Detecting CXX compiler ABI info
[2.957s] -- Detecting CXX compiler ABI info - done
[2.968s] -- Check for working CXX compiler: /usr/bin/c++ - skipped
[2.968s] -- Detecting CXX compile features
[2.968s] -- Detecting CXX compile features - done
[2.972s] -- Found ament_cmake: 2.5.2 (/opt/ros/jazzy/share/ament_cmake/cmake)
[3.132s] -- Found Python3: /usr/bin/python3 (found version "3.12.3") found components: Interpreter 
[3.201s] -- Override CMake install command with custom implementation using symlinks instead of copying resources
[3.242s] -- Found rclcpp: 28.1.5 (/opt/ros/jazzy/share/rclcpp/cmake)
[3.502s] -- Found rosidl_generator_c: 4.6.4 (/opt/ros/jazzy/share/rosidl_generator_c/cmake)
[3.523s] -- Found rosidl_generator_cpp: 4.6.4 (/opt/ros/jazzy/share/rosidl_generator_cpp/cmake)
[3.545s] -- Using all available rosidl_typesupport_c: rosidl_typesupport_fastrtps_c;rosidl_typesupport_introspection_c
[3.565s] -- Using all available rosidl_typesupport_cpp: rosidl_typesupport_fastrtps_cpp;rosidl_typesupport_introspection_cpp
[3.661s] -- Found rmw_implementation_cmake: 7.3.1 (/opt/ros/jazzy/share/rmw_implementation_cmake/cmake)
[3.665s] -- Found rmw_fastrtps_cpp: 8.4.1 (/opt/ros/jazzy/share/rmw_fastrtps_cpp/cmake)
[3.746s] -- Found OpenSSL: /usr/lib/x86_64-linux-gnu/libcrypto.so (found version "3.0.13")  
[4.068s] -- Found FastRTPS: /opt/ros/jazzy/include (Required is at least version "2.13") 
[4.231s] -- Using RMW implementation 'rmw_fastrtps_cpp' as default
[4.544s] -- Found geometry_msgs: 5.3.5 (/opt/ros/jazzy/share/geometry_msgs/cmake)
[4.579s] -- Found space_interfaces: 0.0.0 (/home/ubuntu/quadro_ws/install/space_interfaces/share/space_interfaces/cmake)
[4.594s] -- Found ament_lint_auto: 0.17.1 (/opt/ros/jazzy/share/ament_lint_auto/cmake)
[4.694s] -- Added test 'cppcheck' to perform static code analysis on C / C++ code
[4.694s] -- Configured cppcheck include dirs: 
[4.694s] -- Configured cppcheck exclude dirs and/or files: 
[4.695s] -- Added test 'flake8' to check Python code syntax and style conventions
[4.695s] -- Configured 'flake8' exclude dirs and/or files: 
[4.696s] -- Added test 'lint_cmake' to check CMake code style
[4.697s] -- Added test 'pep257' to check Python code against some of the docstring style conventions in PEP 257
[4.698s] -- Added test 'uncrustify' to check C / C++ code style
[4.698s] -- Configured uncrustify additional arguments: 
[4.699s] -- Added test 'xmllint' to check XML markup files
[4.701s] -- Configuring done (4.5s)
[4.711s] -- Generating done (0.0s)
[4.712s] -- Build files have been written to: /home/ubuntu/quadro_ws/build/dgz_keyboard
[4.721s] Invoked command in '/home/ubuntu/quadro_ws/build/dgz_keyboard' returned '0': CMAKE_PREFIX_PATH=/home/ubuntu/quadro_ws/install/space_interfaces:/home/ubuntu/quadro_ws/install/dgz_keyboard:/home/ubuntu/quadro_ws/install/ros_gz_bridge_test:/home/ubuntu/quadro_ws/install/quadrobot_viewer:/home/ubuntu/quadro_ws/install/quadro_move_ctrl:/home/ubuntu/quadro_ws/install/dgz_viewer:/opt/ros/jazzy/opt/gz_sim_vendor:/opt/ros/jazzy/opt/gz_sensors_vendor:/opt/ros/jazzy/opt/gz_physics_vendor:/opt/ros/jazzy/opt/sdformat_vendor:/opt/ros/jazzy/opt/gz_gui_vendor:/opt/ros/jazzy/opt/gz_transport_vendor:/opt/ros/jazzy/opt/gz_rendering_vendor:/opt/ros/jazzy/opt/gz_plugin_vendor:/opt/ros/jazzy/opt/gz_fuel_tools_vendor:/opt/ros/jazzy/opt/gz_msgs_vendor:/opt/ros/jazzy/opt/gz_common_vendor:/opt/ros/jazzy/opt/gz_math_vendor:/opt/ros/jazzy/opt/gz_utils_vendor:/opt/ros/jazzy/opt/gz_tools_vendor:/opt/ros/jazzy/opt/gz_ogre_next_vendor:/opt/ros/jazzy/opt/gz_dartsim_vendor:/opt/ros/jazzy/opt/gz_cmake_vendor:/opt/ros/jazzy /usr/bin/cmake /home/ubuntu/quadro_ws/src/dgz_keyboard -DAMENT_CMAKE_SYMLINK_INSTALL=1 -DCMAKE_INSTALL_PREFIX=/home/ubuntu/quadro_ws/install/dgz_keyboard
[4.722s] Invoking command in '/home/ubuntu/quadro_ws/build/dgz_keyboard': CMAKE_PREFIX_PATH=/home/ubuntu/quadro_ws/install/space_interfaces:/home/ubuntu/quadro_ws/install/dgz_keyboard:/home/ubuntu/quadro_ws/install/ros_gz_bridge_test:/home/ubuntu/quadro_ws/install/quadrobot_viewer:/home/ubuntu/quadro_ws/install/quadro_move_ctrl:/home/ubuntu/quadro_ws/install/dgz_viewer:/opt/ros/jazzy/opt/gz_sim_vendor:/opt/ros/jazzy/opt/gz_sensors_vendor:/opt/ros/jazzy/opt/gz_physics_vendor:/opt/ros/jazzy/opt/sdformat_vendor:/opt/ros/jazzy/opt/gz_gui_vendor:/opt/ros/jazzy/opt/gz_transport_vendor:/opt/ros/jazzy/opt/gz_rendering_vendor:/opt/ros/jazzy/opt/gz_plugin_vendor:/opt/ros/jazzy/opt/gz_fuel_tools_vendor:/opt/ros/jazzy/opt/gz_msgs_vendor:/opt/ros/jazzy/opt/gz_common_vendor:/opt/ros/jazzy/opt/gz_math_vendor:/opt/ros/jazzy/opt/gz_utils_vendor:/opt/ros/jazzy/opt/gz_tools_vendor:/opt/ros/jazzy/opt/gz_ogre_next_vendor:/opt/ros/jazzy/opt/gz_dartsim_vendor:/opt/ros/jazzy/opt/gz_cmake_vendor:/opt/ros/jazzy /usr/bin/cmake --build /home/ubuntu/quadro_ws/build/dgz_keyboard -- -j16 -l16
[4.761s] [ 50%] [32mBuilding CXX object CMakeFiles/dgz_keyboard_node.dir/src/dgz_keyboard_node.cpp.o[0m
[13.138s] [100%] [32m[1mLinking CXX executable dgz_keyboard_node[0m
[13.420s] [100%] Built target dgz_keyboard_node
[13.428s] Invoked command in '/home/ubuntu/quadro_ws/build/dgz_keyboard' returned '0': CMAKE_PREFIX_PATH=/home/ubuntu/quadro_ws/install/space_interfaces:/home/ubuntu/quadro_ws/install/dgz_keyboard:/home/ubuntu/quadro_ws/install/ros_gz_bridge_test:/home/ubuntu/quadro_ws/install/quadrobot_viewer:/home/ubuntu/quadro_ws/install/quadro_move_ctrl:/home/ubuntu/quadro_ws/install/dgz_viewer:/opt/ros/jazzy/opt/gz_sim_vendor:/opt/ros/jazzy/opt/gz_sensors_vendor:/opt/ros/jazzy/opt/gz_physics_vendor:/opt/ros/jazzy/opt/sdformat_vendor:/opt/ros/jazzy/opt/gz_gui_vendor:/opt/ros/jazzy/opt/gz_transport_vendor:/opt/ros/jazzy/opt/gz_rendering_vendor:/opt/ros/jazzy/opt/gz_plugin_vendor:/opt/ros/jazzy/opt/gz_fuel_tools_vendor:/opt/ros/jazzy/opt/gz_msgs_vendor:/opt/ros/jazzy/opt/gz_common_vendor:/opt/ros/jazzy/opt/gz_math_vendor:/opt/ros/jazzy/opt/gz_utils_vendor:/opt/ros/jazzy/opt/gz_tools_vendor:/opt/ros/jazzy/opt/gz_ogre_next_vendor:/opt/ros/jazzy/opt/gz_dartsim_vendor:/opt/ros/jazzy/opt/gz_cmake_vendor:/opt/ros/jazzy /usr/bin/cmake --build /home/ubuntu/quadro_ws/build/dgz_keyboard -- -j16 -l16
[13.445s] Invoking command in '/home/ubuntu/quadro_ws/build/dgz_keyboard': CMAKE_PREFIX_PATH=/home/ubuntu/quadro_ws/install/space_interfaces:/home/ubuntu/quadro_ws/install/dgz_keyboard:/home/ubuntu/quadro_ws/install/ros_gz_bridge_test:/home/ubuntu/quadro_ws/install/quadrobot_viewer:/home/ubuntu/quadro_ws/install/quadro_move_ctrl:/home/ubuntu/quadro_ws/install/dgz_viewer:/opt/ros/jazzy/opt/gz_sim_vendor:/opt/ros/jazzy/opt/gz_sensors_vendor:/opt/ros/jazzy/opt/gz_physics_vendor:/opt/ros/jazzy/opt/sdformat_vendor:/opt/ros/jazzy/opt/gz_gui_vendor:/opt/ros/jazzy/opt/gz_transport_vendor:/opt/ros/jazzy/opt/gz_rendering_vendor:/opt/ros/jazzy/opt/gz_plugin_vendor:/opt/ros/jazzy/opt/gz_fuel_tools_vendor:/opt/ros/jazzy/opt/gz_msgs_vendor:/opt/ros/jazzy/opt/gz_common_vendor:/opt/ros/jazzy/opt/gz_math_vendor:/opt/ros/jazzy/opt/gz_utils_vendor:/opt/ros/jazzy/opt/gz_tools_vendor:/opt/ros/jazzy/opt/gz_ogre_next_vendor:/opt/ros/jazzy/opt/gz_dartsim_vendor:/opt/ros/jazzy/opt/gz_cmake_vendor:/opt/ros/jazzy /usr/bin/cmake --install /home/ubuntu/quadro_ws/build/dgz_keyboard
[13.450s] -- Install configuration: ""
[13.450s] -- Execute custom install script
[13.451s] -- Symlinking: /home/ubuntu/quadro_ws/install/dgz_keyboard/lib/dgz_keyboard/dgz_keyboard_node
[13.457s] -- Symlinking: /home/ubuntu/quadro_ws/install/dgz_keyboard/share/dgz_keyboard//launch/dgz_keyboard.launch.py
[13.464s] -- Symlinking: /home/ubuntu/quadro_ws/install/dgz_keyboard/share/ament_index/resource_index/package_run_dependencies/dgz_keyboard
[13.470s] -- Symlinking: /home/ubuntu/quadro_ws/install/dgz_keyboard/share/ament_index/resource_index/parent_prefix_path/dgz_keyboard
[13.479s] -- Symlinking: /home/ubuntu/quadro_ws/install/dgz_keyboard/share/dgz_keyboard/environment/ament_prefix_path.sh
[13.486s] -- Symlinking: /home/ubuntu/quadro_ws/install/dgz_keyboard/share/dgz_keyboard/environment/ament_prefix_path.dsv
[13.493s] -- Symlinking: /home/ubuntu/quadro_ws/install/dgz_keyboard/share/dgz_keyboard/environment/path.sh
[13.503s] -- Symlinking: /home/ubuntu/quadro_ws/install/dgz_keyboard/share/dgz_keyboard/environment/path.dsv
[13.513s] -- Symlinking: /home/ubuntu/quadro_ws/install/dgz_keyboard/share/dgz_keyboard/local_setup.bash
[13.521s] -- Symlinking: /home/ubuntu/quadro_ws/install/dgz_keyboard/share/dgz_keyboard/local_setup.sh
[13.534s] -- Symlinking: /home/ubuntu/quadro_ws/install/dgz_keyboard/share/dgz_keyboard/local_setup.zsh
[13.543s] -- Symlinking: /home/ubuntu/quadro_ws/install/dgz_keyboard/share/dgz_keyboard/local_setup.dsv
[13.554s] -- Symlinking: /home/ubuntu/quadro_ws/install/dgz_keyboard/share/dgz_keyboard/package.dsv
[13.564s] -- Symlinking: /home/ubuntu/quadro_ws/install/dgz_keyboard/share/ament_index/resource_index/packages/dgz_keyboard
[13.573s] -- Symlinking: /home/ubuntu/quadro_ws/install/dgz_keyboard/share/dgz_keyboard/cmake/dgz_keyboardConfig.cmake
[13.580s] -- Symlinking: /home/ubuntu/quadro_ws/install/dgz_keyboard/share/dgz_keyboard/cmake/dgz_keyboardConfig-version.cmake
[13.589s] -- Symlinking: /home/ubuntu/quadro_ws/install/dgz_keyboard/share/dgz_keyboard/package.xml
[13.597s] Invoked command in '/home/ubuntu/quadro_ws/build/dgz_keyboard' returned '0': CMAKE_PREFIX_PATH=/home/ubuntu/quadro_ws/install/space_interfaces:/home/ubuntu/quadro_ws/install/dgz_keyboard:/home/ubuntu/quadro_ws/install/ros_gz_bridge_test:/home/ubuntu/quadro_ws/install/quadrobot_viewer:/home/ubuntu/quadro_ws/install/quadro_move_ctrl:/home/ubuntu/quadro_ws/install/dgz_viewer:/opt/ros/jazzy/opt/gz_sim_vendor:/opt/ros/jazzy/opt/gz_sensors_vendor:/opt/ros/jazzy/opt/gz_physics_vendor:/opt/ros/jazzy/opt/sdformat_vendor:/opt/ros/jazzy/opt/gz_gui_vendor:/opt/ros/jazzy/opt/gz_transport_vendor:/opt/ros/jazzy/opt/gz_rendering_vendor:/opt/ros/jazzy/opt/gz_plugin_vendor:/opt/ros/jazzy/opt/gz_fuel_tools_vendor:/opt/ros/jazzy/opt/gz_msgs_vendor:/opt/ros/jazzy/opt/gz_common_vendor:/opt/ros/jazzy/opt/gz_math_vendor:/opt/ros/jazzy/opt/gz_utils_vendor:/opt/ros/jazzy/opt/gz_tools_vendor:/opt/ros/jazzy/opt/gz_ogre_next_vendor:/opt/ros/jazzy/opt/gz_dartsim_vendor:/opt/ros/jazzy/opt/gz_cmake_vendor:/opt/ros/jazzy /usr/bin/cmake --install /home/ubuntu/quadro_ws/build/dgz_keyboard
