[0.456s] DEBUG:colcon:Command line arguments: ['/usr/bin/colcon', 'build', '--symlink-install']
[0.456s] DEBUG:colcon:Parsed command line arguments: Namespace(log_base=None, log_level=None, verb_name='build', build_base='build', install_base='install', merge_install=False, symlink_install=True, test_result_base=None, continue_on_error=False, executor='parallel', parallel_workers=4, event_handlers=None, ignore_user_meta=False, metas=['./colcon.meta'], base_paths=['.'], packages_ignore=None, packages_ignore_regex=None, paths=None, packages_up_to=None, packages_up_to_regex=None, packages_above=None, packages_above_and_dependencies=None, packages_above_depth=None, packages_select_by_dep=None, packages_skip_by_dep=None, packages_skip_up_to=None, packages_select_build_failed=False, packages_skip_build_finished=False, packages_select_test_failures=False, packages_skip_test_passed=False, packages_select=None, packages_skip=None, packages_select_regex=None, packages_skip_regex=None, packages_start=None, packages_end=None, allow_overriding=[], cmake_args=None, cmake_target=None, cmake_target_skip_unavailable=False, cmake_clean_cache=False, cmake_clean_first=False, cmake_force_configure=False, ament_cmake_args=None, catkin_cmake_args=None, catkin_skip_building_tests=False, mixin_files=None, mixin=None, verb_parser=<colcon_mixin.mixin.mixin_argument.MixinArgumentDecorator object at 0xffff8d23e0c0>, verb_extension=<colcon_core.verb.build.BuildVerb object at 0xffff8d42cc50>, main=<bound method BuildVerb.main of <colcon_core.verb.build.BuildVerb object at 0xffff8d42cc50>>, mixin_verb=('build',))
[0.638s] Level 1:colcon.colcon_core.package_discovery:discover_packages(colcon_meta) check parameters
[0.639s] Level 1:colcon.colcon_core.package_discovery:discover_packages(recursive) check parameters
[0.639s] Level 1:colcon.colcon_core.package_discovery:discover_packages(ignore) check parameters
[0.639s] Level 1:colcon.colcon_core.package_discovery:discover_packages(path) check parameters
[0.639s] Level 1:colcon.colcon_core.package_discovery:discover_packages(colcon_meta) discover
[0.639s] Level 1:colcon.colcon_core.package_discovery:discover_packages(recursive) discover
[0.639s] INFO:colcon.colcon_core.package_discovery:Crawling recursively for packages in '/home/MKGL/quadro_ws'
[0.640s] Level 1:colcon.colcon_core.package_identification:_identify(.) by extensions ['ignore', 'ignore_ament_install']
[0.640s] Level 1:colcon.colcon_core.package_identification:_identify(.) by extension 'ignore'
[0.640s] Level 1:colcon.colcon_core.package_identification:_identify(.) by extension 'ignore_ament_install'
[0.641s] Level 1:colcon.colcon_core.package_identification:_identify(.) by extensions ['colcon_pkg']
[0.641s] Level 1:colcon.colcon_core.package_identification:_identify(.) by extension 'colcon_pkg'
[0.641s] Level 1:colcon.colcon_core.package_identification:_identify(.) by extensions ['colcon_meta']
[0.641s] Level 1:colcon.colcon_core.package_identification:_identify(.) by extension 'colcon_meta'
[0.641s] Level 1:colcon.colcon_core.package_identification:_identify(.) by extensions ['ros']
[0.641s] Level 1:colcon.colcon_core.package_identification:_identify(.) by extension 'ros'
[0.746s] Level 1:colcon.colcon_core.package_identification:_identify(.) by extensions ['cmake', 'python']
[0.746s] Level 1:colcon.colcon_core.package_identification:_identify(.) by extension 'cmake'
[0.746s] Level 1:colcon.colcon_core.package_identification:_identify(.) by extension 'python'
[0.747s] Level 1:colcon.colcon_core.package_identification:_identify(.) by extensions ['python_setup_py']
[0.747s] Level 1:colcon.colcon_core.package_identification:_identify(.) by extension 'python_setup_py'
[0.747s] Level 1:colcon.colcon_core.package_identification:_identify(build) by extensions ['ignore', 'ignore_ament_install']
[0.748s] Level 1:colcon.colcon_core.package_identification:_identify(build) by extension 'ignore'
[0.748s] Level 1:colcon.colcon_core.package_identification:_identify(build) ignored
[0.748s] Level 1:colcon.colcon_core.package_identification:_identify(install) by extensions ['ignore', 'ignore_ament_install']
[0.749s] Level 1:colcon.colcon_core.package_identification:_identify(install) by extension 'ignore'
[0.749s] Level 1:colcon.colcon_core.package_identification:_identify(install) ignored
[0.749s] Level 1:colcon.colcon_core.package_identification:_identify(log) by extensions ['ignore', 'ignore_ament_install']
[0.749s] Level 1:colcon.colcon_core.package_identification:_identify(log) by extension 'ignore'
[0.749s] Level 1:colcon.colcon_core.package_identification:_identify(log) ignored
[0.750s] Level 1:colcon.colcon_core.package_identification:_identify(src) by extensions ['ignore', 'ignore_ament_install']
[0.750s] Level 1:colcon.colcon_core.package_identification:_identify(src) by extension 'ignore'
[0.750s] Level 1:colcon.colcon_core.package_identification:_identify(src) by extension 'ignore_ament_install'
[0.751s] Level 1:colcon.colcon_core.package_identification:_identify(src) by extensions ['colcon_pkg']
[0.751s] Level 1:colcon.colcon_core.package_identification:_identify(src) by extension 'colcon_pkg'
[0.751s] Level 1:colcon.colcon_core.package_identification:_identify(src) by extensions ['colcon_meta']
[0.751s] Level 1:colcon.colcon_core.package_identification:_identify(src) by extension 'colcon_meta'
[0.751s] Level 1:colcon.colcon_core.package_identification:_identify(src) by extensions ['ros']
[0.751s] Level 1:colcon.colcon_core.package_identification:_identify(src) by extension 'ros'
[0.751s] Level 1:colcon.colcon_core.package_identification:_identify(src) by extensions ['cmake', 'python']
[0.752s] Level 1:colcon.colcon_core.package_identification:_identify(src) by extension 'cmake'
[0.752s] Level 1:colcon.colcon_core.package_identification:_identify(src) by extension 'python'
[0.752s] Level 1:colcon.colcon_core.package_identification:_identify(src) by extensions ['python_setup_py']
[0.752s] Level 1:colcon.colcon_core.package_identification:_identify(src) by extension 'python_setup_py'
[0.752s] Level 1:colcon.colcon_core.package_identification:_identify(src/dgz) by extensions ['ignore', 'ignore_ament_install']
[0.753s] Level 1:colcon.colcon_core.package_identification:_identify(src/dgz) by extension 'ignore'
[0.753s] Level 1:colcon.colcon_core.package_identification:_identify(src/dgz) by extension 'ignore_ament_install'
[0.753s] Level 1:colcon.colcon_core.package_identification:_identify(src/dgz) by extensions ['colcon_pkg']
[0.753s] Level 1:colcon.colcon_core.package_identification:_identify(src/dgz) by extension 'colcon_pkg'
[0.753s] Level 1:colcon.colcon_core.package_identification:_identify(src/dgz) by extensions ['colcon_meta']
[0.754s] Level 1:colcon.colcon_core.package_identification:_identify(src/dgz) by extension 'colcon_meta'
[0.754s] Level 1:colcon.colcon_core.package_identification:_identify(src/dgz) by extensions ['ros']
[0.754s] Level 1:colcon.colcon_core.package_identification:_identify(src/dgz) by extension 'ros'
[0.763s] DEBUG:colcon.colcon_core.package_identification:Package 'src/dgz' with type 'ros.ament_cmake' and name 'dgz'
[0.764s] Level 1:colcon.colcon_core.package_identification:_identify(src/dgz_description) by extensions ['ignore', 'ignore_ament_install']
[0.764s] Level 1:colcon.colcon_core.package_identification:_identify(src/dgz_description) by extension 'ignore'
[0.764s] Level 1:colcon.colcon_core.package_identification:_identify(src/dgz_description) by extension 'ignore_ament_install'
[0.765s] Level 1:colcon.colcon_core.package_identification:_identify(src/dgz_description) by extensions ['colcon_pkg']
[0.765s] Level 1:colcon.colcon_core.package_identification:_identify(src/dgz_description) by extension 'colcon_pkg'
[0.765s] Level 1:colcon.colcon_core.package_identification:_identify(src/dgz_description) by extensions ['colcon_meta']
[0.765s] Level 1:colcon.colcon_core.package_identification:_identify(src/dgz_description) by extension 'colcon_meta'
[0.765s] Level 1:colcon.colcon_core.package_identification:_identify(src/dgz_description) by extensions ['ros']
[0.765s] Level 1:colcon.colcon_core.package_identification:_identify(src/dgz_description) by extension 'ros'
[0.768s] DEBUG:colcon.colcon_core.package_identification:Package 'src/dgz_description' with type 'ros.ament_cmake' and name 'dgz_description'
[0.768s] Level 1:colcon.colcon_core.package_identification:_identify(src/manette) by extensions ['ignore', 'ignore_ament_install']
[0.769s] Level 1:colcon.colcon_core.package_identification:_identify(src/manette) by extension 'ignore'
[0.769s] Level 1:colcon.colcon_core.package_identification:_identify(src/manette) by extension 'ignore_ament_install'
[0.770s] Level 1:colcon.colcon_core.package_identification:_identify(src/manette) by extensions ['colcon_pkg']
[0.770s] Level 1:colcon.colcon_core.package_identification:_identify(src/manette) by extension 'colcon_pkg'
[0.770s] Level 1:colcon.colcon_core.package_identification:_identify(src/manette) by extensions ['colcon_meta']
[0.770s] Level 1:colcon.colcon_core.package_identification:_identify(src/manette) by extension 'colcon_meta'
[0.770s] Level 1:colcon.colcon_core.package_identification:_identify(src/manette) by extensions ['ros']
[0.771s] Level 1:colcon.colcon_core.package_identification:_identify(src/manette) by extension 'ros'
[0.773s] DEBUG:colcon.colcon_core.package_identification:Package 'src/manette' with type 'ros.ament_cmake' and name 'manette'
[0.774s] Level 1:colcon.colcon_core.package_identification:_identify(src/serial) by extensions ['ignore', 'ignore_ament_install']
[0.774s] Level 1:colcon.colcon_core.package_identification:_identify(src/serial) by extension 'ignore'
[0.775s] Level 1:colcon.colcon_core.package_identification:_identify(src/serial) by extension 'ignore_ament_install'
[0.775s] Level 1:colcon.colcon_core.package_identification:_identify(src/serial) by extensions ['colcon_pkg']
[0.775s] Level 1:colcon.colcon_core.package_identification:_identify(src/serial) by extension 'colcon_pkg'
[0.775s] Level 1:colcon.colcon_core.package_identification:_identify(src/serial) by extensions ['colcon_meta']
[0.775s] Level 1:colcon.colcon_core.package_identification:_identify(src/serial) by extension 'colcon_meta'
[0.775s] Level 1:colcon.colcon_core.package_identification:_identify(src/serial) by extensions ['ros']
[0.775s] Level 1:colcon.colcon_core.package_identification:_identify(src/serial) by extension 'ros'
[0.778s] DEBUG:colcon.colcon_core.package_identification:Package 'src/serial' with type 'ros.ament_cmake' and name 'serial'
[0.778s] Level 1:colcon.colcon_core.package_identification:_identify(src/space_interfaces) by extensions ['ignore', 'ignore_ament_install']
[0.779s] Level 1:colcon.colcon_core.package_identification:_identify(src/space_interfaces) by extension 'ignore'
[0.779s] Level 1:colcon.colcon_core.package_identification:_identify(src/space_interfaces) by extension 'ignore_ament_install'
[0.779s] Level 1:colcon.colcon_core.package_identification:_identify(src/space_interfaces) by extensions ['colcon_pkg']
[0.779s] Level 1:colcon.colcon_core.package_identification:_identify(src/space_interfaces) by extension 'colcon_pkg'
[0.779s] Level 1:colcon.colcon_core.package_identification:_identify(src/space_interfaces) by extensions ['colcon_meta']
[0.779s] Level 1:colcon.colcon_core.package_identification:_identify(src/space_interfaces) by extension 'colcon_meta'
[0.780s] Level 1:colcon.colcon_core.package_identification:_identify(src/space_interfaces) by extensions ['ros']
[0.780s] Level 1:colcon.colcon_core.package_identification:_identify(src/space_interfaces) by extension 'ros'
[0.781s] DEBUG:colcon.colcon_core.package_identification:Package 'src/space_interfaces' with type 'ros.ament_cmake' and name 'space_interfaces'
[0.782s] Level 1:colcon.colcon_core.package_discovery:discover_packages(recursive) using defaults
[0.782s] Level 1:colcon.colcon_core.package_discovery:discover_packages(ignore) discover
[0.782s] Level 1:colcon.colcon_core.package_discovery:discover_packages(ignore) using defaults
[0.782s] Level 1:colcon.colcon_core.package_discovery:discover_packages(path) discover
[0.782s] Level 1:colcon.colcon_core.package_discovery:discover_packages(path) using defaults
[0.854s] Level 1:colcon.colcon_core.package_discovery:discover_packages(prefix_path) check parameters
[0.854s] Level 1:colcon.colcon_core.package_discovery:discover_packages(prefix_path) discover
[0.858s] WARNING:colcon.colcon_ros.prefix_path.ament:The path '/home/MKGL/quadro_ws/install/space_interfaces' in the environment variable AMENT_PREFIX_PATH doesn't exist
[0.858s] WARNING:colcon.colcon_ros.prefix_path.ament:The path '/home/MKGL/quadro_ws/install/serial' in the environment variable AMENT_PREFIX_PATH doesn't exist
[0.859s] WARNING:colcon.colcon_ros.prefix_path.ament:The path '/home/MKGL/quadro_ws/install/dgz_description' in the environment variable AMENT_PREFIX_PATH doesn't exist
[0.859s] WARNING:colcon.colcon_ros.prefix_path.catkin:The path '/home/MKGL/quadro_ws/install/space_interfaces' in the environment variable CMAKE_PREFIX_PATH doesn't exist
[0.859s] WARNING:colcon.colcon_ros.prefix_path.catkin:The path '/home/MKGL/quadro_ws/install/serial' in the environment variable CMAKE_PREFIX_PATH doesn't exist
[0.860s] WARNING:colcon.colcon_ros.prefix_path.catkin:The path '/home/MKGL/quadro_ws/install/dgz_description' in the environment variable CMAKE_PREFIX_PATH doesn't exist
[0.862s] DEBUG:colcon.colcon_installed_package_information.package_discovery:Found 0 installed packages in /home/MKGL/quadro_ws/install
[0.870s] DEBUG:colcon.colcon_installed_package_information.package_discovery:Found 198 installed packages in /opt/ros/jazzy
[0.872s] Level 1:colcon.colcon_core.package_discovery:discover_packages(prefix_path) using defaults
[1.003s] Level 5:colcon.colcon_core.verb:set package 'dgz_description' build argument 'cmake_args' from command line to 'None'
[1.003s] Level 5:colcon.colcon_core.verb:set package 'dgz_description' build argument 'cmake_target' from command line to 'None'
[1.003s] Level 5:colcon.colcon_core.verb:set package 'dgz_description' build argument 'cmake_target_skip_unavailable' from command line to 'False'
[1.003s] Level 5:colcon.colcon_core.verb:set package 'dgz_description' build argument 'cmake_clean_cache' from command line to 'False'
[1.003s] Level 5:colcon.colcon_core.verb:set package 'dgz_description' build argument 'cmake_clean_first' from command line to 'False'
[1.003s] Level 5:colcon.colcon_core.verb:set package 'dgz_description' build argument 'cmake_force_configure' from command line to 'False'
[1.003s] Level 5:colcon.colcon_core.verb:set package 'dgz_description' build argument 'ament_cmake_args' from command line to 'None'
[1.003s] Level 5:colcon.colcon_core.verb:set package 'dgz_description' build argument 'catkin_cmake_args' from command line to 'None'
[1.004s] Level 5:colcon.colcon_core.verb:set package 'dgz_description' build argument 'catkin_skip_building_tests' from command line to 'False'
[1.004s] DEBUG:colcon.colcon_core.verb:Building package 'dgz_description' with the following arguments: {'ament_cmake_args': None, 'build_base': '/home/MKGL/quadro_ws/build/dgz_description', 'catkin_cmake_args': None, 'catkin_skip_building_tests': False, 'cmake_args': None, 'cmake_clean_cache': False, 'cmake_clean_first': False, 'cmake_force_configure': False, 'cmake_target': None, 'cmake_target_skip_unavailable': False, 'install_base': '/home/MKGL/quadro_ws/install/dgz_description', 'merge_install': False, 'path': '/home/MKGL/quadro_ws/src/dgz_description', 'symlink_install': True, 'test_result_base': None}
[1.005s] Level 5:colcon.colcon_core.verb:set package 'serial' build argument 'cmake_args' from command line to 'None'
[1.005s] Level 5:colcon.colcon_core.verb:set package 'serial' build argument 'cmake_target' from command line to 'None'
[1.005s] Level 5:colcon.colcon_core.verb:set package 'serial' build argument 'cmake_target_skip_unavailable' from command line to 'False'
[1.005s] Level 5:colcon.colcon_core.verb:set package 'serial' build argument 'cmake_clean_cache' from command line to 'False'
[1.005s] Level 5:colcon.colcon_core.verb:set package 'serial' build argument 'cmake_clean_first' from command line to 'False'
[1.006s] Level 5:colcon.colcon_core.verb:set package 'serial' build argument 'cmake_force_configure' from command line to 'False'
[1.006s] Level 5:colcon.colcon_core.verb:set package 'serial' build argument 'ament_cmake_args' from command line to 'None'
[1.006s] Level 5:colcon.colcon_core.verb:set package 'serial' build argument 'catkin_cmake_args' from command line to 'None'
[1.006s] Level 5:colcon.colcon_core.verb:set package 'serial' build argument 'catkin_skip_building_tests' from command line to 'False'
[1.006s] DEBUG:colcon.colcon_core.verb:Building package 'serial' with the following arguments: {'ament_cmake_args': None, 'build_base': '/home/MKGL/quadro_ws/build/serial', 'catkin_cmake_args': None, 'catkin_skip_building_tests': False, 'cmake_args': None, 'cmake_clean_cache': False, 'cmake_clean_first': False, 'cmake_force_configure': False, 'cmake_target': None, 'cmake_target_skip_unavailable': False, 'install_base': '/home/MKGL/quadro_ws/install/serial', 'merge_install': False, 'path': '/home/MKGL/quadro_ws/src/serial', 'symlink_install': True, 'test_result_base': None}
[1.007s] Level 5:colcon.colcon_core.verb:set package 'space_interfaces' build argument 'cmake_args' from command line to 'None'
[1.007s] Level 5:colcon.colcon_core.verb:set package 'space_interfaces' build argument 'cmake_target' from command line to 'None'
[1.007s] Level 5:colcon.colcon_core.verb:set package 'space_interfaces' build argument 'cmake_target_skip_unavailable' from command line to 'False'
[1.007s] Level 5:colcon.colcon_core.verb:set package 'space_interfaces' build argument 'cmake_clean_cache' from command line to 'False'
[1.008s] Level 5:colcon.colcon_core.verb:set package 'space_interfaces' build argument 'cmake_clean_first' from command line to 'False'
[1.008s] Level 5:colcon.colcon_core.verb:set package 'space_interfaces' build argument 'cmake_force_configure' from command line to 'False'
[1.008s] Level 5:colcon.colcon_core.verb:set package 'space_interfaces' build argument 'ament_cmake_args' from command line to 'None'
[1.008s] Level 5:colcon.colcon_core.verb:set package 'space_interfaces' build argument 'catkin_cmake_args' from command line to 'None'
[1.008s] Level 5:colcon.colcon_core.verb:set package 'space_interfaces' build argument 'catkin_skip_building_tests' from command line to 'False'
[1.008s] DEBUG:colcon.colcon_core.verb:Building package 'space_interfaces' with the following arguments: {'ament_cmake_args': None, 'build_base': '/home/MKGL/quadro_ws/build/space_interfaces', 'catkin_cmake_args': None, 'catkin_skip_building_tests': False, 'cmake_args': None, 'cmake_clean_cache': False, 'cmake_clean_first': False, 'cmake_force_configure': False, 'cmake_target': None, 'cmake_target_skip_unavailable': False, 'install_base': '/home/MKGL/quadro_ws/install/space_interfaces', 'merge_install': False, 'path': '/home/MKGL/quadro_ws/src/space_interfaces', 'symlink_install': True, 'test_result_base': None}
[1.009s] Level 5:colcon.colcon_core.verb:set package 'dgz' build argument 'cmake_args' from command line to 'None'
[1.009s] Level 5:colcon.colcon_core.verb:set package 'dgz' build argument 'cmake_target' from command line to 'None'
[1.009s] Level 5:colcon.colcon_core.verb:set package 'dgz' build argument 'cmake_target_skip_unavailable' from command line to 'False'
[1.009s] Level 5:colcon.colcon_core.verb:set package 'dgz' build argument 'cmake_clean_cache' from command line to 'False'
[1.010s] Level 5:colcon.colcon_core.verb:set package 'dgz' build argument 'cmake_clean_first' from command line to 'False'
[1.010s] Level 5:colcon.colcon_core.verb:set package 'dgz' build argument 'cmake_force_configure' from command line to 'False'
[1.010s] Level 5:colcon.colcon_core.verb:set package 'dgz' build argument 'ament_cmake_args' from command line to 'None'
[1.010s] Level 5:colcon.colcon_core.verb:set package 'dgz' build argument 'catkin_cmake_args' from command line to 'None'
[1.010s] Level 5:colcon.colcon_core.verb:set package 'dgz' build argument 'catkin_skip_building_tests' from command line to 'False'
[1.010s] DEBUG:colcon.colcon_core.verb:Building package 'dgz' with the following arguments: {'ament_cmake_args': None, 'build_base': '/home/MKGL/quadro_ws/build/dgz', 'catkin_cmake_args': None, 'catkin_skip_building_tests': False, 'cmake_args': None, 'cmake_clean_cache': False, 'cmake_clean_first': False, 'cmake_force_configure': False, 'cmake_target': None, 'cmake_target_skip_unavailable': False, 'install_base': '/home/MKGL/quadro_ws/install/dgz', 'merge_install': False, 'path': '/home/MKGL/quadro_ws/src/dgz', 'symlink_install': True, 'test_result_base': None}
[1.011s] Level 5:colcon.colcon_core.verb:set package 'manette' build argument 'cmake_args' from command line to 'None'
[1.011s] Level 5:colcon.colcon_core.verb:set package 'manette' build argument 'cmake_target' from command line to 'None'
[1.011s] Level 5:colcon.colcon_core.verb:set package 'manette' build argument 'cmake_target_skip_unavailable' from command line to 'False'
[1.012s] Level 5:colcon.colcon_core.verb:set package 'manette' build argument 'cmake_clean_cache' from command line to 'False'
[1.012s] Level 5:colcon.colcon_core.verb:set package 'manette' build argument 'cmake_clean_first' from command line to 'False'
[1.012s] Level 5:colcon.colcon_core.verb:set package 'manette' build argument 'cmake_force_configure' from command line to 'False'
[1.012s] Level 5:colcon.colcon_core.verb:set package 'manette' build argument 'ament_cmake_args' from command line to 'None'
[1.012s] Level 5:colcon.colcon_core.verb:set package 'manette' build argument 'catkin_cmake_args' from command line to 'None'
[1.012s] Level 5:colcon.colcon_core.verb:set package 'manette' build argument 'catkin_skip_building_tests' from command line to 'False'
[1.012s] DEBUG:colcon.colcon_core.verb:Building package 'manette' with the following arguments: {'ament_cmake_args': None, 'build_base': '/home/MKGL/quadro_ws/build/manette', 'catkin_cmake_args': None, 'catkin_skip_building_tests': False, 'cmake_args': None, 'cmake_clean_cache': False, 'cmake_clean_first': False, 'cmake_force_configure': False, 'cmake_target': None, 'cmake_target_skip_unavailable': False, 'install_base': '/home/MKGL/quadro_ws/install/manette', 'merge_install': False, 'path': '/home/MKGL/quadro_ws/src/manette', 'symlink_install': True, 'test_result_base': None}
[1.012s] INFO:colcon.colcon_core.executor:Executing jobs using 'parallel' executor
[1.015s] DEBUG:colcon.colcon_parallel_executor.executor.parallel:run_until_complete
[1.016s] INFO:colcon.colcon_ros.task.ament_cmake.build:Building ROS package in '/home/MKGL/quadro_ws/src/space_interfaces' with build type 'ament_cmake'
[1.017s] INFO:colcon.colcon_cmake.task.cmake.build:Building CMake package in '/home/MKGL/quadro_ws/src/space_interfaces'
[1.025s] INFO:colcon.colcon_core.plugin_system:Skipping extension 'colcon_core.shell.bat': Not used on non-Windows systems
[1.026s] INFO:colcon.colcon_core.shell:Skip shell extension 'powershell' for command environment: Not usable outside of PowerShell
[1.026s] DEBUG:colcon.colcon_core.shell:Skip shell extension 'dsv' for command environment
[1.040s] INFO:colcon.colcon_ros.task.ament_cmake.build:Building ROS package in '/home/MKGL/quadro_ws/src/serial' with build type 'ament_cmake'
[1.041s] INFO:colcon.colcon_cmake.task.cmake.build:Building CMake package in '/home/MKGL/quadro_ws/src/serial'
[1.042s] INFO:colcon.colcon_core.shell:Skip shell extension 'powershell' for command environment: Not usable outside of PowerShell
[1.042s] DEBUG:colcon.colcon_core.shell:Skip shell extension 'dsv' for command environment
[1.057s] INFO:colcon.colcon_ros.task.ament_cmake.build:Building ROS package in '/home/MKGL/quadro_ws/src/dgz_description' with build type 'ament_cmake'
[1.058s] INFO:colcon.colcon_cmake.task.cmake.build:Building CMake package in '/home/MKGL/quadro_ws/src/dgz_description'
[1.059s] INFO:colcon.colcon_core.shell:Skip shell extension 'powershell' for command environment: Not usable outside of PowerShell
[1.059s] DEBUG:colcon.colcon_core.shell:Skip shell extension 'dsv' for command environment
[1.095s] DEBUG:colcon.colcon_core.event_handler.log_command:Invoking command in '/home/MKGL/quadro_ws/build/space_interfaces': CMAKE_PREFIX_PATH=${CMAKE_PREFIX_PATH}:/opt/ros/jazzy DEBUGINFOD_URLS=https://debuginfod.ubuntu.com /usr/bin/cmake /home/MKGL/quadro_ws/src/space_interfaces -DAMENT_CMAKE_SYMLINK_INSTALL=1 -DCMAKE_INSTALL_PREFIX=/home/MKGL/quadro_ws/install/space_interfaces
[1.105s] DEBUG:colcon.colcon_core.event_handler.log_command:Invoking command in '/home/MKGL/quadro_ws/build/serial': CMAKE_PREFIX_PATH=${CMAKE_PREFIX_PATH}:/opt/ros/jazzy DEBUGINFOD_URLS=https://debuginfod.ubuntu.com /usr/bin/cmake /home/MKGL/quadro_ws/src/serial -DAMENT_CMAKE_SYMLINK_INSTALL=1 -DCMAKE_INSTALL_PREFIX=/home/MKGL/quadro_ws/install/serial
[1.134s] DEBUG:colcon.colcon_core.event_handler.log_command:Invoking command in '/home/MKGL/quadro_ws/build/dgz_description': CMAKE_PREFIX_PATH=${CMAKE_PREFIX_PATH}:/opt/ros/jazzy DEBUGINFOD_URLS=https://debuginfod.ubuntu.com /usr/bin/cmake /home/MKGL/quadro_ws/src/dgz_description -DAMENT_CMAKE_SYMLINK_INSTALL=1 -DCMAKE_INSTALL_PREFIX=/home/MKGL/quadro_ws/install/dgz_description
[5.936s] DEBUG:colcon.colcon_core.event_handler.log_command:Invoked command in '/home/MKGL/quadro_ws/build/dgz_description' returned '0': CMAKE_PREFIX_PATH=${CMAKE_PREFIX_PATH}:/opt/ros/jazzy DEBUGINFOD_URLS=https://debuginfod.ubuntu.com /usr/bin/cmake /home/MKGL/quadro_ws/src/dgz_description -DAMENT_CMAKE_SYMLINK_INSTALL=1 -DCMAKE_INSTALL_PREFIX=/home/MKGL/quadro_ws/install/dgz_description
[5.939s] DEBUG:colcon.colcon_core.event_handler.log_command:Invoking command in '/home/MKGL/quadro_ws/build/dgz_description': CMAKE_PREFIX_PATH=${CMAKE_PREFIX_PATH}:/opt/ros/jazzy DEBUGINFOD_URLS=https://debuginfod.ubuntu.com /usr/bin/cmake --build /home/MKGL/quadro_ws/build/dgz_description -- -j4 -l4
[6.185s] DEBUG:colcon.colcon_core.event_handler.log_command:Invoked command in '/home/MKGL/quadro_ws/build/dgz_description' returned '0': CMAKE_PREFIX_PATH=${CMAKE_PREFIX_PATH}:/opt/ros/jazzy DEBUGINFOD_URLS=https://debuginfod.ubuntu.com /usr/bin/cmake --build /home/MKGL/quadro_ws/build/dgz_description -- -j4 -l4
[6.385s] DEBUG:colcon.colcon_core.event_handler.log_command:Invoking command in '/home/MKGL/quadro_ws/build/dgz_description': CMAKE_PREFIX_PATH=${CMAKE_PREFIX_PATH}:/opt/ros/jazzy DEBUGINFOD_URLS=https://debuginfod.ubuntu.com /usr/bin/cmake --install /home/MKGL/quadro_ws/build/dgz_description
[7.334s] Level 1:colcon.colcon_core.environment:create_environment_scripts_only(dgz_description)
[7.338s] DEBUG:colcon.colcon_core.event_handler.log_command:Invoked command in '/home/MKGL/quadro_ws/build/dgz_description' returned '0': CMAKE_PREFIX_PATH=${CMAKE_PREFIX_PATH}:/opt/ros/jazzy DEBUGINFOD_URLS=https://debuginfod.ubuntu.com /usr/bin/cmake --install /home/MKGL/quadro_ws/build/dgz_description
[7.358s] Level 1:colcon.colcon_core.environment:checking '/home/MKGL/quadro_ws/install/dgz_description' for CMake module files
[7.363s] Level 1:colcon.colcon_core.environment:checking '/home/MKGL/quadro_ws/install/dgz_description' for CMake config files
[7.366s] Level 1:colcon.colcon_core.shell:create_environment_hook('dgz_description', 'cmake_prefix_path')
[7.368s] INFO:colcon.colcon_core.shell:Creating environment hook '/home/MKGL/quadro_ws/install/dgz_description/share/dgz_description/hook/cmake_prefix_path.ps1'
[7.371s] INFO:colcon.colcon_core.shell:Creating environment descriptor '/home/MKGL/quadro_ws/install/dgz_description/share/dgz_description/hook/cmake_prefix_path.dsv'
[7.373s] INFO:colcon.colcon_core.shell:Creating environment hook '/home/MKGL/quadro_ws/install/dgz_description/share/dgz_description/hook/cmake_prefix_path.sh'
[7.377s] Level 1:colcon.colcon_core.environment:checking '/home/MKGL/quadro_ws/install/dgz_description/bin'
[7.378s] Level 1:colcon.colcon_core.environment:checking '/home/MKGL/quadro_ws/install/dgz_description/lib/pkgconfig/dgz_description.pc'
[7.379s] Level 1:colcon.colcon_core.environment:checking '/home/MKGL/quadro_ws/install/dgz_description/lib/python3.12/site-packages'
[7.381s] Level 1:colcon.colcon_core.environment:checking '/home/MKGL/quadro_ws/install/dgz_description/bin'
[7.382s] INFO:colcon.colcon_core.shell:Creating package script '/home/MKGL/quadro_ws/install/dgz_description/share/dgz_description/package.ps1'
[7.385s] INFO:colcon.colcon_core.shell:Creating package descriptor '/home/MKGL/quadro_ws/install/dgz_description/share/dgz_description/package.dsv'
[7.388s] INFO:colcon.colcon_core.shell:Creating package script '/home/MKGL/quadro_ws/install/dgz_description/share/dgz_description/package.sh'
[7.392s] INFO:colcon.colcon_core.shell:Creating package script '/home/MKGL/quadro_ws/install/dgz_description/share/dgz_description/package.bash'
[7.396s] INFO:colcon.colcon_core.shell:Creating package script '/home/MKGL/quadro_ws/install/dgz_description/share/dgz_description/package.zsh'
[7.399s] Level 1:colcon.colcon_core.environment:create_file_with_runtime_dependencies(/home/MKGL/quadro_ws/install/dgz_description/share/colcon-core/packages/dgz_description)
[7.537s] Level 1:colcon.colcon_core.environment:create_environment_scripts_only(dgz_description)
[7.538s] Level 1:colcon.colcon_core.environment:checking '/home/MKGL/quadro_ws/install/dgz_description' for CMake module files
[7.547s] Level 1:colcon.colcon_core.environment:checking '/home/MKGL/quadro_ws/install/dgz_description' for CMake config files
[7.550s] Level 1:colcon.colcon_core.shell:create_environment_hook('dgz_description', 'cmake_prefix_path')
[7.551s] INFO:colcon.colcon_core.shell:Creating environment hook '/home/MKGL/quadro_ws/install/dgz_description/share/dgz_description/hook/cmake_prefix_path.ps1'
[7.554s] INFO:colcon.colcon_core.shell:Creating environment descriptor '/home/MKGL/quadro_ws/install/dgz_description/share/dgz_description/hook/cmake_prefix_path.dsv'
[7.556s] INFO:colcon.colcon_core.shell:Creating environment hook '/home/MKGL/quadro_ws/install/dgz_description/share/dgz_description/hook/cmake_prefix_path.sh'
[7.560s] Level 1:colcon.colcon_core.environment:checking '/home/MKGL/quadro_ws/install/dgz_description/bin'
[7.561s] Level 1:colcon.colcon_core.environment:checking '/home/MKGL/quadro_ws/install/dgz_description/lib/pkgconfig/dgz_description.pc'
[7.562s] Level 1:colcon.colcon_core.environment:checking '/home/MKGL/quadro_ws/install/dgz_description/lib/python3.12/site-packages'
[7.563s] Level 1:colcon.colcon_core.environment:checking '/home/MKGL/quadro_ws/install/dgz_description/bin'
[7.564s] INFO:colcon.colcon_core.shell:Creating package script '/home/MKGL/quadro_ws/install/dgz_description/share/dgz_description/package.ps1'
[7.567s] INFO:colcon.colcon_core.shell:Creating package descriptor '/home/MKGL/quadro_ws/install/dgz_description/share/dgz_description/package.dsv'
[7.570s] INFO:colcon.colcon_core.shell:Creating package script '/home/MKGL/quadro_ws/install/dgz_description/share/dgz_description/package.sh'
[7.573s] INFO:colcon.colcon_core.shell:Creating package script '/home/MKGL/quadro_ws/install/dgz_description/share/dgz_description/package.bash'
[7.576s] INFO:colcon.colcon_core.shell:Creating package script '/home/MKGL/quadro_ws/install/dgz_description/share/dgz_description/package.zsh'
[7.579s] Level 1:colcon.colcon_core.environment:create_file_with_runtime_dependencies(/home/MKGL/quadro_ws/install/dgz_description/share/colcon-core/packages/dgz_description)
[8.354s] DEBUG:colcon.colcon_core.event_handler.log_command:Invoked command in '/home/MKGL/quadro_ws/build/serial' returned '1': CMAKE_PREFIX_PATH=${CMAKE_PREFIX_PATH}:/opt/ros/jazzy DEBUGINFOD_URLS=https://debuginfod.ubuntu.com /usr/bin/cmake /home/MKGL/quadro_ws/src/serial -DAMENT_CMAKE_SYMLINK_INSTALL=1 -DCMAKE_INSTALL_PREFIX=/home/MKGL/quadro_ws/install/serial
[8.410s] Level 1:colcon.colcon_core.environment:create_environment_scripts_only(serial)
[8.412s] Level 1:colcon.colcon_core.environment:checking '/home/MKGL/quadro_ws/install/serial' for CMake module files
[8.414s] Level 1:colcon.colcon_core.environment:checking '/home/MKGL/quadro_ws/install/serial' for CMake config files
[8.416s] Level 1:colcon.colcon_core.environment:checking '/home/MKGL/quadro_ws/install/serial/bin'
[8.417s] Level 1:colcon.colcon_core.environment:checking '/home/MKGL/quadro_ws/install/serial/lib/pkgconfig/serial.pc'
[8.419s] Level 1:colcon.colcon_core.environment:checking '/home/MKGL/quadro_ws/install/serial/lib/python3.12/site-packages'
[8.420s] Level 1:colcon.colcon_core.environment:checking '/home/MKGL/quadro_ws/install/serial/bin'
[8.421s] INFO:colcon.colcon_core.shell:Creating package script '/home/MKGL/quadro_ws/install/serial/share/serial/package.ps1'
[8.426s] INFO:colcon.colcon_core.shell:Creating package descriptor '/home/MKGL/quadro_ws/install/serial/share/serial/package.dsv'
[8.429s] INFO:colcon.colcon_core.shell:Creating package script '/home/MKGL/quadro_ws/install/serial/share/serial/package.sh'
[8.431s] INFO:colcon.colcon_core.shell:Creating package script '/home/MKGL/quadro_ws/install/serial/share/serial/package.bash'
[8.433s] INFO:colcon.colcon_core.shell:Creating package script '/home/MKGL/quadro_ws/install/serial/share/serial/package.zsh'
[8.435s] Level 1:colcon.colcon_core.environment:create_file_with_runtime_dependencies(/home/MKGL/quadro_ws/install/serial/share/colcon-core/packages/serial)
[18.187s] DEBUG:colcon.colcon_parallel_executor.executor.parallel:closing loop
[18.188s] DEBUG:colcon.colcon_parallel_executor.executor.parallel:loop closed
[18.188s] DEBUG:colcon.colcon_parallel_executor.executor.parallel:run_until_complete finished with '1'
[18.189s] DEBUG:colcon.colcon_core.event_reactor:joining thread
[18.216s] INFO:colcon.colcon_core.plugin_system:Skipping extension 'colcon_notification.desktop_notification.notify_send': Could not find 'notify-send'
[18.216s] INFO:colcon.colcon_core.plugin_system:Skipping extension 'colcon_notification.desktop_notification.terminal_notifier': Not used on non-Darwin systems
[18.216s] INFO:colcon.colcon_core.plugin_system:Skipping extension 'colcon_notification.desktop_notification.win32': Not used on non-Windows systems
[18.216s] INFO:colcon.colcon_notification.desktop_notification:Sending desktop notification using 'notify2'
[18.219s] DEBUG:colcon.colcon_notification.desktop_notification.notify2:Failed to initialize notify2: org.freedesktop.DBus.Error.ServiceUnknown: The name org.freedesktop.Notifications was not provided by any .service files
[18.220s] DEBUG:colcon.colcon_core.event_reactor:joined thread
[18.221s] INFO:colcon.colcon_core.shell:Creating prefix script '/home/MKGL/quadro_ws/install/local_setup.ps1'
[18.224s] INFO:colcon.colcon_core.shell:Creating prefix util module '/home/MKGL/quadro_ws/install/_local_setup_util_ps1.py'
[18.228s] INFO:colcon.colcon_core.shell:Creating prefix chain script '/home/MKGL/quadro_ws/install/setup.ps1'
[18.232s] INFO:colcon.colcon_core.shell:Creating prefix script '/home/MKGL/quadro_ws/install/local_setup.sh'
[18.234s] INFO:colcon.colcon_core.shell:Creating prefix util module '/home/MKGL/quadro_ws/install/_local_setup_util_sh.py'
[18.237s] INFO:colcon.colcon_core.shell:Creating prefix chain script '/home/MKGL/quadro_ws/install/setup.sh'
[18.241s] INFO:colcon.colcon_core.shell:Creating prefix script '/home/MKGL/quadro_ws/install/local_setup.bash'
[18.242s] INFO:colcon.colcon_core.shell:Creating prefix chain script '/home/MKGL/quadro_ws/install/setup.bash'
[18.246s] INFO:colcon.colcon_core.shell:Creating prefix script '/home/MKGL/quadro_ws/install/local_setup.zsh'
[18.248s] INFO:colcon.colcon_core.shell:Creating prefix chain script '/home/MKGL/quadro_ws/install/setup.zsh'
