[0.063s] Invoking command in '/home/MKGL/quadro_ws/build/dgz': CMAKE_PREFIX_PATH=${CMAKE_PREFIX_PATH}:/opt/ros/jazzy DEBUGINFOD_URLS=https://debuginfod.ubuntu.com /usr/bin/cmake /home/MKGL/quadro_ws/src/dgz -DAMENT_CMAKE_SYMLINK_INSTALL=1 -DCMAKE_INSTALL_PREFIX=/home/MKGL/quadro_ws/install/dgz
[0.124s] -- Found ament_cmake: 2.5.2 (/opt/ros/jazzy/share/ament_cmake/cmake)
[1.180s] -- Override CMake install command with custom implementation using symlinks instead of copying resources
[1.218s] -- Found rclcpp: 28.1.5 (/opt/ros/jazzy/share/rclcpp/cmake)
[1.351s] -- Found rosidl_generator_c: 4.6.4 (/opt/ros/jazzy/share/rosidl_generator_c/cmake)
[1.398s] -- Found rosidl_generator_cpp: 4.6.4 (/opt/ros/jazzy/share/rosidl_generator_cpp/cmake)
[1.455s] -- Using all available rosidl_typesupport_c: rosidl_typesupport_fastrtps_c;rosidl_typesupport_introspection_c
[1.513s] -- Using all available rosidl_typesupport_cpp: rosidl_typesupport_fastrtps_cpp;rosidl_typesupport_introspection_cpp
[1.756s] -- Found rmw_implementation_cmake: 7.3.1 (/opt/ros/jazzy/share/rmw_implementation_cmake/cmake)
[1.763s] -- Found rmw_fastrtps_cpp: 8.4.1 (/opt/ros/jazzy/share/rmw_fastrtps_cpp/cmake)
[2.012s] -- Using RMW implementation 'rmw_fastrtps_cpp' as default
[2.238s] -- Found std_msgs: 5.3.5 (/opt/ros/jazzy/share/std_msgs/cmake)
[2.289s] -- Found space_interfaces: 0.0.0 (/home/MKGL/quadro_ws/install/space_interfaces/share/space_interfaces/cmake)
[2.332s] -- Found serial: 0.0.0 (/home/MKGL/quadro_ws/install/serial/share/serial/cmake)
[2.366s] -- Found ament_lint_auto: 0.17.1 (/opt/ros/jazzy/share/ament_lint_auto/cmake)
[2.917s] -- Added test 'copyright' to check source files copyright and LICENSE
[2.927s] -- Added test 'cppcheck' to perform static code analysis on C / C++ code
[2.928s] -- Configured cppcheck include dirs: /home/MKGL/quadro_ws/src/dgz/include
[2.929s] -- Configured cppcheck exclude dirs and/or files: 
[2.932s] -- Added test 'flake8' to check Python code syntax and style conventions
[2.932s] -- Configured 'flake8' exclude dirs and/or files: 
[2.936s] -- Added test 'lint_cmake' to check CMake code style
[2.939s] -- Added test 'pep257' to check Python code against some of the docstring style conventions in PEP 257
[2.947s] -- Added test 'uncrustify' to check C / C++ code style
[2.948s] -- Configured uncrustify additional arguments: 
[2.951s] -- Added test 'xmllint' to check XML markup files
[2.959s] -- Configuring done (2.9s)
[3.059s] -- Generating done (0.1s)
[3.067s] -- Build files have been written to: /home/MKGL/quadro_ws/build/dgz
[3.102s] Invoked command in '/home/MKGL/quadro_ws/build/dgz' returned '0': CMAKE_PREFIX_PATH=${CMAKE_PREFIX_PATH}:/opt/ros/jazzy DEBUGINFOD_URLS=https://debuginfod.ubuntu.com /usr/bin/cmake /home/MKGL/quadro_ws/src/dgz -DAMENT_CMAKE_SYMLINK_INSTALL=1 -DCMAKE_INSTALL_PREFIX=/home/MKGL/quadro_ws/install/dgz
[3.108s] Invoking command in '/home/MKGL/quadro_ws/build/dgz': CMAKE_PREFIX_PATH=${CMAKE_PREFIX_PATH}:/opt/ros/jazzy DEBUGINFOD_URLS=https://debuginfod.ubuntu.com /usr/bin/cmake --build /home/MKGL/quadro_ws/build/dgz -- -j4 -l4
[3.366s] [ 33%] [32mBuilding CXX object CMakeFiles/dgz_frame_lib.dir/src/dgz_frame.cpp.o[0m
[3.369s] [ 33%] [32mBuilding CXX object CMakeFiles/move_ctrl_node.dir/src/move_ctrl_node.cpp.o[0m
[5.267s] [ 50%] [32m[1mLinking CXX shared library libdgz_frame_lib.so[0m
[6.360s] [ 50%] Built target dgz_frame_lib
[6.476s] [ 66%] [32mBuilding CXX object CMakeFiles/dgz_ctrl_node.dir/src/dgz_ctrl_node.cpp.o[0m
[8.182s] [01m[K/home/MKGL/quadro_ws/src/dgz/src/dgz_ctrl_node.cpp:3:10:[m[K [01;31m[Kfatal error: [m[Kserial/serial.hpp: No such file or directory
[8.185s]     3 | #include [01;31m[K"serial/serial.hpp"[m[K
[8.188s]       |          [01;31m[K^~~~~~~~~~~~~~~~~~~[m[K
[8.189s] compilation terminated.
[8.192s] gmake[2]: *** [CMakeFiles/dgz_ctrl_node.dir/build.make:76: CMakeFiles/dgz_ctrl_node.dir/src/dgz_ctrl_node.cpp.o] Error 1
[8.193s] gmake[1]: *** [CMakeFiles/Makefile2:193: CMakeFiles/dgz_ctrl_node.dir/all] Error 2
[8.194s] gmake[1]: *** Waiting for unfinished jobs....
[39.911s] [ 83%] [32m[1mLinking CXX executable move_ctrl_node[0m
[41.373s] [ 83%] Built target move_ctrl_node
[41.378s] gmake: *** [Makefile:146: all] Error 2
[41.386s] Invoked command in '/home/MKGL/quadro_ws/build/dgz' returned '2': CMAKE_PREFIX_PATH=${CMAKE_PREFIX_PATH}:/opt/ros/jazzy DEBUGINFOD_URLS=https://debuginfod.ubuntu.com /usr/bin/cmake --build /home/MKGL/quadro_ws/build/dgz -- -j4 -l4
