[0.086s] Invoking command in '/home/MKGL/quadro_ws/build/dgz_description': CMAKE_PREFIX_PATH=${CMAKE_PREFIX_PATH}:/opt/ros/jazzy DEBUGINFOD_URLS=https://debuginfod.ubuntu.com /usr/bin/cmake --build /home/MKGL/quadro_ws/build/dgz_description -- -j4 -l4
[0.338s] Invoked command in '/home/MKGL/quadro_ws/build/dgz_description' returned '0': CMAKE_PREFIX_PATH=${CMAKE_PREFIX_PATH}:/opt/ros/jazzy DEBUGINFOD_URLS=https://debuginfod.ubuntu.com /usr/bin/cmake --build /home/MKGL/quadro_ws/build/dgz_description -- -j4 -l4
[0.643s] Invoking command in '/home/MKGL/quadro_ws/build/dgz_description': CMAKE_PREFIX_PATH=${CMAKE_PREFIX_PATH}:/opt/ros/jazzy DEBUGINFOD_URLS=https://debuginfod.ubuntu.com /usr/bin/cmake --install /home/MKGL/quadro_ws/build/dgz_description
[0.717s] -- Install configuration: ""
[0.721s] -- Execute custom install script
[0.735s] -- Up-to-date symlink: /home/MKGL/quadro_ws/install/dgz_description/share/dgz_description/launch/dgz_description.launch.py
[0.740s] -- Up-to-date symlink: /home/MKGL/quadro_ws/install/dgz_description/share/ament_index/resource_index/package_run_dependencies/dgz_description
[0.747s] -- Up-to-date symlink: /home/MKGL/quadro_ws/install/dgz_description/share/ament_index/resource_index/parent_prefix_path/dgz_description
[0.761s] -- Up-to-date symlink: /home/MKGL/quadro_ws/install/dgz_description/share/dgz_description/environment/ament_prefix_path.sh
[0.770s] -- Up-to-date symlink: /home/MKGL/quadro_ws/install/dgz_description/share/dgz_description/environment/ament_prefix_path.dsv
[0.776s] -- Up-to-date symlink: /home/MKGL/quadro_ws/install/dgz_description/share/dgz_description/environment/path.sh
[0.782s] -- Up-to-date symlink: /home/MKGL/quadro_ws/install/dgz_description/share/dgz_description/environment/path.dsv
[0.786s] -- Up-to-date symlink: /home/MKGL/quadro_ws/install/dgz_description/share/dgz_description/local_setup.bash
[0.787s] -- Up-to-date symlink: /home/MKGL/quadro_ws/install/dgz_description/share/dgz_description/local_setup.sh
[0.796s] -- Up-to-date symlink: /home/MKGL/quadro_ws/install/dgz_description/share/dgz_description/local_setup.zsh
[0.797s] -- Up-to-date symlink: /home/MKGL/quadro_ws/install/dgz_description/share/dgz_description/local_setup.dsv
[0.798s] -- Symlinking: /home/MKGL/quadro_ws/install/dgz_description/share/dgz_description/package.dsv
[0.901s] -- Up-to-date symlink: /home/MKGL/quadro_ws/install/dgz_description/share/ament_index/resource_index/packages/dgz_description
[0.907s] -- Up-to-date symlink: /home/MKGL/quadro_ws/install/dgz_description/share/dgz_description/cmake/dgz_descriptionConfig.cmake
[0.921s] -- Up-to-date symlink: /home/MKGL/quadro_ws/install/dgz_description/share/dgz_description/cmake/dgz_descriptionConfig-version.cmake
[0.925s] -- Up-to-date symlink: /home/MKGL/quadro_ws/install/dgz_description/share/dgz_description/package.xml
[0.957s] Invoked command in '/home/MKGL/quadro_ws/build/dgz_description' returned '0': CMAKE_PREFIX_PATH=${CMAKE_PREFIX_PATH}:/opt/ros/jazzy DEBUGINFOD_URLS=https://debuginfod.ubuntu.com /usr/bin/cmake --install /home/MKGL/quadro_ws/build/dgz_description
