[0.079s] Invoking command in '/home/MKGL/quadro_ws/build/serial': CMAKE_PREFIX_PATH=${CMAKE_PREFIX_PATH}:/opt/ros/jazzy DEBUGINFOD_URLS=https://debuginfod.ubuntu.com /usr/bin/cmake --build /home/MKGL/quadro_ws/build/serial -- -j4 -l4
[0.227s] -- Found ament_cmake: 2.5.2 (/opt/ros/jazzy/share/ament_cmake/cmake)
[1.938s] -- Override CMake install command with custom implementation using symlinks instead of copying resources
[1.993s] -- Found rclcpp: 28.1.5 (/opt/ros/jazzy/share/rclcpp/cmake)
[2.142s] -- Found rosidl_generator_c: 4.6.4 (/opt/ros/jazzy/share/rosidl_generator_c/cmake)
[2.190s] -- Found rosidl_generator_cpp: 4.6.4 (/opt/ros/jazzy/share/rosidl_generator_cpp/cmake)
[2.247s] -- Using all available rosidl_typesupport_c: rosidl_typesupport_fastrtps_c;rosidl_typesupport_introspection_c
[2.318s] -- Using all available rosidl_typesupport_cpp: rosidl_typesupport_fastrtps_cpp;rosidl_typesupport_introspection_cpp
[2.656s] -- Found rmw_implementation_cmake: 7.3.1 (/opt/ros/jazzy/share/rmw_implementation_cmake/cmake)
[2.663s] -- Found rmw_fastrtps_cpp: 8.4.1 (/opt/ros/jazzy/share/rmw_fastrtps_cpp/cmake)
[2.943s] -- Using RMW implementation 'rmw_fastrtps_cpp' as default
[3.229s] -- Found ament_lint_auto: 0.17.1 (/opt/ros/jazzy/share/ament_lint_auto/cmake)
[3.749s] -- Added test 'cppcheck' to perform static code analysis on C / C++ code
[3.750s] -- Configured cppcheck include dirs: /home/MKGL/quadro_ws/src/serial/include;$<BUILD_INTERFACE:/home/MKGL/quadro_ws/src/serial/include>
[3.751s] -- Configured cppcheck exclude dirs and/or files: 
[3.754s] -- Added test 'lint_cmake' to check CMake code style
[3.761s] -- Added test 'uncrustify' to check C / C++ code style
[3.762s] -- Configured uncrustify additional arguments: 
[3.763s] -- Added test 'xmllint' to check XML markup files
[3.779s] -- Configuring done (3.6s)
[3.851s] [0mCMake Error: INSTALL(EXPORT) given unknown export "export_serial_lib"[0m
[3.855s] -- Generating done (0.0s)
[3.867s] [0mCMake Generate step failed.  Build files cannot be regenerated correctly.[0m
[3.899s] gmake: *** [Makefile:308: cmake_check_build_system] Error 1
[3.918s] Invoked command in '/home/MKGL/quadro_ws/build/serial' returned '2': CMAKE_PREFIX_PATH=${CMAKE_PREFIX_PATH}:/opt/ros/jazzy DEBUGINFOD_URLS=https://debuginfod.ubuntu.com /usr/bin/cmake --build /home/MKGL/quadro_ws/build/serial -- -j4 -l4
