[0.083s] Invoking command in '/home/MKGL/quadro_ws/build/serial': CMAKE_PREFIX_PATH=${CMAKE_PREFIX_PATH}:/opt/ros/jazzy DEBUGINFOD_URLS=https://debuginfod.ubuntu.com /usr/bin/cmake --build /home/MKGL/quadro_ws/build/serial -- -j4 -l4
[0.223s] -- Found ament_cmake: 2.5.2 (/opt/ros/jazzy/share/ament_cmake/cmake)
[1.994s] -- Override CMake install command with custom implementation using symlinks instead of copying resources
[2.036s] -- Found rclcpp: 28.1.5 (/opt/ros/jazzy/share/rclcpp/cmake)
[2.181s] -- Found rosidl_generator_c: 4.6.4 (/opt/ros/jazzy/share/rosidl_generator_c/cmake)
[2.228s] -- Found rosidl_generator_cpp: 4.6.4 (/opt/ros/jazzy/share/rosidl_generator_cpp/cmake)
[2.285s] -- Using all available rosidl_typesupport_c: rosidl_typesupport_fastrtps_c;rosidl_typesupport_introspection_c
[2.362s] -- Using all available rosidl_typesupport_cpp: rosidl_typesupport_fastrtps_cpp;rosidl_typesupport_introspection_cpp
[2.684s] -- Found rmw_implementation_cmake: 7.3.1 (/opt/ros/jazzy/share/rmw_implementation_cmake/cmake)
[2.692s] -- Found rmw_fastrtps_cpp: 8.4.1 (/opt/ros/jazzy/share/rmw_fastrtps_cpp/cmake)
[2.969s] -- Using RMW implementation 'rmw_fastrtps_cpp' as default
[3.251s] -- Found ament_lint_auto: 0.17.1 (/opt/ros/jazzy/share/ament_lint_auto/cmake)
[3.787s] -- Added test 'cppcheck' to perform static code analysis on C / C++ code
[3.788s] -- Configured cppcheck include dirs: /home/MKGL/quadro_ws/src/serial/include;$<BUILD_INTERFACE:/home/MKGL/quadro_ws/src/serial/include>
[3.788s] -- Configured cppcheck exclude dirs and/or files: 
[3.791s] -- Added test 'lint_cmake' to check CMake code style
[3.798s] -- Added test 'uncrustify' to check C / C++ code style
[3.800s] -- Configured uncrustify additional arguments: 
[3.801s] -- Added test 'xmllint' to check XML markup files
[3.812s] -- Configuring done (3.6s)
[3.888s] -- Generating done (0.0s)
[3.901s] -- Build files have been written to: /home/MKGL/quadro_ws/build/serial
[4.087s] [ 25%] [32mBuilding CXX object CMakeFiles/serial_lib.dir/src/serial.cpp.o[0m
[5.926s] [ 50%] [32m[1mLinking CXX shared library libserial_lib.so[0m
[6.296s] [ 50%] Built target serial_lib
[6.401s] [ 75%] [32mBuilding CXX object CMakeFiles/testlib_node.dir/src/testlib_node.cpp.o[0m
[21.307s] [100%] [32m[1mLinking CXX executable testlib_node[0m
[21.943s] [100%] Built target testlib_node
[21.993s] Invoked command in '/home/MKGL/quadro_ws/build/serial' returned '0': CMAKE_PREFIX_PATH=${CMAKE_PREFIX_PATH}:/opt/ros/jazzy DEBUGINFOD_URLS=https://debuginfod.ubuntu.com /usr/bin/cmake --build /home/MKGL/quadro_ws/build/serial -- -j4 -l4
[22.160s] Invoking command in '/home/MKGL/quadro_ws/build/serial': CMAKE_PREFIX_PATH=${CMAKE_PREFIX_PATH}:/opt/ros/jazzy DEBUGINFOD_URLS=https://debuginfod.ubuntu.com /usr/bin/cmake --install /home/MKGL/quadro_ws/build/serial
[22.195s] -- Install configuration: ""
[22.197s] -- Execute custom install script
[22.198s] -- Symlinking: /home/MKGL/quadro_ws/install/serial/share/serial/environment/library_path.sh
[22.242s] -- Symlinking: /home/MKGL/quadro_ws/install/serial/share/serial/environment/library_path.dsv
[22.285s] -- Symlinking: /home/MKGL/quadro_ws/install/serial/include/serial/include/serial/serial.hpp
[22.330s] -- Symlinking: /home/MKGL/quadro_ws/install/serial/lib/serial/testlib_node
[22.378s] -- Symlinking: /home/MKGL/quadro_ws/install/serial/share/ament_index/resource_index/package_run_dependencies/serial
[22.423s] -- Symlinking: /home/MKGL/quadro_ws/install/serial/share/ament_index/resource_index/parent_prefix_path/serial
[22.467s] -- Symlinking: /home/MKGL/quadro_ws/install/serial/share/serial/environment/ament_prefix_path.sh
[22.510s] -- Symlinking: /home/MKGL/quadro_ws/install/serial/share/serial/environment/ament_prefix_path.dsv
[22.556s] -- Symlinking: /home/MKGL/quadro_ws/install/serial/share/serial/environment/path.sh
[22.597s] -- Symlinking: /home/MKGL/quadro_ws/install/serial/share/serial/environment/path.dsv
[22.640s] -- Symlinking: /home/MKGL/quadro_ws/install/serial/share/serial/local_setup.bash
[22.684s] -- Symlinking: /home/MKGL/quadro_ws/install/serial/share/serial/local_setup.sh
[22.727s] -- Symlinking: /home/MKGL/quadro_ws/install/serial/share/serial/local_setup.zsh
[22.774s] -- Symlinking: /home/MKGL/quadro_ws/install/serial/share/serial/local_setup.dsv
[22.818s] -- Symlinking: /home/MKGL/quadro_ws/install/serial/share/serial/package.dsv
[22.862s] -- Symlinking: /home/MKGL/quadro_ws/install/serial/share/ament_index/resource_index/packages/serial
[22.907s] -- Symlinking: /home/MKGL/quadro_ws/install/serial/share/serial/cmake/ament_cmake_export_targets-extras.cmake
[22.951s] -- Symlinking: /home/MKGL/quadro_ws/install/serial/share/serial/cmake/ament_cmake_export_include_directories-extras.cmake
[22.996s] -- Symlinking: /home/MKGL/quadro_ws/install/serial/share/serial/cmake/ament_cmake_export_libraries-extras.cmake
[23.040s] -- Symlinking: /home/MKGL/quadro_ws/install/serial/share/serial/cmake/serialConfig.cmake
[23.083s] -- Symlinking: /home/MKGL/quadro_ws/install/serial/share/serial/cmake/serialConfig-version.cmake
[23.127s] -- Symlinking: /home/MKGL/quadro_ws/install/serial/share/serial/package.xml
[23.172s] -- Installing: /home/MKGL/quadro_ws/install/serial/lib/libserial_lib.so
[23.174s] -- Installing: /home/MKGL/quadro_ws/install/serial/share/serial/cmake/export_serialExport.cmake
[23.175s] -- Installing: /home/MKGL/quadro_ws/install/serial/share/serial/cmake/export_serialExport-noconfig.cmake
[23.185s] Invoked command in '/home/MKGL/quadro_ws/build/serial' returned '0': CMAKE_PREFIX_PATH=${CMAKE_PREFIX_PATH}:/opt/ros/jazzy DEBUGINFOD_URLS=https://debuginfod.ubuntu.com /usr/bin/cmake --install /home/MKGL/quadro_ws/build/serial
