[0.056s] Invoking command in '/home/MKGL/quadro_ws/build/serial': CMAKE_PREFIX_PATH=${CMAKE_PREFIX_PATH}:/opt/ros/jazzy DEBUGINFOD_URLS=https://debuginfod.ubuntu.com /usr/bin/cmake --build /home/MKGL/quadro_ws/build/serial -- -j4 -l4
[0.313s] [ 50%] Built target serial_lib
[0.483s] [100%] Built target testlib_node
[0.539s] Invoked command in '/home/MKGL/quadro_ws/build/serial' returned '0': CMAKE_PREFIX_PATH=${CMAKE_PREFIX_PATH}:/opt/ros/jazzy DEBUGINFOD_URLS=https://debuginfod.ubuntu.com /usr/bin/cmake --build /home/MKGL/quadro_ws/build/serial -- -j4 -l4
[0.740s] Invoking command in '/home/MKGL/quadro_ws/build/serial': CMAKE_PREFIX_PATH=${CMAKE_PREFIX_PATH}:/opt/ros/jazzy DEBUGINFOD_URLS=https://debuginfod.ubuntu.com /usr/bin/cmake --install /home/MKGL/quadro_ws/build/serial
[0.777s] -- Install configuration: ""
[0.777s] -- Up-to-date: /home/MKGL/quadro_ws/install/serial/share/serial/environment/library_path.sh
[0.778s] -- Up-to-date: /home/MKGL/quadro_ws/install/serial/share/serial/environment/library_path.dsv
[0.778s] -- Up-to-date: /home/MKGL/quadro_ws/install/serial/include/serial
[0.779s] -- Up-to-date: /home/MKGL/quadro_ws/install/serial/include/serial/serial
[0.779s] -- Up-to-date: /home/MKGL/quadro_ws/install/serial/include/serial/serial/serial.hpp
[0.780s] -- Up-to-date: /home/MKGL/quadro_ws/install/serial/lib/libserial_lib.so
[0.780s] -- Up-to-date: /home/MKGL/quadro_ws/install/serial/lib/serial/testlib_node
[0.782s] -- Up-to-date: /home/MKGL/quadro_ws/install/serial/share/ament_index/resource_index/package_run_dependencies/serial
[0.782s] -- Up-to-date: /home/MKGL/quadro_ws/install/serial/share/ament_index/resource_index/parent_prefix_path/serial
[0.783s] -- Up-to-date: /home/MKGL/quadro_ws/install/serial/share/serial/environment/ament_prefix_path.sh
[0.784s] -- Up-to-date: /home/MKGL/quadro_ws/install/serial/share/serial/environment/ament_prefix_path.dsv
[0.784s] -- Up-to-date: /home/MKGL/quadro_ws/install/serial/share/serial/environment/path.sh
[0.785s] -- Up-to-date: /home/MKGL/quadro_ws/install/serial/share/serial/environment/path.dsv
[0.785s] -- Up-to-date: /home/MKGL/quadro_ws/install/serial/share/serial/local_setup.bash
[0.786s] -- Up-to-date: /home/MKGL/quadro_ws/install/serial/share/serial/local_setup.sh
[0.786s] -- Up-to-date: /home/MKGL/quadro_ws/install/serial/share/serial/local_setup.zsh
[0.787s] -- Up-to-date: /home/MKGL/quadro_ws/install/serial/share/serial/local_setup.dsv
[0.787s] -- Installing: /home/MKGL/quadro_ws/install/serial/share/serial/package.dsv
[0.788s] -- Up-to-date: /home/MKGL/quadro_ws/install/serial/share/ament_index/resource_index/packages/serial
[0.788s] -- Up-to-date: /home/MKGL/quadro_ws/install/serial/share/serial/cmake/export_serialExport.cmake
[0.789s] -- Up-to-date: /home/MKGL/quadro_ws/install/serial/share/serial/cmake/export_serialExport-noconfig.cmake
[0.789s] -- Up-to-date: /home/MKGL/quadro_ws/install/serial/share/serial/cmake/ament_cmake_export_targets-extras.cmake
[0.790s] -- Up-to-date: /home/MKGL/quadro_ws/install/serial/share/serial/cmake/ament_cmake_export_dependencies-extras.cmake
[0.790s] -- Up-to-date: /home/MKGL/quadro_ws/install/serial/share/serial/cmake/ament_cmake_export_include_directories-extras.cmake
[0.791s] -- Up-to-date: /home/MKGL/quadro_ws/install/serial/share/serial/cmake/ament_cmake_export_libraries-extras.cmake
[0.792s] -- Up-to-date: /home/MKGL/quadro_ws/install/serial/share/serial/cmake/serialConfig.cmake
[0.793s] -- Up-to-date: /home/MKGL/quadro_ws/install/serial/share/serial/cmake/serialConfig-version.cmake
[0.793s] -- Up-to-date: /home/MKGL/quadro_ws/install/serial/share/serial/package.xml
[0.798s] Invoked command in '/home/MKGL/quadro_ws/build/serial' returned '0': CMAKE_PREFIX_PATH=${CMAKE_PREFIX_PATH}:/opt/ros/jazzy DEBUGINFOD_URLS=https://debuginfod.ubuntu.com /usr/bin/cmake --install /home/MKGL/quadro_ws/build/serial
