[0.449s] Invoking command in '/home/ubuntu/quadro_ws/build/dgz_keyboard': CMAKE_PREFIX_PATH=/home/ubuntu/quadro_ws/install/space_interfaces:/home/ubuntu/quadro_ws/install/dgz_keyboard:/home/ubuntu/quadro_ws/install/ros_gz_bridge_test:/home/ubuntu/quadro_ws/install/quadrobot_viewer:/home/ubuntu/quadro_ws/install/quadro_move_ctrl:/home/ubuntu/quadro_ws/install/dgz_viewer:/home/ubuntu/quadro_ws/install/cerbere:/opt/ros/jazzy/opt/gz_sim_vendor:/opt/ros/jazzy/opt/gz_sensors_vendor:/opt/ros/jazzy/opt/gz_physics_vendor:/opt/ros/jazzy/opt/sdformat_vendor:/opt/ros/jazzy/opt/gz_gui_vendor:/opt/ros/jazzy/opt/gz_transport_vendor:/opt/ros/jazzy/opt/gz_rendering_vendor:/opt/ros/jazzy/opt/gz_plugin_vendor:/opt/ros/jazzy/opt/gz_fuel_tools_vendor:/opt/ros/jazzy/opt/gz_msgs_vendor:/opt/ros/jazzy/opt/gz_common_vendor:/opt/ros/jazzy/opt/gz_math_vendor:/opt/ros/jazzy/opt/gz_utils_vendor:/opt/ros/jazzy/opt/gz_tools_vendor:/opt/ros/jazzy/opt/gz_ogre_next_vendor:/opt/ros/jazzy/opt/gz_dartsim_vendor:/opt/ros/jazzy/opt/gz_cmake_vendor:/opt/ros/jazzy /usr/bin/cmake /home/ubuntu/quadro_ws/src/dgz_keyboard -DAMENT_CMAKE_SYMLINK_INSTALL=1 -DCMAKE_INSTALL_PREFIX=/home/ubuntu/quadro_ws/install/dgz_keyboard
[0.830s] -- The C compiler identification is GNU 13.2.0
[3.101s] -- The CXX compiler identification is GNU 13.2.0
[5.140s] -- Detecting C compiler ABI info
[5.788s] -- Detecting C compiler ABI info - done
[5.801s] -- Check for working C compiler: /usr/bin/cc - skipped
[5.802s] -- Detecting C compile features
[5.802s] -- Detecting C compile features - done
[5.969s] -- Detecting CXX compiler ABI info
[6.533s] -- Detecting CXX compiler ABI info - done
[6.546s] -- Check for working CXX compiler: /usr/bin/c++ - skipped
[6.546s] -- Detecting CXX compile features
[6.547s] -- Detecting CXX compile features - done
[6.552s] -- Found ament_cmake: 2.5.2 (/opt/ros/jazzy/share/ament_cmake/cmake)
[6.794s] -- Found Python3: /usr/bin/python3 (found version "3.12.3") found components: Interpreter 
[6.909s] -- Override CMake install command with custom implementation using symlinks instead of copying resources
[6.972s] -- Found rclcpp: 28.1.5 (/opt/ros/jazzy/share/rclcpp/cmake)
[7.439s] -- Found rosidl_generator_c: 4.6.4 (/opt/ros/jazzy/share/rosidl_generator_c/cmake)
[7.479s] -- Found rosidl_generator_cpp: 4.6.4 (/opt/ros/jazzy/share/rosidl_generator_cpp/cmake)
[7.515s] -- Using all available rosidl_typesupport_c: rosidl_typesupport_fastrtps_c;rosidl_typesupport_introspection_c
[7.553s] -- Using all available rosidl_typesupport_cpp: rosidl_typesupport_fastrtps_cpp;rosidl_typesupport_introspection_cpp
[7.733s] -- Found rmw_implementation_cmake: 7.3.1 (/opt/ros/jazzy/share/rmw_implementation_cmake/cmake)
[7.743s] -- Found rmw_fastrtps_cpp: 8.4.1 (/opt/ros/jazzy/share/rmw_fastrtps_cpp/cmake)
[7.884s] -- Found OpenSSL: /usr/lib/x86_64-linux-gnu/libcrypto.so (found version "3.0.13")  
[8.593s] -- Found FastRTPS: /opt/ros/jazzy/include (Required is at least version "2.13") 
[9.010s] -- Using RMW implementation 'rmw_fastrtps_cpp' as default
[9.695s] -- Found geometry_msgs: 5.3.5 (/opt/ros/jazzy/share/geometry_msgs/cmake)
[9.754s] -- Found space_interfaces: 0.0.0 (/home/ubuntu/quadro_ws/install/space_interfaces/share/space_interfaces/cmake)
[9.778s] -- Found ament_lint_auto: 0.17.1 (/opt/ros/jazzy/share/ament_lint_auto/cmake)
[9.953s] -- Added test 'cppcheck' to perform static code analysis on C / C++ code
[9.954s] -- Configured cppcheck include dirs: 
[9.954s] -- Configured cppcheck exclude dirs and/or files: 
[9.955s] -- Added test 'flake8' to check Python code syntax and style conventions
[9.955s] -- Configured 'flake8' exclude dirs and/or files: 
[9.957s] -- Added test 'lint_cmake' to check CMake code style
[9.958s] -- Added test 'pep257' to check Python code against some of the docstring style conventions in PEP 257
[9.960s] -- Added test 'uncrustify' to check C / C++ code style
[9.960s] -- Configured uncrustify additional arguments: 
[9.962s] -- Added test 'xmllint' to check XML markup files
[9.965s] -- Configuring done (9.5s)
[9.981s] -- Generating done (0.0s)
[9.983s] -- Build files have been written to: /home/ubuntu/quadro_ws/build/dgz_keyboard
[9.995s] Invoked command in '/home/ubuntu/quadro_ws/build/dgz_keyboard' returned '0': CMAKE_PREFIX_PATH=/home/ubuntu/quadro_ws/install/space_interfaces:/home/ubuntu/quadro_ws/install/dgz_keyboard:/home/ubuntu/quadro_ws/install/ros_gz_bridge_test:/home/ubuntu/quadro_ws/install/quadrobot_viewer:/home/ubuntu/quadro_ws/install/quadro_move_ctrl:/home/ubuntu/quadro_ws/install/dgz_viewer:/home/ubuntu/quadro_ws/install/cerbere:/opt/ros/jazzy/opt/gz_sim_vendor:/opt/ros/jazzy/opt/gz_sensors_vendor:/opt/ros/jazzy/opt/gz_physics_vendor:/opt/ros/jazzy/opt/sdformat_vendor:/opt/ros/jazzy/opt/gz_gui_vendor:/opt/ros/jazzy/opt/gz_transport_vendor:/opt/ros/jazzy/opt/gz_rendering_vendor:/opt/ros/jazzy/opt/gz_plugin_vendor:/opt/ros/jazzy/opt/gz_fuel_tools_vendor:/opt/ros/jazzy/opt/gz_msgs_vendor:/opt/ros/jazzy/opt/gz_common_vendor:/opt/ros/jazzy/opt/gz_math_vendor:/opt/ros/jazzy/opt/gz_utils_vendor:/opt/ros/jazzy/opt/gz_tools_vendor:/opt/ros/jazzy/opt/gz_ogre_next_vendor:/opt/ros/jazzy/opt/gz_dartsim_vendor:/opt/ros/jazzy/opt/gz_cmake_vendor:/opt/ros/jazzy /usr/bin/cmake /home/ubuntu/quadro_ws/src/dgz_keyboard -DAMENT_CMAKE_SYMLINK_INSTALL=1 -DCMAKE_INSTALL_PREFIX=/home/ubuntu/quadro_ws/install/dgz_keyboard
[9.998s] Invoking command in '/home/ubuntu/quadro_ws/build/dgz_keyboard': CMAKE_PREFIX_PATH=/home/ubuntu/quadro_ws/install/space_interfaces:/home/ubuntu/quadro_ws/install/dgz_keyboard:/home/ubuntu/quadro_ws/install/ros_gz_bridge_test:/home/ubuntu/quadro_ws/install/quadrobot_viewer:/home/ubuntu/quadro_ws/install/quadro_move_ctrl:/home/ubuntu/quadro_ws/install/dgz_viewer:/home/ubuntu/quadro_ws/install/cerbere:/opt/ros/jazzy/opt/gz_sim_vendor:/opt/ros/jazzy/opt/gz_sensors_vendor:/opt/ros/jazzy/opt/gz_physics_vendor:/opt/ros/jazzy/opt/sdformat_vendor:/opt/ros/jazzy/opt/gz_gui_vendor:/opt/ros/jazzy/opt/gz_transport_vendor:/opt/ros/jazzy/opt/gz_rendering_vendor:/opt/ros/jazzy/opt/gz_plugin_vendor:/opt/ros/jazzy/opt/gz_fuel_tools_vendor:/opt/ros/jazzy/opt/gz_msgs_vendor:/opt/ros/jazzy/opt/gz_common_vendor:/opt/ros/jazzy/opt/gz_math_vendor:/opt/ros/jazzy/opt/gz_utils_vendor:/opt/ros/jazzy/opt/gz_tools_vendor:/opt/ros/jazzy/opt/gz_ogre_next_vendor:/opt/ros/jazzy/opt/gz_dartsim_vendor:/opt/ros/jazzy/opt/gz_cmake_vendor:/opt/ros/jazzy /usr/bin/cmake --build /home/ubuntu/quadro_ws/build/dgz_keyboard -- -j16 -l16
[10.062s] [ 50%] [32mBuilding CXX object CMakeFiles/dgz_keyboard_node.dir/src/dgz_keyboard_node.cpp.o[0m
[22.937s] [100%] [32m[1mLinking CXX executable dgz_keyboard_node[0m
[24.133s] [100%] Built target dgz_keyboard_node
[24.152s] Invoked command in '/home/ubuntu/quadro_ws/build/dgz_keyboard' returned '0': CMAKE_PREFIX_PATH=/home/ubuntu/quadro_ws/install/space_interfaces:/home/ubuntu/quadro_ws/install/dgz_keyboard:/home/ubuntu/quadro_ws/install/ros_gz_bridge_test:/home/ubuntu/quadro_ws/install/quadrobot_viewer:/home/ubuntu/quadro_ws/install/quadro_move_ctrl:/home/ubuntu/quadro_ws/install/dgz_viewer:/home/ubuntu/quadro_ws/install/cerbere:/opt/ros/jazzy/opt/gz_sim_vendor:/opt/ros/jazzy/opt/gz_sensors_vendor:/opt/ros/jazzy/opt/gz_physics_vendor:/opt/ros/jazzy/opt/sdformat_vendor:/opt/ros/jazzy/opt/gz_gui_vendor:/opt/ros/jazzy/opt/gz_transport_vendor:/opt/ros/jazzy/opt/gz_rendering_vendor:/opt/ros/jazzy/opt/gz_plugin_vendor:/opt/ros/jazzy/opt/gz_fuel_tools_vendor:/opt/ros/jazzy/opt/gz_msgs_vendor:/opt/ros/jazzy/opt/gz_common_vendor:/opt/ros/jazzy/opt/gz_math_vendor:/opt/ros/jazzy/opt/gz_utils_vendor:/opt/ros/jazzy/opt/gz_tools_vendor:/opt/ros/jazzy/opt/gz_ogre_next_vendor:/opt/ros/jazzy/opt/gz_dartsim_vendor:/opt/ros/jazzy/opt/gz_cmake_vendor:/opt/ros/jazzy /usr/bin/cmake --build /home/ubuntu/quadro_ws/build/dgz_keyboard -- -j16 -l16
[24.206s] Invoking command in '/home/ubuntu/quadro_ws/build/dgz_keyboard': CMAKE_PREFIX_PATH=/home/ubuntu/quadro_ws/install/space_interfaces:/home/ubuntu/quadro_ws/install/dgz_keyboard:/home/ubuntu/quadro_ws/install/ros_gz_bridge_test:/home/ubuntu/quadro_ws/install/quadrobot_viewer:/home/ubuntu/quadro_ws/install/quadro_move_ctrl:/home/ubuntu/quadro_ws/install/dgz_viewer:/home/ubuntu/quadro_ws/install/cerbere:/opt/ros/jazzy/opt/gz_sim_vendor:/opt/ros/jazzy/opt/gz_sensors_vendor:/opt/ros/jazzy/opt/gz_physics_vendor:/opt/ros/jazzy/opt/sdformat_vendor:/opt/ros/jazzy/opt/gz_gui_vendor:/opt/ros/jazzy/opt/gz_transport_vendor:/opt/ros/jazzy/opt/gz_rendering_vendor:/opt/ros/jazzy/opt/gz_plugin_vendor:/opt/ros/jazzy/opt/gz_fuel_tools_vendor:/opt/ros/jazzy/opt/gz_msgs_vendor:/opt/ros/jazzy/opt/gz_common_vendor:/opt/ros/jazzy/opt/gz_math_vendor:/opt/ros/jazzy/opt/gz_utils_vendor:/opt/ros/jazzy/opt/gz_tools_vendor:/opt/ros/jazzy/opt/gz_ogre_next_vendor:/opt/ros/jazzy/opt/gz_dartsim_vendor:/opt/ros/jazzy/opt/gz_cmake_vendor:/opt/ros/jazzy /usr/bin/cmake --install /home/ubuntu/quadro_ws/build/dgz_keyboard
[24.227s] -- Install configuration: ""
[24.229s] -- Execute custom install script
[24.231s] -- Symlinking: /home/ubuntu/quadro_ws/install/dgz_keyboard/lib/dgz_keyboard/dgz_keyboard_node
[24.257s] -- Symlinking: /home/ubuntu/quadro_ws/install/dgz_keyboard/share/dgz_keyboard//launch/dgz_keyboard.launch.py
[24.285s] -- Symlinking: /home/ubuntu/quadro_ws/install/dgz_keyboard/share/ament_index/resource_index/package_run_dependencies/dgz_keyboard
[24.311s] -- Symlinking: /home/ubuntu/quadro_ws/install/dgz_keyboard/share/ament_index/resource_index/parent_prefix_path/dgz_keyboard
[24.339s] -- Symlinking: /home/ubuntu/quadro_ws/install/dgz_keyboard/share/dgz_keyboard/environment/ament_prefix_path.sh
[24.365s] -- Symlinking: /home/ubuntu/quadro_ws/install/dgz_keyboard/share/dgz_keyboard/environment/ament_prefix_path.dsv
[24.390s] -- Symlinking: /home/ubuntu/quadro_ws/install/dgz_keyboard/share/dgz_keyboard/environment/path.sh
[24.414s] -- Symlinking: /home/ubuntu/quadro_ws/install/dgz_keyboard/share/dgz_keyboard/environment/path.dsv
[24.439s] -- Symlinking: /home/ubuntu/quadro_ws/install/dgz_keyboard/share/dgz_keyboard/local_setup.bash
[24.458s] -- Symlinking: /home/ubuntu/quadro_ws/install/dgz_keyboard/share/dgz_keyboard/local_setup.sh
[24.471s] -- Symlinking: /home/ubuntu/quadro_ws/install/dgz_keyboard/share/dgz_keyboard/local_setup.zsh
[24.488s] -- Symlinking: /home/ubuntu/quadro_ws/install/dgz_keyboard/share/dgz_keyboard/local_setup.dsv
[24.504s] -- Symlinking: /home/ubuntu/quadro_ws/install/dgz_keyboard/share/dgz_keyboard/package.dsv
[24.522s] -- Symlinking: /home/ubuntu/quadro_ws/install/dgz_keyboard/share/ament_index/resource_index/packages/dgz_keyboard
[24.540s] -- Symlinking: /home/ubuntu/quadro_ws/install/dgz_keyboard/share/dgz_keyboard/cmake/dgz_keyboardConfig.cmake
[24.558s] -- Symlinking: /home/ubuntu/quadro_ws/install/dgz_keyboard/share/dgz_keyboard/cmake/dgz_keyboardConfig-version.cmake
[24.577s] -- Symlinking: /home/ubuntu/quadro_ws/install/dgz_keyboard/share/dgz_keyboard/package.xml
[24.607s] Invoked command in '/home/ubuntu/quadro_ws/build/dgz_keyboard' returned '0': CMAKE_PREFIX_PATH=/home/ubuntu/quadro_ws/install/space_interfaces:/home/ubuntu/quadro_ws/install/dgz_keyboard:/home/ubuntu/quadro_ws/install/ros_gz_bridge_test:/home/ubuntu/quadro_ws/install/quadrobot_viewer:/home/ubuntu/quadro_ws/install/quadro_move_ctrl:/home/ubuntu/quadro_ws/install/dgz_viewer:/home/ubuntu/quadro_ws/install/cerbere:/opt/ros/jazzy/opt/gz_sim_vendor:/opt/ros/jazzy/opt/gz_sensors_vendor:/opt/ros/jazzy/opt/gz_physics_vendor:/opt/ros/jazzy/opt/sdformat_vendor:/opt/ros/jazzy/opt/gz_gui_vendor:/opt/ros/jazzy/opt/gz_transport_vendor:/opt/ros/jazzy/opt/gz_rendering_vendor:/opt/ros/jazzy/opt/gz_plugin_vendor:/opt/ros/jazzy/opt/gz_fuel_tools_vendor:/opt/ros/jazzy/opt/gz_msgs_vendor:/opt/ros/jazzy/opt/gz_common_vendor:/opt/ros/jazzy/opt/gz_math_vendor:/opt/ros/jazzy/opt/gz_utils_vendor:/opt/ros/jazzy/opt/gz_tools_vendor:/opt/ros/jazzy/opt/gz_ogre_next_vendor:/opt/ros/jazzy/opt/gz_dartsim_vendor:/opt/ros/jazzy/opt/gz_cmake_vendor:/opt/ros/jazzy /usr/bin/cmake --install /home/ubuntu/quadro_ws/build/dgz_keyboard
