[0.751s] DEBUG:colcon:Command line arguments: ['/usr/bin/colcon', 'build', '--symlink-install']
[0.751s] DEBUG:colcon:Parsed command line arguments: Namespace(log_base=None, log_level=None, verb_name='build', build_base='build', install_base='install', merge_install=False, symlink_install=True, test_result_base=None, continue_on_error=False, executor='parallel', parallel_workers=16, event_handlers=None, ignore_user_meta=False, metas=['./colcon.meta'], base_paths=['.'], packages_ignore=None, packages_ignore_regex=None, paths=None, packages_up_to=None, packages_up_to_regex=None, packages_above=None, packages_above_and_dependencies=None, packages_above_depth=None, packages_select_by_dep=None, packages_skip_by_dep=None, packages_skip_up_to=None, packages_select_build_failed=False, packages_skip_build_finished=False, packages_select_test_failures=False, packages_skip_test_passed=False, packages_select=None, packages_skip=None, packages_select_regex=None, packages_skip_regex=None, packages_start=None, packages_end=None, allow_overriding=[], cmake_args=None, cmake_target=None, cmake_target_skip_unavailable=False, cmake_clean_cache=False, cmake_clean_first=False, cmake_force_configure=False, ament_cmake_args=None, catkin_cmake_args=None, catkin_skip_building_tests=False, mixin_files=None, mixin=None, verb_parser=<colcon_mixin.mixin.mixin_argument.MixinArgumentDecorator object at 0x7fd80b568ad0>, verb_extension=<colcon_core.verb.build.BuildVerb object at 0x7fd80b69b7a0>, main=<bound method BuildVerb.main of <colcon_core.verb.build.BuildVerb object at 0x7fd80b69b7a0>>, mixin_verb=('build',))
[0.854s] Level 1:colcon.colcon_core.package_discovery:discover_packages(colcon_meta) check parameters
[0.854s] Level 1:colcon.colcon_core.package_discovery:discover_packages(recursive) check parameters
[0.855s] Level 1:colcon.colcon_core.package_discovery:discover_packages(ignore) check parameters
[0.855s] Level 1:colcon.colcon_core.package_discovery:discover_packages(path) check parameters
[0.855s] Level 1:colcon.colcon_core.package_discovery:discover_packages(colcon_meta) discover
[0.855s] Level 1:colcon.colcon_core.package_discovery:discover_packages(recursive) discover
[0.855s] INFO:colcon.colcon_core.package_discovery:Crawling recursively for packages in '/home/ubuntu/dev_ws'
[0.855s] Level 1:colcon.colcon_core.package_identification:_identify(.) by extensions ['ignore', 'ignore_ament_install']
[0.855s] Level 1:colcon.colcon_core.package_identification:_identify(.) by extension 'ignore'
[0.855s] Level 1:colcon.colcon_core.package_identification:_identify(.) by extension 'ignore_ament_install'
[0.855s] Level 1:colcon.colcon_core.package_identification:_identify(.) by extensions ['colcon_pkg']
[0.856s] Level 1:colcon.colcon_core.package_identification:_identify(.) by extension 'colcon_pkg'
[0.856s] Level 1:colcon.colcon_core.package_identification:_identify(.) by extensions ['colcon_meta']
[0.856s] Level 1:colcon.colcon_core.package_identification:_identify(.) by extension 'colcon_meta'
[0.856s] Level 1:colcon.colcon_core.package_identification:_identify(.) by extensions ['ros']
[0.856s] Level 1:colcon.colcon_core.package_identification:_identify(.) by extension 'ros'
[0.904s] Level 1:colcon.colcon_core.package_identification:_identify(.) by extensions ['cmake', 'python']
[0.904s] Level 1:colcon.colcon_core.package_identification:_identify(.) by extension 'cmake'
[0.904s] Level 1:colcon.colcon_core.package_identification:_identify(.) by extension 'python'
[0.904s] Level 1:colcon.colcon_core.package_identification:_identify(.) by extensions ['python_setup_py']
[0.904s] Level 1:colcon.colcon_core.package_identification:_identify(.) by extension 'python_setup_py'
[0.904s] Level 1:colcon.colcon_core.package_identification:_identify(build) by extensions ['ignore', 'ignore_ament_install']
[0.905s] Level 1:colcon.colcon_core.package_identification:_identify(build) by extension 'ignore'
[0.905s] Level 1:colcon.colcon_core.package_identification:_identify(build) ignored
[0.905s] Level 1:colcon.colcon_core.package_identification:_identify(install) by extensions ['ignore', 'ignore_ament_install']
[0.905s] Level 1:colcon.colcon_core.package_identification:_identify(install) by extension 'ignore'
[0.905s] Level 1:colcon.colcon_core.package_identification:_identify(install) ignored
[0.906s] Level 1:colcon.colcon_core.package_identification:_identify(log) by extensions ['ignore', 'ignore_ament_install']
[0.906s] Level 1:colcon.colcon_core.package_identification:_identify(log) by extension 'ignore'
[0.906s] Level 1:colcon.colcon_core.package_identification:_identify(log) ignored
[0.906s] Level 1:colcon.colcon_core.package_identification:_identify(src) by extensions ['ignore', 'ignore_ament_install']
[0.906s] Level 1:colcon.colcon_core.package_identification:_identify(src) by extension 'ignore'
[0.906s] Level 1:colcon.colcon_core.package_identification:_identify(src) by extension 'ignore_ament_install'
[0.906s] Level 1:colcon.colcon_core.package_identification:_identify(src) by extensions ['colcon_pkg']
[0.906s] Level 1:colcon.colcon_core.package_identification:_identify(src) by extension 'colcon_pkg'
[0.907s] Level 1:colcon.colcon_core.package_identification:_identify(src) by extensions ['colcon_meta']
[0.907s] Level 1:colcon.colcon_core.package_identification:_identify(src) by extension 'colcon_meta'
[0.907s] Level 1:colcon.colcon_core.package_identification:_identify(src) by extensions ['ros']
[0.907s] Level 1:colcon.colcon_core.package_identification:_identify(src) by extension 'ros'
[0.907s] Level 1:colcon.colcon_core.package_identification:_identify(src) by extensions ['cmake', 'python']
[0.907s] Level 1:colcon.colcon_core.package_identification:_identify(src) by extension 'cmake'
[0.907s] Level 1:colcon.colcon_core.package_identification:_identify(src) by extension 'python'
[0.907s] Level 1:colcon.colcon_core.package_identification:_identify(src) by extensions ['python_setup_py']
[0.907s] Level 1:colcon.colcon_core.package_identification:_identify(src) by extension 'python_setup_py'
[0.907s] Level 1:colcon.colcon_core.package_identification:_identify(src/frame_broadcaster) by extensions ['ignore', 'ignore_ament_install']
[0.907s] Level 1:colcon.colcon_core.package_identification:_identify(src/frame_broadcaster) by extension 'ignore'
[0.908s] Level 1:colcon.colcon_core.package_identification:_identify(src/frame_broadcaster) by extension 'ignore_ament_install'
[0.908s] Level 1:colcon.colcon_core.package_identification:_identify(src/frame_broadcaster) by extensions ['colcon_pkg']
[0.908s] Level 1:colcon.colcon_core.package_identification:_identify(src/frame_broadcaster) by extension 'colcon_pkg'
[0.908s] Level 1:colcon.colcon_core.package_identification:_identify(src/frame_broadcaster) by extensions ['colcon_meta']
[0.908s] Level 1:colcon.colcon_core.package_identification:_identify(src/frame_broadcaster) by extension 'colcon_meta'
[0.908s] Level 1:colcon.colcon_core.package_identification:_identify(src/frame_broadcaster) by extensions ['ros']
[0.908s] Level 1:colcon.colcon_core.package_identification:_identify(src/frame_broadcaster) by extension 'ros'
[0.915s] DEBUG:colcon.colcon_core.package_identification:Package 'src/frame_broadcaster' with type 'ros.ament_cmake' and name 'frame_broadcaster'
[0.915s] Level 1:colcon.colcon_core.package_identification:_identify(src/frame_listener) by extensions ['ignore', 'ignore_ament_install']
[0.915s] Level 1:colcon.colcon_core.package_identification:_identify(src/frame_listener) by extension 'ignore'
[0.915s] Level 1:colcon.colcon_core.package_identification:_identify(src/frame_listener) by extension 'ignore_ament_install'
[0.916s] Level 1:colcon.colcon_core.package_identification:_identify(src/frame_listener) by extensions ['colcon_pkg']
[0.916s] Level 1:colcon.colcon_core.package_identification:_identify(src/frame_listener) by extension 'colcon_pkg'
[0.916s] Level 1:colcon.colcon_core.package_identification:_identify(src/frame_listener) by extensions ['colcon_meta']
[0.916s] Level 1:colcon.colcon_core.package_identification:_identify(src/frame_listener) by extension 'colcon_meta'
[0.916s] Level 1:colcon.colcon_core.package_identification:_identify(src/frame_listener) by extensions ['ros']
[0.916s] Level 1:colcon.colcon_core.package_identification:_identify(src/frame_listener) by extension 'ros'
[0.918s] DEBUG:colcon.colcon_core.package_identification:Package 'src/frame_listener' with type 'ros.ament_cmake' and name 'frame_listener'
[0.918s] Level 1:colcon.colcon_core.package_identification:_identify(src/quadrobot) by extensions ['ignore', 'ignore_ament_install']
[0.919s] Level 1:colcon.colcon_core.package_identification:_identify(src/quadrobot) by extension 'ignore'
[0.919s] Level 1:colcon.colcon_core.package_identification:_identify(src/quadrobot) by extension 'ignore_ament_install'
[0.919s] Level 1:colcon.colcon_core.package_identification:_identify(src/quadrobot) by extensions ['colcon_pkg']
[0.919s] Level 1:colcon.colcon_core.package_identification:_identify(src/quadrobot) by extension 'colcon_pkg'
[0.919s] Level 1:colcon.colcon_core.package_identification:_identify(src/quadrobot) by extensions ['colcon_meta']
[0.919s] Level 1:colcon.colcon_core.package_identification:_identify(src/quadrobot) by extension 'colcon_meta'
[0.919s] Level 1:colcon.colcon_core.package_identification:_identify(src/quadrobot) by extensions ['ros']
[0.919s] Level 1:colcon.colcon_core.package_identification:_identify(src/quadrobot) by extension 'ros'
[0.921s] DEBUG:colcon.colcon_core.package_identification:Package 'src/quadrobot' with type 'ros.ament_cmake' and name 'quadrobot'
[0.922s] Level 1:colcon.colcon_core.package_identification:_identify(src/space_interfaces) by extensions ['ignore', 'ignore_ament_install']
[0.922s] Level 1:colcon.colcon_core.package_identification:_identify(src/space_interfaces) by extension 'ignore'
[0.922s] Level 1:colcon.colcon_core.package_identification:_identify(src/space_interfaces) by extension 'ignore_ament_install'
[0.922s] Level 1:colcon.colcon_core.package_identification:_identify(src/space_interfaces) by extensions ['colcon_pkg']
[0.922s] Level 1:colcon.colcon_core.package_identification:_identify(src/space_interfaces) by extension 'colcon_pkg'
[0.922s] Level 1:colcon.colcon_core.package_identification:_identify(src/space_interfaces) by extensions ['colcon_meta']
[0.922s] Level 1:colcon.colcon_core.package_identification:_identify(src/space_interfaces) by extension 'colcon_meta'
[0.922s] Level 1:colcon.colcon_core.package_identification:_identify(src/space_interfaces) by extensions ['ros']
[0.922s] Level 1:colcon.colcon_core.package_identification:_identify(src/space_interfaces) by extension 'ros'
[0.924s] DEBUG:colcon.colcon_core.package_identification:Package 'src/space_interfaces' with type 'ros.ament_cmake' and name 'space_interfaces'
[0.924s] Level 1:colcon.colcon_core.package_discovery:discover_packages(recursive) using defaults
[0.924s] Level 1:colcon.colcon_core.package_discovery:discover_packages(ignore) discover
[0.924s] Level 1:colcon.colcon_core.package_discovery:discover_packages(ignore) using defaults
[0.924s] Level 1:colcon.colcon_core.package_discovery:discover_packages(path) discover
[0.924s] Level 1:colcon.colcon_core.package_discovery:discover_packages(path) using defaults
[0.979s] Level 1:colcon.colcon_core.package_discovery:discover_packages(prefix_path) check parameters
[0.979s] Level 1:colcon.colcon_core.package_discovery:discover_packages(prefix_path) discover
[0.984s] WARNING:colcon.colcon_ros.prefix_path.ament:The path '/home/ubuntu/dev_ws/install/frame_listener' in the environment variable AMENT_PREFIX_PATH doesn't exist
[0.985s] WARNING:colcon.colcon_ros.prefix_path.ament:The path '/home/ubuntu/dev_ws/install/frame_broadcaster' in the environment variable AMENT_PREFIX_PATH doesn't exist
[0.985s] WARNING:colcon.colcon_ros.prefix_path.ament:The path '/home/ubuntu/dev_ws/install/space_interfaces' in the environment variable AMENT_PREFIX_PATH doesn't exist
[0.985s] WARNING:colcon.colcon_ros.prefix_path.ament:The path '/home/ubuntu/dev_ws/install/quadrobot' in the environment variable AMENT_PREFIX_PATH doesn't exist
[0.985s] WARNING:colcon.colcon_ros.prefix_path.catkin:The path '/home/ubuntu/dev_ws/install/frame_listener' in the environment variable CMAKE_PREFIX_PATH doesn't exist
[0.986s] WARNING:colcon.colcon_ros.prefix_path.catkin:The path '/home/ubuntu/dev_ws/install/frame_broadcaster' in the environment variable CMAKE_PREFIX_PATH doesn't exist
[0.986s] WARNING:colcon.colcon_ros.prefix_path.catkin:The path '/home/ubuntu/dev_ws/install/space_interfaces' in the environment variable CMAKE_PREFIX_PATH doesn't exist
[0.986s] WARNING:colcon.colcon_ros.prefix_path.catkin:The path '/home/ubuntu/dev_ws/install/quadrobot' in the environment variable CMAKE_PREFIX_PATH doesn't exist
[0.989s] DEBUG:colcon.colcon_installed_package_information.package_discovery:Found 0 installed packages in /home/ubuntu/dev_ws/install
[0.993s] DEBUG:colcon.colcon_installed_package_information.package_discovery:Found 347 installed packages in /opt/ros/jazzy
[0.996s] Level 1:colcon.colcon_core.package_discovery:discover_packages(prefix_path) using defaults
[1.127s] Level 5:colcon.colcon_core.verb:set package 'quadrobot' build argument 'cmake_args' from command line to 'None'
[1.128s] Level 5:colcon.colcon_core.verb:set package 'quadrobot' build argument 'cmake_target' from command line to 'None'
[1.128s] Level 5:colcon.colcon_core.verb:set package 'quadrobot' build argument 'cmake_target_skip_unavailable' from command line to 'False'
[1.128s] Level 5:colcon.colcon_core.verb:set package 'quadrobot' build argument 'cmake_clean_cache' from command line to 'False'
[1.128s] Level 5:colcon.colcon_core.verb:set package 'quadrobot' build argument 'cmake_clean_first' from command line to 'False'
[1.128s] Level 5:colcon.colcon_core.verb:set package 'quadrobot' build argument 'cmake_force_configure' from command line to 'False'
[1.128s] Level 5:colcon.colcon_core.verb:set package 'quadrobot' build argument 'ament_cmake_args' from command line to 'None'
[1.128s] Level 5:colcon.colcon_core.verb:set package 'quadrobot' build argument 'catkin_cmake_args' from command line to 'None'
[1.128s] Level 5:colcon.colcon_core.verb:set package 'quadrobot' build argument 'catkin_skip_building_tests' from command line to 'False'
[1.128s] DEBUG:colcon.colcon_core.verb:Building package 'quadrobot' with the following arguments: {'ament_cmake_args': None, 'build_base': '/home/ubuntu/dev_ws/build/quadrobot', 'catkin_cmake_args': None, 'catkin_skip_building_tests': False, 'cmake_args': None, 'cmake_clean_cache': False, 'cmake_clean_first': False, 'cmake_force_configure': False, 'cmake_target': None, 'cmake_target_skip_unavailable': False, 'install_base': '/home/ubuntu/dev_ws/install/quadrobot', 'merge_install': False, 'path': '/home/ubuntu/dev_ws/src/quadrobot', 'symlink_install': True, 'test_result_base': None}
[1.128s] Level 5:colcon.colcon_core.verb:set package 'space_interfaces' build argument 'cmake_args' from command line to 'None'
[1.128s] Level 5:colcon.colcon_core.verb:set package 'space_interfaces' build argument 'cmake_target' from command line to 'None'
[1.128s] Level 5:colcon.colcon_core.verb:set package 'space_interfaces' build argument 'cmake_target_skip_unavailable' from command line to 'False'
[1.128s] Level 5:colcon.colcon_core.verb:set package 'space_interfaces' build argument 'cmake_clean_cache' from command line to 'False'
[1.128s] Level 5:colcon.colcon_core.verb:set package 'space_interfaces' build argument 'cmake_clean_first' from command line to 'False'
[1.128s] Level 5:colcon.colcon_core.verb:set package 'space_interfaces' build argument 'cmake_force_configure' from command line to 'False'
[1.128s] Level 5:colcon.colcon_core.verb:set package 'space_interfaces' build argument 'ament_cmake_args' from command line to 'None'
[1.128s] Level 5:colcon.colcon_core.verb:set package 'space_interfaces' build argument 'catkin_cmake_args' from command line to 'None'
[1.128s] Level 5:colcon.colcon_core.verb:set package 'space_interfaces' build argument 'catkin_skip_building_tests' from command line to 'False'
[1.129s] DEBUG:colcon.colcon_core.verb:Building package 'space_interfaces' with the following arguments: {'ament_cmake_args': None, 'build_base': '/home/ubuntu/dev_ws/build/space_interfaces', 'catkin_cmake_args': None, 'catkin_skip_building_tests': False, 'cmake_args': None, 'cmake_clean_cache': False, 'cmake_clean_first': False, 'cmake_force_configure': False, 'cmake_target': None, 'cmake_target_skip_unavailable': False, 'install_base': '/home/ubuntu/dev_ws/install/space_interfaces', 'merge_install': False, 'path': '/home/ubuntu/dev_ws/src/space_interfaces', 'symlink_install': True, 'test_result_base': None}
[1.129s] Level 5:colcon.colcon_core.verb:set package 'frame_broadcaster' build argument 'cmake_args' from command line to 'None'
[1.129s] Level 5:colcon.colcon_core.verb:set package 'frame_broadcaster' build argument 'cmake_target' from command line to 'None'
[1.129s] Level 5:colcon.colcon_core.verb:set package 'frame_broadcaster' build argument 'cmake_target_skip_unavailable' from command line to 'False'
[1.129s] Level 5:colcon.colcon_core.verb:set package 'frame_broadcaster' build argument 'cmake_clean_cache' from command line to 'False'
[1.129s] Level 5:colcon.colcon_core.verb:set package 'frame_broadcaster' build argument 'cmake_clean_first' from command line to 'False'
[1.129s] Level 5:colcon.colcon_core.verb:set package 'frame_broadcaster' build argument 'cmake_force_configure' from command line to 'False'
[1.129s] Level 5:colcon.colcon_core.verb:set package 'frame_broadcaster' build argument 'ament_cmake_args' from command line to 'None'
[1.129s] Level 5:colcon.colcon_core.verb:set package 'frame_broadcaster' build argument 'catkin_cmake_args' from command line to 'None'
[1.129s] Level 5:colcon.colcon_core.verb:set package 'frame_broadcaster' build argument 'catkin_skip_building_tests' from command line to 'False'
[1.129s] DEBUG:colcon.colcon_core.verb:Building package 'frame_broadcaster' with the following arguments: {'ament_cmake_args': None, 'build_base': '/home/ubuntu/dev_ws/build/frame_broadcaster', 'catkin_cmake_args': None, 'catkin_skip_building_tests': False, 'cmake_args': None, 'cmake_clean_cache': False, 'cmake_clean_first': False, 'cmake_force_configure': False, 'cmake_target': None, 'cmake_target_skip_unavailable': False, 'install_base': '/home/ubuntu/dev_ws/install/frame_broadcaster', 'merge_install': False, 'path': '/home/ubuntu/dev_ws/src/frame_broadcaster', 'symlink_install': True, 'test_result_base': None}
[1.129s] Level 5:colcon.colcon_core.verb:set package 'frame_listener' build argument 'cmake_args' from command line to 'None'
[1.130s] Level 5:colcon.colcon_core.verb:set package 'frame_listener' build argument 'cmake_target' from command line to 'None'
[1.130s] Level 5:colcon.colcon_core.verb:set package 'frame_listener' build argument 'cmake_target_skip_unavailable' from command line to 'False'
[1.130s] Level 5:colcon.colcon_core.verb:set package 'frame_listener' build argument 'cmake_clean_cache' from command line to 'False'
[1.130s] Level 5:colcon.colcon_core.verb:set package 'frame_listener' build argument 'cmake_clean_first' from command line to 'False'
[1.130s] Level 5:colcon.colcon_core.verb:set package 'frame_listener' build argument 'cmake_force_configure' from command line to 'False'
[1.130s] Level 5:colcon.colcon_core.verb:set package 'frame_listener' build argument 'ament_cmake_args' from command line to 'None'
[1.130s] Level 5:colcon.colcon_core.verb:set package 'frame_listener' build argument 'catkin_cmake_args' from command line to 'None'
[1.130s] Level 5:colcon.colcon_core.verb:set package 'frame_listener' build argument 'catkin_skip_building_tests' from command line to 'False'
[1.130s] DEBUG:colcon.colcon_core.verb:Building package 'frame_listener' with the following arguments: {'ament_cmake_args': None, 'build_base': '/home/ubuntu/dev_ws/build/frame_listener', 'catkin_cmake_args': None, 'catkin_skip_building_tests': False, 'cmake_args': None, 'cmake_clean_cache': False, 'cmake_clean_first': False, 'cmake_force_configure': False, 'cmake_target': None, 'cmake_target_skip_unavailable': False, 'install_base': '/home/ubuntu/dev_ws/install/frame_listener', 'merge_install': False, 'path': '/home/ubuntu/dev_ws/src/frame_listener', 'symlink_install': True, 'test_result_base': None}
[1.130s] INFO:colcon.colcon_core.executor:Executing jobs using 'parallel' executor
[1.131s] DEBUG:colcon.colcon_parallel_executor.executor.parallel:run_until_complete
[1.131s] INFO:colcon.colcon_ros.task.ament_cmake.build:Building ROS package in '/home/ubuntu/dev_ws/src/space_interfaces' with build type 'ament_cmake'
[1.132s] INFO:colcon.colcon_cmake.task.cmake.build:Building CMake package in '/home/ubuntu/dev_ws/src/space_interfaces'
[1.140s] INFO:colcon.colcon_core.plugin_system:Skipping extension 'colcon_core.shell.bat': Not used on non-Windows systems
[1.140s] INFO:colcon.colcon_core.shell:Skip shell extension 'powershell' for command environment: Not usable outside of PowerShell
[1.140s] DEBUG:colcon.colcon_core.shell:Skip shell extension 'dsv' for command environment
[1.147s] INFO:colcon.colcon_ros.task.ament_cmake.build:Building ROS package in '/home/ubuntu/dev_ws/src/quadrobot' with build type 'ament_cmake'
[1.147s] INFO:colcon.colcon_cmake.task.cmake.build:Building CMake package in '/home/ubuntu/dev_ws/src/quadrobot'
[1.148s] INFO:colcon.colcon_core.shell:Skip shell extension 'powershell' for command environment: Not usable outside of PowerShell
[1.148s] DEBUG:colcon.colcon_core.shell:Skip shell extension 'dsv' for command environment
[1.163s] DEBUG:colcon.colcon_core.event_handler.log_command:Invoking command in '/home/ubuntu/dev_ws/build/space_interfaces': CMAKE_PREFIX_PATH=${CMAKE_PREFIX_PATH}:/opt/ros/jazzy /usr/bin/cmake /home/ubuntu/dev_ws/src/space_interfaces -DAMENT_CMAKE_SYMLINK_INSTALL=1 -DCMAKE_INSTALL_PREFIX=/home/ubuntu/dev_ws/install/space_interfaces
[1.166s] DEBUG:colcon.colcon_core.event_handler.log_command:Invoking command in '/home/ubuntu/dev_ws/build/quadrobot': CMAKE_PREFIX_PATH=${CMAKE_PREFIX_PATH}:/opt/ros/jazzy /usr/bin/cmake /home/ubuntu/dev_ws/src/quadrobot -DAMENT_CMAKE_SYMLINK_INSTALL=1 -DCMAKE_INSTALL_PREFIX=/home/ubuntu/dev_ws/install/quadrobot
[11.570s] DEBUG:colcon.colcon_core.event_handler.log_command:Invoked command in '/home/ubuntu/dev_ws/build/quadrobot' returned '0': CMAKE_PREFIX_PATH=${CMAKE_PREFIX_PATH}:/opt/ros/jazzy /usr/bin/cmake /home/ubuntu/dev_ws/src/quadrobot -DAMENT_CMAKE_SYMLINK_INSTALL=1 -DCMAKE_INSTALL_PREFIX=/home/ubuntu/dev_ws/install/quadrobot
[11.573s] DEBUG:colcon.colcon_core.event_handler.log_command:Invoking command in '/home/ubuntu/dev_ws/build/quadrobot': CMAKE_PREFIX_PATH=${CMAKE_PREFIX_PATH}:/opt/ros/jazzy /usr/bin/cmake --build /home/ubuntu/dev_ws/build/quadrobot -- -j16 -l16
[11.647s] DEBUG:colcon.colcon_core.event_handler.log_command:Invoked command in '/home/ubuntu/dev_ws/build/quadrobot' returned '0': CMAKE_PREFIX_PATH=${CMAKE_PREFIX_PATH}:/opt/ros/jazzy /usr/bin/cmake --build /home/ubuntu/dev_ws/build/quadrobot -- -j16 -l16
[11.704s] DEBUG:colcon.colcon_core.event_handler.log_command:Invoking command in '/home/ubuntu/dev_ws/build/quadrobot': CMAKE_PREFIX_PATH=${CMAKE_PREFIX_PATH}:/opt/ros/jazzy /usr/bin/cmake --install /home/ubuntu/dev_ws/build/quadrobot
[12.278s] Level 1:colcon.colcon_core.environment:create_environment_scripts_only(quadrobot)
[12.279s] DEBUG:colcon.colcon_core.event_handler.log_command:Invoked command in '/home/ubuntu/dev_ws/build/quadrobot' returned '0': CMAKE_PREFIX_PATH=${CMAKE_PREFIX_PATH}:/opt/ros/jazzy /usr/bin/cmake --install /home/ubuntu/dev_ws/build/quadrobot
[12.287s] Level 1:colcon.colcon_core.environment:checking '/home/ubuntu/dev_ws/install/quadrobot' for CMake module files
[12.288s] Level 1:colcon.colcon_core.environment:checking '/home/ubuntu/dev_ws/install/quadrobot' for CMake config files
[12.289s] Level 1:colcon.colcon_core.shell:create_environment_hook('quadrobot', 'cmake_prefix_path')
[12.289s] INFO:colcon.colcon_core.shell:Creating environment hook '/home/ubuntu/dev_ws/install/quadrobot/share/quadrobot/hook/cmake_prefix_path.ps1'
[12.292s] INFO:colcon.colcon_core.shell:Creating environment descriptor '/home/ubuntu/dev_ws/install/quadrobot/share/quadrobot/hook/cmake_prefix_path.dsv'
[12.294s] INFO:colcon.colcon_core.shell:Creating environment hook '/home/ubuntu/dev_ws/install/quadrobot/share/quadrobot/hook/cmake_prefix_path.sh'
[12.295s] Level 1:colcon.colcon_core.environment:checking '/home/ubuntu/dev_ws/install/quadrobot/bin'
[12.295s] Level 1:colcon.colcon_core.environment:checking '/home/ubuntu/dev_ws/install/quadrobot/lib/pkgconfig/quadrobot.pc'
[12.296s] Level 1:colcon.colcon_core.environment:checking '/home/ubuntu/dev_ws/install/quadrobot/lib/python3.12/site-packages'
[12.296s] Level 1:colcon.colcon_core.environment:checking '/home/ubuntu/dev_ws/install/quadrobot/bin'
[12.297s] INFO:colcon.colcon_core.shell:Creating package script '/home/ubuntu/dev_ws/install/quadrobot/share/quadrobot/package.ps1'
[12.299s] INFO:colcon.colcon_core.shell:Creating package descriptor '/home/ubuntu/dev_ws/install/quadrobot/share/quadrobot/package.dsv'
[12.300s] INFO:colcon.colcon_core.shell:Creating package script '/home/ubuntu/dev_ws/install/quadrobot/share/quadrobot/package.sh'
[12.302s] INFO:colcon.colcon_core.shell:Creating package script '/home/ubuntu/dev_ws/install/quadrobot/share/quadrobot/package.bash'
[12.305s] INFO:colcon.colcon_core.shell:Creating package script '/home/ubuntu/dev_ws/install/quadrobot/share/quadrobot/package.zsh'
[12.307s] Level 1:colcon.colcon_core.environment:create_file_with_runtime_dependencies(/home/ubuntu/dev_ws/install/quadrobot/share/colcon-core/packages/quadrobot)
[12.367s] Level 1:colcon.colcon_core.environment:create_environment_scripts_only(quadrobot)
[12.368s] Level 1:colcon.colcon_core.environment:checking '/home/ubuntu/dev_ws/install/quadrobot' for CMake module files
[12.370s] Level 1:colcon.colcon_core.environment:checking '/home/ubuntu/dev_ws/install/quadrobot' for CMake config files
[12.371s] Level 1:colcon.colcon_core.shell:create_environment_hook('quadrobot', 'cmake_prefix_path')
[12.372s] INFO:colcon.colcon_core.shell:Creating environment hook '/home/ubuntu/dev_ws/install/quadrobot/share/quadrobot/hook/cmake_prefix_path.ps1'
[12.374s] INFO:colcon.colcon_core.shell:Creating environment descriptor '/home/ubuntu/dev_ws/install/quadrobot/share/quadrobot/hook/cmake_prefix_path.dsv'
[12.375s] INFO:colcon.colcon_core.shell:Creating environment hook '/home/ubuntu/dev_ws/install/quadrobot/share/quadrobot/hook/cmake_prefix_path.sh'
[12.377s] Level 1:colcon.colcon_core.environment:checking '/home/ubuntu/dev_ws/install/quadrobot/bin'
[12.378s] Level 1:colcon.colcon_core.environment:checking '/home/ubuntu/dev_ws/install/quadrobot/lib/pkgconfig/quadrobot.pc'
[12.379s] Level 1:colcon.colcon_core.environment:checking '/home/ubuntu/dev_ws/install/quadrobot/lib/python3.12/site-packages'
[12.380s] Level 1:colcon.colcon_core.environment:checking '/home/ubuntu/dev_ws/install/quadrobot/bin'
[12.381s] INFO:colcon.colcon_core.shell:Creating package script '/home/ubuntu/dev_ws/install/quadrobot/share/quadrobot/package.ps1'
[12.383s] INFO:colcon.colcon_core.shell:Creating package descriptor '/home/ubuntu/dev_ws/install/quadrobot/share/quadrobot/package.dsv'
[12.385s] INFO:colcon.colcon_core.shell:Creating package script '/home/ubuntu/dev_ws/install/quadrobot/share/quadrobot/package.sh'
[12.386s] INFO:colcon.colcon_core.shell:Creating package script '/home/ubuntu/dev_ws/install/quadrobot/share/quadrobot/package.bash'
[12.388s] INFO:colcon.colcon_core.shell:Creating package script '/home/ubuntu/dev_ws/install/quadrobot/share/quadrobot/package.zsh'
[12.389s] Level 1:colcon.colcon_core.environment:create_file_with_runtime_dependencies(/home/ubuntu/dev_ws/install/quadrobot/share/colcon-core/packages/quadrobot)
[17.534s] DEBUG:colcon.colcon_core.event_handler.log_command:Invoked command in '/home/ubuntu/dev_ws/build/space_interfaces' returned '0': CMAKE_PREFIX_PATH=${CMAKE_PREFIX_PATH}:/opt/ros/jazzy /usr/bin/cmake /home/ubuntu/dev_ws/src/space_interfaces -DAMENT_CMAKE_SYMLINK_INSTALL=1 -DCMAKE_INSTALL_PREFIX=/home/ubuntu/dev_ws/install/space_interfaces
[17.535s] DEBUG:colcon.colcon_core.event_handler.log_command:Invoking command in '/home/ubuntu/dev_ws/build/space_interfaces': CMAKE_PREFIX_PATH=${CMAKE_PREFIX_PATH}:/opt/ros/jazzy /usr/bin/cmake --build /home/ubuntu/dev_ws/build/space_interfaces -- -j16 -l16
[22.521s] DEBUG:colcon.colcon_core.event_handler.log_command:Invoked command in '/home/ubuntu/dev_ws/build/space_interfaces' returned '0': CMAKE_PREFIX_PATH=${CMAKE_PREFIX_PATH}:/opt/ros/jazzy /usr/bin/cmake --build /home/ubuntu/dev_ws/build/space_interfaces -- -j16 -l16
[22.605s] DEBUG:colcon.colcon_core.event_handler.log_command:Invoking command in '/home/ubuntu/dev_ws/build/space_interfaces': CMAKE_PREFIX_PATH=${CMAKE_PREFIX_PATH}:/opt/ros/jazzy /usr/bin/cmake --install /home/ubuntu/dev_ws/build/space_interfaces
[23.389s] Level 1:colcon.colcon_core.environment:create_environment_scripts_only(space_interfaces)
[23.389s] Level 1:colcon.colcon_core.environment:checking '/home/ubuntu/dev_ws/install/space_interfaces' for CMake module files
[23.390s] DEBUG:colcon.colcon_core.event_handler.log_command:Invoked command in '/home/ubuntu/dev_ws/build/space_interfaces' returned '0': CMAKE_PREFIX_PATH=${CMAKE_PREFIX_PATH}:/opt/ros/jazzy /usr/bin/cmake --install /home/ubuntu/dev_ws/build/space_interfaces
[23.391s] Level 1:colcon.colcon_core.environment:checking '/home/ubuntu/dev_ws/install/space_interfaces' for CMake config files
[23.391s] Level 1:colcon.colcon_core.shell:create_environment_hook('space_interfaces', 'cmake_prefix_path')
[23.391s] INFO:colcon.colcon_core.shell:Creating environment hook '/home/ubuntu/dev_ws/install/space_interfaces/share/space_interfaces/hook/cmake_prefix_path.ps1'
[23.392s] INFO:colcon.colcon_core.shell:Creating environment descriptor '/home/ubuntu/dev_ws/install/space_interfaces/share/space_interfaces/hook/cmake_prefix_path.dsv'
[23.393s] INFO:colcon.colcon_core.shell:Creating environment hook '/home/ubuntu/dev_ws/install/space_interfaces/share/space_interfaces/hook/cmake_prefix_path.sh'
[23.393s] Level 1:colcon.colcon_core.environment:checking '/home/ubuntu/dev_ws/install/space_interfaces/lib'
[23.394s] Level 1:colcon.colcon_core.shell:create_environment_hook('space_interfaces', 'ld_library_path_lib')
[23.394s] INFO:colcon.colcon_core.shell:Creating environment hook '/home/ubuntu/dev_ws/install/space_interfaces/share/space_interfaces/hook/ld_library_path_lib.ps1'
[23.394s] INFO:colcon.colcon_core.shell:Creating environment descriptor '/home/ubuntu/dev_ws/install/space_interfaces/share/space_interfaces/hook/ld_library_path_lib.dsv'
[23.395s] INFO:colcon.colcon_core.shell:Creating environment hook '/home/ubuntu/dev_ws/install/space_interfaces/share/space_interfaces/hook/ld_library_path_lib.sh'
[23.395s] Level 1:colcon.colcon_core.environment:checking '/home/ubuntu/dev_ws/install/space_interfaces/bin'
[23.395s] Level 1:colcon.colcon_core.environment:checking '/home/ubuntu/dev_ws/install/space_interfaces/lib/pkgconfig/space_interfaces.pc'
[23.396s] Level 1:colcon.colcon_core.environment:checking '/home/ubuntu/dev_ws/install/space_interfaces/lib/python3.12/site-packages'
[23.396s] Level 1:colcon.colcon_core.shell:create_environment_hook('space_interfaces', 'pythonpath')
[23.396s] INFO:colcon.colcon_core.shell:Creating environment hook '/home/ubuntu/dev_ws/install/space_interfaces/share/space_interfaces/hook/pythonpath.ps1'
[23.397s] INFO:colcon.colcon_core.shell:Creating environment descriptor '/home/ubuntu/dev_ws/install/space_interfaces/share/space_interfaces/hook/pythonpath.dsv'
[23.397s] INFO:colcon.colcon_core.shell:Creating environment hook '/home/ubuntu/dev_ws/install/space_interfaces/share/space_interfaces/hook/pythonpath.sh'
[23.398s] Level 1:colcon.colcon_core.environment:checking '/home/ubuntu/dev_ws/install/space_interfaces/bin'
[23.399s] INFO:colcon.colcon_core.shell:Creating package script '/home/ubuntu/dev_ws/install/space_interfaces/share/space_interfaces/package.ps1'
[23.399s] INFO:colcon.colcon_core.shell:Creating package descriptor '/home/ubuntu/dev_ws/install/space_interfaces/share/space_interfaces/package.dsv'
[23.400s] INFO:colcon.colcon_core.shell:Creating package script '/home/ubuntu/dev_ws/install/space_interfaces/share/space_interfaces/package.sh'
[23.401s] INFO:colcon.colcon_core.shell:Creating package script '/home/ubuntu/dev_ws/install/space_interfaces/share/space_interfaces/package.bash'
[23.401s] INFO:colcon.colcon_core.shell:Creating package script '/home/ubuntu/dev_ws/install/space_interfaces/share/space_interfaces/package.zsh'
[23.401s] Level 1:colcon.colcon_core.environment:create_file_with_runtime_dependencies(/home/ubuntu/dev_ws/install/space_interfaces/share/colcon-core/packages/space_interfaces)
[23.482s] Level 1:colcon.colcon_core.environment:create_environment_scripts_only(space_interfaces)
[23.482s] Level 1:colcon.colcon_core.environment:checking '/home/ubuntu/dev_ws/install/space_interfaces' for CMake module files
[23.483s] Level 1:colcon.colcon_core.environment:checking '/home/ubuntu/dev_ws/install/space_interfaces' for CMake config files
[23.483s] Level 1:colcon.colcon_core.shell:create_environment_hook('space_interfaces', 'cmake_prefix_path')
[23.484s] INFO:colcon.colcon_core.shell:Creating environment hook '/home/ubuntu/dev_ws/install/space_interfaces/share/space_interfaces/hook/cmake_prefix_path.ps1'
[23.484s] INFO:colcon.colcon_core.shell:Creating environment descriptor '/home/ubuntu/dev_ws/install/space_interfaces/share/space_interfaces/hook/cmake_prefix_path.dsv'
[23.485s] INFO:colcon.colcon_core.shell:Creating environment hook '/home/ubuntu/dev_ws/install/space_interfaces/share/space_interfaces/hook/cmake_prefix_path.sh'
[23.485s] Level 1:colcon.colcon_core.environment:checking '/home/ubuntu/dev_ws/install/space_interfaces/lib'
[23.485s] Level 1:colcon.colcon_core.shell:create_environment_hook('space_interfaces', 'ld_library_path_lib')
[23.486s] INFO:colcon.colcon_core.shell:Creating environment hook '/home/ubuntu/dev_ws/install/space_interfaces/share/space_interfaces/hook/ld_library_path_lib.ps1'
[23.486s] INFO:colcon.colcon_core.shell:Creating environment descriptor '/home/ubuntu/dev_ws/install/space_interfaces/share/space_interfaces/hook/ld_library_path_lib.dsv'
[23.487s] INFO:colcon.colcon_core.shell:Creating environment hook '/home/ubuntu/dev_ws/install/space_interfaces/share/space_interfaces/hook/ld_library_path_lib.sh'
[23.487s] Level 1:colcon.colcon_core.environment:checking '/home/ubuntu/dev_ws/install/space_interfaces/bin'
[23.487s] Level 1:colcon.colcon_core.environment:checking '/home/ubuntu/dev_ws/install/space_interfaces/lib/pkgconfig/space_interfaces.pc'
[23.488s] Level 1:colcon.colcon_core.environment:checking '/home/ubuntu/dev_ws/install/space_interfaces/lib/python3.12/site-packages'
[23.488s] Level 1:colcon.colcon_core.shell:create_environment_hook('space_interfaces', 'pythonpath')
[23.488s] INFO:colcon.colcon_core.shell:Creating environment hook '/home/ubuntu/dev_ws/install/space_interfaces/share/space_interfaces/hook/pythonpath.ps1'
[23.489s] INFO:colcon.colcon_core.shell:Creating environment descriptor '/home/ubuntu/dev_ws/install/space_interfaces/share/space_interfaces/hook/pythonpath.dsv'
[23.489s] INFO:colcon.colcon_core.shell:Creating environment hook '/home/ubuntu/dev_ws/install/space_interfaces/share/space_interfaces/hook/pythonpath.sh'
[23.490s] Level 1:colcon.colcon_core.environment:checking '/home/ubuntu/dev_ws/install/space_interfaces/bin'
[23.490s] INFO:colcon.colcon_core.shell:Creating package script '/home/ubuntu/dev_ws/install/space_interfaces/share/space_interfaces/package.ps1'
[23.491s] INFO:colcon.colcon_core.shell:Creating package descriptor '/home/ubuntu/dev_ws/install/space_interfaces/share/space_interfaces/package.dsv'
[23.492s] INFO:colcon.colcon_core.shell:Creating package script '/home/ubuntu/dev_ws/install/space_interfaces/share/space_interfaces/package.sh'
[23.492s] INFO:colcon.colcon_core.shell:Creating package script '/home/ubuntu/dev_ws/install/space_interfaces/share/space_interfaces/package.bash'
[23.493s] INFO:colcon.colcon_core.shell:Creating package script '/home/ubuntu/dev_ws/install/space_interfaces/share/space_interfaces/package.zsh'
[23.493s] Level 1:colcon.colcon_core.environment:create_file_with_runtime_dependencies(/home/ubuntu/dev_ws/install/space_interfaces/share/colcon-core/packages/space_interfaces)
[23.494s] INFO:colcon.colcon_ros.task.ament_cmake.build:Building ROS package in '/home/ubuntu/dev_ws/src/frame_broadcaster' with build type 'ament_cmake'
[23.494s] INFO:colcon.colcon_cmake.task.cmake.build:Building CMake package in '/home/ubuntu/dev_ws/src/frame_broadcaster'
[23.495s] INFO:colcon.colcon_core.shell:Skip shell extension 'powershell' for command environment: Not usable outside of PowerShell
[23.495s] DEBUG:colcon.colcon_core.shell:Skip shell extension 'dsv' for command environment
[23.500s] INFO:colcon.colcon_ros.task.ament_cmake.build:Building ROS package in '/home/ubuntu/dev_ws/src/frame_listener' with build type 'ament_cmake'
[23.501s] INFO:colcon.colcon_cmake.task.cmake.build:Building CMake package in '/home/ubuntu/dev_ws/src/frame_listener'
[23.501s] INFO:colcon.colcon_core.shell:Skip shell extension 'powershell' for command environment: Not usable outside of PowerShell
[23.501s] DEBUG:colcon.colcon_core.shell:Skip shell extension 'dsv' for command environment
[23.843s] DEBUG:colcon.colcon_core.event_handler.log_command:Invoking command in '/home/ubuntu/dev_ws/build/frame_broadcaster': CMAKE_PREFIX_PATH=/home/ubuntu/dev_ws/install/space_interfaces:/home/ubuntu/dev_ws/install/frame_listener:/home/ubuntu/dev_ws/install/frame_broadcaster:/home/ubuntu/dev_ws/install/quadrobot:/opt/ros/jazzy/opt/gz_sim_vendor:/opt/ros/jazzy/opt/gz_sensors_vendor:/opt/ros/jazzy/opt/gz_physics_vendor:/opt/ros/jazzy/opt/sdformat_vendor:/opt/ros/jazzy/opt/gz_gui_vendor:/opt/ros/jazzy/opt/gz_transport_vendor:/opt/ros/jazzy/opt/gz_rendering_vendor:/opt/ros/jazzy/opt/gz_plugin_vendor:/opt/ros/jazzy/opt/gz_fuel_tools_vendor:/opt/ros/jazzy/opt/gz_msgs_vendor:/opt/ros/jazzy/opt/gz_common_vendor:/opt/ros/jazzy/opt/gz_math_vendor:/opt/ros/jazzy/opt/gz_utils_vendor:/opt/ros/jazzy/opt/gz_tools_vendor:/opt/ros/jazzy/opt/gz_ogre_next_vendor:/opt/ros/jazzy/opt/gz_dartsim_vendor:/opt/ros/jazzy/opt/gz_cmake_vendor:/opt/ros/jazzy /usr/bin/cmake /home/ubuntu/dev_ws/src/frame_broadcaster -DAMENT_CMAKE_SYMLINK_INSTALL=1 -DCMAKE_INSTALL_PREFIX=/home/ubuntu/dev_ws/install/frame_broadcaster
[23.846s] DEBUG:colcon.colcon_core.event_handler.log_command:Invoking command in '/home/ubuntu/dev_ws/build/frame_listener': CMAKE_PREFIX_PATH=/home/ubuntu/dev_ws/install/space_interfaces:/home/ubuntu/dev_ws/install/frame_listener:/home/ubuntu/dev_ws/install/frame_broadcaster:/home/ubuntu/dev_ws/install/quadrobot:/opt/ros/jazzy/opt/gz_sim_vendor:/opt/ros/jazzy/opt/gz_sensors_vendor:/opt/ros/jazzy/opt/gz_physics_vendor:/opt/ros/jazzy/opt/sdformat_vendor:/opt/ros/jazzy/opt/gz_gui_vendor:/opt/ros/jazzy/opt/gz_transport_vendor:/opt/ros/jazzy/opt/gz_rendering_vendor:/opt/ros/jazzy/opt/gz_plugin_vendor:/opt/ros/jazzy/opt/gz_fuel_tools_vendor:/opt/ros/jazzy/opt/gz_msgs_vendor:/opt/ros/jazzy/opt/gz_common_vendor:/opt/ros/jazzy/opt/gz_math_vendor:/opt/ros/jazzy/opt/gz_utils_vendor:/opt/ros/jazzy/opt/gz_tools_vendor:/opt/ros/jazzy/opt/gz_ogre_next_vendor:/opt/ros/jazzy/opt/gz_dartsim_vendor:/opt/ros/jazzy/opt/gz_cmake_vendor:/opt/ros/jazzy /usr/bin/cmake /home/ubuntu/dev_ws/src/frame_listener -DAMENT_CMAKE_SYMLINK_INSTALL=1 -DCMAKE_INSTALL_PREFIX=/home/ubuntu/dev_ws/install/frame_listener
[33.172s] DEBUG:colcon.colcon_core.event_handler.log_command:Invoked command in '/home/ubuntu/dev_ws/build/frame_listener' returned '0': CMAKE_PREFIX_PATH=/home/ubuntu/dev_ws/install/space_interfaces:/home/ubuntu/dev_ws/install/frame_listener:/home/ubuntu/dev_ws/install/frame_broadcaster:/home/ubuntu/dev_ws/install/quadrobot:/opt/ros/jazzy/opt/gz_sim_vendor:/opt/ros/jazzy/opt/gz_sensors_vendor:/opt/ros/jazzy/opt/gz_physics_vendor:/opt/ros/jazzy/opt/sdformat_vendor:/opt/ros/jazzy/opt/gz_gui_vendor:/opt/ros/jazzy/opt/gz_transport_vendor:/opt/ros/jazzy/opt/gz_rendering_vendor:/opt/ros/jazzy/opt/gz_plugin_vendor:/opt/ros/jazzy/opt/gz_fuel_tools_vendor:/opt/ros/jazzy/opt/gz_msgs_vendor:/opt/ros/jazzy/opt/gz_common_vendor:/opt/ros/jazzy/opt/gz_math_vendor:/opt/ros/jazzy/opt/gz_utils_vendor:/opt/ros/jazzy/opt/gz_tools_vendor:/opt/ros/jazzy/opt/gz_ogre_next_vendor:/opt/ros/jazzy/opt/gz_dartsim_vendor:/opt/ros/jazzy/opt/gz_cmake_vendor:/opt/ros/jazzy /usr/bin/cmake /home/ubuntu/dev_ws/src/frame_listener -DAMENT_CMAKE_SYMLINK_INSTALL=1 -DCMAKE_INSTALL_PREFIX=/home/ubuntu/dev_ws/install/frame_listener
[33.175s] DEBUG:colcon.colcon_core.event_handler.log_command:Invoking command in '/home/ubuntu/dev_ws/build/frame_listener': CMAKE_PREFIX_PATH=/home/ubuntu/dev_ws/install/space_interfaces:/home/ubuntu/dev_ws/install/frame_listener:/home/ubuntu/dev_ws/install/frame_broadcaster:/home/ubuntu/dev_ws/install/quadrobot:/opt/ros/jazzy/opt/gz_sim_vendor:/opt/ros/jazzy/opt/gz_sensors_vendor:/opt/ros/jazzy/opt/gz_physics_vendor:/opt/ros/jazzy/opt/sdformat_vendor:/opt/ros/jazzy/opt/gz_gui_vendor:/opt/ros/jazzy/opt/gz_transport_vendor:/opt/ros/jazzy/opt/gz_rendering_vendor:/opt/ros/jazzy/opt/gz_plugin_vendor:/opt/ros/jazzy/opt/gz_fuel_tools_vendor:/opt/ros/jazzy/opt/gz_msgs_vendor:/opt/ros/jazzy/opt/gz_common_vendor:/opt/ros/jazzy/opt/gz_math_vendor:/opt/ros/jazzy/opt/gz_utils_vendor:/opt/ros/jazzy/opt/gz_tools_vendor:/opt/ros/jazzy/opt/gz_ogre_next_vendor:/opt/ros/jazzy/opt/gz_dartsim_vendor:/opt/ros/jazzy/opt/gz_cmake_vendor:/opt/ros/jazzy /usr/bin/cmake --build /home/ubuntu/dev_ws/build/frame_listener -- -j16 -l16
[33.178s] DEBUG:colcon.colcon_core.event_handler.log_command:Invoked command in '/home/ubuntu/dev_ws/build/frame_broadcaster' returned '0': CMAKE_PREFIX_PATH=/home/ubuntu/dev_ws/install/space_interfaces:/home/ubuntu/dev_ws/install/frame_listener:/home/ubuntu/dev_ws/install/frame_broadcaster:/home/ubuntu/dev_ws/install/quadrobot:/opt/ros/jazzy/opt/gz_sim_vendor:/opt/ros/jazzy/opt/gz_sensors_vendor:/opt/ros/jazzy/opt/gz_physics_vendor:/opt/ros/jazzy/opt/sdformat_vendor:/opt/ros/jazzy/opt/gz_gui_vendor:/opt/ros/jazzy/opt/gz_transport_vendor:/opt/ros/jazzy/opt/gz_rendering_vendor:/opt/ros/jazzy/opt/gz_plugin_vendor:/opt/ros/jazzy/opt/gz_fuel_tools_vendor:/opt/ros/jazzy/opt/gz_msgs_vendor:/opt/ros/jazzy/opt/gz_common_vendor:/opt/ros/jazzy/opt/gz_math_vendor:/opt/ros/jazzy/opt/gz_utils_vendor:/opt/ros/jazzy/opt/gz_tools_vendor:/opt/ros/jazzy/opt/gz_ogre_next_vendor:/opt/ros/jazzy/opt/gz_dartsim_vendor:/opt/ros/jazzy/opt/gz_cmake_vendor:/opt/ros/jazzy /usr/bin/cmake /home/ubuntu/dev_ws/src/frame_broadcaster -DAMENT_CMAKE_SYMLINK_INSTALL=1 -DCMAKE_INSTALL_PREFIX=/home/ubuntu/dev_ws/install/frame_broadcaster
[33.179s] DEBUG:colcon.colcon_core.event_handler.log_command:Invoking command in '/home/ubuntu/dev_ws/build/frame_broadcaster': CMAKE_PREFIX_PATH=/home/ubuntu/dev_ws/install/space_interfaces:/home/ubuntu/dev_ws/install/frame_listener:/home/ubuntu/dev_ws/install/frame_broadcaster:/home/ubuntu/dev_ws/install/quadrobot:/opt/ros/jazzy/opt/gz_sim_vendor:/opt/ros/jazzy/opt/gz_sensors_vendor:/opt/ros/jazzy/opt/gz_physics_vendor:/opt/ros/jazzy/opt/sdformat_vendor:/opt/ros/jazzy/opt/gz_gui_vendor:/opt/ros/jazzy/opt/gz_transport_vendor:/opt/ros/jazzy/opt/gz_rendering_vendor:/opt/ros/jazzy/opt/gz_plugin_vendor:/opt/ros/jazzy/opt/gz_fuel_tools_vendor:/opt/ros/jazzy/opt/gz_msgs_vendor:/opt/ros/jazzy/opt/gz_common_vendor:/opt/ros/jazzy/opt/gz_math_vendor:/opt/ros/jazzy/opt/gz_utils_vendor:/opt/ros/jazzy/opt/gz_tools_vendor:/opt/ros/jazzy/opt/gz_ogre_next_vendor:/opt/ros/jazzy/opt/gz_dartsim_vendor:/opt/ros/jazzy/opt/gz_cmake_vendor:/opt/ros/jazzy /usr/bin/cmake --build /home/ubuntu/dev_ws/build/frame_broadcaster -- -j16 -l16
[46.816s] DEBUG:colcon.colcon_core.event_handler.log_command:Invoked command in '/home/ubuntu/dev_ws/build/frame_broadcaster' returned '0': CMAKE_PREFIX_PATH=/home/ubuntu/dev_ws/install/space_interfaces:/home/ubuntu/dev_ws/install/frame_listener:/home/ubuntu/dev_ws/install/frame_broadcaster:/home/ubuntu/dev_ws/install/quadrobot:/opt/ros/jazzy/opt/gz_sim_vendor:/opt/ros/jazzy/opt/gz_sensors_vendor:/opt/ros/jazzy/opt/gz_physics_vendor:/opt/ros/jazzy/opt/sdformat_vendor:/opt/ros/jazzy/opt/gz_gui_vendor:/opt/ros/jazzy/opt/gz_transport_vendor:/opt/ros/jazzy/opt/gz_rendering_vendor:/opt/ros/jazzy/opt/gz_plugin_vendor:/opt/ros/jazzy/opt/gz_fuel_tools_vendor:/opt/ros/jazzy/opt/gz_msgs_vendor:/opt/ros/jazzy/opt/gz_common_vendor:/opt/ros/jazzy/opt/gz_math_vendor:/opt/ros/jazzy/opt/gz_utils_vendor:/opt/ros/jazzy/opt/gz_tools_vendor:/opt/ros/jazzy/opt/gz_ogre_next_vendor:/opt/ros/jazzy/opt/gz_dartsim_vendor:/opt/ros/jazzy/opt/gz_cmake_vendor:/opt/ros/jazzy /usr/bin/cmake --build /home/ubuntu/dev_ws/build/frame_broadcaster -- -j16 -l16
[46.849s] DEBUG:colcon.colcon_core.event_handler.log_command:Invoking command in '/home/ubuntu/dev_ws/build/frame_broadcaster': CMAKE_PREFIX_PATH=/home/ubuntu/dev_ws/install/space_interfaces:/home/ubuntu/dev_ws/install/frame_listener:/home/ubuntu/dev_ws/install/frame_broadcaster:/home/ubuntu/dev_ws/install/quadrobot:/opt/ros/jazzy/opt/gz_sim_vendor:/opt/ros/jazzy/opt/gz_sensors_vendor:/opt/ros/jazzy/opt/gz_physics_vendor:/opt/ros/jazzy/opt/sdformat_vendor:/opt/ros/jazzy/opt/gz_gui_vendor:/opt/ros/jazzy/opt/gz_transport_vendor:/opt/ros/jazzy/opt/gz_rendering_vendor:/opt/ros/jazzy/opt/gz_plugin_vendor:/opt/ros/jazzy/opt/gz_fuel_tools_vendor:/opt/ros/jazzy/opt/gz_msgs_vendor:/opt/ros/jazzy/opt/gz_common_vendor:/opt/ros/jazzy/opt/gz_math_vendor:/opt/ros/jazzy/opt/gz_utils_vendor:/opt/ros/jazzy/opt/gz_tools_vendor:/opt/ros/jazzy/opt/gz_ogre_next_vendor:/opt/ros/jazzy/opt/gz_dartsim_vendor:/opt/ros/jazzy/opt/gz_cmake_vendor:/opt/ros/jazzy /usr/bin/cmake --install /home/ubuntu/dev_ws/build/frame_broadcaster
[47.131s] Level 1:colcon.colcon_core.environment:create_environment_scripts_only(frame_broadcaster)
[47.131s] Level 1:colcon.colcon_core.environment:checking '/home/ubuntu/dev_ws/install/frame_broadcaster' for CMake module files
[47.133s] DEBUG:colcon.colcon_core.event_handler.log_command:Invoked command in '/home/ubuntu/dev_ws/build/frame_broadcaster' returned '0': CMAKE_PREFIX_PATH=/home/ubuntu/dev_ws/install/space_interfaces:/home/ubuntu/dev_ws/install/frame_listener:/home/ubuntu/dev_ws/install/frame_broadcaster:/home/ubuntu/dev_ws/install/quadrobot:/opt/ros/jazzy/opt/gz_sim_vendor:/opt/ros/jazzy/opt/gz_sensors_vendor:/opt/ros/jazzy/opt/gz_physics_vendor:/opt/ros/jazzy/opt/sdformat_vendor:/opt/ros/jazzy/opt/gz_gui_vendor:/opt/ros/jazzy/opt/gz_transport_vendor:/opt/ros/jazzy/opt/gz_rendering_vendor:/opt/ros/jazzy/opt/gz_plugin_vendor:/opt/ros/jazzy/opt/gz_fuel_tools_vendor:/opt/ros/jazzy/opt/gz_msgs_vendor:/opt/ros/jazzy/opt/gz_common_vendor:/opt/ros/jazzy/opt/gz_math_vendor:/opt/ros/jazzy/opt/gz_utils_vendor:/opt/ros/jazzy/opt/gz_tools_vendor:/opt/ros/jazzy/opt/gz_ogre_next_vendor:/opt/ros/jazzy/opt/gz_dartsim_vendor:/opt/ros/jazzy/opt/gz_cmake_vendor:/opt/ros/jazzy /usr/bin/cmake --install /home/ubuntu/dev_ws/build/frame_broadcaster
[47.134s] Level 1:colcon.colcon_core.environment:checking '/home/ubuntu/dev_ws/install/frame_broadcaster' for CMake config files
[47.134s] Level 1:colcon.colcon_core.shell:create_environment_hook('frame_broadcaster', 'cmake_prefix_path')
[47.135s] INFO:colcon.colcon_core.shell:Creating environment hook '/home/ubuntu/dev_ws/install/frame_broadcaster/share/frame_broadcaster/hook/cmake_prefix_path.ps1'
[47.136s] INFO:colcon.colcon_core.shell:Creating environment descriptor '/home/ubuntu/dev_ws/install/frame_broadcaster/share/frame_broadcaster/hook/cmake_prefix_path.dsv'
[47.137s] INFO:colcon.colcon_core.shell:Creating environment hook '/home/ubuntu/dev_ws/install/frame_broadcaster/share/frame_broadcaster/hook/cmake_prefix_path.sh'
[47.137s] Level 1:colcon.colcon_core.environment:checking '/home/ubuntu/dev_ws/install/frame_broadcaster/lib'
[47.138s] Level 1:colcon.colcon_core.environment:checking '/home/ubuntu/dev_ws/install/frame_broadcaster/bin'
[47.138s] Level 1:colcon.colcon_core.environment:checking '/home/ubuntu/dev_ws/install/frame_broadcaster/lib/pkgconfig/frame_broadcaster.pc'
[47.138s] Level 1:colcon.colcon_core.environment:checking '/home/ubuntu/dev_ws/install/frame_broadcaster/lib/python3.12/site-packages'
[47.139s] Level 1:colcon.colcon_core.environment:checking '/home/ubuntu/dev_ws/install/frame_broadcaster/bin'
[47.139s] INFO:colcon.colcon_core.shell:Creating package script '/home/ubuntu/dev_ws/install/frame_broadcaster/share/frame_broadcaster/package.ps1'
[47.140s] INFO:colcon.colcon_core.shell:Creating package descriptor '/home/ubuntu/dev_ws/install/frame_broadcaster/share/frame_broadcaster/package.dsv'
[47.141s] INFO:colcon.colcon_core.shell:Creating package script '/home/ubuntu/dev_ws/install/frame_broadcaster/share/frame_broadcaster/package.sh'
[47.141s] INFO:colcon.colcon_core.shell:Creating package script '/home/ubuntu/dev_ws/install/frame_broadcaster/share/frame_broadcaster/package.bash'
[47.142s] INFO:colcon.colcon_core.shell:Creating package script '/home/ubuntu/dev_ws/install/frame_broadcaster/share/frame_broadcaster/package.zsh'
[47.142s] Level 1:colcon.colcon_core.environment:create_file_with_runtime_dependencies(/home/ubuntu/dev_ws/install/frame_broadcaster/share/colcon-core/packages/frame_broadcaster)
[47.172s] Level 1:colcon.colcon_core.environment:create_environment_scripts_only(frame_broadcaster)
[47.172s] Level 1:colcon.colcon_core.environment:checking '/home/ubuntu/dev_ws/install/frame_broadcaster' for CMake module files
[47.173s] Level 1:colcon.colcon_core.environment:checking '/home/ubuntu/dev_ws/install/frame_broadcaster' for CMake config files
[47.173s] Level 1:colcon.colcon_core.shell:create_environment_hook('frame_broadcaster', 'cmake_prefix_path')
[47.173s] INFO:colcon.colcon_core.shell:Creating environment hook '/home/ubuntu/dev_ws/install/frame_broadcaster/share/frame_broadcaster/hook/cmake_prefix_path.ps1'
[47.174s] INFO:colcon.colcon_core.shell:Creating environment descriptor '/home/ubuntu/dev_ws/install/frame_broadcaster/share/frame_broadcaster/hook/cmake_prefix_path.dsv'
[47.174s] INFO:colcon.colcon_core.shell:Creating environment hook '/home/ubuntu/dev_ws/install/frame_broadcaster/share/frame_broadcaster/hook/cmake_prefix_path.sh'
[47.175s] Level 1:colcon.colcon_core.environment:checking '/home/ubuntu/dev_ws/install/frame_broadcaster/lib'
[47.175s] Level 1:colcon.colcon_core.environment:checking '/home/ubuntu/dev_ws/install/frame_broadcaster/bin'
[47.175s] Level 1:colcon.colcon_core.environment:checking '/home/ubuntu/dev_ws/install/frame_broadcaster/lib/pkgconfig/frame_broadcaster.pc'
[47.176s] Level 1:colcon.colcon_core.environment:checking '/home/ubuntu/dev_ws/install/frame_broadcaster/lib/python3.12/site-packages'
[47.176s] Level 1:colcon.colcon_core.environment:checking '/home/ubuntu/dev_ws/install/frame_broadcaster/bin'
[47.176s] INFO:colcon.colcon_core.shell:Creating package script '/home/ubuntu/dev_ws/install/frame_broadcaster/share/frame_broadcaster/package.ps1'
[47.177s] INFO:colcon.colcon_core.shell:Creating package descriptor '/home/ubuntu/dev_ws/install/frame_broadcaster/share/frame_broadcaster/package.dsv'
[47.178s] INFO:colcon.colcon_core.shell:Creating package script '/home/ubuntu/dev_ws/install/frame_broadcaster/share/frame_broadcaster/package.sh'
[47.178s] INFO:colcon.colcon_core.shell:Creating package script '/home/ubuntu/dev_ws/install/frame_broadcaster/share/frame_broadcaster/package.bash'
[47.179s] INFO:colcon.colcon_core.shell:Creating package script '/home/ubuntu/dev_ws/install/frame_broadcaster/share/frame_broadcaster/package.zsh'
[47.179s] Level 1:colcon.colcon_core.environment:create_file_with_runtime_dependencies(/home/ubuntu/dev_ws/install/frame_broadcaster/share/colcon-core/packages/frame_broadcaster)
[47.435s] DEBUG:colcon.colcon_core.event_handler.log_command:Invoked command in '/home/ubuntu/dev_ws/build/frame_listener' returned '0': CMAKE_PREFIX_PATH=/home/ubuntu/dev_ws/install/space_interfaces:/home/ubuntu/dev_ws/install/frame_listener:/home/ubuntu/dev_ws/install/frame_broadcaster:/home/ubuntu/dev_ws/install/quadrobot:/opt/ros/jazzy/opt/gz_sim_vendor:/opt/ros/jazzy/opt/gz_sensors_vendor:/opt/ros/jazzy/opt/gz_physics_vendor:/opt/ros/jazzy/opt/sdformat_vendor:/opt/ros/jazzy/opt/gz_gui_vendor:/opt/ros/jazzy/opt/gz_transport_vendor:/opt/ros/jazzy/opt/gz_rendering_vendor:/opt/ros/jazzy/opt/gz_plugin_vendor:/opt/ros/jazzy/opt/gz_fuel_tools_vendor:/opt/ros/jazzy/opt/gz_msgs_vendor:/opt/ros/jazzy/opt/gz_common_vendor:/opt/ros/jazzy/opt/gz_math_vendor:/opt/ros/jazzy/opt/gz_utils_vendor:/opt/ros/jazzy/opt/gz_tools_vendor:/opt/ros/jazzy/opt/gz_ogre_next_vendor:/opt/ros/jazzy/opt/gz_dartsim_vendor:/opt/ros/jazzy/opt/gz_cmake_vendor:/opt/ros/jazzy /usr/bin/cmake --build /home/ubuntu/dev_ws/build/frame_listener -- -j16 -l16
[47.489s] DEBUG:colcon.colcon_core.event_handler.log_command:Invoking command in '/home/ubuntu/dev_ws/build/frame_listener': CMAKE_PREFIX_PATH=/home/ubuntu/dev_ws/install/space_interfaces:/home/ubuntu/dev_ws/install/frame_listener:/home/ubuntu/dev_ws/install/frame_broadcaster:/home/ubuntu/dev_ws/install/quadrobot:/opt/ros/jazzy/opt/gz_sim_vendor:/opt/ros/jazzy/opt/gz_sensors_vendor:/opt/ros/jazzy/opt/gz_physics_vendor:/opt/ros/jazzy/opt/sdformat_vendor:/opt/ros/jazzy/opt/gz_gui_vendor:/opt/ros/jazzy/opt/gz_transport_vendor:/opt/ros/jazzy/opt/gz_rendering_vendor:/opt/ros/jazzy/opt/gz_plugin_vendor:/opt/ros/jazzy/opt/gz_fuel_tools_vendor:/opt/ros/jazzy/opt/gz_msgs_vendor:/opt/ros/jazzy/opt/gz_common_vendor:/opt/ros/jazzy/opt/gz_math_vendor:/opt/ros/jazzy/opt/gz_utils_vendor:/opt/ros/jazzy/opt/gz_tools_vendor:/opt/ros/jazzy/opt/gz_ogre_next_vendor:/opt/ros/jazzy/opt/gz_dartsim_vendor:/opt/ros/jazzy/opt/gz_cmake_vendor:/opt/ros/jazzy /usr/bin/cmake --install /home/ubuntu/dev_ws/build/frame_listener
[47.855s] Level 1:colcon.colcon_core.environment:create_environment_scripts_only(frame_listener)
[47.856s] Level 1:colcon.colcon_core.environment:checking '/home/ubuntu/dev_ws/install/frame_listener' for CMake module files
[47.858s] DEBUG:colcon.colcon_core.event_handler.log_command:Invoked command in '/home/ubuntu/dev_ws/build/frame_listener' returned '0': CMAKE_PREFIX_PATH=/home/ubuntu/dev_ws/install/space_interfaces:/home/ubuntu/dev_ws/install/frame_listener:/home/ubuntu/dev_ws/install/frame_broadcaster:/home/ubuntu/dev_ws/install/quadrobot:/opt/ros/jazzy/opt/gz_sim_vendor:/opt/ros/jazzy/opt/gz_sensors_vendor:/opt/ros/jazzy/opt/gz_physics_vendor:/opt/ros/jazzy/opt/sdformat_vendor:/opt/ros/jazzy/opt/gz_gui_vendor:/opt/ros/jazzy/opt/gz_transport_vendor:/opt/ros/jazzy/opt/gz_rendering_vendor:/opt/ros/jazzy/opt/gz_plugin_vendor:/opt/ros/jazzy/opt/gz_fuel_tools_vendor:/opt/ros/jazzy/opt/gz_msgs_vendor:/opt/ros/jazzy/opt/gz_common_vendor:/opt/ros/jazzy/opt/gz_math_vendor:/opt/ros/jazzy/opt/gz_utils_vendor:/opt/ros/jazzy/opt/gz_tools_vendor:/opt/ros/jazzy/opt/gz_ogre_next_vendor:/opt/ros/jazzy/opt/gz_dartsim_vendor:/opt/ros/jazzy/opt/gz_cmake_vendor:/opt/ros/jazzy /usr/bin/cmake --install /home/ubuntu/dev_ws/build/frame_listener
[47.862s] Level 1:colcon.colcon_core.environment:checking '/home/ubuntu/dev_ws/install/frame_listener' for CMake config files
[47.862s] Level 1:colcon.colcon_core.shell:create_environment_hook('frame_listener', 'cmake_prefix_path')
[47.863s] INFO:colcon.colcon_core.shell:Creating environment hook '/home/ubuntu/dev_ws/install/frame_listener/share/frame_listener/hook/cmake_prefix_path.ps1'
[47.865s] INFO:colcon.colcon_core.shell:Creating environment descriptor '/home/ubuntu/dev_ws/install/frame_listener/share/frame_listener/hook/cmake_prefix_path.dsv'
[47.866s] INFO:colcon.colcon_core.shell:Creating environment hook '/home/ubuntu/dev_ws/install/frame_listener/share/frame_listener/hook/cmake_prefix_path.sh'
[47.868s] Level 1:colcon.colcon_core.environment:checking '/home/ubuntu/dev_ws/install/frame_listener/lib'
[47.869s] Level 1:colcon.colcon_core.environment:checking '/home/ubuntu/dev_ws/install/frame_listener/bin'
[47.869s] Level 1:colcon.colcon_core.environment:checking '/home/ubuntu/dev_ws/install/frame_listener/lib/pkgconfig/frame_listener.pc'
[47.870s] Level 1:colcon.colcon_core.environment:checking '/home/ubuntu/dev_ws/install/frame_listener/lib/python3.12/site-packages'
[47.871s] Level 1:colcon.colcon_core.environment:checking '/home/ubuntu/dev_ws/install/frame_listener/bin'
[47.872s] INFO:colcon.colcon_core.shell:Creating package script '/home/ubuntu/dev_ws/install/frame_listener/share/frame_listener/package.ps1'
[47.873s] INFO:colcon.colcon_core.shell:Creating package descriptor '/home/ubuntu/dev_ws/install/frame_listener/share/frame_listener/package.dsv'
[47.875s] INFO:colcon.colcon_core.shell:Creating package script '/home/ubuntu/dev_ws/install/frame_listener/share/frame_listener/package.sh'
[47.876s] INFO:colcon.colcon_core.shell:Creating package script '/home/ubuntu/dev_ws/install/frame_listener/share/frame_listener/package.bash'
[47.877s] INFO:colcon.colcon_core.shell:Creating package script '/home/ubuntu/dev_ws/install/frame_listener/share/frame_listener/package.zsh'
[47.879s] Level 1:colcon.colcon_core.environment:create_file_with_runtime_dependencies(/home/ubuntu/dev_ws/install/frame_listener/share/colcon-core/packages/frame_listener)
[47.952s] Level 1:colcon.colcon_core.environment:create_environment_scripts_only(frame_listener)
[47.952s] Level 1:colcon.colcon_core.environment:checking '/home/ubuntu/dev_ws/install/frame_listener' for CMake module files
[47.954s] Level 1:colcon.colcon_core.environment:checking '/home/ubuntu/dev_ws/install/frame_listener' for CMake config files
[47.955s] Level 1:colcon.colcon_core.shell:create_environment_hook('frame_listener', 'cmake_prefix_path')
[47.956s] INFO:colcon.colcon_core.shell:Creating environment hook '/home/ubuntu/dev_ws/install/frame_listener/share/frame_listener/hook/cmake_prefix_path.ps1'
[47.957s] INFO:colcon.colcon_core.shell:Creating environment descriptor '/home/ubuntu/dev_ws/install/frame_listener/share/frame_listener/hook/cmake_prefix_path.dsv'
[47.958s] INFO:colcon.colcon_core.shell:Creating environment hook '/home/ubuntu/dev_ws/install/frame_listener/share/frame_listener/hook/cmake_prefix_path.sh'
[47.960s] Level 1:colcon.colcon_core.environment:checking '/home/ubuntu/dev_ws/install/frame_listener/lib'
[47.961s] Level 1:colcon.colcon_core.environment:checking '/home/ubuntu/dev_ws/install/frame_listener/bin'
[47.961s] Level 1:colcon.colcon_core.environment:checking '/home/ubuntu/dev_ws/install/frame_listener/lib/pkgconfig/frame_listener.pc'
[47.962s] Level 1:colcon.colcon_core.environment:checking '/home/ubuntu/dev_ws/install/frame_listener/lib/python3.12/site-packages'
[47.963s] Level 1:colcon.colcon_core.environment:checking '/home/ubuntu/dev_ws/install/frame_listener/bin'
[47.964s] INFO:colcon.colcon_core.shell:Creating package script '/home/ubuntu/dev_ws/install/frame_listener/share/frame_listener/package.ps1'
[47.966s] INFO:colcon.colcon_core.shell:Creating package descriptor '/home/ubuntu/dev_ws/install/frame_listener/share/frame_listener/package.dsv'
[47.967s] INFO:colcon.colcon_core.shell:Creating package script '/home/ubuntu/dev_ws/install/frame_listener/share/frame_listener/package.sh'
[47.969s] INFO:colcon.colcon_core.shell:Creating package script '/home/ubuntu/dev_ws/install/frame_listener/share/frame_listener/package.bash'
[47.970s] INFO:colcon.colcon_core.shell:Creating package script '/home/ubuntu/dev_ws/install/frame_listener/share/frame_listener/package.zsh'
[47.972s] Level 1:colcon.colcon_core.environment:create_file_with_runtime_dependencies(/home/ubuntu/dev_ws/install/frame_listener/share/colcon-core/packages/frame_listener)
[47.973s] DEBUG:colcon.colcon_parallel_executor.executor.parallel:closing loop
[47.973s] DEBUG:colcon.colcon_parallel_executor.executor.parallel:loop closed
[47.974s] DEBUG:colcon.colcon_parallel_executor.executor.parallel:run_until_complete finished with '0'
[47.974s] DEBUG:colcon.colcon_core.event_reactor:joining thread
[48.310s] INFO:colcon.colcon_core.plugin_system:Skipping extension 'colcon_notification.desktop_notification.notify_send': Could not find 'notify-send'
[48.310s] INFO:colcon.colcon_core.plugin_system:Skipping extension 'colcon_notification.desktop_notification.terminal_notifier': Not used on non-Darwin systems
[48.311s] INFO:colcon.colcon_core.plugin_system:Skipping extension 'colcon_notification.desktop_notification.win32': Not used on non-Windows systems
[48.311s] INFO:colcon.colcon_notification.desktop_notification:Sending desktop notification using 'notify2'
[48.314s] DEBUG:colcon.colcon_notification.desktop_notification.notify2:Failed to initialize notify2: org.freedesktop.DBus.Error.ServiceUnknown: The name org.freedesktop.Notifications was not provided by any .service files
[48.314s] DEBUG:colcon.colcon_core.event_reactor:joined thread
[48.315s] INFO:colcon.colcon_core.shell:Creating prefix script '/home/ubuntu/dev_ws/install/local_setup.ps1'
[48.317s] INFO:colcon.colcon_core.shell:Creating prefix util module '/home/ubuntu/dev_ws/install/_local_setup_util_ps1.py'
[48.319s] INFO:colcon.colcon_core.shell:Creating prefix chain script '/home/ubuntu/dev_ws/install/setup.ps1'
[48.320s] INFO:colcon.colcon_core.shell:Creating prefix script '/home/ubuntu/dev_ws/install/local_setup.sh'
[48.322s] INFO:colcon.colcon_core.shell:Creating prefix util module '/home/ubuntu/dev_ws/install/_local_setup_util_sh.py'
[48.322s] INFO:colcon.colcon_core.shell:Creating prefix chain script '/home/ubuntu/dev_ws/install/setup.sh'
[48.324s] INFO:colcon.colcon_core.shell:Creating prefix script '/home/ubuntu/dev_ws/install/local_setup.bash'
[48.325s] INFO:colcon.colcon_core.shell:Creating prefix chain script '/home/ubuntu/dev_ws/install/setup.bash'
[48.327s] INFO:colcon.colcon_core.shell:Creating prefix script '/home/ubuntu/dev_ws/install/local_setup.zsh'
[48.329s] INFO:colcon.colcon_core.shell:Creating prefix chain script '/home/ubuntu/dev_ws/install/setup.zsh'
